  TimeSec      LoaKbps LoaUsag Packets DlyUsec LoaDrps MetDrps TabDrps FloMods MetMods GroMods  PktsIn PktsOut FloEntr FloUsag MetEntr MetUsag GroEntr GroUsag BufPkts BufUsag  T0Entr  T0Usag
    1.000        0.000       0       0      34       0       0       0       4       0       0       0       0       3       0       0       0       0       0       0       0       3       0
    2.000     4509.856       0     373      66       0       0       0       7       0       0       0       0       8       0       0       0       0       0       0       0       8       0
    3.000    11119.616       0     918      88       0       0       0       8       0       0       0       0      15       0       0       0       0       0       0       0      15       0
    4.000    18287.264       0    1509      98       0       0       0      11       0       0       0       0      25       0       0       0       0       0       0       0      25       0
    5.000    24363.392       0    2010     114       0       0       0       8       0       0       0       0      34       0       0       0       0       0       0       0      34       0
    6.000    34308.352       0    2830     119       0       0       0       7       0       0       0       0      41       0       0       0       0       0       0       0      41       0
    7.000    41851.968       0    3452     119       0       0       0       9       0       0       0       0      50       0       0       0       0       0       0       0      50       0
    8.000    49783.680       0    4106     119       0       0       0      11       0       0       0       0      60       0       0       0       0       0       0       0      60       0
    9.000    63451.936       0    5233     137       0       0       0      12       0       0       0       0      72       0       0       0       0       0       0       0      72       0
   10.000    74876.512       0    6175     139       0       0       0      13       0       0       0       0      83       0       0       0       0       0       0       0      83       0
   11.000    90594.400       0    7471     139       0       0       0      11       0       0       0       0      96       0       0       0       0       0       0       0      96       0
   12.000   101618.752       0    8380     139       0       0       0       9       0       0       0       0     105       0       0       0       0       0       0       0     105       0
   13.000   113382.912       0    9350     140       0       0       0      14       0       0       0       0     116       0       0       0       0       0       0       0     116       0
   14.000   131162.560       0   10816     155       0       0       0      11       0       0       0       0     130       0       0       0       0       0       0       0     130       0
   15.000   140185.792       0   11560     159       0       0       0       5       0       0       0       0     137       0       0       0       0       0       0       0     137       0
   16.000   144091.008       0   11882     159       0       0       0       6       0       0       0       0     143       0       0       0       0       0       0       0     143       0
   17.000   151307.168       0   12477     159       0       0       0      11       0       0       0       0     149       0       0       0       0       0       0       0     149       0
   18.000   161155.104       0   13289     159       0       0       0      15       0       0       0       0     153       0       0       0       0       0       0       0     153       0
   19.000   176230.208       0   14532     160       0       0       0       6       0       0       0       0     153       0       0       0       0       0       0       0     153       0
   20.000   183858.720       0   15161     160       0       0       0      13       0       0       0       0     156       0       0       0       0       0       0       0     156       0
   21.000   193476.224       0   15954     160       0       0       0       7       0       0       0       0     157       0       0       0       0       0       0       0     157       0
   22.000   197975.712       0   16325     160       0       0       0      12       0       0       0       0     158       0       0       0       0       0       0       0     158       0
   23.000   203845.664       0   16809     160       0       0       0       7       0       0       0       0     157       0       0       0       0       0       0       0     157       0
   24.000   211122.464       0   17409     160       0       0       0      17       0       0       0       0     158       0       0       0       0       0       0       0     158       0
   25.000   222340.864       0   18334     160       0       0       0       7       0       0       0       0     159       0       0       0       0       0       0       0     159       0
   26.000   224257.088       0   18492     160       0       0       0       5       0       0       0       0     151       0       0       0       0       0       0       0     151       0
   27.000   232770.944       0   19194     160       0       0       0      10       0       0       0       0     149       0       0       0       0       0       0       0     149       0
   28.000   236457.856       0   19498     160       0       0       0      10       0       0       0       0     148       0       0       0       0       0       0       0     148       0
   29.000   239635.392       0   19760     160       0       0       0      11       0       0       0       0     145       0       0       0       0       0       0       0     145       0
   30.000   244086.368       0   20127     160       0       0       0       4       0       0       0       0     146       0       0       0       0       0       0       0     146       0
   31.000   249107.360       0   20541     160       0       0       0       7       0       0       0       0     146       0       0       0       0       0       0       0     146       0
   32.000   253133.856       0   20873     160       0       0       0       8       0       0       0       0     142       0       0       0       0       0       0       0     142       0
   33.000   259925.536       0   21433     160       0       0       0       7       0       0       0       0     139       0       0       0       0       0       0       0     139       0
   34.000   263333.504       0   21714     160       0       0       0       6       0       0       0       0     136       0       0       0       0       0       0       0     136       0
   35.000   262084.320       0   21611     160       0       0       0       8       0       0       0       0     132       0       0       0       0       0       0       0     132       0
   36.000   270185.824       0   22279     160       0       0       0       9       0       0       0       0     131       0       0       0       0       0       0       0     131       0
   37.000   278639.040       0   22976     150       0       0       0       6       0       0       0       0     129       0       0       0       0       0       0       0     129       0
   38.000   285103.264       0   23509     141       0       0       0       8       0       0       0       0     127       0       0       0       0       0       0       0     127       0
   39.000   296285.280       0   24431     140       0       0       0      10       0       0       0       0     123       0       0       0       0       0       0       0     123       0
   40.000   303004.192       0   24985     140       0       0       0       8       0       0       0       0     121       0       0       0       0       0       0       0     121       0
   41.000   302325.024       0   24929     140       0       0       0       8       0       0       0       0     123       0       0       0       0       0       0       0     123       0
   42.000   304956.800       0   25146     140       0       0       0       7       0       0       0       0     124       0       0       0       0       0       0       0     124       0
   43.000   306484.928       0   25272     140       0       0       0       7       0       0       0       0     120       0       0       0       0       0       0       0     120       0
   44.000   312439.776       0   25763     140       0       0       0      10       0       0       0       0     118       0       0       0       0       0       0       0     118       0
   45.000   314574.304       0   25939     140       0       0       0       4       0       0       0       0     118       0       0       0       0       0       0       0     118       0
   46.000   314744.096       0   25953     140       0       0       0       7       0       0       0       0     116       0       0       0       0       0       0       0     116       0
   47.000   322457.504       0   26589     140       0       0       0       5       0       0       0       0     117       0       0       0       0       0       0       0     117       0
   48.000   326108.032       0   26890     140       0       0       0       6       0       0       0       0     114       0       0       0       0       0       0       0     114       0
   49.000   329418.976       0   27163     140       0       0       0       8       0       0       0       0     115       0       0       0       0       0       0       0     115       0
   50.000   333845.696       0   27528     140       0       0       0       4       0       0       0       0     113       0       0       0       0       0       0       0     113       0
   51.000   334561.248       0   27587     140       0       0       0       5       0       0       0       0     110       0       0       0       0       0       0       0     110       0
   52.000   338187.520       0   27886     140       0       0       0      11       0       0       0       0     110       0       0       0       0       0       0       0     110       0
   53.000   339800.544       0   28019     140       0       0       0       7       0       0       0       0     110       0       0       0       0       0       0       0     110       0
   54.000   344069.600       0   28371     140       0       0       0       7       0       0       0       0     110       0       0       0       0       0       0       0     110       0
   55.000   341850.176       0   28188     140       0       0       0       7       0       0       0       0     107       0       0       0       0       0       0       0     107       0
   56.000   352583.456       0   29073     140       0       0       0      12       0       0       0       0     110       0       0       0       0       0       0       0     110       0
   57.000   351382.784       0   28974     140       0       0       0       5       0       0       0       0     109       0       0       0       0       0       0       0     109       0
   58.000   351079.584       0   28949     140       0       0       0       6       0       0       0       0     107       0       0       0       0       0       0       0     107       0
   59.000   358041.056       0   29523     140       0       0       0       9       0       0       0       0     107       0       0       0       0       0       0       0     107       0
   60.000   362722.464       0   29909     140       0       0       0       4       0       0       0       0     107       0       0       0       0       0       0       0     107       0
   61.000   361206.464       0   29784     140       0       0       0       2       0       0       0       0     105       0       0       0       0       0       0       0     105       0
   62.000   352862.400       0   29096     140       0       0       0       7       0       0       0       0     101       0       0       0       0       0       0       0     101       0
   63.000   347841.408       0   28682     140       0       0       0       4       0       0       0       0     103       0       0       0       0       0       0       0     103       0
   64.000   347744.384       0   28674     140       0       0       0       4       0       0       0       0      99       0       0       0       0       0       0       0      99       0
   65.000   351940.672       0   29020     140       0       0       0      11       0       0       0       0     103       0       0       0       0       0       0       0     103       0
   66.000   353286.880       0   29131     140       0       0       0       2       0       0       0       0     102       0       0       0       0       0       0       0     102       0
   67.000   357931.904       0   29514     140       0       0       0       8       0       0       0       0     100       0       0       0       0       0       0       0     100       0
   68.000   358999.168       0   29602     140       0       0       0       5       0       0       0       0      99       0       0       0       0       0       0       0      99       0
   69.000   364189.952       0   30030     140       0       0       0       6       0       0       0       0      96       0       0       0       0       0       0       0      96       0
   70.000   367804.096       0   30328     140       0       0       0       9       0       0       0       0      96       0       0       0       0       0       0       0      96       0
   71.000   379507.616       0   31293     140       0       0       0       7       0       0       0       0      93       0       0       0       0       0       0       0      93       0
   72.000   382139.392       0   31510     140       0       0       0       5       0       0       0       0      94       0       0       0       0       0       0       0      94       0
   73.000   379653.152       0   31305     140       0       0       0       7       0       0       0       0      95       0       0       0       0       0       0       0      95       0
   74.000   378064.384       0   31174     140       0       0       0       2       0       0       0       0      90       0       0       0       0       0       0       0      90       0
   75.000   378695.040       0   31226     140       0       0       0      11       0       0       0       0      92       0       0       0       0       0       0       0      92       0
   76.000   381678.528       0   31472     140       0       0       0       6       0       0       0       0      96       0       0       0       0       0       0       0      96       0
   77.000   385377.568       0   31777     140       0       0       0       7       0       0       0       0     100       0       0       0       0       0       0       0     100       0
   78.000   388167.008       0   32007     140       0       0       0       7       0       0       0       0     100       0       0       0       0       0       0       0     100       0
   79.000   390156.000       0   32171     140       0       0       0       6       0       0       0       0     103       0       0       0       0       0       0       0     103       0
   80.000   392751.392       0   32385     140       0       0       0       8       0       0       0       0     100       0       0       0       0       0       0       0     100       0
   81.000   392254.144       0   32344     140       0       0       0       7       0       0       0       0     103       0       0       0       0       0       0       0     103       0
   82.000   390774.528       0   32222     140       0       0       0       7       0       0       0       0     104       0       0       0       0       0       0       0     104       0
   83.000   394509.952       0   32530     140       0       0       0       5       0       0       0       0     104       0       0       0       0       0       0       0     104       0
   84.000   394776.768       0   32552     140       0       0       0       6       0       0       0       0     104       0       0       0       0       0       0       0     104       0
   85.000   398087.712       0   32825     140       0       0       0       8       0       0       0       0     104       0       0       0       0       0       0       0     104       0
   86.000   396802.144       0   32719     140       0       0       0       7       0       0       0       0     103       0       0       0       0       0       0       0     103       0
   87.000   394825.280       0   32556     140       0       0       0       7       0       0       0       0     104       0       0       0       0       0       0       0     104       0
   88.000   400974.176       0   33063     140       0       0       0       8       0       0       0       0     107       0       0       0       0       0       0       0     107       0
   89.000   395201.248       0   32587     140       0       0       0       7       0       0       0       0     108       0       0       0       0       0       0       0     108       0
   90.000   399045.824       0   32904     140       0       0       0      10       0       0       0       0     108       0       0       0       0       0       0       0     108       0
   91.000   399567.328       0   32947     140       0       0       0       4       0       0       0       0     108       0       0       0       0       0       0       0     108       0
   92.000   397105.344       0   32744     140       0       0       0       8       0       0       0       0     109       0       0       0       0       0       0       0     109       0
   93.000   400949.920       0   33061     140       0       0       0       7       0       0       0       0     108       0       0       0       0       0       0       0     108       0
   94.000   402587.200       0   33196     140       0       0       0       4       0       0       0       0     107       0       0       0       0       0       0       0     107       0
   95.000   401022.688       0   33067     140       0       0       0      11       0       0       0       0     107       0       0       0       0       0       0       0     107       0
   96.000   401568.448       0   33112     140       0       0       0       7       0       0       0       0     110       0       0       0       0       0       0       0     110       0
   97.000   400634.592       0   33035     140       0       0       0       9       0       0       0       0     111       0       0       0       0       0       0       0     111       0
   98.000   394473.568       0   32527     140       0       0       0       8       0       0       0       0     115       0       0       0       0       0       0       0     115       0
   99.000   396268.512       0   32675     140       0       0       0       6       0       0       0       0     115       0       0       0       0       0       0       0     115       0
  100.000   397178.112       0   32750     140       0       0       0      10       0       0       0       0     116       0       0       0       0       0       0       0     116       0
  101.000   396171.488       0   32667     140       0       0       0      10       0       0       0       0     118       0       0       0       0       0       0       0     118       0
  102.000   395856.160       0   32641     140       0       0       0       8       0       0       0       0     120       0       0       0       0       0       0       0     120       0
  103.000   388712.768       0   32052     140       0       0       0       5       0       0       0       0     118       0       0       0       0       0       0       0     118       0
  104.000   388433.824       0   32029     140       0       0       0      12       0       0       0       0     121       0       0       0       0       0       0       0     121       0
  105.000   391393.056       0   32273     140       0       0       0       6       0       0       0       0     121       0       0       0       0       0       0       0     121       0
  106.000   391065.600       0   32246     140       0       0       0       7       0       0       0       0     121       0       0       0       0       0       0       0     121       0
  107.000   388167.008       0   32007     140       0       0       0       8       0       0       0       0     122       0       0       0       0       0       0       0     122       0
  108.000   396050.208       0   32657     140       0       0       0       8       0       0       0       0     124       0       0       0       0       0       0       0     124       0
  109.000   396086.592       0   32660     140       0       0       0       9       0       0       0       0     126       0       0       0       0       0       0       0     126       0
  110.000   391720.512       0   32300     143       0       0       0      10       0       0       0       0     128       0       0       0       0       0       0       0     128       0
  111.000   396935.552       0   32730     141       0       0       0       7       0       0       0       0     127       0       0       0       0       0       0       0     127       0
  112.000   395819.776       0   32638     146       0       0       0       8       0       0       0       0     128       0       0       0       0       0       0       0     128       0
  113.000   395637.856       0   32623     140       0       0       0       7       0       0       0       0     125       0       0       0       0       0       0       0     125       0
  114.000   399494.560       0   32941     140       0       0       0       6       0       0       0       0     126       0       0       0       0       0       0       0     126       0
  115.000   401059.072       0   33070     140       0       0       0      10       0       0       0       0     125       0       0       0       0       0       0       0     125       0
  116.000   391453.696       0   32278     140       0       0       0       6       0       0       0       0     125       0       0       0       0       0       0       0     125       0
  117.000   389852.800       0   32146     140       0       0       0       8       0       0       0       0     122       0       0       0       0       0       0       0     122       0
  118.000   395540.832       0   32615     144       0       0       0      15       0       0       0       0     127       0       0       0       0       0       0       0     127       0
  119.000   404127.456       0   33323     143       0       0       0       8       0       0       0       0     128       0       0       0       0       0       0       0     128       0
  120.000   409997.408       0   33807     145       0       0       0       7       0       0       0       0     128       0       0       0       0       0       0       0     128       0
  121.000   416752.704       0   34364     142       0       0       0       5       0       0       0       0     127       0       0       0       0       0       0       0     127       0
  122.000   420948.992       0   34710     140       0       0       0       8       0       0       0       0     127       0       0       0       0       0       0       0     127       0
  123.000   418317.216       0   34493     140       0       0       0       7       0       0       0       0     125       0       0       0       0       0       0       0     125       0
  124.000   420306.208       0   34657     140       0       0       0       7       0       0       0       0     124       0       0       0       0       0       0       0     124       0
  125.000   419699.808       0   34607     140       0       0       0      10       0       0       0       0     123       0       0       0       0       0       0       0     123       0
  126.000   413866.240       0   34126     140       0       0       0       4       0       0       0       0     121       0       0       0       0       0       0       0     121       0
  127.000   406104.320       0   33486     140       0       0       0       5       0       0       0       0     119       0       0       0       0       0       0       0     119       0
  128.000   405619.200       0   33446     140       0       0       0       5       0       0       0       0     117       0       0       0       0       0       0       0     117       0
  129.000   404685.344       0   33369     140       0       0       0       4       0       0       0       0     113       0       0       0       0       0       0       0     113       0
  130.000   413211.328       0   34072     140       0       0       0      10       0       0       0       0     114       0       0       0       0       0       0       0     114       0
  131.000   415685.440       0   34276     140       0       0       0       9       0       0       0       0     115       0       0       0       0       0       0       0     115       0
  132.000   415163.936       0   34233     140       0       0       0       7       0       0       0       0     115       0       0       0       0       0       0       0     115       0
  133.000   412034.912       0   33975     140       0       0       0       8       0       0       0       0     113       0       0       0       0       0       0       0     113       0
  134.000   417080.160       0   34391     140       0       0       0      10       0       0       0       0     111       0       0       0       0       0       0       0     111       0
  135.000   422428.608       0   34832     140       0       0       0       6       0       0       0       0     110       0       0       0       0       0       0       0     110       0
  136.000   419748.320       0   34611     140       0       0       0       6       0       0       0       0     110       0       0       0       0       0       0       0     110       0
  137.000   412192.576       0   33988     140       0       0       0       7       0       0       0       0     108       0       0       0       0       0       0       0     108       0
  138.000   414593.920       0   34186     140       0       0       0       9       0       0       0       0     110       0       0       0       0       0       0       0     110       0
  139.000   419651.296       0   34603     140       0       0       0       6       0       0       0       0     110       0       0       0       0       0       0       0     110       0
  140.000   409488.032       0   33765     140       0       0       0       8       0       0       0       0     109       0       0       0       0       0       0       0     109       0
  141.000   415455.008       0   34257     140       0       0       0       7       0       0       0       0     109       0       0       0       0       0       0       0     109       0
  142.000   422683.296       0   34853     140       0       0       0      11       0       0       0       0     114       0       0       0       0       0       0       0     114       0
  143.000   424793.568       0   35027     140       0       0       0       6       0       0       0       0     116       0       0       0       0       0       0       0     116       0
  144.000   422950.112       0   34875     140       0       0       0       9       0       0       0       0     120       0       0       0       0       0       0       0     120       0
  145.000   411307.232       0   33915     140       0       0       0       7       0       0       0       0     119       0       0       0       0       0       0       0     119       0
  146.000   408748.224       0   33704     140       0       0       0       8       0       0       0       0     119       0       0       0       0       0       0       0     119       0
  147.000   407668.832       0   33615     140       0       0       0       7       0       0       0       0     119       0       0       0       0       0       0       0     119       0
  148.000   404636.832       0   33365     140       0       0       0       3       0       0       0       0     114       0       0       0       0       0       0       0     114       0
  149.000   401750.368       0   33127     140       0       0       0       9       0       0       0       0     113       0       0       0       0       0       0       0     113       0
  150.000   402368.896       0   33178     140       0       0       0       8       0       0       0       0     114       0       0       0       0       0       0       0     114       0
  151.000   399943.296       0   32978     140       0       0       0       5       0       0       0       0     115       0       0       0       0       0       0       0     115       0
  152.000   404927.904       0   33389     140       0       0       0      10       0       0       0       0     116       0       0       0       0       0       0       0     116       0
  153.000   399421.792       0   32935     140       0       0       0       7       0       0       0       0     116       0       0       0       0       0       0       0     116       0
  154.000   395795.520       0   32636     140       0       0       0       4       0       0       0       0     114       0       0       0       0       0       0       0     114       0
  155.000   394061.216       0   32493     140       0       0       0       8       0       0       0       0     113       0       0       0       0       0       0       0     113       0
  156.000   397663.232       0   32790     140       0       0       0       6       0       0       0       0     112       0       0       0       0       0       0       0     112       0
  157.000   397105.344       0   32744     140       0       0       0       7       0       0       0       0     108       0       0       0       0       0       0       0     108       0
  158.000   401398.656       0   33098     140       0       0       0       9       0       0       0       0     109       0       0       0       0       0       0       0     109       0
  159.000   410458.272       0   33845     140       0       0       0       8       0       0       0       0     112       0       0       0       0       0       0       0     112       0
  160.000   408505.664       0   33684     140       0       0       0       7       0       0       0       0     112       0       0       0       0       0       0       0     112       0
  161.000   417310.592       0   34410     140       0       0       0       8       0       0       0       0     110       0       0       0       0       0       0       0     110       0
  162.000   419335.968       0   34577     140       0       0       0       8       0       0       0       0     111       0       0       0       0       0       0       0     111       0
  163.000   412083.424       0   33979     140       0       0       0       4       0       0       0       0     111       0       0       0       0       0       0       0     111       0
  164.000   410955.520       0   33886     140       0       0       0       7       0       0       0       0     111       0       0       0       0       0       0       0     111       0
  165.000   408517.792       0   33685     140       0       0       0      10       0       0       0       0     110       0       0       0       0       0       0       0     110       0
  166.000   411380.000       0   33921     140       0       0       0       7       0       0       0       0     113       0       0       0       0       0       0       0     113       0
  167.000   404551.936       0   33358     140       0       0       0       4       0       0       0       0     112       0       0       0       0       0       0       0     112       0
  168.000   402284.000       0   33171     140       0       0       0      11       0       0       0       0     112       0       0       0       0       0       0       0     112       0
  169.000   398512.192       0   32860     140       0       0       0       4       0       0       0       0     113       0       0       0       0       0       0       0     113       0
  170.000   404163.840       0   33326     140       0       0       0       9       0       0       0       0     114       0       0       0       0       0       0       0     114       0
  171.000   403048.064       0   33234     140       0       0       0       8       0       0       0       0     114       0       0       0       0       0       0       0     114       0
  172.000   399264.128       0   32922     140       0       0       0       7       0       0       0       0     116       0       0       0       0       0       0       0     116       0
  173.000   393309.280       0   32431     140       0       0       0       4       0       0       0       0     113       0       0       0       0       0       0       0     113       0
  174.000   392593.728       0   32372     140       0       0       0       7       0       0       0       0     110       0       0       0       0       0       0       0     110       0
  175.000   390677.504       0   32214     140       0       0       0       6       0       0       0       0     108       0       0       0       0       0       0       0     108       0
  176.000   386796.544       0   31894     140       0       0       0       5       0       0       0       0     107       0       0       0       0       0       0       0     107       0
  177.000   389476.832       0   32115     140       0       0       0       9       0       0       0       0     106       0       0       0       0       0       0       0     106       0
  178.000   391223.264       0   32259     140       0       0       0       5       0       0       0       0     109       0       0       0       0       0       0       0     109       0
  179.000   387742.528       0   31972     140       0       0       0       7       0       0       0       0     107       0       0       0       0       0       0       0     107       0
  180.000   387936.576       0   31988     140       0       0       0      11       0       0       0       0     109       0       0       0       0       0       0       0     109       0
  181.000   390046.848       0   32162     140       0       0       0       7       0       0       0       0     107       0       0       0       0       0       0       0     107       0
  182.000   396074.464       0   32659     140       0       0       0       7       0       0       0       0     108       0       0       0       0       0       0       0     108       0
  183.000   405861.760       0   33466     140       0       0       0       7       0       0       0       0     107       0       0       0       0       0       0       0     107       0
  184.000   409136.320       0   33736     140       0       0       0       6       0       0       0       0     108       0       0       0       0       0       0       0     108       0
  185.000   406613.696       0   33528     140       0       0       0       7       0       0       0       0     106       0       0       0       0       0       0       0     106       0
  186.000   405473.664       0   33434     140       0       0       0       5       0       0       0       0     107       0       0       0       0       0       0       0     107       0
  187.000   408772.480       0   33706     140       0       0       0       8       0       0       0       0     105       0       0       0       0       0       0       0     105       0
  188.000   410603.808       0   33857     140       0       0       0       7       0       0       0       0     106       0       0       0       0       0       0       0     106       0
  189.000   409330.368       0   33752     140       0       0       0       8       0       0       0       0     108       0       0       0       0       0       0       0     108       0
  190.000   404576.192       0   33360     140       0       0       0       7       0       0       0       0     110       0       0       0       0       0       0       0     110       0
  191.000   402611.456       0   33198     140       0       0       0       4       0       0       0       0     109       0       0       0       0       0       0       0     109       0
  192.000   401447.168       0   33102     140       0       0       0       7       0       0       0       0     107       0       0       0       0       0       0       0     107       0
  193.000   402587.200       0   33196     140       0       0       0       9       0       0       0       0     108       0       0       0       0       0       0       0     108       0
  194.000   402126.336       0   33158     140       0       0       0       5       0       0       0       0     109       0       0       0       0       0       0       0     109       0
  195.000   408238.848       0   33662     140       0       0       0      11       0       0       0       0     109       0       0       0       0       0       0       0     109       0
  196.000   408918.016       0   33718     140       0       0       0       8       0       0       0       0     110       0       0       0       0       0       0       0     110       0
  197.000   409245.472       0   33745     140       0       0       0       6       0       0       0       0     111       0       0       0       0       0       0       0     111       0
  198.000   403484.672       0   33270     140       0       0       0       7       0       0       0       0     109       0       0       0       0       0       0       0     109       0
  199.000   399421.792       0   32935     140       0       0       0       5       0       0       0       0     109       0       0       0       0       0       0       0     109       0
  200.000   395128.480       0   32581     140       0       0       0       9       0       0       0       0     109       0       0       0       0       0       0       0     109       0
  201.000   398027.072       0   32820     140       0       0       0       6       0       0       0       0     109       0       0       0       0       0       0       0     109       0
  202.000   400974.176       0   33063     140       0       0       0       5       0       0       0       0     109       0       0       0       0       0       0       0     109       0
  203.000   397323.648       0   32762     140       0       0       0       7       0       0       0       0     107       0       0       0       0       0       0       0     107       0
  204.000   398548.576       0   32863     140       0       0       0       9       0       0       0       0     108       0       0       0       0       0       0       0     108       0
  205.000   400113.088       0   32992     140       0       0       0       9       0       0       0       0     110       0       0       0       0       0       0       0     110       0
  206.000   396147.232       0   32665     140       0       0       0       7       0       0       0       0     112       0       0       0       0       0       0       0     112       0
  207.000   391271.776       0   32263     140       0       0       0       7       0       0       0       0     113       0       0       0       0       0       0       0     113       0
  208.000   394497.824       0   32529     140       0       0       0       8       0       0       0       0     113       0       0       0       0       0       0       0     113       0
  209.000   403266.368       0   33252     140       0       0       0       9       0       0       0       0     116       0       0       0       0       0       0       0     116       0
  210.000   410203.584       0   33824     140       0       0       0       8       0       0       0       0     115       0       0       0       0       0       0       0     115       0
  211.000   411173.824       0   33904     140       0       0       0       8       0       0       0       0     114       0       0       0       0       0       0       0     114       0
  212.000   408166.080       0   33656     140       0       0       0       4       0       0       0       0     113       0       0       0       0       0       0       0     113       0
  213.000   409803.360       0   33791     140       0       0       0       8       0       0       0       0     112       0       0       0       0       0       0       0     112       0
  214.000   415163.936       0   34233     140       0       0       0       9       0       0       0       0     114       0       0       0       0       0       0       0     114       0
  215.000   411501.280       0   33931     140       0       0       0       7       0       0       0       0     114       0       0       0       0       0       0       0     114       0
  216.000   409063.552       0   33730     140       0       0       0       6       0       0       0       0     115       0       0       0       0       0       0       0     115       0
  217.000   407268.608       0   33582     140       0       0       0       4       0       0       0       0     115       0       0       0       0       0       0       0     115       0
  218.000   402029.312       0   33150     140       0       0       0       8       0       0       0       0     117       0       0       0       0       0       0       0     117       0
  219.000   398111.968       0   32827     140       0       0       0       8       0       0       0       0     115       0       0       0       0       0       0       0     115       0
  220.000   401277.376       0   33088     140       0       0       0       6       0       0       0       0     113       0       0       0       0       0       0       0     113       0
  221.000   406019.424       0   33479     140       0       0       0       6       0       0       0       0     111       0       0       0       0       0       0       0     111       0
  222.000   413611.552       0   34105     140       0       0       0       8       0       0       0       0     112       0       0       0       0       0       0       0     112       0
  223.000   416000.768       0   34302     140       0       0       0       9       0       0       0       0     111       0       0       0       0       0       0       0     111       0
  224.000   416946.752       0   34380     140       0       0       0       6       0       0       0       0     109       0       0       0       0       0       0       0     109       0
  225.000   411561.920       0   33936     140       0       0       0       4       0       0       0       0     106       0       0       0       0       0       0       0     106       0
  226.000   412423.008       0   34007     140       0       0       0      10       0       0       0       0     107       0       0       0       0       0       0       0     107       0
  227.000   404988.544       0   33394     140       0       0       0       8       0       0       0       0     108       0       0       0       0       0       0       0     108       0
  228.000   403060.192       0   33235     140       0       0       0       4       0       0       0       0     109       0       0       0       0       0       0       0     109       0
  229.000   394485.696       0   32528     140       0       0       0       4       0       0       0       0     104       0       0       0       0       0       0       0     104       0
  230.000   392460.320       0   32361     140       0       0       0       8       0       0       0       0     105       0       0       0       0       0       0       0     105       0
  231.000   394934.432       0   32565     140       0       0       0       8       0       0       0       0     105       0       0       0       0       0       0       0     105       0
  232.000   396207.872       0   32670     140       0       0       0       7       0       0       0       0     105       0       0       0       0       0       0       0     105       0
  233.000   395201.248       0   32587     140       0       0       0       7       0       0       0       0     107       0       0       0       0       0       0       0     107       0
  234.000   395941.056       0   32648     140       0       0       0       8       0       0       0       0     107       0       0       0       0       0       0       0     107       0
  235.000   399737.120       0   32961     140       0       0       0       7       0       0       0       0     107       0       0       0       0       0       0       0     107       0
  236.000   398997.312       0   32900     140       0       0       0      10       0       0       0       0     110       0       0       0       0       0       0       0     110       0
  237.000   404879.392       0   33385     140       0       0       0       8       0       0       0       0     111       0       0       0       0       0       0       0     111       0
  238.000   406007.296       0   33478     140       0       0       0       8       0       0       0       0     112       0       0       0       0       0       0       0     112       0
  239.000   401859.520       0   33136     140       0       0       0       5       0       0       0       0     112       0       0       0       0       0       0       0     112       0
  240.000   402211.232       0   33165     140       0       0       0       6       0       0       0       0     112       0       0       0       0       0       0       0     112       0
  241.000   405231.104       0   33414     140       0       0       0       7       0       0       0       0     110       0       0       0       0       0       0       0     110       0
  242.000   402659.968       0   33202     140       0       0       0       9       0       0       0       0     111       0       0       0       0       0       0       0     111       0
  243.000   407523.296       0   33603     140       0       0       0      11       0       0       0       0     115       0       0       0       0       0       0       0     115       0
  244.000   405449.408       0   33432     140       0       0       0       8       0       0       0       0     119       0       0       0       0       0       0       0     119       0
  245.000   408918.016       0   33718     140       0       0       0       6       0       0       0       0     120       0       0       0       0       0       0       0     120       0
  246.000   406080.064       0   33484     140       0       0       0       4       0       0       0       0     117       0       0       0       0       0       0       0     117       0
  247.000   398766.880       0   32881     140       0       0       0       7       0       0       0       0     117       0       0       0       0       0       0       0     117       0
  248.000   397493.440       0   32776     140       0       0       0       7       0       0       0       0     114       0       0       0       0       0       0       0     114       0
  249.000   396656.608       0   32707     140       0       0       0       4       0       0       0       0     113       0       0       0       0       0       0       0     113       0
  250.000   396013.824       0   32654     140       0       0       0       7       0       0       0       0     111       0       0       0       0       0       0       0     111       0
  251.000   404078.944       0   33319     140       0       0       0      11       0       0       0       0     112       0       0       0       0       0       0       0     112       0
  252.000   415151.808       0   34232     140       0       0       0       6       0       0       0       0     112       0       0       0       0       0       0       0     112       0
  253.000   415103.296       0   34228     140       0       0       0       8       0       0       0       0     111       0       0       0       0       0       0       0     111       0
  254.000   418644.672       0   34520     140       0       0       0      10       0       0       0       0     114       0       0       0       0       0       0       0     114       0
  255.000   412847.488       0   34042     140       0       0       0       7       0       0       0       0     116       0       0       0       0       0       0       0     116       0
  256.000   422962.240       0   34876     140       0       0       0       9       0       0       0       0     118       0       0       0       0       0       0       0     118       0
  257.000   428128.768       0   35302     140       0       0       0       9       0       0       0       0     118       0       0       0       0       0       0       0     118       0
  258.000   430809.056       0   35523     140       0       0       0       5       0       0       0       0     113       0       0       0       0       0       0       0     113       0
  259.000   428456.224       0   35329     140       0       0       0       7       0       0       0       0     111       0       0       0       0       0       0       0     111       0
  260.000   429365.824       0   35404     140       0       0       0       7       0       0       0       0     111       0       0       0       0       0       0       0     111       0
  261.000   428359.200       0   35321     140       0       0       0      10       0       0       0       0     114       0       0       0       0       0       0       0     114       0
  262.000   434120.000       0   35796     140       0       0       0       6       0       0       0       0     117       0       0       0       0       0       0       0     117       0
  263.000   425715.296       0   35103     140       0       0       0       7       0       0       0       0     117       0       0       0       0       0       0       0     117       0
  264.000   426770.432       0   35190     140       0       0       0       8       0       0       0       0     119       0       0       0       0       0       0       0     119       0
  265.000   424065.888       0   34967     140       0       0       0       3       0       0       0       0     118       0       0       0       0       0       0       0     118       0
  266.000   420851.968       0   34702     140       0       0       0       8       0       0       0       0     115       0       0       0       0       0       0       0     115       0
  267.000   423180.544       0   34894     140       0       0       0       7       0       0       0       0     113       0       0       0       0       0       0       0     113       0
  268.000   416631.424       0   34354     140       0       0       0       4       0       0       0       0     112       0       0       0       0       0       0       0     112       0
  269.000   409961.024       0   33804     140       0       0       0       5       0       0       0       0     107       0       0       0       0       0       0       0     107       0
  270.000   407887.136       0   33633     140       0       0       0       8       0       0       0       0     107       0       0       0       0       0       0       0     107       0
  271.000   412265.344       0   33994     140       0       0       0       7       0       0       0       0     106       0       0       0       0       0       0       0     106       0
  272.000   410712.960       0   33866     140       0       0       0       6       0       0       0       0     104       0       0       0       0       0       0       0     104       0
  273.000   409973.152       0   33805     140       0       0       0       6       0       0       0       0     104       0       0       0       0       0       0       0     104       0
  274.000   409184.832       0   33740     140       0       0       0       3       0       0       0       0     102       0       0       0       0       0       0       0     102       0
  275.000   406736.736       0   33537     140       0       0       0       9       0       0       0       0     102       0       0       0       0       0       0       0     102       0
