  TimeSec      LoaKbps LoaUsag Packets DlyUsec LoaDrps MetDrps TabDrps FloMods MetMods GroMods  PktsIn PktsOut FloEntr FloUsag MetEntr MetUsag GroEntr GroUsag BufPkts BufUsag  T0Entr  T0Usag
    1.000        0.000       0       0      69       0       0       0       9       0       0       0       0       8       0       0       0       0       0       0       0       8       0
    2.000     3430.464       0     284      78       0       0       0       3       0       0       3       3      10       0       0       0       0       0       0       0      10       0
    3.000    10246.400       0     846      79       0       0       0       3       0       0       3       3      14       0       0       0       0       0       0       0      14       0
    4.000    14151.616       0    1168      83       0       0       0       3       0       0       3       3      16       0       0       0       0       0       0       0      16       0
    5.000    19888.160       0    1641      98       0       0       0       0       0       0       0       0      18       0       0       0       0       0       0       0      18       0
    6.000    23975.296       0    1978      99       0       0       0       8       0       0       8       8      24       0       0       0       0       0       0       0      24       0
    7.000    28329.248       0    2337      99       0       0       0       4       0       0       4       4      28       0       0       0       0       0       0       0      28       0
    8.000    37461.632       0    3090     115       0       0       0       5       0       0       5       5      33       0       0       0       0       0       0       0      33       0
    9.000    47067.008       0    3882     119       0       0       0       3       0       0       3       3      37       0       0       0       0       0       0       0      37       0
   10.000    53167.392       0    4385     119       0       0       0       6       0       0       6       6      41       0       0       0       0       0       0       0      41       0
   11.000    61584.224       0    5079     119       0       0       0       3       0       0       3       3      45       0       0       0       0       0       0       0      45       0
   12.000    64118.976       0    5288     119       0       0       0      59       0       0       0       0      47       0       0       0       0       0       0       0      47       0
   13.000    68885.280       0    5681     120       0       0       0       1       0       0       1       1      48       0       0       0       0       0       0       0      48       0
   14.000    71262.368       0    5877     120       0       0       0       1       0       0       1       1      48       0       0       0       0       0       0       0      48       0
   15.000    79812.608       0    6582     120       0       0       0       6       0       0       6       6      52       0       0       0       0       0       0       0      52       0
   16.000    84772.960       0    6991     120       0       0       0       0       0       0       0       0      55       0       0       0       0       0       0       0      55       0
   17.000    84494.016       0    6968     120       0       0       0       2       0       0       2       2      56       0       0       0       0       0       0       0      56       0
   18.000    87792.832       0    7240     120       0       0       0       2       0       0       2       2      58       0       0       0       0       0       0       0      58       0
   19.000    87137.920       0    7186     120       0       0       0       1       0       0       1       1      60       0       0       0       0       0       0       0      60       0
   20.000    89915.232       0    7415     120       0       0       0       3       0       0       3       3      62       0       0       0       0       0       0       0      62       0
   21.000    98295.680       0    8106     136       0       0       0       5       0       0       5       5      66       0       0       0       0       0       0       0      66       0
   22.000   105693.760       0    8716     139       0       0       0      45       0       0       1       1      68       0       0       0       0       0       0       0      68       0
   23.000   109223.008       0    9007     139       0       0       0       1       0       0       1       1      70       0       0       0       0       0       0       0      70       0
   24.000   117409.408       0    9682     139       0       0       0       4       0       0       4       4      72       0       0       0       0       0       0       0      72       0
   25.000   125159.200       0   10321     140       0       0       0       1       0       0       1       1      74       0       0       0       0       0       0       0      74       0
   26.000   131162.560       0   10816     140       0       0       0       4       0       0       4       4      77       0       0       0       0       0       0       0      77       0
   27.000   138293.824       0   11404     140       0       0       0       2       0       0       2       2      80       0       0       0       0       0       0       0      80       0
   28.000   139664.288       0   11517     140       0       0       0       2       0       0       2       2      82       0       0       0       0       0       0       0      82       0
   29.000   145388.704       0   11989     140       0       0       0       4       0       0       4       4      85       0       0       0       0       0       0       0      85       0
   30.000   150045.856       0   12373     140       0       0       0       3       0       0       3       3      88       0       0       0       0       0       0       0      88       0
   31.000   152714.016       0   12593     140       0       0       0       1       0       0       1       1      88       0       0       0       0       0       0       0      88       0
   32.000   157152.864       0   12959     140       0       0       0      54       0       0       1       1      87       0       0       0       0       0       0       0      87       0
   33.000   163993.056       0   13523     140       0       0       0       2       0       0       2       2      88       0       0       0       0       0       0       0      88       0
   34.000   166382.272       0   13720     140       0       0       0       2       0       0       2       2      88       0       0       0       0       0       0       0      88       0
   35.000   170457.280       0   14056     140       0       0       0       2       0       0       2       2      90       0       0       0       0       0       0       0      90       0
   36.000   181214.816       0   14943     140       0       0       0       4       0       0       4       4      93       0       0       0       0       0       0       0      93       0
   37.000   186393.472       0   15370     140       0       0       0       3       0       0       3       3      96       0       0       0       0       0       0       0      96       0
   38.000   188928.224       0   15579     140       0       0       0       2       0       0       2       2      99       0       0       0       0       0       0       0      99       0
   39.000   188770.560       0   15566     140       0       0       0       2       0       0       2       2     100       0       0       0       0       0       0       0     100       0
   40.000   192809.184       0   15899     140       0       0       0       3       0       0       3       3     101       0       0       0       0       0       0       0     101       0
   41.000   193391.328       0   15947     140       0       0       0       2       0       0       2       2     102       0       0       0       0       0       0       0     102       0
   42.000   196859.936       0   16233     140       0       0       0      52       0       0       1       1     104       0       0       0       0       0       0       0     104       0
   43.000   193403.456       0   15948     140       0       0       0       3       0       0       3       3     106       0       0       0       0       0       0       0     106       0
   44.000   196435.456       0   16198     140       0       0       0       6       0       0       6       6     109       0       0       0       0       0       0       0     109       0
   45.000   206198.496       0   17003     140       0       0       0       0       0       0       0       0     111       0       0       0       0       0       0       0     111       0
   46.000   209254.752       0   17255     140       0       0       0       1       0       0       1       1     110       0       0       0       0       0       0       0     110       0
   47.000   215136.832       0   17740     140       0       0       0       5       0       0       5       5     114       0       0       0       0       0       0       0     114       0
   48.000   220206.336       0   18158     140       0       0       0       2       0       0       2       2     117       0       0       0       0       0       0       0     117       0
   49.000   220376.128       0   18172     140       0       0       0       0       0       0       0       0     118       0       0       0       0       0       0       0     118       0
   50.000   226622.048       0   18687     140       0       0       0       3       0       0       3       3     120       0       0       0       0       0       0       0     120       0
   51.000   226052.032       0   18640     140       0       0       0       0       0       0       0       0     120       0       0       0       0       0       0       0     120       0
   52.000   222728.960       0   18366     140       0       0       0      11       0       0       1       1     120       0       0       0       0       0       0       0     120       0
   53.000   222025.536       0   18308     140       0       0       0       1       0       0       1       1     120       0       0       0       0       0       0       0     120       0
   54.000   225081.792       0   18560     140       0       0       0       1       0       0       1       1     120       0       0       0       0       0       0       0     120       0
   55.000   229447.872       0   18920     140       0       0       0       1       0       0       1       1     119       0       0       0       0       0       0       0     119       0
   56.000   233146.912       0   19225     140       0       0       0       1       0       0       1       1     120       0       0       0       0       0       0       0     120       0
   57.000   235232.928       0   19397     140       0       0       0       2       0       0       2       2     120       0       0       0       0       0       0       0     120       0
   58.000   237549.376       0   19588     140       0       0       0       3       0       0       3       3     122       0       0       0       0       0       0       0     122       0
   59.000   236882.336       0   19533     140       0       0       0       2       0       0       2       2     122       0       0       0       0       0       0       0     122       0
   60.000   237864.704       0   19614     140       0       0       0       1       0       0       1       1     124       0       0       0       0       0       0       0     124       0
   61.000   238180.032       0   19640     140       0       0       0       2       0       0       2       2     125       0       0       0       0       0       0       0     125       0
   62.000   239514.112       0   19750     140       0       0       0      21       0       0       2       2     127       0       0       0       0       0       0       0     127       0
   63.000   240508.608       0   19832     157       0       0       0       5       0       0       5       5     131       0       0       0       0       0       0       0     131       0
   64.000   236397.216       0   19493     159       0       0       0       1       0       0       1       1     130       0       0       0       0       0       0       0     130       0
   65.000   236773.184       0   19524     159       0       0       0       0       0       0       0       0     130       0       0       0       0       0       0       0     130       0
   66.000   240666.272       0   19845     159       0       0       0       3       0       0       3       3     131       0       0       0       0       0       0       0     131       0
   67.000   243528.480       0   20081     160       0       0       0       2       0       0       2       2     131       0       0       0       0       0       0       0     131       0
   68.000   245262.784       0   20224     150       0       0       0       1       0       0       1       1     129       0       0       0       0       0       0       0     129       0
   69.000   249459.072       0   20570     143       0       0       0       2       0       0       2       2     128       0       0       0       0       0       0       0     128       0
   70.000   245638.752       0   20255     140       0       0       0       0       0       0       0       0     128       0       0       0       0       0       0       0     128       0
   71.000   245177.888       0   20217     155       0       0       0       4       0       0       4       4     129       0       0       0       0       0       0       0     129       0
   72.000   250514.208       0   20657     159       0       0       0      31       0       0       2       2     132       0       0       0       0       0       0       0     132       0
   73.000   256275.008       0   21132     159       0       0       0       3       0       0       3       3     131       0       0       0       0       0       0       0     131       0
   74.000   260374.272       0   21470     159       0       0       0       4       0       0       4       4     133       0       0       0       0       0       0       0     133       0
   75.000   260859.392       0   21510     159       0       0       0       0       0       0       0       0     136       0       0       0       0       0       0       0     136       0
   76.000   257524.192       0   21235     160       0       0       0       0       0       0       0       0     135       0       0       0       0       0       0       0     135       0
   77.000   258094.208       0   21282     160       0       0       0       1       0       0       1       1     136       0       0       0       0       0       0       0     136       0
   78.000   257633.344       0   21244     160       0       0       0       2       0       0       2       2     135       0       0       0       0       0       0       0     135       0
   79.000   252588.096       0   20828     160       0       0       0       7       0       0       7       7     135       0       0       0       0       0       0       0     135       0
   80.000   256311.392       0   21135     160       0       0       0       2       0       0       2       2     138       0       0       0       0       0       0       0     138       0
   81.000   256044.576       0   21113     160       0       0       0       1       0       0       1       1     139       0       0       0       0       0       0       0     139       0
   82.000   250489.952       0   20655     160       0       0       0      19       0       0       1       1     139       0       0       0       0       0       0       0     139       0
   83.000   251241.888       0   20717     160       0       0       0       3       0       0       3       3     140       0       0       0       0       0       0       0     140       0
   84.000   256262.880       0   21131     160       0       0       0       2       0       0       2       2     142       0       0       0       0       0       0       0     142       0
   85.000   259222.112       0   21375     160       0       0       0       2       0       0       2       2     142       0       0       0       0       0       0       0     142       0
   86.000   266547.424       0   21979     160       0       0       0       4       0       0       4       4     146       0       0       0       0       0       0       0     146       0
   87.000   269324.736       0   22208     160       0       0       0       4       0       0       4       4     149       0       0       0       0       0       0       0     149       0
   88.000   268439.392       0   22135     160       0       0       0       1       0       0       1       1     152       0       0       0       0       0       0       0     152       0
   89.000   270792.224       0   22329     160       0       0       0       5       0       0       5       5     153       0       0       0       0       0       0       0     153       0
   90.000   274952.128       0   22672     160       0       0       0       2       0       0       2       2     154       0       0       0       0       0       0       0     154       0
   91.000   269943.264       0   22259     160       0       0       0       2       0       0       2       2     155       0       0       0       0       0       0       0     155       0
   92.000   268014.912       0   22100     160       0       0       0      23       0       0       1       1     155       0       0       0       0       0       0       0     155       0
   93.000   262339.008       0   21632     160       0       0       0       2       0       0       2       2     155       0       0       0       0       0       0       0     155       0
   94.000   256978.432       0   21190     160       0       0       0       3       0       0       3       3     156       0       0       0       0       0       0       0     156       0
   95.000   253655.360       0   20916     160       0       0       0       3       0       0       3       3     158       0       0       0       0       0       0       0     158       0
   96.000   248040.096       0   20453     160       0       0       0       1       0       0       1       1     157       0       0       0       0       0       0       0     157       0
   97.000   248246.272       0   20470     160       0       0       0       6       0       0       6       6     160       0       0       0       0       0       0       0     160       0
   98.000   249689.504       0   20589     160       0       0       0       1       0       0       1       1     161       0       0       0       0       0       0       0     161       0
   99.000   247033.472       0   20370     160       0       0       0       2       0       0       2       2     162       0       0       0       0       0       0       0     162       0
  100.000   243176.768       0   20052     160       0       0       0       0       0       0       0       0     159       0       0       0       0       0       0       0     159       0
  101.000   239865.824       0   19779     160       0       0       0       2       0       0       2       2     157       0       0       0       0       0       0       0     157       0
  102.000   239756.672       0   19770     160       0       0       0      28       0       0       1       1     157       0       0       0       0       0       0       0     157       0
  103.000   244438.080       0   20156     160       0       0       0       3       0       0       3       3     157       0       0       0       0       0       0       0     157       0
  104.000   245760.032       0   20265     160       0       0       0       0       0       0       0       0     156       0       0       0       0       0       0       0     156       0
  105.000   241005.856       0   19873     160       0       0       0       2       0       0       2       2     155       0       0       0       0       0       0       0     155       0
  106.000   241769.920       0   19936     160       0       0       0       3       0       0       3       3     158       0       0       0       0       0       0       0     158       0
  107.000   243965.088       0   20117     160       0       0       0       1       0       0       1       1     157       0       0       0       0       0       0       0     157       0
  108.000   243807.424       0   20104     160       0       0       0       3       0       0       3       3     156       0       0       0       0       0       0       0     156       0
  109.000   246730.272       0   20345     160       0       0       0       4       0       0       4       4     156       0       0       0       0       0       0       0     156       0
  110.000   253388.544       0   20894     160       0       0       0       1       0       0       1       1     155       0       0       0       0       0       0       0     155       0
  111.000   252527.456       0   20823     160       0       0       0       3       0       0       3       3     152       0       0       0       0       0       0       0     152       0
  112.000   252794.272       0   20845     160       0       0       0      37       0       0       1       1     152       0       0       0       0       0       0       0     152       0
  113.000   252721.504       0   20839     160       0       0       0       1       0       0       1       1     150       0       0       0       0       0       0       0     150       0
  114.000   257451.424       0   21229     160       0       0       0       7       0       0       7       7     152       0       0       0       0       0       0       0     152       0
  115.000   259537.440       0   21401     160       0       0       0       3       0       0       3       3     152       0       0       0       0       0       0       0     152       0
  116.000   262945.408       0   21682     160       0       0       0       3       0       0       3       3     154       0       0       0       0       0       0       0     154       0
  117.000   258397.408       0   21307     160       0       0       0       3       0       0       3       3     155       0       0       0       0       0       0       0     155       0
  118.000   254698.368       0   21002     160       0       0       0       1       0       0       1       1     155       0       0       0       0       0       0       0     155       0
  119.000   255814.144       0   21094     160       0       0       0       0       0       0       0       0     152       0       0       0       0       0       0       0     152       0
  120.000   256190.112       0   21125     160       0       0       0       0       0       0       0       0     149       0       0       0       0       0       0       0     149       0
  121.000   261368.768       0   21552     160       0       0       0       3       0       0       3       3     150       0       0       0       0       0       0       0     150       0
  122.000   261101.952       0   21530     160       0       0       0      47       0       0       0       0     150       0       0       0       0       0       0       0     150       0
  123.000   257985.056       0   21273     160       0       0       0       4       0       0       4       4     151       0       0       0       0       0       0       0     151       0
  124.000   256275.008       0   21132     160       0       0       0       2       0       0       2       2     152       0       0       0       0       0       0       0     152       0
  125.000   256505.440       0   21151     160       0       0       0       2       0       0       2       2     154       0       0       0       0       0       0       0     154       0
  126.000   255571.584       0   21074     160       0       0       0       1       0       0       1       1     153       0       0       0       0       0       0       0     153       0
  127.000   260774.496       0   21503     160       0       0       0       4       0       0       4       4     154       0       0       0       0       0       0       0     154       0
  128.000   268560.672       0   22145     160       0       0       0       4       0       0       4       4     152       0       0       0       0       0       0       0     152       0
  129.000   272975.264       0   22509     160       0       0       0       3       0       0       3       3     151       0       0       0       0       0       0       0     151       0
  130.000   277426.240       0   22876     160       0       0       0       2       0       0       2       2     151       0       0       0       0       0       0       0     151       0
  131.000   272017.152       0   22430     160       0       0       0       1       0       0       1       1     148       0       0       0       0       0       0       0     148       0
  132.000   271422.880       0   22381     160       0       0       0      27       0       0       2       2     147       0       0       0       0       0       0       0     147       0
  133.000   271871.616       0   22418     160       0       0       0       2       0       0       2       2     149       0       0       0       0       0       0       0     149       0
  134.000   274333.600       0   22621     160       0       0       0       4       0       0       4       4     151       0       0       0       0       0       0       0     151       0
  135.000   278020.512       0   22925     160       0       0       0       3       0       0       3       3     152       0       0       0       0       0       0       0     152       0
  136.000   280191.424       0   23104     160       0       0       0       2       0       0       2       2     152       0       0       0       0       0       0       0     152       0
  137.000   280227.808       0   23107     160       0       0       0       2       0       0       2       2     153       0       0       0       0       0       0       0     153       0
  138.000   286073.504       0   23589     160       0       0       0       2       0       0       2       2     154       0       0       0       0       0       0       0     154       0
  139.000   285430.720       0   23536     160       0       0       0       1       0       0       1       1     154       0       0       0       0       0       0       0     154       0
  140.000   285030.496       0   23503     160       0       0       0       1       0       0       1       1     154       0       0       0       0       0       0       0     154       0
  141.000   284981.984       0   23499     160       0       0       0       5       0       0       5       5     154       0       0       0       0       0       0       0     154       0
  142.000   287965.472       0   23745     160       0       0       0      36       0       0       1       1     153       0       0       0       0       0       0       0     153       0
  143.000   290961.088       0   23992     160       0       0       0       4       0       0       4       4     155       0       0       0       0       0       0       0     155       0
  144.000   287225.664       0   23684     160       0       0       0       4       0       0       4       4     157       0       0       0       0       0       0       0     157       0
  145.000   285018.368       0   23502     160       0       0       0       2       0       0       2       2     159       0       0       0       0       0       0       0     159       0
  146.000   282119.776       0   23263     160       0       0       0       3       0       0       3       3     160       0       0       0       0       0       0       0     160       0
  147.000   282920.224       0   23329     160       0       0       0       6       0       0       6       6     164       0       0       0       0       0       0       0     164       0
  148.000   279536.512       0   23050     160       0       0       0       3       0       0       3       3     167       0       0       0       0       0       0       0     167       0
  149.000   277850.720       0   22911     160       0       0       0       1       0       0       1       1     164       0       0       0       0       0       0       0     164       0
  150.000   276771.328       0   22822     160       0       0       0       1       0       0       1       1     162       0       0       0       0       0       0       0     162       0
  151.000   279488.000       0   23046     160       0       0       0       3       0       0       3       3     163       0       0       0       0       0       0       0     163       0
  152.000   280676.544       0   23144     160       0       0       0      32       0       0       3       3     165       0       0       0       0       0       0       0     165       0
  153.000   282871.712       0   23325     160       0       0       0       1       0       0       1       1     166       0       0       0       0       0       0       0     166       0
  154.000   284193.664       0   23434     160       0       0       0       6       0       0       6       6     168       0       0       0       0       0       0       0     168       0
  155.000   285733.920       0   23561     160       0       0       0       5       0       0       5       5     170       0       0       0       0       0       0       0     170       0
  156.000   277608.160       0   22891     160       0       0       0       2       0       0       2       2     173       0       0       0       0       0       0       0     173       0
  157.000   277474.752       0   22880     160       0       0       0       4       0       0       4       4     172       0       0       0       0       0       0       0     172       0
  158.000   279548.640       0   23051     160       0       0       0       1       0       0       1       1     172       0       0       0       0       0       0       0     172       0
  159.000   278044.768       0   22927     160       0       0       0       3       0       0       3       3     172       0       0       0       0       0       0       0     172       0
  160.000   272902.496       0   22503     160       0       0       0       2       0       0       2       2     171       0       0       0       0       0       0       0     171       0
  161.000   270501.152       0   22305     160       0       0       0       4       0       0       4       4     171       0       0       0       0       0       0       0     171       0
  162.000   274636.800       0   22646     160       0       0       0      30       0       0       0       0     171       0       0       0       0       0       0       0     171       0
  163.000   274794.464       0   22659     160       0       0       0       2       0       0       2       2     171       0       0       0       0       0       0       0     171       0
  164.000   274758.080       0   22656     160       0       0       0       3       0       0       3       3     169       0       0       0       0       0       0       0     169       0
  165.000   275061.280       0   22681     160       0       0       0       0       0       0       0       0     169       0       0       0       0       0       0       0     169       0
  166.000   274842.976       0   22663     160       0       0       0       2       0       0       2       2     168       0       0       0       0       0       0       0     168       0
  167.000   274406.368       0   22627     160       0       0       0       2       0       0       2       2     166       0       0       0       0       0       0       0     166       0
  168.000   277608.160       0   22891     160       0       0       0       4       0       0       4       4     167       0       0       0       0       0       0       0     167       0
  169.000   273605.920       0   22561     160       0       0       0       3       0       0       3       3     169       0       0       0       0       0       0       0     169       0
  170.000   275485.760       0   22716     160       0       0       0       3       0       0       3       3     171       0       0       0       0       0       0       0     171       0
  171.000   283344.704       0   23364     160       0       0       0       4       0       0       4       4     171       0       0       0       0       0       0       0     171       0
  172.000   282798.944       0   23319     160       0       0       0      35       0       0       3       3     168       0       0       0       0       0       0       0     168       0
  173.000   285018.368       0   23502     160       0       0       0       2       0       0       2       2     167       0       0       0       0       0       0       0     167       0
  174.000   292828.800       0   24146     160       0       0       0       6       0       0       6       6     167       0       0       0       0       0       0       0     167       0
  175.000   295593.984       0   24374     160       0       0       0       1       0       0       1       1     169       0       0       0       0       0       0       0     169       0
  176.000   297291.904       0   24514     160       0       0       0       1       0       0       1       1     169       0       0       0       0       0       0       0     169       0
  177.000   295084.608       0   24332     160       0       0       0       2       0       0       2       2     167       0       0       0       0       0       0       0     167       0
  178.000   298820.032       0   24640     160       0       0       0       3       0       0       3       3     166       0       0       0       0       0       0       0     166       0
  179.000   298698.752       0   24630     160       0       0       0       4       0       0       4       4     167       0       0       0       0       0       0       0     167       0
  180.000   296770.400       0   24471     160       0       0       0       1       0       0       1       1     168       0       0       0       0       0       0       0     168       0
  181.000   293896.064       0   24234     160       0       0       0       0       0       0       0       0     168       0       0       0       0       0       0       0     168       0
  182.000   295242.272       0   24345     160       0       0       0      28       0       0       2       2     168       0       0       0       0       0       0       0     168       0
  183.000   298019.584       0   24574     160       0       0       0       4       0       0       4       4     168       0       0       0       0       0       0       0     168       0
  184.000   303986.560       0   25066     160       0       0       0       3       0       0       3       3     169       0       0       0       0       0       0       0     169       0
  185.000   301912.672       0   24895     160       0       0       0       3       0       0       3       3     170       0       0       0       0       0       0       0     170       0
  186.000   297777.024       0   24554     160       0       0       0       1       0       0       1       1     168       0       0       0       0       0       0       0     168       0
  187.000   300044.960       0   24741     160       0       0       0       3       0       0       3       3     169       0       0       0       0       0       0       0     169       0
  188.000   300712.000       0   24796     160       0       0       0       4       0       0       4       4     172       0       0       0       0       0       0       0     172       0
  189.000   304229.120       0   25086     160       0       0       0       1       0       0       1       1     172       0       0       0       0       0       0       0     172       0
  190.000   309274.368       0   25502     160       0       0       0       1       0       0       1       1     170       0       0       0       0       0       0       0     170       0
  191.000   307030.688       0   25317     160       0       0       0       2       0       0       2       2     167       0       0       0       0       0       0       0     167       0
  192.000   308097.952       0   25405     160       0       0       0      34       0       0       5       5     168       0       0       0       0       0       0       0     168       0
  193.000   307527.936       0   25358     160       0       0       0       0       0       0       0       0     171       0       0       0       0       0       0       0     171       0
  194.000   307151.968       0   25327     160       0       0       0       1       0       0       1       1     170       0       0       0       0       0       0       0     170       0
  195.000   310766.112       0   25625     160       0       0       0       3       0       0       3       3     169       0       0       0       0       0       0       0     169       0
  196.000   310620.576       0   25613     160       0       0       0       1       0       0       1       1     170       0       0       0       0       0       0       0     170       0
  197.000   311639.328       0   25697     160       0       0       0       5       0       0       5       5     174       0       0       0       0       0       0       0     174       0
  198.000   313191.712       0   25825     160       0       0       0       2       0       0       2       2     174       0       0       0       0       0       0       0     174       0
  199.000   316817.984       0   26124     160       0       0       0       3       0       0       3       3     174       0       0       0       0       0       0       0     174       0
  200.000   318685.696       0   26278     160       0       0       0       3       0       0       3       3     175       0       0       0       0       0       0       0     175       0
  201.000   320820.224       0   26454     160       0       0       0       6       0       0       6       6     176       0       0       0       0       0       0       0     176       0
  202.000   333797.184       0   27524     160       0       0       0      27       0       0       4       4     176       0       0       0       0       0       0       0     176       0
  203.000   333008.864       0   27459     160       0       0       0       2       0       0       2       2     176       0       0       0       0       0       0       0     176       0
  204.000   321281.088       0   26492     160       0       0       0       1       0       0       1       1     177       0       0       0       0       0       0       0     177       0
  205.000   320492.768       0   26427     160       0       0       0       4       0       0       4       4     177       0       0       0       0       0       0       0     177       0
  206.000   321450.880       0   26506     160       0       0       0       1       0       0       1       1     178       0       0       0       0       0       0       0     178       0
  207.000   321547.904       0   26514     160       0       0       0       2       0       0       2       2     179       0       0       0       0       0       0       0     179       0
  208.000   318928.256       0   26298     160       0       0       0       5       0       0       5       5     180       0       0       0       0       0       0       0     180       0
  209.000   315253.472       0   25995     160       0       0       0       1       0       0       1       1     180       0       0       0       0       0       0       0     180       0
  210.000   312985.536       0   25808     160       0       0       0       1       0       0       1       1     178       0       0       0       0       0       0       0     178       0
  211.000   319376.992       0   26335     160       0       0       0       3       0       0       3       3     177       0       0       0       0       0       0       0     177       0
  212.000   322991.136       0   26633     160       0       0       0      33       0       0       1       1     176       0       0       0       0       0       0       0     176       0
  213.000   322142.176       0   26563     160       0       0       0       2       0       0       2       2     176       0       0       0       0       0       0       0     176       0
  214.000   317606.304       0   26189     160       0       0       0       2       0       0       2       2     175       0       0       0       0       0       0       0     175       0
  215.000   317181.824       0   26154     160       0       0       0       3       0       0       3       3     177       0       0       0       0       0       0       0     177       0
  216.000   321402.368       0   26502     160       0       0       0       3       0       0       3       3     173       0       0       0       0       0       0       0     173       0
  217.000   320929.376       0   26463     160       0       0       0       1       0       0       1       1     171       0       0       0       0       0       0       0     171       0
  218.000   323961.376       0   26713     160       0       0       0       6       0       0       6       6     174       0       0       0       0       0       0       0     174       0
  219.000   323221.568       0   26652     160       0       0       0       1       0       0       1       1     173       0       0       0       0       0       0       0     173       0
  220.000   325550.144       0   26844     160       0       0       0       4       0       0       4       4     172       0       0       0       0       0       0       0     172       0
  221.000   314719.840       0   25951     160       0       0       0       3       0       0       3       3     175       0       0       0       0       0       0       0     175       0
  222.000   316429.888       0   26092     160       0       0       0      35       0       0       2       2     177       0       0       0       0       0       0       0     177       0
  223.000   314161.952       0   25905     160       0       0       0       4       0       0       4       4     178       0       0       0       0       0       0       0     178       0
  224.000   314392.384       0   25924     160       0       0       0       2       0       0       2       2     179       0       0       0       0       0       0       0     179       0
  225.000   314671.328       0   25947     160       0       0       0       2       0       0       2       2     178       0       0       0       0       0       0       0     178       0
  226.000   315399.008       0   26007     160       0       0       0       1       0       0       1       1     179       0       0       0       0       0       0       0     179       0
  227.000   317860.992       0   26210     160       0       0       0       3       0       0       3       3     179       0       0       0       0       0       0       0     179       0
  228.000   326241.440       0   26901     160       0       0       0       5       0       0       5       5     182       0       0       0       0       0       0       0     182       0
  229.000   327551.264       0   27009     160       0       0       0       2       0       0       2       2     182       0       0       0       0       0       0       0     182       0
  230.000   329200.672       0   27145     160       0       0       0       0       0       0       0       0     181       0       0       0       0       0       0       0     181       0
  231.000   331844.576       0   27363     160       0       0       0       3       0       0       3       3     181       0       0       0       0       0       0       0     181       0
  232.000   324992.256       0   26798     160       0       0       0      33       0       0       3       3     181       0       0       0       0       0       0       0     181       0
  233.000   320250.208       0   26407     160       0       0       0       2       0       0       2       2     183       0       0       0       0       0       0       0     183       0
  234.000   311396.768       0   25677     160       0       0       0       1       0       0       1       1     184       0       0       0       0       0       0       0     184       0
  235.000   307515.808       0   25357     160       0       0       0       2       0       0       2       2     183       0       0       0       0       0       0       0     183       0
  236.000   307030.688       0   25317     160       0       0       0       0       0       0       0       0     181       0       0       0       0       0       0       0     181       0
  237.000   301439.680       0   24856     160       0       0       0       2       0       0       2       2     180       0       0       0       0       0       0       0     180       0
  238.000   308898.400       0   25471     160       0       0       0       5       0       0       5       5     181       0       0       0       0       0       0       0     181       0
  239.000   310766.112       0   25625     160       0       0       0       2       0       0       2       2     181       0       0       0       0       0       0       0     181       0
  240.000   306970.048       0   25312     160       0       0       0       1       0       0       1       1     181       0       0       0       0       0       0       0     181       0
  241.000   304981.056       0   25148     160       0       0       0       1       0       0       1       1     179       0       0       0       0       0       0       0     179       0
  242.000   301112.224       0   24829     160       0       0       0      33       0       0       2       2     178       0       0       0       0       0       0       0     178       0
  243.000   305599.584       0   25199     160       0       0       0       3       0       0       3       3     180       0       0       0       0       0       0       0     180       0
  244.000   304229.120       0   25086     160       0       0       0       2       0       0       2       2     181       0       0       0       0       0       0       0     181       0
  245.000   302130.976       0   24913     160       0       0       0       1       0       0       1       1     181       0       0       0       0       0       0       0     181       0
  246.000   308110.080       0   25406     160       0       0       0       1       0       0       1       1     181       0       0       0       0       0       0       0     181       0
  247.000   307115.584       0   25324     160       0       0       0       2       0       0       2       2     178       0       0       0       0       0       0       0     178       0
  248.000   306836.640       0   25301     160       0       0       0       3       0       0       3       3     176       0       0       0       0       0       0       0     176       0
  249.000   301051.584       0   24824     160       0       0       0       1       0       0       1       1     173       0       0       0       0       0       0       0     173       0
  250.000   304847.648       0   25137     160       0       0       0       5       0       0       5       5     174       0       0       0       0       0       0       0     174       0
  251.000   305793.632       0   25215     160       0       0       0       2       0       0       2       2     176       0       0       0       0       0       0       0     176       0
  252.000   306484.928       0   25272     160       0       0       0      33       0       0       1       1     172       0       0       0       0       0       0       0     172       0
  253.000   301039.456       0   24823     160       0       0       0       2       0       0       2       2     172       0       0       0       0       0       0       0     172       0
  254.000   295606.112       0   24375     160       0       0       0       5       0       0       5       5     173       0       0       0       0       0       0       0     173       0
  255.000   297279.776       0   24513     160       0       0       0       3       0       0       3       3     173       0       0       0       0       0       0       0     173       0
  256.000   297922.560       0   24566     160       0       0       0       1       0       0       1       1     172       0       0       0       0       0       0       0     172       0
  257.000   296782.528       0   24472     160       0       0       0       3       0       0       3       3     172       0       0       0       0       0       0       0     172       0
  258.000   294575.232       0   24290     160       0       0       0       1       0       0       1       1     173       0       0       0       0       0       0       0     173       0
  259.000   296988.704       0   24489     160       0       0       0       2       0       0       2       2     173       0       0       0       0       0       0       0     173       0
  260.000   297813.408       0   24557     160       0       0       0       0       0       0       0       0     171       0       0       0       0       0       0       0     171       0
  261.000   297109.984       0   24499     160       0       0       0       3       0       0       3       3     171       0       0       0       0       0       0       0     171       0
  262.000   301354.784       0   24849     160       0       0       0      30       0       0       2       2     172       0       0       0       0       0       0       0     172       0
  263.000   307552.192       0   25360     160       0       0       0       5       0       0       5       5     174       0       0       0       0       0       0       0     174       0
  264.000   308752.864       0   25459     160       0       0       0       4       0       0       4       4     173       0       0       0       0       0       0       0     173       0
  265.000   309698.848       0   25537     160       0       0       0       5       0       0       5       5     176       0       0       0       0       0       0       0     176       0
  266.000   312148.704       0   25739     160       0       0       0       1       0       0       1       1     178       0       0       0       0       0       0       0     178       0
  267.000   318697.824       0   26279     160       0       0       0       2       0       0       2       2     178       0       0       0       0       0       0       0     178       0
  268.000   310487.168       0   25602     160       0       0       0       0       0       0       0       0     175       0       0       0       0       0       0       0     175       0
  269.000   301585.216       0   24868     160       0       0       0       5       0       0       5       5     174       0       0       0       0       0       0       0     174       0
  270.000   301597.344       0   24869     160       0       0       0       1       0       0       1       1     174       0       0       0       0       0       0       0     174       0
  271.000   297510.208       0   24532     160       0       0       0       2       0       0       2       2     175       0       0       0       0       0       0       0     175       0
  272.000   292428.576       0   24113     160       0       0       0      34       0       0       2       2     173       0       0       0       0       0       0       0     173       0
  273.000   289420.832       0   23865     160       0       0       0       3       0       0       3       3     173       0       0       0       0       0       0       0     173       0
  274.000   287031.616       0   23668     160       0       0       0       2       0       0       2       2     174       0       0       0       0       0       0       0     174       0
  275.000   291544.992       0   24039     160       0       0       0       1       0       0       1       1     172       0       0       0       0       0       0       0     172       0
