  TimeSec      LoaKbps LoaUsag Packets DlyUsec LoaDrps MetDrps TabDrps FloMods MetMods GroMods  PktsIn PktsOut FloEntr FloUsag MetEntr MetUsag GroEntr GroUsag BufPkts BufUsag  T0Entr  T0Usag
    1.000        0.000       0       0      34       0       0       0       4       0       0       0       0       3       0       0       0       0       0       0       0       3       0
    2.000     1659.776       0     138      39       0       0       0       0       0       0       0       0       4       0       0       0       0       0       0       0       4       0
    3.000     5528.608       0     457      39       0       0       0       0       0       0       0       0       4       0       0       0       0       0       0       0       4       0
    4.000     8160.384       0     674      39       0       0       0       0       0       0       0       0       4       0       0       0       0       0       0       0       4       0
    5.000    12441.568       0    1027      39       0       0       0       0       0       0       0       0       4       0       0       0       0       0       0       0       4       0
    6.000    15606.976       0    1288      40       0       0       0       0       0       0       0       0       4       0       0       0       0       0       0       0       4       0
    7.000    21307.136       0    1758      40       0       0       0       0       0       0       0       0       4       0       0       0       0       0       0       0       4       0
    8.000    25697.472       0    2120      40       0       0       0       0       0       0       0       0       4       0       0       0       0       0       0       0       4       0
    9.000    30281.856       0    2498      40       0       0       0       0       0       0       0       0       4       0       0       0       0       0       0       0       4       0
   10.000    36200.320       0    2986      40       0       0       0       0       0       0       0       0       4       0       0       0       0       0       0       0       4       0
   11.000    43925.856       0    3623      40       0       0       0       0       0       0       0       0       4       0       0       0       0       0       0       0       4       0
   12.000    48898.336       0    4033      40       0       0       0       0       0       0       0       0       4       0       0       0       0       0       0       0       4       0
   13.000    51833.312       0    4275      40       0       0       0       0       0       0       0       0       4       0       0       0       0       0       0       0       4       0
   14.000    53761.664       0    4434      40       0       0       0       0       0       0       0       0       4       0       0       0       0       0       0       0       4       0
   15.000    58843.296       0    4853      57       0       0       0       1       0       0       1       1       5       0       0       0       0       0       0       0       5       0
   16.000    62214.880       0    5131      59       0       0       0       0       0       0       0       0       5       0       0       0       0       0       0       0       5       0
   17.000    64737.504       0    5339      59       0       0       0       0       0       0       0       0       5       0       0       0       0       0       0       0       5       0
   18.000    66762.880       0    5506      59       0       0       0       1       0       0       1       1       6       0       0       0       0       0       0       0       6       0
   19.000    71019.808       0    5857      60       0       0       0       2       0       0       2       2       8       0       0       0       0       0       0       0       8       0
   20.000    84494.016       0    6968      60       0       0       0       1       0       0       1       1       8       0       0       0       0       0       0       0       8       0
   21.000    87574.528       0    7222      77       0       0       0       1       0       0       1       1      10       0       0       0       0       0       0       0      10       0
   22.000    90873.344       0    7494      79       0       0       0       0       0       0       0       0      10       0       0       0       0       0       0       0      10       0
   23.000    92474.240       0    7626      79       0       0       0       1       0       0       1       1      11       0       0       0       0       0       0       0      11       0
   24.000    95130.272       0    7845      79       0       0       0       0       0       0       0       0      11       0       0       0       0       0       0       0      11       0
   25.000   105827.168       0    8727      80       0       0       0       1       0       0       1       1      11       0       0       0       0       0       0       0      11       0
   26.000   112097.344       0    9244      80       0       0       0       0       0       0       0       0      12       0       0       0       0       0       0       0      12       0
   27.000   114328.896       0    9428      80       0       0       0       0       0       0       0       0      12       0       0       0       0       0       0       0      12       0
   28.000   116014.688       0    9567      80       0       0       0       1       0       0       1       1      13       0       0       0       0       0       0       0      13       0
   29.000   114486.560       0    9441      80       0       0       0       3       0       0       3       3      15       0       0       0       0       0       0       0      15       0
   30.000   123267.232       0   10165      94       0       0       0       4       0       0       4       4      17       0       0       0       0       0       0       0      17       0
   31.000   124589.184       0   10274      99       0       0       0       1       0       0       1       1      20       0       0       0       0       0       0       0      20       0
   32.000   131793.216       0   10868      99       0       0       0       1       0       0       1       1      20       0       0       0       0       0       0       0      20       0
   33.000   137165.920       0   11311      99       0       0       0       2       0       0       2       2      21       0       0       0       0       0       0       0      21       0
   34.000   139070.016       0   11468      99       0       0       0       0       0       0       0       0      20       0       0       0       0       0       0       0      20       0
   35.000   148068.992       0   12210     100       0       0       0       2       0       0       2       2      21       0       0       0       0       0       0       0      21       0
   36.000   156667.744       0   12919     100       0       0       0       0       0       0       0       0      20       0       0       0       0       0       0       0      20       0
   37.000   159602.720       0   13161     100       0       0       0       3       0       0       3       3      22       0       0       0       0       0       0       0      22       0
   38.000   165290.752       0   13630     100       0       0       0       1       0       0       1       1      23       0       0       0       0       0       0       0      23       0
   39.000   168807.872       0   13920     100       0       0       0       2       0       0       2       2      25       0       0       0       0       0       0       0      25       0
   40.000   171670.080       0   14156     100       0       0       0       1       0       0       1       1      25       0       0       0       0       0       0       0      25       0
   41.000   172446.272       0   14220     100       0       0       0       2       0       0       2       2      26       0       0       0       0       0       0       0      26       0
   42.000   176181.696       0   14528     100       0       0       0       2       0       0       2       2      28       0       0       0       0       0       0       0      28       0
   43.000   184634.912       0   15225     100       0       0       0       3       0       0       3       3      30       0       0       0       0       0       0       0      30       0
   44.000   187521.376       0   15463     100       0       0       0       2       0       0       2       2      29       0       0       0       0       0       0       0      29       0
   45.000   188903.968       0   15577     100       0       0       0       0       0       0       0       0      27       0       0       0       0       0       0       0      27       0
   46.000   193282.176       0   15938     100       0       0       0       2       0       0       2       2      26       0       0       0       0       0       0       0      26       0
   47.000   198885.312       0   16400     100       0       0       0       2       0       0       2       2      28       0       0       0       0       0       0       0      28       0
   48.000   207605.344       0   17119     100       0       0       0       3       0       0       3       3      28       0       0       0       0       0       0       0      28       0
   49.000   208854.528       0   17222     113       0       0       0       4       0       0       4       4      32       0       0       0       0       0       0       0      32       0
   50.000   209388.160       0   17266     119       0       0       0       3       0       0       3       3      34       0       0       0       0       0       0       0      34       0
   51.000   208102.592       0   17160     119       0       0       0       2       0       0       2       2      35       0       0       0       0       0       0       0      35       0
   52.000   206707.872       0   17045     119       0       0       0       2       0       0       2       2      35       0       0       0       0       0       0       0      35       0
   53.000   207253.632       0   17090     119       0       0       0       3       0       0       3       3      36       0       0       0       0       0       0       0      36       0
   54.000   216325.376       0   17838     120       0       0       0       1       0       0       1       1      36       0       0       0       0       0       0       0      36       0
   55.000   219793.984       0   18124     120       0       0       0       3       0       0       3       3      37       0       0       0       0       0       0       0      37       0
   56.000   228950.624       0   18879     120       0       0       0       3       0       0       3       3      39       0       0       0       0       0       0       0      39       0
   57.000   230891.104       0   19039     120       0       0       0       4       0       0       4       4      40       0       0       0       0       0       0       0      40       0
   58.000   228501.888       0   18842     120       0       0       0       3       0       0       3       3      42       0       0       0       0       0       0       0      42       0
   59.000   228150.176       0   18813     120       0       0       0       3       0       0       3       3      42       0       0       0       0       0       0       0      42       0
   60.000   223856.864       0   18459     120       0       0       0       4       0       0       4       4      44       0       0       0       0       0       0       0      44       0
   61.000   225445.632       0   18590     120       0       0       0       3       0       0       3       3      46       0       0       0       0       0       0       0      46       0
   62.000   224038.784       0   18474     120       0       0       0       1       0       0       1       1      46       0       0       0       0       0       0       0      46       0
   63.000   226367.360       0   18666     120       0       0       0       4       0       0       4       4      46       0       0       0       0       0       0       0      46       0
   64.000   231776.448       0   19112     120       0       0       0       0       0       0       0       0      44       0       0       0       0       0       0       0      44       0
   65.000   235390.592       0   19410     120       0       0       0       1       0       0       1       1      42       0       0       0       0       0       0       0      42       0
   66.000   235269.312       0   19400     120       0       0       0       2       0       0       2       2      41       0       0       0       0       0       0       0      41       0
   67.000   231849.216       0   19118     120       0       0       0       5       0       0       5       5      43       0       0       0       0       0       0       0      43       0
   68.000   234820.576       0   19363     120       0       0       0       2       0       0       2       2      44       0       0       0       0       0       0       0      44       0
   69.000   242982.720       0   20036     120       0       0       0       0       0       0       0       0      42       0       0       0       0       0       0       0      42       0
   70.000   244474.464       0   20159     120       0       0       0       1       0       0       1       1      41       0       0       0       0       0       0       0      41       0
   71.000   246693.888       0   20342     120       0       0       0       1       0       0       1       1      39       0       0       0       0       0       0       0      39       0
   72.000   250720.384       0   20674     120       0       0       0       5       0       0       5       5      39       0       0       0       0       0       0       0      39       0
   73.000   249883.552       0   20605     120       0       0       0       3       0       0       3       3      39       0       0       0       0       0       0       0      39       0
   74.000   248258.400       0   20471     120       0       0       0       5       0       0       5       5      41       0       0       0       0       0       0       0      41       0
   75.000   250781.024       0   20679     120       0       0       0       4       0       0       4       4      40       0       0       0       0       0       0       0      40       0
   76.000   253994.944       0   20944     120       0       0       0       4       0       0       4       4      42       0       0       0       0       0       0       0      42       0
   77.000   254419.424       0   20979     120       0       0       0       3       0       0       3       3      43       0       0       0       0       0       0       0      43       0
   78.000   254722.624       0   21004     120       0       0       0       2       0       0       2       2      43       0       0       0       0       0       0       0      43       0
   79.000   265261.856       0   21873     120       0       0       0       1       0       0       1       1      42       0       0       0       0       0       0       0      42       0
   80.000   268269.600       0   22121     120       0       0       0       2       0       0       2       2      43       0       0       0       0       0       0       0      43       0
   81.000   266777.856       0   21998     120       0       0       0       4       0       0       4       4      44       0       0       0       0       0       0       0      44       0
   82.000   269094.304       0   22189     120       0       0       0       6       0       0       6       6      45       0       0       0       0       0       0       0      45       0
   83.000   270258.592       0   22285     120       0       0       0       7       0       0       7       7      49       0       0       0       0       0       0       0      49       0
   84.000   267820.864       0   22084     120       0       0       0       4       0       0       4       4      53       0       0       0       0       0       0       0      53       0
   85.000   266571.680       0   21981     120       0       0       0       5       0       0       5       5      57       0       0       0       0       0       0       0      57       0
   86.000   271847.360       0   22416     120       0       0       0       3       0       0       3       3      61       0       0       0       0       0       0       0      61       0
   87.000   276747.072       0   22820     120       0       0       0       4       0       0       4       4      61       0       0       0       0       0       0       0      61       0
   88.000   277256.448       0   22862     120       0       0       0       4       0       0       4       4      62       0       0       0       0       0       0       0      62       0
   89.000   276844.096       0   22828     120       0       0       0       8       0       0       8       8      62       0       0       0       0       0       0       0      62       0
   90.000   267250.848       0   22037     137       0       0       0       9       0       0       9       9      67       0       0       0       0       0       0       0      67       0
   91.000   261223.232       0   21540     139       0       0       0       3       0       0       3       3      70       0       0       0       0       0       0       0      70       0
   92.000   263212.224       0   21704     139       0       0       0       5       0       0       5       5      70       0       0       0       0       0       0       0      70       0
   93.000   265565.056       0   21898     139       0       0       0       2       0       0       2       2      71       0       0       0       0       0       0       0      71       0
   94.000   264497.792       0   21810     140       0       0       0       4       0       0       4       4      73       0       0       0       0       0       0       0      73       0
   95.000   268500.032       0   22140     140       0       0       0       1       0       0       1       1      73       0       0       0       0       0       0       0      73       0
   96.000   272126.304       0   22439     140       0       0       0       2       0       0       2       2      72       0       0       0       0       0       0       0      72       0
   97.000   273302.720       0   22536     140       0       0       0       7       0       0       7       7      72       0       0       0       0       0       0       0      72       0
   98.000   273581.664       0   22559     140       0       0       0       3       0       0       3       3      70       0       0       0       0       0       0       0      70       0
   99.000   271435.008       0   22382     140       0       0       0       5       0       0       5       5      69       0       0       0       0       0       0       0      69       0
  100.000   269348.992       0   22210     140       0       0       0       6       0       0       6       6      70       0       0       0       0       0       0       0      70       0
  101.000   273326.976       0   22538     140       0       0       0       4       0       0       4       4      70       0       0       0       0       0       0       0      70       0
  102.000   271046.912       0   22350     140       0       0       0      12       0       0      12      12      74       0       0       0       0       0       0       0      74       0
  103.000   272271.840       0   22451     140       0       0       0       5       0       0       5       4      79       0       0       0       0       0       0       0      79       0
  104.000   271435.008       0   22382     140       0       0       0       4       0       0       4       1      79       0       0       0       0       0       3       1      79       0
  105.000   271689.696       0   22403     140       0       0       0       5       0       0       5       5      75       0       0       0       0       0       3       1      75       0
  106.000   272053.536       0   22433     140       0       0       0       4       0       0       4       4      71       0       0       0       0       0       1       0      71       0
  107.000   263284.992       0   21710     140       0       0       0       7       0       0       7       7      76       0       0       0       0       0       0       0      76       0
  108.000   265698.464       0   21909     140       0       0       0       4       0       0       4       3      77       0       0       0       0       0       1       0      77       0
  109.000   264570.560       0   21816     140       0       0       0       3       0       0       3       2      77       0       0       0       0       0       1       0      77       0
  110.000   262775.616       0   21668     140       0       0       0       5       0       0       5       2      79       0       0       0       0       0       3       1      79       0
  111.000   261235.360       0   21541     140       0       0       0       4       0       0       4       1      82       0       0       0       0       0       6       2      82       0
  112.000   259270.624       0   21379     140       0       0       0       5       0       0       5       4      82       0       0       0       0       0       5       2      82       0
  113.000   258700.608       0   21332     140       0       0       0       6       0       0       6       6      80       0       0       0       0       0       2       1      80       0
  114.000   253534.080       0   20906     140       0       0       0       6       0       0       6       6      83       0       0       0       0       0       0       0      83       0
  115.000   252090.848       0   20787     140       0       0       0       3       0       0       3       3      82       0       0       0       0       0       0       0      82       0
  116.000   256190.112       0   21125     140       0       0       0       2       0       0       2       2      80       0       0       0       0       0       0       0      80       0
  117.000   264667.584       0   21824     140       0       0       0       3       0       0       3       3      76       0       0       0       0       0       0       0      76       0
  118.000   270501.152       0   22305     140       0       0       0       3       0       0       3       3      70       0       0       0       0       0       0       0      70       0
  119.000   270901.376       0   22338     140       0       0       0       4       0       0       4       4      68       0       0       0       0       0       0       0      68       0
  120.000   266717.216       0   21993     140       0       0       0      10       0       0      10      10      69       0       0       0       0       0       0       0      69       0
  121.000   261987.296       0   21603     140       0       0       0       2       0       0       2       2      73       0       0       0       0       0       0       0      73       0
  122.000   259258.496       0   21378     140       0       0       0       3       0       0       3       3      68       0       0       0       0       0       0       0      68       0
  123.000   258530.816       0   21318     140       0       0       0       5       0       0       5       5      68       0       0       0       0       0       0       0      68       0
  124.000   253267.264       0   20884     140       0       0       0       6       0       0       6       6      70       0       0       0       0       0       0       0      70       0
  125.000   245638.752       0   20255     140       0       0       0       8       0       0       8       8      72       0       0       0       0       0       0       0      72       0
  126.000   241612.256       0   19923     140       0       0       0       4       0       0       4       4      73       0       0       0       0       0       0       0      73       0
  127.000   247130.496       0   20378     140       0       0       0       5       0       0       5       5      74       0       0       0       0       0       0       0      74       0
  128.000   251908.928       0   20772     140       0       0       0       5       0       0       5       5      77       0       0       0       0       0       0       0      77       0
  129.000   260350.016       0   21468     140       0       0       0       6       0       0       6       6      72       0       0       0       0       0       0       0      72       0
  130.000   256650.976       0   21163     140       0       0       0       5       0       0       5       5      75       0       0       0       0       0       0       0      75       0
  131.000   254868.160       0   21016     140       0       0       0       3       0       0       3       3      76       0       0       0       0       0       0       0      76       0
  132.000   252321.280       0   20806     140       0       0       0       5       0       0       5       5      77       0       0       0       0       0       0       0      77       0
  133.000   255268.384       0   21049     140       0       0       0       5       0       0       5       5      79       0       0       0       0       0       0       0      79       0
  134.000   258943.168       0   21352     140       0       0       0       5       0       0       5       5      80       0       0       0       0       0       0       0      80       0
  135.000   248549.472       0   20495     140       0       0       0       6       0       0       6       6      80       0       0       0       0       0       0       0      80       0
  136.000   241139.264       0   19884     140       0       0       0       6       0       0       6       6      80       0       0       0       0       0       0       0      80       0
  137.000   242048.864       0   19959     140       0       0       0       4       0       0       4       4      82       0       0       0       0       0       0       0      82       0
  138.000   249568.224       0   20579     140       0       0       0       1       0       0       1       1      80       0       0       0       0       0       0       0      80       0
  139.000   253024.704       0   20864     140       0       0       0       4       0       0       4       4      76       0       0       0       0       0       0       0      76       0
  140.000   251799.776       0   20763     140       0       0       0       3       0       0       3       3      73       0       0       0       0       0       0       0      73       0
  141.000   252212.128       0   20797     140       0       0       0       5       0       0       5       5      72       0       0       0       0       0       0       0      72       0
  142.000   254916.672       0   21020     140       0       0       0       3       0       0       3       3      70       0       0       0       0       0       0       0      70       0
  143.000   248961.824       0   20529     140       0       0       0       7       0       0       7       7      71       0       0       0       0       0       0       0      71       0
  144.000   248549.472       0   20495     140       0       0       0       4       0       0       4       4      71       0       0       0       0       0       0       0      71       0
  145.000   250817.408       0   20682     140       0       0       0       3       0       0       3       3      69       0       0       0       0       0       0       0      69       0
  146.000   250295.904       0   20639     140       0       0       0       2       0       0       2       2      68       0       0       0       0       0       0       0      68       0
  147.000   250223.136       0   20633     131       0       0       0       4       0       0       4       4      65       0       0       0       0       0       0       0      65       0
  148.000   252042.336       0   20783     131       0       0       0       3       0       0       3       3      65       0       0       0       0       0       0       0      65       0
  149.000   254419.424       0   20979     133       0       0       0       5       0       0       5       5      65       0       0       0       0       0       0       0      65       0
  150.000   257815.264       0   21259     121       0       0       0       4       0       0       4       4      63       0       0       0       0       0       0       0      63       0
  151.000   258361.024       0   21304     120       0       0       0       5       0       0       5       5      61       0       0       0       0       0       0       0      61       0
  152.000   257596.960       0   21241     120       0       0       0       5       0       0       5       5      61       0       0       0       0       0       0       0      61       0
  153.000   258288.256       0   21298     120       0       0       0       3       0       0       3       3      62       0       0       0       0       0       0       0      62       0
  154.000   259028.064       0   21359     130       0       0       0       7       0       0       7       7      65       0       0       0       0       0       0       0      65       0
  155.000   252951.936       0   20858     138       0       0       0       6       0       0       6       6      68       0       0       0       0       0       0       0      68       0
  156.000   257451.424       0   21229     139       0       0       0       5       0       0       5       5      70       0       0       0       0       0       0       0      70       0
  157.000   261587.072       0   21570     139       0       0       0       3       0       0       3       3      70       0       0       0       0       0       0       0      70       0
  158.000   260835.136       0   21508     136       0       0       0       3       0       0       3       3      66       0       0       0       0       0       0       0      66       0
  159.000   269385.376       0   22213     139       0       0       0       7       0       0       7       7      69       0       0       0       0       0       0       0      69       0
  160.000   270173.696       0   22278     139       0       0       0       6       0       0       6       6      72       0       0       0       0       0       0       0      72       0
  161.000   273339.104       0   22539     139       0       0       0       5       0       0       5       5      73       0       0       0       0       0       0       0      73       0
  162.000   270646.688       0   22317     140       0       0       0       8       0       0       8       8      77       0       0       0       0       0       0       0      77       0
  163.000   273399.744       0   22544     140       0       0       0       2       0       0       2       2      77       0       0       0       0       0       0       0      77       0
  164.000   273072.288       0   22517     140       0       0       0       4       0       0       4       4      78       0       0       0       0       0       0       0      78       0
  165.000   274527.648       0   22637     140       0       0       0       1       0       0       1       1      75       0       0       0       0       0       0       0      75       0
  166.000   277329.216       0   22868     140       0       0       0       5       0       0       5       5      75       0       0       0       0       0       0       0      75       0
  167.000   276395.360       0   22791     140       0       0       0       4       0       0       4       4      73       0       0       0       0       0       0       0      73       0
  168.000   273799.968       0   22577     140       0       0       0       7       0       0       7       7      76       0       0       0       0       0       0       0      76       0
  169.000   269603.680       0   22231     140       0       0       0       2       0       0       2       2      75       0       0       0       0       0       0       0      75       0
  170.000   271362.240       0   22376     140       0       0       0       4       0       0       4       4      72       0       0       0       0       0       0       0      72       0
  171.000   268560.672       0   22145     140       0       0       0       4       0       0       4       4      70       0       0       0       0       0       0       0      70       0
  172.000   261041.312       0   21525     140       0       0       0       9       0       0       9       9      72       0       0       0       0       0       0       0      72       0
  173.000   261393.024       0   21554     140       0       0       0       2       0       0       2       2      74       0       0       0       0       0       0       0      74       0
  174.000   259682.976       0   21413     140       0       0       0       6       0       0       6       6      73       0       0       0       0       0       0       0      73       0
  175.000   254237.504       0   20964     140       0       0       0       5       0       0       5       5      70       0       0       0       0       0       0       0      70       0
  176.000   247021.344       0   20369     140       0       0       0       8       0       0       8       8      74       0       0       0       0       0       0       0      74       0
  177.000   246511.968       0   20327     140       0       0       0       5       0       0       5       5      74       0       0       0       0       0       0       0      74       0
  178.000   249774.400       0   20596     140       0       0       0       5       0       0       5       5      75       0       0       0       0       0       0       0      75       0
  179.000   254552.832       0   20990     140       0       0       0       2       0       0       2       2      73       0       0       0       0       0       0       0      73       0
  180.000   259901.280       0   21431     140       0       0       0       3       0       0       3       3      75       0       0       0       0       0       0       0      75       0
  181.000   263006.048       0   21687     140       0       0       0       2       0       0       2       2      74       0       0       0       0       0       0       0      74       0
  182.000   271143.936       0   22358     140       0       0       0       1       0       0       1       1      71       0       0       0       0       0       0       0      71       0
  183.000   273739.328       0   22572     132       0       0       0       1       0       0       1       1      65       0       0       0       0       0       0       0      65       0
  184.000   267881.504       0   22089     138       0       0       0      10       0       0      10      10      69       0       0       0       0       0       0       0      69       0
  185.000   260483.424       0   21479     139       0       0       0       5       0       0       5       5      71       0       0       0       0       0       0       0      71       0
  186.000   259185.728       0   21372     139       0       0       0       4       0       0       4       4      72       0       0       0       0       0       0       0      72       0
  187.000   258858.272       0   21345     139       0       0       0       2       0       0       2       2      69       0       0       0       0       0       0       0      69       0
  188.000   258385.280       0   21306     140       0       0       0       8       0       0       8       8      70       0       0       0       0       0       0       0      70       0
  189.000   255704.992       0   21085     140       0       0       0       5       0       0       5       5      71       0       0       0       0       0       0       0      71       0
  190.000   258700.608       0   21332     140       0       0       0       5       0       0       5       5      70       0       0       0       0       0       0       0      70       0
  191.000   256905.664       0   21184     140       0       0       0      13       0       0      13      13      74       0       0       0       0       0       0       0      74       0
  192.000   252794.272       0   20845     140       0       0       0       4       0       0       4       4      75       0       0       0       0       0       0       0      75       0
  193.000   255510.944       0   21069     140       0       0       0       2       0       0       2       2      71       0       0       0       0       0       0       0      71       0
  194.000   255462.432       0   21065     140       0       0       0       4       0       0       4       4      72       0       0       0       0       0       0       0      72       0
  195.000   257487.808       0   21232     140       0       0       0       9       0       0       9       9      75       0       0       0       0       0       0       0      75       0
  196.000   262702.848       0   21662     140       0       0       0       3       0       0       3       3      79       0       0       0       0       0       0       0      79       0
  197.000   265213.344       0   21869     140       0       0       0       6       0       0       6       3      82       0       0       0       0       0       1       0      82       0
  198.000   263236.480       0   21706     140       0       0       0       6       0       0       6       2      88       0       0       0       0       0       5       2      88       0
  199.000   266996.160       0   22016     140       0       0       0       4       0       0       4       3      86       0       0       0       0       0       7       3      86       0
  200.000   278360.096       0   22953     140       0       0       0       5       0       0       5       3      84       0       0       0       0       0       3       1      84       0
  201.000   282762.560       0   23316     140       0       0       0       5       0       0       5       4      85       0       0       0       0       0       3       1      85       0
  202.000   289978.720       0   23911     140       0       0       0       4       0       0       4       3      86       0       0       0       0       0       3       1      86       0
  203.000   290633.632       0   23965     140       0       0       0       8       0       0       8       5      86       0       0       0       0       0       3       1      86       0
  204.000   288668.896       0   23803     140       0       0       0       6       0       0       6       5      87       0       0       0       0       0       4       2      87       0
  205.000   289893.824       0   23904     140       0       0       0       7       0       0       7       7      89       0       0       0       0       0       2       1      89       0
  206.000   290512.352       0   23955     140       0       0       0       1       0       0       1       1      82       0       0       0       0       0       1       0      82       0
  207.000   295145.248       0   24337     140       0       0       0       8       0       0       8       8      81       0       0       0       0       0       0       0      81       0
  208.000   289251.040       0   23851     140       0       0       0       8       0       0       8       8      85       0       0       0       0       0       0       0      85       0
  209.000   290306.176       0   23938     140       0       0       0       3       0       0       3       3      88       0       0       0       0       0       0       0      88       0
  210.000   293313.920       0   24186     140       0       0       0       7       0       0       7       7      88       0       0       0       0       0       0       0      88       0
  211.000   295108.864       0   24334     140       0       0       0       3       0       0       3       3      86       0       0       0       0       0       0       0      86       0
  212.000   299462.816       0   24693     140       0       0       0       6       0       0       6       6      86       0       0       0       0       0       0       0      86       0
  213.000   304229.120       0   25086     140       0       0       0       9       0       0       9       9      87       0       0       0       0       0       0       0      87       0
  214.000   306678.976       0   25288     140       0       0       0       4       0       0       4       3      88       0       0       0       0       0       0       0      88       0
  215.000   313034.048       0   25812     140       0       0       0       5       0       0       5       3      88       0       0       0       0       0       2       1      88       0
  216.000   315010.912       0   25975     140       0       0       0       2       0       0       2       1      86       0       0       0       0       0       4       2      86       0
  217.000   315593.056       0   26023     140       0       0       0       4       0       0       4       3      85       0       0       0       0       0       2       1      85       0
  218.000   317206.080       0   26156     140       0       0       0       7       0       0       7       6      84       0       0       0       0       0       1       0      84       0
  219.000   316636.064       0   26109     140       0       0       0       5       0       0       5       5      83       0       0       0       0       0       1       0      83       0
  220.000   314828.992       0   25960     140       0       0       0       1       0       0       1       1      80       0       0       0       0       0       1       0      80       0
  221.000   314052.800       0   25896     140       0       0       0       6       0       0       6       5      80       0       0       0       0       0       0       0      80       0
  222.000   314622.816       0   25943     140       0       0       0       8       0       0       8       7      81       0       0       0       0       0       2       1      81       0
  223.000   316005.408       0   26057     140       0       0       0       5       0       0       5       5      80       0       0       0       0       0       2       1      80       0
  224.000   316029.664       0   26059     140       0       0       0       3       0       0       3       3      79       0       0       0       0       0       0       0      79       0
  225.000   313519.168       0   25852     140       0       0       0       3       0       0       3       3      76       0       0       0       0       0       0       0      76       0
  226.000   313215.968       0   25827     140       0       0       0       7       0       0       7       7      77       0       0       0       0       0       0       0      77       0
  227.000   310244.608       0   25582     140       0       0       0       3       0       0       3       1      77       0       0       0       0       0       2       1      77       0
  228.000   314962.400       0   25971     140       0       0       0       2       0       0       2       2      71       0       0       0       0       0       2       1      71       0
  229.000   316890.752       0   26130     140       0       0       0       3       0       0       3       3      68       0       0       0       0       0       0       0      68       0
  230.000   314792.608       0   25957     140       0       0       0       7       0       0       7       7      69       0       0       0       0       0       0       0      69       0
  231.000   312306.368       0   25752     140       0       0       0       1       0       0       1       1      69       0       0       0       0       0       0       0      69       0
  232.000   313422.144       0   25844     140       0       0       0       7       0       0       7       7      70       0       0       0       0       0       0       0      70       0
  233.000   298965.568       0   24652     140       0       0       0       9       0       0       9       9      74       0       0       0       0       0       0       0      74       0
  234.000   301451.808       0   24857     140       0       0       0       5       0       0       5       5      75       0       0       0       0       0       0       0      75       0
  235.000   305963.424       0   25229     140       0       0       0       6       0       0       6       6      77       0       0       0       0       0       0       0      77       0
  236.000   305878.528       0   25222     140       0       0       0       4       0       0       4       4      78       0       0       0       0       0       0       0      78       0
  237.000   305902.784       0   25224     140       0       0       0       5       0       0       5       5      76       0       0       0       0       0       0       0      76       0
  238.000   308473.920       0   25436     140       0       0       0       3       0       0       3       3      73       0       0       0       0       0       0       0      73       0
  239.000   314489.408       0   25932     140       0       0       0       9       0       0       9       9      75       0       0       0       0       0       0       0      75       0
  240.000   310559.936       0   25608     140       0       0       0       7       0       0       7       7      78       0       0       0       0       0       0       0      78       0
  241.000   308025.184       0   25399     140       0       0       0       1       0       0       1       1      78       0       0       0       0       0       0       0      78       0
  242.000   310681.216       0   25618     140       0       0       0       4       0       0       4       4      77       0       0       0       0       0       0       0      77       0
  243.000   312524.672       0   25770     140       0       0       0       2       0       0       2       2      78       0       0       0       0       0       0       0      78       0
  244.000   314089.184       0   25899     140       0       0       0       5       0       0       5       5      79       0       0       0       0       0       0       0      79       0
  245.000   314841.120       0   25961     140       0       0       0       7       0       0       7       7      79       0       0       0       0       0       0       0      79       0
  246.000   311784.864       0   25709     140       0       0       0       3       0       0       3       3      80       0       0       0       0       0       0       0      80       0
  247.000   313640.448       0   25862     140       0       0       0       3       0       0       3       3      80       0       0       0       0       0       0       0      80       0
  248.000   314780.480       0   25956     140       0       0       0       7       0       0       7       7      76       0       0       0       0       0       0       0      76       0
  249.000   313361.504       0   25839     140       0       0       0       5       0       0       5       5      75       0       0       0       0       0       0       0      75       0
  250.000   316999.904       0   26139     140       0       0       0       6       0       0       6       6      74       0       0       0       0       0       0       0      74       0
  251.000   310511.424       0   25604     140       0       0       0       5       0       0       5       5      74       0       0       0       0       0       0       0      74       0
  252.000   308219.232       0   25415     140       0       0       0       5       0       0       5       5      75       0       0       0       0       0       0       0      75       0
  253.000   309444.160       0   25516     140       0       0       0       2       0       0       2       2      76       0       0       0       0       0       0       0      76       0
  254.000   310123.328       0   25572     140       0       0       0       4       0       0       4       4      74       0       0       0       0       0       0       0      74       0
  255.000   308292.000       0   25421     140       0       0       0       8       0       0       8       8      72       0       0       0       0       0       0       0      72       0
  256.000   301488.192       0   24860     140       0       0       0       5       0       0       5       5      74       0       0       0       0       0       0       0      74       0
  257.000   297910.432       0   24565     140       0       0       0       6       0       0       6       6      75       0       0       0       0       0       0       0      75       0
  258.000   295230.144       0   24344     140       0       0       0       1       0       0       1       1      77       0       0       0       0       0       0       0      77       0
  259.000   299584.096       0   24703     140       0       0       0       6       0       0       6       6      76       0       0       0       0       0       0       0      76       0
  260.000   295242.272       0   24345     140       0       0       0       6       0       0       6       6      77       0       0       0       0       0       0       0      77       0
  261.000   297158.496       0   24503     140       0       0       0       7       0       0       7       7      78       0       0       0       0       0       0       0      78       0
  262.000   294611.616       0   24293     140       0       0       0       4       0       0       4       4      81       0       0       0       0       0       0       0      81       0
  263.000   296758.272       0   24470     140       0       0       0       5       0       0       5       5      79       0       0       0       0       0       0       0      79       0
  264.000   300493.696       0   24778     140       0       0       0       5       0       0       5       5      79       0       0       0       0       0       0       0      79       0
  265.000   288911.456       0   23823     140       0       0       0       8       0       0       8       8      82       0       0       0       0       0       0       0      82       0
  266.000   278481.376       0   22963     140       0       0       0       8       0       0       8       8      83       0       0       0       0       0       0       0      83       0
  267.000   273921.248       0   22587     140       0       0       0       5       0       0       5       5      85       0       0       0       0       0       0       0      85       0
  268.000   277268.576       0   22863     140       0       0       0       3       0       0       3       2      84       0       0       0       0       0       0       0      84       0
  269.000   270379.872       0   22295     140       0       0       0       6       0       0       6       4      87       0       0       0       0       0       3       1      87       0
  270.000   266268.480       0   21956     140       0       0       0       5       0       0       5       3      86       0       0       0       0       0       4       2      86       0
  271.000   264158.208       0   21782     140       0       0       0       5       0       0       5       5      83       0       0       0       0       0       2       1      83       0
  272.000   264230.976       0   21788     140       0       0       0       4       0       0       4       4      83       0       0       0       0       0       1       0      83       0
  273.000   268572.800       0   22146     140       0       0       0       4       0       0       4       4      84       0       0       0       0       0       0       0      84       0
  274.000   266001.664       0   21934     140       0       0       0       9       0       0       9       7      86       0       0       0       0       0       2       1      86       0
  275.000   255706.752       0   21084     140       0       0       0       8       0       0       8       8      88       0       0       0       0       0       2       1      88       0
