  TimeSec      LoaKbps LoaUsag Packets DlyUsec LoaDrps MetDrps TabDrps FloMods MetMods GroMods  PktsIn PktsOut FloEntr FloUsag MetEntr MetUsag GroEntr GroUsag BufPkts BufUsag  T0Entr  T0Usag
    1.000        0.000       0       0      34       0       0       0       3       0       2       0       0       3       2       0       0       2       0       0       0       3       2
    2.000       17.312       0       2      39       0       0       0       0       0       0       0       0       3       2       0       0       2       0       0       0       3       2
    3.000       17.312       0       2      39       0       0       0       0       0       0       0       0       3       2       0       0       2       0       0       0       3       2
    4.000       17.312       0       2      39       0       0       0       0       0       0       0       0       3       2       0       0       2       0       0       0       3       2
    5.000       17.312       0       2      39       0       0       0       0       0       0       0       0       3       2       0       0       2       0       0       0       3       2
    6.000       17.312       0       2      40       0       0       0       0       0       0       0       0       3       2       0       0       2       0       0       0       3       2
    7.000       17.312       0       2      40       0       0       0       0       0       0       0       0       3       2       0       0       2       0       0       0       3       2
    8.000       17.312       0       2      40       0       0       0       0       0       0       0       0       3       2       0       0       2       0       0       0       3       2
    9.000       17.312       0       2      40       0       0       0       0       0       0       0       0       3       2       0       0       2       0       0       0       3       2
   10.000       17.312       0       2      40       0       0       0       0       0       0       0       0       3       2       0       0       2       0       0       0       3       2
   11.000       17.312       0       2      87       0       0       0      59       0       0       0       0      38      19       0       0       2       0       0       0      38      19
   12.000    29015.360       3    2393     116       0       0       0       0       0       0       0       0      59      30       0       0       2       0       0       0      59      30
   13.000    57928.512       6    4777     119       0       0       0       0       0       0       0       0      62      31       0       0       2       0       0       0      62      31
   14.000    57431.264       6    4736     119       0       0       0       0       0       0       0       0      62      31       0       0       2       0       0       0      62      31
   15.000    57504.032       6    4742     119       0       0       0       0       0       0       0       0      62      31       0       0       2       0       0       0      62      31
   16.000    56412.512       6    4652     120       0       0       0       0       0       0       0       0      62      31       0       0       2       0       0       0      62      31
   17.000    54059.680       5    4458     120       0       0       0       0       0       0       0       0      62      31       0       0       2       0       0       0      62      31
   18.000    52992.416       5    4370     120       0       0       0       0       0       0       0       0      62      31       0       0       2       0       0       0      62      31
   19.000    50494.048       5    4164     120       0       0       0       0       0       0       0       0      62      31       0       0       2       0       0       0      62      31
   20.000    48262.496       5    3980     120       0       0       0       0       0       0       0       0      62      31       0       0       2       0       0       0      62      31
   21.000    47316.512       5    3902     131       0       0       0      44       0       0       0       0      88      44       0       0       2       0       0       0      88      44
   22.000    68758.816       7    5670     139       0       0       0       0       0       0       0       0     104      52       0       0       2       0       0       0     104      52
   23.000    89606.848       9    7389     139       0       0       0       0       0       0       0       0     106      53       0       0       2       0       0       0     106      53
   24.000    89534.080       9    7383     139       0       0       0       0       0       0       0       0     106      53       0       0       2       0       0       0     106      53
   25.000    89461.312       9    7377     139       0       0       0       0       0       0       0       0     106      53       0       0       2       0       0       0     106      53
   26.000    87690.624       9    7231     140       0       0       0       0       0       0       0       0     106      53       0       0       2       0       0       0     106      53
   27.000    86465.696       9    7130     140       0       0       0       0       0       0       0       0     106      53       0       0       2       0       0       0     106      53
   28.000    85362.048       9    7039     140       0       0       0       0       0       0       0       0     106      53       0       0       2       0       0       0     106      53
   29.000    85070.976       9    7015     140       0       0       0       0       0       0       0       0     105      53       0       0       2       0       0       0     105      53
   30.000    82960.704       8    6841     140       0       0       0       0       0       0       0       0     105      53       0       0       2       0       0       0     105      53
   31.000    81287.040       8    6703     151       0       0       0      53       0       0       0       0     136      68       0       0       2       0       0       0     136      68
   32.000   116809.952      12    9632     159       0       0       0       0       0       0       0       0     153      77       0       0       2       0       0       0     153      77
   33.000   152332.864      15   12561     159       0       0       0       0       0       0       0       0     154      77       0       0       2       0       0       0     154      77
   34.000   152211.584      15   12551     159       0       0       0       0       0       0       0       0     152      76       0       0       2       0       0       0     152      76
   35.000   152247.968      15   12554     159       0       0       0       0       0       0       0       0     151      76       0       0       2       0       0       0     151      76
   36.000   152078.176      15   12540     160       0       0       0       0       0       0       0       0     150      75       0       0       2       0       0       0     150      75
   37.000   151350.496      15   12480     160       0       0       0       0       0       0       0       0     150      75       0       0       2       0       0       0     150      75
   38.000   149858.752      15   12357     160       0       0       0       0       0       0       0       0     149      75       0       0       2       0       0       0     149      75
   39.000   148464.032      15   12242     160       0       0       0       0       0       0       0       0     149      75       0       0       2       0       0       0     149      75
   40.000   148233.600      15   12223     160       0       0       0       0       0       0       0       0     148      74       0       0       2       0       0       0     148      74
   41.000   143515.808      14   11834     160       0       0       0      51       0       0       0       0     176      88       0       0       2       0       0       0     176      88
   42.000   165091.520      17   13613     160       0       0       0       0       0       0       0       0     193      97       0       0       2       0       0       0     193      97
   43.000   183319.904      18   15116     160       0       0       0       0       0       0       0       0     194      97       0       0       2       0       0       0     194      97
   44.000   177728.896      18   14655     160       0       0       0       0       0       0       0       0     194      97       0       0       2       0       0       0     194      97
   45.000   177268.032      18   14617     160       0       0       0       0       0       0       0       0     192      96       0       0       2       0       0       0     192      96
   46.000   175133.504      18   14441     160       0       0       0       0       0       0       0       0     190      95       0       0       2       0       0       0     190      95
   47.000   173338.560      17   14293     160       0       0       0       0       0       0       0       0     190      95       0       0       2       0       0       0     190      95
   48.000   171191.904      17   14116     160       0       0       0       0       0       0       0       0     190      95       0       0       2       0       0       0     190      95
   49.000   167735.424      17   13831     160       0       0       0       0       0       0       0       0     190      95       0       0       2       0       0       0     190      95
   50.000   164824.704      16   13591     160       0       0       0       0       0       0       0       0     190      95       0       0       2       0       0       0     190      95
   51.000   160931.616      16   13270     160       0       0       0      10       0       0       0       0     195      98       0       0       2       0       0       0     195      98
   52.000   169178.656      17   13950     160       0       0       0       0       0       0       0       0     198      99       0       0       2       0       0       0     198      99
   53.000   182167.744      18   15021     160       0       0       0       0       0       0       0       0     197      99       0       0       2       0       0       0     197      99
   54.000   180445.568      18   14879     160       0       0       0       0       0       0       0       0     196      98       0       0       2       0       0       0     196      98
   55.000   179572.352      18   14807     160       0       0       0       0       0       0       0       0     194      97       0       0       2       0       0       0     194      97
   56.000   179050.848      18   14764     160       0       0       0       0       0       0       0       0     193      97       0       0       2       0       0       0     193      97
   57.000   177935.072      18   14672     160       0       0       0       0       0       0       0       0     190      95       0       0       2       0       0       0     190      95
   58.000   176018.848      18   14514     160       0       0       0       0       0       0       0       0     186      93       0       0       2       0       0       0     186      93
   59.000   174393.696      17   14380     160       0       0       0       0       0       0       0       0     183      92       0       0       2       0       0       0     183      92
   60.000   174527.104      17   14391     160       0       0       0       0       0       0       0       0     182      91       0       0       2       0       0       0     182      91
   61.000   173969.216      17   14345     160       0       0       0      19       0       0       0       0     189      95       0       0       2       0       0       0     189      95
   62.000   192209.728      19   15849     160       0       0       0       0       0       0       0       0     193      97       0       0       2       0       0       0     193      97
   63.000   209564.896      21   17280     160       0       0       0       0       0       0       0       0     192      96       0       0       2       0       0       0     192      96
   64.000   201208.704      20   16591     160       0       0       0       0       0       0       0       0     189      95       0       0       2       0       0       0     189      95
   65.000   197837.120      20   16313     160       0       0       0       0       0       0       0       0     187      94       0       0       2       0       0       0     187      94
   66.000   194598.944      19   16046     160       0       0       0       0       0       0       0       0     185      93       0       0       2       0       0       0     185      93
   67.000   193398.272      19   15947     160       0       0       0       0       0       0       0       0     181      91       0       0       2       0       0       0     181      91
   68.000   190802.880      19   15733     160       0       0       0       0       0       0       0       0     176      88       0       0       2       0       0       0     176      88
   69.000   190487.552      19   15707     160       0       0       0       0       0       0       0       0     172      86       0       0       2       0       0       0     172      86
   70.000   183441.184      18   15126     160       0       0       0       0       0       0       0       0     171      86       0       0       2       0       0       0     171      86
   71.000   180130.240      18   14853     160       0       0       0      29       0       0       0       0     188      94       0       0       2       0       0       0     188      94
   72.000   200966.144      20   16571     160       0       0       0       0       0       0       0       0     198      99       0       0       2       0       0       0     198      99
   73.000   221789.920      22   18288     160       0       0       0       0       0       0       0       0     196      98       0       0       2       0       0       0     196      98
   74.000   219570.496      22   18105     160       0       0       0       0       0       0       0       0     195      98       0       0       2       0       0       0     195      98
   75.000   216162.528      22   17824     160       0       0       0       0       0       0       0       0     195      98       0       0       2       0       0       0     195      98
   76.000   212196.672      21   17497     160       0       0       0       0       0       0       0       0     193      97       0       0       2       0       0       0     193      97
   77.000   211687.296      21   17455     160       0       0       0       0       0       0       0       0     192      96       0       0       2       0       0       0     192      96
   78.000   208182.304      21   17166     160       0       0       0       0       0       0       0       0     190      95       0       0       2       0       0       0     190      95
   79.000   198977.152      20   16407     160       0       0       0       0       0       0       0       0     185      93       0       0       2       0       0       0     185      93
   80.000   197339.872      20   16272     160       0       0       0       0       0       0       0       0     183      92       0       0       2       0       0       0     183      92
   81.000   192597.824      19   15881     160       0       0       0      18       0       0       0       0     191      96       0       0       2       0       0       0     191      96
   82.000   199389.504      20   16441     160       0       0       0       0       0       0       0       0     194      97       0       0       2       0       0       0     194      97
   83.000   211614.528      21   17449     160       0       0       0       0       0       0       0       0     193      97       0       0       2       0       0       0     193      97
   84.000   208376.352      21   17182     160       0       0       0       0       0       0       0       0     193      97       0       0       2       0       0       0     193      97
   85.000   203731.328      20   16799     160       0       0       0       0       0       0       0       0     191      96       0       0       2       0       0       0     191      96
   86.000   199498.656      20   16450     160       0       0       0       0       0       0       0       0     188      94       0       0       2       0       0       0     188      94
   87.000   196709.216      20   16220     160       0       0       0       0       0       0       0       0     186      93       0       0       2       0       0       0     186      93
   88.000   193786.368      19   15979     160       0       0       0       0       0       0       0       0     185      93       0       0       2       0       0       0     185      93
   89.000   191397.152      19   15782     160       0       0       0       0       0       0       0       0     183      92       0       0       2       0       0       0     183      92
   90.000   189869.024      19   15656     160       0       0       0       0       0       0       0       0     180      90       0       0       2       0       0       0     180      90
   91.000   183780.768      18   15154     160       0       0       0      22       0       0       0       0     191      96       0       0       2       0       0       0     191      96
   92.000   201051.040      20   16578     160       0       0       0       0       0       0       0       0     197      99       0       0       2       0       0       0     197      99
   93.000   215010.368      22   17729     160       0       0       0       0       0       0       0       0     195      98       0       0       2       0       0       0     195      98
   94.000   207854.848      21   17139     160       0       0       0       0       0       0       0       0     192      96       0       0       2       0       0       0     192      96
   95.000   199995.904      20   16491     160       0       0       0       0       0       0       0       0     190      95       0       0       2       0       0       0     190      95
   96.000   191627.584      19   15801     160       0       0       0       0       0       0       0       0     187      94       0       0       2       0       0       0     187      94
   97.000   185648.480      19   15308     160       0       0       0       0       0       0       0       0     185      93       0       0       2       0       0       0     185      93
   98.000   180663.872      18   14897     160       0       0       0       0       0       0       0       0     182      91       0       0       2       0       0       0     182      91
   99.000   175533.728      18   14474     160       0       0       0       0       0       0       0       0     179      90       0       0       2       0       0       0     179      90
  100.000   165879.840      17   13678     160       0       0       0       0       0       0       0       0     175      88       0       0       2       0       0       0     175      88
  101.000   157984.512      16   13027     160       0       0       0      27       0       0       0       0     187      94       0       0       2       0       0       0     187      94
  102.000   173835.808      17   14334     160       0       0       0       0       0       0       0       0     193      97       0       0       2       0       0       0     193      97
  103.000   189856.896      19   15655     160       0       0       0       0       0       0       0       0     191      96       0       0       2       0       0       0     191      96
  104.000   184253.760      18   15193     160       0       0       0       0       0       0       0       0     188      94       0       0       2       0       0       0     188      94
  105.000   177777.408      18   14659     160       0       0       0       0       0       0       0       0     186      93       0       0       2       0       0       0     186      93
  106.000   174963.712      17   14427     160       0       0       0       0       0       0       0       0     182      91       0       0       2       0       0       0     182      91
  107.000   174236.032      17   14367     160       0       0       0       0       0       0       0       0     179      90       0       0       2       0       0       0     179      90
  108.000   172283.424      17   14206     160       0       0       0       0       0       0       0       0     173      87       0       0       2       0       0       0     173      87
  109.000   167298.816      17   13795     160       0       0       0       0       0       0       0       0     168      84       0       0       2       0       0       0     168      84
  110.000   166425.600      17   13723     160       0       0       0       0       0       0       0       0     165      83       0       0       2       0       0       0     165      83
  111.000   164812.576      16   13590     160       0       0       0      36       0       0       0       0     181      91       0       0       2       0       0       0     181      91
  112.000   188219.616      19   15520     160       0       0       0       0       0       0       0       0     189      95       0       0       2       0       0       0     189      95
  113.000   206569.280      21   17033     160       0       0       0       0       0       0       0       0     186      93       0       0       2       0       0       0     186      93
  114.000   202664.064      20   16711     160       0       0       0       0       0       0       0       0     182      91       0       0       2       0       0       0     182      91
  115.000   198128.192      20   16337     160       0       0       0       0       0       0       0       0     176      88       0       0       2       0       0       0     176      88
  116.000   190778.624      19   15731     160       0       0       0       0       0       0       0       0     172      86       0       0       2       0       0       0     172      86
  117.000   181828.160      18   14993     160       0       0       0       0       0       0       0       0     168      84       0       0       2       0       0       0     168      84
  118.000   175497.344      18   14471     160       0       0       0       0       0       0       0       0     165      83       0       0       2       0       0       0     165      83
  119.000   174345.184      17   14376     160       0       0       0       0       0       0       0       0     160      80       0       0       2       0       0       0     160      80
  120.000   171119.136      17   14110     160       0       0       0       0       0       0       0       0     155      78       0       0       2       0       0       0     155      78
  121.000   169942.720      17   14013     160       0       0       0      47       0       0       0       0     180      90       0       0       2       0       0       0     180      90
  122.000   198467.776      20   16365     160       0       0       0       0       0       0       0       0     196      98       0       0       2       0       0       0     196      98
  123.000   225294.912      23   18577     160       0       0       0       0       0       0       0       0     196      98       0       0       2       0       0       0     196      98
  124.000   219412.832      22   18092     160       0       0       0       0       0       0       0       0     194      97       0       0       2       0       0       0     194      97
  125.000   214331.200      21   17673     160       0       0       0       0       0       0       0       0     194      97       0       0       2       0       0       0     194      97
  126.000   211626.656      21   17450     160       0       0       0       0       0       0       0       0     192      96       0       0       2       0       0       0     192      96
  127.000   207575.904      21   17116     160       0       0       0       0       0       0       0       0     189      95       0       0       2       0       0       0     189      95
  128.000   206472.256      21   17025     160       0       0       0       0       0       0       0       0     184      92       0       0       2       0       0       0     184      92
  129.000   202748.960      20   16718     160       0       0       0       0       0       0       0       0     180      90       0       0       2       0       0       0     180      90
  130.000   197909.888      20   16319     160       0       0       0       0       0       0       0       0     176      88       0       0       2       0       0       0     176      88
  131.000   191542.688      19   15794     160       0       0       0      25       0       0       0       0     186      93       0       0       2       0       0       0     186      93
  132.000   213166.912      21   17577     160       0       0       0       0       0       0       0       0     191      96       0       0       2       0       0       0     191      96
  133.000   234014.944      23   19296     160       0       0       0       0       0       0       0       0     188      94       0       0       2       0       0       0     188      94
  134.000   224215.520      22   18488     160       0       0       0       0       0       0       0       0     187      94       0       0       2       0       0       0     187      94
  135.000   218903.456      22   18050     160       0       0       0       0       0       0       0       0     185      93       0       0       2       0       0       0     185      93
  136.000   214319.072      21   17672     160       0       0       0       0       0       0       0       0     183      92       0       0       2       0       0       0     183      92
  137.000   211602.400      21   17448     160       0       0       0       0       0       0       0       0     179      90       0       0       2       0       0       0     179      90
  138.000   207915.488      21   17144     160       0       0       0       0       0       0       0       0     175      88       0       0       2       0       0       0     175      88
  139.000   205053.280      21   16908     160       0       0       0       0       0       0       0       0     169      85       0       0       2       0       0       0     169      85
  140.000   202918.752      20   16732     160       0       0       0       0       0       0       0       0     166      83       0       0       2       0       0       0     166      83
  141.000   190960.544      19   15746     160       0       0       0      35       0       0       0       0     184      92       0       0       2       0       0       0     184      92
  142.000   212051.136      21   17485     160       0       0       0       0       0       0       0       0     193      97       0       0       2       0       0       0     193      97
  143.000   233505.568      23   19254     160       0       0       0       0       0       0       0       0     193      97       0       0       2       0       0       0     193      97
  144.000   227186.880      23   18733     160       0       0       0       0       0       0       0       0     191      96       0       0       2       0       0       0     191      96
  145.000   218770.048      22   18039     160       0       0       0       0       0       0       0       0     188      94       0       0       2       0       0       0     188      94
  146.000   214222.048      21   17664     160       0       0       0       0       0       0       0       0     184      92       0       0       2       0       0       0     184      92
  147.000   211420.480      21   17433     160       0       0       0       0       0       0       0       0     182      91       0       0       2       0       0       0     182      91
  148.000   204932.000      20   16898     160       0       0       0       0       0       0       0       0     180      90       0       0       2       0       0       0     180      90
  149.000   199898.880      20   16483     160       0       0       0       0       0       0       0       0     175      88       0       0       2       0       0       0     175      88
  150.000   197497.536      20   16285     160       0       0       0       0       0       0       0       0     172      86       0       0       2       0       0       0     172      86
  151.000   195775.360      20   16143     160       0       0       0      29       0       0       0       0     187      94       0       0       2       0       0       0     187      94
  152.000   216732.544      22   17871     160       0       0       0       0       0       0       0       0     197      99       0       0       2       0       0       0     197      99
  153.000   235373.280      24   19408     160       0       0       0       0       0       0       0       0     195      98       0       0       2       0       0       0     195      98
  154.000   230194.624      23   18981     160       0       0       0       0       0       0       0       0     193      97       0       0       2       0       0       0     193      97
  155.000   223936.576      22   18465     160       0       0       0       0       0       0       0       0     191      96       0       0       2       0       0       0     191      96
  156.000   209516.384      21   17276     160       0       0       0       0       0       0       0       0     187      94       0       0       2       0       0       0     187      94
  157.000   204956.256      20   16900     160       0       0       0       0       0       0       0       0     184      92       0       0       2       0       0       0     184      92
  158.000   199801.856      20   16475     160       0       0       0       0       0       0       0       0     180      90       0       0       2       0       0       0     180      90
  159.000   197497.536      20   16285     160       0       0       0       0       0       0       0       0     176      88       0       0       2       0       0       0     176      88
  160.000   188619.840      19   15553     160       0       0       0       0       0       0       0       0     172      86       0       0       2       0       0       0     172      86
  161.000   181816.032      18   14992     160       0       0       0      30       0       0       0       0     186      93       0       0       2       0       0       0     186      93
  162.000   206108.416      21   16995     160       0       0       0       0       0       0       0       0     195      98       0       0       2       0       0       0     195      98
  163.000   230182.496      23   18980     160       0       0       0       0       0       0       0       0     193      97       0       0       2       0       0       0     193      97
  164.000   228617.984      23   18851     160       0       0       0       0       0       0       0       0     190      95       0       0       2       0       0       0     190      95
  165.000   227053.472      23   18722     160       0       0       0       0       0       0       0       0     188      94       0       0       2       0       0       0     188      94
  166.000   225719.392      23   18612     160       0       0       0       0       0       0       0       0     186      93       0       0       2       0       0       0     186      93
  167.000   221874.816      22   18295     160       0       0       0       0       0       0       0       0     183      92       0       0       2       0       0       0     183      92
  168.000   221098.624      22   18231     160       0       0       0       0       0       0       0       0     179      90       0       0       2       0       0       0     179      90
  169.000   211893.472      21   17472     160       0       0       0       0       0       0       0       0     175      88       0       0       2       0       0       0     175      88
  170.000   208728.064      21   17211     160       0       0       0       0       0       0       0       0     170      85       0       0       2       0       0       0     170      85
  171.000   203221.952      20   16757     160       0       0       0      32       0       0       0       0     184      92       0       0       2       0       0       0     184      92
  172.000   220856.064      22   18211     160       0       0       0       0       0       0       0       0     192      96       0       0       2       0       0       0     192      96
  173.000   239666.592      24   19762     160       0       0       0       0       0       0       0       0     190      95       0       0       2       0       0       0     190      95
  174.000   235482.432      24   19417     160       0       0       0       0       0       0       0       0     188      94       0       0       2       0       0       0     188      94
  175.000   233335.776      23   19240     160       0       0       0       0       0       0       0       0     185      93       0       0       2       0       0       0     185      93
  176.000   228399.680      23   18833     160       0       0       0       0       0       0       0       0     182      91       0       0       2       0       0       0     182      91
  177.000   221717.152      22   18282     160       0       0       0       0       0       0       0       0     180      90       0       0       2       0       0       0     180      90
  178.000   221620.128      22   18274     160       0       0       0       0       0       0       0       0     178      89       0       0       2       0       0       0     178      89
  179.000   218818.560      22   18043     160       0       0       0       0       0       0       0       0     176      88       0       0       2       0       0       0     176      88
  180.000   213227.552      21   17582     160       0       0       0       0       0       0       0       0     174      87       0       0       2       0       0       0     174      87
  181.000   209795.328      21   17299     160       0       0       0      26       0       0       0       0     188      94       0       0       2       0       0       0     188      94
  182.000   235724.992      24   19437     160       0       0       0       0       0       0       0       0     195      98       0       0       2       0       0       0     195      98
  183.000   259714.176      26   21415     160       0       0       0       0       0       0       0       0     195      98       0       0       2       0       0       0     195      98
  184.000   257033.888      26   21194     160       0       0       0       0       0       0       0       0     189      95       0       0       2       0       0       0     189      95
  185.000   251976.512      25   20777     160       0       0       0       0       0       0       0       0     187      94       0       0       2       0       0       0     187      94
  186.000   243620.320      24   20088     160       0       0       0       0       0       0       0       0     184      92       0       0       2       0       0       0     184      92
  187.000   240018.304      24   19791     160       0       0       0       0       0       0       0       0     181      91       0       0       2       0       0       0     181      91
  188.000   236222.240      24   19478     160       0       0       0       0       0       0       0       0     178      89       0       0       2       0       0       0     178      89
  189.000   229600.352      23   18932     160       0       0       0       0       0       0       0       0     175      88       0       0       2       0       0       0     175      88
  190.000   224918.944      22   18546     160       0       0       0       0       0       0       0       0     172      86       0       0       2       0       0       0     172      86
  191.000   219473.472      22   18097     160       0       0       0      29       0       0       0       0     187      94       0       0       2       0       0       0     187      94
  192.000   239739.360      24   19768     160       0       0       0       0       0       0       0       0     194      97       0       0       2       0       0       0     194      97
  193.000   260829.952      26   21507     160       0       0       0       0       0       0       0       0     195      98       0       0       2       0       0       0     195      98
  194.000   259277.568      26   21379     160       0       0       0       0       0       0       0       0     191      96       0       0       2       0       0       0     191      96
  195.000   255724.064      26   21086     160       0       0       0       0       0       0       0       0     187      94       0       0       2       0       0       0     187      94
  196.000   250023.904      25   20616     160       0       0       0       0       0       0       0       0     185      93       0       0       2       0       0       0     185      93
  197.000   247646.816      25   20420     160       0       0       0       0       0       0       0       0     185      93       0       0       2       0       0       0     185      93
  198.000   244905.888      24   20194     160       0       0       0       0       0       0       0       0     182      91       0       0       2       0       0       0     182      91
  199.000   242019.424      24   19956     160       0       0       0       0       0       0       0       0     180      90       0       0       2       0       0       0     180      90
  200.000   236586.080      24   19508     160       0       0       0       0       0       0       0       0     178      89       0       0       2       0       0       0     178      89
  201.000   228484.576      23   18840     160       0       0       0      23       0       0       0       0     186      93       0       0       2       0       0       0     186      93
  202.000   243741.600      24   20098     160       0       0       0       0       0       0       0       0     190      95       0       0       2       0       0       0     190      95
  203.000   259702.048      26   21414     160       0       0       0       0       0       0       0       0     188      94       0       0       2       0       0       0     188      94
  204.000   244360.128      24   20149     160       0       0       0       0       0       0       0       0     187      94       0       0       2       0       0       0     187      94
  205.000   239096.576      24   19715     160       0       0       0       0       0       0       0       0     184      92       0       0       2       0       0       0     184      92
  206.000   236331.392      24   19487     160       0       0       0       0       0       0       0       0     180      90       0       0       2       0       0       0     180      90
  207.000   234245.376      23   19315     160       0       0       0       0       0       0       0       0     176      88       0       0       2       0       0       0     176      88
  208.000   223706.144      22   18446     160       0       0       0       0       0       0       0       0     173      87       0       0       2       0       0       0     173      87
  209.000   214573.760      21   17693     160       0       0       0       0       0       0       0       0     172      86       0       0       2       0       0       0     172      86
  210.000   210911.104      21   17391     160       0       0       0       0       0       0       0       0     169      85       0       0       2       0       0       0     169      85
  211.000   207891.232      21   17142     160       0       0       0      32       0       0       0       0     185      93       0       0       2       0       0       0     185      93
  212.000   236525.440      24   19503     160       0       0       0       0       0       0       0       0     195      98       0       0       2       0       0       0     195      98
  213.000   264225.792      26   21787     160       0       0       0       0       0       0       0       0     194      97       0       0       2       0       0       0     194      97
  214.000   258525.632      26   21317     160       0       0       0       0       0       0       0       0     192      96       0       0       2       0       0       0     192      96
  215.000   255323.840      26   21053     160       0       0       0       0       0       0       0       0     190      95       0       0       2       0       0       0     190      95
  216.000   253844.224      25   20931     160       0       0       0       0       0       0       0       0     184      92       0       0       2       0       0       0     184      92
  217.000   250630.304      25   20666     160       0       0       0       0       0       0       0       0     180      90       0       0       2       0       0       0     180      90
  218.000   245354.624      25   20231     160       0       0       0       0       0       0       0       0     177      89       0       0       2       0       0       0     177      89
  219.000   238089.952      24   19632     160       0       0       0       0       0       0       0       0     171      86       0       0       2       0       0       0     171      86
  220.000   233117.472      23   19222     160       0       0       0       0       0       0       0       0     168      84       0       0       2       0       0       0     168      84
  221.000   218297.056      22   18000     160       0       0       0      33       0       0       0       0     185      93       0       0       2       0       0       0     185      93
  222.000   243086.688      24   20044     160       0       0       0       0       0       0       0       0     195      98       0       0       2       0       0       0     195      98
  223.000   266420.960      27   21968     160       0       0       0       0       0       0       0       0     192      96       0       0       2       0       0       0     192      96
  224.000   262455.104      26   21641     160       0       0       0       0       0       0       0       0     187      94       0       0       2       0       0       0     187      94
  225.000   261096.768      26   21529     160       0       0       0       0       0       0       0       0     182      91       0       0       2       0       0       0     182      91
  226.000   255784.704      26   21091     160       0       0       0       0       0       0       0       0     180      90       0       0       2       0       0       0     180      90
  227.000   252922.496      25   20855     160       0       0       0       0       0       0       0       0     177      89       0       0       2       0       0       0     177      89
  228.000   251661.184      25   20751     160       0       0       0       0       0       0       0       0     174      87       0       0       2       0       0       0     174      87
  229.000   248604.928      25   20499     160       0       0       0       0       0       0       0       0     172      86       0       0       2       0       0       0     172      86
  230.000   244930.144      24   20196     160       0       0       0       0       0       0       0       0     170      85       0       0       2       0       0       0     170      85
  231.000   240357.888      24   19819     160       0       0       0      30       0       0       0       0     186      93       0       0       2       0       0       0     186      93
  232.000   252910.368      25   20854     160       0       0       0       0       0       0       0       0     195      98       0       0       2       0       0       0     195      98
  233.000   267682.272      27   22072     160       0       0       0       0       0       0       0       0     194      97       0       0       2       0       0       0     194      97
  234.000   255105.536      26   21035     160       0       0       0       0       0       0       0       0     191      96       0       0       2       0       0       0     191      96
  235.000   248216.832      25   20467     160       0       0       0       0       0       0       0       0     189      95       0       0       2       0       0       0     189      95
  236.000   243426.272      24   20072     160       0       0       0       0       0       0       0       0     181      91       0       0       2       0       0       0     181      91
  237.000   237034.816      24   19545     160       0       0       0       0       0       0       0       0     177      89       0       0       2       0       0       0     177      89
  238.000   235712.864      24   19436     160       0       0       0       0       0       0       0       0     174      87       0       0       2       0       0       0     174      87
  239.000   230606.976      23   19015     160       0       0       0       0       0       0       0       0     171      86       0       0       2       0       0       0     171      86
  240.000   221122.880      22   18233     160       0       0       0       0       0       0       0       0     170      85       0       0       2       0       0       0     170      85
  241.000   217678.528      22   17949     160       0       0       0      31       0       0       0       0     186      93       0       0       2       0       0       0     186      93
  242.000   235252.000      24   19398     160       0       0       0       0       0       0       0       0     196      98       0       0       2       0       0       0     196      98
  243.000   255990.880      26   21108     160       0       0       0       0       0       0       0       0     196      98       0       0       2       0       0       0     196      98
  244.000   251394.368      25   20729     160       0       0       0       0       0       0       0       0     194      97       0       0       2       0       0       0     194      97
  245.000   244990.784      24   20201     160       0       0       0       0       0       0       0       0     192      96       0       0       2       0       0       0     192      96
  246.000   242019.424      24   19956     160       0       0       0       0       0       0       0       0     190      95       0       0       2       0       0       0     190      95
  247.000   236646.720      24   19513     160       0       0       0       0       0       0       0       0     184      92       0       0       2       0       0       0     184      92
  248.000   228205.632      23   18817     160       0       0       0       0       0       0       0       0     179      90       0       0       2       0       0       0     179      90
  249.000   220189.024      22   18156     160       0       0       0       0       0       0       0       0     173      87       0       0       2       0       0       0     173      87
  250.000   216417.216      22   17845     160       0       0       0       0       0       0       0       0     169      85       0       0       2       0       0       0     169      85
  251.000   211384.096      21   17430     160       0       0       0      32       0       0       0       0     186      93       0       0       2       0       0       0     186      93
  252.000   234584.960      23   19343     160       0       0       0       0       0       0       0       0     194      97       0       0       2       0       0       0     194      97
  253.000   252097.792      25   20787     160       0       0       0       0       0       0       0       0     194      97       0       0       2       0       0       0     194      97
  254.000   243304.992      24   20062     160       0       0       0       0       0       0       0       0     192      96       0       0       2       0       0       0     192      96
  255.000   240309.376      24   19815     160       0       0       0       0       0       0       0       0     189      95       0       0       2       0       0       0     189      95
  256.000   237738.240      24   19603     160       0       0       0       0       0       0       0       0     185      93       0       0       2       0       0       0     185      93
  257.000   233505.568      23   19254     160       0       0       0       0       0       0       0       0     180      90       0       0       2       0       0       0     180      90
  258.000   228120.736      23   18810     160       0       0       0       0       0       0       0       0     177      89       0       0       2       0       0       0     177      89
  259.000   226895.808      23   18709     160       0       0       0       0       0       0       0       0     175      88       0       0       2       0       0       0     175      88
  260.000   224239.776      22   18490     160       0       0       0       0       0       0       0       0     172      86       0       0       2       0       0       0     172      86
  261.000   217727.040      22   17953     160       0       0       0      28       0       0       0       0     186      93       0       0       2       0       0       0     186      93
  262.000   239108.704      24   19716     160       0       0       0       0       0       0       0       0     194      97       0       0       2       0       0       0     194      97
  263.000   258828.832      26   21342     160       0       0       0       0       0       0       0       0     190      95       0       0       2       0       0       0     190      95
  264.000   256548.768      26   21154     160       0       0       0       0       0       0       0       0     187      94       0       0       2       0       0       0     187      94
  265.000   250739.456      25   20675     160       0       0       0       0       0       0       0       0     184      92       0       0       2       0       0       0     184      92
  266.000   245500.160      25   20243     160       0       0       0       0       0       0       0       0     182      91       0       0       2       0       0       0     182      91
  267.000   243511.168      24   20079     160       0       0       0       0       0       0       0       0     180      90       0       0       2       0       0       0     180      90
  268.000   233517.696      23   19255     160       0       0       0       0       0       0       0       0     176      88       0       0       2       0       0       0     176      88
  269.000   224385.312      22   18502     160       0       0       0       0       0       0       0       0     172      86       0       0       2       0       0       0     172      86
  270.000   222178.016      22   18320     160       0       0       0       0       0       0       0       0     170      85       0       0       2       0       0       0     170      85
  271.000   214998.240      21   17728     160       0       0       0      32       0       0       0       0     187      94       0       0       2       0       0       0     187      94
  272.000   232571.712      23   19177     160       0       0       0       0       0       0       0       0     196      98       0       0       2       0       0       0     196      98
  273.000   251357.984      25   20726     160       0       0       0       0       0       0       0       0     194      97       0       0       2       0       0       0     194      97
  274.000   245015.040      25   20203     160       0       0       0       0       0       0       0       0     193      97       0       0       2       0       0       0     193      97
  275.000   243445.344      24   20073     160       0       0       0       0       0       0       0       0     191      96       0       0       2       0       0       0     191      96
