  TimeSec      LoaKbps LoaUsag Packets DlyUsec LoaDrps MetDrps TabDrps FloMods MetMods GroMods  PktsIn PktsOut FloEntr FloUsag MetEntr MetUsag GroEntr GroUsag BufPkts BufUsag  T0Entr  T0Usag
    1.000        0.000       0       0     173       0       0       0       3       0       2       0       0       3       0       0       0       2       0       0       0       3       0
    2.000      247.744       0      21     256       0       0       0       2       0       0       0       0       4       0       0       0       2       0       0       0       4       0
    3.000      781.376       0      65     362       0       0       0       6       0       0       0       0       8       0       0       0       2       0       0       0       8       0
    4.000     5014.048       1     414     455       0       0       0       8       0       0       0       0      16       0       0       0       2       0       0       0      16       0
    5.000     7294.112       2     602     495       0       0       0       8       0       0       0       0      22       0       0       0       2       0       0       0      22       0
    6.000    14085.792       3    1162     499       0       0       0       6       0       0       0       0      29       0       0       0       2       0       0       0      29       0
    7.000    18451.872       4    1522     589       0       0       0      12       0       0       0       0      37       0       0       0       2       0       0       0      37       0
    8.000    25122.272       6    2072     598       0       0       0       8       0       0       0       0      50       1       0       0       2       0       0       0      50       1
    9.000    28651.520       6    2363     599       0       0       0      10       0       0       0       0      58       1       0       0       2       0       0       0      58       1
   10.000    33975.712       8    2802     686       0       0       0      12       0       0       0       0      69       1       0       0       2       0       0       0      69       1
   11.000    40258.016       9    3320     698       0       0       0      14       0       0       0       0      80       1       0       0       2       0       0       0      80       1
   12.000    48747.616      11    4020     699       0       0       0      16       0       0       0       0      98       1       0       0       2       0       0       0      98       1
   13.000    53356.256      12    4400     699       0       0       0       4       0       0       0       0     107       1       0       0       2       0       0       0     107       1
   14.000    54811.616      12    4520     699       0       0       0       6       0       0       0       0     112       1       0       0       2       0       0       0     112       1
   15.000    59990.272      13    4947     700       0       0       0      14       0       0       0       0     122       1       0       0       2       0       0       0     122       1
   16.000    67000.256      15    5525     789       0       0       0       8       0       0       0       0     134       2       0       0       2       0       0       0     134       2
   17.000    71633.152      16    5907     798       0       0       0       8       0       0       0       0     141       2       0       0       2       0       0       0     141       2
   18.000    75186.656      17    6200     799       0       0       0      10       0       0       0       0     148       2       0       0       2       0       0       0     148       2
   19.000    80547.232      18    6642     799       0       0       0      14       0       0       0       0     158       2       0       0       2       0       0       0     158       2
   20.000    82681.760      18    6818     799       0       0       0       8       0       0       0       0     164       2       0       0       2       0       0       0     164       2
   21.000    85944.192      19    7087     800       0       0       0      12       0       0       0       0     170       2       0       0       2       0       0       0     170       2
   22.000    90504.320      20    7463     800       0       0       0       8       0       0       0       0     177       2       0       0       2       0       0       0     177       2
   23.000    96325.760      21    7943     800       0       0       0      12       0       0       0       0     181       2       0       0       2       0       0       0     181       2
   24.000   100473.536      22    8285     800       0       0       0       6       0       0       0       0     185       2       0       0       2       0       0       0     185       2
   25.000   105227.712      23    8677     800       0       0       0       8       0       0       0       0     188       2       0       0       2       0       0       0     188       2
   26.000   107046.912      24    8827     800       0       0       0       8       0       0       0       0     187       2       0       0       2       0       0       0     187       2
   27.000   104451.520      23    8613     800       0       0       0       8       0       0       0       0     188       2       0       0       2       0       0       0     188       2
   28.000   107483.520      24    8863     800       0       0       0      10       0       0       0       0     192       2       0       0       2       0       0       0     192       2
   29.000   111218.944      25    9171     800       0       0       0       6       0       0       0       0     197       2       0       0       2       0       0       0     197       2
   30.000   114250.944      25    9421     800       0       0       0       8       0       0       0       0     201       2       0       0       2       0       0       0     201       2
   31.000   117440.608      26    9684     800       0       0       0      10       0       0       0       0     201       2       0       0       2       0       0       0     201       2
   32.000   120460.480      27    9933     800       0       0       0      12       0       0       0       0     208       3       0       0       2       0       0       0     208       3
   33.000   127640.256      28   10525     800       0       0       0       8       0       0       0       0     213       3       0       0       2       0       0       0     213       3
   34.000   129702.016      29   10695     800       0       0       0       6       0       0       0       0     212       3       0       0       2       0       0       0     212       3
   35.000   127797.920      28   10538     800       0       0       0       6       0       0       0       0     210       3       0       0       2       0       0       0     210       3
   36.000   128586.240      29   10603     800       0       0       0      10       0       0       0       0     215       3       0       0       2       0       0       0     215       3
   37.000   130478.208      29   10759     800       0       0       0      14       0       0       0       0     221       3       0       0       2       0       0       0     221       3
   38.000   134068.096      30   11055     800       0       0       0       8       0       0       0       0     224       3       0       0       2       0       0       0     224       3
   39.000   142363.648      32   11739     800       0       0       0      22       0       0       0       0     234       3       0       0       2       0       0       0     234       3
   40.000   150137.696      33   12380     800       0       0       0      10       0       0       0       0     247       3       0       0       2       0       0       0     247       3
   41.000   150246.848      33   12389     800       0       0       0       8       0       0       0       0     251       3       0       0       2       0       0       0     251       3
   42.000   155267.840      35   12803     859       0       0       0      16       0       0       0       0     257       3       0       0       2       0       0       0     257       3
   43.000   161271.200      36   13298     895       0       0       0      12       0       0       0       0     264       3       0       0       2       0       0       0     264       3
   44.000   162508.256      36   13400     899       0       0       0       4       0       0       0       0     268       3       0       0       2       0       0       0     268       3
   45.000   165249.184      37   13626     899       0       0       0      10       0       0       0       0     268       3       0       0       2       0       0       0     268       3
   46.000   167286.688      37   13794     899       0       0       0       2       0       0       0       0     269       3       0       0       2       0       0       0     269       3
   47.000   167880.960      37   13843     899       0       0       0      10       0       0       0       0     269       3       0       0       2       0       0       0     269       3
   48.000   168936.096      38   13930     900       0       0       0       6       0       0       0       0     270       3       0       0       2       0       0       0     270       3
   49.000   169772.928      38   13999     900       0       0       0      10       0       0       0       0     272       3       0       0       2       0       0       0     272       3
   50.000   176819.296      39   14580     900       0       0       0       2       0       0       0       0     274       3       0       0       2       0       0       0     274       3
   51.000   175218.400      39   14448     900       0       0       0       6       0       0       0       0     273       3       0       0       2       0       0       0     273       3
   52.000   175448.832      39   14467     900       0       0       0      12       0       0       0       0     274       3       0       0       2       0       0       0     274       3
   53.000   178905.312      40   14752     900       0       0       0      10       0       0       0       0     280       3       0       0       2       0       0       0     280       3
   54.000   186036.576      41   15340     900       0       0       0       8       0       0       0       0     282       3       0       0       2       0       0       0     282       3
   55.000   189250.496      42   15605     900       0       0       0      14       0       0       0       0     284       3       0       0       2       0       0       0     284       3
   56.000   192719.104      43   15891     900       0       0       0       8       0       0       0       0     289       4       0       0       2       0       0       0     289       4
   57.000   195314.496      43   16105     900       0       0       0      12       0       0       0       0     291       4       0       0       2       0       0       0     291       4
   58.000   205392.864      46   16936     900       0       0       0      14       0       0       0       0     294       4       0       0       2       0       0       0     294       4
   59.000   206217.568      46   17004     900       0       0       0       8       0       0       0       0     300       4       0       0       2       0       0       0     300       4
   60.000   209395.104      47   17266     900       0       0       0       8       0       0       0       0     303       4       0       0       2       0       0       0     303       4
   61.000   211323.456      47   17425     900       0       0       0      14       0       0       0       0     312       4       0       0       2       0       0       0     312       4
   62.000   211990.496      47   17480     900       0       0       0      10       0       0       0       0     317       4       0       0       2       0       0       0     317       4
   63.000   214549.504      48   17691     900       0       0       0      10       0       0       0       0     323       4       0       0       2       0       0       0     323       4
   64.000   220880.320      49   18213     900       0       0       0      12       0       0       0       0     328       4       0       0       2       0       0       0     328       4
   65.000   225961.952      50   18632     900       0       0       0      14       0       0       0       0     335       4       0       0       2       0       0       0     335       4
   66.000   227890.304      51   18791     900       0       0       0       8       0       0       0       0     340       4       0       0       2       0       0       0     340       4
   67.000   226362.176      50   18665     900       0       0       0       4       0       0       0       0     342       4       0       0       2       0       0       0     342       4
   68.000   218224.288      48   17994     900       0       0       0      16       0       0       0       0     343       4       0       0       2       0       0       0     343       4
   69.000   222214.400      49   18323     900       0       0       0       8       0       0       0       0     348       4       0       0       2       0       0       0     348       4
   70.000   226519.840      50   18678     900       0       0       0      14       0       0       0       0     351       4       0       0       2       0       0       0     351       4
   71.000   228593.728      51   18849     900       0       0       0       2       0       0       0       0     349       4       0       0       2       0       0       0     349       4
   72.000   231443.808      51   19084     900       0       0       0      14       0       0       0       0     354       4       0       0       2       0       0       0     354       4
   73.000   234136.224      52   19306     900       0       0       0      10       0       0       0       0     354       4       0       0       2       0       0       0     354       4
   74.000   234863.904      52   19366     900       0       0       0       8       0       0       0       0     356       4       0       0       2       0       0       0     356       4
   75.000   234912.416      52   19370     900       0       0       0      10       0       0       0       0     358       4       0       0       2       0       0       0     358       4
   76.000   230109.728      51   18974     900       0       0       0       8       0       0       0       0     358       4       0       0       2       0       0       0     358       4
   77.000   230958.688      51   19044     900       0       0       0      14       0       0       0       0     362       4       0       0       2       0       0       0     362       4
   78.000   232717.248      52   19189     900       0       0       0      18       0       0       0       0     372       5       0       0       2       0       0       0     372       5
   79.000   232171.488      52   19144     900       0       0       0      14       0       0       0       0     379       5       0       0       2       0       0       0     379       5
   80.000   237871.648      53   19614     900       0       0       0      10       0       0       0       0     381       5       0       0       2       0       0       0     381       5
   81.000   241097.696      54   19880     900       0       0       0       6       0       0       0       0     378       5       0       0       2       0       0       0     378       5
   82.000   239945.536      53   19785     900       0       0       0       8       0       0       0       0     378       5       0       0       2       0       0       0     378       5
   83.000   243195.840      54   20053     900       0       0       0      16       0       0       0       0     383       5       0       0       2       0       0       0     383       5
   84.000   248568.544      55   20496     900       0       0       0      12       0       0       0       0     387       5       0       0       2       0       0       0     387       5
   85.000   250921.376      56   20690     900       0       0       0       6       0       0       0       0     389       5       0       0       2       0       0       0     389       5
   86.000   250472.640      56   20653     900       0       0       0       8       0       0       0       0     393       5       0       0       2       0       0       0     393       5
   87.000   247683.200      55   20423     900       0       0       0       6       0       0       0       0     389       5       0       0       2       0       0       0     389       5
   88.000   245803.360      55   20268     900       0       0       0       8       0       0       0       0     390       5       0       0       2       0       0       0     390       5
   89.000   239605.952      53   19757     900       0       0       0      14       0       0       0       0     393       5       0       0       2       0       0       0     393       5
   90.000   245973.152      55   20282     900       0       0       0      14       0       0       0       0     401       5       0       0       2       0       0       0     401       5
   91.000   245779.104      55   20266     900       0       0       0       8       0       0       0       0     403       5       0       0       2       0       0       0     403       5
   92.000   241255.360      54   19893     900       0       0       0       4       0       0       0       0     399       5       0       0       2       0       0       0     399       5
   93.000   239339.136      53   19735     900       0       0       0      14       0       0       0       0     394       5       0       0       2       0       0       0     394       5
   94.000   240442.784      53   19826     900       0       0       0      14       0       0       0       0     391       5       0       0       2       0       0       0     391       5
   95.000   248653.440      55   20503     900       0       0       0       8       0       0       0       0     390       5       0       0       2       0       0       0     390       5
   96.000   254086.784      56   20951     900       0       0       0      16       0       0       0       0     397       5       0       0       2       0       0       0     397       5
   97.000   255578.528      57   21074     900       0       0       0       8       0       0       0       0     400       5       0       0       2       0       0       0     400       5
   98.000   257361.344      57   21221     900       0       0       0      12       0       0       0       0     401       5       0       0       2       0       0       0     401       5
   99.000   263619.392      59   21737     900       0       0       0      12       0       0       0       0     402       5       0       0       2       0       0       0     402       5
  100.000   267088.000      59   22023     900       0       0       0      12       0       0       0       0     407       5       0       0       2       0       0       0     407       5
  101.000   266481.600      59   21973     900       0       0       0       8       0       0       0       0     409       5       0       0       2       0       0       0     409       5
  102.000   265669.024      59   21906     900       0       0       0      10       0       0       0       0     412       5       0       0       2       0       0       0     412       5
  103.000   260344.832      58   21467     900       0       0       0       8       0       0       0       0     408       5       0       0       2       0       0       0     408       5
  104.000   262261.056      58   21625     900       0       0       0      12       0       0       0       0     407       5       0       0       2       0       0       0     407       5
  105.000   263910.464      59   21761     900       0       0       0       6       0       0       0       0     403       5       0       0       2       0       0       0     403       5
  106.000   267233.536      59   22035     900       0       0       0      12       0       0       0       0     399       5       0       0       2       0       0       0     399       5
  107.000   271211.520      60   22363     900       0       0       0      12       0       0       0       0     401       5       0       0       2       0       0       0     401       5
  108.000   274352.672      61   22622     900       0       0       0      12       0       0       0       0     403       5       0       0       2       0       0       0     403       5
  109.000   272424.320      61   22463     900       0       0       0       6       0       0       0       0     404       5       0       0       2       0       0       0     404       5
  110.000   269113.376      60   22190     900       0       0       0      18       0       0       0       0     406       5       0       0       2       0       0       0     406       5
  111.000   256027.264      57   21111     900       0       0       0       8       0       0       0       0     406       5       0       0       2       0       0       0     406       5
  112.000   256269.824      57   21131     900       0       0       0       4       0       0       0       0     401       5       0       0       2       0       0       0     401       5
  113.000   254668.928      57   20999     900       0       0       0      14       0       0       0       0     399       5       0       0       2       0       0       0     399       5
  114.000   252340.352      56   20807     900       0       0       0       8       0       0       0       0     401       5       0       0       2       0       0       0     401       5
  115.000   256536.640      57   21153     900       0       0       0       6       0       0       0       0     401       5       0       0       2       0       0       0     401       5
  116.000   258125.408      57   21284     900       0       0       0      12       0       0       0       0     398       5       0       0       2       0       0       0     398       5
  117.000   260296.320      58   21463     900       0       0       0      12       0       0       0       0     398       5       0       0       2       0       0       0     398       5
  118.000   259980.992      58   21437     900       0       0       0      10       0       0       0       0     401       5       0       0       2       0       0       0     401       5
  119.000   263764.928      59   21749     900       0       0       0      10       0       0       0       0     401       5       0       0       2       0       0       0     401       5
  120.000   263413.216      59   21720     900       0       0       0      10       0       0       0       0     402       5       0       0       2       0       0       0     402       5
  121.000   260490.368      58   21479     900       0       0       0      12       0       0       0       0     406       5       0       0       2       0       0       0     406       5
  122.000   260441.856      58   21475     900       0       0       0      12       0       0       0       0     408       5       0       0       2       0       0       0     408       5
  123.000   262734.048      58   21664     900       0       0       0      10       0       0       0       0     405       5       0       0       2       0       0       0     405       5
  124.000   263194.912      58   21702     900       0       0       0       8       0       0       0       0     405       5       0       0       2       0       0       0     405       5
  125.000   262576.384      58   21651     900       0       0       0      12       0       0       0       0     402       5       0       0       2       0       0       0     402       5
  126.000   264856.448      59   21839     900       0       0       0       6       0       0       0       0     399       5       0       0       2       0       0       0     399       5
  127.000   261509.120      58   21563     900       0       0       0      10       0       0       0       0     400       5       0       0       2       0       0       0     400       5
  128.000   260623.776      58   21490     900       0       0       0      10       0       0       0       0     402       5       0       0       2       0       0       0     402       5
  129.000   259823.328      58   21424     900       0       0       0      14       0       0       0       0     402       5       0       0       2       0       0       0     402       5
  130.000   251867.360      56   20768     900       0       0       0       6       0       0       0       0     407       5       0       0       2       0       0       0     407       5
  131.000   253395.488      56   20894     900       0       0       0      18       0       0       0       0     409       5       0       0       2       0       0       0     409       5
  132.000   258246.688      57   21294     900       0       0       0       8       0       0       0       0     412       5       0       0       2       0       0       0     412       5
  133.000   256536.640      57   21153     900       0       0       0      12       0       0       0       0     411       5       0       0       2       0       0       0     411       5
  134.000   257628.160      57   21243     900       0       0       0      14       0       0       0       0     418       5       0       0       2       0       0       0     418       5
  135.000   264104.512      59   21777     900       0       0       0      14       0       0       0       0     421       5       0       0       2       0       0       0     421       5
  136.000   267682.272      59   22072     900       0       0       0       8       0       0       0       0     422       5       0       0       2       0       0       0     422       5
  137.000   267791.424      60   22081     900       0       0       0       6       0       0       0       0     419       5       0       0       2       0       0       0     419       5
  138.000   269052.736      60   22185     900       0       0       0      10       0       0       0       0     421       5       0       0       2       0       0       0     421       5
  139.000   266590.752      59   21982     900       0       0       0       4       0       0       0       0     416       5       0       0       2       0       0       0     416       5
  140.000   260866.336      58   21510     900       0       0       0       4       0       0       0       0     413       5       0       0       2       0       0       0     413       5
  141.000   261193.792      58   21537     900       0       0       0       8       0       0       0       0     413       5       0       0       2       0       0       0     413       5
  142.000   262297.440      58   21628     900       0       0       0       8       0       0       0       0     413       5       0       0       2       0       0       0     413       5
  143.000   262200.416      58   21620     900       0       0       0       8       0       0       0       0     409       5       0       0       2       0       0       0     409       5
  144.000   269974.464      60   22261     900       0       0       0       6       0       0       0       0     410       5       0       0       2       0       0       0     410       5
  145.000   273879.680      61   22583     900       0       0       0      16       0       0       0       0     407       5       0       0       2       0       0       0     407       5
  146.000   278973.440      62   23003     900       0       0       0       8       0       0       0       0     407       5       0       0       2       0       0       0     407       5
  147.000   277227.008      62   22859     900       0       0       0      12       0       0       0       0     405       5       0       0       2       0       0       0     405       5
  148.000   277857.664      62   22911     900       0       0       0      10       0       0       0       0     405       5       0       0       2       0       0       0     405       5
  149.000   277784.896      62   22905     900       0       0       0      10       0       0       0       0     403       5       0       0       2       0       0       0     403       5
  150.000   278124.480      62   22933     900       0       0       0      10       0       0       0       0     402       5       0       0       2       0       0       0     402       5
  151.000   276620.608      61   22809     900       0       0       0       6       0       0       0       0     402       5       0       0       2       0       0       0     402       5
  152.000   276450.816      61   22795     900       0       0       0       8       0       0       0       0     404       5       0       0       2       0       0       0     404       5
  153.000   278051.712      62   22927     900       0       0       0      12       0       0       0       0     404       5       0       0       2       0       0       0     404       5
  154.000   283521.440      63   23378     900       0       0       0      12       0       0       0       0     412       5       0       0       2       0       0       0     412       5
  155.000   278488.320      62   22963     900       0       0       0       8       0       0       0       0     412       5       0       0       2       0       0       0     412       5
  156.000   275116.736      61   22685     900       0       0       0      10       0       0       0       0     413       5       0       0       2       0       0       0     413       5
  157.000   274037.344      61   22596     900       0       0       0      12       0       0       0       0     418       5       0       0       2       0       0       0     418       5
  158.000   275419.936      61   22710     900       0       0       0      10       0       0       0       0     422       5       0       0       2       0       0       0     422       5
  159.000   280319.648      62   23114     900       0       0       0       4       0       0       0       0     423       5       0       0       2       0       0       0     423       5
  160.000   272921.568      61   22504     900       0       0       0      10       0       0       0       0     422       5       0       0       2       0       0       0     422       5
  161.000   274619.488      61   22644     900       0       0       0      14       0       0       0       0     425       5       0       0       2       0       0       0     425       5
  162.000   276329.536      61   22785     900       0       0       0       8       0       0       0       0     422       5       0       0       2       0       0       0     422       5
  163.000   275553.344      61   22721     900       0       0       0      10       0       0       0       0     423       5       0       0       2       0       0       0     423       5
  164.000   269368.064      60   22211     900       0       0       0      10       0       0       0       0     423       5       0       0       2       0       0       0     423       5
  165.000   266008.608      59   21934     900       0       0       0       4       0       0       0       0     418       5       0       0       2       0       0       0     418       5
  166.000   264407.712      59   21802     900       0       0       0       8       0       0       0       0     415       5       0       0       2       0       0       0     415       5
  167.000   258731.808      57   21334     900       0       0       0      10       0       0       0       0     413       5       0       0       2       0       0       0     413       5
  168.000   256779.200      57   21173     900       0       0       0       8       0       0       0       0     415       5       0       0       2       0       0       0     415       5
  169.000   254620.416      57   20995     900       0       0       0       8       0       0       0       0     413       5       0       0       2       0       0       0     413       5
  170.000   256609.408      57   21159     900       0       0       0       8       0       0       0       0     412       5       0       0       2       0       0       0     412       5
  171.000   261969.984      58   21601     900       0       0       0      16       0       0       0       0     413       5       0       0       2       0       0       0     413       5
  172.000   268434.208      60   22134     900       0       0       0      20       0       0       0       0     422       5       0       0       2       0       0       0     422       5
  173.000   261060.384      58   21526     900       0       0       0       6       0       0       0       0     421       5       0       0       2       0       0       0     421       5
  174.000   262345.952      58   21632     900       0       0       0      10       0       0       0       0     420       5       0       0       2       0       0       0     420       5
  175.000   263886.208      59   21759     900       0       0       0       6       0       0       0       0     415       5       0       0       2       0       0       0     415       5
  176.000   267912.704      60   22091     900       0       0       0      16       0       0       0       0     417       5       0       0       2       0       0       0     417       5
  177.000   270968.960      60   22343     900       0       0       0      10       0       0       0       0     419       5       0       0       2       0       0       0     419       5
  178.000   270884.064      60   22336     900       0       0       0       8       0       0       0       0     415       5       0       0       2       0       0       0     415       5
  179.000   265850.944      59   21921     900       0       0       0      10       0       0       0       0     411       5       0       0       2       0       0       0     411       5
  180.000   265572.000      59   21898     900       0       0       0       6       0       0       0       0     411       5       0       0       2       0       0       0     411       5
  181.000   261957.856      58   21600     900       0       0       0      16       0       0       0       0     413       5       0       0       2       0       0       0     413       5
  182.000   269271.040      60   22203     900       0       0       0       8       0       0       0       0     413       5       0       0       2       0       0       0     413       5
  183.000   267451.840      59   22053     900       0       0       0       8       0       0       0       0     409       5       0       0       2       0       0       0     409       5
  184.000   269222.528      60   22199     900       0       0       0       4       0       0       0       0     404       5       0       0       2       0       0       0     404       5
  185.000   268434.208      60   22134     900       0       0       0       8       0       0       0       0     402       5       0       0       2       0       0       0     402       5
  186.000   267742.912      59   22077     900       0       0       0      14       0       0       0       0     404       5       0       0       2       0       0       0     404       5
  187.000   268422.080      60   22133     900       0       0       0      16       0       0       0       0     404       5       0       0       2       0       0       0     404       5
  188.000   264904.960      59   21843     900       0       0       0      10       0       0       0       0     405       5       0       0       2       0       0       0     405       5
  189.000   270811.296      60   22330     900       0       0       0      12       0       0       0       0     409       5       0       0       2       0       0       0     409       5
  190.000   273054.976      61   22515     900       0       0       0       8       0       0       0       0     410       5       0       0       2       0       0       0     410       5
  191.000   275395.680      61   22708     900       0       0       0      12       0       0       0       0     409       5       0       0       2       0       0       0     409       5
  192.000   270495.968      60   22304     900       0       0       0       8       0       0       0       0     409       5       0       0       2       0       0       0     409       5
  193.000   266809.056      59   22000     900       0       0       0       8       0       0       0       0     406       5       0       0       2       0       0       0     406       5
  194.000   268591.872      60   22147     900       0       0       0      14       0       0       0       0     403       5       0       0       2       0       0       0     403       5
  195.000   276147.616      61   22770     900       0       0       0      10       0       0       0       0     405       5       0       0       2       0       0       0     405       5
  196.000   281386.912      63   23202     900       0       0       0       8       0       0       0       0     406       5       0       0       2       0       0       0     406       5
  197.000   281690.112      63   23227     900       0       0       0      10       0       0       0       0     406       5       0       0       2       0       0       0     406       5
  198.000   277372.544      62   22871     900       0       0       0       8       0       0       0       0     406       5       0       0       2       0       0       0     406       5
  199.000   276014.208      61   22759     900       0       0       0       8       0       0       0       0     407       5       0       0       2       0       0       0     407       5
  200.000   279676.864      62   23061     900       0       0       0      10       0       0       0       0     411       5       0       0       2       0       0       0     411       5
  201.000   278949.184      62   23001     900       0       0       0       8       0       0       0       0     407       5       0       0       2       0       0       0     407       5
  202.000   281447.552      63   23207     900       0       0       0       6       0       0       0       0     400       5       0       0       2       0       0       0     400       5
  203.000   282442.048      63   23289     900       0       0       0      12       0       0       0       0     397       5       0       0       2       0       0       0     397       5
  204.000   279664.736      62   23060     900       0       0       0       8       0       0       0       0     396       5       0       0       2       0       0       0     396       5
  205.000   276656.992      61   22812     900       0       0       0      10       0       0       0       0     397       5       0       0       2       0       0       0     397       5
  206.000   281872.032      63   23242     900       0       0       0      12       0       0       0       0     401       5       0       0       2       0       0       0     401       5
  207.000   282636.096      63   23305     900       0       0       0       8       0       0       0       0     398       5       0       0       2       0       0       0     398       5
  208.000   276099.104      61   22766     900       0       0       0       4       0       0       0       0     393       5       0       0       2       0       0       0     393       5
  209.000   268155.264      60   22111     900       0       0       0       8       0       0       0       0     391       5       0       0       2       0       0       0     391       5
  210.000   266239.040      59   21953     900       0       0       0      12       0       0       0       0     396       5       0       0       2       0       0       0     396       5
  211.000   269319.552      60   22207     900       0       0       0      10       0       0       0       0     397       5       0       0       2       0       0       0     397       5
  212.000   270532.352      60   22307     900       0       0       0       8       0       0       0       0     397       5       0       0       2       0       0       0     397       5
  213.000   267658.016      59   22070     900       0       0       0      10       0       0       0       0     395       5       0       0       2       0       0       0     395       5
  214.000   271975.584      60   22426     900       0       0       0      10       0       0       0       0     395       5       0       0       2       0       0       0     395       5
  215.000   269477.216      60   22220     900       0       0       0      12       0       0       0       0     395       5       0       0       2       0       0       0     395       5
  216.000   270544.480      60   22308     900       0       0       0      14       0       0       0       0     399       5       0       0       2       0       0       0     399       5
  217.000   271163.008      60   22359     900       0       0       0      10       0       0       0       0     404       5       0       0       2       0       0       0     404       5
  218.000   267488.224      59   22056     900       0       0       0      10       0       0       0       0     403       5       0       0       2       0       0       0     403       5
  219.000   264250.048      59   21789     900       0       0       0       6       0       0       0       0     402       5       0       0       2       0       0       0     402       5
  220.000   267027.360      59   22018     900       0       0       0      14       0       0       0       0     401       5       0       0       2       0       0       0     401       5
  221.000   268543.360      60   22143     900       0       0       0      14       0       0       0       0     404       5       0       0       2       0       0       0     404       5
  222.000   269234.656      60   22200     900       0       0       0      10       0       0       0       0     406       5       0       0       2       0       0       0     406       5
  223.000   269295.296      60   22205     900       0       0       0       8       0       0       0       0     404       5       0       0       2       0       0       0     404       5
  224.000   271987.712      60   22427     900       0       0       0      12       0       0       0       0     406       5       0       0       2       0       0       0     406       5
  225.000   272242.400      60   22448     900       0       0       0      10       0       0       0       0     405       5       0       0       2       0       0       0     405       5
  226.000   271417.696      60   22380     900       0       0       0      10       0       0       0       0     403       5       0       0       2       0       0       0     403       5
  227.000   260611.648      58   21489     900       0       0       0       6       0       0       0       0     401       5       0       0       2       0       0       0     401       5
  228.000   258659.040      57   21328     900       0       0       0       8       0       0       0       0     399       5       0       0       2       0       0       0     399       5
  229.000   251733.952      56   20757     900       0       0       0      10       0       0       0       0     397       5       0       0       2       0       0       0     397       5
  230.000   250618.176      56   20665     900       0       0       0      12       0       0       0       0     397       5       0       0       2       0       0       0     397       5
  231.000   251794.592      56   20762     900       0       0       0      12       0       0       0       0     398       5       0       0       2       0       0       0     398       5
  232.000   253104.416      56   20870     900       0       0       0      10       0       0       0       0     395       5       0       0       2       0       0       0     395       5
  233.000   251855.232      56   20767     900       0       0       0       6       0       0       0       0     394       5       0       0       2       0       0       0     394       5
  234.000   250836.480      56   20683     900       0       0       0       4       0       0       0       0     388       5       0       0       2       0       0       0     388       5
  235.000   252012.896      56   20780     900       0       0       0       6       0       0       0       0     384       5       0       0       2       0       0       0     384       5
  236.000   253262.080      56   20883     900       0       0       0      12       0       0       0       0     381       5       0       0       2       0       0       0     381       5
  237.000   258173.920      57   21288     900       0       0       0      10       0       0       0       0     385       5       0       0       2       0       0       0     385       5
  238.000   256027.264      57   21111     900       0       0       0      12       0       0       0       0     387       5       0       0       2       0       0       0     387       5
  239.000   259047.136      58   21360     900       0       0       0      16       0       0       0       0     392       5       0       0       2       0       0       0     392       5
  240.000   259568.640      58   21403     900       0       0       0       8       0       0       0       0     397       5       0       0       2       0       0       0     397       5
  241.000   260502.496      58   21480     900       0       0       0       4       0       0       0       0     393       5       0       0       2       0       0       0     393       5
  242.000   258756.064      58   21336     900       0       0       0       6       0       0       0       0     388       5       0       0       2       0       0       0     388       5
  243.000   259592.896      58   21405     900       0       0       0       8       0       0       0       0     389       5       0       0       2       0       0       0     389       5
  244.000   255833.216      57   21095     900       0       0       0      12       0       0       0       0     389       5       0       0       2       0       0       0     389       5
  245.000   252134.176      56   20790     900       0       0       0       4       0       0       0       0     386       5       0       0       2       0       0       0     386       5
  246.000   254001.888      56   20944     900       0       0       0       8       0       0       0       0     384       5       0       0       2       0       0       0     384       5
  247.000   247889.376      55   20440     900       0       0       0      12       0       0       0       0     383       5       0       0       2       0       0       0     383       5
  248.000   249223.456      55   20550     900       0       0       0      10       0       0       0       0     387       5       0       0       2       0       0       0     387       5
  249.000   252109.920      56   20788     900       0       0       0      12       0       0       0       0     387       5       0       0       2       0       0       0     387       5
  250.000   256342.592      57   21137     900       0       0       0       8       0       0       0       0     392       5       0       0       2       0       0       0     392       5
  251.000   255651.296      57   21080     900       0       0       0       6       0       0       0       0     388       5       0       0       2       0       0       0     388       5
  252.000   252400.992      56   20812     900       0       0       0      10       0       0       0       0     387       5       0       0       2       0       0       0     387       5
  253.000   252073.536      56   20785     900       0       0       0       6       0       0       0       0     385       5       0       0       2       0       0       0     385       5
  254.000   248580.672      55   20497     900       0       0       0      16       0       0       0       0     384       5       0       0       2       0       0       0     384       5
  255.000   249611.552      55   20582     900       0       0       0       4       0       0       0       0     380       5       0       0       2       0       0       0     380       5
  256.000   252679.936      56   20835     900       0       0       0       8       0       0       0       0     381       5       0       0       2       0       0       0     381       5
  257.000   253771.456      56   20925     900       0       0       0      10       0       0       0       0     382       5       0       0       2       0       0       0     382       5
  258.000   252704.192      56   20837     900       0       0       0      10       0       0       0       0     386       5       0       0       2       0       0       0     386       5
  259.000   263692.160      59   21743     900       0       0       0      10       0       0       0       0     388       5       0       0       2       0       0       0     388       5
  260.000   264371.328      59   21799     900       0       0       0       8       0       0       0       0     385       5       0       0       2       0       0       0     385       5
  261.000   265838.816      59   21920     900       0       0       0       8       0       0       0       0     385       5       0       0       2       0       0       0     385       5
  262.000   266408.832      59   21967     900       0       0       0       6       0       0       0       0     382       5       0       0       2       0       0       0     382       5
  263.000   265487.104      59   21891     900       0       0       0       8       0       0       0       0     376       5       0       0       2       0       0       0     376       5
  264.000   257943.488      57   21269     900       0       0       0       4       0       0       0       0     375       5       0       0       2       0       0       0     375       5
  265.000   253504.640      56   20903     900       0       0       0       8       0       0       0       0     373       5       0       0       2       0       0       0     373       5
  266.000   246531.040      55   20328     900       0       0       0       8       0       0       0       0     370       5       0       0       2       0       0       0     370       5
  267.000   239642.336      53   19760     900       0       0       0       6       0       0       0       0     367       4       0       0       2       0       0       0     367       4
  268.000   234754.752      52   19357     900       0       0       0       6       0       0       0       0     365       4       0       0       2       0       0       0     365       4
  269.000   231504.448      51   19089     900       0       0       0       2       0       0       0       0     357       4       0       0       2       0       0       0     357       4
  270.000   230315.904      51   18991     900       0       0       0      12       0       0       0       0     355       4       0       0       2       0       0       0     355       4
  271.000   230594.848      51   19014     900       0       0       0       2       0       0       0       0     353       4       0       0       2       0       0       0     353       4
  272.000   231710.624      51   19106     900       0       0       0      10       0       0       0       0     352       4       0       0       2       0       0       0     352       4
  273.000   227502.208      51   18759     900       0       0       0       8       0       0       0       0     350       4       0       0       2       0       0       0     350       4
  274.000   225622.368      50   18604     900       0       0       0       4       0       0       0       0     348       4       0       0       2       0       0       0     348       4
  275.000   225229.088      50   18571     900       0       0       0       8       0       0       0       0     346       4       0       0       2       0       0       0     346       4
