  TimeSec      LoaKbps LoaUsag Packets DlyUsec LoaDrps MetDrps TabDrps FloMods MetMods GroMods  PktsIn PktsOut FloEntr FloUsag MetEntr MetUsag GroEntr GroUsag BufPkts BufUsag  T0Entr  T0Usag
    1.000        0.000       0       0     173       0       0       0       3       0       2       0       0       3       0       0       0       2       0       0       0       3       0
    2.000     2394.400       1     198     280       0       0       0       5       0       0       0       0       6       0       0       0       2       0       0       0       6       0
    3.000     6336.000       1     523     365       0       0       0       6       0       0       0       0      10       0       0       0       2       0       0       0      10       0
    4.000     9513.536       2     785     396       0       0       0       1       0       0       0       0      14       0       0       0       2       0       0       0      14       0
    5.000    12970.016       3    1070     473       0       0       0       5       0       0       0       0      18       0       0       0       2       0       0       0      18       0
    6.000    16523.520       4    1363     497       0       0       0       2       0       0       0       0      21       0       0       0       2       0       0       0      21       0
    7.000    17518.016       4    1445     499       0       0       0       3       0       0       0       0      23       0       0       0       2       0       0       0      23       0
    8.000    21253.440       5    1753     499       0       0       0       6       0       0       0       0      28       0       0       0       2       0       0       0      28       0
    9.000    27608.512       6    2277     579       0       0       0       5       0       0       0       0      34       0       0       0       2       0       0       0      34       0
   10.000    30531.360       7    2518     597       0       0       0       4       0       0       0       0      37       0       0       0       2       0       0       0      37       0
   11.000    33502.720       7    2763     599       0       0       0       6       0       0       0       0      42       1       0       0       2       0       0       0      42       1
   12.000    26019.744       6    2146     599       0       0       0       6       0       0       0       0      50       1       0       0       2       0       0       0      50       1
   13.000    13164.064       3    1086     494       0       0       0      41       0       0       0       0      22       0       0       0       2       0       0       0      22       0
   14.000    21799.200       5    1798     499       0       0       0       7       0       0       0       0      24       0       0       0       2       0       0       0      24       0
   15.000    28748.544       6    2371     519       0       0       0       8       0       0       0       0      30       0       0       0       2       0       0       0      30       0
   16.000    33599.744       7    2771     591       0       0       0       3       0       0       0       0      35       0       0       0       2       0       0       0      35       0
   17.000    35867.680       8    2958     599       0       0       0       3       0       0       0       0      38       0       0       0       2       0       0       0      38       0
   18.000    38802.656       9    3200     599       0       0       0       5       0       0       0       0      43       1       0       0       2       0       0       0      43       1
   19.000    39663.744       9    3271     599       0       0       0       3       0       0       0       0      46       1       0       0       2       0       0       0      46       1
   20.000    41543.584       9    3426     599       0       0       0       8       0       0       0       0      52       1       0       0       2       0       0       0      52       1
   21.000    45800.512      10    3777     600       0       0       0       6       0       0       0       0      59       1       0       0       2       0       0       0      59       1
   22.000    27984.480       6    2308     648       0       0       0       5       0       0       0       0      64       1       0       0       2       0       0       0      64       1
   23.000    13067.040       3    1078     517       0       0       0      60       0       0       0       0      25       0       0       0       2       0       0       0      25       0
   24.000    20295.328       5    1674     501       0       0       0       5       0       0       0       0      24       0       0       0       2       0       0       0      24       0
   25.000    23145.408       5    1909     500       0       0       0       4       0       0       0       0      29       0       0       0       2       0       0       0      29       0
   26.000    27329.568       6    2254     573       0       0       0       6       0       0       0       0      33       0       0       0       2       0       0       0      33       0
   27.000    32132.256       7    2650     597       0       0       0       8       0       0       0       0      40       0       0       0       2       0       0       0      40       0
   28.000    37492.832       8    3092     599       0       0       0       3       0       0       0       0      45       1       0       0       2       0       0       0      45       1
   29.000    44733.248      10    3689     599       0       0       0       5       0       0       0       0      50       1       0       0       2       0       0       0      50       1
   30.000    48832.512      11    4027     599       0       0       0       8       0       0       0       0      57       1       0       0       2       0       0       0      57       1
   31.000    56618.688      13    4669     659       0       0       0       8       0       0       0       0      64       1       0       0       2       0       0       0      64       1
   32.000    42901.920      10    3538     695       0       0       0      11       0       0       0       0      73       1       0       0       2       0       0       0      73       1
   33.000    25340.576       6    2090     526       0       0       0      65       0       0       0       0      35       0       0       0       2       0       0       0      35       0
   34.000    30313.056       7    2500     570       0       0       0       8       0       0       0       0      33       0       0       0       2       0       0       0      33       0
   35.000    39299.904       9    3241     596       0       0       0       8       0       0       0       0      43       1       0       0       2       0       0       0      43       1
   36.000    48614.208      11    4009     599       0       0       0       6       0       0       1       1      49       1       0       0       2       0       0       0      49       1
   37.000    53623.072      12    4422     599       0       0       0       6       0       0       0       0      54       1       0       0       2       0       0       0      54       1
   38.000    57067.424      13    4706     599       0       0       0       4       0       0       0       0      60       1       0       0       2       0       0       0      60       1
   39.000    64392.736      14    5310     679       0       0       0      10       0       0       0       0      67       1       0       0       2       0       0       0      67       1
   40.000    73415.968      16    6054     697       0       0       0       6       0       0       0       0      75       1       0       0       2       0       0       0      75       1
   41.000    78436.960      17    6468     699       0       0       0       8       0       0       0       0      82       1       0       0       2       0       0       0      82       1
   42.000    54362.880      12    4483     699       0       0       0       6       0       0       0       0      90       1       0       0       2       0       0       0      90       1
   43.000    26565.504       6    2191     600       0       0       0      69       0       0       0       0      43       1       0       0       2       0       0       0      43       1
   44.000    26092.512       6    2152     600       0       0       0       6       0       0       0       0      43       1       0       0       2       0       0       0      43       1
   45.000    25740.800       6    2123     600       0       0       0       8       0       0       0       0      48       1       0       0       2       0       0       0      48       1
   46.000    30543.488       7    2519     600       0       0       0       5       0       0       0       0      55       1       0       0       2       0       0       0      55       1
   47.000    33320.800       7    2748     600       0       0       0       7       0       0       0       0      60       1       0       0       2       0       0       0      60       1
   48.000    38232.640       8    3153     683       0       0       0       7       0       0       1       1      68       1       0       0       2       0       0       0      68       1
   49.000    40063.968       9    3304     698       0       0       0       9       0       0       0       0      75       1       0       0       2       0       0       0      75       1
   50.000    49960.416      11    4120     699       0       0       0       9       0       0       0       0      85       1       0       0       2       0       0       0      85       1
   51.000    55903.136      12    4610     699       0       0       0       5       0       0       0       0      90       1       0       0       2       0       0       0      90       1
   52.000    52507.296      12    4330     699       0       0       0      10       0       0       0       0      97       1       0       0       2       0       0       0      97       1
   53.000    49645.088      11    4094     700       0       0       0      32       0       0       0       0      88       1       0       0       2       0       0       0      88       1
   54.000    62064.160      14    5118     700       0       0       0      10       0       0       0       0      99       1       0       0       2       0       0       0      99       1
   55.000    65120.416      14    5370     700       0       0       0       1       0       0       0       0     103       1       0       0       2       0       0       0     103       1
   56.000    68540.512      15    5652     700       0       0       0       5       0       0       0       0     106       1       0       0       2       0       0       0     106       1
   57.000    71026.752      16    5857     700       0       0       0       9       0       0       0       0     110       1       0       0       2       0       0       0     110       1
   58.000    73864.704      16    6091     700       0       0       0      10       0       0       0       0     118       1       0       0       2       0       0       0     118       1
   59.000    78994.848      18    6514     700       0       0       0       6       0       0       0       0     121       1       0       0       2       0       0       0     121       1
   60.000    81432.576      18    6715     700       0       0       0       8       0       0       1       1     125       2       0       0       2       0       0       0     125       2
   61.000    82851.552      18    6832     789       0       0       0      15       0       0       0       0     136       2       0       0       2       0       0       0     136       2
   62.000    81432.576      18    6715     798       0       0       0       5       0       0       0       0     143       2       0       0       2       0       0       0     143       2
   63.000    81529.600      18    6723     713       0       0       0      33       0       0       0       0     126       2       0       0       2       0       0       0     126       2
   64.000    88867.040      20    7328     775       0       0       0       7       0       0       0       0     131       2       0       0       2       0       0       0     131       2
   65.000    89303.648      20    7364     797       0       0       0       2       0       0       0       0     134       2       0       0       2       0       0       0     134       2
   66.000    91353.280      20    7533     799       0       0       0       2       0       0       0       0     137       2       0       0       2       0       0       0     137       2
   67.000    94373.152      21    7782     799       0       0       0       7       0       0       0       0     139       2       0       0       2       0       0       0     139       2
   68.000    98193.472      22    8097     799       0       0       0      13       0       0       0       0     144       2       0       0       2       0       0       0     144       2
   69.000   100218.848      22    8264     800       0       0       0       5       0       0       0       0     149       2       0       0       2       0       0       0     149       2
   70.000   102122.944      23    8421     800       0       0       0      10       0       0       0       0     153       2       0       0       2       0       0       0     153       2
   71.000   108659.936      24    8960     800       0       0       0       5       0       0       0       0     161       2       0       0       2       0       0       0     161       2
   72.000    99115.200      22    8173     800       0       0       0       9       0       0       0       0     164       2       0       0       2       0       0       0     164       2
   73.000    91911.168      20    7579     800       0       0       0      37       0       0       0       0     142       2       0       0       2       0       0       0     142       2
   74.000    97162.592      22    8012     800       0       0       0       6       0       0       0       0     144       2       0       0       2       0       0       0     144       2
   75.000   101552.928      23    8374     800       0       0       0       6       0       0       0       0     149       2       0       0       2       0       0       0     149       2
   76.000   101528.672      23    8372     800       0       0       0      10       0       0       0       0     153       2       0       0       2       0       0       0     153       2
   77.000   107677.568      24    8879     800       0       0       0       8       0       0       0       0     157       2       0       0       2       0       0       0     157       2
   78.000   111194.688      25    9169     800       0       0       0      11       0       0       0       0     167       2       0       0       2       0       0       0     167       2
   79.000   114942.240      26    9478     800       0       0       0       7       0       0       0       0     175       2       0       0       2       0       0       0     175       2
   80.000   120387.712      27    9927     800       0       0       0      14       0       0       0       0     184       2       0       0       2       0       0       0     184       2
   81.000   124814.432      28   10292     800       0       0       0       6       0       0       0       0     193       2       0       0       2       0       0       0     193       2
   82.000   122437.344      27   10096     800       0       0       0      11       0       0       0       0     200       2       0       0       2       0       0       0     200       2
   83.000   121600.512      27   10027     800       0       0       0      34       0       0       0       0     188       2       0       0       2       0       0       0     188       2
   84.000   124693.152      28   10282     800       0       0       0       8       0       0       0       0     189       2       0       0       2       0       0       0     189       2
   85.000   128088.992      28   10562     800       0       0       0       6       0       0       0       0     194       2       0       0       2       0       0       0     194       2
   86.000   127579.616      28   10520     800       0       0       0      14       0       0       0       0     202       2       0       0       2       0       0       0     202       2
   87.000   130939.072      29   10797     800       0       0       0       7       0       0       0       0     206       3       0       0       2       0       0       0     206       3
   88.000   137027.328      30   11299     800       0       0       0      12       0       0       0       0     212       3       0       0       2       0       0       0     212       3
   89.000   140689.984      31   11601     800       0       0       0      12       0       0       1       1     217       3       0       0       2       0       0       0     217       3
   90.000   147663.584      33   12176     800       0       0       0      11       0       0       1       1     226       3       0       0       2       0       0       0     226       3
   91.000   156068.288      35   12869     800       0       0       0       9       0       0       0       0     229       3       0       0       2       0       0       0     229       3
   92.000   149034.048      33   12289     800       0       0       0       8       0       0       0       0     233       3       0       0       2       0       0       0     233       3
   93.000   142242.368      32   11729     800       0       0       0      41       0       0       0       0     209       3       0       0       2       0       0       0     209       3
   94.000   150149.824      33   12381     800       0       0       0       7       0       0       0       0     214       3       0       0       2       0       0       0     214       3
   95.000   154867.616      34   12770     800       0       0       0      12       0       0       0       0     224       3       0       0       2       0       0       0     224       3
   96.000   158894.112      35   13102     800       0       0       0      12       0       0       0       0     231       3       0       0       2       0       0       0     231       3
   97.000   162071.648      36   13364     800       0       0       0       6       0       0       0       0     236       3       0       0       2       0       0       0     236       3
   98.000   163260.192      36   13462     800       0       0       0      12       0       0       0       0     240       3       0       0       2       0       0       0     240       3
   99.000   166013.248      37   13689     800       0       0       0       8       0       0       0       0     246       3       0       0       2       0       0       0     246       3
  100.000   167177.536      37   13785     800       0       0       0      10       0       0       0       0     251       3       0       0       2       0       0       0     251       3
  101.000   164291.072      37   13547     800       0       0       0      13       0       0       0       0     249       3       0       0       2       0       0       0     249       3
  102.000   160701.184      36   13251     879       0       0       0      11       0       0       0       0     259       3       0       0       2       0       0       0     259       3
  103.000   153679.072      34   12672     811       0       0       0      48       0       0       0       0     229       3       0       0       2       0       0       0     229       3
  104.000   154515.904      34   12741     801       0       0       0       7       0       0       0       0     229       3       0       0       2       0       0       0     229       3
  105.000   158275.584      35   13051     800       0       0       0      16       0       0       1       1     241       3       0       0       2       0       0       0     241       3
  106.000   153860.992      34   12687     800       0       0       0       9       0       0       0       0     248       3       0       0       2       0       0       0     248       3
  107.000   152551.168      34   12579     800       0       0       0       7       0       0       0       0     253       3       0       0       2       0       0       0     253       3
  108.000   154491.648      34   12739     820       0       0       0       7       0       0       0       0     256       3       0       0       2       0       0       0     256       3
  109.000   158821.344      35   13096     891       0       0       0      11       0       0       0       0     260       3       0       0       2       0       0       0     260       3
  110.000   164181.920      36   13538     899       0       0       0      14       0       0       0       0     268       3       0       0       2       0       0       0     268       3
  111.000   166522.624      37   13731     899       0       0       0      14       0       0       0       0     274       3       0       0       2       0       0       0     274       3
  112.000   161792.704      36   13341     899       0       0       0      15       0       0       1       1     286       3       0       0       2       0       0       0     286       3
  113.000   157087.040      35   12953     887       0       0       0      42       0       0       0       0     262       3       0       0       2       0       0       0     262       3
  114.000   163830.208      36   13509     898       0       0       0      18       0       0       0       0     266       3       0       0       2       0       0       0     266       3
  115.000   169469.728      38   13974     899       0       0       0       8       0       0       0       0     275       3       0       0       2       0       0       0     275       3
  116.000   174478.592      39   14387     899       0       0       0      15       0       0       1       1     279       3       0       0       2       0       0       0     279       3
  117.000   183720.128      41   15149     899       0       0       0      10       0       0       0       0     278       3       0       0       2       0       0       0     278       3
  118.000   188923.040      42   15578     900       0       0       0       7       0       0       0       0     279       3       0       0       2       0       0       0     279       3
  119.000   190717.984      42   15726     900       0       0       0       7       0       0       0       0     282       3       0       0       2       0       0       0     282       3
  120.000   193276.992      43   15937     900       0       0       0      12       0       0       0       0     281       3       0       0       2       0       0       0     281       3
  121.000   194259.360      43   16018     900       0       0       0       8       0       0       0       0     281       3       0       0       2       0       0       0     281       3
  122.000   181173.248      40   14939     900       0       0       0      14       0       0       0       0     284       3       0       0       2       0       0       0     284       3
  123.000   167420.096      37   13805     813       0       0       0      68       0       0       0       0     243       3       0       0       2       0       0       0     243       3
  124.000   169481.856      38   13975     801       0       0       0       9       0       0       0       0     242       3       0       0       2       0       0       0     242       3
  125.000   174114.752      39   14357     800       0       0       0      11       0       0       0       0     247       3       0       0       2       0       0       0     247       3
  126.000   176406.944      39   14546     800       0       0       0      15       0       0       0       0     248       3       0       0       2       0       0       0     248       3
  127.000   177813.792      40   14662     800       0       0       0       6       0       0       0       0     247       3       0       0       2       0       0       0     247       3
  128.000   183404.800      41   15123     800       0       0       0      13       0       0       0       0     253       3       0       0       2       0       0       0     253       3
  129.000   188716.864      42   15561     889       0       0       0      16       0       0       0       0     262       3       0       0       2       0       0       0     262       3
  130.000   189784.128      42   15649     898       0       0       0      19       0       0       0       0     272       3       0       0       2       0       0       0     272       3
  131.000   196854.752      44   16232     899       0       0       0       8       0       0       0       0     288       4       0       0       2       0       0       0     288       4
  132.000   184241.632      41   15192     899       0       0       0       9       0       0       0       0     293       4       0       0       2       0       0       0     293       4
  133.000   171325.312      38   14127     813       0       0       0      61       0       0       0       0     253       3       0       0       2       0       0       0     253       3
  134.000   175060.736      39   14435     801       0       0       0       6       0       0       0       0     251       3       0       0       2       0       0       0     251       3
  135.000   173690.272      39   14322     859       0       0       0      12       0       0       0       0     256       3       0       0       2       0       0       0     256       3
  136.000   177692.512      39   14652     895       0       0       0      15       0       0       0       0     266       3       0       0       2       0       0       0     266       3
  137.000   178456.576      40   14715     899       0       0       0      13       0       0       0       0     275       3       0       0       2       0       0       0     275       3
  138.000   180760.896      40   14905     899       0       0       0       7       0       0       0       0     275       3       0       0       2       0       0       0     275       3
  139.000   182373.920      41   15038     899       0       0       0       9       0       0       0       0     275       3       0       0       2       0       0       0     275       3
  140.000   183623.104      41   15141     899       0       0       0       7       0       0       0       0     273       3       0       0       2       0       0       0     273       3
  141.000   187673.856      42   15475     900       0       0       0       9       0       0       0       0     274       3       0       0       2       0       0       0     274       3
  142.000   178674.880      40   14733     900       0       0       0      10       0       0       0       0     280       3       0       0       2       0       0       0     280       3
  143.000   170197.408      38   14034     813       0       0       0      59       0       0       0       0     250       3       0       0       2       0       0       0     250       3
  144.000   170148.896      38   14030     801       0       0       0       9       0       0       0       0     250       3       0       0       2       0       0       0     250       3
  145.000   177862.304      40   14666     800       0       0       0      10       0       0       0       0     254       3       0       0       2       0       0       0     254       3
  146.000   182337.536      41   15035     886       0       0       0      14       0       0       1       1     261       3       0       0       2       0       0       0     261       3
  147.000   184205.248      41   15189     898       0       0       0      10       0       0       0       0     265       3       0       0       2       0       0       0     265       3
  148.000   185308.896      41   15280     899       0       0       0      10       0       0       0       0     267       3       0       0       2       0       0       0     267       3
  149.000   189056.448      42   15589     899       0       0       0      12       0       0       0       0     279       3       0       0       2       0       0       0     279       3
  150.000   189505.184      42   15626     899       0       0       0       7       0       0       0       0     276       3       0       0       2       0       0       0     276       3
  151.000   195520.672      43   16122     900       0       0       0      14       0       0       0       0     280       3       0       0       2       0       0       0     280       3
  152.000   186885.536      42   15410     900       0       0       0       8       0       0       0       0     286       3       0       0       2       0       0       0     286       3
  153.000   179899.808      40   14834     813       0       0       0      53       0       0       1       1     258       3       0       0       2       0       0       0     258       3
  154.000   187140.224      42   15431     890       0       0       0      12       0       0       0       0     266       3       0       0       2       0       0       0     266       3
  155.000   196187.712      44   16177     899       0       0       0      11       0       0       0       0     275       3       0       0       2       0       0       0     275       3
  156.000   200311.232      45   16517     899       0       0       0       7       0       0       0       0     280       3       0       0       2       0       0       0     280       3
  157.000   200177.824      44   16506     899       0       0       0      12       0       0       0       0     285       3       0       0       2       0       0       0     285       3
  158.000   199292.480      44   16433     899       0       0       0       8       0       0       0       0     285       3       0       0       2       0       0       0     285       3
  159.000   201402.752      45   16607     900       0       0       0      11       0       0       0       0     287       4       0       0       2       0       0       0     287       4
  160.000   209686.176      47   17290     900       0       0       0       9       0       0       0       0     288       4       0       0       2       0       0       0     288       4
  161.000   215398.464      48   17761     900       0       0       0      11       0       0       0       0     295       4       0       0       2       0       0       0     295       4
  162.000   206520.768      46   17029     900       0       0       0      11       0       0       0       0     299       4       0       0       2       0       0       0     299       4
  163.000   202154.688      45   16669     900       0       0       0      50       0       0       0       0     286       3       0       0       2       0       0       0     286       3
  164.000   206169.056      46   17000     900       0       0       0      12       0       0       0       0     291       4       0       0       2       0       0       0     291       4
  165.000   210001.504      47   17316     900       0       0       0       9       0       0       0       0     299       4       0       0       2       0       0       0     299       4
  166.000   211663.040      47   17453     900       0       0       0      17       0       0       1       1     306       4       0       0       2       0       0       0     306       4
  167.000   221329.056      49   18250     900       0       0       0      14       0       0       0       0     315       4       0       0       2       0       0       0     315       4
  168.000   221401.824      49   18256     900       0       0       0      13       0       0       0       0     322       4       0       0       2       0       0       0     322       4
  169.000   225452.576      50   18590     900       0       0       0      11       0       0       0       0     325       4       0       0       2       0       0       0     325       4
  170.000   230267.392      51   18987     900       0       0       0       7       0       0       0       0     327       4       0       0       2       0       0       0     327       4
  171.000   230376.544      51   18996     900       0       0       0       7       0       0       0       0     326       4       0       0       2       0       0       0     326       4
  172.000   215822.944      48   17796     900       0       0       0       9       0       0       0       0     327       4       0       0       2       0       0       0     327       4
  173.000   209079.776      46   17240     900       0       0       0      61       0       0       0       0     298       4       0       0       2       0       0       0     298       4
  174.000   213385.216      47   17595     900       0       0       0      17       0       0       0       0     307       4       0       0       2       0       0       0     307       4
  175.000   217375.328      48   17924     900       0       0       0      13       0       0       2       2     317       4       0       0       2       0       0       0     317       4
  176.000   216053.376      48   17815     900       0       0       0       7       0       0       0       0     319       4       0       0       2       0       0       0     319       4
  177.000   215774.432      48   17792     900       0       0       0      17       0       0       0       0     327       4       0       0       2       0       0       0     327       4
  178.000   213579.264      47   17611     900       0       0       0      12       0       0       0       0     330       4       0       0       2       0       0       0     330       4
  179.000   220370.944      49   18171     900       0       0       0       6       0       0       0       0     329       4       0       0       2       0       0       0     329       4
  180.000   220334.560      49   18168     900       0       0       0       7       0       0       0       0     327       4       0       0       2       0       0       0     327       4
  181.000   221353.312      49   18252     900       0       0       0       7       0       0       0       0     322       4       0       0       2       0       0       0     322       4
  182.000   216805.312      48   17877     900       0       0       0       9       0       0       0       0     321       4       0       0       2       0       0       0     321       4
  183.000   204653.056      45   16875     900       0       0       0      46       0       0       1       1     295       4       0       0       2       0       0       0     295       4
  184.000   208922.112      46   17227     900       0       0       0       8       0       0       0       0     295       4       0       0       2       0       0       0     295       4
  185.000   214598.016      48   17695     900       0       0       0      11       0       0       0       0     302       4       0       0       2       0       0       0     302       4
  186.000   214561.632      48   17692     900       0       0       0      13       0       0       0       0     308       4       0       0       2       0       0       0     308       4
  187.000   215289.312      48   17752     900       0       0       0      12       0       0       0       0     313       4       0       0       2       0       0       0     313       4
  188.000   211663.040      47   17453     900       0       0       0      16       0       0       0       0     314       4       0       0       2       0       0       0     314       4
  189.000   204677.312      45   16877     900       0       0       0      12       0       0       0       0     313       4       0       0       2       0       0       0     313       4
  190.000   207551.648      46   17114     900       0       0       0       5       0       0       0       0     314       4       0       0       2       0       0       0     314       4
  191.000   210256.192      47   17337     900       0       0       0      16       0       0       0       0     312       4       0       0       2       0       0       0     312       4
  192.000   206678.432      46   17042     900       0       0       0      15       0       0       0       0     318       4       0       0       2       0       0       0     318       4
  193.000   200056.544      44   16496     900       0       0       0      54       0       0       0       0     292       4       0       0       2       0       0       0     292       4
  194.000   201815.104      45   16641     900       0       0       0      11       0       0       0       0     290       4       0       0       2       0       0       0     290       4
  195.000   202627.680      45   16708     900       0       0       0      15       0       0       1       1     301       4       0       0       2       0       0       0     301       4
  196.000   203246.208      45   16759     900       0       0       0      11       0       0       1       1     314       4       0       0       2       0       0       0     314       4
  197.000   204871.360      46   16893     900       0       0       0      13       0       0       0       0     324       4       0       0       2       0       0       0     324       4
  198.000   202894.496      45   16730     900       0       0       0      11       0       0       0       0     329       4       0       0       2       0       0       0     329       4
  199.000   198407.136      44   16360     900       0       0       0      10       0       0       0       0     336       4       0       0       2       0       0       0     336       4
  200.000   197303.488      44   16269     900       0       0       0      12       0       0       1       1     341       4       0       0       2       0       0       0     341       4
  201.000   199813.984      44   16476     900       0       0       0      14       0       0       0       0     347       4       0       0       2       0       0       0     347       4
  202.000   204907.744      46   16896     900       0       0       0      17       0       0       0       0     357       4       0       0       2       0       0       0     357       4
  203.000   200092.928      44   16499     900       0       0       0      38       0       0       0       0     332       4       0       0       2       0       0       0     332       4
  204.000   205126.048      46   16914     900       0       0       0      10       0       0       0       0     332       4       0       0       2       0       0       0     332       4
  205.000   204798.592      46   16887     900       0       0       0      11       0       0       0       0     338       4       0       0       2       0       0       0     338       4
  206.000   205562.656      46   16950     900       0       0       0       8       0       0       0       0     341       4       0       0       2       0       0       0     341       4
  207.000   214525.248      48   17689     900       0       0       0      14       0       0       0       0     339       4       0       0       2       0       0       0     339       4
  208.000   216599.136      48   17860     900       0       0       0      12       0       0       0       0     340       4       0       0       2       0       0       0     340       4
  209.000   216211.040      48   17828     900       0       0       0      18       0       0       0       0     349       4       0       0       2       0       0       0     349       4
  210.000   219728.160      49   18118     900       0       0       0       7       0       0       0       0     347       4       0       0       2       0       0       0     347       4
  211.000   219679.648      49   18114     900       0       0       0       7       0       0       0       0     344       4       0       0       2       0       0       0     344       4
  212.000   202943.008      45   16734     900       0       0       0       8       0       0       0       0     341       4       0       0       2       0       0       0     341       4
  213.000   186727.872      41   15397     900       0       0       0      67       0       0       0       0     293       4       0       0       2       0       0       0     293       4
  214.000   181039.840      40   14928     900       0       0       0       3       0       0       0       0     290       4       0       0       2       0       0       0     290       4
  215.000   178262.528      40   14699     900       0       0       0      11       0       0       0       0     293       4       0       0       2       0       0       0     293       4
  216.000   179742.144      40   14821     900       0       0       0      15       0       0       0       0     299       4       0       0       2       0       0       0     299       4
  217.000   177886.560      40   14668     900       0       0       0       7       0       0       0       0     297       4       0       0       2       0       0       0     297       4
  218.000   179075.104      40   14766     900       0       0       0      11       0       0       0       0     296       4       0       0       2       0       0       0     296       4
  219.000   183501.824      41   15131     900       0       0       0       8       0       0       0       0     299       4       0       0       2       0       0       0     299       4
  220.000   194295.744      43   16021     900       0       0       0      14       0       0       0       0     302       4       0       0       2       0       0       0     302       4
  221.000   195363.008      43   16109     900       0       0       0      13       0       0       0       0     306       4       0       0       2       0       0       0     306       4
  222.000   181124.736      40   14935     900       0       0       0       8       0       0       1       1     313       4       0       0       2       0       0       0     313       4
  223.000   166728.800      37   13748     900       0       0       0      60       0       0       0       0     280       3       0       0       2       0       0       0     280       3
  224.000   169130.144      38   13946     900       0       0       0      11       0       0       0       0     281       3       0       0       2       0       0       0     281       3
  225.000   169190.784      38   13951     900       0       0       0       8       0       0       0       0     286       3       0       0       2       0       0       0     286       3
  226.000   170815.936      38   14085     900       0       0       0      12       0       0       0       0     290       4       0       0       2       0       0       0     290       4
  227.000   175351.808      39   14459     900       0       0       0      11       0       0       0       0     294       4       0       0       2       0       0       0     294       4
  228.000   182131.360      40   15018     900       0       0       0      13       0       0       0       0     296       4       0       0       2       0       0       0     296       4
  229.000   188801.760      42   15568     900       0       0       0      10       0       0       0       0     299       4       0       0       2       0       0       0     299       4
  230.000   186485.312      41   15377     900       0       0       0      11       0       0       0       0     301       4       0       0       2       0       0       0     301       4
  231.000   188462.176      42   15540     900       0       0       0       7       0       0       0       0     298       4       0       0       2       0       0       0     298       4
  232.000   177825.920      40   14663     900       0       0       0      11       0       0       0       0     301       4       0       0       2       0       0       0     301       4
  233.000   159694.560      35   13168     900       0       0       0      54       0       0       1       1     273       3       0       0       2       0       0       0     273       3
  234.000   160773.952      36   13257     900       0       0       0      10       0       0       0       0     279       3       0       0       2       0       0       0     279       3
  235.000   159658.176      35   13165     900       0       0       0      13       0       0       0       0     285       3       0       0       2       0       0       0     285       3
  236.000   163369.344      36   13471     900       0       0       0       8       0       0       0       0     289       4       0       0       2       0       0       0     289       4
  237.000   169263.552      38   13957     900       0       0       0      13       0       0       0       0     292       4       0       0       2       0       0       0     292       4
  238.000   180554.720      40   14888     900       0       0       0      14       0       0       0       0     296       4       0       0       2       0       0       0     296       4
  239.000   183598.848      41   15139     900       0       0       0      14       0       0       0       0     303       4       0       0       2       0       0       0     303       4
  240.000   190390.528      42   15699     900       0       0       0      13       0       0       0       0     311       4       0       0       2       0       0       0     311       4
  241.000   193204.224      43   15931     900       0       0       0      10       0       0       0       0     313       4       0       0       2       0       0       0     313       4
  242.000   190875.648      42   15739     900       0       0       0      14       0       0       0       0     321       4       0       0       2       0       0       0     321       4
  243.000   191627.584      43   15801     900       0       0       0      43       0       0       0       0     303       4       0       0       2       0       0       0     303       4
  244.000   201075.296      45   16580     900       0       0       0      18       0       0       0       0     313       4       0       0       2       0       0       0     313       4
  245.000   203597.920      45   16788     900       0       0       0       7       0       0       0       0     321       4       0       0       2       0       0       0     321       4
  246.000   205817.344      46   16971     900       0       0       0       9       0       0       0       0     322       4       0       0       2       0       0       0     322       4
  247.000   202081.920      45   16663     900       0       0       0      14       0       0       0       0     330       4       0       0       2       0       0       0     330       4
  248.000   203464.512      45   16777     900       0       0       0       9       0       0       0       0     328       4       0       0       2       0       0       0     328       4
  249.000   204640.928      45   16874     900       0       0       0       9       0       0       0       0     324       4       0       0       2       0       0       0     324       4
  250.000   200832.736      45   16560     900       0       0       0       7       0       0       0       0     321       4       0       0       2       0       0       0     321       4
  251.000   201208.704      45   16591     900       0       0       0      13       0       0       1       1     326       4       0       0       2       0       0       0     326       4
  252.000   189844.768      42   15654     900       0       0       0       6       0       0       0       0     328       4       0       0       2       0       0       0     328       4
  253.000   182786.272      41   15072     900       0       0       0      59       0       0       0       0     295       4       0       0       2       0       0       0     295       4
  254.000   180967.072      40   14922     900       0       0       0      11       0       0       0       0     296       4       0       0       2       0       0       0     296       4
  255.000   182022.208      40   15009     900       0       0       0      13       0       0       0       0     304       4       0       0       2       0       0       0     304       4
  256.000   185551.456      41   15300     900       0       0       0      10       0       0       0       0     311       4       0       0       2       0       0       0     311       4
  257.000   196551.552      44   16207     900       0       0       0      17       0       0       0       0     311       4       0       0       2       0       0       0     311       4
  258.000   204762.208      46   16884     900       0       0       0      12       0       0       0       0     319       4       0       0       2       0       0       0     319       4
  259.000   201269.344      45   16596     900       0       0       0      11       0       0       1       1     317       4       0       0       2       0       0       0     317       4
  260.000   196806.240      44   16228     900       0       0       0      11       0       0       0       0     317       4       0       0       2       0       0       0     317       4
  261.000   201572.544      45   16621     900       0       0       0      13       0       0       0       0     326       4       0       0       2       0       0       0     326       4
  262.000   197861.376      44   16315     900       0       0       0       5       0       0       0       0     329       4       0       0       2       0       0       0     329       4
  263.000   197800.736      44   16310     900       0       0       0      47       0       0       0       0     303       4       0       0       2       0       0       0     303       4
  264.000   205101.792      46   16912     900       0       0       0      18       0       0       0       0     310       4       0       0       2       0       0       0     310       4
  265.000   204095.168      45   16829     900       0       0       0      12       0       0       1       1     318       4       0       0       2       0       0       0     318       4
  266.000   204834.976      46   16890     900       0       0       0      11       0       0       0       0     324       4       0       0       2       0       0       0     324       4
  267.000   206472.256      46   17025     900       0       0       0      11       0       0       0       0     326       4       0       0       2       0       0       0     326       4
  268.000   204022.400      45   16823     900       0       0       0      13       0       0       0       0     329       4       0       0       2       0       0       0     329       4
  269.000   200808.480      45   16558     900       0       0       0       4       0       0       0       0     324       4       0       0       2       0       0       0     324       4
  270.000   200068.672      44   16497     900       0       0       0      10       0       0       0       0     322       4       0       0       2       0       0       0     322       4
  271.000   205029.024      46   16906     900       0       0       0      11       0       0       0       0     327       4       0       0       2       0       0       0     327       4
  272.000   202530.656      45   16700     900       0       0       0      13       0       0       0       0     330       4       0       0       2       0       0       0     330       4
  273.000   197897.760      44   16318     900       0       0       0      52       0       0       0       0     297       4       0       0       2       0       0       0     297       4
  274.000   198103.936      44   16335     900       0       0       0      11       0       0       0       0     299       4       0       0       2       0       0       0     299       4
  275.000   200269.664      45   16513     900       0       0       0       5       0       0       0       0     300       4       0       0       2       0       0       0     300       4
