  TimeSec      LoaKbps LoaUsag Packets DlyUsec LoaDrps MetDrps TabDrps FloMods MetMods GroMods  PktsIn PktsOut FloEntr FloUsag MetEntr MetUsag GroEntr GroUsag BufPkts BufUsag  T0Entr  T0Usag
    1.000        0.000       0       0      34       0       0       0       3       0       2       0       0       3       2       0       0       2       0       0       0       3       2
    2.000       17.312       0       2      39       0       0       0       0       0       0       0       0       3       2       0       0       2       0       0       0       3       2
    3.000       17.312       0       2      39       0       0       0       0       0       0       0       0       3       2       0       0       2       0       0       0       3       2
    4.000       17.312       0       2      39       0       0       0       0       0       0       0       0       3       2       0       0       2       0       0       0       3       2
    5.000       17.312       0       2      39       0       0       0       0       0       0       0       0       3       2       0       0       2       0       0       0       3       2
    6.000       17.312       0       2      40       0       0       0       0       0       0       0       0       3       2       0       0       2       0       0       0       3       2
    7.000       17.312       0       2      40       0       0       0       0       0       0       0       0       3       2       0       0       2       0       0       0       3       2
    8.000       17.312       0       2      40       0       0       0       0       0       0       0       0       3       2       0       0       2       0       0       0       3       2
    9.000       17.312       0       2      40       0       0       0       0       0       0       0       0       3       2       0       0       2       0       0       0       3       2
   10.000       17.312       0       2      40       0       0       0       0       0       0       0       0       3       2       0       0       2       0       0       0       3       2
   11.000       17.312       0       2      87       0       0       0      37       0       0       0       0      25      13       0       0       2       0       0       0      25      13
   12.000    16220.320       2    1338     116       0       0       0       0       0       0       0       0      38      19       0       0       2       0       0       0      38      19
   13.000    32435.456       3    2675     119       0       0       0       0       0       0       0       0      40      20       0       0       2       0       0       0      40      20
   14.000    32483.968       3    2679     119       0       0       0       0       0       0       0       0      40      20       0       0       2       0       0       0      40      20
   15.000    30628.384       3    2526     119       0       0       0       0       0       0       0       0      40      20       0       0       2       0       0       0      40      20
   16.000    29949.216       3    2470     120       0       0       0       0       0       0       0       0      40      20       0       0       2       0       0       0      40      20
   17.000    29900.704       3    2466     120       0       0       0       0       0       0       0       0      40      20       0       0       2       0       0       0      40      20
   18.000    27887.456       3    2300     120       0       0       0       0       0       0       0       0      40      20       0       0       2       0       0       0      40      20
   19.000    27305.312       3    2252     120       0       0       0       0       0       0       0       0      40      20       0       0       2       0       0       0      40      20
   20.000    27208.288       3    2244     120       0       0       0       0       0       0       0       0      40      20       0       0       2       0       0       0      40      20
   21.000    27208.288       3    2244     131       0       0       0      53       0       0       0       0      71      36       0       0       2       0       0       0      71      36
   22.000    48990.176       5    4040     139       0       0       0       0       0       0       0       0      91      46       0       0       2       0       0       0      91      46
   23.000    70323.328       7    5799     139       0       0       0       0       0       0       0       0      93      47       0       0       2       0       0       0      93      47
   24.000    69729.056       7    5750     139       0       0       0       0       0       0       0       0      93      47       0       0       2       0       0       0      93      47
   25.000    69656.288       7    5744     139       0       0       0       0       0       0       0       0      93      47       0       0       2       0       0       0      93      47
   26.000    69437.984       7    5726     140       0       0       0       0       0       0       0       0      93      47       0       0       2       0       0       0      93      47
   27.000    67982.624       7    5606     140       0       0       0       0       0       0       0       0      93      47       0       0       2       0       0       0      93      47
   28.000    67303.456       7    5550     140       0       0       0       0       0       0       0       0      93      47       0       0       2       0       0       0      93      47
   29.000    67085.152       7    5532     140       0       0       0       0       0       0       0       0      93      47       0       0       2       0       0       0      93      47
   30.000    66236.192       7    5462     140       0       0       0       0       0       0       0       0      92      46       0       0       2       0       0       0      92      46
   31.000    66017.888       7    5444     151       0       0       0      57       0       0       0       0     125      63       0       0       2       0       0       0     125      63
   32.000    91983.936       9    7585     159       0       0       0       0       0       0       0       0     146      73       0       0       2       0       0       0     146      73
   33.000   117731.680      12    9708     159       0       0       0       0       0       0       0       0     147      74       0       0       2       0       0       0     147      74
   34.000   117743.808      12    9709     159       0       0       0       0       0       0       0       0     147      74       0       0       2       0       0       0     147      74
   35.000   116494.624      12    9606     159       0       0       0       0       0       0       0       0     146      73       0       0       2       0       0       0     146      73
   36.000   115742.688      12    9544     160       0       0       0       0       0       0       0       0     143      72       0       0       2       0       0       0     143      72
   37.000   114930.112      11    9477     160       0       0       0       0       0       0       0       0     141      71       0       0       2       0       0       0     141      71
   38.000   114699.680      11    9458     160       0       0       0       0       0       0       0       0     140      70       0       0       2       0       0       0     140      70
   39.000   114323.712      11    9427     160       0       0       0       0       0       0       0       0     139      70       0       0       2       0       0       0     139      70
   40.000   112722.816      11    9295     160       0       0       0       0       0       0       0       0     139      70       0       0       2       0       0       0     139      70
   41.000   110091.040      11    9078     160       0       0       0      61       0       0       0       0     174      87       0       0       2       0       0       0     174      87
   42.000   136202.624      14   11231     160       0       0       0       0       0       0       0       0     194      97       0       0       2       0       0       0     194      97
   43.000   161938.240      16   13353     160       0       0       0       0       0       0       0       0     195      98       0       0       2       0       0       0     195      98
   44.000   160216.064      16   13211     160       0       0       0       0       0       0       0       0     194      97       0       0       2       0       0       0     194      97
   45.000   158045.152      16   13032     160       0       0       0       0       0       0       0       0     192      96       0       0       2       0       0       0     192      96
   46.000   156153.184      16   12876     160       0       0       0       0       0       0       0       0     185      93       0       0       2       0       0       0     185      93
   47.000   155777.216      16   12845     160       0       0       0       0       0       0       0       0     181      91       0       0       2       0       0       0     181      91
   48.000   154370.368      15   12729     160       0       0       0       0       0       0       0       0     180      90       0       0       2       0       0       0     180      90
   49.000   151496.032      15   12492     160       0       0       0       0       0       0       0       0     180      90       0       0       2       0       0       0     180      90
   50.000   150113.440      15   12378     160       0       0       0       0       0       0       0       0     179      90       0       0       2       0       0       0     179      90
   51.000   148403.392      15   12237     160       0       0       0      21       0       0       0       0     191      96       0       0       2       0       0       0     191      96
   52.000   154079.296      15   12705     160       0       0       0       0       0       0       0       0     197      99       0       0       2       0       0       0     197      99
   53.000   159609.664      16   13161     160       0       0       0       0       0       0       0       0     198      99       0       0       2       0       0       0     198      99
   54.000   155098.048      16   12789     160       0       0       0       0       0       0       0       0     198      99       0       0       2       0       0       0     198      99
   55.000   153897.376      15   12690     160       0       0       0       0       0       0       0       0     197      99       0       0       2       0       0       0     197      99
   56.000   152696.704      15   12591     160       0       0       0       0       0       0       0       0     190      95       0       0       2       0       0       0     190      95
   57.000   150016.416      15   12370     160       0       0       0       0       0       0       0       0     185      93       0       0       2       0       0       0     185      93
   58.000   146960.160      15   12118     160       0       0       0       0       0       0       0       0     182      91       0       0       2       0       0       0     182      91
   59.000   145335.008      15   11984     160       0       0       0       0       0       0       0       0     179      90       0       0       2       0       0       0     179      90
   60.000   144158.592      14   11887     160       0       0       0       0       0       0       0       0     177      89       0       0       2       0       0       0     177      89
   61.000   142303.008      14   11734     160       0       0       0      24       0       0       0       0     189      95       0       0       2       0       0       0     189      95
   62.000   148148.704      15   12216     160       0       0       0       0       0       0       0       0     197      99       0       0       2       0       0       0     197      99
   63.000   153958.016      15   12695     160       0       0       0       0       0       0       0       0     196      98       0       0       2       0       0       0     196      98
   64.000   152963.520      15   12613     160       0       0       0       0       0       0       0       0     194      97       0       0       2       0       0       0     194      97
   65.000   152150.944      15   12546     160       0       0       0       0       0       0       0       0     191      96       0       0       2       0       0       0     191      96
   66.000   151956.896      15   12530     160       0       0       0       0       0       0       0       0     186      93       0       0       2       0       0       0     186      93
   67.000   151459.648      15   12489     160       0       0       0       0       0       0       0       0     180      90       0       0       2       0       0       0     180      90
   68.000   149895.136      15   12360     160       0       0       0       0       0       0       0       0     177      89       0       0       2       0       0       0     177      89
   69.000   145177.344      15   11971     160       0       0       0       0       0       0       0       0     171      86       0       0       2       0       0       0     171      86
   70.000   144607.328      14   11924     160       0       0       0       0       0       0       0       0     169      85       0       0       2       0       0       0     169      85
   71.000   143855.392      14   11862     160       0       0       0      31       0       0       0       0     186      93       0       0       2       0       0       0     186      93
   72.000   151471.776      15   12490     160       0       0       0       0       0       0       0       0     196      98       0       0       2       0       0       0     196      98
   73.000   158784.960      16   13093     160       0       0       0       0       0       0       0       0     194      97       0       0       2       0       0       0     194      97
   74.000   155825.728      16   12849     160       0       0       0       0       0       0       0       0     193      97       0       0       2       0       0       0     193      97
   75.000   153885.248      15   12689     160       0       0       0       0       0       0       0       0     192      96       0       0       2       0       0       0     192      96
   76.000   150392.384      15   12401     160       0       0       0       0       0       0       0       0     184      92       0       0       2       0       0       0     184      92
   77.000   147360.384      15   12151     160       0       0       0       0       0       0       0       0     180      90       0       0       2       0       0       0     180      90
   78.000   141369.152      14   11657     160       0       0       0       0       0       0       0       0     179      90       0       0       2       0       0       0     179      90
   79.000   139477.184      14   11501     160       0       0       0       0       0       0       0       0     178      89       0       0       2       0       0       0     178      89
   80.000   136675.616      14   11270     160       0       0       0       0       0       0       0       0     176      88       0       0       2       0       0       0     176      88
   81.000   131763.776      13   10865     160       0       0       0      24       0       0       0       0     190      95       0       0       2       0       0       0     190      95
   82.000   135256.640      14   11153     160       0       0       0       0       0       0       0       0     198      99       0       0       2       0       0       0     198      99
   83.000   138143.104      14   11391     160       0       0       0       0       0       0       0       0     198      99       0       0       2       0       0       0     198      99
   84.000   135705.376      14   11190     160       0       0       0       0       0       0       0       0     196      98       0       0       2       0       0       0     196      98
   85.000   135644.736      14   11185     160       0       0       0       0       0       0       0       0     195      98       0       0       2       0       0       0     195      98
   86.000   135038.336      14   11135     160       0       0       0       0       0       0       0       0     186      93       0       0       2       0       0       0     186      93
   87.000   134444.064      13   11086     160       0       0       0       0       0       0       0       0     178      89       0       0       2       0       0       0     178      89
   88.000   130102.240      13   10728     160       0       0       0       0       0       0       0       0     174      87       0       0       2       0       0       0     174      87
   89.000   126391.072      13   10422     160       0       0       0       0       0       0       0       0     173      87       0       0       2       0       0       0     173      87
   90.000   124147.392      12   10237     160       0       0       0       0       0       0       0       0     171      86       0       0       2       0       0       0     171      86
   91.000   120969.856      12    9975     160       0       0       0      30       0       0       0       0     185      93       0       0       2       0       0       0     185      93
   92.000   130611.616      13   10770     160       0       0       0       0       0       0       0       0     192      96       0       0       2       0       0       0     192      96
   93.000   140920.416      14   11620     160       0       0       0       0       0       0       0       0     188      94       0       0       2       0       0       0     188      94
   94.000   140702.112      14   11602     160       0       0       0       0       0       0       0       0     185      93       0       0       2       0       0       0     185      93
   95.000   139671.232      14   11517     160       0       0       0       0       0       0       0       0     182      91       0       0       2       0       0       0     182      91
   96.000   137306.272      14   11322     160       0       0       0       0       0       0       0       0     174      87       0       0       2       0       0       0     174      87
   97.000   132649.120      13   10938     160       0       0       0       0       0       0       0       0     167      84       0       0       2       0       0       0     167      84
   98.000   127227.904      13   10491     160       0       0       0       0       0       0       0       0     163      82       0       0       2       0       0       0     163      82
   99.000   123674.400      12   10198     160       0       0       0       0       0       0       0       0     160      80       0       0       2       0       0       0     160      80
  100.000   120096.640      12    9903     160       0       0       0       0       0       0       0       0     160      80       0       0       2       0       0       0     160      80
  101.000   115657.792      12    9537     160       0       0       0      40       0       0       0       0     183      92       0       0       2       0       0       0     183      92
  102.000   115269.696      12    9505     160       0       0       0       0       0       0       0       0     196      98       0       0       2       0       0       0     196      98
  103.000   117707.424      12    9706     160       0       0       0       0       0       0       0       0     194      97       0       0       2       0       0       0     194      97
  104.000   114711.808      11    9459     160       0       0       0       0       0       0       0       0     192      96       0       0       2       0       0       0     192      96
  105.000   108538.656      11    8950     160       0       0       0       0       0       0       0       0     191      96       0       0       2       0       0       0     191      96
  106.000   103262.976      10    8515     160       0       0       0       0       0       0       0       0     181      91       0       0       2       0       0       0     181      91
  107.000   101686.336      10    8385     160       0       0       0       0       0       0       0       0     174      87       0       0       2       0       0       0     174      87
  108.000   100703.968      10    8304     160       0       0       0       0       0       0       0       0     172      86       0       0       2       0       0       0     172      86
  109.000    99042.432      10    8167     160       0       0       0       0       0       0       0       0     168      84       0       0       2       0       0       0     168      84
  110.000    96362.144      10    7946     160       0       0       0       0       0       0       0       0     165      83       0       0       2       0       0       0     165      83
  111.000    94809.760       9    7818     160       0       0       0      37       0       0       0       0     184      92       0       0       2       0       0       0     184      92
  112.000    99782.240      10    8228     160       0       0       0       0       0       0       0       0     194      97       0       0       2       0       0       0     194      97
  113.000   105555.168      11    8704     160       0       0       0       0       0       0       0       0     191      96       0       0       2       0       0       0     191      96
  114.000   100255.232      10    8267     160       0       0       0       0       0       0       0       0     188      94       0       0       2       0       0       0     188      94
  115.000    96277.248      10    7939     160       0       0       0       0       0       0       0       0     185      93       0       0       2       0       0       0     185      93
  116.000    90043.456       9    7425     160       0       0       0       0       0       0       0       0     168      84       0       0       2       0       0       0     168      84
  117.000    88066.592       9    7262     160       0       0       0       0       0       0       0       0     154      77       0       0       2       0       0       0     154      77
  118.000    87811.904       9    7241     160       0       0       0       0       0       0       0       0     149      75       0       0       2       0       0       0     149      75
  119.000    86962.944       9    7171     160       0       0       0       0       0       0       0       0     147      74       0       0       2       0       0       0     147      74
  120.000    86477.824       9    7131     160       0       0       0       0       0       0       0       0     143      72       0       0       2       0       0       0     143      72
  121.000    82875.808       8    6834     160       0       0       0      60       0       0       0       0     175      88       0       0       2       0       0       0     175      88
  122.000   100619.072      10    8297     160       0       0       0       0       0       0       0       0     194      97       0       0       2       0       0       0     194      97
  123.000   117028.256      12    9650     160       0       0       0       0       0       0       0       0     194      97       0       0       2       0       0       0     194      97
  124.000   114469.248      11    9439     160       0       0       0       0       0       0       0       0     191      96       0       0       2       0       0       0     191      96
  125.000   108029.280      11    8908     160       0       0       0       0       0       0       0       0     188      94       0       0       2       0       0       0     188      94
  126.000   105385.376      11    8690     160       0       0       0       0       0       0       0       0     174      87       0       0       2       0       0       0     174      87
  127.000   104597.056      10    8625     160       0       0       0       0       0       0       0       0     161      81       0       0       2       0       0       0     161      81
  128.000   104354.496      10    8605     160       0       0       0       0       0       0       0       0     158      79       0       0       2       0       0       0     158      79
  129.000   101746.976      10    8390     160       0       0       0       0       0       0       0       0     153      77       0       0       2       0       0       0     153      77
  130.000   100473.536      10    8285     160       0       0       0       0       0       0       0       0     149      75       0       0       2       0       0       0     149      75
  131.000    97393.024      10    8031     160       0       0       0      54       0       0       0       0     176      88       0       0       2       0       0       0     176      88
  132.000   112189.184      11    9251     160       0       0       0       0       0       0       0       0     195      98       0       0       2       0       0       0     195      98
  133.000   125554.240      13   10353     160       0       0       0       0       0       0       0       0     197      99       0       0       2       0       0       0     197      99
  134.000   123807.808      12   10209     160       0       0       0       0       0       0       0       0     196      98       0       0       2       0       0       0     196      98
  135.000   121103.264      12    9986     160       0       0       0       0       0       0       0       0     195      98       0       0       2       0       0       0     195      98
  136.000   120703.040      12    9953     160       0       0       0       0       0       0       0       0     178      89       0       0       2       0       0       0     178      89
  137.000   120521.120      12    9938     160       0       0       0       0       0       0       0       0     166      83       0       0       2       0       0       0     166      83
  138.000   120508.992      12    9937     160       0       0       0       0       0       0       0       0     163      82       0       0       2       0       0       0     163      82
  139.000   120448.352      12    9932     160       0       0       0       0       0       0       0       0     160      80       0       0       2       0       0       0     160      80
  140.000   120521.120      12    9938     160       0       0       0       0       0       0       0       0     156      78       0       0       2       0       0       0     156      78
  141.000   119963.232      12    9892     160       0       0       0      45       0       0       0       0     180      90       0       0       2       0       0       0     180      90
  142.000   128719.648      13   10614     160       0       0       0       0       0       0       0       0     195      98       0       0       2       0       0       0     195      98
  143.000   136954.560      14   11293     160       0       0       0       0       0       0       0       0     196      98       0       0       2       0       0       0     196      98
  144.000   135305.152      14   11157     160       0       0       0       0       0       0       0       0     193      97       0       0       2       0       0       0     193      97
  145.000   130975.456      13   10800     160       0       0       0       0       0       0       0       0     192      96       0       0       2       0       0       0     192      96
  146.000   128937.952      13   10632     160       0       0       0       0       0       0       0       0     177      89       0       0       2       0       0       0     177      89
  147.000   124220.160      12   10243     160       0       0       0       0       0       0       0       0     168      84       0       0       2       0       0       0     168      84
  148.000   122595.008      12   10109     160       0       0       0       0       0       0       0       0     165      83       0       0       2       0       0       0     165      83
  149.000   121552.000      12   10023     160       0       0       0       0       0       0       0       0     163      82       0       0       2       0       0       0     163      82
  150.000   120314.944      12    9921     160       0       0       0       0       0       0       0       0     161      81       0       0       2       0       0       0     161      81
  151.000   118811.072      12    9797     160       0       0       0      39       0       0       0       0     184      92       0       0       2       0       0       0     184      92
  152.000   123722.912      12   10202     160       0       0       0       0       0       0       0       0     197      99       0       0       2       0       0       0     197      99
  153.000   133158.496      13   10980     160       0       0       0       0       0       0       0       0     199     100       0       0       2       0       0       0     199     100
  154.000   129047.104      13   10641     160       0       0       0       0       0       0       0       0     199     100       0       0       2       0       0       0     199     100
  155.000   126585.120      13   10438     160       0       0       0       0       0       0       0       0     199     100       0       0       2       0       0       0     199     100
  156.000   125093.376      13   10315     160       0       0       0       0       0       0       0       0     189      95       0       0       2       0       0       0     189      95
  157.000   123601.632      12   10192     160       0       0       0       0       0       0       0       0     182      91       0       0       2       0       0       0     182      91
  158.000   117404.224      12    9681     160       0       0       0       0       0       0       0       0     179      90       0       0       2       0       0       0     179      90
  159.000   116482.496      12    9605     160       0       0       0       0       0       0       0       0     175      88       0       0       2       0       0       0     175      88
  160.000   115779.072      12    9547     160       0       0       0       0       0       0       0       0     170      85       0       0       2       0       0       0     170      85
  161.000   112371.104      11    9266     160       0       0       0      31       0       0       0       0     186      93       0       0       2       0       0       0     186      93
  162.000   117671.040      12    9703     160       0       0       0       0       0       0       0       0     194      97       0       0       2       0       0       0     194      97
  163.000   124596.128      12   10274     160       0       0       0       0       0       0       0       0     193      97       0       0       2       0       0       0     193      97
  164.000   122898.208      12   10134     160       0       0       0       0       0       0       0       0     191      96       0       0       2       0       0       0     191      96
  165.000   122558.624      12   10106     160       0       0       0       0       0       0       0       0     189      95       0       0       2       0       0       0     189      95
  166.000   116409.728      12    9599     160       0       0       0       0       0       0       0       0     176      88       0       0       2       0       0       0     176      88
  167.000   111449.376      11    9190     160       0       0       0       0       0       0       0       0     166      83       0       0       2       0       0       0     166      83
  168.000   109630.176      11    9040     160       0       0       0       0       0       0       0       0     164      82       0       0       2       0       0       0     164      82
  169.000   104208.960      10    8593     160       0       0       0       0       0       0       0       0     160      80       0       0       2       0       0       0     160      80
  170.000   100497.792      10    8287     160       0       0       0       0       0       0       0       0     157      79       0       0       2       0       0       0     157      79
  171.000    98533.056      10    8125     160       0       0       0      45       0       0       0       0     180      90       0       0       2       0       0       0     180      90
  172.000   113038.144      11    9321     160       0       0       0       0       0       0       0       0     195      98       0       0       2       0       0       0     195      98
  173.000   125602.752      13   10357     160       0       0       0       0       0       0       0       0     194      97       0       0       2       0       0       0     194      97
  174.000   118228.928      12    9749     160       0       0       0       0       0       0       0       0     192      96       0       0       2       0       0       0     192      96
  175.000   116506.752      12    9607     160       0       0       0       0       0       0       0       0     190      95       0       0       2       0       0       0     190      95
  176.000   113183.680      11    9333     160       0       0       0       0       0       0       0       0     178      89       0       0       2       0       0       0     178      89
  177.000   112322.592      11    9262     160       0       0       0       0       0       0       0       0     170      85       0       0       2       0       0       0     170      85
  178.000   110733.824      11    9131     160       0       0       0       0       0       0       0       0     167      84       0       0       2       0       0       0     167      84
  179.000   109994.016      11    9070     160       0       0       0       0       0       0       0       0     165      83       0       0       2       0       0       0     165      83
  180.000   108550.784      11    8951     160       0       0       0       0       0       0       0       0     165      83       0       0       2       0       0       0     165      83
  181.000   108405.248      11    8939     160       0       0       0      36       0       0       0       0     182      91       0       0       2       0       0       0     182      91
  182.000   119235.552      12    9832     160       0       0       0       0       0       0       0       0     191      96       0       0       2       0       0       0     191      96
  183.000   127894.944      13   10546     160       0       0       0       0       0       0       0       0     191      96       0       0       2       0       0       0     191      96
  184.000   123856.320      12   10213     160       0       0       0       0       0       0       0       0     189      95       0       0       2       0       0       0     189      95
  185.000   123528.864      12   10186     160       0       0       0       0       0       0       0       0     187      94       0       0       2       0       0       0     187      94
  186.000   123019.488      12   10144     160       0       0       0       0       0       0       0       0     175      88       0       0       2       0       0       0     175      88
  187.000   120872.832      12    9967     160       0       0       0       0       0       0       0       0     168      84       0       0       2       0       0       0     168      84
  188.000   118992.992      12    9812     160       0       0       0       0       0       0       0       0     165      83       0       0       2       0       0       0     165      83
  189.000   114990.752      11    9482     160       0       0       0       0       0       0       0       0     161      81       0       0       2       0       0       0     161      81
  190.000   113377.728      11    9349     160       0       0       0       0       0       0       0       0     159      80       0       0       2       0       0       0     159      80
  191.000   111910.240      11    9228     160       0       0       0      42       0       0       0       0     181      91       0       0       2       0       0       0     181      91
  192.000   115245.440      12    9503     160       0       0       0       0       0       0       0       0     195      98       0       0       2       0       0       0     195      98
  193.000   115742.688      12    9544     160       0       0       0       0       0       0       0       0     194      97       0       0       2       0       0       0     194      97
  194.000   114917.984      11    9476     160       0       0       0       0       0       0       0       0     193      97       0       0       2       0       0       0     193      97
  195.000   112674.304      11    9291     160       0       0       0       0       0       0       0       0     192      96       0       0       2       0       0       0     192      96
  196.000   106294.976      11    8765     160       0       0       0       0       0       0       0       0     181      91       0       0       2       0       0       0     181      91
  197.000   101055.680      10    8333     160       0       0       0       0       0       0       0       0     174      87       0       0       2       0       0       0     174      87
  198.000    98436.032      10    8117     160       0       0       0       0       0       0       0       0     171      86       0       0       2       0       0       0     171      86
  199.000    94239.744       9    7771     160       0       0       0       0       0       0       0       0     169      85       0       0       2       0       0       0     169      85
  200.000    91413.920       9    7538     160       0       0       0       0       0       0       0       0     168      84       0       0       2       0       0       0     168      84
  201.000    87921.056       9    7250     160       0       0       0      32       0       0       0       0     185      93       0       0       2       0       0       0     185      93
  202.000    86380.800       9    7123     160       0       0       0       0       0       0       0       0     193      97       0       0       2       0       0       0     193      97
  203.000    89121.728       9    7349     160       0       0       0       0       0       0       0       0     191      96       0       0       2       0       0       0     191      96
  204.000    87557.216       9    7220     160       0       0       0       0       0       0       0       0     187      94       0       0       2       0       0       0     187      94
  205.000    87302.528       9    7199     160       0       0       0       0       0       0       0       0     185      93       0       0       2       0       0       0     185      93
  206.000    86526.336       9    7135     160       0       0       0       0       0       0       0       0     168      84       0       0       2       0       0       0     168      84
  207.000    86477.824       9    7131     160       0       0       0       0       0       0       0       0     157      79       0       0       2       0       0       0     157      79
  208.000    83833.920       8    6913     160       0       0       0       0       0       0       0       0     151      76       0       0       2       0       0       0     151      76
  209.000    80935.328       8    6674     160       0       0       0       0       0       0       0       0     150      75       0       0       2       0       0       0     150      75
  210.000    79674.016       8    6570     160       0       0       0       0       0       0       0       0     146      73       0       0       2       0       0       0     146      73
  211.000    79104.000       8    6523     160       0       0       0      57       0       0       0       0     175      88       0       0       2       0       0       0     175      88
  212.000    94518.688       9    7794     160       0       0       0       0       0       0       0       0     193      97       0       0       2       0       0       0     193      97
  213.000   110588.288      11    9119     160       0       0       0       0       0       0       0       0     192      96       0       0       2       0       0       0     192      96
  214.000   110394.240      11    9103     160       0       0       0       0       0       0       0       0     188      94       0       0       2       0       0       0     188      94
  215.000   109048.032      11    8992     160       0       0       0       0       0       0       0       0     185      93       0       0       2       0       0       0     185      93
  216.000   106828.608      11    8809     160       0       0       0       0       0       0       0       0     169      85       0       0       2       0       0       0     169      85
  217.000   104002.784      10    8576     160       0       0       0       0       0       0       0       0     158      79       0       0       2       0       0       0     158      79
  218.000   102147.200      10    8423     160       0       0       0       0       0       0       0       0     157      79       0       0       2       0       0       0     157      79
  219.000   101468.032      10    8367     160       0       0       0       0       0       0       0       0     155      78       0       0       2       0       0       0     155      78
  220.000   101383.136      10    8360     160       0       0       0       0       0       0       0       0     154      77       0       0       2       0       0       0     154      77
  221.000    99115.200      10    8173     160       0       0       0      48       0       0       0       0     181      91       0       0       2       0       0       0     181      91
  222.000   109496.768      11    9029     160       0       0       0       0       0       0       0       0     197      99       0       0       2       0       0       0     197      99
  223.000   125699.776      13   10365     160       0       0       0       0       0       0       0       0     196      98       0       0       2       0       0       0     196      98
  224.000   124050.368      12   10229     160       0       0       0       0       0       0       0       0     193      97       0       0       2       0       0       0     193      97
  225.000   123759.296      12   10205     160       0       0       0       0       0       0       0       0     191      96       0       0       2       0       0       0     191      96
  226.000   123177.152      12   10157     160       0       0       0       0       0       0       0       0     174      87       0       0       2       0       0       0     174      87
  227.000   122413.088      12   10094     160       0       0       0       0       0       0       0       0     163      82       0       0       2       0       0       0     163      82
  228.000   120351.328      12    9924     160       0       0       0       0       0       0       0       0     161      81       0       0       2       0       0       0     161      81
  229.000   117537.632      12    9692     160       0       0       0       0       0       0       0       0     161      81       0       0       2       0       0       0     161      81
  230.000   116906.976      12    9640     160       0       0       0       0       0       0       0       0     159      80       0       0       2       0       0       0     159      80
  231.000   116919.104      12    9641     160       0       0       0      42       0       0       0       0     182      91       0       0       2       0       0       0     182      91
  232.000   128392.192      13   10587     160       0       0       0       0       0       0       0       0     196      98       0       0       2       0       0       0     196      98
  233.000   135511.328      14   11174     160       0       0       0       0       0       0       0       0     196      98       0       0       2       0       0       0     196      98
  234.000   128561.984      13   10601     160       0       0       0       0       0       0       0       0     195      98       0       0       2       0       0       0     195      98
  235.000   125154.016      13   10320     160       0       0       0       0       0       0       0       0     195      98       0       0       2       0       0       0     195      98
  236.000   123601.632      12   10192     160       0       0       0       0       0       0       0       0     184      92       0       0       2       0       0       0     184      92
  237.000   120533.248      12    9939     160       0       0       0       0       0       0       0       0     175      88       0       0       2       0       0       0     175      88
  238.000   118641.280      12    9783     160       0       0       0       0       0       0       0       0     171      86       0       0       2       0       0       0     171      86
  239.000   118095.520      12    9738     160       0       0       0       0       0       0       0       0     169      85       0       0       2       0       0       0     169      85
  240.000   117574.016      12    9695     160       0       0       0       0       0       0       0       0     169      85       0       0       2       0       0       0     169      85
  241.000   116518.880      12    9608     160       0       0       0      31       0       0       0       0     187      94       0       0       2       0       0       0     187      94
  242.000   122764.800      12   10123     160       0       0       0       0       0       0       0       0     198      99       0       0       2       0       0       0     198      99
  243.000   129386.688      13   10669     160       0       0       0       0       0       0       0       0     196      98       0       0       2       0       0       0     196      98
  244.000   128380.064      13   10586     160       0       0       0       0       0       0       0       0     194      97       0       0       2       0       0       0     194      97
  245.000   127543.232      13   10517     160       0       0       0       0       0       0       0       0     191      96       0       0       2       0       0       0     191      96
  246.000   126318.304      13   10416     160       0       0       0       0       0       0       0       0     179      90       0       0       2       0       0       0     179      90
  247.000   120884.960      12    9968     160       0       0       0       0       0       0       0       0     170      85       0       0       2       0       0       0     170      85
  248.000   118398.720      12    9763     160       0       0       0       0       0       0       0       0     166      83       0       0       2       0       0       0     166      83
  249.000   117246.560      12    9668     160       0       0       0       0       0       0       0       0     161      81       0       0       2       0       0       0     161      81
  250.000   116967.616      12    9645     160       0       0       0       0       0       0       0       0     157      79       0       0       2       0       0       0     157      79
  251.000   114250.944      11    9421     160       0       0       0      45       0       0       0       0     180      90       0       0       2       0       0       0     180      90
  252.000   120460.480      12    9933     160       0       0       0       0       0       0       0       0     193      97       0       0       2       0       0       0     193      97
  253.000   128707.520      13   10613     160       0       0       0       0       0       0       0       0     193      97       0       0       2       0       0       0     193      97
  254.000   127312.800      13   10498     160       0       0       0       0       0       0       0       0     191      96       0       0       2       0       0       0     191      96
  255.000   126645.760      13   10443     160       0       0       0       0       0       0       0       0     190      95       0       0       2       0       0       0     190      95
  256.000   125457.216      13   10345     160       0       0       0       0       0       0       0       0     180      90       0       0       2       0       0       0     180      90
  257.000   123128.640      12   10153     160       0       0       0       0       0       0       0       0     172      86       0       0       2       0       0       0     172      86
  258.000   120290.688      12    9919     160       0       0       0       0       0       0       0       0     169      85       0       0       2       0       0       0     169      85
  259.000   113705.184      11    9376     160       0       0       0       0       0       0       0       0     166      83       0       0       2       0       0       0     166      83
  260.000   110636.800      11    9123     160       0       0       0       0       0       0       0       0     165      83       0       0       2       0       0       0     165      83
  261.000   109618.048      11    9039     160       0       0       0      36       0       0       0       0     184      92       0       0       2       0       0       0     184      92
  262.000   113765.824      11    9381     160       0       0       0       0       0       0       0       0     193      97       0       0       2       0       0       0     193      97
  263.000   116045.888      12    9569     160       0       0       0       0       0       0       0       0     192      96       0       0       2       0       0       0     192      96
  264.000   112928.992      11    9312     160       0       0       0       0       0       0       0       0     191      96       0       0       2       0       0       0     191      96
  265.000   109787.840      11    9053     160       0       0       0       0       0       0       0       0     191      96       0       0       2       0       0       0     191      96
  266.000    99309.248      10    8189     160       0       0       0       0       0       0       0       0     173      87       0       0       2       0       0       0     173      87
  267.000    97975.168      10    8079     160       0       0       0       0       0       0       0       0     162      81       0       0       2       0       0       0     162      81
  268.000    96022.560      10    7918     160       0       0       0       0       0       0       0       0     161      81       0       0       2       0       0       0     161      81
  269.000    93706.112       9    7727     160       0       0       0       0       0       0       0       0     160      80       0       0       2       0       0       0     160      80
  270.000    92614.592       9    7637     160       0       0       0       0       0       0       0       0     158      79       0       0       2       0       0       0     158      79
  271.000    87739.136       9    7235     160       0       0       0      43       0       0       0       0     181      91       0       0       2       0       0       0     181      91
  272.000    91219.872       9    7522     160       0       0       0       0       0       0       0       0     194      97       0       0       2       0       0       0     194      97
  273.000    95864.896      10    7905     160       0       0       0       0       0       0       0       0     193      97       0       0       2       0       0       0     193      97
  274.000    94749.120       9    7813     160       0       0       0       0       0       0       0       0     190      95       0       0       2       0       0       0     190      95
  275.000    94719.680       9    7810     160       0       0       0       0       0       0       0       0     187      94       0       0       2       0       0       0     187      94
