  TimeSec      LoaKbps LoaUsag Packets DlyUsec LoaDrps MetDrps TabDrps FloMods MetMods GroMods  PktsIn PktsOut FloEntr FloUsag MetEntr MetUsag GroEntr GroUsag BufPkts BufUsag  T0Entr  T0Usag
    1.000        0.000       0       0      69       0       0       0      14       0       0       0       0      12       0       0       0       0       0       0       0      12       0
    2.000     5940.960       0     491      90       0       0       0       8       0       0       8       8      18       0       0       0       0       0       0       0      18       0
    3.000    23271.872       0    1920      98       0       0       0       6       0       0       6       6      25       0       0       0       0       0       0       0      25       0
    4.000    32137.440       0    2651     109       0       0       0       7       0       0       7       7      32       0       0       0       0       0       0       0      32       0
    5.000    43040.512       0    3550     118       0       0       0       5       0       0       5       5      37       0       0       0       0       0       0       0      37       0
    6.000    56235.776       0    4638     119       0       0       0       5       0       0       5       5      43       0       0       0       0       0       0       0      43       0
    7.000    62578.720       0    5161     119       0       0       0       5       0       0       5       5      48       0       0       0       0       0       0       0      48       0
    8.000    74828.000       0    6171     119       0       0       0       7       0       0       7       7      54       0       0       0       0       0       0       0      54       0
    9.000    89345.216       0    7368     120       0       0       0       6       0       0       6       6      60       0       0       0       0       0       0       0      60       0
   10.000   102407.072       0    8445     134       0       0       0       7       0       0       7       7      66       0       0       0       0       0       0       0      66       0
   11.000   114280.384       0    9424     139       0       0       0       5       0       0       5       5      73       0       0       0       0       0       0       0      73       0
   12.000   124031.296       0   10228     139       0       0       0     107       0       0       6       6      77       0       0       0       0       0       0       0      77       0
   13.000   133612.416       0   11018     139       0       0       0       3       0       0       3       3      82       0       0       0       0       0       0       0      82       0
   14.000   145473.600       0   11996     139       0       0       0       9       0       0       9       9      88       0       0       0       0       0       0       0      88       0
   15.000   158474.816       0   13068     140       0       0       0       7       0       0       7       7      95       0       0       0       0       0       0       0      95       0
   16.000   168225.728       0   13872     140       0       0       0       4       0       0       4       4     101       0       0       0       0       0       0       0     101       0
   17.000   171003.040       0   14101     140       0       0       0       3       0       0       3       3     105       0       0       0       0       0       0       0     105       0
   18.000   181566.528       0   14972     140       0       0       0      10       0       0      10      10     112       0       0       0       0       0       0       0     112       0
   19.000   197757.408       0   16307     140       0       0       0       7       0       0       7       7     121       0       0       0       0       0       0       0     121       0
   20.000   200571.104       0   16539     149       0       0       0       7       0       0       7       7     127       0       0       0       0       0       0       0     127       0
   21.000   206319.776       0   17013     158       0       0       0       7       0       0       7       7     135       0       0       0       0       0       0       0     135       0
   22.000   217902.016       0   17968     159       0       0       0      99       0       0       3       3     140       0       0       0       0       0       0       0     140       0
   23.000   225130.304       0   18564     159       0       0       0       5       0       0       5       5     143       0       0       0       0       0       0       0     143       0
   24.000   228465.504       0   18839     159       0       0       0       3       0       0       3       3     148       0       0       0       0       0       0       0     148       0
   25.000   234626.528       0   19347     160       0       0       0       9       0       0       9       9     153       0       0       0       0       0       0       0     153       0
   26.000   248088.608       0   20457     160       0       0       0       8       0       0       8       8     162       0       0       0       0       0       0       0     162       0
   27.000   261089.824       0   21529     160       0       0       0       4       0       0       4       4     167       0       0       0       0       0       0       0     167       0
   28.000   271701.824       0   22404     160       0       0       0       5       0       0       5       5     171       0       0       0       0       0       0       0     171       0
   29.000   280494.624       0   23129     160       0       0       0       7       0       0       7       7     177       0       0       0       0       0       0       0     177       0
   30.000   294963.328       0   24322     160       0       0       0       5       0       0       5       5     183       0       0       0       0       0       0       0     183       0
   31.000   307236.864       0   25334     160       0       0       0       3       0       0       3       3     187       0       0       0       0       0       0       0     187       0
   32.000   313252.352       0   25830     160       0       0       0       8       0       0       5       5     189       0       0       0       0       0       0       0     189       0
   33.000   316442.016       0   26093     160       0       0       0       8       0       0       8       8     195       0       0       0       0       0       0       0     195       0
   34.000   318576.544       0   26269     160       0       0       0       5       0       0       5       5     201       0       0       0       0       0       0       0     201       0
   35.000   326095.904       0   26889     160       0       0       0       7       0       0       7       7     206       0       0       0       0       0       0       0     206       0
   36.000   343354.048       0   28312     160       0       0       0       3       0       0       3       3     209       0       0       0       0       0       0       0     209       0
   37.000   346580.096       0   28578     160       0       0       0       7       0       0       7       7     212       0       0       0       0       0       0       0     212       0
   38.000   351746.624       0   29004     160       0       0       0       2       0       0       2       2     216       0       0       0       0       0       0       0     216       0
   39.000   353420.288       0   29142     160       0       0       0       4       0       0       4       4     219       0       0       0       0       0       0       0     219       0
   40.000   360114.944       0   29694     160       0       0       0       7       0       0       7       7     224       0       0       0       0       0       0       0     224       0
   41.000   365948.512       0   30175     160       0       0       0       6       0       0       6       6     228       0       0       0       0       0       0       0     228       0
   42.000   371842.720       0   30661     160       0       0       0      21       0       0       4       4     233       0       0       0       0       0       0       0     233       0
   43.000   387002.720       0   31911     160       0       0       0       7       0       0       7       7     238       0       0       0       0       0       0       0     238       0
   44.000   386335.680       0   31856     160       0       0       0       8       0       0       8       8     242       0       0       0       0       0       0       0     242       0
   45.000   385316.928       0   31772     160       0       0       0       5       0       0       5       5     246       0       0       0       0       0       0       0     246       0
   46.000   392339.040       0   32351     160       0       0       0       2       0       0       2       2     248       0       0       0       0       0       0       0     248       0
   47.000   395686.368       0   32627     160       0       0       0       3       0       0       3       3     249       0       0       0       0       0       0       0     249       0
   48.000   393818.656       0   32473     160       0       0       0       5       0       0       5       5     250       0       0       0       0       0       0       0     250       0
   49.000   395540.832       0   32615     160       0       0       0       3       0       0       3       3     249       0       0       0       0       0       0       0     249       0
   50.000   396717.248       0   32712     160       0       0       0       3       0       0       3       3     251       0       0       0       0       0       0       0     251       0
   51.000   402320.384       0   33174     160       0       0       0       5       0       0       5       5     253       0       0       0       0       0       0       0     253       0
   52.000   407499.040       0   33601     175       0       0       0      35       0       0       7       7     258       0       0       0       0       0       0       0     258       0
   53.000   405995.168       0   33477     179       0       0       0       5       0       0       5       5     258       0       0       0       0       0       0       0     258       0
   54.000   411537.664       0   33934     179       0       0       0       5       0       0       5       5     260       0       0       0       0       0       0       0     260       0
   55.000   416764.832       0   34365     179       0       0       0       5       0       0       5       5     262       0       0       0       0       0       0       0     262       0
   56.000   417977.632       0   34465     179       0       0       0       8       0       0       8       8     266       0       0       0       0       0       0       0     266       0
   57.000   428286.432       0   35315     180       0       0       0       6       0       0       6       6     273       0       0       0       0       0       0       0     273       0
   58.000   432604.000       0   35671     180       0       0       0       4       0       0       4       4     275       0       0       0       0       0       0       0     275       0
   59.000   440705.504       0   36339     180       0       0       0       5       0       0       5       5     278       0       0       0       0       0       0       0     278       0
   60.000   443228.128       0   36547     180       0       0       0       3       0       0       3       3     277       0       0       0       0       0       0       0     277       0
   61.000   449534.688       0   37067     180       0       0       0       5       0       0       5       5     277       0       0       0       0       0       0       0     277       0
   62.000   452615.200       0   37321     180       0       0       0      32       0       0       4       4     274       0       0       0       0       0       0       0     274       0
   63.000   456714.464       0   37659     180       0       0       0       5       0       0       5       5     275       0       0       0       0       0       0       0     275       0
   64.000   461153.312       0   38025     180       0       0       0       3       0       0       3       3     275       0       0       0       0       0       0       0     275       0
   65.000   462172.064       0   38109     180       0       0       0       5       0       0       5       5     277       0       0       0       0       0       0       0     277       0
   66.000   463578.912       0   38225     180       0       0       0       5       0       0       5       5     281       0       0       0       0       0       0       0     281       0
   67.000   464015.520       0   38261     180       0       0       0       3       0       0       3       3     280       0       0       0       0       0       0       0     280       0
   68.000   465555.776       0   38388     180       0       0       0       3       0       0       3       3     278       0       0       0       0       0       0       0     278       0
   69.000   469194.176       0   38688     180       0       0       0       7       0       0       7       7     280       0       0       0       0       0       0       0     280       0
   70.000   468890.976       0   38663     180       0       0       0       7       0       0       7       7     286       0       0       0       0       0       0       0     286       0
   71.000   476665.024       0   39304     180       0       0       0       4       0       0       4       4     291       0       0       0       0       0       0       0     291       0
   72.000   483189.888       0   39842     180       0       0       0      41       0       0       8       8     297       0       0       0       0       0       0       0     297       0
   73.000   486379.552       0   40105     180       0       0       0       1       0       0       1       1     297       0       0       0       0       0       0       0     297       0
   74.000   488174.496       0   40253     180       0       0       0       3       0       0       3       3     297       0       0       0       0       0       0       0     297       0
   75.000   497003.680       0   40981     180       0       0       0       6       0       0       6       6     297       0       0       0       0       0       0       0     297       0
   76.000   510320.224       1   42079     180       0       0       0       7       0       0       7       7     300       0       0       0       0       0       0       0     300       0
   77.000   511617.920       1   42186     180       0       0       0       6       0       0       6       6     301       0       0       0       0       0       0       0     301       0
   78.000   519501.120       1   42836     180       0       0       0       6       0       0       6       6     307       0       0       0       0       0       0       0     307       0
   79.000   517099.776       1   42638     180       0       0       0       4       0       0       4       4     310       0       0       0       0       0       0       0     310       0
   80.000   522326.944       1   43069     180       0       0       0       6       0       0       6       6     311       0       0       0       0       0       0       0     311       0
   81.000   523988.480       1   43206     180       0       0       0       6       0       0       6       6     313       0       0       0       0       0       0       0     313       0
   82.000   522411.840       1   43076     180       0       0       0      30       0       0       1       1     316       0       0       0       0       0       0       0     316       0
   83.000   517791.072       1   42695     180       0       0       0       4       0       0       4       4     316       0       0       0       0       0       0       0     316       0
   84.000   511241.952       1   42155     180       0       0       0       0       0       0       0       0     316       0       0       0       0       0       0       0     316       0
   85.000   507955.264       1   41884     180       0       0       0       9       0       0       9       9     320       0       0       0       0       0       0       0     320       0
   86.000   513800.960       1   42366     180       0       0       0       9       0       0       9       9     325       0       0       0       0       0       0       0     325       0
   87.000   522423.968       1   43077     180       0       0       0       5       0       0       5       5     329       1       0       0       0       0       0       0     329       1
   88.000   529846.304       1   43689     180       0       0       0       3       0       0       3       3     332       1       0       0       0       0       0       0     332       1
   89.000   542883.904       1   44764     180       0       0       0       8       0       0       8       8     337       1       0       0       0       0       0       0     337       1
   90.000   549032.800       1   45271     180       0       0       0       3       0       0       3       3     338       1       0       0       0       0       0       0     338       1
   91.000   559268.832       1   46115     180       0       0       0       4       0       0       4       4     338       1       0       0       0       0       0       0     338       1
   92.000   561354.848       1   46287     180       0       0       0      25       0       0       4       4     338       1       0       0       0       0       0       0     338       1
   93.000   558383.488       1   46042     180       0       0       0       2       0       0       2       2     334       1       0       0       0       0       0       0     334       1
   94.000   561864.224       1   46329     180       0       0       0       4       0       0       4       4     333       1       0       0       0       0       0       0     333       1
   95.000   566303.072       1   46695     180       0       0       0       5       0       0       5       5     334       1       0       0       0       0       0       0     334       1
   96.000   573276.672       1   47270     180       0       0       0       9       0       0       9       9     334       1       0       0       0       0       0       0     334       1
   97.000   572779.424       1   47229     180       0       0       0       8       0       0       8       8     337       1       0       0       0       0       0       0     337       1
   98.000   562664.672       1   46395     180       0       0       0       7       0       0       7       7     342       1       0       0       0       0       0       0     342       1
   99.000   554587.424       1   45729     180       0       0       0       5       0       0       5       5     342       1       0       0       0       0       0       0     342       1
  100.000   552246.720       1   45536     180       0       0       0       4       0       0       4       4     342       1       0       0       0       0       0       0     342       1
  101.000   553520.160       1   45641     180       0       0       0       3       0       0       3       3     341       1       0       0       0       0       0       0     341       1
  102.000   559208.192       1   46110     180       0       0       0      49       0       0       9       9     347       1       0       0       0       0       0       0     347       1
  103.000   557922.624       1   46004     180       0       0       0       3       0       0       3       3     349       1       0       0       0       0       0       0     349       1
  104.000   558892.864       1   46084     180       0       0       0       7       0       0       7       7     350       1       0       0       0       0       0       0     350       1
  105.000   562458.496       1   46378     180       0       0       0       3       0       0       3       3     353       1       0       0       0       0       0       0     353       1
  106.000   565478.368       1   46627     180       0       0       0       6       0       0       6       6     355       1       0       0       0       0       0       0     355       1
  107.000   570450.848       1   47037     180       0       0       0       3       0       0       3       3     355       1       0       0       0       0       0       0     355       1
  108.000   571627.264       1   47134     180       0       0       0       5       0       0       5       5     354       1       0       0       0       0       0       0     354       1
  109.000   575702.272       1   47470     180       0       0       0       5       0       0       5       5     356       1       0       0       0       0       0       0     356       1
  110.000   567443.104       1   46789     180       0       0       0       5       0       0       5       5     355       1       0       0       0       0       0       0     355       1
  111.000   561088.032       1   46265     180       0       0       0       5       0       0       5       5     355       1       0       0       0       0       0       0     355       1
  112.000   574841.184       1   47399     180       0       0       0      32       0       0       5       5     354       1       0       0       0       0       0       0     354       1
  113.000   580747.520       1   47886     180       0       0       0       7       0       0       7       7     355       1       0       0       0       0       0       0     355       1
  114.000   579061.728       1   47747     180       0       0       0       6       0       0       6       6     357       1       0       0       0       0       0       0     357       1
  115.000   573385.824       1   47279     180       0       0       0       2       0       0       2       2     357       1       0       0       0       0       0       0     357       1
  116.000   579716.640       1   47801     180       0       0       0       7       0       0       7       7     358       1       0       0       0       0       0       0     358       1
  117.000   580796.032       1   47890     180       0       0       0       7       0       0       7       7     355       1       0       0       0       0       0       0     355       1
  118.000   581220.512       1   47925     180       0       0       0       4       0       0       4       4     359       1       0       0       0       0       0       0     359       1
  119.000   582991.200       1   48071     180       0       0       0       5       0       0       5       5     359       1       0       0       0       0       0       0     359       1
  120.000   583524.832       1   48115     180       0       0       0       6       0       0       6       6     360       1       0       0       0       0       0       0     360       1
  121.000   587308.768       1   48427     180       0       0       0      11       0       0      11      11     363       1       0       0       0       0       0       0     363       1
  122.000   602856.864       1   49709     180       0       0       0      43       0       0       5       5     368       1       0       0       0       0       0       0     368       1
  123.000   610897.728       1   50372     180       0       0       0       8       0       0       8       8     369       1       0       0       0       0       0       0     369       1
  124.000   617980.480       1   50956     180       0       0       0       5       0       0       5       5     372       1       0       0       0       0       0       0     372       1
  125.000   622091.872       1   51295     180       0       0       0       5       0       0       5       5     372       1       0       0       0       0       0       0     372       1
  126.000   628313.536       1   51808     180       0       0       0       7       0       0       7       7     372       1       0       0       0       0       0       0     372       1
  127.000   628131.616       1   51793     180       0       0       0       3       0       0       3       3     372       1       0       0       0       0       0       0     372       1
  128.000   626081.984       1   51624     180       0       0       0       5       0       0       5       5     373       1       0       0       0       0       0       0     373       1
  129.000   619569.248       1   51087     180       0       0       0       1       0       0       1       1     371       1       0       0       0       0       0       0     371       1
  130.000   624347.680       1   51481     180       0       0       0       7       0       0       7       7     370       1       0       0       0       0       0       0     370       1
  131.000   626009.216       1   51618     180       0       0       0       5       0       0       5       5     371       1       0       0       0       0       0       0     371       1
  132.000   623656.384       1   51424     180       0       0       0      36       0       0       6       6     373       1       0       0       0       0       0       0     373       1
  133.000   618441.344       1   50994     180       0       0       0       3       0       0       3       3     372       1       0       0       0       0       0       0     372       1
  134.000   621473.344       1   51244     180       0       0       0       8       0       0       8       8     375       1       0       0       0       0       0       0     375       1
  135.000   629101.856       1   51873     180       0       0       0       8       0       0       8       8     379       1       0       0       0       0       0       0     379       1
  136.000   633965.184       1   52274     180       0       0       0       4       0       0       4       4     384       1       0       0       0       0       0       0     384       1
  137.000   637203.360       1   52541     180       0       0       0       5       0       0       5       5     386       1       0       0       0       0       0       0     386       1
  138.000   634850.528       1   52347     180       0       0       0       5       0       0       5       5     386       1       0       0       0       0       0       0     386       1
  139.000   632473.440       1   52151     180       0       0       0       5       0       0       5       5     387       1       0       0       0       0       0       0     387       1
  140.000   626045.600       1   51621     180       0       0       0       5       0       0       5       5     386       1       0       0       0       0       0       0     386       1
  141.000   619557.120       1   51086     180       0       0       0       3       0       0       3       3     385       1       0       0       0       0       0       0     385       1
  142.000   600091.680       1   49481     180       0       0       0      28       0       0       5       5     383       1       0       0       0       0       0       0     383       1
  143.000   592620.832       1   48865     180       0       0       0      10       0       0      10      10     383       1       0       0       0       0       0       0     383       1
  144.000   595434.528       1   49097     180       0       0       0       7       0       0       7       7     387       1       0       0       0       0       0       0     387       1
  145.000   591359.520       1   48761     180       0       0       0       7       0       0       7       7     391       1       0       0       0       0       0       0     391       1
  146.000   593736.608       1   48957     180       0       0       0       8       0       0       8       8     396       1       0       0       0       0       0       0     396       1
  147.000   598163.328       1   49322     180       0       0       0       5       0       0       5       5     397       1       0       0       0       0       0       0     397       1
  148.000   592924.032       1   48890     180       0       0       0       2       0       0       2       2     396       1       0       0       0       0       0       0     396       1
  149.000   590462.048       1   48687     180       0       0       0       6       0       0       6       6     395       1       0       0       0       0       0       0     395       1
  150.000   586532.576       1   48363     180       0       0       0       2       0       0       2       2     396       1       0       0       0       0       0       0     396       1
  151.000   587211.744       1   48419     180       0       0       0       4       0       0       4       4     394       1       0       0       0       0       0       0     394       1
  152.000   591614.208       1   48782     180       0       0       0      27       0       0       2       2     390       1       0       0       0       0       0       0     390       1
  153.000   589237.120       1   48586     180       0       0       0       4       0       0       4       4     390       1       0       0       0       0       0       0     390       1
  154.000   599097.184       1   49399     180       0       0       0       7       0       0       7       7     389       1       0       0       0       0       0       0     389       1
  155.000   603681.568       1   49777     180       0       0       0       7       0       0       7       7     389       1       0       0       0       0       0       0     389       1
  156.000   603390.496       1   49753     180       0       0       0       9       0       0       9       9     390       1       0       0       0       0       0       0     390       1
  157.000   601959.392       1   49635     180       0       0       0       3       0       0       3       3     385       1       0       0       0       0       0       0     385       1
  158.000   605731.200       1   49946     180       0       0       0       8       0       0       8       8     385       1       0       0       0       0       0       0     385       1
  159.000   613371.840       1   50576     180       0       0       0       6       0       0       6       6     383       1       0       0       0       0       0       0     383       1
  160.000   611892.224       1   50454     180       0       0       0       4       0       0       4       4     382       1       0       0       0       0       0       0     382       1
  161.000   611649.664       1   50434     180       0       0       0       6       0       0       6       6     384       1       0       0       0       0       0       0     384       1
  162.000   612498.624       1   50504     180       0       0       0      41       0       0       6       6     388       1       0       0       0       0       0       0     388       1
  163.000   609551.520       1   50261     180       0       0       0       4       0       0       4       4     386       1       0       0       0       0       0       0     386       1
  164.000   610291.328       1   50322     180       0       0       0       4       0       0       4       4     385       1       0       0       0       0       0       0     385       1
  165.000   614281.440       1   50651     180       0       0       0       5       0       0       5       5     383       1       0       0       0       0       0       0     383       1
  166.000   619763.296       1   51103     180       0       0       0       9       0       0       9       9     386       1       0       0       0       0       0       0     386       1
  167.000   619472.224       1   51079     180       0       0       0       2       0       0       2       2     388       1       0       0       0       0       0       0     388       1
  168.000   615275.936       1   50733     180       0       0       0       6       0       0       6       6     388       1       0       0       0       0       0       0     388       1
  169.000   613675.040       1   50601     180       0       0       0       7       0       0       7       7     387       1       0       0       0       0       0       0     387       1
  170.000   614851.456       1   50698     180       0       0       0       6       0       0       6       6     387       1       0       0       0       0       0       0     387       1
  171.000   608447.872       1   50170     180       0       0       0       4       0       0       4       4     386       1       0       0       0       0       0       0     386       1
  172.000   603451.136       1   49758     180       0       0       0      30       0       0       3       3     388       1       0       0       0       0       0       0     388       1
  173.000   597290.112       1   49250     180       0       0       0       5       0       0       5       5     384       1       0       0       0       0       0       0     384       1
  174.000   600685.952       1   49530     180       0       0       0       6       0       0       6       6     385       1       0       0       0       0       0       0     385       1
  175.000   596065.184       1   49149     180       0       0       0       2       0       0       2       2     384       1       0       0       0       0       0       0     384       1
  176.000   589807.136       1   48633     180       0       0       0       3       0       0       3       3     383       1       0       0       0       0       0       0     383       1
  177.000   579631.744       1   47794     180       0       0       0       4       0       0       4       4     382       1       0       0       0       0       0       0     382       1
  178.000   570196.160       1   47016     180       0       0       0       4       0       0       4       4     378       1       0       0       0       0       0       0     378       1
  179.000   567188.416       1   46768     180       0       0       0       6       0       0       6       6     377       1       0       0       0       0       0       0     377       1
  180.000   571845.568       1   47152     180       0       0       0       6       0       0       6       6     381       1       0       0       0       0       0       0     381       1
  181.000   574695.648       1   47387     180       0       0       0       5       0       0       5       5     381       1       0       0       0       0       0       0     381       1
  182.000   568085.888       1   46842     180       0       0       0      26       0       0       5       5     379       1       0       0       0       0       0       0     379       1
  183.000   568000.992       1   46835     180       0       0       0       6       0       0       6       6     378       1       0       0       0       0       0       0     378       1
  184.000   571772.800       1   47146     180       0       0       0       2       0       0       2       2     375       1       0       0       0       0       0       0     375       1
  185.000   569298.688       1   46942     180       0       0       0       8       0       0       8       8     373       1       0       0       0       0       0       0     373       1
  186.000   577339.552       1   47605     180       0       0       0       6       0       0       6       6     372       1       0       0       0       0       0       0     372       1
  187.000   579025.344       1   47744     180       0       0       0       1       0       0       1       1     374       1       0       0       0       0       0       0     374       1
  188.000   573482.848       1   47287     180       0       0       0       4       0       0       4       4     375       1       0       0       0       0       0       0     375       1
  189.000   569335.072       1   46945     180       0       0       0       8       0       0       8       8     376       1       0       0       0       0       0       0     376       1
  190.000   560554.400       1   46221     180       0       0       0       2       0       0       2       2     375       1       0       0       0       0       0       0     375       1
  191.000   543247.744       1   44794     180       0       0       0       8       0       0       8       8     374       1       0       0       0       0       0       0     374       1
  192.000   542859.648       1   44762     180       0       0       0      35       0       0       6       6     376       1       0       0       0       0       0       0     376       1
  193.000   534782.400       1   44096     180       0       0       0       7       0       0       7       7     374       1       0       0       0       0       0       0     374       1
  194.000   533314.912       1   43975     180       0       0       0       6       0       0       6       6     373       1       0       0       0       0       0       0     373       1
  195.000   531301.664       1   43809     180       0       0       0       6       0       0       6       6     372       1       0       0       0       0       0       0     372       1
  196.000   534066.848       1   44037     180       0       0       0       2       0       0       2       2     370       1       0       0       0       0       0       0     370       1
  197.000   535400.928       1   44147     180       0       0       0       4       0       0       4       4     365       1       0       0       0       0       0       0     365       1
  198.000   541367.904       1   44639     180       0       0       0       7       0       0       7       7     365       1       0       0       0       0       0       0     365       1
  199.000   548026.176       1   45188     180       0       0       0       4       0       0       4       4     365       1       0       0       0       0       0       0     365       1
  200.000   549457.280       1   45306     180       0       0       0       5       0       0       5       5     365       1       0       0       0       0       0       0     365       1
  201.000   546898.272       1   45095     180       0       0       0       6       0       0       6       6     367       1       0       0       0       0       0       0     367       1
  202.000   543114.336       1   44783     180       0       0       0      39       0       0       5       5     366       1       0       0       0       0       0       0     366       1
  203.000   547504.672       1   45145     180       0       0       0       4       0       0       4       4     364       1       0       0       0       0       0       0     364       1
  204.000   551664.576       1   45488     180       0       0       0       7       0       0       7       7     365       1       0       0       0       0       0       0     365       1
  205.000   561609.536       1   46308     180       0       0       0       6       0       0       6       6     366       1       0       0       0       0       0       0     366       1
  206.000   568389.088       1   46867     180       0       0       0       3       0       0       3       3     367       1       0       0       0       0       0       0     367       1
  207.000   572500.480       1   47206     180       0       0       0       8       0       0       8       8     369       1       0       0       0       0       0       0     369       1
  208.000   581159.872       1   47920     180       0       0       0       5       0       0       5       5     366       1       0       0       0       0       0       0     366       1
  209.000   581863.296       1   47978     180       0       0       0       9       0       0       9       9     365       1       0       0       0       0       0       0     365       1
  210.000   584943.808       1   48232     180       0       0       0       6       0       0       6       6     366       1       0       0       0       0       0       0     366       1
  211.000   584640.608       1   48207     180       0       0       0       5       0       0       5       5     365       1       0       0       0       0       0       0     365       1
  212.000   578843.424       1   47729     180       0       0       0      46       0       0       1       1     362       1       0       0       0       0       0       0     362       1
  213.000   575702.272       1   47470     180       0       0       0       7       0       0       7       7     362       1       0       0       0       0       0       0     362       1
  214.000   582372.672       1   48020     180       0       0       0       3       0       0       3       3     365       1       0       0       0       0       0       0     365       1
  215.000   578055.104       1   47664     180       0       0       0       5       0       0       5       5     364       1       0       0       0       0       0       0     364       1
  216.000   576005.472       1   47495     180       0       0       0       7       0       0       7       7     366       1       0       0       0       0       0       0     366       1
  217.000   566412.224       1   46704     180       0       0       0       3       0       0       3       3     365       1       0       0       0       0       0       0     365       1
  218.000   564168.544       1   46519     180       0       0       0       7       0       0       7       7     359       1       0       0       0       0       0       0     359       1
  219.000   569007.616       1   46918     180       0       0       0       6       0       0       6       6     361       1       0       0       0       0       0       0     361       1
  220.000   578988.960       1   47741     180       0       0       0       7       0       0       7       7     364       1       0       0       0       0       0       0     364       1
  221.000   576781.664       1   47559     180       0       0       0       6       0       0       6       6     365       1       0       0       0       0       0       0     365       1
  222.000   580674.752       1   47880     180       0       0       0      26       0       0       5       5     363       1       0       0       0       0       0       0     363       1
  223.000   593239.360       1   48916     180       0       0       0       9       0       0       9       9     364       1       0       0       0       0       0       0     364       1
  224.000   584992.320       1   48236     180       0       0       0       3       0       0       3       3     364       1       0       0       0       0       0       0     364       1
  225.000   574901.824       1   47404     180       0       0       0       3       0       0       3       3     365       1       0       0       0       0       0       0     365       1
  226.000   572536.864       1   47209     180       0       0       0       5       0       0       5       5     366       1       0       0       0       0       0       0     366       1
  227.000   574586.496       1   47378     180       0       0       0       4       0       0       4       4     366       1       0       0       0       0       0       0     366       1
  228.000   569116.768       1   46927     180       0       0       0       7       0       0       7       7     366       1       0       0       0       0       0       0     366       1
  229.000   575847.808       1   47482     180       0       0       0       6       0       0       6       6     371       1       0       0       0       0       0       0     371       1
  230.000   575944.832       1   47490     180       0       0       0       4       0       0       4       4     373       1       0       0       0       0       0       0     373       1
  231.000   577848.928       1   47647     180       0       0       0       5       0       0       5       5     370       1       0       0       0       0       0       0     370       1
  232.000   580165.376       1   47838     180       0       0       0      30       0       0       3       3     366       1       0       0       0       0       0       0     366       1
  233.000   572245.792       1   47185     180       0       0       0       3       0       0       3       3     365       1       0       0       0       0       0       0     365       1
  234.000   561439.744       1   46294     180       0       0       0       6       0       0       6       6     362       1       0       0       0       0       0       0     362       1
  235.000   548960.032       1   45265     180       0       0       0       4       0       0       4       4     362       1       0       0       0       0       0       0     362       1
  236.000   556552.160       1   45891     180       0       0       0       7       0       0       7       7     364       1       0       0       0       0       0       0     364       1
  237.000   558686.688       1   46067     180       0       0       0       6       0       0       6       6     366       1       0       0       0       0       0       0     366       1
  238.000   559608.416       1   46143     180       0       0       0       7       0       0       7       7     368       1       0       0       0       0       0       0     368       1
  239.000   558177.312       1   46025     180       0       0       0       4       0       0       4       4     367       1       0       0       0       0       0       0     367       1
  240.000   554138.688       1   45692     180       0       0       0       7       0       0       7       7     371       1       0       0       0       0       0       0     371       1
  241.000   555642.560       1   45816     180       0       0       0       4       0       0       4       4     372       1       0       0       0       0       0       0     372       1
  242.000   550888.384       1   45424     180       0       0       0      51       0       0       5       5     370       1       0       0       0       0       0       0     370       1
  243.000   557813.472       1   45995     180       0       0       0       8       0       0       8       8     370       1       0       0       0       0       0       0     370       1
  244.000   563428.736       1   46458     180       0       0       0       4       0       0       4       4     369       1       0       0       0       0       0       0     369       1
  245.000   559293.088       1   46117     180       0       0       0       7       0       0       7       7     369       1       0       0       0       0       0       0     369       1
  246.000   561039.520       1   46261     180       0       0       0       4       0       0       4       4     367       1       0       0       0       0       0       0     367       1
  247.000   566606.272       1   46720     180       0       0       0       6       0       0       6       6     369       1       0       0       0       0       0       0     369       1
  248.000   564738.560       1   46566     180       0       0       0       6       0       0       6       6     367       1       0       0       0       0       0       0     367       1
  249.000   566594.144       1   46719     180       0       0       0       8       0       0       8       8     367       1       0       0       0       0       0       0     367       1
  250.000   572185.152       1   47180     180       0       0       0       9       0       0       9       9     371       1       0       0       0       0       0       0     371       1
  251.000   574440.960       1   47366     180       0       0       0       9       0       0       9       9     376       1       0       0       0       0       0       0     376       1
  252.000   571578.752       1   47130     180       0       0       0      37       0       0       6       6     377       1       0       0       0       0       0       0     377       1
  253.000   569735.296       1   46978     180       0       0       0       6       0       0       6       6     375       1       0       0       0       0       0       0     375       1
  254.000   577909.568       1   47652     180       0       0       0       7       0       0       7       7     377       1       0       0       0       0       0       0     377       1
  255.000   579704.512       1   47800     180       0       0       0      10       0       0      10      10     381       1       0       0       0       0       0       0     381       1
  256.000   576017.600       1   47496     180       0       0       0       2       0       0       2       2     383       1       0       0       0       0       0       0     383       1
  257.000   562118.912       1   46350     180       0       0       0       2       0       0       2       2     379       1       0       0       0       0       0       0     379       1
  258.000   558917.120       1   46086     180       0       0       0       5       0       0       5       5     376       1       0       0       0       0       0       0     376       1
  259.000   562422.112       1   46375     180       0       0       0       5       0       0       5       5     377       1       0       0       0       0       0       0     377       1
  260.000   563465.120       1   46461     180       0       0       0       9       0       0       9       9     378       1       0       0       0       0       0       0     378       1
  261.000   562858.720       1   46411     180       0       0       0       2       0       0       2       2     379       1       0       0       0       0       0       0     379       1
  262.000   561172.928       1   46272     180       0       0       0      36       0       0       5       5     378       1       0       0       0       0       0       0     378       1
  263.000   560214.816       1   46193     180       0       0       0       3       0       0       3       3     378       1       0       0       0       0       0       0     378       1
  264.000   548390.016       1   45218     180       0       0       0       8       0       0       8       8     380       1       0       0       0       0       0       0     380       1
  265.000   553447.392       1   45635     180       0       0       0       4       0       0       4       4     384       1       0       0       0       0       0       0     384       1
  266.000   558286.464       1   46034     180       0       0       0       4       0       0       4       4     380       1       0       0       0       0       0       0     380       1
  267.000   561742.944       1   46319     180       0       0       0       4       0       0       4       4     375       1       0       0       0       0       0       0     375       1
  268.000   560008.640       1   46176     180       0       0       0       7       0       0       7       7     374       1       0       0       0       0       0       0     374       1
  269.000   571372.576       1   47113     180       0       0       0       3       0       0       3       3     375       1       0       0       0       0       0       0     375       1
  270.000   571336.192       1   47110     180       0       0       0       4       0       0       4       4     376       1       0       0       0       0       0       0     376       1
  271.000   571275.552       1   47105     180       0       0       0       4       0       0       4       4     375       1       0       0       0       0       0       0     375       1
  272.000   571457.472       1   47120     180       0       0       0      32       0       0       7       7     372       1       0       0       0       0       0       0     372       1
  273.000   570802.560       1   47066     180       0       0       0       5       0       0       5       5     373       1       0       0       0       0       0       0     373       1
  274.000   560578.656       1   46223     180       0       0       0       1       0       0       1       1     370       1       0       0       0       0       0       0     370       1
  275.000   559246.336       1   46112     180       0       0       0       6       0       0       6       6     367       1       0       0       0       0       0       0     367       1
