  TimeSec      LoaKbps LoaUsag Packets DlyUsec LoaDrps MetDrps TabDrps FloMods MetMods GroMods  PktsIn PktsOut FloEntr FloUsag MetEntr MetUsag GroEntr GroUsag BufPkts BufUsag  T0Entr  T0Usag
    1.000        0.000       0       0     173       0       0       0       3       0       2       0       0       3       0       0       0       2       0       0       0       3       0
    2.000     1048.192       0      87     264       0       0       0       5       0       0       0       0       5       0       0       0       2       0       0       0       5       0
    3.000     5256.608       1     434     382       0       0       0       2       0       0       0       0       9       0       0       0       2       0       0       0       9       0
    4.000    12108.928       3     999     398       0       0       0       6       0       0       0       0      15       0       0       0       2       0       0       0      15       0
    5.000    15480.512       3    1277     467       0       0       0       3       0       0       0       0      18       0       0       0       2       0       0       0      18       0
    6.000    16887.360       4    1393     496       0       0       0       3       0       0       0       0      21       0       0       0       2       0       0       0      21       0
    7.000    17881.856       4    1475     499       0       0       0       2       0       0       0       0      23       0       0       0       2       0       0       0      23       0
    8.000    19943.616       4    1645     499       0       0       0       1       0       0       0       0      25       0       0       0       2       0       0       0      25       0
    9.000    24625.024       5    2031     499       0       0       0       3       0       0       0       0      27       0       0       0       2       0       0       0      27       0
   10.000    25219.296       6    2080     500       0       0       0       0       0       0       0       0      28       0       0       0       2       0       0       0      28       0
   11.000    26007.616       6    2145     500       0       0       0       2       0       0       0       0      29       0       0       0       2       0       0       0      29       0
   12.000    13843.232       3    1142     500       0       0       0       1       0       0       0       0      30       0       0       0       2       0       0       0      30       0
   13.000     1618.208       0     134     326       0       0       0      28       0       0       0       0      10       0       0       0       2       0       0       0      10       0
   14.000     5414.272       1     447     392       0       0       0       0       0       0       0       0       9       0       0       0       2       0       0       0       9       0
   15.000     5414.272       1     447     399       0       0       0       0       0       0       0       0       9       0       0       0       2       0       0       0       9       0
   16.000     6202.592       1     512     399       0       0       0       4       0       0       0       0      10       0       0       0       2       0       0       0      10       0
   17.000     9998.656       2     825     419       0       0       0       5       0       0       0       0      15       0       0       0       2       0       0       0      15       0
   18.000    13818.976       3    1140     491       0       0       0       3       0       0       0       0      19       0       0       0       2       0       0       0      19       0
   19.000    17336.096       4    1430     499       0       0       0       2       0       0       0       0      22       0       0       0       2       0       0       0      22       0
   20.000    20950.240       5    1728     499       0       0       0       4       0       0       0       0      24       0       0       0       2       0       0       0      24       0
   21.000    26868.704       6    2216     499       0       0       0       5       0       0       0       0      29       0       0       0       2       0       0       0      29       0
   22.000    18670.176       4    1540     586       0       0       0       6       0       0       0       0      34       0       0       0       2       0       0       0      34       0
   23.000    11223.584       2     926     425       0       0       0      25       0       0       0       0      18       0       0       0       2       0       0       0      18       0
   24.000    14971.136       3    1235     476       0       0       0       3       0       0       0       0      17       0       0       0       2       0       0       0      17       0
   25.000    16014.144       4    1321     497       0       0       0       1       0       0       0       0      19       0       0       0       2       0       0       0      19       0
   26.000    16268.832       4    1342     499       0       0       0       0       0       0       0       0      19       0       0       0       2       0       0       0      19       0
   27.000    17226.944       4    1421     499       0       0       0       1       0       0       0       0      20       0       0       0       2       0       0       0      20       0
   28.000    21023.008       5    1734     499       0       0       0       4       0       0       0       0      22       0       0       0       2       0       0       0      22       0
   29.000    28057.248       6    2314     500       0       0       0       5       0       0       0       0      27       0       0       0       2       0       0       0      27       0
   30.000    30058.368       7    2479     500       0       0       0       3       0       0       0       0      31       0       0       0       2       0       0       0      31       0
   31.000    31440.960       7    2593     559       0       0       0       2       0       0       0       0      33       0       0       0       2       0       0       0      33       0
   32.000    19179.552       4    1582     595       0       0       0       2       0       0       0       0      35       0       0       0       2       0       0       0      35       0
   33.000     5014.048       1     414     339       0       0       0      29       0       0       0       0      11       0       0       0       2       0       0       0      11       0
   34.000     6784.736       2     560     353       0       0       0       2       0       0       0       0       9       0       0       0       2       0       0       0       9       0
   35.000    12375.744       3    1021     394       0       0       0       5       0       0       0       0      12       0       0       0       2       0       0       0      12       0
   36.000    16256.704       4    1341     399       0       0       0       2       0       0       0       0      15       0       0       0       2       0       0       0      15       0
   37.000    16863.104       4    1391     467       0       0       0       1       0       0       0       0      17       0       0       0       2       0       0       0      17       0
   38.000    19458.496       4    1605     496       0       0       0       2       0       0       0       0      18       0       0       0       2       0       0       0      18       0
   39.000    23885.216       5    1970     499       0       0       0       2       0       0       0       0      20       0       0       0       2       0       0       0      20       0
   40.000    25328.448       6    2089     499       0       0       0       3       0       0       0       0      23       0       0       0       2       0       0       0      23       0
   41.000    26698.912       6    2202     499       0       0       0       3       0       0       0       0      26       0       0       0       2       0       0       0      26       0
   42.000    13746.208       3    1134     500       0       0       0       3       0       0       0       0      28       0       0       0       2       0       0       0      28       0
   43.000     2200.352       0     182     413       0       0       0      24       0       0       0       0      14       0       0       0       2       0       0       0      14       0
   44.000     2588.448       1     214     401       0       0       0       1       0       0       0       0      12       0       0       0       2       0       0       0      12       0
   45.000     5292.992       1     437     400       0       0       0       3       0       0       0       0      15       0       0       0       2       0       0       0      15       0
   46.000     7645.824       2     631     467       0       0       0       2       0       0       0       0      17       0       0       0       2       0       0       0      17       0
   47.000     9016.288       2     744     496       0       0       0       3       0       0       0       0      19       0       0       0       2       0       0       0      19       0
   48.000    10605.056       2     875     499       0       0       0       0       0       0       0       0      21       0       0       0       2       0       0       0      21       0
   49.000    11951.264       3     986     499       0       0       0       6       0       0       0       0      24       0       0       0       2       0       0       0      24       0
   50.000    14194.944       3    1171     499       0       0       0       1       0       0       0       0      27       0       0       0       2       0       0       0      27       0
   51.000    14910.496       3    1230     500       0       0       0       3       0       0       0       0      30       0       0       0       2       0       0       0      30       0
   52.000     9719.712       2     802     559       0       0       0       2       0       0       0       0      32       0       0       0       2       0       0       0      32       0
   53.000     6978.784       2     576     422       0       0       0      31       0       0       0       0      15       0       0       0       2       0       0       0      15       0
   54.000     9173.952       2     757     402       0       0       0       2       0       0       0       0      15       0       0       0       2       0       0       0      15       0
   55.000    11320.608       3     934     479       0       0       0       4       0       0       0       0      18       0       0       0       2       0       0       0      18       0
   56.000    15626.048       3    1289     497       0       0       0       2       0       0       0       0      21       0       0       0       2       0       0       0      21       0
   57.000    19300.832       4    1592     499       0       0       0       2       0       0       0       0      23       0       0       0       2       0       0       0      23       0
   58.000    20137.664       4    1661     499       0       0       0       0       0       0       0       0      24       0       0       0       2       0       0       0      24       0
   59.000    20113.408       4    1659     499       0       0       0       2       0       0       0       0      24       0       0       0       2       0       0       0      24       0
   60.000    24139.904       5    1991     500       0       0       0       2       0       0       0       0      27       0       0       0       2       0       0       0      27       0
   61.000    24079.264       5    1986     500       0       0       0       0       0       0       0       0      28       0       0       0       2       0       0       0      28       0
   62.000    13273.216       3    1095     520       0       0       0       6       0       0       0       0      30       0       0       0       2       0       0       0      30       0
   63.000     4007.424       1     331     418       0       0       0      26       0       0       0       0      12       0       0       0       2       0       0       0      12       0
   64.000     6081.312       1     502     401       0       0       0       2       0       0       0       0      12       0       0       0       2       0       0       0      12       0
   65.000     6639.200       1     548     400       0       0       0       3       0       0       0       0      13       0       0       0       2       0       0       0      13       0
   66.000     9489.280       2     783     400       0       0       0       1       0       0       0       0      15       0       0       0       2       0       0       0      15       0
   67.000    10641.440       2     878     473       0       0       0       1       0       0       0       0      17       0       0       0       2       0       0       0      17       0
   68.000    10908.256       2     900     497       0       0       0       2       0       0       0       0      18       0       0       0       2       0       0       0      18       0
   69.000    11126.560       2     918     499       0       0       0       1       0       0       0       0      20       0       0       0       2       0       0       0      20       0
   70.000    11114.432       2     917     499       0       0       0       0       0       0       0       0      20       0       0       0       2       0       0       0      20       0
   71.000    12848.736       3    1060     499       0       0       0       4       0       0       0       0      22       0       0       0       2       0       0       0      22       0
   72.000    11939.136       3     985     500       0       0       0       5       0       0       0       0      27       0       0       0       2       0       0       0      27       0
   73.000    10338.240       2     853     413       0       0       0      17       0       0       0       0      14       0       0       0       2       0       0       0      14       0
   74.000    10532.288       2     869     401       0       0       0       2       0       0       0       0      13       0       0       0       2       0       0       0      13       0
   75.000    11138.688       2     919     400       0       0       0       3       0       0       0       0      15       0       0       0       2       0       0       0      15       0
   76.000    13685.568       3    1129     489       0       0       0       2       0       0       0       0      18       0       0       0       2       0       0       0      18       0
   77.000    15929.248       4    1314     498       0       0       0       0       0       0       0       0      19       0       0       0       2       0       0       0      19       0
   78.000    17166.304       4    1416     499       0       0       0       2       0       0       0       0      20       0       0       0       2       0       0       0      20       0
   79.000    18197.184       4    1501     499       0       0       0       3       0       0       0       0      23       0       0       0       2       0       0       0      23       0
   80.000    22902.848       5    1889     499       0       0       0       4       0       0       0       0      27       0       0       0       2       0       0       0      27       0
   81.000    25740.800       6    2123     500       0       0       0       3       0       0       0       0      29       0       0       0       2       0       0       0      29       0
   82.000    15189.440       3    1253     559       0       0       0       2       0       0       0       0      32       0       0       0       2       0       0       0      32       0
   83.000     5802.368       1     479     409       0       0       0      28       0       0       0       0      13       0       0       0       2       0       0       0      13       0
   84.000    12242.336       3    1010     401       0       0       0       5       0       0       0       0      15       0       0       0       2       0       0       0      15       0
   85.000    13552.160       3    1118     467       0       0       0       1       0       0       0       0      17       0       0       0       2       0       0       0      17       0
   86.000    14522.400       3    1198     496       0       0       0       5       0       0       0       0      19       0       0       0       2       0       0       0      19       0
   87.000    15674.560       3    1293     499       0       0       0       2       0       0       0       0      22       0       0       0       2       0       0       0      22       0
   88.000    21871.968       5    1804     499       0       0       0       7       0       0       0       0      28       0       0       0       2       0       0       0      28       0
   89.000    24879.712       6    2052     548       0       0       0       4       0       0       0       0      32       0       0       0       2       0       0       0      32       0
   90.000    26298.688       6    2169     594       0       0       0       2       0       0       0       0      35       0       0       0       2       0       0       0      35       0
   91.000    26238.048       6    2164     599       0       0       0       4       0       0       0       0      39       0       0       0       2       0       0       0      39       0
   92.000    16341.600       4    1348     599       0       0       0       3       0       0       0       0      42       1       0       0       2       0       0       0      42       1
   93.000     6930.272       2     572     426       0       0       0      36       0       0       0       0      15       0       0       0       2       0       0       0      15       0
   94.000    10411.008       2     859     402       0       0       0       2       0       0       0       0      14       0       0       0       2       0       0       0      14       0
   95.000    13612.800       3    1123     400       0       0       0       1       0       0       0       0      15       0       0       0       2       0       0       0      15       0
   96.000    17287.584       4    1426     473       0       0       0       4       0       0       0       0      17       0       0       0       2       0       0       0      17       0
   97.000    21496.000       5    1773     497       0       0       0       2       0       0       0       0      20       0       0       0       2       0       0       0      20       0
   98.000    24831.200       6    2048     499       0       0       0       5       0       0       0       0      23       0       0       0       2       0       0       0      23       0
   99.000    30749.664       7    2536     499       0       0       0       2       0       0       0       0      27       0       0       0       2       0       0       0      27       0
  100.000    32035.232       7    2642     499       0       0       0       2       0       0       0       0      29       0       0       0       2       0       0       0      29       0
  101.000    34497.216       8    2845     500       0       0       0       2       0       0       0       0      31       0       0       0       2       0       0       0      31       0
  102.000    22963.488       5    1894     586       0       0       0       3       0       0       0       0      34       0       0       0       2       0       0       0      34       0
  103.000     8337.120       2     688     406       0       0       0      29       0       0       0       0      13       0       0       0       2       0       0       0      13       0
  104.000     9076.928       2     749     400       0       0       0       1       0       0       0       0      10       0       0       0       2       0       0       0      10       0
  105.000    10714.208       2     884     400       0       0       0       3       0       0       0       0      13       0       0       0       2       0       0       0      13       0
  106.000    11332.736       3     935     420       0       0       0       3       0       0       0       0      16       0       0       0       2       0       0       0      16       0
  107.000    12436.384       3    1026     491       0       0       0       0       0       0       0       0      17       0       0       0       2       0       0       0      17       0
  108.000    13806.848       3    1139     499       0       0       0       2       0       0       0       0      18       0       0       0       2       0       0       0      18       0
  109.000    18464.000       4    1523     499       0       0       0       3       0       0       0       0      21       0       0       0       2       0       0       0      21       0
  110.000    21702.176       5    1790     499       0       0       0       5       0       0       0       0      25       0       0       0       2       0       0       0      25       0
  111.000    25049.504       6    2066     499       0       0       0       4       0       0       0       0      28       0       0       0       2       0       0       0      28       0
  112.000    17845.472       4    1472     573       0       0       0       6       0       0       0       0      34       0       0       0       2       0       0       0      34       0
  113.000    11842.112       3     977     483       0       0       0      29       0       0       0       0      19       0       0       0       2       0       0       0      19       0
  114.000    23230.304       5    1916     498       0       0       0       3       0       0       0       0      20       0       0       0       2       0       0       0      20       0
  115.000    26044.000       6    2148     499       0       0       0       3       0       0       0       0      22       0       0       0       2       0       0       0      22       0
  116.000    27814.688       6    2294     499       0       0       0       2       0       0       0       0      25       0       0       0       2       0       0       0      25       0
  117.000    31756.288       7    2619     499       0       0       0       0       0       0       0       0      26       0       0       0       2       0       0       0      26       0
  118.000    31246.912       7    2577     500       0       0       0       0       0       0       0       0      26       0       0       0       2       0       0       0      26       0
  119.000    31695.648       7    2614     500       0       0       0       6       0       0       0       0      28       0       0       0       2       0       0       0      28       0
  120.000    35321.920       8    2913     583       0       0       0       1       0       0       0       0      32       0       0       0       2       0       0       0      32       0
  121.000    35734.272       8    2947     598       0       0       0       1       0       0       0       0      33       0       0       0       2       0       0       0      33       0
  122.000    18682.304       4    1541     599       0       0       0       2       0       0       0       0      34       0       0       0       2       0       0       0      34       0
  123.000     1654.592       0     137     340       0       0       0      31       0       0       0       0      10       0       0       0       2       0       0       0      10       0
  124.000     1763.744       0     146     304       0       0       0       0       0       0       0       0       7       0       0       0       2       0       0       0       7       0
  125.000     5656.832       1     467     379       0       0       0       4       0       0       0       0      10       0       0       0       2       0       0       0      10       0
  126.000    10362.496       2     855     433       0       0       0       6       0       0       0       0      14       0       0       0       2       0       0       0      14       0
  127.000    14558.784       3    1201     492       0       0       0       3       0       0       0       0      18       0       0       0       2       0       0       0      18       0
  128.000    17166.304       4    1416     499       0       0       0       2       0       0       0       0      21       0       0       0       2       0       0       0      21       0
  129.000    22514.752       5    1857     499       0       0       0       3       0       0       0       0      24       0       0       0       2       0       0       0      24       0
  130.000    26820.192       6    2212     499       0       0       0       3       0       0       0       0      26       0       0       0       2       0       0       0      26       0
  131.000    29779.424       7    2456     499       0       0       0       4       0       0       0       0      31       0       0       0       2       0       0       0      31       0
  132.000    19385.728       4    1599     579       0       0       0       3       0       0       0       0      34       0       0       0       2       0       0       0      34       0
  133.000     6760.480       2     558     424       0       0       0      27       0       0       0       0      15       0       0       0       2       0       0       0      15       0
  134.000     9161.824       2     756     402       0       0       0       4       0       0       0       0      15       0       0       0       2       0       0       0      15       0
  135.000    13054.912       3    1077     479       0       0       0       4       0       0       0       0      18       0       0       0       2       0       0       0      18       0
  136.000    14182.816       3    1170     497       0       0       0       1       0       0       0       0      20       0       0       0       2       0       0       0      20       0
  137.000    16547.776       4    1365     499       0       0       0       4       0       0       0       0      23       0       0       0       2       0       0       0      23       0
  138.000    18694.432       4    1542     499       0       0       0       4       0       0       0       0      27       0       0       0       2       0       0       0      27       0
  139.000    21981.120       5    1813     535       0       0       0       6       0       0       0       0      32       0       0       0       2       0       0       0      32       0
  140.000    31077.120       7    2563     593       0       0       0       7       0       0       0       0      37       0       0       0       2       0       0       0      37       0
  141.000    37650.496       8    3105     599       0       0       0       2       0       0       0       0      43       1       0       0       2       0       0       0      43       1
  142.000    20889.600       5    1723     599       0       0       0       1       0       0       0       0      45       1       0       0       2       0       0       0      45       1
  143.000     3716.352       1     307     340       0       0       0      41       0       0       0       0      12       0       0       0       2       0       0       0      12       0
  144.000     4152.960       1     343     383       0       0       0       3       0       0       0       0      10       0       0       0       2       0       0       0      10       0
  145.000     7112.192       2     587     398       0       0       0       3       0       0       0       0      13       0       0       0       2       0       0       0      13       0
  146.000     8713.088       2     719     399       0       0       0       1       0       0       0       0      14       0       0       0       2       0       0       0      14       0
  147.000     9465.024       2     781     399       0       0       0       1       0       0       0       0      16       0       0       0       2       0       0       0      16       0
  148.000    12812.352       3    1057     473       0       0       0       7       0       0       0       0      19       0       0       0       2       0       0       0      19       0
  149.000    23509.248       5    1939     497       0       0       0       1       0       0       0       0      23       0       0       0       2       0       0       0      23       0
  150.000    23703.296       5    1955     499       0       0       0       1       0       0       0       0      24       0       0       0       2       0       0       0      24       0
  151.000    24055.008       5    1984     499       0       0       0       0       0       0       0       0      25       0       0       0       2       0       0       0      25       0
  152.000    12072.544       3     996     499       0       0       0       1       0       0       0       0      25       0       0       0       2       0       0       0      25       0
  153.000     1266.496       0     105     323       0       0       0      25       0       0       0       0       8       0       0       0       2       0       0       0       8       0
  154.000     2733.984       1     226     338       0       0       0       2       0       0       0       0       8       0       0       0       2       0       0       0       8       0
  155.000     6954.528       2     574     393       0       0       0       4       0       0       0       0      12       0       0       0       2       0       0       0      12       0
  156.000    10750.592       2     887     399       0       0       0       3       0       0       0       0      15       0       0       0       2       0       0       0      15       0
  157.000    12885.120       3    1063     478       0       0       0       3       0       0       0       0      17       0       0       0       2       0       0       0      17       0
  158.000    14364.736       3    1185     497       0       0       0       3       0       0       0       0      21       0       0       0       2       0       0       0      21       0
  159.000    14801.344       3    1221     499       0       0       0       0       0       0       0       0      22       0       0       0       2       0       0       0      22       0
  160.000    15686.688       3    1294     499       0       0       0       3       0       0       0       0      24       0       0       0       2       0       0       0      24       0
  161.000    16863.104       4    1391     499       0       0       0       2       0       0       0       0      27       0       0       0       2       0       0       0      27       0
  162.000     9865.248       2     814     500       0       0       0       4       0       0       0       0      29       0       0       0       2       0       0       0      29       0
  163.000     4504.672       1     372     413       0       0       0      27       0       0       0       0      15       0       0       0       2       0       0       0      15       0
  164.000     8385.632       2     692     460       0       0       0       5       0       0       0       0      16       0       0       0       2       0       0       0      16       0
  165.000    15795.840       4    1303     495       0       0       0       5       0       0       0       0      21       0       0       0       2       0       0       0      21       0
  166.000    24758.432       6    2042     499       0       0       0       4       0       0       0       0      26       0       0       0       2       0       0       0      26       0
  167.000    31986.720       7    2638     499       0       0       0       2       0       0       0       0      29       0       0       0       2       0       0       0      29       0
  168.000    33369.312       7    2752     499       0       0       0       3       0       0       0       0      31       0       0       0       2       0       0       0      31       0
  169.000    35685.760       8    2943     589       0       0       0       2       0       0       0       0      34       0       0       0       2       0       0       0      34       0
  170.000    36898.560       8    3043     598       0       0       0       1       0       0       0       0      36       0       0       0       2       0       0       0      36       0
  171.000    37541.344       8    3096     599       0       0       0       1       0       0       0       0      37       0       0       0       2       0       0       0      37       0
  172.000    19616.160       4    1618     599       0       0       0       2       0       0       0       0      39       0       0       0       2       0       0       0      39       0
  173.000     2054.816       0     170     399       0       0       0      37       0       0       0       0      13       0       0       0       2       0       0       0      13       0
  174.000     3679.968       1     304     399       0       0       0       4       0       0       0       0      12       0       0       0       2       0       0       0      12       0
  175.000     5487.040       1     453     399       0       0       0       2       0       0       0       0      15       0       0       0       2       0       0       0      15       0
  176.000     5972.160       1     493     419       0       0       0       1       0       0       0       0      16       0       0       0       2       0       0       0      16       0
  177.000     7827.744       2     646     491       0       0       0       3       0       0       0       0      19       0       0       0       2       0       0       0      19       0
  178.000    13940.256       3    1150     499       0       0       0       5       0       0       0       0      22       0       0       0       2       0       0       0      22       0
  179.000    17796.960       4    1468     499       0       0       0       2       0       0       0       0      26       0       0       0       2       0       0       0      26       0
  180.000    18670.176       4    1540     499       0       0       0       1       0       0       0       0      27       0       0       0       2       0       0       0      27       0
  181.000    19094.656       4    1575     499       0       0       0       2       0       0       0       0      29       0       0       0       2       0       0       0      29       0
  182.000     9950.144       2     821     500       0       0       0       2       0       0       0       0      30       0       0       0       2       0       0       0      30       0
  183.000     3461.664       1     286     326       0       0       0      27       0       0       0       0      11       0       0       0       2       0       0       0      11       0
  184.000    10811.232       2     892     392       0       0       0       6       0       0       0       0      13       0       0       0       2       0       0       0      13       0
  185.000    16984.384       4    1401     399       0       0       0       1       0       0       0       0      15       0       0       0       2       0       0       0      15       0
  186.000    17809.088       4    1469     467       0       0       0       2       0       0       0       0      17       0       0       0       2       0       0       0      17       0
  187.000    20319.584       5    1676     496       0       0       0       4       0       0       0       0      21       0       0       0       2       0       0       0      21       0
  188.000    21180.672       5    1747     499       0       0       0       2       0       0       0       0      22       0       0       0       2       0       0       0      22       0
  189.000    25777.184       6    2126     499       0       0       0       4       0       0       0       0      26       0       0       0       2       0       0       0      26       0
  190.000    29063.872       6    2397     519       0       0       0       5       0       0       0       0      30       0       0       0       2       0       0       0      30       0
  191.000    41240.384       9    3401     591       0       0       0       2       0       0       0       0      34       0       0       0       2       0       0       0      34       0
  192.000    27851.072       6    2297     599       0       0       0       1       0       0       0       0      36       0       0       0       2       0       0       0      36       0
  193.000    12872.992       3    1062     340       0       0       0      33       0       0       0       0      11       0       0       0       2       0       0       0      11       0
  194.000    15322.848       3    1264     393       0       0       0       3       0       0       0       0      11       0       0       0       2       0       0       0      11       0
  195.000    16305.216       4    1345     399       0       0       0       2       0       0       0       0      13       0       0       0       2       0       0       0      13       0
  196.000    17566.528       4    1449     399       0       0       0       4       0       0       0       0      15       0       0       0       2       0       0       0      15       0
  197.000    21520.256       5    1775     489       0       0       0       2       0       0       0       0      19       0       0       0       2       0       0       0      19       0
  198.000    25473.984       6    2101     498       0       0       0       2       0       0       0       0      21       0       0       0       2       0       0       0      21       0
  199.000    28093.632       6    2317     499       0       0       0       0       0       0       0       0      22       0       0       0       2       0       0       0      22       0
  200.000    26820.192       6    2212     499       0       0       0       2       0       0       0       0      23       0       0       0       2       0       0       0      23       0
  201.000    31162.016       7    2570     499       0       0       0       2       0       0       0       0      25       0       0       0       2       0       0       0      25       0
  202.000    17942.496       4    1480     500       0       0       0       4       0       0       0       0      28       0       0       0       2       0       0       0      28       0
  203.000     4771.488       1     394     413       0       0       0      23       0       0       0       0      13       0       0       0       2       0       0       0      13       0
  204.000     6481.536       1     535     401       0       0       0       1       0       0       0       0      12       0       0       0       2       0       0       0      12       0
  205.000     8506.912       2     702     400       0       0       0       1       0       0       0       0      13       0       0       0       2       0       0       0      13       0
  206.000     9622.688       2     794     400       0       0       0       2       0       0       0       0      15       0       0       0       2       0       0       0      15       0
  207.000     9804.608       2     809     400       0       0       0       0       0       0       0       0      15       0       0       0       2       0       0       0      15       0
  208.000    11041.664       2     911     459       0       0       0       6       0       0       0       0      17       0       0       0       2       0       0       0      17       0
  209.000    14207.072       3    1172     495       0       0       0       0       0       0       0       0      21       0       0       0       2       0       0       0      21       0
  210.000    14813.472       3    1222     499       0       0       0       1       0       0       0       0      22       0       0       0       2       0       0       0      22       0
  211.000    16438.624       4    1356     499       0       0       0       3       0       0       0       0      24       0       0       0       2       0       0       0      24       0
  212.000    11029.536       2     910     499       0       0       0       2       0       0       0       0      26       0       0       0       2       0       0       0      26       0
  213.000     5523.424       1     456     410       0       0       0      22       0       0       0       0      12       0       0       0       2       0       0       0      12       0
  214.000     6651.328       1     549     401       0       0       0       0       0       0       0       0      11       0       0       0       2       0       0       0      11       0
  215.000     8300.736       2     685     400       0       0       0       2       0       0       0       0      12       0       0       0       2       0       0       0      12       0
  216.000    12812.352       3    1057     436       0       0       0       6       0       0       0       0      16       0       0       0       2       0       0       0      16       0
  217.000    17530.144       4    1446     493       0       0       0       4       0       0       0       0      21       0       0       0       2       0       0       0      21       0
  218.000    19446.368       4    1604     499       0       0       0       2       0       0       0       0      24       0       0       0       2       0       0       0      24       0
  219.000    22526.880       5    1858     499       0       0       0       5       0       0       0       0      28       0       0       0       2       0       0       0      28       0
  220.000    23836.704       5    1966     499       0       0       0       3       0       0       0       0      31       0       0       0       2       0       0       0      31       0
  221.000    26662.528       6    2199     589       0       0       0       2       0       0       0       0      34       0       0       0       2       0       0       0      34       0
  222.000    22114.528       5    1824     598       0       0       0       3       0       0       0       0      37       0       0       0       2       0       0       0      37       0
  223.000    11199.328       2     924     388       0       0       0      32       0       0       0       0      13       0       0       0       2       0       0       0      13       0
  224.000    21532.384       5    1776     434       0       0       0       7       0       0       0       0      15       0       0       0       2       0       0       0      15       0
  225.000    28202.784       6    2326     493       0       0       0       0       0       0       0       0      17       0       0       0       2       0       0       0      17       0
  226.000    32908.448       7    2714     499       0       0       0       2       0       0       0       0      19       0       0       0       2       0       0       0      19       0
  227.000    34121.248       8    2814     499       0       0       0       0       0       0       0       0      19       0       0       0       2       0       0       0      19       0
  228.000    34388.064       8    2836     499       0       0       0       2       0       0       0       0      20       0       0       0       2       0       0       0      20       0
  229.000    35188.512       8    2902     499       0       0       0       2       0       0       0       0      21       0       0       0       2       0       0       0      21       0
  230.000    36425.568       8    3004     500       0       0       0       0       0       0       0       0      23       0       0       0       2       0       0       0      23       0
  231.000    38547.968       9    3179     500       0       0       0       3       0       0       0       0      24       0       0       0       2       0       0       0      24       0
  232.000    23812.448       5    1964     500       0       0       0       4       0       0       0       0      28       0       0       0       2       0       0       0      28       0
  233.000     9137.568       2     754     413       0       0       0      22       0       0       0       0      13       0       0       0       2       0       0       0      13       0
  234.000    10641.440       2     878     401       0       0       0       1       0       0       0       0      13       0       0       0       2       0       0       0      13       0
  235.000    12339.360       3    1018     400       0       0       0       2       0       0       0       0      15       0       0       0       2       0       0       0      15       0
  236.000    12666.816       3    1045     400       0       0       0       0       0       0       0       0      15       0       0       0       2       0       0       0      15       0
  237.000    13782.592       3    1137     459       0       0       0       6       0       0       0       0      18       0       0       0       2       0       0       0      18       0
  238.000    21168.544       5    1746     495       0       0       0       2       0       0       0       0      22       0       0       0       2       0       0       0      22       0
  239.000    22927.104       5    1891     499       0       0       0       1       0       0       0       0      24       0       0       0       2       0       0       0      24       0
  240.000    24430.976       5    2015     499       0       0       0       1       0       0       0       0      25       0       0       0       2       0       0       0      25       0
  241.000    27026.368       6    2229     499       0       0       0       2       0       0       0       0      26       0       0       0       2       0       0       0      26       0
  242.000    14910.496       3    1230     499       0       0       0       1       0       0       0       0      27       0       0       0       2       0       0       0      27       0
  243.000     3061.440       1     253     326       0       0       0      23       0       0       0       0      10       0       0       0       2       0       0       0      10       0
  244.000     4820.000       1     398     381       0       0       0       2       0       0       0       0       9       0       0       0       2       0       0       0       9       0
  245.000     6129.824       1     506     398       0       0       0       2       0       0       0       0      10       0       0       0       2       0       0       0      10       0
  246.000     8761.600       2     723     399       0       0       0       1       0       0       0       0      11       0       0       0       2       0       0       0      11       0
  247.000     9792.480       2     808     399       0       0       0       3       0       0       0       0      13       0       0       0       2       0       0       0      13       0
  248.000    11514.656       3     950     459       0       0       0       4       0       0       0       0      17       0       0       0       2       0       0       0      17       0
  249.000    15201.568       3    1254     495       0       0       0       2       0       0       0       0      20       0       0       0       2       0       0       0      20       0
  250.000    17408.864       4    1436     499       0       0       0       4       0       0       0       0      23       0       0       0       2       0       0       0      23       0
  251.000    20598.528       5    1699     499       0       0       0       4       0       0       0       0      27       0       0       0       2       0       0       0      27       0
  252.000    12957.888       3    1069     499       0       0       0       3       0       0       0       0      30       0       0       0       2       0       0       0      30       0
  253.000     7391.136       2     610     413       0       0       0      23       0       0       0       0      13       0       0       0       2       0       0       0      13       0
  254.000     8264.352       2     682     401       0       0       0       1       0       0       0       0      12       0       0       0       2       0       0       0      12       0
  255.000     8470.528       2     699     400       0       0       0       2       0       0       0       0      13       0       0       0       2       0       0       0      13       0
  256.000     8797.984       2     726     400       0       0       0       1       0       0       0       0      15       0       0       0       2       0       0       0      15       0
  257.000     9598.432       2     792     467       0       0       0       3       0       0       0       0      17       0       0       0       2       0       0       0      17       0
  258.000    12412.128       3    1024     496       0       0       0       3       0       0       0       0      19       0       0       0       2       0       0       0      19       0
  259.000    13976.640       3    1153     499       0       0       0       3       0       0       0       0      22       0       0       0       2       0       0       0      22       0
  260.000    14692.192       3    1212     499       0       0       0       0       0       0       0       0      24       0       0       0       2       0       0       0      24       0
  261.000    15468.384       3    1276     499       0       0       0       4       0       0       0       0      26       0       0       0       2       0       0       0      26       0
  262.000    14122.176       3    1165     500       0       0       0       4       0       0       0       0      31       0       0       0       2       0       0       0      31       0
  263.000     8591.808       2     709     413       0       0       0      23       0       0       0       0      15       0       0       0       2       0       0       0      15       0
  264.000    10022.912       2     827     401       0       0       0       2       0       0       0       0      14       0       0       0       2       0       0       0      14       0
  265.000    11987.648       3     989     420       0       0       0       3       0       0       0       0      16       0       0       0       2       0       0       0      16       0
  266.000    12860.864       3    1061     491       0       0       0       1       0       0       0       0      18       0       0       0       2       0       0       0      18       0
  267.000    16208.192       4    1337     499       0       0       0       4       0       0       0       0      21       0       0       0       2       0       0       0      21       0
  268.000    19980.000       4    1648     499       0       0       0       4       0       0       0       0      25       0       0       0       2       0       0       0      25       0
  269.000    23533.504       5    1941     499       0       0       0       0       0       0       0       0      27       0       0       0       2       0       0       0      27       0
  270.000    27378.080       6    2258     499       0       0       0       3       0       0       0       0      29       0       0       0       2       0       0       0      29       0
  271.000    30325.184       7    2501     500       0       0       0       2       0       0       0       0      31       0       0       0       2       0       0       0      31       0
  272.000    18185.056       4    1500     586       0       0       0       3       0       0       0       0      34       0       0       0       2       0       0       0      34       0
  273.000     6154.080       1     508     425       0       0       0      30       0       0       0       0      13       0       0       0       2       0       0       0      13       0
  274.000     7257.728       2     599     402       0       0       0       1       0       0       0       0      12       0       0       0       2       0       0       0      12       0
  275.000     7737.664       2     638     400       0       0       0       1       0       0       0       0      13       0       0       0       2       0       0       0      13       0
