  TimeSec      LoaKbps LoaUsag Packets DlyUsec LoaDrps MetDrps TabDrps FloMods MetMods GroMods  PktsIn PktsOut FloEntr FloUsag MetEntr MetUsag GroEntr GroUsag BufPkts BufUsag  T0Entr  T0Usag
    1.000        0.000       0       0      34       0       0       0       4       0       0       0       0       3       0       0       0       0       0       0       0       3       0
    2.000     2460.224       0     204      56       0       0       0       3       0       0       3       3       5       0       0       0       0       0       0       0       5       0
    3.000     8390.816       0     693      74       0       0       0       7       0       0       7       7      11       0       0       0       0       0       0       0      11       0
    4.000    20385.408       0    1682      95       0       0       0       7       0       0       7       7      18       0       0       0       0       0       0       0      18       0
    5.000    27844.128       0    2297      99       0       0       0       7       0       0       7       7      23       0       0       0       0       0       0       0      23       0
    6.000    38504.640       0    3176     107       0       0       0       8       0       0       8       8      31       0       0       0       0       0       0       0      31       0
    7.000    46836.576       0    3863     118       0       0       0       9       0       0       9       9      38       0       0       0       0       0       0       0      38       0
    8.000    58479.456       0    4823     119       0       0       0      10       0       0      10      10      51       0       0       0       0       0       0       0      51       0
    9.000    65016.448       0    5362     119       0       0       0       9       0       0       9       9      60       0       0       0       0       0       0       0      60       0
   10.000    72644.960       0    5991     137       0       0       0      13       0       0      13      13      70       0       0       0       0       0       0       0      70       0
   11.000    84967.008       0    7007     139       0       0       0      13       0       0      13      13      82       0       0       0       0       0       0       0      82       0
   12.000   102200.896       0    8428     139       0       0       0      16       0       0      16      16      99       0       0       0       0       0       0       0      99       0
   13.000   109768.768       0    9052     139       0       0       0       5       0       0       5       5     109       0       0       0       0       0       0       0     109       0
   14.000   111224.128       0    9172     140       0       0       0       6       0       0       6       6     114       0       0       0       0       0       0       0     114       0
   15.000   123388.512       0   10175     144       0       0       0      14       0       0      14      14     124       0       0       0       0       0       0       0     124       0
   16.000   136571.648       0   11262     158       0       0       0       9       0       0       9       9     137       0       0       0       0       0       0       0     137       0
   17.000   144454.848       0   11912     159       0       0       0       8       0       0       8       8     145       0       0       0       0       0       0       0     145       0
   18.000   148566.240       0   12251     159       0       0       0      10       0       0      10      10     153       0       0       0       0       0       0       0     153       0
   19.000   157043.712       0   12950     159       0       0       0      14       0       0      14      14     167       0       0       0       0       0       0       0     167       0
   20.000   165217.984       0   13624     160       0       0       0       7       0       0       7       7     176       0       0       0       0       0       0       0     176       0
   21.000   177637.056       0   14648     160       0       0       0      12       0       0      12      12     186       0       0       0       0       0       0       0     186       0
   22.000   189473.984       0   15624     160       0       0       0       9       0       0       9       9     196       0       0       0       0       0       0       0     196       0
   23.000   200461.952       0   16530     160       0       0       0      12       0       0      12      12     207       0       0       0       0       0       0       0     207       0
   24.000   206829.152       0   17055     160       0       0       0       5       0       0       5       5     215       0       0       0       0       0       0       0     215       0
   25.000   213717.856       0   17623     160       0       0       0       8       0       0       8       8     223       0       0       0       0       0       0       0     223       0
   26.000   218047.552       0   17980     160       0       0       0       9       0       0       9       9     229       0       0       0       0       0       0       0     229       0
   27.000   219042.048       0   18062     160       0       0       0       8       0       0       8       8     239       0       0       0       0       0       0       0     239       0
   28.000   223990.272       0   18470     160       0       0       0       9       0       0       9       9     247       0       0       0       0       0       0       0     247       0
   29.000   230066.400       0   18971     160       0       0       0       6       0       0       6       6     252       0       0       0       0       0       0       0     252       0
   30.000   238095.136       0   19633     175       0       0       0       8       0       0       8       7     260       0       0       0       0       0       1       0     260       0
   31.000   246257.280       0   20306     179       0       0       0      10       0       0      10       9     266       0       0       0       0       0       1       0     266       0
   32.000   255050.080       0   21031     179       0       0       0      12       0       0      12       7     278       0       0       0       0       0       4       2     278       0
   33.000   268305.984       0   22124     179       0       0       0       9       0       0       9       9     284       0       0       0       0       0       6       2     284       0
   34.000   270962.016       0   22343     179       0       0       0       5       0       0       5       5     288       0       0       0       0       0       2       1     288       0
   35.000   269894.752       0   22255     180       0       0       0       8       0       0       8       7     291       0       0       0       0       0       0       0     291       0
   36.000   275340.224       0   22704     180       0       0       0      10       0       0      10       8     301       0       0       0       0       0       2       1     301       0
   37.000   285903.712       0   23575     180       0       0       0      12       0       0      12      10     310       0       0       0       0       0       4       2     310       0
   38.000   291797.920       0   24061     180       0       0       0       9       0       0       9       7     317       0       0       0       0       0       4       2     317       0
   39.000   304714.240       0   25126     180       0       0       0      22       0       0      22      13     331       1       0       0       0       0       7       3     331       1
   40.000   322542.400       0   26596     180       0       0       0      10       0       0      10       8     346       1       0       0       0       0      11       4     346       1
   41.000   323403.488       0   26667     180       0       0       0       7       0       0       7       6     352       1       0       0       0       0       8       3     352       1
   42.000   335798.304       0   27689     180       0       0       0      16       0       0      16      11     361       1       0       0       0       0       5       2     361       1
   43.000   346337.536       0   28558     180       0       0       0      12       0       0      12       8     374       1       0       0       0       0       8       3     374       1
   44.000   349345.280       0   28806     180       0       0       0       5       0       0       5       4     379       1       0       0       0       0       7       3     379       1
   45.000   354329.888       0   29217     180       0       0       0       9       0       0       9       7     383       1       0       0       0       0       3       1     383       1
   46.000   356064.192       0   29360     180       0       0       0       3       0       0       3       3     387       1       0       0       0       0       2       1     387       1
   47.000   362067.552       0   29855     180       0       0       0       9       0       0       9       7     392       1       0       0       0       0       3       1     392       1
   48.000   365038.912       0   30100     180       0       0       0       6       0       0       6       5     397       1       0       0       0       0       3       1     397       1
   49.000   365718.080       0   30156     180       0       0       0      11       0       0      11       7     401       1       0       0       0       0       2       1     401       1
   50.000   374971.744       0   30919     180       0       0       0       1       0       0       1       1     405       1       0       0       0       0       4       2     405       1
   51.000   374983.872       0   30920     180       0       0       0       7       0       0       7       6     410       1       0       0       0       0       3       1     410       1
   52.000   378040.128       0   31172     180       0       0       0      12       0       0      12       8     417       1       0       0       0       0       2       1     417       1
   53.000   383946.464       0   31659     180       0       0       0       9       0       0       9       7     425       1       0       0       0       0       6       2     425       1
   54.000   399652.224       0   32954     180       0       0       0       9       0       0       9       7     432       1       0       0       0       0       6       2     432       1
   55.000   407802.240       0   33626     180       0       0       0      13       0       0      13       9     440       1       0       0       0       0       4       2     440       1
   56.000   416194.816       0   34318     180       0       0       0       9       0       0       9       7     448       1       0       0       0       0       6       2     448       1
   57.000   418292.960       0   34491     180       0       0       0      11       0       0      11       7     456       1       0       0       0       0       6       2     456       1
   58.000   429632.640       0   35426     180       0       0       0      15       0       0      15      11     462       1       0       0       0       0       7       3     462       1
   59.000   436594.112       0   36000     180       0       0       0       7       0       0       7       4     471       1       0       0       0       0       7       3     471       1
   60.000   438595.232       0   36165     180       0       0       0       9       0       0       9       6     478       1       0       0       0       0       7       3     478       1
   61.000   442100.224       0   36454     180       0       0       0      14       0       0      14       9     485       1       0       0       0       0       7       3     485       1
   62.000   441518.080       0   36406     180       0       0       0      10       0       0      10       7     493       1       0       0       0       0       8       3     493       1
   63.000   441457.440       0   36401     180       0       0       0      10       0       0      10       7     501       1       0       0       0       0       8       3     501       1
   64.000   451487.296       0   37228     180       0       0       0      11       0       0      11       8     507       1       0       0       0       0       6       2     507       1
   65.000   462693.568       0   38152     196       0       0       0      13       0       0      13       7     517       1       0       0       0       0       8       3     517       1
   66.000   466174.304       0   38439     199       0       0       0      10       0       0      10       6     523       1       0       0       0       0       9       4     523       1
   67.000   462887.616       0   38168     199       0       0       0       5       0       0       5       4     528       1       0       0       0       0       6       2     528       1
   68.000   449122.336       0   37033     199       0       0       0      15       0       0      15      10     531       1       0       0       0       0       5       2     531       1
   69.000   455829.120       0   37586     200       0       0       0       9       0       0       9       6     541       1       0       0       0       0       7       3     541       1
   70.000   463348.480       0   38206     200       0       0       0      12       0       0      12       8     548       1       0       0       0       0       9       4     548       1
   71.000   467362.848       0   38537     200       0       0       0       4       0       0       4       4     550       1       0       0       0       0       6       2     550       1
   72.000   471547.008       0   38882     200       0       0       0      13       0       0      13      10     554       1       0       0       0       0       3       1     554       1
   73.000   473426.848       0   39037     200       0       0       0      11       0       0      11       8     559       1       0       0       0       0       4       2     559       1
   74.000   476507.360       0   39291     200       0       0       0       8       0       0       8       4     565       1       0       0       0       0       7       3     565       1
   75.000   477441.216       0   39368     200       0       0       0      10       0       0      10       8     568       1       0       0       0       0       6       2     568       1
   76.000   474639.648       0   39137     200       0       0       0       7       0       0       7       5     573       1       0       0       0       0       5       2     573       1
   77.000   477647.392       0   39385     200       0       0       0      13       0       0      13       9     578       1       0       0       0       0       6       2     578       1
   78.000   484790.784       0   39974     200       0       0       0      18       0       0      18      13     587       1       0       0       0       0       8       3     587       1
   79.000   490163.488       0   40417     200       0       0       0      15       0       0      15      10     597       1       0       0       0       0       9       4     597       1
   80.000   501806.368       1   41377     200       0       0       0      10       0       0      10       6     603       1       0       0       0       0       9       4     603       1
   81.000   508040.160       1   41891     200       0       0       0       5       0       0       5       4     601       1       0       0       0       0       8       3     601       1
   82.000   512503.264       1   42259     200       0       0       0       9       0       0       9       6     600       1       0       0       0       0       6       2     600       1
   83.000   506572.672       1   41770     200       0       0       0      16       0       0      16      14     603       1       0       0       0       0       5       2     603       1
   84.000   514225.440       1   42401     200       0       0       0      11       0       0      11       8     609       1       0       0       0       0       5       2     609       1
   85.000   514140.544       1   42394     200       0       0       0       7       0       0       7       5     612       1       0       0       0       0       5       2     612       1
   86.000   516056.768       1   42552     200       0       0       0       7       0       0       7       6     614       1       0       0       0       0       4       2     614       1
   87.000   507664.192       1   41860     200       0       0       0       6       0       0       6       6     612       1       0       0       0       0       1       0     612       1
   88.000   508404.000       1   41921     200       0       0       0       9       0       0       9       8     613       1       0       0       0       0       0       0     613       1
   89.000   505396.256       1   41673     200       0       0       0      13       0       0      13       8     618       1       0       0       0       0       4       2     618       1
   90.000   513121.792       1   42310     200       0       0       0      16       0       0      16      10     626       1       0       0       0       0      10       4     626       1
   91.000   516954.240       1   42626     200       0       0       0       6       0       0       6       4     629       1       0       0       0       0      10       4     629       1
   92.000   510659.808       1   42107     200       0       0       0       4       0       0       4       3     630       1       0       0       0       0       5       2     630       1
   93.000   506305.856       1   41748     200       0       0       0      14       0       0      14      12     629       1       0       0       0       0       3       1     629       1
   94.000   509883.616       1   42043     200       0       0       0      15       0       0      15       9     632       1       0       0       0       0       5       2     632       1
   95.000   522084.384       1   43049     200       0       0       0       7       0       0       7       6     633       1       0       0       0       0       7       3     633       1
   96.000   526596.000       1   43421     200       0       0       0      17       0       0      17       8     643       1       0       0       0       0       9       4     643       1
   97.000   530100.992       1   43710     200       0       0       0       9       0       0       9       6     650       1       0       0       0       0      11       4     650       1
   98.000   532926.816       1   43943     200       0       0       0      10       0       0      10      10     651       1       0       0       0       0       7       3     651       1
   99.000   539099.968       1   44452     200       0       0       0      14       0       0      14       9     654       1       0       0       0       0       4       2     654       1
  100.000   542265.376       1   44713     200       0       0       0      11       0       0      11       9     659       1       0       0       0       0       6       2     659       1
  101.000   543660.096       1   44828     200       0       0       0       9       0       0       9       5     663       1       0       0       0       0       8       3     663       1
  102.000   543272.000       1   44796     200       0       0       0       9       0       0       9       8     663       1       0       0       0       0       6       2     663       1
  103.000   536553.088       1   44242     200       0       0       0       9       0       0       9       8     659       1       0       0       0       0       2       1     659       1
  104.000   537559.712       1   44325     200       0       0       0      11       0       0      11       8     660       1       0       0       0       0       3       1     660       1
  105.000   532538.720       1   43911     200       0       0       0       5       0       0       5       5     661       1       0       0       0       0       4       2     661       1
  106.000   531289.536       1   43808     200       0       0       0      13       0       0      13       8     659       1       0       0       0       0       4       2     659       1
  107.000   539475.936       1   44483     200       0       0       0      11       0       0      11       7     659       1       0       0       0       0       6       2     659       1
  108.000   550415.392       1   45385     200       0       0       0      12       0       0      12       9     664       1       0       0       0       0       9       4     664       1
  109.000   549699.840       1   45326     200       0       0       0       7       0       0       7       4     668       1       0       0       0       0       8       3     668       1
  110.000   551179.456       1   45448     200       0       0       0      18       0       0      18      11     674       1       0       0       0       0       9       4     674       1
  111.000   540446.176       1   44563     200       0       0       0       8       0       0       8       5     675       1       0       0       0       0       9       4     675       1
  112.000   539099.968       1   44452     200       0       0       0       4       0       0       4       4     672       1       0       0       0       0       5       2     672       1
  113.000   537474.816       1   44318     200       0       0       0      14       0       0      14      12     669       1       0       0       0       0       2       1     669       1
  114.000   535364.544       1   44144     200       0       0       0       8       0       0       8       6     669       1       0       0       0       0       3       1     669       1
  115.000   538299.520       1   44386     200       0       0       0       6       0       0       6       4     671       1       0       0       0       0       5       2     671       1
  116.000   532744.896       1   43928     200       0       0       0      11       0       0      11       9     670       1       0       0       0       0       4       2     670       1
  117.000   538348.032       1   44390     200       0       0       0      12       0       0      12       9     670       1       0       0       0       0       4       2     670       1
  118.000   544169.472       1   44870     200       0       0       0      11       0       0      11       7     672       1       0       0       0       0       7       3     672       1
  119.000   550306.240       1   45376     200       0       0       0       9       0       0       9       9     672       1       0       0       0       0       6       2     672       1
  120.000   554987.648       1   45762     200       0       0       0      11       0       0      11      10     670       1       0       0       0       0       2       1     670       1
  121.000   543417.536       1   44808     200       0       0       0      11       0       0      11       8     672       1       0       0       0       0       3       1     672       1
  122.000   539633.600       1   44496     200       0       0       0      12       0       0      12       7     678       1       0       0       0       0       6       2     678       1
  123.000   537123.104       1   44289     200       0       0       0      10       0       0      10       7     680       1       0       0       0       0       8       3     680       1
  124.000   530962.080       1   43781     200       0       0       0       9       0       0       9       5     679       1       0       0       0       0       8       3     679       1
  125.000   533230.016       1   43968     200       0       0       0      11       0       0      11      10     675       1       0       0       0       0       5       2     675       1
  126.000   543490.304       1   44814     200       0       0       0       7       0       0       7       5     674       1       0       0       0       0       4       2     674       1
  127.000   536819.904       1   44264     200       0       0       0       8       0       0       8       7     674       1       0       0       0       0       3       1     674       1
  128.000   532356.800       1   43896     200       0       0       0      11       0       0      11       8     676       1       0       0       0       0       4       2     676       1
  129.000   534260.896       1   44053     200       0       0       0      15       0       0      15      10     679       1       0       0       0       0       5       2     679       1
  130.000   530003.968       1   43702     200       0       0       0       6       0       0       6       4     684       1       0       0       0       0       7       3     684       1
  131.000   532660.000       1   43921     200       0       0       0      16       0       0      16      11     685       1       0       0       0       0       8       3     685       1
  132.000   546498.048       1   45062     200       0       0       0      10       0       0      10       6     691       1       0       0       0       0       8       3     691       1
  133.000   549396.640       1   45301     200       0       0       0      11       0       0      11      10     691       1       0       0       0       0       7       3     691       1
  134.000   558735.200       1   46071     200       0       0       0      14       0       0      14      10     698       1       0       0       0       0       5       2     698       1
  135.000   571712.160       1   47141     200       0       0       0      14       0       0      14      10     701       1       0       0       0       0       6       2     701       1
  136.000   572888.576       1   47238     200       0       0       0       9       0       0       9       8     699       1       0       0       0       0       6       2     699       1
  137.000   561573.152       1   46305     200       0       0       0       6       0       0       6       5     694       1       0       0       0       0       4       2     694       1
  138.000   559911.616       1   46168     200       0       0       0      10       0       0      10       6     695       1       0       0       0       0       4       2     695       1
  139.000   558092.416       1   46018     200       0       0       0       4       0       0       4       4     689       1       0       0       0       0       4       2     689       1
  140.000   551955.648       1   45512     200       0       0       0       3       0       0       3       3     682       1       0       0       0       0       2       1     682       1
  141.000   556176.192       1   45860     200       0       0       0       9       0       0       9       9     682       1       0       0       0       0       0       0     682       1
  142.000   560784.832       1   46240     200       0       0       0       7       0       0       7       6     678       1       0       0       0       0       1       0     678       1
  143.000   556430.880       1   45881     200       0       0       0       8       0       0       8       7     673       1       0       0       0       0       1       0     673       1
  144.000   562834.464       1   46409     200       0       0       0       7       0       0       7       4     676       1       0       0       0       0       3       1     676       1
  145.000   568946.976       1   46913     200       0       0       0      15       0       0      15      10     675       1       0       0       0       0       7       3     675       1
  146.000   570450.848       1   47037     200       0       0       0       8       0       0       8       6     677       1       0       0       0       0       7       3     677       1
  147.000   565284.320       1   46611     200       0       0       0      13       0       0      13       7     681       1       0       0       0       0       7       3     681       1
  148.000   566060.512       1   46675     200       0       0       0      10       0       0      10       7     684       1       0       0       0       0       7       3     684       1
  149.000   564811.328       1   46572     200       0       0       0       8       0       0       8       7     685       1       0       0       0       0       7       3     685       1
  150.000   561536.768       1   46302     200       0       0       0      11       0       0      11       8     683       1       0       0       0       0       5       2     683       1
  151.000   552816.736       1   45583     200       0       0       0       6       0       0       6       6     682       1       0       0       0       0       3       1     682       1
  152.000   553119.936       1   45608     200       0       0       0      10       0       0      10       7     680       1       0       0       0       0       3       1     680       1
  153.000   551385.632       1   45465     200       0       0       0      10       0       0      10       8     678       1       0       0       0       0       3       1     678       1
  154.000   560093.536       1   46183     200       0       0       0      12       0       0      12       7     686       1       0       0       0       0       7       3     686       1
  155.000   556673.440       1   45901     200       0       0       0       8       0       0       8       7     683       1       0       0       0       0       7       3     683       1
  156.000   555982.144       1   45844     200       0       0       0      11       0       0      11       8     685       1       0       0       0       0       4       2     685       1
  157.000   554660.192       1   45735     200       0       0       0      11       0       0      11       9     688       1       0       0       0       0       4       2     688       1
  158.000   554672.320       1   45736     200       0       0       0      11       0       0      11       8     687       1       0       0       0       0       5       2     687       1
  159.000   557910.496       1   46003     200       0       0       0       3       0       0       3       3     684       1       0       0       0       0       4       2     684       1
  160.000   547832.128       1   45172     200       0       0       0      11       0       0      11       8     684       1       0       0       0       0       3       1     684       1
  161.000   554223.584       1   45699     200       0       0       0      13       0       0      13       9     687       1       0       0       0       0       6       2     687       1
  162.000   555254.464       1   45784     200       0       0       0       8       0       0       8       7     683       1       0       0       0       0       6       2     683       1
  163.000   559280.960       1   46116     200       0       0       0      12       0       0      12       8     682       1       0       0       0       0       4       2     682       1
  164.000   561573.152       1   46305     200       0       0       0       8       0       0       8       6     681       1       0       0       0       0       6       2     681       1
  165.000   559329.472       1   46120     200       0       0       0       5       0       0       5       4     677       1       0       0       0       0       5       2     677       1
  166.000   552198.208       1   45532     200       0       0       0       8       0       0       8       7     673       1       0       0       0       0       3       1     673       1
  167.000   545636.960       1   44991     200       0       0       0      10       0       0      10       7     671       1       0       0       0       0       2       1     671       1
  168.000   546231.232       1   45040     200       0       0       0       8       0       0       8       6     670       1       0       0       0       0       3       1     670       1
  169.000   541889.408       1   44682     200       0       0       0       8       0       0       8       5     673       1       0       0       0       0       5       2     673       1
  170.000   537632.480       1   44331     200       0       0       0       9       0       0       9       6     673       1       0       0       0       0       7       3     673       1
  171.000   542896.032       1   44765     200       0       0       0      16       0       0      16      10     674       1       0       0       0       0       7       3     674       1
  172.000   549542.176       1   45313     200       0       0       0      18       0       0      18      12     685       1       0       0       0       0      10       4     685       1
  173.000   539851.904       1   44514     200       0       0       0       6       0       0       6       6     682       1       0       0       0       0       9       4     682       1
  174.000   535946.688       1   44192     200       0       0       0      11       0       0      11       9     677       1       0       0       0       0       3       1     677       1
  175.000   541610.464       1   44659     200       0       0       0       7       0       0       7       6     670       1       0       0       0       0       2       1     670       1
  176.000   551422.016       1   45468     200       0       0       0      14       0       0      14       9     674       1       0       0       0       0       5       2     674       1
  177.000   555254.464       1   45784     200       0       0       0      11       0       0      11       7     676       1       0       0       0       0       8       3     676       1
  178.000   560469.504       1   46214     200       0       0       0       7       0       0       7       5     676       1       0       0       0       0       8       3     676       1
  179.000   551858.624       1   45504     200       0       0       0      10       0       0      10       8     672       1       0       0       0       0       4       2     672       1
  180.000   549044.928       1   45272     200       0       0       0       7       0       0       7       6     670       1       0       0       0       0       2       1     670       1
  181.000   546522.304       1   45064     200       0       0       0      15       0       0      15      11     668       1       0       0       0       0       4       2     668       1
  182.000   548644.704       1   45239     200       0       0       0       9       0       0       9       6     666       1       0       0       0       0       7       3     666       1
  183.000   544157.344       1   44869     200       0       0       0       8       0       0       8       5     665       1       0       0       0       0       7       3     665       1
  184.000   542883.904       1   44764     200       0       0       0       3       0       0       3       3     657       1       0       0       0       0       4       2     657       1
  185.000   544703.104       1   44914     200       0       0       0       8       0       0       8       8     653       1       0       0       0       0       1       0     653       1
  186.000   545770.368       1   45002     200       0       0       0      14       0       0      14       9     655       1       0       0       0       0       3       1     655       1
  187.000   548183.840       1   45201     200       0       0       0      16       0       0      16      11     660       1       0       0       0       0       7       3     660       1
  188.000   551058.176       1   45438     200       0       0       0      11       0       0      11       8     662       1       0       0       0       0       9       4     662       1
  189.000   560372.480       1   46206     200       0       0       0      13       0       0      13       9     664       1       0       0       0       0       7       3     664       1
  190.000   562919.360       1   46416     200       0       0       0       7       0       0       7       6     666       1       0       0       0       0       6       2     666       1
  191.000   561936.992       1   46335     200       0       0       0      11       0       0      11       8     663       1       0       0       0       0       5       2     663       1
  192.000   553338.240       1   45626     200       0       0       0       9       0       0       9       5     665       1       0       0       0       0       6       2     665       1
  193.000   546752.736       1   45083     200       0       0       0       8       0       0       8       5     665       1       0       0       0       0       7       3     665       1
  194.000   548232.352       1   45205     200       0       0       0      14       0       0      14      11     662       1       0       0       0       0       5       2     662       1
  195.000   558504.768       1   46052     200       0       0       0      10       0       0      10       8     661       1       0       0       0       0       5       2     661       1
  196.000   562931.488       1   46417     200       0       0       0       8       0       0       8       6     662       1       0       0       0       0       5       2     662       1
  197.000   564508.128       1   46547     200       0       0       0      10       0       0      10       8     662       1       0       0       0       0       5       2     662       1
  198.000   557025.152       1   45930     200       0       0       0       7       0       0       7       4     663       1       0       0       0       0       5       2     663       1
  199.000   550548.800       1   45396     200       0       0       0       8       0       0       8       7     663       1       0       0       0       0       5       2     663       1
  200.000   556212.576       1   45863     200       0       0       0      11       0       0      11       7     666       1       0       0       0       0       5       2     666       1
  201.000   556321.728       1   45872     200       0       0       0       7       0       0       7       7     664       1       0       0       0       0       4       2     664       1
  202.000   556067.040       1   45851     200       0       0       0       7       0       0       7       7     659       1       0       0       0       0       1       0     659       1
  203.000   558444.128       1   46047     200       0       0       0      12       0       0      12       8     658       1       0       0       0       0       2       1     658       1
  204.000   556067.040       1   45851     200       0       0       0       8       0       0       8       7     660       1       0       0       0       0       5       2     660       1
  205.000   550718.592       1   45410     200       0       0       0      12       0       0      12       7     663       1       0       0       0       0       5       2     663       1
  206.000   556382.368       1   45877     200       0       0       0      12       0       0      12       9     667       1       0       0       0       0       7       3     667       1
  207.000   557388.992       1   45960     200       0       0       0       5       0       0       5       5     662       1       0       0       0       0       6       2     662       1
  208.000   545491.424       1   44979     200       0       0       0       4       0       0       4       4     657       1       0       0       0       0       1       0     657       1
  209.000   529943.328       1   43697     200       0       0       0      10       0       0      10       8     654       1       0       0       0       0       1       0     654       1
  210.000   527020.480       1   43456     200       0       0       0      11       0       0      11       8     659       1       0       0       0       0       4       2     659       1
  211.000   527541.984       1   43499     200       0       0       0       9       0       0       9       6     662       1       0       0       0       0       6       2     662       1
  212.000   530707.392       1   43760     200       0       0       0       8       0       0       8       8     661       1       0       0       0       0       4       2     661       1
  213.000   528063.488       1   43542     200       0       0       0      10       0       0      10       7     658       1       0       0       0       0       2       1     658       1
  214.000   531241.024       1   43804     200       0       0       0      10       0       0      10       8     655       1       0       0       0       0       4       2     655       1
  215.000   530598.240       1   43751     200       0       0       0      13       0       0      13       8     660       1       0       0       0       0       6       2     660       1
  216.000   534139.616       1   44043     200       0       0       0      13       0       0      13      11     661       1       0       0       0       0       7       3     661       1
  217.000   534940.064       1   44109     200       0       0       0      10       0       0      10       7     660       1       0       0       0       0       7       3     660       1
  218.000   524085.504       1   43214     200       0       0       0      11       0       0      11       8     660       1       0       0       0       0       5       2     660       1
  219.000   525928.960       1   43366     200       0       0       0       6       0       0       6       5     659       1       0       0       0       0       4       2     659       1
  220.000   533217.888       1   43967     200       0       0       0      13       0       0      13      10     656       1       0       0       0       0       5       2     656       1
  221.000   531192.512       1   43800     200       0       0       0      15       0       0      15       9     662       1       0       0       0       0       7       3     662       1
  222.000   532926.816       1   43943     200       0       0       0      10       0       0      10       8     664       1       0       0       0       0       7       3     664       1
  223.000   537705.248       1   44337     200       0       0       0       8       0       0       8       6     662       1       0       0       0       0       6       2     662       1
  224.000   544897.152       1   44930     200       0       0       0      12       0       0      12       7     661       1       0       0       0       0       7       3     661       1
  225.000   549008.544       1   45269     200       0       0       0      10       0       0      10       8     660       1       0       0       0       0       7       3     660       1
  226.000   549251.104       1   45289     200       0       0       0       8       0       0       8       7     655       1       0       0       0       0       4       2     655       1
  227.000   534843.040       1   44101     200       0       0       0       8       0       0       8       6     651       1       0       0       0       0       4       2     651       1
  228.000   536443.936       1   44233     200       0       0       0       8       0       0       8       6     649       1       0       0       0       0       3       1     649       1
  229.000   530549.728       1   43747     200       0       0       0      11       0       0      11       8     649       1       0       0       0       0       3       1     649       1
  230.000   531738.272       1   43845     200       0       0       0      10       0       0      10       7     652       1       0       0       0       0       5       2     652       1
  231.000   534188.128       1   44047     200       0       0       0      12       0       0      12       9     655       1       0       0       0       0       7       3     655       1
  232.000   535776.896       1   44178     200       0       0       0       9       0       0       9       7     654       1       0       0       0       0       6       2     654       1
  233.000   537972.064       1   44359     200       0       0       0       6       0       0       6       5     653       1       0       0       0       0       4       2     653       1
  234.000   532841.920       1   43936     200       0       0       0       3       0       0       3       3     648       1       0       0       0       0       2       1     648       1
  235.000   533363.424       1   43979     200       0       0       0       8       0       0       8       6     647       1       0       0       0       0       2       1     647       1
  236.000   539027.200       1   44446     200       0       0       0      12       0       0      12       8     645       1       0       0       0       0       3       1     645       1
  237.000   541792.384       1   44674     200       0       0       0       8       0       0       8       6     652       1       0       0       0       0       6       2     652       1
  238.000   540518.944       1   44569     200       0       0       0      13       0       0      13       9     653       1       0       0       0       0       6       2     653       1
  239.000   549129.824       1   45279     200       0       0       0      16       0       0      16      10     660       1       0       0       0       0       7       3     660       1
  240.000   553956.768       1   45677     200       0       0       0       7       0       0       7       6     663       1       0       0       0       0       9       4     663       1
  241.000   549833.248       1   45337     200       0       0       0       5       0       0       5       4     662       1       0       0       0       0       6       2     662       1
  242.000   544739.488       1   44917     200       0       0       0       6       0       0       6       5     656       1       0       0       0       0       3       1     656       1
  243.000   547371.264       1   45134     200       0       0       0       7       0       0       7       7     658       1       0       0       0       0       1       0     658       1
  244.000   543538.816       1   44818     200       0       0       0      12       0       0      12       8     659       1       0       0       0       0       3       1     659       1
  245.000   534394.304       1   44064     200       0       0       0       4       0       0       4       3     656       1       0       0       0       0       5       2     656       1
  246.000   530852.928       1   43772     200       0       0       0       9       0       0       9       6     656       1       0       0       0       0       4       2     656       1
  247.000   520301.568       1   42902     200       0       0       0      12       0       0      12       8     655       1       0       0       0       0       5       2     655       1
  248.000   525080.000       1   43296     200       0       0       0      10       0       0      10       7     661       1       0       0       0       0       7       3     661       1
  249.000   523733.792       1   43185     200       0       0       0      11       0       0      11       8     657       1       0       0       0       0       7       3     657       1
  250.000   526414.080       1   43406     200       0       0       0       9       0       0       9       6     661       1       0       0       0       0       6       2     661       1
  251.000   520277.312       1   42900     200       0       0       0       7       0       0       7       5     657       1       0       0       0       0       5       2     657       1
  252.000   512636.672       1   42270     200       0       0       0      10       0       0      10       7     658       1       0       0       0       0       4       2     658       1
  253.000   510053.408       1   42057     200       0       0       0       6       0       0       6       6     656       1       0       0       0       0       5       2     656       1
  254.000   513631.168       1   42352     200       0       0       0      15       0       0      15      10     658       1       0       0       0       0       5       2     658       1
  255.000   518276.192       1   42735     200       0       0       0       5       0       0       5       4     655       1       0       0       0       0       6       2     655       1
  256.000   520277.312       1   42900     200       0       0       0       8       0       0       8       7     652       1       0       0       0       0       4       2     652       1
  257.000   517390.848       1   42662     200       0       0       0       8       0       0       8       7     648       1       0       0       0       0       2       1     648       1
  258.000   518348.960       1   42741     200       0       0       0      12       0       0      12       7     653       1       0       0       0       0       4       2     653       1
  259.000   531532.096       1   43828     200       0       0       0       5       0       0       5       3     654       1       0       0       0       0       7       3     654       1
  260.000   521817.568       1   43027     200       0       0       0       0       0       0       0       0     641       1       0       0       0       0       4       2     641       1
  261.000   512733.696       1   42278     200       0       0       0       0       0       0       0       0     631       1       0       0       0       0       1       0     631       1
  262.000   504219.840       1   41576     200       0       0       0       0       0       0       0       0     617       1       0       0       0       0       0       0     617       1
  263.000   500435.904       1   41264     200       0       0       0       0       0       0       0       0     610       1       0       0       0       0       0       0     610       1
  264.000   485372.928       0   40022     200       0       0       0       0       0       0       0       0     602       1       0       0       0       0       0       0     602       1
  265.000   476325.440       0   39276     200       0       0       0       0       0       0       0       0     592       1       0       0       0       0       0       0     592       1
  266.000   462717.824       0   38154     200       0       0       0       0       0       0       0       0     578       1       0       0       0       0       0       0     578       1
  267.000   443943.680       0   36606     200       0       0       0       0       0       0       0       0     566       1       0       0       0       0       0       0     566       1
  268.000   430008.608       0   35457     200       0       0       0       0       0       0       0       0     557       1       0       0       0       0       0       0     557       1
  269.000   421033.888       0   34717     200       0       0       0       0       0       0       0       0     546       1       0       0       0       0       0       0     546       1
  270.000   415794.592       0   34285     200       0       0       0       0       0       0       0       0     539       1       0       0       0       0       0       0     539       1
  271.000   407644.576       0   33613     200       0       0       0       0       0       0       0       0     527       1       0       0       0       0       0       0     527       1
  272.000   401338.016       0   33093     200       0       0       0       0       0       0       0       0     518       1       0       0       0       0       0       0     518       1
  273.000   381399.584       0   31449     185       0       0       0       0       0       0       0       0     507       1       0       0       0       0       0       0     507       1
  274.000   371648.672       0   30645     180       0       0       0       0       0       0       0       0     499       1       0       0       0       0       0       0     499       1
  275.000   367755.584       0   30324     180       0       0       0       0       0       0       0       0     489       1       0       0       0       0       0       0     489       1
  276.000   361546.048       0   29812     180       0       0       0       0       0       0       0       0     480       1       0       0       0       0       0       0     480       1
  277.000   352607.712       0   29075     180       0       0       0       0       0       0       0       0     473       1       0       0       0       0       0       0     473       1
  278.000   345136.864       0   28459     180       0       0       0       0       0       0       0       0     466       1       0       0       0       0       0       0     466       1
  279.000   340649.504       0   28089     180       0       0       0       0       0       0       0       0     455       1       0       0       0       0       0       0     455       1
  280.000   337666.016       0   27843     180       0       0       0       0       0       0       0       0     447       1       0       0       0       0       0       0     447       1
  281.000   325513.760       0   26841     180       0       0       0       0       0       0       0       0     433       1       0       0       0       0       0       0     433       1
  282.000   309929.280       0   25556     180       0       0       0       0       0       0       0       0     420       1       0       0       0       0       0       0     420       1
  283.000   301172.864       0   24834     180       0       0       0       0       0       0       0       0     411       1       0       0       0       0       0       0     411       1
  284.000   290864.064       0   23984     180       0       0       0       0       0       0       0       0     400       1       0       0       0       0       0       0     400       1
  285.000   280919.104       0   23164     180       0       0       0       0       0       0       0       0     392       1       0       0       0       0       0       0     392       1
  286.000   277996.256       0   22923     180       0       0       0       0       0       0       0       0     383       1       0       0       0       0       0       0     383       1
  287.000   266389.760       0   21966     180       0       0       0       0       0       0       0       0     376       1       0       0       0       0       0       0     376       1
  288.000   258542.944       0   21319     180       0       0       0       0       0       0       0       0     362       1       0       0       0       0       0       0     362       1
  289.000   253412.800       0   20896     180       0       0       0       0       0       0       0       0     353       1       0       0       0       0       0       0     353       1
  290.000   242327.808       0   19982     180       0       0       0       0       0       0       0       0     345       1       0       0       0       0       0       0     345       1
  291.000   234905.472       0   19370     180       0       0       0       0       0       0       0       0     339       1       0       0       0       0       0       0     339       1
  292.000   226209.696       0   18653     180       0       0       0       0       0       0       0       0     330       1       0       0       0       0       0       0     330       1
  293.000   219139.072       0   18070     180       0       0       0       0       0       0       0       0     321       0       0       0       0       0       0       0     321       0
  294.000   213657.216       0   17618     180       0       0       0       0       0       0       0       0     315       0       0       0       0       0       0       0     315       0
  295.000   208684.736       0   17208     180       0       0       0       0       0       0       0       0     311       0       0       0       0       0       0       0     311       0
  296.000   202390.304       0   16689     180       0       0       0       0       0       0       0       0     300       0       0       0       0       0       0       0     300       0
  297.000   196047.360       0   16166     180       0       0       0       0       0       0       0       0     290       0       0       0       0       0       0       0     290       0
  298.000   185144.288       0   15267     180       0       0       0       0       0       0       0       0     279       0       0       0       0       0       0       0     279       0
  299.000   175866.368       0   14502     180       0       0       0       0       0       0       0       0     269       0       0       0       0       0       0       0     269       0
  300.000   165448.416       0   13643     180       0       0       0       0       0       0       0       0     261       0       0       0       0       0       0       0     261       0
  301.000   159129.728       0   13122     164       0       0       0       0       0       0       0       0     255       0       0       0       0       0       0       0     255       0
  302.000   156400.928       0   12897     160       0       0       0       0       0       0       0       0     243       0       0       0       0       0       0       0     243       0
  303.000   152641.248       0   12587     160       0       0       0       0       0       0       0       0     235       0       0       0       0       0       0       0     235       0
  304.000   149475.840       0   12326     160       0       0       0       0       0       0       0       0     227       0       0       0       0       0       0       0     227       0
  305.000   145267.424       0   11979     160       0       0       0       0       0       0       0       0     220       0       0       0       0       0       0       0     220       0
  306.000   139712.800       0   11521     160       0       0       0       0       0       0       0       0     215       0       0       0       0       0       0       0     215       0
  307.000   134825.216       0   11118     160       0       0       0       0       0       0       0       0     205       0       0       0       0       0       0       0     205       0
  308.000   130531.904       0   10764     160       0       0       0       0       0       0       0       0     197       0       0       0       0       0       0       0     197       0
  309.000   127063.296       0   10478     160       0       0       0       0       0       0       0       0     191       0       0       0       0       0       0       0     191       0
  310.000   122636.576       0   10113     160       0       0       0       0       0       0       0       0     186       0       0       0       0       0       0       0     186       0
  311.000   116693.856       0    9623     160       0       0       0       0       0       0       0       0     182       0       0       0       0       0       0       0     182       0
  312.000   107985.952       0    8905     160       0       0       0       0       0       0       0       0     176       0       0       0       0       0       0       0     176       0
  313.000   101764.288       0    8392     160       0       0       0       0       0       0       0       0     170       0       0       0       0       0       0       0     170       0
  314.000    98477.600       0    8121     160       0       0       0       0       0       0       0       0     165       0       0       0       0       0       0       0     165       0
  315.000    94002.368       0    7752     160       0       0       0       0       0       0       0       0     159       0       0       0       0       0       0       0     159       0
  316.000    89951.616       0    7418     160       0       0       0       0       0       0       0       0     153       0       0       0       0       0       0       0     153       0
  317.000    85039.776       0    7013     160       0       0       0       0       0       0       0       0     149       0       0       0       0       0       0       0     149       0
  318.000    80516.032       0    6640     160       0       0       0       0       0       0       0       0     145       0       0       0       0       0       0       0     145       0
  319.000    79533.664       0    6559     160       0       0       0       0       0       0       0       0     139       0       0       0       0       0       0       0     139       0
  320.000    78939.392       0    6510     160       0       0       0       0       0       0       0       0     135       0       0       0       0       0       0       0     135       0
  321.000    74949.280       0    6181     150       0       0       0       0       0       0       0       0     130       0       0       0       0       0       0       0     130       0
  322.000    71844.512       0    5925     141       0       0       0       0       0       0       0       0     124       0       0       0       0       0       0       0     124       0
  323.000    70777.248       0    5837     140       0       0       0       0       0       0       0       0     120       0       0       0       0       0       0       0     120       0
  324.000    66629.472       0    5495     140       0       0       0       0       0       0       0       0     115       0       0       0       0       0       0       0     115       0
  325.000    62457.440       0    5151     140       0       0       0       0       0       0       0       0     111       0       0       0       0       0       0       0     111       0
  326.000    53446.336       0    4408     140       0       0       0       0       0       0       0       0     107       0       0       0       0       0       0       0     107       0
  327.000    52670.144       0    4344     140       0       0       0       0       0       0       0       0     101       0       0       0       0       0       0       0     101       0
  328.000    52124.384       0    4299     140       0       0       0       0       0       0       0       0      98       0       0       0       0       0       0       0      98       0
  329.000    51420.960       0    4241     140       0       0       0       0       0       0       0       0      93       0       0       0       0       0       0       0      93       0
  330.000    46957.856       0    3873     140       0       0       0       0       0       0       0       0      88       0       0       0       0       0       0       0      88       0
  331.000    42603.904       0    3514     140       0       0       0       0       0       0       0       0      84       0       0       0       0       0       0       0      84       0
  332.000    41851.968       0    3452     140       0       0       0       0       0       0       0       0      78       0       0       0       0       0       0       0      78       0
  333.000    40748.320       0    3361     140       0       0       0       0       0       0       0       0      75       0       0       0       0       0       0       0      75       0
  334.000    39389.984       0    3249     140       0       0       0       0       0       0       0       0      74       0       0       0       0       0       0       0      74       0
  335.000    37740.576       0    3113     140       0       0       0       0       0       0       0       0      71       0       0       0       0       0       0       0      71       0
  336.000    35909.248       0    2962     140       0       0       0       0       0       0       0       0      67       0       0       0       0       0       0       0      67       0
  337.000    35836.480       0    2956     126       0       0       0       0       0       0       0       0      65       0       0       0       0       0       0       0      65       0
  338.000    34211.328       0    2822     120       0       0       0       0       0       0       0       0      64       0       0       0       0       0       0       0      64       0
  339.000    32804.480       0    2706     120       0       0       0       0       0       0       0       0      61       0       0       0       0       0       0       0      61       0
  340.000    28147.328       0    2322     120       0       0       0       0       0       0       0       0      57       0       0       0       0       0       0       0      57       0
  341.000    21743.744       0    1794     120       0       0       0       0       0       0       0       0      52       0       0       0       0       0       0       0      52       0
  342.000    15594.848       0    1287     120       0       0       0       0       0       0       0       0      50       0       0       0       0       0       0       0      50       0
  343.000    12308.160       0    1016     120       0       0       0       0       0       0       0       0      49       0       0       0       0       0       0       0      49       0
  344.000    11604.736       0     958     120       0       0       0       0       0       0       0       0      48       0       0       0       0       0       0       0      48       0
  345.000    10282.784       0     849     120       0       0       0       0       0       0       0       0      45       0       0       0       0       0       0       0      45       0
  346.000     9433.824       0     779     120       0       0       0       0       0       0       0       0      43       0       0       0       0       0       0       0      43       0
  347.000     7517.600       0     621     120       0       0       0       0       0       0       0       0      40       0       0       0       0       0       0       0      40       0
  348.000     5783.296       0     478     120       0       0       0       0       0       0       0       0      39       0       0       0       0       0       0       0      39       0
  349.000     4873.696       0     403     120       0       0       0       0       0       0       0       0      38       0       0       0       0       0       0       0      38       0
  350.000     3333.440       0     276     120       0       0       0       0       0       0       0       0      36       0       0       0       0       0       0       0      36       0
  351.000     1186.784       0      99     120       0       0       0       0       0       0       0       0      34       0       0       0       0       0       0       0      34       0
  352.000      483.360       0      41     120       0       0       0       0       0       0       0       0      34       0       0       0       0       0       0       0      34       0
  353.000      289.312       0      25     105       0       0       0       0       0       0       0       0      32       0       0       0       0       0       0       0      32       0
  354.000       34.624       0       4     100       0       0       0       0       0       0       0       0      30       0       0       0       0       0       0       0      30       0
  355.000       34.624       0       4     100       0       0       0       0       0       0       0       0      26       0       0       0       0       0       0       0      26       0
  356.000       34.624       0       4     100       0       0       0       0       0       0       0       0      23       0       0       0       0       0       0       0      23       0
  357.000       34.624       0       4     100       0       0       0       0       0       0       0       0      20       0       0       0       0       0       0       0      20       0
  358.000       34.624       0       4     100       0       0       0       0       0       0       0       0      18       0       0       0       0       0       0       0      18       0
  359.000       34.624       0       4      86       0       0       0       0       0       0       0       0      16       0       0       0       0       0       0       0      16       0
  360.000       34.624       0       4      80       0       0       0       0       0       0       0       0      15       0       0       0       0       0       0       0      15       0
  361.000       34.624       0       4      80       0       0       0       0       0       0       0       0      13       0       0       0       0       0       0       0      13       0
  362.000       34.624       0       4      80       0       0       0       0       0       0       0       0      12       0       0       0       0       0       0       0      12       0
  363.000       34.624       0       4      80       0       0       0       0       0       0       0       0      11       0       0       0       0       0       0       0      11       0
  364.000       34.624       0       4      80       0       0       0       0       0       0       0       0      10       0       0       0       0       0       0       0      10       0
  365.000       34.624       0       4      62       0       0       0       0       0       0       0       0       7       0       0       0       0       0       0       0       7       0
  366.000       34.624       0       4      60       0       0       0       0       0       0       0       0       6       0       0       0       0       0       0       0       6       0
  367.000       34.624       0       4      60       0       0       0       0       0       0       0       0       5       0       0       0       0       0       0       0       5       0
  368.000       34.624       0       4      52       0       0       0       0       0       0       0       0       5       0       0       0       0       0       0       0       5       0
  369.000       34.624       0       4      41       0       0       0       0       0       0       0       0       4       0       0       0       0       0       0       0       4       0
  370.000       34.624       0       4      40       0       0       0       0       0       0       0       0       4       0       0       0       0       0       0       0       4       0
  371.000       34.624       0       4      40       0       0       0       0       0       0       0       0       4       0       0       0       0       0       0       0       4       0
  372.000       34.624       0       4      40       0       0       0       0       0       0       0       0       4       0       0       0       0       0       0       0       4       0
  373.000       34.624       0       4      40       0       0       0       0       0       0       0       0       4       0       0       0       0       0       0       0       4       0
  374.000       34.624       0       4      40       0       0       0       0       0       0       0       0       4       0       0       0       0       0       0       0       4       0
  375.000       34.624       0       4      40       0       0       0       0       0       0       0       0       4       0       0       0       0       0       0       0       4       0
  376.000       34.624       0       4      40       0       0       0       0       0       0       0       0       4       0       0       0       0       0       0       0       4       0
  377.000       34.624       0       4      40       0       0       0       0       0       0       0       0       4       0       0       0       0       0       0       0       4       0
  378.000       34.624       0       4      40       0       0       0       0       0       0       0       0       4       0       0       0       0       0       0       0       4       0
  379.000       34.624       0       4      40       0       0       0       0       0       0       0       0       4       0       0       0       0       0       0       0       4       0
  380.000       34.624       0       4      40       0       0       0       0       0       0       0       0       4       0       0       0       0       0       0       0       4       0
  381.000       34.624       0       4      40       0       0       0       0       0       0       0       0       4       0       0       0       0       0       0       0       4       0
  382.000       34.624       0       4      40       0       0       0       0       0       0       0       0       4       0       0       0       0       0       0       0       4       0
  383.000       34.624       0       4      40       0       0       0       0       0       0       0       0       4       0       0       0       0       0       0       0       4       0
  384.000       34.624       0       4      40       0       0       0       0       0       0       0       0       4       0       0       0       0       0       0       0       4       0
  385.000       34.624       0       4      40       0       0       0       0       0       0       0       0       4       0       0       0       0       0       0       0       4       0
  386.000       34.624       0       4      40       0       0       0       0       0       0       0       0       4       0       0       0       0       0       0       0       4       0
  387.000       34.624       0       4      40       0       0       0       0       0       0       0       0       4       0       0       0       0       0       0       0       4       0
  388.000       34.624       0       4      40       0       0       0       0       0       0       0       0       4       0       0       0       0       0       0       0       4       0
  389.000       34.624       0       4      40       0       0       0       0       0       0       0       0       4       0       0       0       0       0       0       0       4       0
  390.000       34.624       0       4      40       0       0       0       0       0       0       0       0       4       0       0       0       0       0       0       0       4       0
  391.000       34.624       0       4      40       0       0       0       0       0       0       0       0       4       0       0       0       0       0       0       0       4       0
  392.000       34.624       0       4      40       0       0       0       0       0       0       0       0       4       0       0       0       0       0       0       0       4       0
  393.000       34.624       0       4      40       0       0       0       0       0       0       0       0       4       0       0       0       0       0       0       0       4       0
  394.000       34.624       0       4      40       0       0       0       0       0       0       0       0       4       0       0       0       0       0       0       0       4       0
  395.000       34.624       0       4      40       0       0       0       0       0       0       0       0       4       0       0       0       0       0       0       0       4       0
  396.000       34.624       0       4      40       0       0       0       0       0       0       0       0       4       0       0       0       0       0       0       0       4       0
  397.000       34.624       0       4      40       0       0       0       0       0       0       0       0       4       0       0       0       0       0       0       0       4       0
  398.000       34.624       0       4      40       0       0       0       0       0       0       0       0       4       0       0       0       0       0       0       0       4       0
  399.000       34.624       0       4      40       0       0       0       0       0       0       0       0       4       0       0       0       0       0       0       0       4       0
  400.000       34.624       0       4      40       0       0       0       0       0       0       0       0       4       0       0       0       0       0       0       0       4       0
  401.000       34.624       0       4      40       0       0       0       0       0       0       0       0       4       0       0       0       0       0       0       0       4       0
  402.000       34.624       0       4      40       0       0       0       0       0       0       0       0       4       0       0       0       0       0       0       0       4       0
  403.000       34.624       0       4      40       0       0       0       0       0       0       0       0       4       0       0       0       0       0       0       0       4       0
  404.000       34.624       0       4      40       0       0       0       0       0       0       0       0       4       0       0       0       0       0       0       0       4       0
  405.000       34.624       0       4      40       0       0       0       0       0       0       0       0       4       0       0       0       0       0       0       0       4       0
  406.000       34.624       0       4      40       0       0       0       0       0       0       0       0       4       0       0       0       0       0       0       0       4       0
  407.000       34.624       0       4      40       0       0       0       0       0       0       0       0       4       0       0       0       0       0       0       0       4       0
  408.000       34.624       0       4      40       0       0       0       0       0       0       0       0       4       0       0       0       0       0       0       0       4       0
  409.000       34.624       0       4      40       0       0       0       0       0       0       0       0       4       0       0       0       0       0       0       0       4       0
  410.000       34.624       0       4      40       0       0       0       0       0       0       0       0       4       0       0       0       0       0       0       0       4       0
  411.000       34.624       0       4      40       0       0       0       0       0       0       0       0       4       0       0       0       0       0       0       0       4       0
  412.000       34.624       0       4      40       0       0       0       0       0       0       0       0       4       0       0       0       0       0       0       0       4       0
  413.000       34.624       0       4      40       0       0       0       0       0       0       0       0       4       0       0       0       0       0       0       0       4       0
  414.000       34.624       0       4      40       0       0       0       0       0       0       0       0       4       0       0       0       0       0       0       0       4       0
  415.000       34.624       0       4      40       0       0       0       0       0       0       0       0       4       0       0       0       0       0       0       0       4       0
  416.000       34.624       0       4      40       0       0       0       0       0       0       0       0       4       0       0       0       0       0       0       0       4       0
  417.000       34.624       0       4      40       0       0       0       0       0       0       0       0       4       0       0       0       0       0       0       0       4       0
  418.000       34.624       0       4      40       0       0       0       0       0       0       0       0       4       0       0       0       0       0       0       0       4       0
  419.000       34.624       0       4      40       0       0       0       0       0       0       0       0       4       0       0       0       0       0       0       0       4       0
  420.000       34.624       0       4      40       0       0       0       0       0       0       0       0       4       0       0       0       0       0       0       0       4       0
  421.000       34.624       0       4      40       0       0       0       0       0       0       0       0       4       0       0       0       0       0       0       0       4       0
  422.000       34.624       0       4      40       0       0       0       0       0       0       0       0       4       0       0       0       0       0       0       0       4       0
  423.000       34.624       0       4      40       0       0       0       0       0       0       0       0       4       0       0       0       0       0       0       0       4       0
  424.000       34.624       0       4      40       0       0       0       0       0       0       0       0       4       0       0       0       0       0       0       0       4       0
  425.000       34.624       0       4      40       0       0       0       0       0       0       0       0       4       0       0       0       0       0       0       0       4       0
  426.000       34.624       0       4      40       0       0       0       0       0       0       0       0       4       0       0       0       0       0       0       0       4       0
  427.000       34.624       0       4      40       0       0       0       0       0       0       0       0       4       0       0       0       0       0       0       0       4       0
  428.000       34.624       0       4      40       0       0       0       0       0       0       0       0       4       0       0       0       0       0       0       0       4       0
  429.000       34.624       0       4      40       0       0       0       0       0       0       0       0       4       0       0       0       0       0       0       0       4       0
  430.000       34.624       0       4      40       0       0       0       0       0       0       0       0       4       0       0       0       0       0       0       0       4       0
  431.000       34.624       0       4      40       0       0       0       0       0       0       0       0       4       0       0       0       0       0       0       0       4       0
  432.000       34.624       0       4      40       0       0       0       0       0       0       0       0       4       0       0       0       0       0       0       0       4       0
  433.000       34.624       0       4      40       0       0       0       0       0       0       0       0       4       0       0       0       0       0       0       0       4       0
  434.000       34.624       0       4      40       0       0       0       0       0       0       0       0       4       0       0       0       0       0       0       0       4       0
  435.000       34.624       0       4      40       0       0       0       0       0       0       0       0       4       0       0       0       0       0       0       0       4       0
  436.000       34.624       0       4      40       0       0       0       0       0       0       0       0       4       0       0       0       0       0       0       0       4       0
  437.000       34.624       0       4      40       0       0       0       0       0       0       0       0       4       0       0       0       0       0       0       0       4       0
  438.000       34.624       0       4      40       0       0       0       0       0       0       0       0       4       0       0       0       0       0       0       0       4       0
  439.000       34.624       0       4      40       0       0       0       0       0       0       0       0       4       0       0       0       0       0       0       0       4       0
  440.000       34.624       0       4      40       0       0       0       0       0       0       0       0       4       0       0       0       0       0       0       0       4       0
  441.000       34.624       0       4      40       0       0       0       0       0       0       0       0       4       0       0       0       0       0       0       0       4       0
  442.000       34.624       0       4      40       0       0       0       0       0       0       0       0       4       0       0       0       0       0       0       0       4       0
  443.000       34.624       0       4      40       0       0       0       0       0       0       0       0       4       0       0       0       0       0       0       0       4       0
  444.000       34.624       0       4      40       0       0       0       0       0       0       0       0       4       0       0       0       0       0       0       0       4       0
  445.000       34.624       0       4      40       0       0       0       0       0       0       0       0       4       0       0       0       0       0       0       0       4       0
  446.000       34.624       0       4      40       0       0       0       0       0       0       0       0       4       0       0       0       0       0       0       0       4       0
  447.000       34.624       0       4      40       0       0       0       0       0       0       0       0       4       0       0       0       0       0       0       0       4       0
  448.000       34.624       0       4      40       0       0       0       0       0       0       0       0       4       0       0       0       0       0       0       0       4       0
  449.000       34.624       0       4      40       0       0       0       0       0       0       0       0       4       0       0       0       0       0       0       0       4       0
  450.000       34.624       0       4      40       0       0       0       0       0       0       0       0       4       0       0       0       0       0       0       0       4       0
  451.000       34.624       0       4      40       0       0       0       0       0       0       0       0       4       0       0       0       0       0       0       0       4       0
  452.000       34.624       0       4      40       0       0       0       0       0       0       0       0       4       0       0       0       0       0       0       0       4       0
  453.000       34.624       0       4      40       0       0       0       0       0       0       0       0       4       0       0       0       0       0       0       0       4       0
  454.000       34.624       0       4      40       0       0       0       0       0       0       0       0       4       0       0       0       0       0       0       0       4       0
  455.000       34.624       0       4      40       0       0       0       0       0       0       0       0       4       0       0       0       0       0       0       0       4       0
  456.000       34.624       0       4      40       0       0       0       0       0       0       0       0       4       0       0       0       0       0       0       0       4       0
  457.000       34.624       0       4      40       0       0       0       0       0       0       0       0       4       0       0       0       0       0       0       0       4       0
  458.000       34.624       0       4      40       0       0       0       0       0       0       0       0       4       0       0       0       0       0       0       0       4       0
  459.000       34.624       0       4      40       0       0       0       0       0       0       0       0       4       0       0       0       0       0       0       0       4       0
  460.000       34.624       0       4      40       0       0       0       0       0       0       0       0       4       0       0       0       0       0       0       0       4       0
  461.000       34.624       0       4      40       0       0       0       0       0       0       0       0       4       0       0       0       0       0       0       0       4       0
  462.000       34.624       0       4      40       0       0       0       0       0       0       0       0       4       0       0       0       0       0       0       0       4       0
  463.000       34.624       0       4      40       0       0       0       0       0       0       0       0       4       0       0       0       0       0       0       0       4       0
  464.000       34.624       0       4      40       0       0       0       0       0       0       0       0       4       0       0       0       0       0       0       0       4       0
  465.000       34.624       0       4      40       0       0       0       0       0       0       0       0       4       0       0       0       0       0       0       0       4       0
  466.000       34.624       0       4      40       0       0       0       0       0       0       0       0       4       0       0       0       0       0       0       0       4       0
  467.000       34.624       0       4      40       0       0       0       0       0       0       0       0       4       0       0       0       0       0       0       0       4       0
  468.000       34.624       0       4      40       0       0       0       0       0       0       0       0       4       0       0       0       0       0       0       0       4       0
  469.000       34.624       0       4      40       0       0       0       0       0       0       0       0       4       0       0       0       0       0       0       0       4       0
  470.000       34.624       0       4      40       0       0       0       0       0       0       0       0       4       0       0       0       0       0       0       0       4       0
  471.000       34.624       0       4      40       0       0       0       0       0       0       0       0       4       0       0       0       0       0       0       0       4       0
  472.000       34.624       0       4      40       0       0       0       0       0       0       0       0       4       0       0       0       0       0       0       0       4       0
  473.000       34.624       0       4      40       0       0       0       0       0       0       0       0       4       0       0       0       0       0       0       0       4       0
  474.000       34.624       0       4      40       0       0       0       0       0       0       0       0       4       0       0       0       0       0       0       0       4       0
  475.000       34.624       0       4      40       0       0       0       0       0       0       0       0       4       0       0       0       0       0       0       0       4       0
  476.000       34.624       0       4      40       0       0       0       0       0       0       0       0       4       0       0       0       0       0       0       0       4       0
  477.000       34.624       0       4      40       0       0       0       0       0       0       0       0       4       0       0       0       0       0       0       0       4       0
  478.000       34.624       0       4      40       0       0       0       0       0       0       0       0       4       0       0       0       0       0       0       0       4       0
  479.000       34.624       0       4      40       0       0       0       0       0       0       0       0       4       0       0       0       0       0       0       0       4       0
  480.000       34.624       0       4      40       0       0       0       0       0       0       0       0       4       0       0       0       0       0       0       0       4       0
  481.000       34.624       0       4      40       0       0       0       0       0       0       0       0       4       0       0       0       0       0       0       0       4       0
  482.000       34.624       0       4      40       0       0       0       0       0       0       0       0       4       0       0       0       0       0       0       0       4       0
  483.000       34.624       0       4      40       0       0       0       0       0       0       0       0       4       0       0       0       0       0       0       0       4       0
  484.000       34.624       0       4      40       0       0       0       0       0       0       0       0       4       0       0       0       0       0       0       0       4       0
  485.000       34.624       0       4      40       0       0       0       0       0       0       0       0       4       0       0       0       0       0       0       0       4       0
  486.000       34.624       0       4      40       0       0       0       0       0       0       0       0       4       0       0       0       0       0       0       0       4       0
  487.000       34.624       0       4      40       0       0       0       0       0       0       0       0       4       0       0       0       0       0       0       0       4       0
  488.000       34.624       0       4      40       0       0       0       0       0       0       0       0       4       0       0       0       0       0       0       0       4       0
  489.000       34.624       0       4      40       0       0       0       0       0       0       0       0       4       0       0       0       0       0       0       0       4       0
  490.000       34.624       0       4      40       0       0       0       0       0       0       0       0       4       0       0       0       0       0       0       0       4       0
  491.000       34.624       0       4      40       0       0       0       0       0       0       0       0       4       0       0       0       0       0       0       0       4       0
  492.000       34.624       0       4      40       0       0       0       0       0       0       0       0       4       0       0       0       0       0       0       0       4       0
  493.000       34.624       0       4      40       0       0       0       0       0       0       0       0       4       0       0       0       0       0       0       0       4       0
  494.000       34.624       0       4      40       0       0       0       0       0       0       0       0       4       0       0       0       0       0       0       0       4       0
  495.000       34.624       0       4      40       0       0       0       0       0       0       0       0       4       0       0       0       0       0       0       0       4       0
  496.000       34.624       0       4      40       0       0       0       0       0       0       0       0       4       0       0       0       0       0       0       0       4       0
  497.000       34.624       0       4      40       0       0       0       0       0       0       0       0       4       0       0       0       0       0       0       0       4       0
  498.000       34.624       0       4      40       0       0       0       0       0       0       0       0       4       0       0       0       0       0       0       0       4       0
  499.000       34.624       0       4      40       0       0       0       0       0       0       0       0       4       0       0       0       0       0       0       0       4       0
  500.000        0.000       0       0      40       0       0       0       0       0       0       0       0       4       0       0       0       0       0       0       0       4       0
