  TimeSec      LoaKbps LoaUsag Packets DlyUsec LoaDrps MetDrps TabDrps FloMods MetMods GroMods  PktsIn PktsOut FloEntr FloUsag MetEntr MetUsag GroEntr GroUsag BufPkts BufUsag  T0Entr  T0Usag
    1.000        0.000       0       0      34       0       0       0       3       0       2       0       0       3       2       0       0       2       0       0       0       3       2
    2.000     2030.560       0     168      56       0       0       0       4       0       0       0       0       6       3       0       0       2       0       0       0       6       3
    3.000     3182.720       0     263      71       0       0       0       3       0       0       0       0       9       5       0       0       2       0       0       0       9       5
    4.000     5026.176       1     415      79       0       0       0       2       0       0       0       0      11       6       0       0       2       0       0       0      11       6
    5.000     7221.344       1     596      79       0       0       0       3       0       0       0       0      13       7       0       0       2       0       0       0      13       7
    6.000    11745.088       1     969      91       0       0       0       3       0       0       0       0      16       8       0       0       2       0       0       0      16       8
    7.000    15043.904       2    1241      99       0       0       0       1       0       0       0       0      18       9       0       0       2       0       0       0      18       9
    8.000    15347.104       2    1266      99       0       0       0       0       0       0       0       0      19      10       0       0       2       0       0       0      19      10
    9.000    17384.608       2    1434      99       0       0       0       5       0       0       0       0      21      11       0       0       2       0       0       0      21      11
   10.000    19458.496       2    1605      99       0       0       0       1       0       0       0       0      24      12       0       0       2       0       0       0      24      12
   11.000    20537.888       2    1694     100       0       0       0       3       0       0       0       0      26      13       0       0       2       0       0       0      26      13
   12.000    22963.488       2    1894     100       0       0       0       2       0       0       0       0      29      15       0       0       2       0       0       0      29      15
   13.000    27087.008       3    2234     109       0       0       0       3       0       0       0       0      32      16       0       0       2       0       0       0      32      16
   14.000    29027.488       3    2394     118       0       0       0       3       0       0       0       0      35      18       0       0       2       0       0       0      35      18
   15.000    32690.144       3    2696     119       0       0       0       2       0       0       0       0      37      19       0       0       2       0       0       0      37      19
   16.000    36558.976       4    3015     119       0       0       0       1       0       0       0       0      39      20       0       0       2       0       0       0      39      20
   17.000    37226.016       4    3070     119       0       0       0       2       0       0       0       0      40      20       0       0       2       0       0       0      40      20
   18.000    38208.384       4    3151     120       0       0       0       2       0       0       0       0      42      21       0       0       2       0       0       0      42      21
   19.000    38996.704       4    3216     120       0       0       0       1       0       0       0       0      44      22       0       0       2       0       0       0      44      22
   20.000    41628.480       4    3433     120       0       0       0       4       0       0       0       0      46      23       0       0       2       0       0       0      46      23
   21.000    44975.808       4    3709     120       0       0       0       3       0       0       0       0      49      25       0       0       2       0       0       0      49      25
   22.000    47922.912       5    3952     120       0       0       0       1       0       0       0       0      52      26       0       0       2       0       0       0      52      26
   23.000    49378.272       5    4072     120       0       0       0       3       0       0       0       0      54      27       0       0       2       0       0       0      54      27
   24.000    50918.528       5    4199     120       0       0       0       1       0       0       0       0      55      28       0       0       2       0       0       0      55      28
   25.000    51197.472       5    4222     120       0       0       0       0       0       0       0       0      56      28       0       0       2       0       0       0      56      28
   26.000    53186.464       5    4386     120       0       0       0       5       0       0       0       0      58      29       0       0       2       0       0       0      58      29
   27.000    53053.056       5    4375     120       0       0       0       3       0       0       0       0      62      31       0       0       2       0       0       0      62      31
   28.000    54714.592       5    4512     135       0       0       0       3       0       0       0       0      66      33       0       0       2       0       0       0      66      33
   29.000    56364.000       6    4648     139       0       0       0       6       0       0       0       0      70      35       0       0       2       0       0       0      70      35
   30.000    60329.856       6    4975     139       0       0       0       5       0       0       0       0      75      38       0       0       2       0       0       0      75      38
   31.000    60827.104       6    5016     139       0       0       0       5       0       0       0       0      80      40       0       0       2       0       0       0      80      40
   32.000    64113.792       6    5287     139       0       0       0       7       0       0       0       0      87      44       0       0       2       0       0       0      87      44
   33.000    68928.608       7    5684     140       0       0       0       2       0       0       0       0      91      46       0       0       2       0       0       0      91      46
   34.000    73888.960       7    6093     140       0       0       0       4       0       0       0       0      94      47       0       0       2       0       0       0      94      47
   35.000    70371.840       7    5803     140       0       0       0       5       0       0       0       0      99      50       0       0       2       0       0       0      99      50
   36.000    73209.792       7    6037     140       0       0       0       3       0       0       0       0     103      52       0       0       2       0       0       0     103      52
   37.000    73464.480       7    6058     140       0       0       0       5       0       0       0       0     108      54       0       0       2       0       0       0     108      54
   38.000    75210.912       8    6202     140       0       0       0       4       0       0       0       0     111      56       0       0       2       0       0       0     111      56
   39.000    77806.304       8    6416     140       0       0       0       2       0       0       0       0     114      57       0       0       2       0       0       0     114      57
   40.000    79188.896       8    6530     140       0       0       0       5       0       0       0       0     118      59       0       0       2       0       0       0     118      59
   41.000    79261.664       8    6536     140       0       0       0       1       0       0       0       0     120      60       0       0       2       0       0       0     120      60
   42.000    81287.040       8    6703     140       0       0       0       4       0       0       0       0     120      60       0       0       2       0       0       0     120      60
   43.000    82669.632       8    6817     140       0       0       0       3       0       0       0       0     123      62       0       0       2       0       0       0     123      62
   44.000    85386.304       9    7041     140       0       0       0       4       0       0       0       0     123      62       0       0       2       0       0       0     123      62
   45.000    90601.344       9    7471     140       0       0       0       6       0       0       0       0     124      62       0       0       2       0       0       0     124      62
   46.000    92008.192       9    7587     140       0       0       0       4       0       0       0       0     124      62       0       0       2       0       0       0     124      62
   47.000    91729.248       9    7564     144       0       0       0       6       0       0       0       0     126      63       0       0       2       0       0       0     126      63
   48.000    92578.208       9    7634     158       0       0       0       2       0       0       0       0     130      65       0       0       2       0       0       0     130      65
   49.000    97902.400      10    8073     159       0       0       0       5       0       0       0       0     133      67       0       0       2       0       0       0     133      67
   50.000    98921.152      10    8157     159       0       0       0       6       0       0       0       0     136      68       0       0       2       0       0       0     136      68
   51.000    99430.528      10    8199     159       0       0       0       2       0       0       0       0     137      69       0       0       2       0       0       0     137      69
   52.000   103493.408      10    8534     160       0       0       0       2       0       0       0       0     135      68       0       0       2       0       0       0     135      68
   53.000   105688.576      11    8715     160       0       0       0       5       0       0       0       0     137      69       0       0       2       0       0       0     137      69
   54.000   107289.472      11    8847     160       0       0       0       4       0       0       0       0     139      70       0       0       2       0       0       0     139      70
   55.000   108186.944      11    8921     160       0       0       0       3       0       0       0       0     139      70       0       0       2       0       0       0     139      70
   56.000   107980.768      11    8904     160       0       0       0       2       0       0       0       0     141      71       0       0       2       0       0       0     141      71
   57.000   109072.288      11    8994     160       0       0       0       2       0       0       0       0     140      70       0       0       2       0       0       0     140      70
   58.000   109860.608      11    9059     160       0       0       0       5       0       0       0       0     142      71       0       0       2       0       0       0     142      71
   59.000   112734.944      11    9296     160       0       0       0       6       0       0       0       0     146      73       0       0       2       0       0       0     146      73
   60.000   117974.240      12    9728     160       0       0       0       3       0       0       0       0     148      74       0       0       2       0       0       0     148      74
   61.000   117816.576      12    9715     160       0       0       0       4       0       0       0       0     150      75       0       0       2       0       0       0     150      75
   62.000   120351.328      12    9924     160       0       0       0       3       0       0       0       0     150      75       0       0       2       0       0       0     150      75
   63.000   120569.632      12    9942     160       0       0       0       4       0       0       0       0     147      74       0       0       2       0       0       0     147      74
   64.000   121527.744      12   10021     160       0       0       0       2       0       0       0       0     149      75       0       0       2       0       0       0     149      75
   65.000   122886.080      12   10133     160       0       0       0       4       0       0       0       0     148      74       0       0       2       0       0       0     148      74
   66.000   126536.608      13   10434     160       0       0       0       6       0       0       0       0     149      75       0       0       2       0       0       0     149      75
   67.000   127579.616      13   10520     160       0       0       0       1       0       0       0       0     153      77       0       0       2       0       0       0     153      77
   68.000   128173.888      13   10569     160       0       0       0       3       0       0       0       0     152      76       0       0       2       0       0       0     152      76
   69.000   128622.624      13   10606     160       0       0       0       8       0       0       0       0     157      79       0       0       2       0       0       0     157      79
   70.000   125529.984      13   10351     160       0       0       0       8       0       0       0       0     162      81       0       0       2       0       0       0     162      81
   71.000   131145.248      13   10814     160       0       0       0       5       0       0       0       0     166      83       0       0       2       0       0       0     166      83
   72.000   132430.816      13   10920     160       0       0       0       4       0       0       0       0     170      85       0       0       2       0       0       0     170      85
   73.000   142436.416      14   11745     160       0       0       0       5       0       0       0       0     175      88       0       0       2       0       0       0     175      88
   74.000   145286.496      15   11980     160       0       0       0       6       0       0       0       0     175      88       0       0       2       0       0       0     175      88
   75.000   146086.944      15   12046     160       0       0       0       3       0       0       0       0     177      89       0       0       2       0       0       0     177      89
   76.000   144898.400      14   11948     160       0       0       0       5       0       0       0       0     178      89       0       0       2       0       0       0     178      89
   77.000   143734.112      14   11852     160       0       0       0       3       0       0       0       0     181      91       0       0       2       0       0       0     181      91
   78.000   146123.328      15   12049     160       0       0       0       5       0       0       0       0     181      91       0       0       2       0       0       0     181      91
   79.000   147784.864      15   12186     160       0       0       0       7       0       0       0       0     186      93       0       0       2       0       0       0     186      93
   80.000   141927.040      14   11703     160       0       0       0       6       0       0       0       0     191      96       0       0       2       0       0       0     191      96
   81.000   144194.976      14   11890     160       0       0       0       3       0       0       0       0     193      97       0       0       2       0       0       0     193      97
   82.000   142994.304      14   11791     160       0       0       0       4       0       0       0       0     192      96       0       0       2       0       0       0     192      96
   83.000   144607.328      14   11924     160       0       0       0       4       0       0       0       0     197      99       0       0       2       0       0       0     197      99
   84.000   144631.584      14   11926     160       0       0       0       9       0       0       0       0     195      98       0       0       2       0       0       0     195      98
   85.000   142703.232      14   11767     160       0       0       0       5       0       0       0       0     195      98       0       0       2       0       0       0     195      98
   86.000   142545.568      14   11754     160       0       0       0       3       0       0       0       0     191      96       0       0       2       0       0       0     191      96
   87.000   142715.360      14   11768     160       0       0       0       7       0       0       0       0     194      97       0       0       2       0       0       0     194      97
   88.000   144595.200      14   11923     160       0       0       0       3       0       0       0       0     196      98       0       0       2       0       0       0     196      98
   89.000   148476.160      15   12243     160       0       0       0       3       0       0       0       0     195      98       0       0       2       0       0       0     195      98
   90.000   150792.608      15   12434     160       0       0       0       5       0       0       0       0     197      99       0       0       2       0       0       0     197      99
   91.000   152442.016      15   12570     160       0       0       0       2       0       0       0       0     198      99       0       0       2       0       0       0     198      99
   92.000   147724.224      15   12181     160       0       0       0       5       0       0       0       0     199     100       0       0       2       0       0       0     199     100
   93.000   145965.664      15   12036     160       0       0       0       1       0       0       0       0     200     100       0       0       2       0       0       0     200     100
   94.000   149070.432      15   12292     160       0       0       0       4       0       0       0       0     195      98       0       0       2       0       0       0     195      98
   95.000   148209.344      15   12221     160       0       0       0       3       0       0       0       0     191      96       0       0       2       0       0       0     191      96
   96.000   146353.760      15   12068     160       0       0       0       5       0       0       0       0     193      97       0       0       2       0       0       0     193      97
   97.000   147954.656      15   12200     160       0       0       0       3       0       0       0       0     191      96       0       0       2       0       0       0     191      96
   98.000   149628.320      15   12338     160       0       0       0       4       0       0       0       0     191      96       0       0       2       0       0       0     191      96
   99.000   151411.136      15   12485     160       0       0       0       4       0       0       0       0     192      96       0       0       2       0       0       0     192      96
  100.000   151532.416      15   12495     160       0       0       0       5       0       0       0       0     189      95       0       0       2       0       0       0     189      95
  101.000   146329.504      15   12066     160       0       0       0       5       0       0       0       0     193      97       0       0       2       0       0       0     193      97
  102.000   144849.888      14   11944     160       0       0       0       6       0       0       0       0     194      97       0       0       2       0       0       0     194      97
  103.000   147360.384      15   12151     160       0       0       0       7       0       0       0       0     196      98       0       0       2       0       0       0     196      98
  104.000   150634.944      15   12421     160       0       0       0       3       0       0       0       0     198      99       0       0       2       0       0       0     198      99
  105.000   156153.184      16   12876     160       0       0       0       5       0       0       0       0     198      99       0       0       2       0       0       0     198      99
  106.000   154273.344      15   12721     160       0       0       0       2       0       0       0       0     199     100       0       0       2       0       0       0     199     100
  107.000   155389.120      16   12813     160       0       0       0       5       0       0       0       0     196      98       0       0       2       0       0       0     196      98
  108.000   156225.952      16   12882     160       0       0       0       5       0       0       0       0     198      99       0       0       2       0       0       0     198      99
  109.000   157232.576      16   12965     160       0       0       0       2       0       0       0       0     199     100       0       0       2       0       0       0     199     100
  110.000   158384.736      16   13060     160       0       0       0       4       0       0       0       0     199     100       0       0       2       0       0       0     199     100
  111.000   158578.784      16   13076     160       0       0       0       4       0       0       0       0     197      99       0       0       2       0       0       0     197      99
  112.000   159379.232      16   13142     160       0       0       0       4       0       0       0       0     197      99       0       0       2       0       0       0     197      99
  113.000   164945.984      16   13601     160       0       0       0       3       0       0       0       0     198      99       0       0       2       0       0       0     198      99
  114.000   166922.848      17   13764     160       0       0       0       4       0       0       0       0     199     100       0       0       2       0       0       0     199     100
  115.000   166643.904      17   13741     160       0       0       0       2       0       0       0       0     199     100       0       0       2       0       0       0     199     100
  116.000   166340.704      17   13716     160       0       0       0       2       0       0       0       0     193      97       0       0       2       0       0       0     193      97
  117.000   166267.936      17   13710     160       0       0       0       3       0       0       0       0     191      96       0       0       2       0       0       0     191      96
  118.000   167480.736      17   13810     160       0       0       0       6       0       0       0       0     192      96       0       0       2       0       0       0     192      96
  119.000   165613.024      17   13656     160       0       0       0       4       0       0       0       0     193      97       0       0       2       0       0       0     193      97
  120.000   160955.872      16   13272     160       0       0       0       8       0       0       0       0     196      98       0       0       2       0       0       0     196      98
  121.000   159937.120      16   13188     160       0       0       0       4       0       0       0       0     196      98       0       0       2       0       0       0     196      98
  122.000   161149.920      16   13288     160       0       0       0       6       0       0       0       0     197      99       0       0       2       0       0       0     197      99
  123.000   161065.024      16   13281     160       0       0       0       7       0       0       0       0     196      98       0       0       2       0       0       0     196      98
  124.000   158942.624      16   13106     160       0       0       0       1       0       0       0       0     199     100       0       0       2       0       0       0     199     100
  125.000   156541.280      16   12908     160       0       0       0       1       0       0       0       0     196      98       0       0       2       0       0       0     196      98
  126.000   155922.752      16   12857     160       0       0       0       6       0       0       0       0     196      98       0       0       2       0       0       0     196      98
  127.000   156371.488      16   12894     160       0       0       0       5       0       0       0       0     199     100       0       0       2       0       0       0     199     100
  128.000   151556.672      15   12497     160       0       0       0       0       0       0       0       0     200     100       0       0       2       0       0       0     200     100
  129.000   149652.576      15   12340     160       0       0       0       2       0       0       0       0     200     100       0       0       2       0       0       0     200     100
  130.000   151556.672      15   12497     160       0       0       0       4       0       0       0       0     200     100       0       0       2       0       0       0     200     100
  131.000   148548.928      15   12249     160       0       0       0       0       0       0       0       0     198      99       0       0       2       0       0       0     198      99
  132.000   148124.448      15   12214     160       0       0       0       4       0       0       0       0     199     100       0       0       2       0       0       0     199     100
  133.000   144849.888      14   11944     160       0       0       0       4       0       0       0       0     196      98       0       0       2       0       0       0     196      98
  134.000   145541.184      15   12001     160       0       0       0       3       0       0       0       0     196      98       0       0       2       0       0       0     196      98
  135.000   146147.584      15   12051     160       0       0       0       5       0       0       0       0     194      97       0       0       2       0       0       0     194      97
  136.000   149155.328      15   12299     160       0       0       0       4       0       0       0       0     191      96       0       0       2       0       0       0     191      96
  137.000   152381.376      15   12565     160       0       0       0       3       0       0       0       0     190      95       0       0       2       0       0       0     190      95
  138.000   154321.856      15   12725     160       0       0       0       6       0       0       0       0     189      95       0       0       2       0       0       0     189      95
  139.000   151301.984      15   12476     160       0       0       0       7       0       0       0       0     189      95       0       0       2       0       0       0     189      95
  140.000   147784.864      15   12186     160       0       0       0       6       0       0       0       0     193      97       0       0       2       0       0       0     193      97
  141.000   147129.952      15   12132     160       0       0       0       3       0       0       0       0     189      95       0       0       2       0       0       0     189      95
  142.000   142666.848      14   11764     160       0       0       0       9       0       0       0       0     189      95       0       0       2       0       0       0     189      95
  143.000   134904.928      13   11124     160       0       0       0       1       0       0       0       0     190      95       0       0       2       0       0       0     190      95
  144.000   134007.456      13   11050     160       0       0       0       3       0       0       0       0     187      94       0       0       2       0       0       0     187      94
  145.000   132127.616      13   10895     160       0       0       0       5       0       0       0       0     187      94       0       0       2       0       0       0     187      94
  146.000   128149.632      13   10567     160       0       0       0       5       0       0       0       0     191      96       0       0       2       0       0       0     191      96
  147.000   121006.240      12    9978     160       0       0       0       7       0       0       0       0     193      97       0       0       2       0       0       0     193      97
  148.000   118908.096      12    9805     160       0       0       0       5       0       0       0       0     195      98       0       0       2       0       0       0     195      98
  149.000   116979.744      12    9646     160       0       0       0       6       0       0       0       0     197      99       0       0       2       0       0       0     197      99
  150.000   116603.776      12    9615     160       0       0       0       5       0       0       0       0     196      98       0       0       2       0       0       0     196      98
  151.000   114820.960      11    9468     160       0       0       0       3       0       0       0       0     199     100       0       0       2       0       0       0     199     100
  152.000   113814.336      11    9385     160       0       0       0       1       0       0       0       0     200     100       0       0       2       0       0       0     200     100
  153.000   112734.944      11    9296     160       0       0       0       3       0       0       0       0     198      99       0       0       2       0       0       0     198      99
  154.000   106440.512      11    8777     160       0       0       0       6       0       0       0       0     195      98       0       0       2       0       0       0     195      98
  155.000   104390.880      10    8608     160       0       0       0       4       0       0       0       0     192      96       0       0       2       0       0       0     192      96
  156.000   105021.536      11    8660     160       0       0       0       4       0       0       0       0     191      96       0       0       2       0       0       0     191      96
  157.000   105761.344      11    8721     160       0       0       0       3       0       0       0       0     187      94       0       0       2       0       0       0     187      94
  158.000   106258.592      11    8762     160       0       0       0       5       0       0       0       0     182      91       0       0       2       0       0       0     182      91
  159.000   105761.344      11    8721     160       0       0       0       5       0       0       0       0     184      92       0       0       2       0       0       0     184      92
  160.000   106816.480      11    8808     160       0       0       0       3       0       0       0       0     184      92       0       0       2       0       0       0     184      92
  161.000   104876.000      10    8648     160       0       0       0       8       0       0       0       0     182      91       0       0       2       0       0       0     182      91
  162.000   100703.968      10    8304     160       0       0       0       3       0       0       0       0     177      89       0       0       2       0       0       0     177      89
  163.000   101783.360      10    8393     160       0       0       0       4       0       0       0       0     173      87       0       0       2       0       0       0     173      87
  164.000   101468.032      10    8367     160       0       0       0       8       0       0       0       0     171      86       0       0       2       0       0       0     171      86
  165.000   105640.064      11    8711     160       0       0       0       4       0       0       0       0     171      86       0       0       2       0       0       0     171      86
  166.000   104160.448      10    8589     160       0       0       0       2       0       0       0       0     169      85       0       0       2       0       0       0     169      85
  167.000   103723.840      10    8553     160       0       0       0       7       0       0       0       0     172      86       0       0       2       0       0       0     172      86
  168.000   104354.496      10    8605     160       0       0       0       5       0       0       0       0     173      87       0       0       2       0       0       0     173      87
  169.000   105688.576      11    8715     160       0       0       0       5       0       0       0       0     170      85       0       0       2       0       0       0     170      85
  170.000   111970.880      11    9233     160       0       0       0       3       0       0       0       0     170      85       0       0       2       0       0       0     170      85
  171.000   108890.368      11    8979     160       0       0       0       4       0       0       0       0     171      86       0       0       2       0       0       0     171      86
  172.000   110248.704      11    9091     160       0       0       0       5       0       0       0       0     173      87       0       0       2       0       0       0     173      87
  173.000   109702.944      11    9046     160       0       0       0       5       0       0       0       0     174      87       0       0       2       0       0       0     174      87
  174.000   112553.024      11    9281     160       0       0       0       5       0       0       0       0     170      85       0       0       2       0       0       0     170      85
  175.000   110406.368      11    9104     160       0       0       0       3       0       0       0       0     171      86       0       0       2       0       0       0     171      86
  176.000   111449.376      11    9190     160       0       0       0       6       0       0       0       0     166      83       0       0       2       0       0       0     166      83
  177.000   111983.008      11    9234     160       0       0       0       4       0       0       0       0     166      83       0       0       2       0       0       0     166      83
  178.000   114335.840      11    9428     160       0       0       0       8       0       0       0       0     169      85       0       0       2       0       0       0     169      85
  179.000   119465.984      12    9851     160       0       0       0       5       0       0       0       0     171      86       0       0       2       0       0       0     171      86
  180.000   119841.952      12    9882     160       0       0       0       5       0       0       0       0     171      86       0       0       2       0       0       0     171      86
  181.000   119769.184      12    9876     160       0       0       0       7       0       0       0       0     174      87       0       0       2       0       0       0     174      87
  182.000   120666.656      12    9950     160       0       0       0       5       0       0       0       0     176      88       0       0       2       0       0       0     176      88
  183.000   120751.552      12    9957     160       0       0       0       3       0       0       0       0     178      89       0       0       2       0       0       0     178      89
  184.000   121612.640      12   10028     160       0       0       0       8       0       0       0       0     181      91       0       0       2       0       0       0     181      91
  185.000   123152.896      12   10155     160       0       0       0       4       0       0       0       0     185      93       0       0       2       0       0       0     185      93
  186.000   124887.200      12   10298     160       0       0       0       9       0       0       0       0     190      95       0       0       2       0       0       0     190      95
  187.000   126900.448      13   10464     160       0       0       0       5       0       0       0       0     191      96       0       0       2       0       0       0     191      96
  188.000   126318.304      13   10416     160       0       0       0       4       0       0       0       0     190      95       0       0       2       0       0       0     190      95
  189.000   124547.616      12   10270     160       0       0       0       5       0       0       0       0     193      97       0       0       2       0       0       0     193      97
  190.000   122946.720      12   10138     160       0       0       0       4       0       0       0       0     195      98       0       0       2       0       0       0     195      98
  191.000   123177.152      12   10157     160       0       0       0       6       0       0       0       0     198      99       0       0       2       0       0       0     198      99
  192.000   130332.672      13   10747     160       0       0       0       4       0       0       0       0     195      98       0       0       2       0       0       0     195      98
  193.000   132612.736      13   10935     160       0       0       0       5       0       0       0       0     195      98       0       0       2       0       0       0     195      98
  194.000   131739.520      13   10863     160       0       0       0       8       0       0       0       0     198      99       0       0       2       0       0       0     198      99
  195.000   126694.272      13   10447     160       0       0       0       1       0       0       0       0     197      99       0       0       2       0       0       0     197      99
  196.000   124571.872      12   10272     160       0       0       0       7       0       0       0       0     193      97       0       0       2       0       0       0     193      97
  197.000   121333.696      12   10005     160       0       0       0       6       0       0       0       0     193      97       0       0       2       0       0       0     193      97
  198.000   122316.064      12   10086     160       0       0       0       4       0       0       0       0     194      97       0       0       2       0       0       0     194      97
  199.000   123468.224      12   10181     160       0       0       0       4       0       0       0       0     194      97       0       0       2       0       0       0     194      97
  200.000   118362.336      12    9760     160       0       0       0       8       0       0       0       0     197      99       0       0       2       0       0       0     197      99
  201.000   114299.456      11    9425     160       0       0       0       4       0       0       0       0     194      97       0       0       2       0       0       0     194      97
  202.000   112807.712      11    9302     160       0       0       0       2       0       0       0       0     191      96       0       0       2       0       0       0     191      96
  203.000   116142.912      12    9577     160       0       0       0       4       0       0       0       0     192      96       0       0       2       0       0       0     192      96
  204.000   116943.360      12    9643     160       0       0       0       4       0       0       0       0     192      96       0       0       2       0       0       0     192      96
  205.000   118835.328      12    9799     160       0       0       0       8       0       0       0       0     193      97       0       0       2       0       0       0     193      97
  206.000   120120.896      12    9905     160       0       0       0       4       0       0       0       0     192      96       0       0       2       0       0       0     192      96
  207.000   125069.120      13   10313     160       0       0       0       6       0       0       0       0     195      98       0       0       2       0       0       0     195      98
  208.000   124280.800      12   10248     160       0       0       0       3       0       0       0       0     196      98       0       0       2       0       0       0     196      98
  209.000   125348.064      13   10336     160       0       0       0       5       0       0       0       0     193      97       0       0       2       0       0       0     193      97
  210.000   128695.392      13   10612     160       0       0       0       4       0       0       0       0     191      96       0       0       2       0       0       0     191      96
  211.000   129107.744      13   10646     160       0       0       0       5       0       0       0       0     188      94       0       0       2       0       0       0     188      94
  212.000   131800.160      13   10868     160       0       0       0       6       0       0       0       0     188      94       0       0       2       0       0       0     188      94
  213.000   131606.112      13   10852     160       0       0       0       8       0       0       0       0     192      96       0       0       2       0       0       0     192      96
  214.000   133376.800      13   10998     160       0       0       0       3       0       0       0       0     193      97       0       0       2       0       0       0     193      97
  215.000   134638.112      13   11102     160       0       0       0       3       0       0       0       0     189      95       0       0       2       0       0       0     189      95
  216.000   137100.096      14   11305     160       0       0       0       5       0       0       0       0     183      92       0       0       2       0       0       0     183      92
  217.000   140083.584      14   11551     160       0       0       0       7       0       0       0       0     186      93       0       0       2       0       0       0     186      93
  218.000   144413.280      14   11908     160       0       0       0       5       0       0       0       0     190      95       0       0       2       0       0       0     190      95
  219.000   146778.240      15   12103     160       0       0       0       4       0       0       0       0     191      96       0       0       2       0       0       0     191      96
  220.000   146062.688      15   12044     160       0       0       0       4       0       0       0       0     188      94       0       0       2       0       0       0     188      94
  221.000   152563.296      15   12580     160       0       0       0       8       0       0       0       0     191      96       0       0       2       0       0       0     191      96
  222.000   158324.096      16   13055     160       0       0       0       2       0       0       0       0     192      96       0       0       2       0       0       0     192      96
  223.000   158615.168      16   13079     160       0       0       0       4       0       0       0       0     191      96       0       0       2       0       0       0     191      96
  224.000   154139.936      15   12710     160       0       0       0       3       0       0       0       0     192      96       0       0       2       0       0       0     192      96
  225.000   155364.864      16   12811     160       0       0       0       4       0       0       0       0     194      97       0       0       2       0       0       0     194      97
  226.000   157863.232      16   13017     160       0       0       0       5       0       0       0       0     197      99       0       0       2       0       0       0     197      99
  227.000   158360.480      16   13058     160       0       0       0       4       0       0       0       0     194      97       0       0       2       0       0       0     194      97
  228.000   160288.832      16   13217     160       0       0       0       7       0       0       0       0     194      97       0       0       2       0       0       0     194      97
  229.000   161246.944      16   13296     160       0       0       0      11       0       0       0       0     196      98       0       0       2       0       0       0     196      98
  230.000   157026.400      16   12948     160       0       0       0       2       0       0       0       0     199     100       0       0       2       0       0       0     199     100
  231.000   160349.472      16   13222     160       0       0       0       3       0       0       0       0     199     100       0       0       2       0       0       0     199     100
  232.000   162762.944      16   13421     160       0       0       0       3       0       0       0       0     198      99       0       0       2       0       0       0     198      99
  233.000   158881.984      16   13101     160       0       0       0       3       0       0       0       0     196      98       0       0       2       0       0       0     196      98
  234.000   153557.792      15   12662     160       0       0       0       4       0       0       0       0     198      99       0       0       2       0       0       0     198      99
  235.000   149919.392      15   12362     160       0       0       0       6       0       0       0       0     199     100       0       0       2       0       0       0     199     100
  236.000   150865.376      15   12440     160       0       0       0       3       0       0       0       0     197      99       0       0       2       0       0       0     197      99
  237.000   152551.168      15   12579     160       0       0       0       5       0       0       0       0     197      99       0       0       2       0       0       0     197      99
  238.000   148524.672      15   12247     160       0       0       0       2       0       0       0       0     199     100       0       0       2       0       0       0     199     100
  239.000   144340.512      14   11902     160       0       0       0       5       0       0       0       0     199     100       0       0       2       0       0       0     199     100
  240.000   141551.072      14   11672     160       0       0       0       2       0       0       0       0     199     100       0       0       2       0       0       0     199     100
  241.000   144498.176      14   11915     160       0       0       0       5       0       0       0       0     197      99       0       0       2       0       0       0     197      99
  242.000   143564.320      14   11838     160       0       0       0       3       0       0       0       0     197      99       0       0       2       0       0       0     197      99
  243.000   141623.840      14   11678     160       0       0       0       7       0       0       0       0     198      99       0       0       2       0       0       0     198      99
  244.000   144910.528      14   11949     160       0       0       0       4       0       0       0       0     194      97       0       0       2       0       0       0     194      97
  245.000   145419.904      15   11991     160       0       0       0       2       0       0       0       0     193      97       0       0       2       0       0       0     193      97
  246.000   144959.040      14   11953     160       0       0       0       5       0       0       0       0     195      98       0       0       2       0       0       0     195      98
  247.000   144085.824      14   11881     160       0       0       0       7       0       0       0       0     197      99       0       0       2       0       0       0     197      99
  248.000   142375.776      14   11740     160       0       0       0       4       0       0       0       0     198      99       0       0       2       0       0       0     198      99
  249.000   137718.624      14   11356     160       0       0       0       7       0       0       0       0     198      99       0       0       2       0       0       0     198      99
  250.000   134165.120      13   11063     160       0       0       0       4       0       0       0       0     196      98       0       0       2       0       0       0     196      98
  251.000   133631.488      13   11019     160       0       0       0       3       0       0       0       0     194      97       0       0       2       0       0       0     194      97
  252.000   137003.072      14   11297     160       0       0       0       3       0       0       0       0     196      98       0       0       2       0       0       0     196      98
  253.000   139368.032      14   11492     160       0       0       0       2       0       0       0       0     193      97       0       0       2       0       0       0     193      97
  254.000   138009.696      14   11380     160       0       0       0       9       0       0       0       0     195      98       0       0       2       0       0       0     195      98
  255.000   131618.240      13   10853     160       0       0       0       2       0       0       0       0     197      99       0       0       2       0       0       0     197      99
  256.000   134359.168      13   11079     160       0       0       0       2       0       0       0       0     199     100       0       0       2       0       0       0     199     100
  257.000   136044.960      14   11218     160       0       0       0       5       0       0       0       0     199     100       0       0       2       0       0       0     199     100
  258.000   137063.712      14   11302     160       0       0       0       4       0       0       0       0     193      97       0       0       2       0       0       0     193      97
  259.000   139052.704      14   11466     160       0       0       0       6       0       0       0       0     192      96       0       0       2       0       0       0     192      96
  260.000   138046.080      14   11383     160       0       0       0       8       0       0       0       0     197      99       0       0       2       0       0       0     197      99
  261.000   134528.960      13   11093     160       0       0       0       4       0       0       0       0     199     100       0       0       2       0       0       0     199     100
  262.000   131509.088      13   10844     160       0       0       0       7       0       0       0       0     198      99       0       0       2       0       0       0     198      99
  263.000   128768.160      13   10618     160       0       0       0       2       0       0       0       0     197      99       0       0       2       0       0       0     197      99
  264.000   128270.912      13   10577     160       0       0       0       5       0       0       0       0     196      98       0       0       2       0       0       0     196      98
  265.000   129653.504      13   10691     160       0       0       0       2       0       0       0       0     192      96       0       0       2       0       0       0     192      96
  266.000   129871.808      13   10709     160       0       0       0       5       0       0       0       0     193      97       0       0       2       0       0       0     193      97
  267.000   130635.872      13   10772     160       0       0       0       6       0       0       0       0     198      99       0       0       2       0       0       0     198      99
  268.000   127931.328      13   10549     160       0       0       0       0       0       0       0       0     200     100       0       0       2       0       0       0     200     100
  269.000   124559.744      12   10271     160       0       0       0       5       0       0       0       0     198      99       0       0       2       0       0       0     198      99
  270.000   122328.192      12   10087     160       0       0       0       3       0       0       0       0     197      99       0       0       2       0       0       0     197      99
  271.000   113207.936      11    9335     160       0       0       0       2       0       0       0       0     199     100       0       0       2       0       0       0     199     100
  272.000   109351.232      11    9017     160       0       0       0       3       0       0       0       0     198      99       0       0       2       0       0       0     198      99
  273.000   108793.344      11    8971     160       0       0       0       2       0       0       0       0     199     100       0       0       2       0       0       0     199     100
  274.000   102595.936      10    8460     160       0       0       0       2       0       0       0       0     197      99       0       0       2       0       0       0     197      99
  275.000   108885.184      11    8978     160       0       0       0       5       0       0       0       0     192      96       0       0       2       0       0       0     192      96
