  TimeSec      LoaKbps LoaUsag Packets DlyUsec LoaDrps MetDrps TabDrps FloMods MetMods GroMods  PktsIn PktsOut FloEntr FloUsag MetEntr MetUsag GroEntr GroUsag BufPkts BufUsag  T0Entr  T0Usag
    1.000        0.000       0       0     173       0       0       0       3       0       2       0       0       3       0       0       0       2       0       0       0       3       0
    2.000       17.312       0       2     197       0       0       0       0       0       0       0       0       3       0       0       0       2       0       0       0       3       0
    3.000      611.584       0      51     199       0       0       0       1       0       0       0       0       4       0       0       0       2       0       0       0       4       0
    4.000     1157.344       0      96     199       0       0       0       0       0       0       0       0       4       0       0       0       2       0       0       0       4       0
    5.000     1533.312       0     127     283       0       0       0       2       0       0       0       0       5       0       0       0       2       0       0       0       5       0
    6.000     2139.712       0     177     298       0       0       0       2       0       0       0       0       7       0       0       0       2       0       0       0       7       0
    7.000     2430.784       1     201     319       0       0       0       1       0       0       0       0       8       0       0       0       2       0       0       0       8       0
    8.000     3025.056       1     250     391       0       0       0       1       0       0       0       0      10       0       0       0       2       0       0       0      10       0
    9.000     3934.656       1     325     399       0       0       0       1       0       0       0       0      11       0       0       0       2       0       0       0      11       0
   10.000     4601.696       1     380     399       0       0       0       0       0       0       0       0      11       0       0       0       2       0       0       0      11       0
   11.000     5390.016       1     445     399       0       0       0       1       0       0       0       0      12       0       0       0       2       0       0       0      12       0
   12.000     5814.496       1     480     399       0       0       0       1       0       0       0       0      13       0       0       0       2       0       0       0      13       0
   13.000     6505.792       1     537     400       0       0       0       2       0       0       0       0      14       0       0       0       2       0       0       0      14       0
   14.000     7949.024       2     656     400       0       0       0       1       0       0       0       0      15       0       0       0       2       0       0       0      15       0
   15.000     9501.408       2     784     448       0       0       0       1       0       0       0       0      16       0       0       0       2       0       0       0      16       0
   16.000    11684.448       3     964     494       0       0       0       2       0       0       0       0      18       0       0       0       2       0       0       0      18       0
   17.000    16159.680       4    1333     499       0       0       0       0       0       0       0       0      19       0       0       0       2       0       0       0      19       0
   18.000    16171.808       4    1334     499       0       0       0       1       0       0       0       0      19       0       0       0       2       0       0       0      19       0
   19.000    20052.768       4    1654     499       0       0       0       4       0       0       0       0      23       0       0       0       2       0       0       0      23       0
   20.000    21993.248       5    1814     499       0       0       0       2       0       0       0       0      25       0       0       0       2       0       0       0      25       0
   21.000    22805.824       5    1881     500       0       0       0       2       0       0       0       0      27       0       0       0       2       0       0       0      27       0
   22.000    23157.536       5    1910     500       0       0       0       1       0       0       0       0      28       0       0       0       2       0       0       0      28       0
   23.000    25037.376       6    2065     500       0       0       0       2       0       0       0       0      30       0       0       0       2       0       0       0      30       0
   24.000    26650.400       6    2198     559       0       0       0       2       0       0       0       0      32       0       0       0       2       0       0       0      32       0
   25.000    26480.608       6    2184     595       0       0       0       1       0       0       0       0      34       0       0       0       2       0       0       0      34       0
   26.000    30325.184       7    2501     599       0       0       0       2       0       0       0       0      36       0       0       0       2       0       0       0      36       0
   27.000    31089.248       7    2564     599       0       0       0       3       0       0       0       0      37       0       0       0       2       0       0       0      37       0
   28.000    31974.592       7    2637     599       0       0       0       4       0       0       0       0      41       1       0       0       2       0       0       0      41       1
   29.000    31768.416       7    2620     599       0       0       0       3       0       0       0       0      45       1       0       0       2       0       0       0      45       1
   30.000    34388.064       8    2836     600       0       0       0       2       0       0       0       0      47       1       0       0       2       0       0       0      47       1
   31.000    36595.360       8    3018     600       0       0       0       4       0       0       0       0      50       1       0       0       2       0       0       0      50       1
   32.000    40718.880       9    3358     600       0       0       0       5       0       0       0       0      55       1       0       0       2       0       0       0      55       1
   33.000    41907.424       9    3456     600       0       0       0       2       0       0       0       0      58       1       0       0       2       0       0       0      58       1
   34.000    43277.888      10    3569     600       0       0       0       2       0       0       0       0      60       1       0       0       2       0       0       0      60       1
   35.000    43702.368      10    3604     600       0       0       0       3       0       0       0       0      63       1       0       0       2       0       0       0      63       1
   36.000    43944.928      10    3624     679       0       0       0       1       0       0       0       0      65       1       0       0       2       0       0       0      65       1
   37.000    42768.512      10    3527     697       0       0       0       1       0       0       0       0      65       1       0       0       2       0       0       0      65       1
   38.000    38851.168       9    3204     699       0       0       0       1       0       0       0       0      66       1       0       0       2       0       0       0      66       1
   39.000    39348.416       9    3245     699       0       0       0       2       0       0       0       0      66       1       0       0       2       0       0       0      66       1
   40.000    38062.848       8    3139     699       0       0       0       2       0       0       0       0      69       1       0       0       2       0       0       0      69       1
   41.000    36619.616       8    3020     700       0       0       0       3       0       0       0       0      70       1       0       0       2       0       0       0      70       1
   42.000    35576.608       8    2934     700       0       0       0       2       0       0       0       0      73       1       0       0       2       0       0       0      73       1
   43.000    36716.640       8    3028     700       0       0       0       3       0       0       0       0      74       1       0       0       2       0       0       0      74       1
   44.000    40027.584       9    3301     700       0       0       0       3       0       0       0       0      73       1       0       0       2       0       0       0      73       1
   45.000    42962.560      10    3543     700       0       0       0       2       0       0       0       0      75       1       0       0       2       0       0       0      75       1
   46.000    43605.344      10    3596     700       0       0       0       0       0       0       0       0      74       1       0       0       2       0       0       0      74       1
   47.000    44393.664      10    3661     700       0       0       0       2       0       0       0       0      73       1       0       0       2       0       0       0      73       1
   48.000    44684.736      10    3685     700       0       0       0       2       0       0       0       0      75       1       0       0       2       0       0       0      75       1
   49.000    47692.480      11    3933     700       0       0       0       2       0       0       0       0      77       1       0       0       2       0       0       0      77       1
   50.000    46795.008      10    3859     700       0       0       0       2       0       0       0       0      77       1       0       0       2       0       0       0      77       1
   51.000    44890.912      10    3702     700       0       0       0       4       0       0       0       0      78       1       0       0       2       0       0       0      78       1
   52.000    45739.872      10    3772     700       0       0       0       1       0       0       0       0      80       1       0       0       2       0       0       0      80       1
   53.000    52883.264      12    4361     700       0       0       0       5       0       0       0       0      82       1       0       0       2       0       0       0      82       1
   54.000    56461.024      13    4656     700       0       0       0       2       0       0       0       0      84       1       0       0       2       0       0       0      84       1
   55.000    58522.784      13    4826     700       0       0       0       2       0       0       0       0      84       1       0       0       2       0       0       0      84       1
   56.000    58813.856      13    4850     700       0       0       0       5       0       0       0       0      85       1       0       0       2       0       0       0      85       1
   57.000    59262.592      13    4887     700       0       0       0       1       0       0       0       0      87       1       0       0       2       0       0       0      87       1
   58.000    59953.888      13    4944     700       0       0       0       1       0       0       0       0      89       1       0       0       2       0       0       0      89       1
   59.000    60754.336      14    5010     700       0       0       0       1       0       0       0       0      89       1       0       0       2       0       0       0      89       1
   60.000    65447.872      15    5397     700       0       0       0       4       0       0       0       0      92       1       0       0       2       0       0       0      92       1
   61.000    66284.704      15    5466     700       0       0       0       2       0       0       0       0      93       1       0       0       2       0       0       0      93       1
   62.000    67206.432      15    5542     700       0       0       0       1       0       0       0       0      95       1       0       0       2       0       0       0      95       1
   63.000    68589.024      15    5656     700       0       0       0       2       0       0       0       0      94       1       0       0       2       0       0       0      94       1
   64.000    69207.552      15    5707     700       0       0       0       5       0       0       0       0      98       1       0       0       2       0       0       0      98       1
   65.000    71718.048      16    5914     700       0       0       0       2       0       0       0       0     100       1       0       0       2       0       0       0     100       1
   66.000    70299.072      16    5797     700       0       0       0       3       0       0       0       0     100       1       0       0       2       0       0       0     100       1
   67.000    71718.048      16    5914     700       0       0       0       3       0       0       0       0     100       1       0       0       2       0       0       0     100       1
   68.000    77527.360      17    6393     700       0       0       0       2       0       0       0       0     102       1       0       0       2       0       0       0     102       1
   69.000    78473.344      17    6471     700       0       0       0       2       0       0       0       0     103       1       0       0       2       0       0       0     103       1
   70.000    77503.104      17    6391     700       0       0       0       3       0       0       0       0     104       1       0       0       2       0       0       0     104       1
   71.000    78218.656      17    6450     700       0       0       0       6       0       0       0       0     106       1       0       0       2       0       0       0     106       1
   72.000    79298.048      18    6539     700       0       0       0       0       0       0       0       0     107       1       0       0       2       0       0       0     107       1
   73.000    79285.920      18    6538     700       0       0       0       2       0       0       0       0     107       1       0       0       2       0       0       0     107       1
   74.000    77866.944      17    6421     700       0       0       0       3       0       0       0       0     108       1       0       0       2       0       0       0     108       1
   75.000    79019.104      18    6516     700       0       0       0       1       0       0       0       0     109       1       0       0       2       0       0       0     109       1
   76.000    82475.584      18    6801     700       0       0       0       3       0       0       0       0     111       1       0       0       2       0       0       0     111       1
   77.000    85374.176      19    7040     700       0       0       0       2       0       0       0       0     113       1       0       0       2       0       0       0     113       1
   78.000    85119.488      19    7019     700       0       0       0       4       0       0       0       0     117       1       0       0       2       0       0       0     117       1
   79.000    83652.000      19    6898     700       0       0       0       1       0       0       0       0     115       1       0       0       2       0       0       0     115       1
   80.000    85822.912      19    7077     700       0       0       0       3       0       0       0       0     116       1       0       0       2       0       0       0     116       1
   81.000    87921.056      20    7250     700       0       0       0       3       0       0       0       0     116       1       0       0       2       0       0       0     116       1
   82.000    88090.848      20    7264     700       0       0       0       2       0       0       0       0     117       1       0       0       2       0       0       0     117       1
   83.000    88745.760      20    7318     700       0       0       0       1       0       0       0       0     116       1       0       0       2       0       0       0     116       1
   84.000    88867.040      20    7328     700       0       0       0       3       0       0       0       0     117       1       0       0       2       0       0       0     117       1
   85.000    86526.336      19    7135     700       0       0       0       3       0       0       0       0     116       1       0       0       2       0       0       0     116       1
   86.000    87399.552      19    7207     700       0       0       0       2       0       0       0       0     113       1       0       0       2       0       0       0     113       1
   87.000    89788.768      20    7404     700       0       0       0       5       0       0       0       0     113       1       0       0       2       0       0       0     113       1
   88.000    89546.208      20    7384     700       0       0       0       2       0       0       0       0     115       1       0       0       2       0       0       0     115       1
   89.000    89364.288      20    7369     700       0       0       0       4       0       0       0       0     116       1       0       0       2       0       0       0     116       1
   90.000    89825.152      20    7407     700       0       0       0       1       0       0       0       0     117       1       0       0       2       0       0       0     117       1
   91.000    89958.560      20    7418     700       0       0       0       4       0       0       0       0     119       1       0       0       2       0       0       0     119       1
   92.000    91899.040      20    7578     700       0       0       0       1       0       0       0       0     120       1       0       0       2       0       0       0     120       1
   93.000    94288.256      21    7775     700       0       0       0       4       0       0       0       0     120       1       0       0       2       0       0       0     120       1
   94.000    94918.912      21    7827     700       0       0       0       3       0       0       0       0     121       1       0       0       2       0       0       0     121       1
   95.000    95052.320      21    7838     700       0       0       0       1       0       0       0       0     121       1       0       0       2       0       0       0     121       1
   96.000    95064.448      21    7839     700       0       0       0       3       0       0       0       0     120       1       0       0       2       0       0       0     120       1
   97.000    92044.576      20    7590     700       0       0       0       4       0       0       0       0     122       1       0       0       2       0       0       0     122       1
   98.000    90419.424      20    7456     700       0       0       0       2       0       0       0       0     122       1       0       0       2       0       0       0     122       1
   99.000    91886.912      20    7577     700       0       0       0       0       0       0       0       0     122       1       0       0       2       0       0       0     122       1
  100.000    89897.920      20    7413     700       0       0       0       4       0       0       0       0     119       1       0       0       2       0       0       0     119       1
  101.000    87435.936      19    7210     700       0       0       0       0       0       0       0       0     120       1       0       0       2       0       0       0     120       1
  102.000    87727.008      19    7234     700       0       0       0       1       0       0       0       0     118       1       0       0       2       0       0       0     118       1
  103.000    88842.784      20    7326     700       0       0       0       6       0       0       0       0     117       1       0       0       2       0       0       0     117       1
  104.000    89000.448      20    7339     700       0       0       0       2       0       0       0       0     115       1       0       0       2       0       0       0     115       1
  105.000    86720.384      19    7151     700       0       0       0       3       0       0       0       0     117       1       0       0       2       0       0       0     117       1
  106.000    88102.976      20    7265     700       0       0       0       3       0       0       0       0     116       1       0       0       2       0       0       0     116       1
  107.000    88612.352      20    7307     700       0       0       0       1       0       0       0       0     118       1       0       0       2       0       0       0     118       1
  108.000    89206.624      20    7356     700       0       0       0       5       0       0       0       0     119       1       0       0       2       0       0       0     119       1
  109.000    86926.560      19    7168     700       0       0       0       6       0       0       0       0     124       2       0       0       2       0       0       0     124       2
  110.000    86962.944      19    7171     700       0       0       0       2       0       0       0       0     125       2       0       0       2       0       0       0     125       2
  111.000    88466.816      20    7295     720       0       0       0       4       0       0       0       0     127       2       0       0       2       0       0       0     127       2
  112.000    85446.944      19    7046     748       0       0       0       9       0       0       0       0     128       2       0       0       2       0       0       0     128       2
  113.000    83348.800      19    6873     794       0       0       0       6       0       0       0       0     136       2       0       0       2       0       0       0     136       2
  114.000    91862.656      20    7575     799       0       0       0       6       0       0       0       0     141       2       0       0       2       0       0       0     141       2
  115.000    95185.728      21    7849     799       0       0       0       6       0       0       0       0     144       2       0       0       2       0       0       0     144       2
  116.000    96968.544      22    7996     799       0       0       0       3       0       0       0       0     145       2       0       0       2       0       0       0     145       2
  117.000    97696.224      22    8056     799       0       0       0       5       0       0       0       0     150       2       0       0       2       0       0       0     150       2
  118.000    97174.720      22    8013     800       0       0       0       4       0       0       0       0     151       2       0       0       2       0       0       0     151       2
  119.000    97781.120      22    8063     800       0       0       0       4       0       0       0       0     152       2       0       0       2       0       0       0     152       2
  120.000    98581.568      22    8129     800       0       0       0       2       0       0       0       0     152       2       0       0       2       0       0       0     152       2
  121.000    98533.056      22    8125     800       0       0       0       2       0       0       0       0     153       2       0       0       2       0       0       0     153       2
  122.000    98775.616      22    8145     800       0       0       0       3       0       0       0       0     153       2       0       0       2       0       0       0     153       2
  123.000    98909.024      22    8156     800       0       0       0       5       0       0       0       0     155       2       0       0       2       0       0       0     155       2
  124.000   101358.880      23    8358     800       0       0       0       6       0       0       0       0     154       2       0       0       2       0       0       0     154       2
  125.000   101249.728      22    8349     800       0       0       0       5       0       0       0       0     157       2       0       0       2       0       0       0     157       2
  126.000   100170.336      22    8260     800       0       0       0       4       0       0       0       0     157       2       0       0       2       0       0       0     157       2
  127.000    99491.168      22    8204     800       0       0       0       4       0       0       0       0     153       2       0       0       2       0       0       0     153       2
  128.000    99624.576      22    8215     800       0       0       0       3       0       0       0       0     143       2       0       0       2       0       0       0     143       2
  129.000    99855.008      22    8234     800       0       0       0       1       0       0       0       0     139       2       0       0       2       0       0       0     139       2
  130.000    99697.344      22    8221     800       0       0       0       2       0       0       0       0     138       2       0       0       2       0       0       0     138       2
  131.000   103117.440      23    8503     800       0       0       0       3       0       0       0       0     139       2       0       0       2       0       0       0     139       2
  132.000   103505.536      23    8535     800       0       0       0       3       0       0       0       0     136       2       0       0       2       0       0       0     136       2
  133.000   101152.704      22    8341     800       0       0       0       4       0       0       0       0     135       2       0       0       2       0       0       0     135       2
  134.000    98266.240      22    8103     800       0       0       0       2       0       0       0       0     133       2       0       0       2       0       0       0     133       2
  135.000    98411.776      22    8115     800       0       0       0       0       0       0       0       0     130       2       0       0       2       0       0       0     130       2
  136.000    94894.656      21    7825     800       0       0       0       2       0       0       0       0     130       2       0       0       2       0       0       0     130       2
  137.000    93645.472      21    7722     800       0       0       0       4       0       0       0       0     130       2       0       0       2       0       0       0     130       2
  138.000    91001.568      20    7504     800       0       0       0       4       0       0       0       0     132       2       0       0       2       0       0       0     132       2
  139.000    92020.320      20    7588     800       0       0       0       4       0       0       0       0     131       2       0       0       2       0       0       0     131       2
  140.000    89194.496      20    7355     720       0       0       0       1       0       0       0       0     127       2       0       0       2       0       0       0     127       2
  141.000    89776.640      20    7403     702       0       0       0       3       0       0       0       0     125       2       0       0       2       0       0       0     125       2
  142.000    90965.184      20    7501     700       0       0       0       3       0       0       0       0     122       1       0       0       2       0       0       0     122       1
  143.000    91741.376      20    7565     700       0       0       0       3       0       0       0       0     122       1       0       0       2       0       0       0     122       1
  144.000    89158.112      20    7352     700       0       0       0       1       0       0       0       0     122       1       0       0       2       0       0       0     122       1
  145.000    91098.592      20    7512     700       0       0       0       3       0       0       0       0     122       1       0       0       2       0       0       0     122       1
  146.000    89121.728      20    7349     700       0       0       0       3       0       0       0       0     123       2       0       0       2       0       0       0     123       2
  147.000    88357.664      20    7286     700       0       0       0       1       0       0       0       0     122       1       0       0       2       0       0       0     122       1
  148.000    87059.968      19    7179     700       0       0       0       3       0       0       0       0     119       1       0       0       2       0       0       0     119       1
  149.000    87326.784      19    7201     700       0       0       0       2       0       0       0       0     118       1       0       0       2       0       0       0     118       1
  150.000    86320.160      19    7118     700       0       0       0       3       0       0       0       0     119       1       0       0       2       0       0       0     119       1
  151.000    88309.152      20    7282     700       0       0       0       1       0       0       0       0     119       1       0       0       2       0       0       0     119       1
  152.000    88309.152      20    7282     700       0       0       0       2       0       0       0       0     118       1       0       0       2       0       0       0     118       1
  153.000    88466.816      20    7295     700       0       0       0       4       0       0       0       0     116       1       0       0       2       0       0       0     116       1
  154.000    88078.720      20    7263     700       0       0       0       5       0       0       0       0     118       1       0       0       2       0       0       0     118       1
  155.000    87848.288      20    7244     700       0       0       0       3       0       0       0       0     117       1       0       0       2       0       0       0     117       1
  156.000    85216.512      19    7027     700       0       0       0       4       0       0       0       0     118       1       0       0       2       0       0       0     118       1
  157.000    85519.712      19    7052     700       0       0       0       3       0       0       0       0     118       1       0       0       2       0       0       0     118       1
  158.000    88151.488      20    7269     700       0       0       0       3       0       0       0       0     118       1       0       0       2       0       0       0     118       1
  159.000    89048.960      20    7343     700       0       0       0       2       0       0       0       0     117       1       0       0       2       0       0       0     117       1
  160.000    85956.320      19    7088     700       0       0       0       1       0       0       0       0     119       1       0       0       2       0       0       0     119       1
  161.000    85337.792      19    7037     700       0       0       0       5       0       0       0       0     119       1       0       0       2       0       0       0     119       1
  162.000    83882.432      19    6917     700       0       0       0       4       0       0       0       0     122       1       0       0       2       0       0       0     122       1
  163.000    84331.168      19    6954     700       0       0       0       4       0       0       0       0     122       1       0       0       2       0       0       0     122       1
  164.000    89376.416      20    7370     700       0       0       0       2       0       0       0       0     121       1       0       0       2       0       0       0     121       1
  165.000    89546.208      20    7384     700       0       0       0       2       0       0       0       0     120       1       0       0       2       0       0       0     120       1
  166.000    87945.312      20    7252     700       0       0       0       3       0       0       0       0     120       1       0       0       2       0       0       0     120       1
  167.000    90188.992      20    7437     700       0       0       0       2       0       0       0       0     121       1       0       0       2       0       0       0     121       1
  168.000    93742.496      21    7730     700       0       0       0       3       0       0       0       0     121       1       0       0       2       0       0       0     121       1
  169.000    93257.376      21    7690     700       0       0       0       3       0       0       0       0     119       1       0       0       2       0       0       0     119       1
  170.000    97259.616      22    8020     700       0       0       0       4       0       0       0       0     121       1       0       0       2       0       0       0     121       1
  171.000    95028.064      21    7836     700       0       0       0       4       0       0       0       0     119       1       0       0       2       0       0       0     119       1
  172.000    94542.944      21    7796     700       0       0       0       6       0       0       0       0     120       1       0       0       2       0       0       0     120       1
  173.000    94615.712      21    7802     700       0       0       0       2       0       0       0       0     124       2       0       0       2       0       0       0     124       2
  174.000    93451.424      21    7706     700       0       0       0       1       0       0       0       0     124       2       0       0       2       0       0       0     124       2
  175.000    93560.576      21    7715     700       0       0       0       4       0       0       0       0     125       2       0       0       2       0       0       0     125       2
  176.000    93318.016      21    7695     700       0       0       0       5       0       0       0       0     126       2       0       0       2       0       0       0     126       2
  177.000    94555.072      21    7797     700       0       0       0       1       0       0       0       0     123       2       0       0       2       0       0       0     123       2
  178.000    95889.152      21    7907     700       0       0       0       4       0       0       0       0     124       2       0       0       2       0       0       0     124       2
  179.000    95222.112      21    7852     700       0       0       0       3       0       0       0       0     126       2       0       0       2       0       0       0     126       2
  180.000    91365.408      20    7534     783       0       0       0       7       0       0       0       0     130       2       0       0       2       0       0       0     130       2
  181.000    91062.208      20    7509     798       0       0       0       1       0       0       0       0     130       2       0       0       2       0       0       0     130       2
  182.000    90552.832      20    7467     799       0       0       0       4       0       0       0       0     131       2       0       0       2       0       0       0     131       2
  183.000    92529.696      21    7630     799       0       0       0       2       0       0       0       0     134       2       0       0       2       0       0       0     134       2
  184.000    95015.936      21    7835     799       0       0       0       1       0       0       0       0     133       2       0       0       2       0       0       0     133       2
  185.000    95767.872      21    7897     800       0       0       0       2       0       0       0       0     130       2       0       0       2       0       0       0     130       2
  186.000    98278.368      22    8104     771       0       0       0       3       0       0       0       0     129       2       0       0       2       0       0       0     129       2
  187.000    95792.128      21    7899     796       0       0       0       4       0       0       0       0     129       2       0       0       2       0       0       0     129       2
  188.000    94773.376      21    7815     710       0       0       0       2       0       0       0       0     128       2       0       0       2       0       0       0     128       2
  189.000    95100.832      21    7842     701       0       0       0       3       0       0       0       0     128       2       0       0       2       0       0       0     128       2
  190.000   100291.616      22    8270     786       0       0       0       4       0       0       0       0     130       2       0       0       2       0       0       0     130       2
  191.000    98690.720      22    8138     798       0       0       0       6       0       0       0       0     130       2       0       0       2       0       0       0     130       2
  192.000    99697.344      22    8221     799       0       0       0       5       0       0       0       0     133       2       0       0       2       0       0       0     133       2
  193.000   101286.112      23    8352     799       0       0       0       4       0       0       0       0     135       2       0       0       2       0       0       0     135       2
  194.000    98132.832      22    8092     799       0       0       0       5       0       0       0       0     136       2       0       0       2       0       0       0     136       2
  195.000    90783.264      20    7486     800       0       0       0       1       0       0       0       0     134       2       0       0       2       0       0       0     134       2
  196.000    90116.224      20    7431     800       0       0       0       4       0       0       0       0     135       2       0       0       2       0       0       0     135       2
  197.000    90892.416      20    7495     800       0       0       0       1       0       0       0       0     133       2       0       0       2       0       0       0     133       2
  198.000    89703.872      20    7397     800       0       0       0       2       0       0       0       0     133       2       0       0       2       0       0       0     133       2
  199.000    90516.448      20    7464     800       0       0       0       0       0       0       0       0     134       2       0       0       2       0       0       0     134       2
  200.000    87326.784      19    7201     800       0       0       0       6       0       0       0       0     138       2       0       0       2       0       0       0     138       2
  201.000    87714.880      19    7233     800       0       0       0       5       0       0       0       0     143       2       0       0       2       0       0       0     143       2
  202.000    89582.592      20    7387     800       0       0       0       5       0       0       0       0     141       2       0       0       2       0       0       0     141       2
  203.000    90953.056      20    7500     800       0       0       0       2       0       0       0       0     142       2       0       0       2       0       0       0     142       2
  204.000    91874.784      20    7576     800       0       0       0       3       0       0       0       0     144       2       0       0       2       0       0       0     144       2
  205.000    91983.936      20    7585     800       0       0       0       1       0       0       0       0     142       2       0       0       2       0       0       0     142       2
  206.000    93888.032      21    7742     800       0       0       0       3       0       0       0       0     137       2       0       0       2       0       0       0     137       2
  207.000    92784.384      21    7651     800       0       0       0       3       0       0       0       0     135       2       0       0       2       0       0       0     135       2
  208.000    95488.928      21    7874     800       0       0       0       4       0       0       0       0     134       2       0       0       2       0       0       0     134       2
  209.000    95961.920      21    7913     800       0       0       0       2       0       0       0       0     132       2       0       0       2       0       0       0     132       2
  210.000    95246.368      21    7854     800       0       0       0       0       0       0       0       0     130       2       0       0       2       0       0       0     130       2
  211.000    95549.568      21    7879     784       0       0       0       8       0       0       0       0     130       2       0       0       2       0       0       0     130       2
  212.000    93415.040      21    7703     798       0       0       0       4       0       0       0       0     136       2       0       0       2       0       0       0     136       2
  213.000    96725.984      21    7976     799       0       0       0       3       0       0       0       0     138       2       0       0       2       0       0       0     138       2
  214.000    95780.000      21    7898     799       0       0       0       4       0       0       0       0     141       2       0       0       2       0       0       0     141       2
  215.000    92456.928      21    7624     799       0       0       0       3       0       0       0       0     140       2       0       0       2       0       0       0     140       2
  216.000    93220.992      21    7687     800       0       0       0       2       0       0       0       0     136       2       0       0       2       0       0       0     136       2
  217.000    96083.200      21    7923     800       0       0       0       6       0       0       0       0     138       2       0       0       2       0       0       0     138       2
  218.000    97829.632      22    8067     800       0       0       0       3       0       0       0       0     140       2       0       0       2       0       0       0     140       2
  219.000    98084.320      22    8088     800       0       0       0       3       0       0       0       0     141       2       0       0       2       0       0       0     141       2
  220.000    99636.704      22    8216     800       0       0       0       3       0       0       0       0     143       2       0       0       2       0       0       0     143       2
  221.000   100158.208      22    8259     800       0       0       0       3       0       0       0       0     146       2       0       0       2       0       0       0     146       2
  222.000    98241.984      22    8101     800       0       0       0       4       0       0       0       0     146       2       0       0       2       0       0       0     146       2
  223.000    96786.624      22    7981     800       0       0       0       5       0       0       0       0     148       2       0       0       2       0       0       0     148       2
  224.000    96774.496      22    7980     800       0       0       0       1       0       0       0       0     148       2       0       0       2       0       0       0     148       2
  225.000    97223.232      22    8017     800       0       0       0       2       0       0       0       0     148       2       0       0       2       0       0       0     148       2
  226.000    98060.064      22    8086     800       0       0       0       3       0       0       0       0     145       2       0       0       2       0       0       0     145       2
  227.000    98314.752      22    8107     800       0       0       0       2       0       0       0       0     140       2       0       0       2       0       0       0     140       2
  228.000   100522.048      22    8289     800       0       0       0       4       0       0       0       0     141       2       0       0       2       0       0       0     141       2
  229.000   102050.176      23    8415     800       0       0       0       2       0       0       0       0     140       2       0       0       2       0       0       0     140       2
  230.000    97878.144      22    8071     800       0       0       0       8       0       0       0       0     141       2       0       0       2       0       0       0     141       2
  231.000   101468.032      23    8367     800       0       0       0       4       0       0       0       0     145       2       0       0       2       0       0       0     145       2
  232.000   101504.416      23    8370     800       0       0       0       6       0       0       0       0     146       2       0       0       2       0       0       0     146       2
  233.000    98399.648      22    8114     800       0       0       0       4       0       0       0       0     146       2       0       0       2       0       0       0     146       2
  234.000    92129.472      20    7597     800       0       0       0       7       0       0       0       0     149       2       0       0       2       0       0       0     149       2
  235.000    94179.104      21    7766     800       0       0       0       5       0       0       0       0     152       2       0       0       2       0       0       0     152       2
  236.000    95319.136      21    7860     800       0       0       0       2       0       0       0       0     151       2       0       0       2       0       0       0     151       2
  237.000    96507.680      21    7958     800       0       0       0       1       0       0       0       0     147       2       0       0       2       0       0       0     147       2
  238.000    97174.720      22    8013     800       0       0       0       4       0       0       0       0     145       2       0       0       2       0       0       0     145       2
  239.000    97138.336      22    8010     800       0       0       0       4       0       0       0       0     146       2       0       0       2       0       0       0     146       2
  240.000    95222.112      21    7852     800       0       0       0       1       0       0       0       0     147       2       0       0       2       0       0       0     147       2
  241.000    93669.728      21    7724     800       0       0       0       4       0       0       0       0     148       2       0       0       2       0       0       0     148       2
  242.000    95416.160      21    7868     800       0       0       0       3       0       0       0       0     149       2       0       0       2       0       0       0     149       2
  243.000    97817.504      22    8066     800       0       0       0       1       0       0       0       0     150       2       0       0       2       0       0       0     150       2
  244.000    96083.200      21    7923     800       0       0       0       7       0       0       0       0     153       2       0       0       2       0       0       0     153       2
  245.000    93827.392      21    7737     800       0       0       0       4       0       0       0       0     151       2       0       0       2       0       0       0     151       2
  246.000   101092.064      22    8336     800       0       0       0       4       0       0       0       0     153       2       0       0       2       0       0       0     153       2
  247.000   102086.560      23    8418     800       0       0       0       1       0       0       0       0     149       2       0       0       2       0       0       0     149       2
  248.000   104196.832      23    8592     800       0       0       0       4       0       0       0       0     147       2       0       0       2       0       0       0     147       2
  249.000   105518.784      23    8701     800       0       0       0       4       0       0       0       0     142       2       0       0       2       0       0       0     142       2
  250.000   105045.792      23    8662     800       0       0       0       2       0       0       0       0     140       2       0       0       2       0       0       0     140       2
  251.000   105264.096      23    8680     800       0       0       0       3       0       0       0       0     141       2       0       0       2       0       0       0     141       2
  252.000   108138.432      24    8917     800       0       0       0       1       0       0       0       0     141       2       0       0       2       0       0       0     141       2
  253.000   109072.288      24    8994     800       0       0       0       2       0       0       0       0     141       2       0       0       2       0       0       0     141       2
  254.000   107592.672      24    8872     800       0       0       0       5       0       0       0       0     141       2       0       0       2       0       0       0     141       2
  255.000   106149.440      24    8753     800       0       0       0       2       0       0       0       0     142       2       0       0       2       0       0       0     142       2
  256.000   104973.024      23    8656     800       0       0       0       1       0       0       0       0     140       2       0       0       2       0       0       0     140       2
  257.000   103287.232      23    8517     800       0       0       0       2       0       0       0       0     140       2       0       0       2       0       0       0     140       2
  258.000   103408.512      23    8527     800       0       0       0       3       0       0       0       0     141       2       0       0       2       0       0       0     141       2
  259.000   103032.544      23    8496     800       0       0       0       4       0       0       0       0     138       2       0       0       2       0       0       0     138       2
  260.000   102244.224      23    8431     800       0       0       0       3       0       0       0       0     135       2       0       0       2       0       0       0     135       2
  261.000    99709.472      22    8222     800       0       0       0       3       0       0       0       0     135       2       0       0       2       0       0       0     135       2
  262.000    98472.416      22    8120     800       0       0       0       5       0       0       0       0     139       2       0       0       2       0       0       0     139       2
  263.000    94227.616      21    7770     800       0       0       0       5       0       0       0       0     144       2       0       0       2       0       0       0     144       2
  264.000    90188.992      20    7437     800       0       0       0       5       0       0       0       0     145       2       0       0       2       0       0       0     145       2
  265.000    92614.592      21    7637     800       0       0       0       6       0       0       0       0     148       2       0       0       2       0       0       0     148       2
  266.000    95282.752      21    7857     800       0       0       0       4       0       0       0       0     150       2       0       0       2       0       0       0     150       2
  267.000    96289.376      21    7940     800       0       0       0       3       0       0       0       0     153       2       0       0       2       0       0       0     153       2
  268.000    97975.168      22    8079     800       0       0       0       4       0       0       0       0     156       2       0       0       2       0       0       0     156       2
  269.000    98775.616      22    8145     800       0       0       0       2       0       0       0       0     154       2       0       0       2       0       0       0     154       2
  270.000    99309.248      22    8189     800       0       0       0       0       0       0       0       0     151       2       0       0       2       0       0       0     151       2
  271.000    98642.208      22    8134     800       0       0       0       3       0       0       0       0     150       2       0       0       2       0       0       0     150       2
  272.000    94239.744      21    7771     800       0       0       0       4       0       0       0       0     152       2       0       0       2       0       0       0     152       2
  273.000    94361.024      21    7781     800       0       0       0       3       0       0       0       0     152       2       0       0       2       0       0       0     152       2
  274.000    93706.112      21    7727     800       0       0       0       5       0       0       0       0     151       2       0       0       2       0       0       0     151       2
  275.000    92985.376      21    7667     800       0       0       0       9       0       0       0       0     152       2       0       0       2       0       0       0     152       2
