  TimeSec      LoaKbps LoaUsag Packets DlyUsec LoaDrps MetDrps TabDrps FloMods MetMods GroMods  PktsIn PktsOut FloEntr FloUsag MetEntr MetUsag GroEntr GroUsag BufPkts BufUsag  T0Entr  T0Usag
    1.000        0.000       0       0      34       0       0       0       4       0       0       0       0       3       0       0       0       0       0       0       0       3       0
    2.000      374.208       0      32      39       0       0       0       0       0       0       0       0       4       0       0       0       0       0       0       0       4       0
    3.000     4582.624       0     379      39       0       0       0       0       0       0       0       0       4       0       0       0       0       0       0       0       4       0
    4.000     7602.496       0     628      39       0       0       0       0       0       0       0       0       4       0       0       0       0       0       0       0       4       0
    5.000    13448.192       0    1110      39       0       0       0       0       0       0       0       0       4       0       0       0       0       0       0       0       4       0
    6.000    17195.744       0    1419      40       0       0       0       0       0       0       0       0       4       0       0       0       0       0       0       0       4       0
    7.000    20555.200       0    1696      40       0       0       0       0       0       0       0       0       4       0       0       0       0       0       0       0       4       0
    8.000    25345.760       0    2091      40       0       0       0       0       0       0       0       0       4       0       0       0       0       0       0       0       4       0
    9.000    28523.296       0    2353      40       0       0       0       0       0       0       0       0       4       0       0       0       0       0       0       0       4       0
   10.000    36163.936       0    2983      40       0       0       0       0       0       0       0       0       4       0       0       0       0       0       0       0       4       0
   11.000    39244.448       0    3237      40       0       0       0       0       0       0       0       0       4       0       0       0       0       0       0       0       4       0
   12.000    52015.232       0    4290      40       0       0       0       0       0       0       0       0       4       0       0       0       0       0       0       0       4       0
   13.000    56842.176       0    4688      40       0       0       0       0       0       0       0       0       4       0       0       0       0       0       0       0       4       0
   14.000    59061.600       0    4871      40       0       0       0       0       0       0       0       0       4       0       0       0       0       0       0       0       4       0
   15.000    60723.136       0    5008      40       0       0       0       0       0       0       0       0       4       0       0       0       0       0       0       0       4       0
   16.000    63573.216       0    5243      40       0       0       0       0       0       0       0       0       4       0       0       0       0       0       0       0       4       0
   17.000    68533.568       0    5652      40       0       0       0       0       0       0       0       0       4       0       0       0       0       0       0       0       4       0
   18.000    71541.312       0    5900      40       0       0       0       0       0       0       0       0       4       0       0       0       0       0       0       0       4       0
   19.000    73772.864       0    6084      47       0       0       0       2       0       0       2       2       5       0       0       0       0       0       0       0       5       0
   20.000    75143.328       0    6197      58       0       0       0       0       0       0       0       0       6       0       0       0       0       0       0       0       6       0
   21.000    77435.520       0    6386      59       0       0       0       0       0       0       0       0       6       0       0       0       0       0       0       0       6       0
   22.000    80673.696       0    6653      59       0       0       0       2       0       0       2       2       7       0       0       0       0       0       0       0       7       0
   23.000    81825.856       0    6748      59       0       0       0       0       0       0       0       0       8       0       0       0       0       0       0       0       8       0
   24.000    85282.336       0    7033      60       0       0       0       0       0       0       0       0       8       0       0       0       0       0       0       0       8       0
   25.000    86846.848       0    7162      71       0       0       0       1       0       0       1       1       9       0       0       0       0       0       0       0       9       0
   26.000    89296.704       0    7364      79       0       0       0       1       0       0       1       1      10       0       0       0       0       0       0       0      10       0
   27.000    94269.184       0    7774      79       0       0       0       1       0       0       1       1      11       0       0       0       0       0       0       0      11       0
   28.000   105402.688       0    8692      79       0       0       0       2       0       0       2       2      12       0       0       0       0       0       0       0      12       0
   29.000   106651.872       0    8795      79       0       0       0       1       0       0       1       1      13       0       0       0       0       0       0       0      13       0
   30.000   107743.392       0    8885      91       0       0       0       6       0       0       6       6      17       0       0       0       0       0       0       0      17       0
   31.000   102855.808       0    8482      99       0       0       0       2       0       0       2       2      21       0       0       0       0       0       0       0      21       0
   32.000   107331.040       0    8851      99       0       0       0       1       0       0       1       1      23       0       0       0       0       0       0       0      23       0
   33.000   112497.568       0    9277      99       0       0       0       1       0       0       1       1      24       0       0       0       0       0       0       0      24       0
   34.000   116038.944       0    9569      99       0       0       0       0       0       0       0       0      23       0       0       0       0       0       0       0      23       0
   35.000   116742.368       0    9627     100       0       0       0       0       0       0       0       0      22       0       0       0       0       0       0       0      22       0
   36.000   118488.800       0    9771     100       0       0       0       1       0       0       1       1      22       0       0       0       0       0       0       0      22       0
   37.000   125013.664       0   10309     100       0       0       0       3       0       0       3       3      24       0       0       0       0       0       0       0      24       0
   38.000   123327.872       0   10170     100       0       0       0       1       0       0       1       1      25       0       0       0       0       0       0       0      25       0
   39.000   123473.408       0   10182     100       0       0       0       1       0       0       1       1      26       0       0       0       0       0       0       0      26       0
   40.000   127075.424       0   10479     100       0       0       0       2       0       0       2       2      25       0       0       0       0       0       0       0      25       0
   41.000   129137.184       0   10649     100       0       0       0       1       0       0       1       1      27       0       0       0       0       0       0       0      27       0
   42.000   131805.344       0   10869     100       0       0       0       1       0       0       1       1      27       0       0       0       0       0       0       0      27       0
   43.000   136511.008       0   11257     100       0       0       0       2       0       0       2       2      27       0       0       0       0       0       0       0      27       0
   44.000   139336.832       0   11490     100       0       0       0       0       0       0       0       0      26       0       0       0       0       0       0       0      26       0
   45.000   139300.448       0   11487     100       0       0       0       1       0       0       1       1      24       0       0       0       0       0       0       0      24       0
   46.000   138342.336       0   11408     100       0       0       0       0       0       0       0       0      20       0       0       0       0       0       0       0      20       0
   47.000   142211.168       0   11727     100       0       0       0       1       0       0       1       1      19       0       0       0       0       0       0       0      19       0
   48.000   143181.408       0   11807     100       0       0       0       4       0       0       4       4      21       0       0       0       0       0       0       0      21       0
   49.000   148056.864       0   12209     100       0       0       0       0       0       0       0       0      22       0       0       0       0       0       0       0      22       0
   50.000   150615.872       0   12420     100       0       0       0       2       0       0       2       2      23       0       0       0       0       0       0       0      23       0
   51.000   158899.296       0   13103     100       0       0       0       1       0       0       1       1      24       0       0       0       0       0       0       0      24       0
   52.000   161628.096       0   13328     100       0       0       0       2       0       0       2       2      23       0       0       0       0       0       0       0      23       0
   53.000   163180.480       0   13456     100       0       0       0       0       0       0       0       0      22       0       0       0       0       0       0       0      22       0
   54.000   168820.000       0   13921     100       0       0       0       0       0       0       0       0      21       0       0       0       0       0       0       0      21       0
   55.000   180038.400       0   14846     100       0       0       0       0       0       0       0       0      21       0       0       0       0       0       0       0      21       0
   56.000   188079.264       0   15509     100       0       0       0       1       0       0       1       1      19       0       0       0       0       0       0       0      19       0
   57.000   193597.504       0   15964     100       0       0       0       1       0       0       1       1      19       0       0       0       0       0       0       0      19       0
   58.000   196411.200       0   16196     100       0       0       0       5       0       0       5       5      21       0       0       0       0       0       0       0      21       0
   59.000   193088.128       0   15922     100       0       0       0       1       0       0       1       1      23       0       0       0       0       0       0       0      23       0
   60.000   192772.800       0   15896     100       0       0       0       1       0       0       1       1      23       0       0       0       0       0       0       0      23       0
   61.000   186866.464       0   15409     100       0       0       0       4       0       0       4       4      26       0       0       0       0       0       0       0      26       0
   62.000   184113.408       0   15182     100       0       0       0       2       0       0       2       2      27       0       0       0       0       0       0       0      27       0
   63.000   184756.192       0   15235     100       0       0       0       0       0       0       0       0      25       0       0       0       0       0       0       0      25       0
   64.000   188503.744       0   15544     100       0       0       0       3       0       0       3       3      26       0       0       0       0       0       0       0      26       0
   65.000   188115.648       0   15512     100       0       0       0       2       0       0       2       2      27       0       0       0       0       0       0       0      27       0
   66.000   195210.528       0   16097     100       0       0       0       3       0       0       3       3      28       0       0       0       0       0       0       0      28       0
   67.000   200910.688       0   16567     100       0       0       0       3       0       0       3       3      28       0       0       0       0       0       0       0      28       0
   68.000   206428.928       0   17022     100       0       0       0       0       0       0       0       0      30       0       0       0       0       0       0       0      30       0
   69.000   206768.512       0   17050     100       0       0       0       1       0       0       1       1      31       0       0       0       0       0       0       0      31       0
   70.000   207435.552       0   17105     113       0       0       0       5       0       0       5       5      34       0       0       0       0       0       0       0      34       0
   71.000   206040.832       0   16990     119       0       0       0       3       0       0       3       3      36       0       0       0       0       0       0       0      36       0
   72.000   208587.712       0   17200     119       0       0       0       1       0       0       1       1      38       0       0       0       0       0       0       0      38       0
   73.000   209630.720       0   17286     119       0       0       0       5       0       0       5       5      38       0       0       0       0       0       0       0      38       0
   74.000   204282.272       0   16845     119       0       0       0       1       0       0       1       1      37       0       0       0       0       0       0       0      37       0
   75.000   197902.944       0   16319     120       0       0       0       3       0       0       3       3      40       0       0       0       0       0       0       0      40       0
   76.000   198060.608       0   16332     120       0       0       0       2       0       0       2       2      39       0       0       0       0       0       0       0      39       0
   77.000   191511.488       0   15792     120       0       0       0       4       0       0       4       4      40       0       0       0       0       0       0       0      40       0
   78.000   187242.432       0   15440     120       0       0       0       1       0       0       1       1      41       0       0       0       0       0       0       0      41       0
   79.000   191050.624       0   15754     120       0       0       0       3       0       0       3       3      41       0       0       0       0       0       0       0      41       0
   80.000   188988.864       0   15584     120       0       0       0       3       0       0       3       3      41       0       0       0       0       0       0       0      41       0
   81.000   188115.648       0   15512     120       0       0       0       3       0       0       3       3      42       0       0       0       0       0       0       0      42       0
   82.000   184986.624       0   15254     120       0       0       0       2       0       0       2       2      42       0       0       0       0       0       0       0      42       0
   83.000   184089.152       0   15180     120       0       0       0       3       0       0       3       3      43       0       0       0       0       0       0       0      43       0
   84.000   182609.536       0   15058     120       0       0       0       5       0       0       5       5      45       0       0       0       0       0       0       0      45       0
   85.000   177600.672       0   14645     120       0       0       0       1       0       0       1       1      46       0       0       0       0       0       0       0      46       0
   86.000   179589.664       0   14809     120       0       0       0       3       0       0       3       3      46       0       0       0       0       0       0       0      46       0
   87.000   181348.224       0   14954     120       0       0       0       2       0       0       2       2      44       0       0       0       0       0       0       0      44       0
   88.000   181457.376       0   14963     120       0       0       0       2       0       0       2       2      43       0       0       0       0       0       0       0      43       0
   89.000   182585.280       0   15056     120       0       0       0       3       0       0       3       3      44       0       0       0       0       0       0       0      44       0
   90.000   189680.160       0   15641     120       0       0       0       1       0       0       1       1      42       0       0       0       0       0       0       0      42       0
   91.000   191087.008       0   15757     120       0       0       0       3       0       0       3       3      43       0       0       0       0       0       0       0      43       0
   92.000   191026.368       0   15752     120       0       0       0       2       0       0       2       2      41       0       0       0       0       0       0       0      41       0
   93.000   189886.336       0   15658     120       0       0       0       3       0       0       3       3      41       0       0       0       0       0       0       0      41       0
   94.000   190444.224       0   15704     120       0       0       0       2       0       0       2       2      42       0       0       0       0       0       0       0      42       0
   95.000   185047.264       0   15259     120       0       0       0       5       0       0       5       5      44       0       0       0       0       0       0       0      44       0
   96.000   183822.336       0   15158     120       0       0       0       3       0       0       3       3      45       0       0       0       0       0       0       0      45       0
   97.000   184853.216       0   15243     120       0       0       0       4       0       0       4       4      45       0       0       0       0       0       0       0      45       0
   98.000   182233.568       0   15027     120       0       0       0       4       0       0       4       4      47       0       0       0       0       0       0       0      47       0
   99.000   176375.744       0   14544     120       0       0       0       4       0       0       4       4      48       0       0       0       0       0       0       0      48       0
  100.000   173113.312       0   14275     120       0       0       0       1       0       0       1       1      46       0       0       0       0       0       0       0      46       0
  101.000   174022.912       0   14350     120       0       0       0       3       0       0       3       3      45       0       0       0       0       0       0       0      45       0
  102.000   173840.992       0   14335     120       0       0       0       3       0       0       3       3      47       0       0       0       0       0       0       0      47       0
  103.000   169765.984       0   13999     120       0       0       0       3       0       0       3       3      48       0       0       0       0       0       0       0      48       0
  104.000   171645.824       0   14154     120       0       0       0       3       0       0       3       3      47       0       0       0       0       0       0       0      47       0
  105.000   171027.296       0   14103     120       0       0       0       6       0       0       6       6      50       0       0       0       0       0       0       0      50       0
  106.000   159020.576       0   13113     120       0       0       0       7       0       0       7       7      54       0       0       0       0       0       0       0      54       0
  107.000   154339.168       0   12727     120       0       0       0       2       0       0       2       2      57       0       0       0       0       0       0       0      57       0
  108.000   155479.200       0   12821     120       0       0       0       3       0       0       3       3      58       0       0       0       0       0       0       0      58       0
  109.000   157080.096       0   12953     120       0       0       0       1       0       0       1       1      56       0       0       0       0       0       0       0      56       0
  110.000   160063.584       0   13199     120       0       0       0       1       0       0       1       1      53       0       0       0       0       0       0       0      53       0
  111.000   161470.432       0   13315     120       0       0       0       2       0       0       2       2      52       0       0       0       0       0       0       0      52       0
  112.000   160099.968       0   13202     120       0       0       0       8       0       0       8       8      52       0       0       0       0       0       0       0      52       0
  113.000   158341.408       0   13057     120       0       0       0       3       0       0       3       3      54       0       0       0       0       0       0       0      54       0
  114.000   162137.472       0   13370     120       0       0       0       2       0       0       2       2      53       0       0       0       0       0       0       0      53       0
  115.000   163483.680       0   13481     120       0       0       0       3       0       0       3       3      54       0       0       0       0       0       0       0      54       0
  116.000   170566.432       0   14065     120       0       0       0       1       0       0       1       1      53       0       0       0       0       0       0       0      53       0
  117.000   173331.616       0   14293     120       0       0       0       3       0       0       3       3      53       0       0       0       0       0       0       0      53       0
  118.000   172761.600       0   14246     120       0       0       0       4       0       0       4       4      52       0       0       0       0       0       0       0      52       0
  119.000   170578.560       0   14066     120       0       0       0       2       0       0       2       2      52       0       0       0       0       0       0       0      52       0
  120.000   168795.744       0   13919     120       0       0       0       1       0       0       1       1      49       0       0       0       0       0       0       0      49       0
  121.000   169147.456       0   13948     120       0       0       0       4       0       0       4       4      47       0       0       0       0       0       0       0      47       0
  122.000   176569.792       0   14560     120       0       0       0       3       0       0       3       3      45       0       0       0       0       0       0       0      45       0
  123.000   172919.264       0   14259     120       0       0       0       4       0       0       4       4      45       0       0       0       0       0       0       0      45       0
  124.000   169620.448       0   13987     120       0       0       0       2       0       0       2       2      47       0       0       0       0       0       0       0      47       0
  125.000   164987.552       0   13605     120       0       0       0       6       0       0       6       6      50       0       0       0       0       0       0       0      50       0
  126.000   164635.840       0   13576     120       0       0       0       4       0       0       4       4      51       0       0       0       0       0       0       0      51       0
  127.000   166503.552       0   13730     120       0       0       0       5       0       0       5       5      54       0       0       0       0       0       0       0      54       0
  128.000   173792.480       0   14331     120       0       0       0       0       0       0       0       0      49       0       0       0       0       0       0       0      49       0
  129.000   175866.368       0   14502     120       0       0       0       2       0       0       2       2      48       0       0       0       0       0       0       0      48       0
  130.000   177576.416       0   14643     120       0       0       0       2       0       0       2       2      47       0       0       0       0       0       0       0      47       0
  131.000   179225.824       0   14779     120       0       0       0       2       0       0       2       2      47       0       0       0       0       0       0       0      47       0
  132.000   177455.136       0   14633     120       0       0       0       3       0       0       3       3      48       0       0       0       0       0       0       0      48       0
  133.000   177867.488       0   14667     120       0       0       0       4       0       0       4       4      48       0       0       0       0       0       0       0      48       0
  134.000   179735.200       0   14821     120       0       0       0       3       0       0       3       3      49       0       0       0       0       0       0       0      49       0
  135.000   180196.064       0   14859     120       0       0       0       3       0       0       3       3      50       0       0       0       0       0       0       0      50       0
  136.000   176642.560       0   14566     120       0       0       0       7       0       0       7       7      52       0       0       0       0       0       0       0      52       0
  137.000   175999.776       0   14513     120       0       0       0       1       0       0       1       1      53       0       0       0       0       0       0       0      53       0
  138.000   181057.152       0   14930     120       0       0       0       3       0       0       3       3      52       0       0       0       0       0       0       0      52       0
  139.000   184113.408       0   15182     120       0       0       0       5       0       0       5       5      53       0       0       0       0       0       0       0      53       0
  140.000   189340.576       0   15613     120       0       0       0       1       0       0       1       1      51       0       0       0       0       0       0       0      51       0
  141.000   186539.008       0   15382     120       0       0       0       6       0       0       6       6      50       0       0       0       0       0       0       0      50       0
  142.000   177867.488       0   14667     120       0       0       0       3       0       0       3       3      49       0       0       0       0       0       0       0      49       0
  143.000   172046.048       0   14187     120       0       0       0       4       0       0       4       4      52       0       0       0       0       0       0       0      52       0
  144.000   173186.080       0   14281     120       0       0       0       1       0       0       1       1      52       0       0       0       0       0       0       0      52       0
  145.000   173719.712       0   14325     120       0       0       0       1       0       0       1       1      51       0       0       0       0       0       0       0      51       0
  146.000   173659.072       0   14320     120       0       0       0       1       0       0       1       1      51       0       0       0       0       0       0       0      51       0
  147.000   177321.728       0   14622     120       0       0       0       2       0       0       2       2      49       0       0       0       0       0       0       0      49       0
  148.000   177200.448       0   14612     120       0       0       0       3       0       0       3       3      49       0       0       0       0       0       0       0      49       0
  149.000   179116.672       0   14770     120       0       0       0       1       0       0       1       1      46       0       0       0       0       0       0       0      46       0
  150.000   179395.616       0   14793     120       0       0       0       5       0       0       5       5      48       0       0       0       0       0       0       0      48       0
  151.000   180123.296       0   14853     120       0       0       0       3       0       0       3       3      46       0       0       0       0       0       0       0      46       0
  152.000   178631.552       0   14730     120       0       0       0       5       0       0       5       5      46       0       0       0       0       0       0       0      46       0
  153.000   180390.112       0   14875     120       0       0       0       3       0       0       3       3      48       0       0       0       0       0       0       0      48       0
  154.000   186502.624       0   15379     120       0       0       0       3       0       0       3       3      47       0       0       0       0       0       0       0      47       0
  155.000   191111.264       0   15759     120       0       0       0       3       0       0       3       3      48       0       0       0       0       0       0       0      48       0
  156.000   192469.600       0   15871     120       0       0       0       4       0       0       4       4      48       0       0       0       0       0       0       0      48       0
  157.000   193015.360       0   15916     120       0       0       0       5       0       0       5       5      46       0       0       0       0       0       0       0      46       0
  158.000   189995.488       0   15667     120       0       0       0       3       0       0       3       3      47       0       0       0       0       0       0       0      47       0
  159.000   189837.824       0   15654     120       0       0       0       4       0       0       4       4      49       0       0       0       0       0       0       0      49       0
  160.000   186223.680       0   15356     120       0       0       0       1       0       0       1       1      49       0       0       0       0       0       0       0      49       0
  161.000   188964.608       0   15582     120       0       0       0       3       0       0       3       3      50       0       0       0       0       0       0       0      50       0
  162.000   187715.424       0   15479     120       0       0       0       3       0       0       3       3      53       0       0       0       0       0       0       0      53       0
  163.000   187387.968       0   15452     120       0       0       0       4       0       0       4       4      54       0       0       0       0       0       0       0      54       0
  164.000   194106.880       0   16006     120       0       0       0       1       0       0       1       1      54       0       0       0       0       0       0       0      54       0
  165.000   192069.376       0   15838     120       0       0       0       3       0       0       3       3      52       0       0       0       0       0       0       0      52       0
  166.000   193039.616       0   15918     120       0       0       0       3       0       0       3       3      52       0       0       0       0       0       0       0      52       0
  167.000   195889.696       0   16153     120       0       0       0       2       0       0       2       2      50       0       0       0       0       0       0       0      50       0
  168.000   196071.616       0   16168     120       0       0       0       4       0       0       4       4      49       0       0       0       0       0       0       0      49       0
  169.000   197454.208       0   16282     120       0       0       0       3       0       0       3       3      50       0       0       0       0       0       0       0      50       0
  170.000   204318.656       0   16848     120       0       0       0       7       0       0       7       7      52       0       0       0       0       0       0       0      52       0
  171.000   208417.920       0   17186     120       0       0       0       0       0       0       0       0      52       0       0       0       0       0       0       0      52       0
  172.000   210103.712       0   17325     120       0       0       0       1       0       0       1       1      48       0       0       0       0       0       0       0      48       0
  173.000   211886.528       0   17472     120       0       0       0       2       0       0       2       2      46       0       0       0       0       0       0       0      46       0
  174.000   215949.408       0   17807     120       0       0       0       0       0       0       0       0      43       0       0       0       0       0       0       0      43       0
  175.000   216507.296       0   17853     120       0       0       0       2       0       0       2       2      42       0       0       0       0       0       0       0      42       0
  176.000   217332.000       0   17921     120       0       0       0       2       0       0       2       2      42       0       0       0       0       0       0       0      42       0
  177.000   217186.464       0   17909     120       0       0       0       2       0       0       2       2      40       0       0       0       0       0       0       0      40       0
  178.000   216822.624       0   17879     120       0       0       0       1       0       0       1       1      38       0       0       0       0       0       0       0      38       0
  179.000   223893.248       0   18462     120       0       0       0       5       0       0       5       5      39       0       0       0       0       0       0       0      39       0
  180.000   230733.440       0   19026     120       0       0       0       0       0       0       0       0      39       0       0       0       0       0       0       0      39       0
  181.000   234699.296       0   19353     120       0       0       0       6       0       0       6       6      40       0       0       0       0       0       0       0      40       0
  182.000   236518.496       0   19503     120       0       0       0       4       0       0       4       4      43       0       0       0       0       0       0       0      43       0
  183.000   235948.480       0   19456     120       0       0       0       4       0       0       4       4      42       0       0       0       0       0       0       0      42       0
  184.000   231351.968       0   19077     120       0       0       0       3       0       0       3       3      43       0       0       0       0       0       0       0      43       0
  185.000   231000.256       0   19048     120       0       0       0       3       0       0       3       3      41       0       0       0       0       0       0       0      41       0
  186.000   229544.896       0   18928     120       0       0       0       3       0       0       3       3      42       0       0       0       0       0       0       0      42       0
  187.000   229496.384       0   18924     120       0       0       0       5       0       0       5       5      45       0       0       0       0       0       0       0      45       0
  188.000   227434.624       0   18754     120       0       0       0       1       0       0       1       1      45       0       0       0       0       0       0       0      45       0
  189.000   226440.128       0   18672     120       0       0       0       7       0       0       7       7      49       0       0       0       0       0       0       0      49       0
  190.000   225639.680       0   18606     120       0       0       0       4       0       0       4       4      54       0       0       0       0       0       0       0      54       0
  191.000   227519.520       0   18761     120       0       0       0       5       0       0       5       5      54       0       0       0       0       0       0       0      54       0
  192.000   231764.320       0   19111     120       0       0       0       2       0       0       2       2      57       0       0       0       0       0       0       0      57       0
  193.000   229460.000       0   18921     120       0       0       0       5       0       0       5       5      59       0       0       0       0       0       0       0      59       0
  194.000   229435.744       0   18919     120       0       0       0       2       0       0       2       2      60       0       0       0       0       0       0       0      60       0
  195.000   234299.072       0   19320     120       0       0       0       3       0       0       3       3      61       0       0       0       0       0       0       0      61       0
  196.000   237149.152       0   19555     120       0       0       0       2       0       0       2       2      59       0       0       0       0       0       0       0      59       0
  197.000   238786.432       0   19690     120       0       0       0       2       0       0       2       2      56       0       0       0       0       0       0       0      56       0
  198.000   241575.872       0   19920     120       0       0       0       6       0       0       6       6      58       0       0       0       0       0       0       0      58       0
  199.000   246900.064       0   20359     120       0       0       0       1       0       0       1       1      56       0       0       0       0       0       0       0      56       0
  200.000   253485.568       0   20902     120       0       0       0       0       0       0       0       0      53       0       0       0       0       0       0       0      53       0
  201.000   254370.912       0   20975     120       0       0       0       4       0       0       4       4      53       0       0       0       0       0       0       0      53       0
  202.000   251460.192       0   20735     120       0       0       0       6       0       0       6       6      53       0       0       0       0       0       0       0      53       0
  203.000   245675.136       0   20258     120       0       0       0       3       0       0       3       3      55       0       0       0       0       0       0       0      55       0
  204.000   248428.192       0   20485     120       0       0       0       2       0       0       2       2      52       0       0       0       0       0       0       0      52       0
  205.000   248403.936       0   20483     120       0       0       0       4       0       0       4       4      50       0       0       0       0       0       0       0      50       0
  206.000   248319.040       0   20476     120       0       0       0       1       0       0       1       1      50       0       0       0       0       0       0       0      50       0
  207.000   243952.960       0   20116     120       0       0       0      12       0       0      12      12      52       0       0       0       0       0       0       0      52       0
  208.000   228756.576       0   18863     120       0       0       0       9       0       0       9       9      59       0       0       0       0       0       0       0      59       0
  209.000   233995.872       0   19295     120       0       0       0       5       0       0       5       5      62       0       0       0       0       0       0       0      62       0
  210.000   228574.656       0   18848     121       0       0       0       3       0       0       3       3      64       0       0       0       0       0       0       0      64       0
  211.000   224220.704       0   18489     133       0       0       0       4       0       0       4       4      65       0       0       0       0       0       0       0      65       0
  212.000   217065.184       0   17899     139       0       0       0       6       0       0       6       6      68       0       0       0       0       0       0       0      68       0
  213.000   213511.680       0   17606     139       0       0       0       2       0       0       2       2      67       0       0       0       0       0       0       0      67       0
  214.000   212250.368       0   17502     139       0       0       0       7       0       0       7       7      71       0       0       0       0       0       0       0      71       0
  215.000   212201.856       0   17498     139       0       0       0       5       0       0       5       5      75       0       0       0       0       0       0       0      75       0
  216.000   214809.376       0   17713     140       0       0       0       2       0       0       2       2      74       0       0       0       0       0       0       0      74       0
  217.000   205628.480       0   16956     140       0       0       0       8       0       0       8       8      76       0       0       0       0       0       0       0      76       0
  218.000   201213.888       0   16592     140       0       0       0       5       0       0       5       5      76       0       0       0       0       0       0       0      76       0
  219.000   193949.216       0   15993     140       0       0       0       3       0       0       3       3      79       0       0       0       0       0       0       0      79       0
  220.000   189619.520       0   15636     140       0       0       0       7       0       0       7       7      82       0       0       0       0       0       0       0      82       0
  221.000   188006.496       0   15503     140       0       0       0       3       0       0       3       3      84       0       0       0       0       0       0       0      84       0
  222.000   185799.200       0   15321     140       0       0       0       3       0       0       3       3      81       0       0       0       0       0       0       0      81       0
  223.000   178934.752       0   14755     140       0       0       0       5       0       0       5       5      75       0       0       0       0       0       0       0      75       0
  224.000   171075.808       0   14107     140       0       0       0       6       0       0       6       6      74       0       0       0       0       0       0       0      74       0
  225.000   171039.424       0   14104     140       0       0       0       6       0       0       6       6      74       0       0       0       0       0       0       0      74       0
  226.000   172797.984       0   14249     140       0       0       0       2       0       0       2       2      75       0       0       0       0       0       0       0      75       0
  227.000   171124.320       0   14111     140       0       0       0       4       0       0       4       4      73       0       0       0       0       0       0       0      73       0
  228.000   167012.928       0   13772     140       0       0       0       5       0       0       5       5      74       0       0       0       0       0       0       0      74       0
  229.000   161058.080       0   13281     140       0       0       0       2       0       0       2       2      71       0       0       0       0       0       0       0      71       0
  230.000   166806.752       0   13755     140       0       0       0       2       0       0       2       2      68       0       0       0       0       0       0       0      68       0
  231.000   166576.320       0   13736     140       0       0       0       1       0       0       1       1      67       0       0       0       0       0       0       0      67       0
  232.000   167679.968       0   13827     124       0       0       0       6       0       0       6       6      64       0       0       0       0       0       0       0      64       0
  233.000   170166.208       0   14032     124       0       0       0       3       0       0       3       3      64       0       0       0       0       0       0       0      64       0
  234.000   172300.736       0   14208     120       0       0       0       1       0       0       1       1      61       0       0       0       0       0       0       0      61       0
  235.000   174556.544       0   14394     120       0       0       0       2       0       0       2       2      58       0       0       0       0       0       0       0      58       0
  236.000   169596.192       0   13985     120       0       0       0       7       0       0       7       7      57       0       0       0       0       0       0       0      57       0
  237.000   170433.024       0   14054     120       0       0       0       3       0       0       3       3      59       0       0       0       0       0       0       0      59       0
  238.000   173040.544       0   14269     120       0       0       0       1       0       0       1       1      56       0       0       0       0       0       0       0      56       0
  239.000   172227.968       0   14202     120       0       0       0       5       0       0       5       5      53       0       0       0       0       0       0       0      53       0
  240.000   169765.984       0   13999     120       0       0       0       3       0       0       3       3      52       0       0       0       0       0       0       0      52       0
  241.000   171039.424       0   14104     120       0       0       0       0       0       0       0       0      50       0       0       0       0       0       0       0      50       0
  242.000   172519.040       0   14226     120       0       0       0       1       0       0       1       1      48       0       0       0       0       0       0       0      48       0
  243.000   176460.640       0   14551     120       0       0       0       3       0       0       3       3      45       0       0       0       0       0       0       0      45       0
  244.000   177248.960       0   14616     120       0       0       0       5       0       0       5       5      46       0       0       0       0       0       0       0      46       0
  245.000   174981.024       0   14429     120       0       0       0       3       0       0       3       3      46       0       0       0       0       0       0       0      46       0
  246.000   164369.024       0   13554     120       0       0       0       6       0       0       6       6      52       0       0       0       0       0       0       0      52       0
  247.000   161919.168       0   13352     120       0       0       0       4       0       0       4       4      53       0       0       0       0       0       0       0      53       0
  248.000   159663.360       0   13166     120       0       0       0       3       0       0       3       3      52       0       0       0       0       0       0       0      52       0
  249.000   160209.120       0   13211     120       0       0       0       7       0       0       7       7      55       0       0       0       0       0       0       0      55       0
  250.000   163107.712       0   13450     120       0       0       0       0       0       0       0       0      55       0       0       0       0       0       0       0      55       0
  251.000   166867.392       0   13760     120       0       0       0       5       0       0       5       5      53       0       0       0       0       0       0       0      53       0
  252.000   166248.864       0   13709     120       0       0       0       4       0       0       4       4      54       0       0       0       0       0       0       0      54       0
  253.000   170141.952       0   14030     120       0       0       0       0       0       0       0       0      54       0       0       0       0       0       0       0      54       0
  254.000   172240.096       0   14203     120       0       0       0       2       0       0       2       2      52       0       0       0       0       0       0       0      52       0
  255.000   173064.800       0   14271     120       0       0       0       5       0       0       5       5      51       0       0       0       0       0       0       0      51       0
  256.000   170129.824       0   14029     120       0       0       0       5       0       0       5       5      56       0       0       0       0       0       0       0      56       0
  257.000   172191.584       0   14199     120       0       0       0       4       0       0       4       4      58       0       0       0       0       0       0       0      58       0
  258.000   169098.944       0   13944     120       0       0       0       4       0       0       4       4      60       0       0       0       0       0       0       0      60       0
  259.000   163204.736       0   13458     120       0       0       0       3       0       0       3       3      60       0       0       0       0       0       0       0      60       0
  260.000   162756.000       0   13421     120       0       0       0       1       0       0       1       1      58       0       0       0       0       0       0       0      58       0
  261.000   162658.976       0   13413     120       0       0       0       2       0       0       2       2      53       0       0       0       0       0       0       0      53       0
  262.000   157565.216       0   12993     120       0       0       0       4       0       0       4       4      54       0       0       0       0       0       0       0      54       0
  263.000   160403.168       0   13227     120       0       0       0       4       0       0       4       4      53       0       0       0       0       0       0       0      53       0
  264.000   163156.224       0   13454     120       0       0       0       3       0       0       3       3      51       0       0       0       0       0       0       0      51       0
  265.000   166527.808       0   13732     120       0       0       0       0       0       0       0       0      50       0       0       0       0       0       0       0      50       0
  266.000   165460.544       0   13644     120       0       0       0       4       0       0       4       4      52       0       0       0       0       0       0       0      52       0
  267.000   166758.240       0   13751     120       0       0       0       1       0       0       1       1      46       0       0       0       0       0       0       0      46       0
  268.000   172895.008       0   14257     120       0       0       0       4       0       0       4       4      48       0       0       0       0       0       0       0      48       0
  269.000   176108.928       0   14522     120       0       0       0       4       0       0       4       4      50       0       0       0       0       0       0       0      50       0
  270.000   176302.976       0   14538     120       0       0       0       3       0       0       3       3      50       0       0       0       0       0       0       0      50       0
  271.000   176036.160       0   14516     120       0       0       0       3       0       0       3       3      48       0       0       0       0       0       0       0      48       0
  272.000   174423.136       0   14383     120       0       0       0       4       0       0       4       4      48       0       0       0       0       0       0       0      48       0
  273.000   179286.464       0   14784     120       0       0       0       2       0       0       2       2      47       0       0       0       0       0       0       0      47       0
  274.000   180887.360       0   14916     120       0       0       0       2       0       0       2       2      46       0       0       0       0       0       0       0      46       0
  275.000   184236.448       0   15191     120       0       0       0       1       0       0       1       1      46       0       0       0       0       0       0       0      46       0
