  TimeSec      LoaKbps LoaUsag Packets DlyUsec LoaDrps MetDrps TabDrps FloMods MetMods GroMods  PktsIn PktsOut FloEntr FloUsag MetEntr MetUsag GroEntr GroUsag BufPkts BufUsag  T0Entr  T0Usag
    1.000        0.000       0       0      34       0       0       0       4       0       0       0       0       3       0       0       0       0       0       0       0       3       0
    2.000       83.136       0       8      52       0       0       0       1       0       0       1       1       5       0       0       0       0       0       0       0       5       0
    3.000      701.664       0      59      59       0       0       0       1       0       0       1       1       6       0       0       0       0       0       0       0       6       0
    4.000     1344.448       0     112      59       0       0       0       1       0       0       1       1       6       0       0       0       0       0       0       0       6       0
    5.000     3066.624       0     254      74       0       0       0       3       0       0       3       3       9       0       0       0       0       0       0       0       9       0
    6.000     4825.184       0     399      79       0       0       0       4       0       0       4       4      13       0       0       0       0       0       0       0      13       0
    7.000     5552.864       0     459      79       0       0       0       2       0       0       2       2      15       0       0       0       0       0       0       0      15       0
    8.000     7275.040       0     601      95       0       0       0       3       0       0       3       3      18       0       0       0       0       0       0       0      18       0
    9.000     8888.064       0     734      99       0       0       0       1       0       0       1       1      20       0       0       0       0       0       0       0      20       0
   10.000     9846.176       0     813      99       0       0       0       1       0       0       1       1      20       0       0       0       0       0       0       0      20       0
   11.000    13047.968       0    1077      99       0       0       0       2       0       0       2       2      22       0       0       0       0       0       0       0      22       0
   12.000    13909.056       0    1148      99       0       0       0      18       0       0       1       1      24       0       0       0       0       0       0       0      24       0
   13.000    16019.328       0    1322     100       0       0       0       4       0       0       4       4      26       0       0       0       0       0       0       0      26       0
   14.000    18226.624       0    1504     100       0       0       0       3       0       0       3       3      29       0       0       0       0       0       0       0      29       0
   15.000    20579.456       0    1698     100       0       0       0       2       0       0       2       2      31       0       0       0       0       0       0       0      31       0
   16.000    23126.336       0    1908     117       0       0       0       4       0       0       4       4      35       0       0       0       0       0       0       0      35       0
   17.000    25709.600       0    2121     119       0       0       0       0       0       0       0       0      37       0       0       0       0       0       0       0      37       0
   18.000    25394.272       0    2095     119       0       0       0       2       0       0       2       2      38       0       0       0       0       0       0       0      38       0
   19.000    32404.256       0    2673     119       0       0       0       8       0       0       8       8      44       0       0       0       0       0       0       0      44       0
   20.000    36455.008       0    3007     120       0       0       0       3       0       0       3       3      48       0       0       0       0       0       0       0      48       0
   21.000    39972.128       0    3297     120       0       0       0       4       0       0       4       4      52       0       0       0       0       0       0       0      52       0
   22.000    43331.584       0    3574     120       0       0       0      35       0       0       3       3      55       0       0       0       0       0       0       0      55       0
   23.000    48789.184       0    4024     120       0       0       0       4       0       0       4       4      60       0       0       0       0       0       0       0      60       0
   24.000    51736.288       0    4267     120       0       0       0       1       0       0       1       1      62       0       0       0       0       0       0       0      62       0
   25.000    55059.360       0    4541     127       0       0       0       3       0       0       3       3      64       0       0       0       0       0       0       0      64       0
   26.000    60723.136       0    5008     138       0       0       0       3       0       0       3       3      67       0       0       0       0       0       0       0      67       0
   27.000    62154.240       0    5126     139       0       0       0       4       0       0       4       4      71       0       0       0       0       0       0       0      71       0
   28.000    65016.448       0    5362     139       0       0       0       7       0       0       7       7      76       0       0       0       0       0       0       0      76       0
   29.000    67320.768       0    5552     139       0       0       0       3       0       0       3       3      80       0       0       0       0       0       0       0      80       0
   30.000    71153.216       0    5868     140       0       0       0       3       0       0       3       3      84       0       0       0       0       0       0       0      84       0
   31.000    73008.800       0    6021     140       0       0       0       7       0       0       7       7      88       0       0       0       0       0       0       0      88       0
   32.000    78417.888       0    6467     140       0       0       0      51       0       0       9       9      96       0       0       0       0       0       0       0      96       0
   33.000    83353.984       0    6874     140       0       0       0       3       0       0       3       3     100       0       0       0       0       0       0       0     100       0
   34.000    88132.416       0    7268     140       0       0       0       4       0       0       4       4     103       0       0       0       0       0       0       0     103       0
   35.000    91006.752       0    7505     140       0       0       0       3       0       0       3       3     107       0       0       0       0       0       0       0     107       0
   36.000    91989.120       0    7586     140       0       0       0       2       0       0       2       2     108       0       0       0       0       0       0       0     108       0
   37.000    90970.368       0    7502     140       0       0       0       0       0       0       0       0     108       0       0       0       0       0       0       0     108       0
   38.000    87210.688       0    7192     140       0       0       0       1       0       0       1       1     108       0       0       0       0       0       0       0     108       0
   39.000    87938.368       0    7252     140       0       0       0       3       0       0       3       3     109       0       0       0       0       0       0       0     109       0
   40.000    86313.216       0    7118     140       0       0       0       1       0       0       1       1     112       0       0       0       0       0       0       0     112       0
   41.000    88411.360       0    7291     140       0       0       0       5       0       0       5       5     115       0       0       0       0       0       0       0     115       0
   42.000    88023.264       0    7259     140       0       0       0      44       0       0       3       3     119       0       0       0       0       0       0       0     119       0
   43.000    91504.000       0    7546     140       0       0       0       6       0       0       6       6     123       0       0       0       0       0       0       0     123       0
   44.000    97980.352       0    8080     144       0       0       0       6       0       0       6       6     126       0       0       0       0       0       0       0     126       0
   45.000   104517.344       0    8619     158       0       0       0       3       0       0       3       3     130       0       0       0       0       0       0       0     130       0
   46.000   108143.616       0    8918     159       0       0       0       0       0       0       0       0     130       0       0       0       0       0       0       0     130       0
   47.000   108713.632       0    8965     159       0       0       0       3       0       0       3       3     129       0       0       0       0       0       0       0     129       0
   48.000   109708.128       0    9047     159       0       0       0       3       0       0       3       3     132       0       0       0       0       0       0       0     132       0
   49.000   113176.736       0    9333     160       0       0       0       4       0       0       4       4     135       0       0       0       0       0       0       0     135       0
   50.000   112764.384       0    9299     160       0       0       0       1       0       0       1       1     137       0       0       0       0       0       0       0     137       0
   51.000   112970.560       0    9316     160       0       0       0       4       0       0       4       4     139       0       0       0       0       0       0       0     139       0
   52.000   115092.960       0    9491     160       0       0       0      49       0       0       3       3     142       0       0       0       0       0       0       0     142       0
   53.000   123291.488       0   10167     160       0       0       0       7       0       0       7       7     147       0       0       0       0       0       0       0     147       0
   54.000   128639.936       0   10608     160       0       0       0       5       0       0       5       5     152       0       0       0       0       0       0       0     152       0
   55.000   134133.920       0   11061     160       0       0       0       2       0       0       2       2     153       0       0       0       0       0       0       0     153       0
   56.000   136644.416       0   11268     160       0       0       0       5       0       0       5       5     155       0       0       0       0       0       0       0     155       0
   57.000   138099.776       0   11388     160       0       0       0       2       0       0       2       2     156       0       0       0       0       0       0       0     156       0
   58.000   135783.328       0   11197     160       0       0       0       0       0       0       0       0     155       0       0       0       0       0       0       0     155       0
   59.000   136292.704       0   11239     160       0       0       0       3       0       0       3       3     156       0       0       0       0       0       0       0     156       0
   60.000   142817.568       0   11777     160       0       0       0       5       0       0       5       5     160       0       0       0       0       0       0       0     160       0
   61.000   144527.616       0   11918     160       0       0       0       4       0       0       4       4     162       0       0       0       0       0       0       0     162       0
   62.000   143909.088       0   11867     160       0       0       0      54       0       0       3       3     165       0       0       0       0       0       0       0     165       0
   63.000   146637.888       0   12092     160       0       0       0       3       0       0       3       3     166       0       0       0       0       0       0       0     166       0
   64.000   150082.240       0   12376     160       0       0       0       5       0       0       5       5     171       0       0       0       0       0       0       0     171       0
   65.000   153441.696       0   12653     160       0       0       0       4       0       0       4       4     175       0       0       0       0       0       0       0     175       0
   66.000   153781.280       0   12681     160       0       0       0       4       0       0       4       4     177       0       0       0       0       0       0       0     177       0
   67.000   157237.760       0   12966     160       0       0       0       3       0       0       3       3     178       0       0       0       0       0       0       0     178       0
   68.000   163423.040       0   13476     160       0       0       0       2       0       0       2       2     179       0       0       0       0       0       0       0     179       0
   69.000   166467.168       0   13727     160       0       0       0       2       0       0       2       2     181       0       0       0       0       0       0       0     181       0
   70.000   162695.360       0   13416     160       0       0       0       0       0       0       0       0     181       0       0       0       0       0       0       0     181       0
   71.000   163398.784       0   13474     160       0       0       0       6       0       0       6       6     184       0       0       0       0       0       0       0     184       0
   72.000   167716.352       0   13830     160       0       0       0      36       0       0       1       1     184       0       0       0       0       0       0       0     184       0
   73.000   167461.664       0   13809     160       0       0       0       1       0       0       1       1     183       0       0       0       0       0       0       0     183       0
   74.000   166746.112       0   13750     160       0       0       0       4       0       0       4       4     183       0       0       0       0       0       0       0     183       0
   75.000   168807.872       0   13920     160       0       0       0       3       0       0       3       3     185       0       0       0       0       0       0       0     185       0
   76.000   172422.016       0   14218     160       0       0       0       3       0       0       3       3     189       0       0       0       0       0       0       0     189       0
   77.000   176678.944       0   14569     160       0       0       0       5       0       0       5       5     192       0       0       0       0       0       0       0     192       0
   78.000   176327.232       0   14540     160       0       0       0       2       0       0       2       2     194       0       0       0       0       0       0       0     194       0
   79.000   174908.256       0   14423     160       0       0       0       1       0       0       1       1     194       0       0       0       0       0       0       0     194       0
   80.000   177916.000       0   14671     160       0       0       0       4       0       0       4       4     196       0       0       0       0       0       0       0     196       0
   81.000   180972.256       0   14923     160       0       0       0       2       0       0       2       2     196       0       0       0       0       0       0       0     196       0
   82.000   181893.984       0   14999     160       0       0       0      32       0       0       2       2     197       0       0       0       0       0       0       0     197       0
   83.000   183446.368       0   15127     160       0       0       0       1       0       0       1       1     198       0       0       0       0       0       0       0     198       0
   84.000   184016.384       0   15174     160       0       0       0       3       0       0       3       3     200       0       0       0       0       0       0       0     200       0
   85.000   179674.560       0   14816     160       0       0       0       2       0       0       2       2     198       0       0       0       0       0       0       0     198       0
   86.000   180705.440       0   14901     160       0       0       0       4       0       0       4       4     197       0       0       0       0       0       0       0     197       0
   87.000   182112.288       0   15017     160       0       0       0       4       0       0       4       4     199       0       0       0       0       0       0       0     199       0
   88.000   180766.080       0   14906     160       0       0       0       1       0       0       1       1     198       0       0       0       0       0       0       0     198       0
   89.000   178607.296       0   14728     160       0       0       0       3       0       0       3       3     198       0       0       0       0       0       0       0     198       0
   90.000   174059.296       0   14353     160       0       0       0       1       0       0       1       1     199       0       0       0       0       0       0       0     199       0
   91.000   176412.128       0   14547     160       0       0       0       5       0       0       5       5     200       0       0       0       0       0       0       0     200       0
   92.000   177345.984       0   14624     160       0       0       0      28       0       0       3       3     204       0       0       0       0       0       0       0     204       0
   93.000   181057.152       0   14930     160       0       0       0       6       0       0       6       6     205       0       0       0       0       0       0       0     205       0
   94.000   183409.984       0   15124     160       0       0       0       3       0       0       3       3     209       0       0       0       0       0       0       0     209       0
   95.000   183409.984       0   15124     160       0       0       0       3       0       0       3       3     210       0       0       0       0       0       0       0     210       0
   96.000   183931.488       0   15167     160       0       0       0       3       0       0       3       3     211       0       0       0       0       0       0       0     211       0
   97.000   181942.496       0   15003     160       0       0       0       3       0       0       3       3     213       0       0       0       0       0       0       0     213       0
   98.000   180402.240       0   14876     160       0       0       0       3       0       0       3       3     215       0       0       0       0       0       0       0     215       0
   99.000   180135.424       0   14854     160       0       0       0       0       0       0       0       0     216       0       0       0       0       0       0       0     216       0
  100.000   175284.224       0   14454     160       0       0       0       2       0       0       2       2     212       0       0       0       0       0       0       0     212       0
  101.000   171912.640       0   14176     160       0       0       0       0       0       0       0       0     212       0       0       0       0       0       0       0     212       0
  102.000   172409.888       0   14217     160       0       0       0      21       0       0       3       3     210       0       0       0       0       0       0       0     210       0
  103.000   173719.712       0   14325     160       0       0       0       7       0       0       7       7     210       0       0       0       0       0       0       0     210       0
  104.000   174411.008       0   14382     160       0       0       0       1       0       0       1       1     210       0       0       0       0       0       0       0     210       0
  105.000   166915.904       0   13764     160       0       0       0       3       0       0       3       3     210       0       0       0       0       0       0       0     210       0
  106.000   168359.136       0   13883     160       0       0       0       6       0       0       6       6     211       0       0       0       0       0       0       0     211       0
  107.000   170008.544       0   14019     160       0       0       0       1       0       0       1       1     212       0       0       0       0       0       0       0     212       0
  108.000   171354.752       0   14130     160       0       0       0       5       0       0       5       5     214       0       0       0       0       0       0       0     214       0
  109.000   172955.648       0   14262     160       0       0       0       4       0       0       4       4     217       0       0       0       0       0       0       0     217       0
  110.000   171427.520       0   14136     160       0       0       0       4       0       0       4       4     218       0       0       0       0       0       0       0     218       0
  111.000   172337.120       0   14211     160       0       0       0       0       0       0       0       0     220       0       0       0       0       0       0       0     220       0
  112.000   168225.728       0   13872     160       0       0       0      32       0       0       5       5     219       0       0       0       0       0       0       0     219       0
  113.000   167595.072       0   13820     160       0       0       0       6       0       0       6       6     224       0       0       0       0       0       0       0     224       0
  114.000   178328.352       0   14705     160       0       0       0       6       0       0       6       6     229       0       0       0       0       0       0       0     229       0
  115.000   183337.216       0   15118     160       0       0       0      11       0       0      11      11     233       0       0       0       0       0       0       0     233       0
  116.000   182536.768       0   15052     160       0       0       0       3       0       0       3       3     236       0       0       0       0       0       0       0     236       0
  117.000   184052.768       0   15177     160       0       0       0       4       0       0       4       4     239       0       0       0       0       0       0       0     239       0
  118.000   184246.816       0   15193     160       0       0       0       4       0       0       4       4     238       0       0       0       0       0       0       0     238       0
  119.000   183215.936       0   15108     160       0       0       0       1       0       0       1       1     236       0       0       0       0       0       0       0     236       0
  120.000   183482.752       0   15130     160       0       0       0       2       0       0       2       2     234       0       0       0       0       0       0       0     234       0
  121.000   182451.872       0   15045     160       0       0       0       2       0       0       2       2     235       0       0       0       0       0       0       0     235       0
  122.000   182088.032       0   15015     160       0       0       0      33       0       0       4       4     236       0       0       0       0       0       0       0     236       0
  123.000   183773.824       0   15154     160       0       0       0       9       0       0       9       9     240       0       0       0       0       0       0       0     240       0
  124.000   189607.392       0   15635     160       0       0       0       3       0       0       3       3     242       0       0       0       0       0       0       0     242       0
  125.000   194883.072       0   16070     160       0       0       0       5       0       0       5       5     244       0       0       0       0       0       0       0     244       0
  126.000   196471.840       0   16201     160       0       0       0       4       0       0       4       4     244       0       0       0       0       0       0       0     244       0
  127.000   196314.176       0   16188     160       0       0       0       3       0       0       3       3     241       0       0       0       0       0       0       0     241       0
  128.000   195137.760       0   16091     160       0       0       0       3       0       0       3       3     235       0       0       0       0       0       0       0     235       0
  129.000   194773.920       0   16061     160       0       0       0       1       0       0       1       1     233       0       0       0       0       0       0       0     233       0
  130.000   193270.048       0   15937     160       0       0       0       2       0       0       2       2     231       0       0       0       0       0       0       0     231       0
  131.000   194507.104       0   16039     160       0       0       0       3       0       0       3       3     232       0       0       0       0       0       0       0     232       0
  132.000   193136.640       0   15926     160       0       0       0      40       0       0       3       3     229       0       0       0       0       0       0       0     229       0
  133.000   188018.624       0   15504     160       0       0       0       1       0       0       1       1     227       0       0       0       0       0       0       0     227       0
  134.000   183046.144       0   15094     160       0       0       0       3       0       0       3       3     225       0       0       0       0       0       0       0     225       0
  135.000   182609.536       0   15058     160       0       0       0       0       0       0       0       0     223       0       0       0       0       0       0       0     223       0
  136.000   178607.296       0   14728     160       0       0       0       1       0       0       1       1     220       0       0       0       0       0       0       0     220       0
  137.000   176375.744       0   14544     160       0       0       0       2       0       0       2       2     219       0       0       0       0       0       0       0     219       0
  138.000   175417.632       0   14465     160       0       0       0       5       0       0       5       5     220       0       0       0       0       0       0       0     220       0
  139.000   175332.736       0   14458     160       0       0       0       2       0       0       2       2     221       0       0       0       0       0       0       0     221       0
  140.000   170275.360       0   14041     160       0       0       0       3       0       0       3       3     219       0       0       0       0       0       0       0     219       0
  141.000   170408.768       0   14052     160       0       0       0       2       0       0       2       2     219       0       0       0       0       0       0       0     219       0
  142.000   168625.952       0   13905     160       0       0       0      33       0       0       3       3     217       0       0       0       0       0       0       0     217       0
  143.000   168444.032       0   13890     160       0       0       0       1       0       0       1       1     215       0       0       0       0       0       0       0     215       0
  144.000   166382.272       0   13720     160       0       0       0       2       0       0       2       2     213       0       0       0       0       0       0       0     213       0
  145.000   169644.704       0   13989     160       0       0       0       6       0       0       6       6     213       0       0       0       0       0       0       0     213       0
  146.000   171039.424       0   14104     160       0       0       0       1       0       0       1       1     212       0       0       0       0       0       0       0     212       0
  147.000   167922.528       0   13847     160       0       0       0       1       0       0       1       1     209       0       0       0       0       0       0       0     209       0
  148.000   163241.120       0   13461     160       0       0       0       1       0       0       1       1     205       0       0       0       0       0       0       0     205       0
  149.000   161579.584       0   13324     160       0       0       0       2       0       0       2       2     203       0       0       0       0       0       0       0     203       0
  150.000   160245.504       0   13214     160       0       0       0       1       0       0       1       1     203       0       0       0       0       0       0       0     203       0
  151.000   162561.952       0   13405     160       0       0       0       1       0       0       1       1     202       0       0       0       0       0       0       0     202       0
  152.000   162974.304       0   13439     160       0       0       0      36       0       0       3       3     203       0       0       0       0       0       0       0     203       0
  153.000   163277.504       0   13464     160       0       0       0       4       0       0       4       4     202       0       0       0       0       0       0       0     202       0
  154.000   169341.504       0   13964     160       0       0       0       6       0       0       6       6     204       0       0       0       0       0       0       0     204       0
  155.000   170433.024       0   14054     160       0       0       0       4       0       0       4       4     205       0       0       0       0       0       0       0     205       0
  156.000   167510.176       0   13813     160       0       0       0       1       0       0       1       1     204       0       0       0       0       0       0       0     204       0
  157.000   166976.544       0   13769     160       0       0       0       4       0       0       4       4     203       0       0       0       0       0       0       0     203       0
  158.000   170020.672       0   14020     160       0       0       0       4       0       0       4       4     204       0       0       0       0       0       0       0     204       0
  159.000   169171.712       0   13950     160       0       0       0       4       0       0       4       4     204       0       0       0       0       0       0       0     204       0
  160.000   165885.024       0   13679     160       0       0       0       1       0       0       1       1     204       0       0       0       0       0       0       0     204       0
  161.000   163592.832       0   13490     160       0       0       0       5       0       0       5       5     207       0       0       0       0       0       0       0     207       0
  162.000   162149.600       0   13371     160       0       0       0      33       0       0       3       3     208       0       0       0       0       0       0       0     208       0
  163.000   161991.936       0   13358     160       0       0       0       5       0       0       5       5     207       0       0       0       0       0       0       0     207       0
  164.000   167109.952       0   13780     160       0       0       0       4       0       0       4       4     206       0       0       0       0       0       0       0     206       0
  165.000   166224.608       0   13707     160       0       0       0       3       0       0       3       3     206       0       0       0       0       0       0       0     206       0
  166.000   163701.984       0   13499     160       0       0       0       2       0       0       2       2     206       0       0       0       0       0       0       0     206       0
  167.000   164599.456       0   13573     160       0       0       0       3       0       0       3       3     207       0       0       0       0       0       0       0     207       0
  168.000   164393.280       0   13556     160       0       0       0       4       0       0       4       4     210       0       0       0       0       0       0       0     210       0
  169.000   163423.040       0   13476     160       0       0       0       4       0       0       4       4     209       0       0       0       0       0       0       0     209       0
  170.000   166394.400       0   13721     160       0       0       0       4       0       0       4       4     213       0       0       0       0       0       0       0     213       0
  171.000   165606.080       0   13656     160       0       0       0       5       0       0       5       5     211       0       0       0       0       0       0       0     211       0
  172.000   164842.016       0   13593     160       0       0       0      34       0       0       6       6     212       0       0       0       0       0       0       0     212       0
  173.000   164975.424       0   13604     160       0       0       0       2       0       0       2       2     214       0       0       0       0       0       0       0     214       0
  174.000   163301.760       0   13466     160       0       0       0       0       0       0       0       0     211       0       0       0       0       0       0       0     211       0
  175.000   164696.480       0   13581     160       0       0       0       5       0       0       5       5     213       0       0       0       0       0       0       0     213       0
  176.000   163204.736       0   13458     160       0       0       0       3       0       0       3       3     212       0       0       0       0       0       0       0     212       0
  177.000   165751.616       0   13668     160       0       0       0       4       0       0       4       4     212       0       0       0       0       0       0       0     212       0
  178.000   164951.168       0   13602     160       0       0       0       3       0       0       3       3     211       0       0       0       0       0       0       0     211       0
  179.000   164611.584       0   13574     160       0       0       0       5       0       0       5       5     211       0       0       0       0       0       0       0     211       0
  180.000   160876.160       0   13266     160       0       0       0       6       0       0       6       6     214       0       0       0       0       0       0       0     214       0
  181.000   156279.648       0   12887     160       0       0       0       2       0       0       2       2     214       0       0       0       0       0       0       0     214       0
  182.000   152798.912       0   12600     160       0       0       0      38       0       0       3       3     214       0       0       0       0       0       0       0     214       0
  183.000   154399.808       0   12732     160       0       0       0       4       0       0       4       4     216       0       0       0       0       0       0       0     216       0
  184.000   160257.632       0   13215     160       0       0       0       3       0       0       3       3     217       0       0       0       0       0       0       0     217       0
  185.000   167461.664       0   13809     160       0       0       0       4       0       0       4       4     217       0       0       0       0       0       0       0     217       0
  186.000   173016.288       0   14267     160       0       0       0       4       0       0       4       4     217       0       0       0       0       0       0       0     217       0
  187.000   168334.880       0   13881     160       0       0       0       2       0       0       2       2     213       0       0       0       0       0       0       0     213       0
  188.000   167012.928       0   13772     160       0       0       0       2       0       0       2       2     212       0       0       0       0       0       0       0     212       0
  189.000   169292.992       0   13960     160       0       0       0       6       0       0       6       6     214       0       0       0       0       0       0       0     214       0
  190.000   178959.008       0   14757     160       0       0       0       3       0       0       3       3     216       0       0       0       0       0       0       0     216       0
  191.000   178376.864       0   14709     160       0       0       0       5       0       0       5       5     214       0       0       0       0       0       0       0     214       0
  192.000   182197.184       0   15024     160       0       0       0      38       0       0       5       5     216       0       0       0       0       0       0       0     216       0
  193.000   184355.968       0   15202     160       0       0       0       3       0       0       3       3     215       0       0       0       0       0       0       0     215       0
  194.000   181639.296       0   14978     160       0       0       0       4       0       0       4       4     217       0       0       0       0       0       0       0     217       0
  195.000   173877.376       0   14338     160       0       0       0       1       0       0       1       1     214       0       0       0       0       0       0       0     214       0
  196.000   174411.008       0   14382     160       0       0       0       5       0       0       5       5     215       0       0       0       0       0       0       0     215       0
  197.000   176703.200       0   14571     160       0       0       0       1       0       0       1       1     213       0       0       0       0       0       0       0     213       0
  198.000   173089.056       0   14273     160       0       0       0       3       0       0       3       3     211       0       0       0       0       0       0       0     211       0
  199.000   175187.200       0   14446     160       0       0       0       1       0       0       1       1     211       0       0       0       0       0       0       0     211       0
  200.000   172446.272       0   14220     160       0       0       0       4       0       0       4       4     214       0       0       0       0       0       0       0     214       0
  201.000   173137.568       0   14277     160       0       0       0       5       0       0       5       5     216       0       0       0       0       0       0       0     216       0
  202.000   178558.784       0   14724     160       0       0       0      34       0       0       6       6     216       0       0       0       0       0       0       0     216       0
  203.000   184271.072       0   15195     160       0       0       0       4       0       0       4       4     217       0       0       0       0       0       0       0     217       0
  204.000   187824.576       0   15488     160       0       0       0       3       0       0       3       3     219       0       0       0       0       0       0       0     219       0
  205.000   187727.552       0   15480     160       0       0       0       3       0       0       3       3     219       0       0       0       0       0       0       0     219       0
  206.000   191741.920       0   15811     160       0       0       0       3       0       0       3       3     218       0       0       0       0       0       0       0     218       0
  207.000   193730.912       0   15975     160       0       0       0       4       0       0       4       4     219       0       0       0       0       0       0       0     219       0
  208.000   198060.608       0   16332     160       0       0       0       4       0       0       4       4     220       0       0       0       0       0       0       0     220       0
  209.000   198521.472       0   16370     160       0       0       0       0       0       0       0       0     219       0       0       0       0       0       0       0     219       0
  210.000   194579.872       0   16045     160       0       0       0       1       0       0       1       1     217       0       0       0       0       0       0       0     217       0
  211.000   195392.448       0   16112     160       0       0       0       5       0       0       5       5     217       0       0       0       0       0       0       0     217       0
  212.000   197999.968       0   16327     160       0       0       0      34       0       0       5       5     220       0       0       0       0       0       0       0     220       0
  213.000   201517.088       0   16617     160       0       0       0       3       0       0       3       3     221       0       0       0       0       0       0       0     221       0
  214.000   197915.072       0   16320     160       0       0       0       2       0       0       2       2     222       0       0       0       0       0       0       0     222       0
  215.000   194907.328       0   16072     160       0       0       0       4       0       0       4       4     223       0       0       0       0       0       0       0     223       0
  216.000   193803.680       0   15981     160       0       0       0       3       0       0       3       3     221       0       0       0       0       0       0       0     221       0
  217.000   198606.368       0   16377     160       0       0       0       5       0       0       5       5     223       0       0       0       0       0       0       0     223       0
  218.000   201201.760       0   16591     160       0       0       0       4       0       0       4       4     225       0       0       0       0       0       0       0     225       0
  219.000   201238.144       0   16594     160       0       0       0       3       0       0       3       3     226       0       0       0       0       0       0       0     226       0
  220.000   199237.024       0   16429     160       0       0       0       2       0       0       2       2     226       0       0       0       0       0       0       0     226       0
  221.000   202281.152       0   16680     160       0       0       0       2       0       0       2       2     227       0       0       0       0       0       0       0     227       0
  222.000   205179.744       0   16919     160       0       0       0      26       0       0       2       2     226       0       0       0       0       0       0       0     226       0
  223.000   205119.104       0   16914     160       0       0       0       6       0       0       6       6     228       0       0       0       0       0       0       0     228       0
  224.000   206065.088       0   16992     160       0       0       0       2       0       0       2       2     227       0       0       0       0       0       0       0     227       0
  225.000   208660.480       0   17206     160       0       0       0       1       0       0       1       1     226       0       0       0       0       0       0       0     226       0
  226.000   208151.104       0   17164     160       0       0       0       5       0       0       5       5     225       0       0       0       0       0       0       0     225       0
  227.000   206186.368       0   17002     160       0       0       0       2       0       0       2       2     223       0       0       0       0       0       0       0     223       0
  228.000   207277.888       0   17092     160       0       0       0       5       0       0       5       5     226       0       0       0       0       0       0       0     226       0
  229.000   213996.800       0   17646     160       0       0       0       4       0       0       4       4     226       0       0       0       0       0       0       0     226       0
  230.000   210649.472       0   17370     160       0       0       0       7       0       0       7       7     227       0       0       0       0       0       0       0     227       0
  231.000   215779.616       0   17793     160       0       0       0       8       0       0       8       8     231       0       0       0       0       0       0       0     231       0
  232.000   215076.192       0   17735     160       0       0       0      36       0       0       4       4     235       0       0       0       0       0       0       0     235       0
  233.000   210722.240       0   17376     160       0       0       0       4       0       0       4       4     235       0       0       0       0       0       0       0     235       0
  234.000   206028.704       0   16989     160       0       0       0       4       0       0       4       4     237       0       0       0       0       0       0       0     237       0
  235.000   210710.112       0   17375     160       0       0       0       6       0       0       6       6     239       0       0       0       0       0       0       0     239       0
  236.000   212820.384       0   17549     160       0       0       0       3       0       0       3       3     240       0       0       0       0       0       0       0     240       0
  237.000   213548.064       0   17609     160       0       0       0       2       0       0       2       2     237       0       0       0       0       0       0       0     237       0
  238.000   215355.136       0   17758     160       0       0       0       5       0       0       5       5     238       0       0       0       0       0       0       0     238       0
  239.000   212286.752       0   17505     160       0       0       0       3       0       0       3       3     237       0       0       0       0       0       0       0     237       0
  240.000   206562.336       0   17033     160       0       0       0       0       0       0       0       0     236       0       0       0       0       0       0       0     236       0
  241.000   198654.880       0   16381     160       0       0       0       4       0       0       4       4     235       0       0       0       0       0       0       0     235       0
  242.000   199200.640       0   16426     160       0       0       0      31       0       0       5       5     235       0       0       0       0       0       0       0     235       0
  243.000   204306.528       0   16847     160       0       0       0       2       0       0       2       2     235       0       0       0       0       0       0       0     235       0
  244.000   201711.136       0   16633     160       0       0       0       2       0       0       2       2     233       0       0       0       0       0       0       0     233       0
  245.000   200486.208       0   16532     160       0       0       0       5       0       0       5       5     233       0       0       0       0       0       0       0     233       0
  246.000   207957.056       0   17148     160       0       0       0       7       0       0       7       7     237       0       0       0       0       0       0       0     237       0
  247.000   209861.152       0   17305     160       0       0       0       2       0       0       2       2     236       0       0       0       0       0       0       0     236       0
  248.000   213305.504       0   17589     160       0       0       0       7       0       0       7       7     236       0       0       0       0       0       0       0     236       0
  249.000   216434.528       0   17847     160       0       0       0       3       0       0       3       3     234       0       0       0       0       0       0       0     234       0
  250.000   214639.584       0   17699     160       0       0       0       1       0       0       1       1     234       0       0       0       0       0       0       0     234       0
  251.000   214287.872       0   17670     160       0       0       0       5       0       0       5       5     236       0       0       0       0       0       0       0     236       0
  252.000   215779.616       0   17793     160       0       0       0      43       0       0       2       2     236       0       0       0       0       0       0       0     236       0
  253.000   209424.544       0   17269     160       0       0       0       2       0       0       2       2     235       0       0       0       0       0       0       0     235       0
  254.000   205883.168       0   16977     160       0       0       0       5       0       0       5       5     233       0       0       0       0       0       0       0     233       0
  255.000   204997.824       0   16904     160       0       0       0       0       0       0       0       0     232       0       0       0       0       0       0       0     232       0
  256.000   203287.776       0   16763     160       0       0       0       1       0       0       1       1     230       0       0       0       0       0       0       0     230       0
  257.000   198351.680       0   16356     160       0       0       0       2       0       0       2       2     228       0       0       0       0       0       0       0     228       0
  258.000   198327.424       0   16354     160       0       0       0       2       0       0       2       2     229       0       0       0       0       0       0       0     229       0
  259.000   199346.176       0   16438     160       0       0       0       2       0       0       2       2     225       0       0       0       0       0       0       0     225       0
  260.000   198691.264       0   16384     160       0       0       0       1       0       0       1       1     223       0       0       0       0       0       0       0     223       0
  261.000   195489.472       0   16120     160       0       0       0       4       0       0       4       4     221       0       0       0       0       0       0       0     221       0
  262.000   193658.144       0   15969     160       0       0       0      34       0       0       5       5     223       0       0       0       0       0       0       0     223       0
  263.000   193233.664       0   15934     160       0       0       0       2       0       0       2       2     226       0       0       0       0       0       0       0     226       0
  264.000   188746.304       0   15564     160       0       0       0       5       0       0       5       5     227       0       0       0       0       0       0       0     227       0
  265.000   191948.096       0   15828     160       0       0       0       7       0       0       7       7     230       0       0       0       0       0       0       0     230       0
  266.000   196532.480       0   16206     160       0       0       0       5       0       0       5       5     233       0       0       0       0       0       0       0     233       0
  267.000   198327.424       0   16354     160       0       0       0       5       0       0       5       5     236       0       0       0       0       0       0       0     236       0
  268.000   201929.440       0   16651     160       0       0       0       5       0       0       5       5     236       0       0       0       0       0       0       0     236       0
  269.000   204258.016       0   16843     160       0       0       0       2       0       0       2       2     237       0       0       0       0       0       0       0     237       0
  270.000   203797.152       0   16805     160       0       0       0       1       0       0       1       1     235       0       0       0       0       0       0       0     235       0
  271.000   202414.560       0   16691     160       0       0       0       1       0       0       1       1     234       0       0       0       0       0       0       0     234       0
  272.000   196823.552       0   16230     160       0       0       0      28       0       0       3       3     234       0       0       0       0       0       0       0     234       0
  273.000   194082.624       0   16004     160       0       0       0       0       0       0       0       0     231       0       0       0       0       0       0       0     231       0
  274.000   184998.752       0   15255     160       0       0       0       1       0       0       1       1     227       0       0       0       0       0       0       0     227       0
  275.000   182053.408       0   15011     160       0       0       0       8       0       0       8       8     229       0       0       0       0       0       0       0     229       0
