  TimeSec      LoaKbps LoaUsag Packets DlyUsec LoaDrps MetDrps TabDrps FloMods MetMods GroMods  PktsIn PktsOut FloEntr FloUsag MetEntr MetUsag GroEntr GroUsag BufPkts BufUsag  T0Entr  T0Usag
    1.000        0.000       0       0     173       0       0       0       3       0       2       0       0       3       0       0       0       2       0       0       0       3       0
    2.000    10289.728       3     849     429       0       0       0      30       0       0       0       0      17       0       0       0       2       0       0       0      17       0
    3.000    27390.208       9    2259     581       0       0       0      12       0       0       0       0      38       0       0       0       2       0       0       0      38       0
    4.000    32047.360      11    2643     598       0       0       0      10       0       0       0       0      51       1       0       0       2       0       0       0      51       1
    5.000    39518.208      13    3259     673       0       0       0      24       0       0       0       0      70       1       0       0       2       0       0       0      70       1
    6.000    48408.032      16    3992     697       0       0       0      16       0       0       0       0      86       1       0       0       2       0       0       0      86       1
    7.000    57807.232      19    4767     699       0       0       0      20       0       0       0       0     104       1       0       0       2       0       0       0     104       1
    8.000    64562.528      22    5324     719       0       0       0      14       0       0       0       0     123       2       0       0       2       0       0       0     123       2
    9.000    72421.472      24    5972     791       0       0       0      14       0       0       0       0     138       2       0       0       2       0       0       0     138       2
   10.000    78546.112      26    6477     799       0       0       0      22       0       0       0       0     156       2       0       0       2       0       0       0     156       2
   11.000    96071.072      32    7922     799       0       0       0      26       0       0       0       0     179       2       0       0       2       0       0       0     179       2
   12.000   107374.368      36    8854     799       0       0       0      24       0       0       0       0     206       3       0       0       2       0       0       0     206       3
   13.000   120618.144      40    9946     799       0       0       0      26       0       0       0       0     233       3       0       0       2       0       0       0     233       3
   14.000   126488.096      42   10430     800       0       0       0      14       0       0       0       0     249       3       0       0       2       0       0       0     249       3
   15.000   133680.000      45   11023     883       0       0       0      18       0       0       0       0     264       3       0       0       2       0       0       0     264       3
   16.000    77721.408      26    6409     898       0       0       0      20       0       0       0       0     284       3       0       0       2       0       0       0     284       3
   17.000    15771.584       5    1301     726       0       0       0     108       0       0       0       0     124       2       0       0       2       0       0       0     124       2
   18.000    22733.056       8    1875     702       0       0       0      12       0       0       0       0     114       1       0       0       2       0       0       0     114       1
   19.000    27669.152       9    2282     700       0       0       0      16       0       0       0       0     122       1       0       0       2       0       0       0     122       1
   20.000    38026.464      13    3136     789       0       0       0      20       0       0       0       0     135       2       0       0       2       0       0       0     135       2
   21.000    52919.648      18    4364     798       0       0       0      14       0       0       0       0     151       2       0       0       2       0       0       0     151       2
   22.000    64962.752      22    5357     799       0       0       0      26       0       0       0       0     168       2       0       0       2       0       0       0     168       2
   23.000    78873.568      26    6504     799       0       0       0      32       0       0       0       0     192       2       0       0       2       0       0       0     192       2
   24.000    93123.968      31    7679     799       0       0       0      28       0       0       0       0     222       3       0       0       2       0       0       0     222       3
   25.000   104439.392      35    8612     800       0       0       0      16       0       0       0       0     239       3       0       0       2       0       0       0     239       3
   26.000   112698.560      38    9293     867       0       0       0      22       0       0       0       0     259       3       0       0       2       0       0       0     259       3
   27.000   119041.504      40    9816     896       0       0       0      26       0       0       0       0     276       3       0       0       2       0       0       0     276       3
   28.000   128477.088      43   10594     899       0       0       0      20       0       0       0       0     294       4       0       0       2       0       0       0     294       4
   29.000   138264.384      46   11401     899       0       0       0      26       0       0       0       0     318       4       0       0       2       0       0       0     318       4
   30.000   147348.256      49   12150     899       0       0       0      14       0       0       0       0     333       4       0       0       2       0       0       0     333       4
   31.000   156601.920      52   12913     900       0       0       0      24       0       0       0       0     350       4       0       0       2       0       0       0     350       4
   32.000   166753.056      56   13750     900       0       0       0      16       0       0       0       0     361       4       0       0       2       0       0       0     361       4
   33.000   179705.760      60   14818     900       0       0       0      24       0       0       0       0     374       5       0       0       2       0       0       0     374       5
   34.000   188656.224      63   15556     900       0       0       0      22       0       0       0       0     391       5       0       0       2       0       0       0     391       5
   35.000   198467.776      66   16365     900       0       0       0      16       0       0       0       0     402       5       0       0       2       0       0       0     402       5
   36.000   200517.408      67   16534     900       0       0       0      14       0       0       0       0     406       5       0       0       2       0       0       0     406       5
   37.000   212414.976      71   17515     900       0       0       0      28       0       0       0       0     419       5       0       0       2       0       0       0     419       5
   38.000   219121.760      73   18068     900       0       0       0       8       0       0       0       0     420       5       0       0       2       0       0       0     420       5
   39.000   224445.952      75   18507     900       0       0       0      26       0       0       0       0     425       5       0       0       2       0       0       0     425       5
   40.000   235676.480      79   19433     900       0       0       0      22       0       0       0       0     437       5       0       0       2       0       0       0     437       5
   41.000   243875.008      81   20109     900       0       0       0      14       0       0       0       0     440       5       0       0       2       0       0       0     440       5
   42.000   247743.840      83   20428     900       0       0       0      22       0       0       0       0     446       5       0       0       2       0       0       0     446       5
   43.000   254596.160      85   20993     900       0       0       0      28       0       0       0       0     462       6       0       0       2       0       0       0     462       6
   44.000   264492.608      88   21809     900       0       0       0      22       0       0       0       0     472       6       0       0       2       0       0       0     472       6
   45.000   273030.720      91   22513     900       0       0       0      14       0       0       0       0     482       6       0       0       2       0       0       0     482       6
   46.000   225367.680      75   18583     900       0       0       0      28       0       0       0       0     491       6       0       0       2       0       0       0     491       6
   47.000   176455.456      59   14550     900       0       0       0      68       0       0       0       0     430       5       0       0       2       0       0       0     430       5
   48.000   182616.480      61   15058     900       0       0       0      16       0       0       0       0     425       5       0       0       2       0       0       0     425       5
   49.000   195714.720      65   16138     900       0       0       0      22       0       0       0       0     435       5       0       0       2       0       0       0     435       5
   50.000   204786.464      68   16886     900       0       0       0      18       0       0       0       0     445       5       0       0       2       0       0       0     445       5
   51.000   212754.560      71   17543     900       0       0       0      26       0       0       0       0     456       6       0       0       2       0       0       0     456       6
   52.000   218636.640      73   18028     900       0       0       0      12       0       0       0       0     461       6       0       0       2       0       0       0     461       6
   53.000   231079.968      77   19054     900       0       0       0      26       0       0       0       0     474       6       0       0       2       0       0       0     474       6
   54.000   238696.352      80   19682     900       0       0       0      18       0       0       0       0     480       6       0       0       2       0       0       0     480       6
   55.000   242152.832      81   19967     900       0       0       0      16       0       0       0       0     488       6       0       0       2       0       0       0     488       6
   56.000   244481.408      81   20159     900       0       0       0      24       0       0       0       0     503       6       0       0       2       0       0       0     503       6
   57.000   253795.712      85   20927     920       0       0       0      22       0       0       0       0     509       6       0       0       2       0       0       0     509       6
   58.000   268033.984      89   22101     991       0       0       0      26       0       0       0       0     520       6       0       0       2       0       0       0     520       6
   59.000   278645.984      93   22976     999       0       0       0      20       0       0       0       0     531       6       0       0       2       0       0       0     531       6
   60.000   287087.072      96   23672     999       0       0       0      28       0       0       0       0     548       7       0       0       2       0       0       0     548       7
   61.000   284928.288      95   23494     999       0       0       0      24       0       0       0       0     566       7       0       0       2       0       0       0     566       7
   62.000   276717.632      92   22817     999       0       0       0      26       0       0       0       0     563       7       0       0       2       0       0       0     563       7
   63.000   285765.120      95   23563    1000       0       0       0      22       0       0       0       0     572       7       0       0       2       0       0       0     572       7
   64.000   290070.560      97   23918    1000       0       0       0      18       0       0       0       0     579       7       0       0       2       0       0       0     579       7
   65.000   288142.208      96   23759    1000       0       0       0      24       0       0       0       0     588       7       0       0       2       0       0       0     588       7
   66.000   288566.688      96   23794    1000       0       0       0      14       0       0       0       0     595       7       0       0       2       0       0       0     595       7
   67.000   300682.560     100   24793    1000       0       0       0      20       0       0       0       0     601       7       0       0       2       0       0       0     601       7
   68.000   302380.480     101   24933    1000       0       0       0      14       0       0       0       0     606       7       0       0       2       0       0       0     606       7
   69.000   303132.416     101   24995    1000       0       0       0      18       0       0       0       0     610       7       0       0       2       0       0       0     610       7
   70.000   303678.176     101   25040    1000       0       0       0      18       0       0       0       0     612       7       0       0       2       0       0       0     612       7
   71.000   311731.168     104   25704    1000       0       0       0      22       0       0       0       0     618       8       0       0       2       0       0       0     618       8
   72.000   324926.432     108   26792    1000       0       0       0      32       0       0       0       0     636       8       0       0       2       0       0       0     636       8
   73.000   337794.240     113   27853    1000       0       0       0      24       0       0       0       0     646       8       0       0       2       0       0       0     646       8
   74.000   349255.200     116   28798    1000       0       0       0      40       0       0       0       0     657       8       0       0       2       0       0       0     657       8
   75.000   356992.864     119   29436    1000       0       0       0      24       0       0       0       0     675       8       0       0       2       0       0       0     675       8
   76.000   310882.208     104   25634    1000       0       0       0      20       0       0       0       0     676       8       0       0       2       0       0       0     676       8
   77.000   267051.616      89   22020    1000       0       0       0      72       0       0       0       0     635       8       0       0       2       0       0       0     635       8
   78.000   277772.768      93   22904    1000       0       0       0      18       0       0       0       0     639       8       0       0       2       0       0       0     639       8
   79.000   284612.960      95   23468    1000       0       0       0      16       0       0       0       0     642       8       0       0       2       0       0       0     642       8
   80.000   289088.192      96   23837    1000       0       0       0      16       0       0       0       0     637       8       0       0       2       0       0       0     637       8
   81.000   301325.344     100   24846    1000       0       0       0      30       0       0       0       0     640       8       0       0       2       0       0       0     640       8
   82.000   319577.984     107   26351    1000       0       0       0      14       0       0       0       0     650       8       0       0       2       0       0       0     650       8
   83.000   323786.400     108   26698    1000       0       0       0      22       0       0       0       0     656       8       0       0       2       0       0       0     656       8
   84.000   323519.584     108   26676    1000       0       0       0      20       0       0       0       0     657       8       0       0       2       0       0       0     657       8
   85.000   331451.296     110   27330    1000       0       0       0      24       0       0       0       0     670       8       0       0       2       0       0       0     670       8
   86.000   332069.824     111   27381    1000       0       0       0      26       0       0       0       0     680       8       0       0       2       0       0       0     680       8
   87.000   317394.944     106   26171    1000    1392       0       0      16       0       0       0       0     682       8       0       0       2       0       0       0     682       8
   88.000   299991.264     100   24736    1000    2925       0       0      16       0       0       0       0     686       8       0       0       2       0       0       0     686       8
   89.000   300003.392     100   24737    1000    3639       0       0      12       0       0       0       0     683       8       0       0       2       0       0       0     683       8
   90.000   300003.392     100   24737    1000    3910       0       0      12       0       0       0       0     675       8       0       0       2       0       0       0     675       8
   91.000   300003.392     100   24737    1000    2740       0       0      22       0       0       0       0     682       8       0       0       2       0       0       0     682       8
   92.000   299991.264     100   24736    1000    1835       0       0      41       0       0       0       0     671       8       0       0       2       0       0       0     671       8
   93.000   300003.392     100   24737    1000    2715       0       0      20       0       0       0       0     680       8       0       0       2       0       0       0     680       8
   94.000   300003.392     100   24737    1000    4233       0       0      36       0       0       0       0     690       8       0       0       2       0       0       0     690       8
   95.000   300003.392     100   24737    1000    5038       0       0      20       0       0       0       0     700       9       0       0       2       0       0       0     700       9
   96.000   299991.264     100   24736    1000    5519       0       0      16       0       0       0       0     709       9       0       0       2       0       0       0     709       9
   97.000   300003.392     100   24737    1000    5700       0       0      22       0       0       0       0     715       9       0       0       2       0       0       0     715       9
   98.000   300003.392     100   24737    1000    6482       0       0      30       0       0       0       0     728       9       0       0       2       0       0       0     728       9
   99.000   299991.264     100   24736    1000    7303       0       0      20       0       0       0       0     736       9       0       0       2       0       0       0     736       9
  100.000   300003.392     100   24737    1000    7703       0       0      18       0       0       0       0     733       9       0       0       2       0       0       0     733       9
  101.000   300003.392     100   24737    1000    7688       0       0      14       0       0       0       0     726       9       0       0       2       0       0       0     726       9
  102.000   300003.392     100   24737    1000    7585       0       0      14       0       0       0       0     725       9       0       0       2       0       0       0     725       9
  103.000   299991.264     100   24736    1000    7378       0       0      16       0       0       0       0     721       9       0       0       2       0       0       0     721       9
  104.000   300003.392     100   24737    1000    7869       0       0      22       0       0       0       0     733       9       0       0       2       0       0       0     733       9
  105.000   300003.392     100   24737    1000    8229       0       0      20       0       0       0       0     738       9       0       0       2       0       0       0     738       9
  106.000   299991.264     100   24736    1000    5343       0       0      24       0       0       0       0     750       9       0       0       2       0       0       0     750       9
  107.000   300003.392     100   24737    1000    3015       0       0      66       0       0       0       0     714       9       0       0       2       0       0       0     714       9
  108.000   300003.392     100   24737    1000    4026       0       0      34       0       0       0       0     722       9       0       0       2       0       0       0     722       9
  109.000   300003.392     100   24737    1000    5030       0       0      28       0       0       0       0     727       9       0       0       2       0       0       0     727       9
  110.000   299991.264     100   24736    1000    6481       0       0      20       0       0       0       0     736       9       0       0       2       0       0       0     736       9
  111.000   300003.392     100   24737    1000    7461       0       0      26       0       0       0       0     743       9       0       0       2       0       0       0     743       9
  112.000   300003.392     100   24737    1000    8233       0       0      32       0       0       0       0     757       9       0       0       2       0       0       0     757       9
  113.000   299991.264     100   24736    1000    8595       0       0      20       0       0       0       0     759       9       0       0       2       0       0       0     759       9
  114.000   300003.392     100   24737    1000    9152       0       0      20       0       0       0       0     766       9       0       0       2       0       0       0     766       9
  115.000   300003.392     100   24737    1000    8954       0       0       4       0       0       0       0     762       9       0       0       2       0       0       0     762       9
  116.000   300003.392     100   24737    1000    9317       0       0      30       0       0       0       0     767       9       0       0       2       0       0       0     767       9
  117.000   299991.264     100   24736    1000    9940       0       0      16       0       0       0       0     774       9       0       0       2       0       0       0     774       9
  118.000   300003.392     100   24737    1000   10712       0       0      22       0       0       0       0     778       9       0       0       2       0       0       0     778       9
  119.000   300003.392     100   24737    1000   11131       0       0      22       0       0       0       0     789      10       0       0       2       0       0       0     789      10
  120.000   300003.392     100   24737    1000   11229       0       0      20       0       0       0       0     791      10       0       0       2       0       0       0     791      10
  121.000   299991.264     100   24736    1000    8921       0       0      24       0       0       0       0     792      10       0       0       2       0       0       0     792      10
  122.000   300003.392     100   24737    1000    7036       0       0      58       0       0       0       0     770       9       0       0       2       0       0       0     770       9
  123.000   300003.392     100   24737    1000    7475       0       0      14       0       0       0       0     765       9       0       0       2       0       0       0     765       9
  124.000   299991.264     100   24736    1000    7737       0       0      22       0       0       0       0     771       9       0       0       2       0       0       0     771       9
  125.000   300003.392     100   24737    1000    8147       0       0      22       0       0       0       0     776       9       0       0       2       0       0       0     776       9
  126.000   300003.392     100   24737    1000    8965       0       0      28       0       0       0       0     780      10       0       0       2       0       0       0     780      10
  127.000   300003.392     100   24737    1000   10118       0       0      44       0       0       0       0     797      10       0       0       2       0       0       0     797      10
  128.000   299991.264     100   24736    1000   10043       0       0      22       0       0       0       0     806      10       0       0       2       0       0       0     806      10
  129.000   300003.392     100   24737    1000   10239       0       0      10       0       0       0       0     807      10       0       0       2       0       0       0     807      10
  130.000   300003.392     100   24737    1000   10701       0       0      18       0       0       0       0     811      10       0       0       2       0       0       0     811      10
  131.000   299991.264     100   24736    1000   11199       0       0      24       0       0       0       0     814      10       0       0       2       0       0       0     814      10
  132.000   300003.392     100   24737    1000   11601       0       0      18       0       0       0       0     817      10       0       0       2       0       0       0     817      10
  133.000   300003.392     100   24737    1000   11780       0       0      16       0       0       0       0     820      10       0       0       2       0       0       0     820      10
  134.000   300003.392     100   24737    1000   11776       0       0      10       0       0       0       0     814      10       0       0       2       0       0       0     814      10
  135.000   299991.264     100   24736    1000   12426       0       0      30       0       0       0       0     820      10       0       0       2       0       0       0     820      10
  136.000   300003.392     100   24737    1000    9937       0       0      24       0       0       0       0     822      10       0       0       2       0       0       0     822      10
  137.000   300003.392     100   24737    1000    6773       0       0      53       0       0       0       0     774       9       0       0       2       0       0       0     774       9
  138.000   299991.264     100   24736    1000    7176       0       0      36       0       0       0       0     776       9       0       0       2       0       0       0     776       9
  139.000   300003.392     100   24737    1000    8349       0       0      22       0       0       0       0     781      10       0       0       2       0       0       0     781      10
  140.000   300003.392     100   24737    1000    8637       0       0      18       0       0       0       0     780      10       0       0       2       0       0       0     780      10
  141.000   300003.392     100   24737    1000    8640       0       0      26       0       0       0       0     783      10       0       0       2       0       0       0     783      10
  142.000   299991.264     100   24736    1000    9246       0       0      22       0       0       0       0     787      10       0       0       2       0       0       0     787      10
  143.000   300003.392     100   24737    1000    9779       0       0      30       0       0       0       0     789      10       0       0       2       0       0       0     789      10
  144.000   300003.392     100   24737    1000   10187       0       0      22       0       0       0       0     800      10       0       0       2       0       0       0     800      10
  145.000   300003.392     100   24737    1000   10154       0       0      12       0       0       0       0     803      10       0       0       2       0       0       0     803      10
  146.000   299991.264     100   24736    1000   10099       0       0      10       0       0       0       0     796      10       0       0       2       0       0       0     796      10
  147.000   300003.392     100   24737    1000    9936       0       0      20       0       0       0       0     796      10       0       0       2       0       0       0     796      10
  148.000   300003.392     100   24737    1000   10056       0       0      24       0       0       0       0     797      10       0       0       2       0       0       0     797      10
  149.000   299991.264     100   24736    1000   10647       0       0      18       0       0       0       0     800      10       0       0       2       0       0       0     800      10
  150.000   300003.392     100   24737    1000   10754       0       0      12       0       0       0       0     793      10       0       0       2       0       0       0     793      10
  151.000   300003.392     100   24737    1000    8256       0       0      18       0       0       0       0     790      10       0       0       2       0       0       0     790      10
  152.000   300003.392     100   24737    1000    6078       0       0      53       0       0       0       0     761       9       0       0       2       0       0       0     761       9
  153.000   299991.264     100   24736    1000    6466       0       0      18       0       0       0       0     759       9       0       0       2       0       0       0     759       9
  154.000   300003.392     100   24737    1000    6413       0       0      30       0       0       0       0     762       9       0       0       2       0       0       0     762       9
  155.000   300003.392     100   24737    1000    6678       0       0      14       0       0       0       0     763       9       0       0       2       0       0       0     763       9
  156.000   299991.264     100   24736    1000    7670       0       0      22       0       0       0       0     765       9       0       0       2       0       0       0     765       9
  157.000   300003.392     100   24737    1000    8285       0       0      20       0       0       0       0     762       9       0       0       2       0       0       0     762       9
  158.000   300003.392     100   24737    1000    8955       0       0      28       0       0       0       0     767       9       0       0       2       0       0       0     767       9
  159.000   300003.392     100   24737    1000    9838       0       0      24       0       0       0       0     775       9       0       0       2       0       0       0     775       9
  160.000   299991.264     100   24736    1000    9841       0       0      20       0       0       0       0     775       9       0       0       2       0       0       0     775       9
  161.000   300003.392     100   24737    1000    9819       0       0      10       0       0       0       0     781      10       0       0       2       0       0       0     781      10
  162.000   300003.392     100   24737    1000    9941       0       0      24       0       0       0       0     782      10       0       0       2       0       0       0     782      10
  163.000   299991.264     100   24736    1000    9902       0       0      22       0       0       0       0     786      10       0       0       2       0       0       0     786      10
  164.000   300003.392     100   24737    1000   10526       0       0      28       0       0       0       0     799      10       0       0       2       0       0       0     799      10
  165.000   300003.392     100   24737    1000   11000       0       0      28       0       0       0       0     813      10       0       0       2       0       0       0     813      10
  166.000   300003.392     100   24737    1000    7805       0       0      22       0       0       0       0     822      10       0       0       2       0       0       0     822      10
  167.000   299991.264     100   24736    1000    4974       0       0      57       0       0       0       0     787      10       0       0       2       0       0       0     787      10
  168.000   300003.392     100   24737    1000    5333       0       0      22       0       0       0       0     779      10       0       0       2       0       0       0     779      10
  169.000   300003.392     100   24737    1000    5166       0       0      14       0       0       0       0     773       9       0       0       2       0       0       0     773       9
  170.000   300003.392     100   24737    1000    5848       0       0      16       0       0       0       0     769       9       0       0       2       0       0       0     769       9
  171.000   299991.264     100   24736    1000    6140       0       0      18       0       0       0       0     770       9       0       0       2       0       0       0     770       9
  172.000   300003.392     100   24737    1000    6744       0       0      22       0       0       0       0     773       9       0       0       2       0       0       0     773       9
  173.000   300003.392     100   24737    1000    6891       0       0      32       0       0       0       0     780      10       0       0       2       0       0       0     780      10
  174.000   299991.264     100   24736    1000    6848       0       0      12       0       0       0       0     778       9       0       0       2       0       0       0     778       9
  175.000   300003.392     100   24737    1000    6690       0       0      12       0       0       0       0     774       9       0       0       2       0       0       0     774       9
  176.000   300003.392     100   24737    1000    6503       0       0       6       0       0       0       0     764       9       0       0       2       0       0       0     764       9
  177.000   300003.392     100   24737    1000    6273       0       0      20       0       0       0       0     760       9       0       0       2       0       0       0     760       9
  178.000   299991.264     100   24736    1000    7067       0       0      38       0       0       0       0     770       9       0       0       2       0       0       0     770       9
  179.000   300003.392     100   24737    1000    7610       0       0      12       0       0       0       0     775       9       0       0       2       0       0       0     775       9
  180.000   300003.392     100   24737    1000    7743       0       0      18       0       0       0       0     768       9       0       0       2       0       0       0     768       9
  181.000   299991.264     100   24736    1000    5110       0       0      30       0       0       0       0     766       9       0       0       2       0       0       0     766       9
  182.000   300003.392     100   24737    1000    2843       0       0      62       0       0       0       0     739       9       0       0       2       0       0       0     739       9
  183.000   300003.392     100   24737    1000    3220       0       0      12       0       0       0       0     739       9       0       0       2       0       0       0     739       9
  184.000   300003.392     100   24737    1000    3859       0       0      14       0       0       0       0     733       9       0       0       2       0       0       0     733       9
  185.000   299991.264     100   24736    1000    4318       0       0      16       0       0       0       0     732       9       0       0       2       0       0       0     732       9
  186.000   300003.392     100   24737    1000    4274       0       0      20       0       0       0       0     730       9       0       0       2       0       0       0     730       9
  187.000   300003.392     100   24737    1000    4533       0       0      16       0       0       0       0     731       9       0       0       2       0       0       0     731       9
  188.000   299991.264     100   24736    1000    5617       0       0      24       0       0       0       0     730       9       0       0       2       0       0       0     730       9
  189.000   300003.392     100   24737    1000    6257       0       0      12       0       0       0       0     726       9       0       0       2       0       0       0     726       9
  190.000   300003.392     100   24737    1000    7095       0       0      36       0       0       0       0     737       9       0       0       2       0       0       0     737       9
  191.000   300003.392     100   24737    1000    7456       0       0      18       0       0       0       0     749       9       0       0       2       0       0       0     749       9
  192.000   299991.264     100   24736    1000    7852       0       0      20       0       0       0       0     753       9       0       0       2       0       0       0     753       9
  193.000   300003.392     100   24737    1000    8090       0       0      20       0       0       0       0     753       9       0       0       2       0       0       0     753       9
  194.000   300003.392     100   24737    1000    8349       0       0      20       0       0       0       0     749       9       0       0       2       0       0       0     749       9
  195.000   300003.392     100   24737    1000    9020       0       0      22       0       0       0       0     762       9       0       0       2       0       0       0     762       9
  196.000   299991.264     100   24736    1000    5594       0       0      22       0       0       0       0     768       9       0       0       2       0       0       0     768       9
  197.000   300003.392     100   24737    1000    2666       0       0      52       0       0       0       0     723       9       0       0       2       0       0       0     723       9
  198.000   300003.392     100   24737    1000    3159       0       0      22       0       0       0       0     718       9       0       0       2       0       0       0     718       9
  199.000   299991.264     100   24736    1000    3935       0       0      28       0       0       0       0     731       9       0       0       2       0       0       0     731       9
  200.000   300003.392     100   24737    1000    4838       0       0      28       0       0       0       0     749       9       0       0       2       0       0       0     749       9
  201.000   300003.392     100   24737    1000    5003       0       0      12       0       0       0       0     752       9       0       0       2       0       0       0     752       9
  202.000   300003.392     100   24737    1000    4962       0       0      10       0       0       0       0     745       9       0       0       2       0       0       0     745       9
  203.000   299991.264     100   24736    1000    5133       0       0      20       0       0       0       0     745       9       0       0       2       0       0       0     745       9
  204.000   300003.392     100   24737    1000    4970       0       0      24       0       0       0       0     746       9       0       0       2       0       0       0     746       9
  205.000   300003.392     100   24737    1000    5031       0       0      16       0       0       0       0     745       9       0       0       2       0       0       0     745       9
  206.000   299991.264     100   24736    1000    5380       0       0      24       0       0       0       0     745       9       0       0       2       0       0       0     745       9
  207.000   300003.392     100   24737    1000    5540       0       0      18       0       0       0       0     742       9       0       0       2       0       0       0     742       9
  208.000   300003.392     100   24737    1000    5633       0       0      16       0       0       0       0     743       9       0       0       2       0       0       0     743       9
  209.000   300003.392     100   24737    1000    6094       0       0      22       0       0       0       0     742       9       0       0       2       0       0       0     742       9
  210.000   299991.264     100   24736    1000    6549       0       0      20       0       0       0       0     740       9       0       0       2       0       0       0     740       9
  211.000   300003.392     100   24737    1000    4243       0       0      24       0       0       0       0     748       9       0       0       2       0       0       0     748       9
  212.000   300003.392     100   24737    1000    1950       0       0      55       0       0       0       0     708       9       0       0       2       0       0       0     708       9
  213.000   300003.392     100   24737    1000    2121       0       0      20       0       0       0       0     704       9       0       0       2       0       0       0     704       9
  214.000   299991.264     100   24736    1000    2419       0       0      18       0       0       0       0     708       9       0       0       2       0       0       0     708       9
  215.000   300003.392     100   24737    1000    2878       0       0      16       0       0       0       0     704       9       0       0       2       0       0       0     704       9
  216.000   300003.392     100   24737    1000    3910       0       0      28       0       0       0       0     714       9       0       0       2       0       0       0     714       9
  217.000   299991.264     100   24736    1000    4687       0       0      20       0       0       0       0     726       9       0       0       2       0       0       0     726       9
  218.000   300003.392     100   24737    1000    4217       0       0      10       0       0       0       0     724       9       0       0       2       0       0       0     724       9
  219.000   300003.392     100   24737    1000    4189       0       0      24       0       0       0       0     722       9       0       0       2       0       0       0     722       9
  220.000   300003.392     100   24737    1000    4882       0       0      20       0       0       0       0     727       9       0       0       2       0       0       0     727       9
  221.000   299991.264     100   24736    1000    5062       0       0      18       0       0       0       0     727       9       0       0       2       0       0       0     727       9
  222.000   300003.392     100   24737    1000    5485       0       0      18       0       0       0       0     728       9       0       0       2       0       0       0     728       9
  223.000   300003.392     100   24737    1000    5847       0       0       6       0       0       0       0     717       9       0       0       2       0       0       0     717       9
  224.000   299991.264     100   24736    1000    6387       0       0      24       0       0       0       0     720       9       0       0       2       0       0       0     720       9
  225.000   300003.392     100   24737    1000    6305       0       0      16       0       0       0       0     716       9       0       0       2       0       0       0     716       9
  226.000   300003.392     100   24737    1000    3316       0       0      10       0       0       0       0     706       9       0       0       2       0       0       0     706       9
  227.000   300003.392     100   24737    1000     635       0       0      52       0       0       0       0     667       8       0       0       2       0       0       0     667       8
  228.000   299991.264     100   24736    1000    1221       0       0      26       0       0       0       0     668       8       0       0       2       0       0       0     668       8
  229.000   300003.392     100   24737    1000    1856       0       0      32       0       0       0       0     677       8       0       0       2       0       0       0     677       8
  230.000   300003.392     100   24737    1000    2584       0       0       8       0       0       0       0     686       8       0       0       2       0       0       0     686       8
  231.000   299991.264     100   24736    1000    2853       0       0      20       0       0       0       0     683       8       0       0       2       0       0       0     683       8
  232.000   300003.392     100   24737    1000    3896       0       0      14       0       0       0       0     684       8       0       0       2       0       0       0     684       8
  233.000   300003.392     100   24737    1000    4551       0       0      18       0       0       0       0     685       8       0       0       2       0       0       0     685       8
  234.000   300003.392     100   24737    1000    4528       0       0      12       0       0       0       0     678       8       0       0       2       0       0       0     678       8
  235.000   299991.264     100   24736    1000    5263       0       0      30       0       0       0       0     683       8       0       0       2       0       0       0     683       8
  236.000   300003.392     100   24737    1000    5878       0       0      20       0       0       0       0     688       8       0       0       2       0       0       0     688       8
  237.000   300003.392     100   24737    1000    6972       0       0      30       0       0       0       0     704       9       0       0       2       0       0       0     704       9
  238.000   300003.392     100   24737    1000    7756       0       0      26       0       0       0       0     719       9       0       0       2       0       0       0     719       9
  239.000   299991.264     100   24736    1000    7676       0       0      18       0       0       0       0     725       9       0       0       2       0       0       0     725       9
  240.000   300003.392     100   24737    1000    7628       0       0      16       0       0       0       0     726       9       0       0       2       0       0       0     726       9
  241.000   300003.392     100   24737    1000    4829       0       0      18       0       0       0       0     722       9       0       0       2       0       0       0     722       9
  242.000   299991.264     100   24736    1000    2987       0       0      62       0       0       0       0     691       8       0       0       2       0       0       0     691       8
  243.000   300003.392     100   24737    1000    3431       0       0      22       0       0       0       0     691       8       0       0       2       0       0       0     691       8
  244.000   300003.392     100   24737    1000    3953       0       0      18       0       0       0       0     692       8       0       0       2       0       0       0     692       8
  245.000   300003.392     100   24737    1000    3499       0       0       0       0       0       0       0     682       8       0       0       2       0       0       0     682       8
  246.000   299991.264     100   24736    1000    3264       0       0       0       0       0       0       0     668       8       0       0       2       0       0       0     668       8
  247.000   300003.392     100   24737    1000    2800       0       0       0       0       0       0       0     654       8       0       0       2       0       0       0     654       8
  248.000   300003.392     100   24737    1000    2116       0       0       0       0       0       0       0     640       8       0       0       2       0       0       0     640       8
  249.000   299991.264     100   24736    1000    1796       0       0       0       0       0       0       0     630       8       0       0       2       0       0       0     630       8
  250.000   300003.392     100   24737    1000    1481       0       0       0       0       0       0       0     613       7       0       0       2       0       0       0     613       7
  251.000   300003.392     100   24737    1000    1133       0       0       0       0       0       0       0     595       7       0       0       2       0       0       0     595       7
  252.000   300003.392     100   24737    1000     829       0       0       0       0       0       0       0     572       7       0       0       2       0       0       0     572       7
  253.000   299991.264     100   24736    1000     432       0       0       0       0       0       0       0     551       7       0       0       2       0       0       0     551       7
  254.000   295127.936      98   24335    1000       0       0       0       0       0       0       0       0     532       6       0       0       2       0       0       0     532       6
  255.000   288918.400      96   23823     940       0       0       0       0       0       0       0       0     515       6       0       0       2       0       0       0     515       6
  256.000   245657.824      82   20256     904       0       0       0       0       0       0       0       0     505       6       0       0       2       0       0       0     505       6
  257.000   205853.728      69   16974     900       0       0       0      31       0       0       0       0     458       6       0       0       2       0       0       0     458       6
  258.000   200941.888      67   16569     900       0       0       0       0       0       0       0       0     435       5       0       0       2       0       0       0     435       5
  259.000   197764.352      66   16307     900       0       0       0       0       0       0       0       0     419       5       0       0       2       0       0       0     419       5
  260.000   193410.400      64   15948     900       0       0       0       0       0       0       0       0     410       5       0       0       2       0       0       0     410       5
  261.000   186303.392      62   15362     900       0       0       0       0       0       0       0       0     402       5       0       0       2       0       0       0     402       5
  262.000   183562.464      61   15136     900       0       0       0       0       0       0       0       0     396       5       0       0       2       0       0       0     396       5
  263.000   177049.728      59   14599     900       0       0       0       0       0       0       0       0     388       5       0       0       2       0       0       0     388       5
  264.000   175048.608      58   14434     900       0       0       0       0       0       0       0       0     383       5       0       0       2       0       0       0     383       5
  265.000   172392.576      57   14215     900       0       0       0       0       0       0       0       0     377       5       0       0       2       0       0       0     377       5
  266.000   168936.096      56   13930     900       0       0       0       0       0       0       0       0     372       5       0       0       2       0       0       0     372       5
  267.000   163248.064      54   13461     900       0       0       0       0       0       0       0       0     366       4       0       0       2       0       0       0     366       4
  268.000   162192.928      54   13374     900       0       0       0       0       0       0       0       0     358       4       0       0       2       0       0       0     358       4
  269.000   159051.776      53   13115     900       0       0       0       0       0       0       0       0     347       4       0       0       2       0       0       0     347       4
  270.000   157171.936      52   12960     900       0       0       0       0       0       0       0       0     335       4       0       0       2       0       0       0     335       4
  271.000   136796.896      46   11280     900       0       0       0       0       0       0       0       0     322       4       0       0       2       0       0       0     322       4
  272.000   115876.096      39    9555     900       0       0       0      33       0       0       0       0     286       3       0       0       2       0       0       0     286       3
  273.000   113523.264      38    9361     900       0       0       0       0       0       0       0       0     273       3       0       0       2       0       0       0     273       3
  274.000   111813.216      37    9220     900       0       0       0       0       0       0       0       0     265       3       0       0       2       0       0       0     265       3
  275.000   109715.072      37    9047     851       0       0       0       0       0       0       0       0     257       3       0       0       2       0       0       0     257       3
  276.000   106695.200      36    8798     805       0       0       0       0       0       0       0       0     250       3       0       0       2       0       0       0     250       3
  277.000   101856.128      34    8399     800       0       0       0       0       0       0       0       0     244       3       0       0       2       0       0       0     244       3
  278.000    99175.840      33    8178     800       0       0       0       0       0       0       0       0     234       3       0       0       2       0       0       0     234       3
  279.000    97853.888      33    8069     800       0       0       0       0       0       0       0       0     228       3       0       0       2       0       0       0     228       3
  280.000    95440.416      32    7870     800       0       0       0       0       0       0       0       0     222       3       0       0       2       0       0       0     222       3
  281.000    90310.272      30    7447     800       0       0       0       0       0       0       0       0     215       3       0       0       2       0       0       0     215       3
  282.000    84282.656      28    6950     800       0       0       0       0       0       0       0       0     209       3       0       0       2       0       0       0     209       3
  283.000    80777.664      27    6661     800       0       0       0       0       0       0       0       0     206       3       0       0       2       0       0       0     206       3
  284.000    76229.664      25    6286     800       0       0       0       0       0       0       0       0     202       2       0       0       2       0       0       0     202       2
  285.000    73318.944      24    6046     800       0       0       0       0       0       0       0       0     198       2       0       0       2       0       0       0     198       2
  286.000    61651.808      21    5084     800       0       0       0       0       0       0       0       0     194       2       0       0       2       0       0       0     194       2
  287.000    49366.144      16    4071     800       0       0       0      32       0       0       0       0     163       2       0       0       2       0       0       0     163       2
  288.000    46552.448      16    3839     800       0       0       0       0       0       0       0       0     155       2       0       0       2       0       0       0     155       2
  289.000    45121.344      15    3721     800       0       0       0       0       0       0       0       0     150       2       0       0       2       0       0       0     150       2
  290.000    43120.224      14    3556     800       0       0       0       0       0       0       0       0     146       2       0       0       2       0       0       0     146       2
  291.000    42319.776      14    3490     800       0       0       0       0       0       0       0       0     142       2       0       0       2       0       0       0     142       2
  292.000    41761.888      14    3444     800       0       0       0       0       0       0       0       0     134       2       0       0       2       0       0       0     134       2
  293.000    39299.904      13    3241     800       0       0       0       0       0       0       0       0     130       2       0       0       2       0       0       0     130       2
  294.000    36437.696      12    3005     751       0       0       0       0       0       0       0       0     129       2       0       0       2       0       0       0     129       2
  295.000    35952.576      12    2965     705       0       0       0       0       0       0       0       0     123       2       0       0       2       0       0       0     123       2
  296.000    35030.848      12    2889     700       0       0       0       0       0       0       0       0     117       1       0       0       2       0       0       0     117       1
  297.000    33842.304      11    2791     700       0       0       0       0       0       0       0       0     110       1       0       0       2       0       0       0     110       1
  298.000    33636.128      11    2774     700       0       0       0       0       0       0       0       0     107       1       0       0       2       0       0       0     107       1
  299.000    31756.288      11    2619     700       0       0       0       0       0       0       0       0     102       1       0       0       2       0       0       0     102       1
  300.000    29694.528      10    2449     700       0       0       0       0       0       0       0       0     100       1       0       0       2       0       0       0     100       1
  301.000    21265.568       7    1754     700       0       0       0       0       0       0       0       0      98       1       0       0       2       0       0       0      98       1
  302.000    14352.608       5    1184     613       0       0       0      36       0       0       0       0      64       1       0       0       2       0       0       0      64       1
  303.000    14110.048       5    1164     601       0       0       0       0       0       0       0       0      57       1       0       0       2       0       0       0      57       1
  304.000    13079.168       4    1079     600       0       0       0       0       0       0       0       0      54       1       0       0       2       0       0       0      54       1
  305.000    12157.440       4    1003     600       0       0       0       0       0       0       0       0      53       1       0       0       2       0       0       0      53       1
  306.000    12133.184       4    1001     600       0       0       0       0       0       0       0       0      53       1       0       0       2       0       0       0      53       1
  307.000    11866.368       4     979     600       0       0       0       0       0       0       0       0      51       1       0       0       2       0       0       0      51       1
  308.000    11696.576       4     965     600       0       0       0       0       0       0       0       0      48       1       0       0       2       0       0       0      48       1
  309.000    10799.104       4     891     600       0       0       0       0       0       0       0       0      45       1       0       0       2       0       0       0      45       1
  310.000     9877.376       3     815     600       0       0       0       0       0       0       0       0      43       1       0       0       2       0       0       0      43       1
  311.000     9246.720       3     763     600       0       0       0       0       0       0       0       0      42       1       0       0       2       0       0       0      42       1
  312.000     8822.240       3     728     600       0       0       0       0       0       0       0       0      40       0       0       0       2       0       0       0      40       0
  313.000     8822.240       3     728     600       0       0       0       0       0       0       0       0      40       0       0       0       2       0       0       0      40       0
  314.000     8785.856       3     725     600       0       0       0       0       0       0       0       0      39       0       0       0       2       0       0       0      39       0
  315.000     8579.680       3     708     600       0       0       0       0       0       0       0       0      37       0       0       0       2       0       0       0      37       0
  316.000     5159.584       2     426     600       0       0       0       0       0       0       0       0      34       0       0       0       2       0       0       0      34       0
  317.000     2309.504       1     191     513       0       0       0      16       0       0       0       0      19       0       0       0       2       0       0       0      19       0
  318.000     2224.608       1     184     501       0       0       0       0       0       0       0       0      17       0       0       0       2       0       0       0      17       0
  319.000     2212.480       1     183     410       0       0       0       0       0       0       0       0      16       0       0       0       2       0       0       0      16       0
  320.000     2224.608       1     184     401       0       0       0       0       0       0       0       0      15       0       0       0       2       0       0       0      15       0
  321.000     2224.608       1     184     400       0       0       0       0       0       0       0       0      15       0       0       0       2       0       0       0      15       0
  322.000     1969.920       1     163     400       0       0       0       0       0       0       0       0      14       0       0       0       2       0       0       0      14       0
  323.000     1836.512       1     152     400       0       0       0       0       0       0       0       0      13       0       0       0       2       0       0       0      13       0
  324.000     1751.616       1     145     400       0       0       0       0       0       0       0       0      12       0       0       0       2       0       0       0      12       0
  325.000     1715.232       1     142     400       0       0       0       0       0       0       0       0      11       0       0       0       2       0       0       0      11       0
  326.000     1715.232       1     142     400       0       0       0       0       0       0       0       0      10       0       0       0       2       0       0       0      10       0
  327.000     1715.232       1     142     400       0       0       0       0       0       0       0       0       9       0       0       0       2       0       0       0       9       0
  328.000      999.680       0      83     400       0       0       0       0       0       0       0       0       9       0       0       0       2       0       0       0       9       0
  329.000      429.664       0      36     400       0       0       0       0       0       0       0       0       9       0       0       0       2       0       0       0       9       0
  330.000      429.664       0      36     313       0       0       0       0       0       0       0       0       8       0       0       0       2       0       0       0       8       0
  331.000       90.080       0       8     301       0       0       0       0       0       0       0       0       8       0       0       0       2       0       0       0       8       0
  332.000        8.656       0       1     300       0       0       0       5       0       0       0       0       7       0       0       0       2       0       0       0       7       0
  333.000        8.656       0       1     300       0       0       0       2       0       0       0       0       7       0       0       0       2       0       0       0       7       0
  334.000        8.656       0       1     300       0       0       0       2       0       0       0       0       7       0       0       0       2       0       0       0       7       0
  335.000        8.656       0       1     300       0       0       0       2       0       0       0       0       7       0       0       0       2       0       0       0       7       0
  336.000        8.656       0       1     300       0       0       0       2       0       0       0       0       7       0       0       0       2       0       0       0       7       0
  337.000        8.656       0       1     300       0       0       0       2       0       0       0       0       6       0       0       0       2       0       0       0       6       0
  338.000        8.656       0       1     300       0       0       0       2       0       0       0       0       6       0       0       0       2       0       0       0       6       0
  339.000        8.656       0       1     300       0       0       0       2       0       0       0       0       5       0       0       0       2       0       0       0       5       0
  340.000        8.656       0       1     300       0       0       0       2       0       0       0       0       5       0       0       0       2       0       0       0       5       0
  341.000        8.656       0       1     300       0       0       0       2       0       0       0       0       5       0       0       0       2       0       0       0       5       0
  342.000        8.656       0       1     300       0       0       0       2       0       0       0       0       5       0       0       0       2       0       0       0       5       0
  343.000        8.656       0       1     300       0       0       0       2       0       0       0       0       5       0       0       0       2       0       0       0       5       0
  344.000        8.656       0       1     300       0       0       0       2       0       0       0       0       5       0       0       0       2       0       0       0       5       0
  345.000        8.656       0       1     300       0       0       0       2       0       0       0       0       5       0       0       0       2       0       0       0       5       0
  346.000        8.656       0       1     216       0       0       0       2       0       0       0       0       4       0       0       0       2       0       0       0       4       0
  347.000        8.656       0       1     201       0       0       0       3       0       0       0       0       4       0       0       0       2       0       0       0       4       0
  348.000        8.656       0       1     200       0       0       0       2       0       0       0       0       4       0       0       0       2       0       0       0       4       0
  349.000        8.656       0       1     200       0       0       0       2       0       0       0       0       4       0       0       0       2       0       0       0       4       0
  350.000        8.656       0       1     200       0       0       0       2       0       0       0       0       4       0       0       0       2       0       0       0       4       0
  351.000        8.656       0       1     200       0       0       0       2       0       0       0       0       4       0       0       0       2       0       0       0       4       0
  352.000        8.656       0       1     200       0       0       0       2       0       0       0       0       4       0       0       0       2       0       0       0       4       0
  353.000        8.656       0       1     200       0       0       0       2       0       0       0       0       4       0       0       0       2       0       0       0       4       0
  354.000        8.656       0       1     200       0       0       0       2       0       0       0       0       4       0       0       0       2       0       0       0       4       0
  355.000        8.656       0       1     200       0       0       0       2       0       0       0       0       4       0       0       0       2       0       0       0       4       0
  356.000        8.656       0       1     200       0       0       0       2       0       0       0       0       4       0       0       0       2       0       0       0       4       0
  357.000        8.656       0       1     200       0       0       0       2       0       0       0       0       4       0       0       0       2       0       0       0       4       0
  358.000        8.656       0       1     200       0       0       0       2       0       0       0       0       4       0       0       0       2       0       0       0       4       0
  359.000        8.656       0       1     200       0       0       0       2       0       0       0       0       4       0       0       0       2       0       0       0       4       0
  360.000        8.656       0       1     200       0       0       0       2       0       0       0       0       4       0       0       0       2       0       0       0       4       0
  361.000        8.656       0       1     200       0       0       0       2       0       0       0       0       4       0       0       0       2       0       0       0       4       0
  362.000        8.656       0       1     200       0       0       0       3       0       0       0       0       4       0       0       0       2       0       0       0       4       0
  363.000        8.656       0       1     200       0       0       0       2       0       0       0       0       4       0       0       0       2       0       0       0       4       0
  364.000        8.656       0       1     200       0       0       0       2       0       0       0       0       4       0       0       0       2       0       0       0       4       0
  365.000        8.656       0       1     200       0       0       0       2       0       0       0       0       4       0       0       0       2       0       0       0       4       0
  366.000        8.656       0       1     200       0       0       0       2       0       0       0       0       4       0       0       0       2       0       0       0       4       0
  367.000        8.656       0       1     200       0       0       0       2       0       0       0       0       4       0       0       0       2       0       0       0       4       0
  368.000        8.656       0       1     200       0       0       0       2       0       0       0       0       4       0       0       0       2       0       0       0       4       0
  369.000        8.656       0       1     200       0       0       0       2       0       0       0       0       4       0       0       0       2       0       0       0       4       0
  370.000        8.656       0       1     200       0       0       0       2       0       0       0       0       4       0       0       0       2       0       0       0       4       0
  371.000        8.656       0       1     200       0       0       0       2       0       0       0       0       4       0       0       0       2       0       0       0       4       0
  372.000        8.656       0       1     200       0       0       0       2       0       0       0       0       4       0       0       0       2       0       0       0       4       0
  373.000        8.656       0       1     200       0       0       0       2       0       0       0       0       4       0       0       0       2       0       0       0       4       0
  374.000        8.656       0       1     200       0       0       0       2       0       0       0       0       4       0       0       0       2       0       0       0       4       0
  375.000        8.656       0       1     200       0       0       0       2       0       0       0       0       4       0       0       0       2       0       0       0       4       0
  376.000        8.656       0       1     200       0       0       0       2       0       0       0       0       4       0       0       0       2       0       0       0       4       0
  377.000        8.656       0       1     200       0       0       0       3       0       0       0       0       4       0       0       0       2       0       0       0       4       0
  378.000        8.656       0       1     200       0       0       0       2       0       0       0       0       4       0       0       0       2       0       0       0       4       0
  379.000        8.656       0       1     200       0       0       0       2       0       0       0       0       4       0       0       0       2       0       0       0       4       0
  380.000        8.656       0       1     200       0       0       0       2       0       0       0       0       4       0       0       0       2       0       0       0       4       0
  381.000        8.656       0       1     200       0       0       0       2       0       0       0       0       4       0       0       0       2       0       0       0       4       0
  382.000        8.656       0       1     200       0       0       0       2       0       0       0       0       4       0       0       0       2       0       0       0       4       0
  383.000        8.656       0       1     200       0       0       0       2       0       0       0       0       4       0       0       0       2       0       0       0       4       0
  384.000        8.656       0       1     200       0       0       0       2       0       0       0       0       4       0       0       0       2       0       0       0       4       0
  385.000        8.656       0       1     200       0       0       0       2       0       0       0       0       4       0       0       0       2       0       0       0       4       0
  386.000        8.656       0       1     200       0       0       0       2       0       0       0       0       4       0       0       0       2       0       0       0       4       0
  387.000        8.656       0       1     200       0       0       0       2       0       0       0       0       4       0       0       0       2       0       0       0       4       0
  388.000        8.656       0       1     200       0       0       0       2       0       0       0       0       4       0       0       0       2       0       0       0       4       0
  389.000        8.656       0       1     200       0       0       0       2       0       0       0       0       4       0       0       0       2       0       0       0       4       0
  390.000        8.656       0       1     200       0       0       0       2       0       0       0       0       4       0       0       0       2       0       0       0       4       0
  391.000        8.656       0       1     200       0       0       0       2       0       0       0       0       4       0       0       0       2       0       0       0       4       0
  392.000        8.656       0       1     200       0       0       0       3       0       0       0       0       4       0       0       0       2       0       0       0       4       0
  393.000        8.656       0       1     200       0       0       0       2       0       0       0       0       4       0       0       0       2       0       0       0       4       0
  394.000        8.656       0       1     200       0       0       0       2       0       0       0       0       4       0       0       0       2       0       0       0       4       0
  395.000        8.656       0       1     200       0       0       0       2       0       0       0       0       4       0       0       0       2       0       0       0       4       0
  396.000        8.656       0       1     200       0       0       0       2       0       0       0       0       4       0       0       0       2       0       0       0       4       0
  397.000        8.656       0       1     200       0       0       0       2       0       0       0       0       4       0       0       0       2       0       0       0       4       0
  398.000        8.656       0       1     200       0       0       0       2       0       0       0       0       4       0       0       0       2       0       0       0       4       0
  399.000        8.656       0       1     200       0       0       0       2       0       0       0       0       4       0       0       0       2       0       0       0       4       0
  400.000        8.656       0       1     200       0       0       0       2       0       0       0       0       4       0       0       0       2       0       0       0       4       0
  401.000        8.656       0       1     200       0       0       0       2       0       0       0       0       4       0       0       0       2       0       0       0       4       0
  402.000        8.656       0       1     200       0       0       0       2       0       0       0       0       4       0       0       0       2       0       0       0       4       0
  403.000        8.656       0       1     200       0       0       0       2       0       0       0       0       4       0       0       0       2       0       0       0       4       0
  404.000        8.656       0       1     200       0       0       0       2       0       0       0       0       4       0       0       0       2       0       0       0       4       0
  405.000        8.656       0       1     200       0       0       0       2       0       0       0       0       4       0       0       0       2       0       0       0       4       0
  406.000        8.656       0       1     200       0       0       0       2       0       0       0       0       4       0       0       0       2       0       0       0       4       0
  407.000        8.656       0       1     200       0       0       0       3       0       0       0       0       4       0       0       0       2       0       0       0       4       0
  408.000        8.656       0       1     200       0       0       0       2       0       0       0       0       4       0       0       0       2       0       0       0       4       0
  409.000        8.656       0       1     200       0       0       0       2       0       0       0       0       4       0       0       0       2       0       0       0       4       0
  410.000        8.656       0       1     200       0       0       0       2       0       0       0       0       4       0       0       0       2       0       0       0       4       0
  411.000        8.656       0       1     200       0       0       0       2       0       0       0       0       4       0       0       0       2       0       0       0       4       0
  412.000        8.656       0       1     200       0       0       0       2       0       0       0       0       4       0       0       0       2       0       0       0       4       0
  413.000        8.656       0       1     200       0       0       0       2       0       0       0       0       4       0       0       0       2       0       0       0       4       0
  414.000        8.656       0       1     200       0       0       0       2       0       0       0       0       4       0       0       0       2       0       0       0       4       0
  415.000        8.656       0       1     200       0       0       0       2       0       0       0       0       4       0       0       0       2       0       0       0       4       0
  416.000        8.656       0       1     200       0       0       0       2       0       0       0       0       4       0       0       0       2       0       0       0       4       0
  417.000        8.656       0       1     200       0       0       0       2       0       0       0       0       4       0       0       0       2       0       0       0       4       0
  418.000        8.656       0       1     200       0       0       0       2       0       0       0       0       4       0       0       0       2       0       0       0       4       0
  419.000        8.656       0       1     200       0       0       0       2       0       0       0       0       4       0       0       0       2       0       0       0       4       0
  420.000        8.656       0       1     200       0       0       0       2       0       0       0       0       4       0       0       0       2       0       0       0       4       0
  421.000        8.656       0       1     200       0       0       0       2       0       0       0       0       4       0       0       0       2       0       0       0       4       0
  422.000        8.656       0       1     200       0       0       0       3       0       0       0       0       4       0       0       0       2       0       0       0       4       0
  423.000        8.656       0       1     200       0       0       0       2       0       0       0       0       4       0       0       0       2       0       0       0       4       0
  424.000        8.656       0       1     200       0       0       0       2       0       0       0       0       4       0       0       0       2       0       0       0       4       0
  425.000        8.656       0       1     200       0       0       0       2       0       0       0       0       4       0       0       0       2       0       0       0       4       0
  426.000        8.656       0       1     200       0       0       0       2       0       0       0       0       4       0       0       0       2       0       0       0       4       0
  427.000        8.656       0       1     200       0       0       0       2       0       0       0       0       4       0       0       0       2       0       0       0       4       0
  428.000        8.656       0       1     200       0       0       0       2       0       0       0       0       4       0       0       0       2       0       0       0       4       0
  429.000        8.656       0       1     200       0       0       0       2       0       0       0       0       4       0       0       0       2       0       0       0       4       0
  430.000        8.656       0       1     200       0       0       0       2       0       0       0       0       4       0       0       0       2       0       0       0       4       0
  431.000        8.656       0       1     200       0       0       0       2       0       0       0       0       4       0       0       0       2       0       0       0       4       0
  432.000        8.656       0       1     200       0       0       0       2       0       0       0       0       4       0       0       0       2       0       0       0       4       0
  433.000        8.656       0       1     200       0       0       0       2       0       0       0       0       4       0       0       0       2       0       0       0       4       0
  434.000        8.656       0       1     200       0       0       0       2       0       0       0       0       4       0       0       0       2       0       0       0       4       0
  435.000        8.656       0       1     200       0       0       0       2       0       0       0       0       4       0       0       0       2       0       0       0       4       0
  436.000        8.656       0       1     200       0       0       0       2       0       0       0       0       4       0       0       0       2       0       0       0       4       0
  437.000        8.656       0       1     200       0       0       0       3       0       0       0       0       4       0       0       0       2       0       0       0       4       0
  438.000        8.656       0       1     200       0       0       0       2       0       0       0       0       4       0       0       0       2       0       0       0       4       0
  439.000        8.656       0       1     200       0       0       0       2       0       0       0       0       4       0       0       0       2       0       0       0       4       0
  440.000        8.656       0       1     200       0       0       0       2       0       0       0       0       4       0       0       0       2       0       0       0       4       0
  441.000        8.656       0       1     200       0       0       0       2       0       0       0       0       4       0       0       0       2       0       0       0       4       0
  442.000        8.656       0       1     200       0       0       0       2       0       0       0       0       4       0       0       0       2       0       0       0       4       0
  443.000        8.656       0       1     200       0       0       0       2       0       0       0       0       4       0       0       0       2       0       0       0       4       0
  444.000        8.656       0       1     200       0       0       0       2       0       0       0       0       4       0       0       0       2       0       0       0       4       0
  445.000        8.656       0       1     200       0       0       0       2       0       0       0       0       4       0       0       0       2       0       0       0       4       0
  446.000        8.656       0       1     200       0       0       0       2       0       0       0       0       4       0       0       0       2       0       0       0       4       0
  447.000        8.656       0       1     200       0       0       0       2       0       0       0       0       4       0       0       0       2       0       0       0       4       0
  448.000        8.656       0       1     200       0       0       0       2       0       0       0       0       4       0       0       0       2       0       0       0       4       0
  449.000        8.656       0       1     200       0       0       0       2       0       0       0       0       4       0       0       0       2       0       0       0       4       0
  450.000        8.656       0       1     200       0       0       0       2       0       0       0       0       4       0       0       0       2       0       0       0       4       0
  451.000        8.656       0       1     200       0       0       0       2       0       0       0       0       4       0       0       0       2       0       0       0       4       0
  452.000        8.656       0       1     200       0       0       0       3       0       0       0       0       4       0       0       0       2       0       0       0       4       0
  453.000        8.656       0       1     200       0       0       0       2       0       0       0       0       4       0       0       0       2       0       0       0       4       0
  454.000        8.656       0       1     200       0       0       0       2       0       0       0       0       4       0       0       0       2       0       0       0       4       0
  455.000        8.656       0       1     200       0       0       0       2       0       0       0       0       4       0       0       0       2       0       0       0       4       0
  456.000        8.656       0       1     200       0       0       0       2       0       0       0       0       4       0       0       0       2       0       0       0       4       0
  457.000        8.656       0       1     200       0       0       0       2       0       0       0       0       4       0       0       0       2       0       0       0       4       0
  458.000        8.656       0       1     200       0       0       0       2       0       0       0       0       4       0       0       0       2       0       0       0       4       0
  459.000        8.656       0       1     200       0       0       0       2       0       0       0       0       4       0       0       0       2       0       0       0       4       0
  460.000        8.656       0       1     200       0       0       0       2       0       0       0       0       4       0       0       0       2       0       0       0       4       0
  461.000        8.656       0       1     200       0       0       0       2       0       0       0       0       4       0       0       0       2       0       0       0       4       0
  462.000        8.656       0       1     200       0       0       0       2       0       0       0       0       4       0       0       0       2       0       0       0       4       0
  463.000        8.656       0       1     200       0       0       0       2       0       0       0       0       4       0       0       0       2       0       0       0       4       0
  464.000        8.656       0       1     200       0       0       0       2       0       0       0       0       4       0       0       0       2       0       0       0       4       0
  465.000        8.656       0       1     200       0       0       0       2       0       0       0       0       4       0       0       0       2       0       0       0       4       0
  466.000        8.656       0       1     200       0       0       0       2       0       0       0       0       4       0       0       0       2       0       0       0       4       0
  467.000        8.656       0       1     200       0       0       0       3       0       0       0       0       4       0       0       0       2       0       0       0       4       0
  468.000        8.656       0       1     200       0       0       0       2       0       0       0       0       4       0       0       0       2       0       0       0       4       0
  469.000        8.656       0       1     200       0       0       0       2       0       0       0       0       4       0       0       0       2       0       0       0       4       0
  470.000        8.656       0       1     200       0       0       0       2       0       0       0       0       4       0       0       0       2       0       0       0       4       0
  471.000        8.656       0       1     200       0       0       0       2       0       0       0       0       4       0       0       0       2       0       0       0       4       0
  472.000        8.656       0       1     200       0       0       0       2       0       0       0       0       4       0       0       0       2       0       0       0       4       0
  473.000        8.656       0       1     200       0       0       0       2       0       0       0       0       4       0       0       0       2       0       0       0       4       0
  474.000        8.656       0       1     200       0       0       0       2       0       0       0       0       4       0       0       0       2       0       0       0       4       0
  475.000        8.656       0       1     200       0       0       0       2       0       0       0       0       4       0       0       0       2       0       0       0       4       0
  476.000        8.656       0       1     200       0       0       0       2       0       0       0       0       4       0       0       0       2       0       0       0       4       0
  477.000        8.656       0       1     200       0       0       0       2       0       0       0       0       4       0       0       0       2       0       0       0       4       0
  478.000        8.656       0       1     200       0       0       0       2       0       0       0       0       4       0       0       0       2       0       0       0       4       0
  479.000        8.656       0       1     200       0       0       0       2       0       0       0       0       4       0       0       0       2       0       0       0       4       0
  480.000        8.656       0       1     200       0       0       0       2       0       0       0       0       4       0       0       0       2       0       0       0       4       0
  481.000        8.656       0       1     200       0       0       0       2       0       0       0       0       4       0       0       0       2       0       0       0       4       0
  482.000        8.656       0       1     200       0       0       0       3       0       0       0       0       4       0       0       0       2       0       0       0       4       0
  483.000        8.656       0       1     200       0       0       0       2       0       0       0       0       4       0       0       0       2       0       0       0       4       0
  484.000        8.656       0       1     200       0       0       0       2       0       0       0       0       4       0       0       0       2       0       0       0       4       0
  485.000        8.656       0       1     200       0       0       0       2       0       0       0       0       4       0       0       0       2       0       0       0       4       0
  486.000        8.656       0       1     200       0       0       0       2       0       0       0       0       4       0       0       0       2       0       0       0       4       0
  487.000        8.656       0       1     200       0       0       0       2       0       0       0       0       4       0       0       0       2       0       0       0       4       0
  488.000        8.656       0       1     200       0       0       0       2       0       0       0       0       4       0       0       0       2       0       0       0       4       0
  489.000        8.656       0       1     200       0       0       0       2       0       0       0       0       4       0       0       0       2       0       0       0       4       0
  490.000        8.656       0       1     200       0       0       0       2       0       0       0       0       4       0       0       0       2       0       0       0       4       0
  491.000        8.656       0       1     200       0       0       0       2       0       0       0       0       4       0       0       0       2       0       0       0       4       0
  492.000        8.656       0       1     200       0       0       0       2       0       0       0       0       4       0       0       0       2       0       0       0       4       0
  493.000        8.656       0       1     200       0       0       0       2       0       0       0       0       4       0       0       0       2       0       0       0       4       0
  494.000        8.656       0       1     200       0       0       0       2       0       0       0       0       4       0       0       0       2       0       0       0       4       0
  495.000        8.656       0       1     200       0       0       0       2       0       0       0       0       4       0       0       0       2       0       0       0       4       0
  496.000        8.656       0       1     200       0       0       0       2       0       0       0       0       4       0       0       0       2       0       0       0       4       0
  497.000        8.656       0       1     200       0       0       0       3       0       0       0       0       4       0       0       0       2       0       0       0       4       0
  498.000        8.656       0       1     200       0       0       0       2       0       0       0       0       4       0       0       0       2       0       0       0       4       0
  499.000        8.656       0       1     200       0       0       0       2       0       0       0       0       4       0       0       0       2       0       0       0       4       0
  500.000        0.000       0       0     200       0       0       0       0       0       0       0       0       4       0       0       0       2       0       0       0       4       0
