  TimeSec      LoaKbps LoaUsag Packets DlyUsec LoaDrps MetDrps TabDrps FloMods MetMods GroMods  PktsIn PktsOut FloEntr FloUsag MetEntr MetUsag GroEntr GroUsag BufPkts BufUsag  T0Entr  T0Usag
    1.000        0.000       0       0     173       0       0       0       3       0       2       0       0       3       0       0       0       2       0       0       0       3       0
    2.000     1230.112       0     102     256       0       0       0       2       0       0       0       0       4       0       0       0       2       0       0       0       4       0
    3.000     5705.344       1     471     295       0       0       0       3       0       0       0       0       6       0       0       0       2       0       0       0       6       0
    4.000    12011.904       3     991     378       0       0       0       2       0       0       0       0       9       0       0       0       2       0       0       0       9       0
    5.000    12860.864       3    1061     397       0       0       0       1       0       0       0       0      10       0       0       0       2       0       0       0      10       0
    6.000    14025.152       3    1157     399       0       0       0       1       0       0       0       0      11       0       0       0       2       0       0       0      11       0
    7.000    15953.504       4    1316     399       0       0       0       1       0       0       0       0      13       0       0       0       2       0       0       0      13       0
    8.000    16365.856       4    1350     399       0       0       0       2       0       0       0       0      14       0       0       0       2       0       0       0      14       0
    9.000    18670.176       4    1540     473       0       0       0       3       0       0       0       0      17       0       0       0       2       0       0       0      17       0
   10.000    19980.000       4    1648     497       0       0       0       2       0       0       0       0      20       0       0       0       2       0       0       0      20       0
   11.000    20137.664       4    1661     499       0       0       0       0       0       0       0       0      20       0       0       0       2       0       0       0      20       0
   12.000    20161.920       4    1663     499       0       0       0       1       0       0       0       0      21       0       0       0       2       0       0       0      21       0
   13.000    20792.576       5    1715     499       0       0       0       2       0       0       0       0      22       0       0       0       2       0       0       0      22       0
   14.000    22611.776       5    1865     500       0       0       0       2       0       0       0       0      24       0       0       0       2       0       0       0      24       0
   15.000    24358.208       5    2009     500       0       0       0       0       0       0       0       0      25       0       0       0       2       0       0       0      25       0
   16.000    24625.024       5    2031     500       0       0       0       2       0       0       0       0      26       0       0       0       2       0       0       0      26       0
   17.000    25971.232       6    2142     500       0       0       0       1       0       0       0       0      28       0       0       0       2       0       0       0      28       0
   18.000    27099.136       6    2235     500       0       0       0       3       0       0       0       0      30       0       0       0       2       0       0       0      30       0
   19.000    28396.832       6    2342     520       0       0       0       2       0       0       0       0      32       0       0       0       2       0       0       0      32       0
   20.000    29076.000       6    2398     591       0       0       0       1       0       0       0       0      33       0       0       0       2       0       0       0      33       0
   21.000    31089.248       7    2564     599       0       0       0       2       0       0       0       0      35       0       0       0       2       0       0       0      35       0
   22.000    31610.752       7    2607     599       0       0       0       1       0       0       0       0      37       0       0       0       2       0       0       0      37       0
   23.000    31574.368       7    2604     599       0       0       0       1       0       0       0       0      37       0       0       0       2       0       0       0      37       0
   24.000    28930.464       6    2386     599       0       0       0       4       0       0       0       0      40       0       0       0       2       0       0       0      40       0
   25.000    27754.048       6    2289     600       0       0       0       3       0       0       0       0      43       1       0       0       2       0       0       0      43       1
   26.000    28991.104       6    2391     600       0       0       0       3       0       0       0       0      46       1       0       0       2       0       0       0      46       1
   27.000    28736.416       6    2370     600       0       0       0       1       0       0       0       0      49       1       0       0       2       0       0       0      49       1
   28.000    28930.464       6    2386     600       0       0       0       3       0       0       0       0      51       1       0       0       2       0       0       0      51       1
   29.000    29973.472       7    2472     600       0       0       0       3       0       0       0       0      54       1       0       0       2       0       0       0      54       1
   30.000    31271.168       7    2579     600       0       0       0       2       0       0       0       0      56       1       0       0       2       0       0       0      56       1
   31.000    32010.976       7    2640     600       0       0       0       1       0       0       0       0      57       1       0       0       2       0       0       0      57       1
   32.000    36801.536       8    3035     600       0       0       0       2       0       0       0       0      58       1       0       0       2       0       0       0      58       1
   33.000    38353.920       9    3163     600       0       0       0       1       0       0       0       0      58       1       0       0       2       0       0       0      58       1
   34.000    40427.808       9    3334     600       0       0       0       2       0       0       0       0      60       1       0       0       2       0       0       0      60       1
   35.000    40900.800       9    3373     600       0       0       0       2       0       0       0       0      63       1       0       0       2       0       0       0      63       1
   36.000    40961.440       9    3378     600       0       0       0       0       0       0       0       0      63       1       0       0       2       0       0       0      63       1
   37.000    43350.656      10    3575     686       0       0       0       5       0       0       0       0      66       1       0       0       2       0       0       0      66       1
   38.000    42222.752       9    3482     698       0       0       0       2       0       0       0       0      69       1       0       0       2       0       0       0      69       1
   39.000    42574.464       9    3511     699       0       0       0       1       0       0       0       0      68       1       0       0       2       0       0       0      68       1
   40.000    44830.272      10    3697     699       0       0       0       5       0       0       0       0      68       1       0       0       2       0       0       0      68       1
   41.000    46782.880      10    3858     699       0       0       0       2       0       0       0       0      71       1       0       0       2       0       0       0      71       1
   42.000    45497.312      10    3752     700       0       0       0       1       0       0       0       0      71       1       0       0       2       0       0       0      71       1
   43.000    45958.176      10    3790     700       0       0       0       2       0       0       0       0      72       1       0       0       2       0       0       0      72       1
   44.000    47195.232      10    3892     700       0       0       0       2       0       0       0       0      74       1       0       0       2       0       0       0      74       1
   45.000    47631.840      11    3928     700       0       0       0       1       0       0       0       0      75       1       0       0       2       0       0       0      75       1
   46.000    48250.368      11    3979     700       0       0       0       2       0       0       0       0      77       1       0       0       2       0       0       0      77       1
   47.000    48274.624      11    3981     700       0       0       0       2       0       0       0       0      79       1       0       0       2       0       0       0      79       1
   48.000    49014.432      11    4042     700       0       0       0       4       0       0       0       0      83       1       0       0       2       0       0       0      83       1
   49.000    49778.496      11    4105     700       0       0       0       3       0       0       0       0      86       1       0       0       2       0       0       0      86       1
   50.000    48881.024      11    4031     700       0       0       0       1       0       0       0       0      86       1       0       0       2       0       0       0      86       1
   51.000    50591.072      11    4172     700       0       0       0       3       0       0       0       0      87       1       0       0       2       0       0       0      87       1
   52.000    52470.912      12    4327     700       0       0       0       2       0       0       0       0      87       1       0       0       2       0       0       0      87       1
   53.000    50615.328      11    4174     700       0       0       0       2       0       0       0       0      86       1       0       0       2       0       0       0      86       1
   54.000    50481.920      11    4163     700       0       0       0       2       0       0       0       0      87       1       0       0       2       0       0       0      87       1
   55.000    50336.384      11    4151     700       0       0       0       3       0       0       0       0      89       1       0       0       2       0       0       0      89       1
   56.000    50845.760      11    4193     700       0       0       0       2       0       0       0       0      88       1       0       0       2       0       0       0      88       1
   57.000    49742.112      11    4102     700       0       0       0       3       0       0       0       0      88       1       0       0       2       0       0       0      88       1
   58.000    49184.224      11    4056     700       0       0       0       3       0       0       0       0      91       1       0       0       2       0       0       0      91       1
   59.000    49426.784      11    4076     700       0       0       0       2       0       0       0       0      95       1       0       0       2       0       0       0      95       1
   60.000    50760.864      11    4186     700       0       0       0       3       0       0       0       0      96       1       0       0       2       0       0       0      96       1
   61.000    50130.208      11    4134     700       0       0       0       4       0       0       0       0     100       1       0       0       2       0       0       0     100       1
   62.000    50930.656      11    4200     700       0       0       0       1       0       0       0       0     100       1       0       0       2       0       0       0     100       1
   63.000    54265.856      12    4475     700       0       0       0       1       0       0       0       0      99       1       0       0       2       0       0       0      99       1
   64.000    54120.320      12    4463     700       0       0       0       1       0       0       0       0      99       1       0       0       2       0       0       0      99       1
   65.000    53974.784      12    4451     700       0       0       0       1       0       0       0       0      99       1       0       0       2       0       0       0      99       1
   66.000    53829.248      12    4439     700       0       0       0       2       0       0       0       0     100       1       0       0       2       0       0       0     100       1
   67.000    53380.512      12    4402     700       0       0       0       3       0       0       0       0     100       1       0       0       2       0       0       0     100       1
   68.000    52846.880      12    4358     700       0       0       0       3       0       0       0       0     101       1       0       0       2       0       0       0     101       1
   69.000    53792.864      12    4436     700       0       0       0       0       0       0       0       0     101       1       0       0       2       0       0       0     101       1
   70.000    54423.520      12    4488     700       0       0       0       7       0       0       0       0     104       1       0       0       2       0       0       0     104       1
   71.000    54411.392      12    4487     700       0       0       0       3       0       0       0       0     107       1       0       0       2       0       0       0     107       1
   72.000    56691.456      13    4675     700       0       0       0       4       0       0       0       0     106       1       0       0       2       0       0       0     106       1
   73.000    59189.824      13    4881     700       0       0       0       1       0       0       0       0     106       1       0       0       2       0       0       0     106       1
   74.000    61033.280      14    5033     700       0       0       0       3       0       0       0       0     103       1       0       0       2       0       0       0     103       1
   75.000    61566.912      14    5077     700       0       0       0       1       0       0       0       0     104       1       0       0       2       0       0       0     104       1
   76.000    59480.896      13    4905     700       0       0       0       3       0       0       0       0     103       1       0       0       2       0       0       0     103       1
   77.000    57467.648      13    4739     700       0       0       0       4       0       0       0       0     104       1       0       0       2       0       0       0     104       1
   78.000    57176.576      13    4715     700       0       0       0       3       0       0       0       0     106       1       0       0       2       0       0       0     106       1
   79.000    55636.320      12    4588     700       0       0       0       2       0       0       0       0     108       1       0       0       2       0       0       0     108       1
   80.000    58098.304      13    4791     700       0       0       0       5       0       0       0       0     110       1       0       0       2       0       0       0     110       1
   81.000    58910.880      13    4858     700       0       0       0       2       0       0       0       0     112       1       0       0       2       0       0       0     112       1
   82.000    60802.848      14    5014     700       0       0       0       1       0       0       0       0     112       1       0       0       2       0       0       0     112       1
   83.000    60839.232      14    5017     700       0       0       0       0       0       0       0       0     108       1       0       0       2       0       0       0     108       1
   84.000    61518.400      14    5073     700       0       0       0       5       0       0       0       0     111       1       0       0       2       0       0       0     111       1
   85.000    61045.408      14    5034     700       0       0       0       3       0       0       0       0     109       1       0       0       2       0       0       0     109       1
   86.000    62197.568      14    5129     700       0       0       0       3       0       0       0       0     109       1       0       0       2       0       0       0     109       1
   87.000    64295.712      14    5302     700       0       0       0       4       0       0       0       0     110       1       0       0       2       0       0       0     110       1
   88.000    66296.832      15    5467     700       0       0       0       3       0       0       0       0     112       1       0       0       2       0       0       0     112       1
   89.000    68261.568      15    5629     700       0       0       0       2       0       0       0       0     115       1       0       0       2       0       0       0     115       1
   90.000    63640.800      14    5248     700       0       0       0       3       0       0       0       0     118       1       0       0       2       0       0       0     118       1
   91.000    63107.168      14    5204     700       0       0       0       1       0       0       0       0     115       1       0       0       2       0       0       0     115       1
   92.000    63713.568      14    5254     700       0       0       0       5       0       0       0       0     115       1       0       0       2       0       0       0     115       1
   93.000    67897.728      15    5599     700       0       0       0       4       0       0       0       0     116       1       0       0       2       0       0       0     116       1
   94.000    69074.144      15    5696     700       0       0       0       3       0       0       0       0     115       1       0       0       2       0       0       0     115       1
   95.000    70772.064      16    5836     700       0       0       0       7       0       0       0       0     121       1       0       0       2       0       0       0     121       1
   96.000    72094.016      16    5945     700       0       0       0       2       0       0       0       0     119       1       0       0       2       0       0       0     119       1
   97.000    74204.288      16    6119     700       0       0       0       5       0       0       0       0     122       1       0       0       2       0       0       0     122       1
   98.000    80159.136      18    6610     700       0       0       0       4       0       0       0       0     126       2       0       0       2       0       0       0     126       2
   99.000    81044.480      18    6683     700       0       0       0       2       0       0       0       0     127       2       0       0       2       0       0       0     127       2
  100.000    83785.408      19    6909     700       0       0       0       4       0       0       0       0     126       2       0       0       2       0       0       0     126       2
  101.000    83627.744      19    6896     763       0       0       0       5       0       0       0       0     129       2       0       0       2       0       0       0     129       2
  102.000    83494.336      19    6885     796       0       0       0       2       0       0       0       0     130       2       0       0       2       0       0       0     130       2
  103.000    84379.680      19    6958     720       0       0       0       1       0       0       0       0     128       2       0       0       2       0       0       0     128       2
  104.000    86150.368      19    7104     769       0       0       0       4       0       0       0       0     129       2       0       0       2       0       0       0     129       2
  105.000    87981.696      20    7255     765       0       0       0       3       0       0       0       0     129       2       0       0       2       0       0       0     129       2
  106.000    89558.336      20    7385     796       0       0       0       0       0       0       0       0     129       2       0       0       2       0       0       0     129       2
  107.000    89776.640      20    7403     713       0       0       0       1       0       0       0       0     124       2       0       0       2       0       0       0     124       2
  108.000    90722.624      20    7481     701       0       0       0       4       0       0       0       0     120       1       0       0       2       0       0       0     120       1
  109.000    89412.800      20    7373     700       0       0       0       2       0       0       0       0     121       1       0       0       2       0       0       0     121       1
  110.000    87532.960      19    7218     700       0       0       0       3       0       0       0       0     117       1       0       0       2       0       0       0     117       1
  111.000    82026.848      18    6764     700       0       0       0       2       0       0       0       0     117       1       0       0       2       0       0       0     117       1
  112.000    79564.864      18    6561     700       0       0       0       3       0       0       0       0     117       1       0       0       2       0       0       0     117       1
  113.000    77769.920      17    6413     700       0       0       0       4       0       0       0       0     120       1       0       0       2       0       0       0     120       1
  114.000    75223.040      17    6203     700       0       0       0       3       0       0       0       0     119       1       0       0       2       0       0       0     119       1
  115.000    73294.688      16    6044     700       0       0       0       4       0       0       0       0     122       1       0       0       2       0       0       0     122       1
  116.000    72906.592      16    6012     700       0       0       0       1       0       0       0       0     122       1       0       0       2       0       0       0     122       1
  117.000    72906.592      16    6012     700       0       0       0       0       0       0       0       0     120       1       0       0       2       0       0       0     120       1
  118.000    70117.152      16    5782     700       0       0       0       3       0       0       0       0     121       1       0       0       2       0       0       0     121       1
  119.000    68334.336      15    5635     700       0       0       0       2       0       0       0       0     122       1       0       0       2       0       0       0     122       1
  120.000    69583.520      15    5738     700       0       0       0       1       0       0       0       0     123       2       0       0       2       0       0       0     123       2
  121.000    71705.920      16    5913     700       0       0       0       3       0       0       0       0     126       2       0       0       2       0       0       0     126       2
  122.000    71475.488      16    5894     720       0       0       0       2       0       0       0       0     128       2       0       0       2       0       0       0     128       2
  123.000    70687.168      16    5829     737       0       0       0       5       0       0       0       0     128       2       0       0       2       0       0       0     128       2
  124.000    67121.536      15    5535     716       0       0       0       3       0       0       0       0     128       2       0       0       2       0       0       0     128       2
  125.000    67400.480      15    5558     736       0       0       0       3       0       0       0       0     128       2       0       0       2       0       0       0     128       2
  126.000    68698.176      15    5665     703       0       0       0       4       0       0       0       0     127       2       0       0       2       0       0       0     127       2
  127.000    69680.544      15    5746     700       0       0       0       2       0       0       0       0     125       2       0       0       2       0       0       0     125       2
  128.000    70311.200      16    5798     700       0       0       0       3       0       0       0       0     125       2       0       0       2       0       0       0     125       2
  129.000    72591.264      16    5986     700       0       0       0       0       0       0       0       0     125       2       0       0       2       0       0       0     125       2
  130.000    71402.720      16    5888     700       0       0       0       4       0       0       0       0     123       2       0       0       2       0       0       0     123       2
  131.000    72627.648      16    5989     700       0       0       0       7       0       0       0       0     125       2       0       0       2       0       0       0     125       2
  132.000    72009.120      16    5938     783       0       0       0       3       0       0       0       0     129       2       0       0       2       0       0       0     129       2
  133.000    71135.904      16    5866     785       0       0       0       4       0       0       0       0     130       2       0       0       2       0       0       0     130       2
  134.000    72615.520      16    5988     798       0       0       0       3       0       0       0       0     132       2       0       0       2       0       0       0     132       2
  135.000    73015.744      16    6021     799       0       0       0       1       0       0       0       0     133       2       0       0       2       0       0       0     133       2
  136.000    75853.696      17    6255     799       0       0       0       5       0       0       0       0     133       2       0       0       2       0       0       0     133       2
  137.000    72227.424      16    5956     799       0       0       0       5       0       0       0       0     135       2       0       0       2       0       0       0     135       2
  138.000    75477.728      17    6224     800       0       0       0       5       0       0       0       0     137       2       0       0       2       0       0       0     137       2
  139.000    76726.912      17    6327     800       0       0       0       2       0       0       0       0     136       2       0       0       2       0       0       0     136       2
  140.000    76156.896      17    6280     800       0       0       0       4       0       0       0       0     138       2       0       0       2       0       0       0     138       2
  141.000    75514.112      17    6227     800       0       0       0       3       0       0       0       0     137       2       0       0       2       0       0       0     137       2
  142.000    75174.528      17    6199     800       0       0       0       5       0       0       0       0     139       2       0       0       2       0       0       0     139       2
  143.000    75611.136      17    6235     800       0       0       0       2       0       0       0       0     140       2       0       0       2       0       0       0     140       2
  144.000    76108.384      17    6276     800       0       0       0       6       0       0       0       0     143       2       0       0       2       0       0       0     143       2
  145.000    74701.536      17    6160     800       0       0       0       4       0       0       0       0     147       2       0       0       2       0       0       0     147       2
  146.000    74010.240      16    6103     800       0       0       0       3       0       0       0       0     144       2       0       0       2       0       0       0     144       2
  147.000    76969.472      17    6347     800       0       0       0       6       0       0       0       0     144       2       0       0       2       0       0       0     144       2
  148.000    78521.856      17    6475     800       0       0       0       0       0       0       0       0     144       2       0       0       2       0       0       0     144       2
  149.000    80353.184      18    6626     800       0       0       0       3       0       0       0       0     143       2       0       0       2       0       0       0     143       2
  150.000    81723.648      18    6739     800       0       0       0       5       0       0       0       0     147       2       0       0       2       0       0       0     147       2
  151.000    79831.680      18    6583     800       0       0       0       6       0       0       0       0     149       2       0       0       2       0       0       0     149       2
  152.000    76714.784      17    6326     800       0       0       0       7       0       0       0       0     148       2       0       0       2       0       0       0     148       2
  153.000    76411.584      17    6301     800       0       0       0       1       0       0       0       0     151       2       0       0       2       0       0       0     151       2
  154.000    76193.280      17    6283     800       0       0       0       5       0       0       0       0     153       2       0       0       2       0       0       0     153       2
  155.000    76593.504      17    6316     800       0       0       0       2       0       0       0       0     152       2       0       0       2       0       0       0     152       2
  156.000    75659.648      17    6239     800       0       0       0       4       0       0       0       0     153       2       0       0       2       0       0       0     153       2
  157.000    72967.232      16    6017     800       0       0       0       5       0       0       0       0     151       2       0       0       2       0       0       0     151       2
  158.000    71645.280      16    5908     800       0       0       0       1       0       0       0       0     151       2       0       0       2       0       0       0     151       2
  159.000    72045.504      16    5941     800       0       0       0       5       0       0       0       0     151       2       0       0       2       0       0       0     151       2
  160.000    74956.224      17    6181     800       0       0       0       3       0       0       0       0     147       2       0       0       2       0       0       0     147       2
  161.000    76981.600      17    6348     800       0       0       0       4       0       0       0       0     149       2       0       0       2       0       0       0     149       2
  162.000    79564.864      18    6561     800       0       0       0       3       0       0       0       0     149       2       0       0       2       0       0       0     149       2
  163.000    78909.952      18    6507     800       0       0       0       4       0       0       0       0     149       2       0       0       2       0       0       0     149       2
  164.000    80195.520      18    6613     800       0       0       0       2       0       0       0       0     150       2       0       0       2       0       0       0     150       2
  165.000    82002.592      18    6762     800       0       0       0       1       0       0       0       0     148       2       0       0       2       0       0       0     148       2
  166.000    81869.184      18    6751     800       0       0       0       0       0       0       0       0     142       2       0       0       2       0       0       0     142       2
  167.000    83712.640      19    6903     800       0       0       0       4       0       0       0       0     139       2       0       0       2       0       0       0     139       2
  168.000    84561.600      19    6973     800       0       0       0       1       0       0       0       0     137       2       0       0       2       0       0       0     137       2
  169.000    84658.624      19    6981     800       0       0       0       5       0       0       0       0     138       2       0       0       2       0       0       0     138       2
  170.000    84986.080      19    7008     800       0       0       0       3       0       0       0       0     139       2       0       0       2       0       0       0     139       2
  171.000    87023.584      19    7176     800       0       0       0       5       0       0       0       0     139       2       0       0       2       0       0       0     139       2
  172.000    88212.128      20    7274     800       0       0       0       2       0       0       0       0     137       2       0       0       2       0       0       0     137       2
  173.000    89048.960      20    7343     800       0       0       0       4       0       0       0       0     137       2       0       0       2       0       0       0     137       2
  174.000    89776.640      20    7403     800       0       0       0       5       0       0       0       0     136       2       0       0       2       0       0       0     136       2
  175.000    89000.448      20    7339     800       0       0       0       2       0       0       0       0     138       2       0       0       2       0       0       0     138       2
  176.000    87629.984      19    7226     800       0       0       0       1       0       0       0       0     138       2       0       0       2       0       0       0     138       2
  177.000    88127.232      20    7267     800       0       0       0       3       0       0       0       0     139       2       0       0       2       0       0       0     139       2
  178.000    87836.160      20    7243     800       0       0       0       1       0       0       0       0     139       2       0       0       2       0       0       0     139       2
  179.000    88903.424      20    7331     800       0       0       0       3       0       0       0       0     138       2       0       0       2       0       0       0     138       2
  180.000    87569.344      19    7221     800       0       0       0       6       0       0       0       0     142       2       0       0       2       0       0       0     142       2
  181.000    81844.928      18    6749     800       0       0       0       4       0       0       0       0     145       2       0       0       2       0       0       0     145       2
  182.000    79152.512      18    6527     800       0       0       0       3       0       0       0       0     149       2       0       0       2       0       0       0     149       2
  183.000    77769.920      17    6413     800       0       0       0       2       0       0       0       0     150       2       0       0       2       0       0       0     150       2
  184.000    77612.256      17    6400     800       0       0       0       3       0       0       0       0     149       2       0       0       2       0       0       0     149       2
  185.000    76629.888      17    6319     800       0       0       0       3       0       0       0       0     148       2       0       0       2       0       0       0     148       2
  186.000    79504.224      18    6556     800       0       0       0       2       0       0       0       0     146       2       0       0       2       0       0       0     146       2
  187.000    82790.912      18    6827     800       0       0       0       3       0       0       0       0     146       2       0       0       2       0       0       0     146       2
  188.000    83033.472      18    6847     800       0       0       0       6       0       0       0       0     147       2       0       0       2       0       0       0     147       2
  189.000    84270.528      19    6949     800       0       0       0       3       0       0       0       0     146       2       0       0       2       0       0       0     146       2
  190.000    85204.384      19    7026     800       0       0       0       3       0       0       0       0     145       2       0       0       2       0       0       0     145       2
  191.000    86538.464      19    7136     800       0       0       0       4       0       0       0       0     148       2       0       0       2       0       0       0     148       2
  192.000    88309.152      20    7282     800       0       0       0       3       0       0       0       0     149       2       0       0       2       0       0       0     149       2
  193.000    89667.488      20    7394     800       0       0       0       2       0       0       0       0     150       2       0       0       2       0       0       0     150       2
  194.000    89691.744      20    7396     800       0       0       0       7       0       0       0       0     154       2       0       0       2       0       0       0     154       2
  195.000    90164.736      20    7435     800       0       0       0       3       0       0       0       0     153       2       0       0       2       0       0       0     153       2
  196.000    90528.576      20    7465     800       0       0       0       2       0       0       0       0     148       2       0       0       2       0       0       0     148       2
  197.000    90213.248      20    7439     800       0       0       0       2       0       0       0       0     145       2       0       0       2       0       0       0     145       2
  198.000    92044.576      20    7590     800       0       0       0       4       0       0       0       0     145       2       0       0       2       0       0       0     145       2
  199.000    93087.584      21    7676     800       0       0       0       3       0       0       0       0     145       2       0       0       2       0       0       0     145       2
  200.000    92602.464      21    7636     800       0       0       0       1       0       0       0       0     145       2       0       0       2       0       0       0     145       2
  201.000    92929.920      21    7663     800       0       0       0       4       0       0       0       0     145       2       0       0       2       0       0       0     145       2
  202.000    95877.024      21    7906     800       0       0       0       1       0       0       0       0     148       2       0       0       2       0       0       0     148       2
  203.000    90746.880      20    7483     800       0       0       0       5       0       0       0       0     149       2       0       0       2       0       0       0     149       2
  204.000    88309.152      20    7282     800       0       0       0       2       0       0       0       0     148       2       0       0       2       0       0       0     148       2
  205.000    89679.616      20    7395     800       0       0       0       2       0       0       0       0     148       2       0       0       2       0       0       0     148       2
  206.000    90358.784      20    7451     800       0       0       0       3       0       0       0       0     148       2       0       0       2       0       0       0     148       2
  207.000    92202.240      20    7603     800       0       0       0       6       0       0       0       0     151       2       0       0       2       0       0       0     151       2
  208.000    94009.312      21    7752     800       0       0       0       4       0       0       0       0     154       2       0       0       2       0       0       0     154       2
  209.000    95719.360      21    7893     800       0       0       0       4       0       0       0       0     152       2       0       0       2       0       0       0     152       2
  210.000    97562.816      22    8045     800       0       0       0       2       0       0       0       0     149       2       0       0       2       0       0       0     149       2
  211.000    98120.704      22    8091     800       0       0       0       3       0       0       0       0     148       2       0       0       2       0       0       0     148       2
  212.000    95476.800      21    7873     800       0       0       0       4       0       0       0       0     149       2       0       0       2       0       0       0     149       2
  213.000    94239.744      21    7771     800       0       0       0       1       0       0       0       0     150       2       0       0       2       0       0       0     150       2
  214.000    95525.312      21    7877     800       0       0       0       3       0       0       0       0     150       2       0       0       2       0       0       0     150       2
  215.000    94361.024      21    7781     800       0       0       0       4       0       0       0       0     151       2       0       0       2       0       0       0     151       2
  216.000    97659.840      22    8053     800       0       0       0       1       0       0       0       0     151       2       0       0       2       0       0       0     151       2
  217.000    98436.032      22    8117     800       0       0       0       7       0       0       0       0     154       2       0       0       2       0       0       0     154       2
  218.000    98496.672      22    8122     800       0       0       0       6       0       0       0       0     154       2       0       0       2       0       0       0     154       2
  219.000    99066.688      22    8169     800       0       0       0       3       0       0       0       0     152       2       0       0       2       0       0       0     152       2
  220.000    97211.104      22    8016     800       0       0       0       5       0       0       0       0     154       2       0       0       2       0       0       0     154       2
  221.000    95343.392      21    7862     800       0       0       0       3       0       0       0       0     157       2       0       0       2       0       0       0     157       2
  222.000    95598.080      21    7883     800       0       0       0       3       0       0       0       0     156       2       0       0       2       0       0       0     156       2
  223.000    94834.016      21    7820     800       0       0       0       6       0       0       0       0     157       2       0       0       2       0       0       0     157       2
  224.000    90904.544      20    7496     800       0       0       0       3       0       0       0       0     158       2       0       0       2       0       0       0     158       2
  225.000    89849.408      20    7409     800       0       0       0       4       0       0       0       0     160       2       0       0       2       0       0       0     160       2
  226.000    88588.096      20    7305     800       0       0       0       1       0       0       0       0     159       2       0       0       2       0       0       0     159       2
  227.000    88745.760      20    7318     800       0       0       0       6       0       0       0       0     158       2       0       0       2       0       0       0     158       2
  228.000    91935.424      20    7581     800       0       0       0       6       0       0       0       0     160       2       0       0       2       0       0       0     160       2
  229.000    92396.288      21    7619     800       0       0       0       2       0       0       0       0     163       2       0       0       2       0       0       0     163       2
  230.000    93427.168      21    7704     800       0       0       0       6       0       0       0       0     163       2       0       0       2       0       0       0     163       2
  231.000    92711.616      21    7645     800       0       0       0       2       0       0       0       0     167       2       0       0       2       0       0       0     167       2
  232.000    94264.000      21    7773     800       0       0       0       2       0       0       0       0     164       2       0       0       2       0       0       0     164       2
  233.000    94142.720      21    7763     800       0       0       0       2       0       0       0       0     160       2       0       0       2       0       0       0     160       2
  234.000    93063.328      21    7674     800       0       0       0       2       0       0       0       0     158       2       0       0       2       0       0       0     158       2
  235.000    92772.256      21    7650     800       0       0       0       2       0       0       0       0     153       2       0       0       2       0       0       0     153       2
  236.000    94082.080      21    7758     800       0       0       0       2       0       0       0       0     151       2       0       0       2       0       0       0     151       2
  237.000    92845.024      21    7656     800       0       0       0       4       0       0       0       0     150       2       0       0       2       0       0       0     150       2
  238.000    91292.640      20    7528     800       0       0       0       5       0       0       0       0     148       2       0       0       2       0       0       0     148       2
  239.000    93584.832      21    7717     800       0       0       0       1       0       0       0       0     143       2       0       0       2       0       0       0     143       2
  240.000    94082.080      21    7758     800       0       0       0       4       0       0       0       0     142       2       0       0       2       0       0       0     142       2
  241.000    91923.296      20    7580     800       0       0       0       2       0       0       0       0     143       2       0       0       2       0       0       0     143       2
  242.000    95877.024      21    7906     800       0       0       0       2       0       0       0       0     142       2       0       0       2       0       0       0     142       2
  243.000    96932.160      22    7993     800       0       0       0       2       0       0       0       0     139       2       0       0       2       0       0       0     139       2
  244.000    97174.720      22    8013     800       0       0       0       2       0       0       0       0     136       2       0       0       2       0       0       0     136       2
  245.000    97975.168      22    8079     800       0       0       0       3       0       0       0       0     135       2       0       0       2       0       0       0     135       2
  246.000    96471.296      21    7955     800       0       0       0       1       0       0       0       0     133       2       0       0       2       0       0       0     133       2
  247.000    95610.208      21    7884     800       0       0       0       4       0       0       0       0     133       2       0       0       2       0       0       0     133       2
  248.000    94979.552      21    7832     800       0       0       0       5       0       0       0       0     135       2       0       0       2       0       0       0     135       2
  249.000    92638.848      21    7639     800       0       0       0       5       0       0       0       0     138       2       0       0       2       0       0       0     138       2
  250.000    92529.696      21    7630     800       0       0       0       4       0       0       0       0     139       2       0       0       2       0       0       0     139       2
  251.000    94906.784      21    7826     800       0       0       0       4       0       0       0       0     143       2       0       0       2       0       0       0     143       2
  252.000    95003.808      21    7834     800       0       0       0       5       0       0       0       0     142       2       0       0       2       0       0       0     142       2
  253.000    92469.056      21    7625     800       0       0       0       2       0       0       0       0     140       2       0       0       2       0       0       0     140       2
  254.000    93657.600      21    7723     800       0       0       0       2       0       0       0       0     140       2       0       0       2       0       0       0     140       2
  255.000    93863.776      21    7740     800       0       0       0       5       0       0       0       0     141       2       0       0       2       0       0       0     141       2
  256.000    93560.576      21    7715     800       0       0       0       1       0       0       0       0     141       2       0       0       2       0       0       0     141       2
  257.000    95646.592      21    7887     800       0       0       0       3       0       0       0       0     142       2       0       0       2       0       0       0     142       2
  258.000    95961.920      21    7913     800       0       0       0       4       0       0       0       0     145       2       0       0       2       0       0       0     145       2
  259.000    96010.432      21    7917     800       0       0       0       1       0       0       0       0     146       2       0       0       2       0       0       0     146       2
  260.000    96374.272      21    7947     800       0       0       0       3       0       0       0       0     147       2       0       0       2       0       0       0     147       2
  261.000    94312.512      21    7777     800       0       0       0       3       0       0       0       0     148       2       0       0       2       0       0       0     148       2
  262.000    94009.312      21    7752     800       0       0       0       4       0       0       0       0     149       2       0       0       2       0       0       0     149       2
  263.000    94603.584      21    7801     800       0       0       0       5       0       0       0       0     150       2       0       0       2       0       0       0     150       2
  264.000    95149.344      21    7846     800       0       0       0       4       0       0       0       0     145       2       0       0       2       0       0       0     145       2
  265.000    95949.792      21    7912     800       0       0       0       2       0       0       0       0     145       2       0       0       2       0       0       0     145       2
  266.000    96168.096      21    7930     800       0       0       0       1       0       0       0       0     141       2       0       0       2       0       0       0     141       2
  267.000    94433.792      21    7787     800       0       0       0       6       0       0       0       0     142       2       0       0       2       0       0       0     142       2
  268.000    93463.552      21    7707     800       0       0       0       3       0       0       0       0     141       2       0       0       2       0       0       0     141       2
  269.000    89958.560      20    7418     800       0       0       0       4       0       0       0       0     144       2       0       0       2       0       0       0     144       2
  270.000    85944.192      19    7087     800       0       0       0       3       0       0       0       0     144       2       0       0       2       0       0       0     144       2
  271.000    84500.960      19    6968     800       0       0       0       1       0       0       0       0     142       2       0       0       2       0       0       0     142       2
  272.000    90261.760      20    7443     800       0       0       0       6       0       0       0       0     143       2       0       0       2       0       0       0     143       2
  273.000    96956.416      22    7995     800       0       0       0       2       0       0       0       0     145       2       0       0       2       0       0       0     145       2
  274.000    95452.544      21    7871     800       0       0       0       5       0       0       0       0     147       2       0       0       2       0       0       0     147       2
  275.000    94707.552      21    7809     800       0       0       0       3       0       0       0       0     148       2       0       0       2       0       0       0     148       2
