  TimeSec      LoaKbps LoaUsag Packets DlyUsec LoaDrps MetDrps TabDrps FloMods MetMods GroMods  PktsIn PktsOut FloEntr FloUsag MetEntr MetUsag GroEntr GroUsag BufPkts BufUsag  T0Entr  T0Usag
    1.000        0.000       0       0     173       0       0       0       3       0       2       0       0       3       0       0       0       2       0       0       0       3       0
    2.000     5741.728       1     474     300       0       0       0       7       0       0       0       0       7       0       0       0       2       0       0       0       7       0
    3.000    14813.472       3    1222     456       0       0       0      12       0       0       0       0      17       0       0       0       2       0       0       0      17       0
    4.000    24006.496       5    1980     531       0       0       0      14       0       0       0       0      29       0       0       0       2       0       0       0      29       0
    5.000    30070.496       7    2480     592       0       0       0       7       0       0       0       0      39       0       0       0       2       0       0       0      39       0
    6.000    40464.192       9    3337     599       0       0       0      10       0       0       0       0      49       1       0       0       2       0       0       0      49       1
    7.000    53404.768      12    4404     599       0       0       0      10       0       0       0       0      59       1       0       0       2       0       0       0      59       1
    8.000    68770.944      15    5671     686       0       0       0      18       0       0       0       0      73       1       0       0       2       0       0       0      73       1
    9.000    87363.168      19    7204     698       0       0       0       9       0       0       0       0      86       1       0       0       2       0       0       0      86       1
   10.000    95258.496      21    7855     699       0       0       0      10       0       0       0       0      96       1       0       0       2       0       0       0      96       1
   11.000    99721.600      22    8223     699       0       0       0       8       0       0       0       0     102       1       0       0       2       0       0       0     102       1
   12.000    59893.248      13    4939     699       0       0       0      11       0       0       0       0     113       1       0       0       2       0       0       0     113       1
   13.000    18561.024       4    1531     526       0       0       0     106       0       0       0       0      40       0       0       0       2       0       0       0      40       0
   14.000    26504.864       6    2186     592       0       0       0      10       0       0       0       0      39       0       0       0       2       0       0       0      39       0
   15.000    37116.864       8    3061     599       0       0       0       8       0       0       0       0      49       1       0       0       2       0       0       0      49       1
   16.000    49729.984      11    4101     599       0       0       0      14       0       0       0       0      60       1       0       0       2       0       0       0      60       1
   17.000    64295.712      14    5302     689       0       0       0      11       0       0       0       0      71       1       0       0       2       0       0       0      71       1
   18.000    75101.760      17    6193     698       0       0       0      11       0       0       0       0      82       1       0       0       2       0       0       0      82       1
   19.000    83106.240      18    6853     699       0       0       0       7       0       0       0       0      90       1       0       0       2       0       0       0      90       1
   20.000    94664.224      21    7806     699       0       0       0       9       0       0       0       0      99       1       0       0       2       0       0       0      99       1
   21.000   106755.840      24    8803     699       0       0       0      13       0       0       0       0     110       1       0       0       2       0       0       0     110       1
   22.000    80171.264      18    6611     759       0       0       0      15       0       0       0       0     126       2       0       0       2       0       0       0     126       2
   23.000    42671.488       9    3519     614       0       0       0     114       0       0       0       0      51       1       0       0       2       0       0       0      51       1
   24.000    48456.544      11    3996     601       0       0       0       7       0       0       0       0      50       1       0       0       2       0       0       0      50       1
   25.000    54108.192      12    4462     600       0       0       0      10       0       0       0       0      56       1       0       0       2       0       0       0      56       1
   26.000    65217.440      14    5378     673       0       0       0      13       0       0       0       0      67       1       0       0       2       0       0       0      67       1
   27.000    74640.896      17    6155     697       0       0       0      10       0       0       0       0      80       1       0       0       2       0       0       0      80       1
   28.000    81080.864      18    6686     699       0       0       0      12       0       0       0       0      91       1       0       0       2       0       0       0      91       1
   29.000    91353.280      20    7533     699       0       0       0      16       0       0       1       1     105       1       0       0       2       0       0       0     105       1
   30.000    98921.152      22    8157     699       0       0       0      12       0       0       0       0     121       1       0       0       2       0       0       0     121       1
   31.000   104330.240      23    8603     779       0       0       0       9       0       0       1       1     130       2       0       0       2       0       0       0     130       2
   32.000   104415.136      23    8610     797       0       0       0      14       0       0       0       0     140       2       0       0       2       0       0       0     140       2
   33.000   100679.712      22    8302     799       0       0       0      13       0       0       0       0     148       2       0       0       2       0       0       0     148       2
   34.000   108368.864      24    8936     799       0       0       0      15       0       0       0       0     159       2       0       0       2       0       0       0     159       2
   35.000   115621.408      26    9534     799       0       0       0      14       0       0       0       0     172       2       0       0       2       0       0       0     172       2
   36.000   125602.752      28   10357     800       0       0       0      14       0       0       0       0     187       2       0       0       2       0       0       0     187       2
   37.000   132151.872      29   10897     800       0       0       0      12       0       0       0       0     198       2       0       0       2       0       0       0     198       2
   38.000   140556.576      31   11590     800       0       0       0      11       0       0       0       0     207       3       0       0       2       0       0       0     207       3
   39.000   148488.288      33   12244     800       0       0       0      13       0       0       0       0     217       3       0       0       2       0       0       0     217       3
   40.000   157402.368      35   12979     800       0       0       0      15       0       0       0       0     231       3       0       0       2       0       0       0     231       3
   41.000   169190.784      38   13951     800       0       0       0      16       0       0       0       0     244       3       0       0       2       0       0       0     244       3
   42.000   150440.896      33   12405     879       0       0       0      15       0       0       0       0     260       3       0       0       2       0       0       0     260       3
   43.000   130138.624      29   10731     811       0       0       0      32       0       0       0       0     250       3       0       0       2       0       0       0     250       3
   44.000   136408.800      30   11248     868       0       0       0      22       0       0       0       0     260       3       0       0       2       0       0       0     260       3
   45.000   150598.560      33   12418     896       0       0       0      13       0       0       0       0     274       3       0       0       2       0       0       0     274       3
   46.000   151107.936      34   12460     899       0       0       0      13       0       0       1       1     283       3       0       0       2       0       0       0     283       3
   47.000   157608.544      35   12996     899       0       0       0      15       0       0       0       0     290       4       0       0       2       0       0       0     290       4
   48.000   169275.680      38   13958     899       0       0       0      19       0       0       0       0     301       4       0       0       2       0       0       0     301       4
   49.000   175157.760      39   14443     900       0       0       0      18       0       0       0       0     317       4       0       0       2       0       0       0     317       4
   50.000   183186.496      41   15105     900       0       0       0      14       0       0       0       0     328       4       0       0       2       0       0       0     328       4
   51.000   189444.544      42   15621     900       0       0       0      17       0       0       0       0     340       4       0       0       2       0       0       0     340       4
   52.000   170912.960      38   14093     900       0       0       0      19       0       0       0       0     351       4       0       0       2       0       0       0     351       4
   53.000   155098.048      34   12789     900       0       0       0      31       0       0       0       0     340       4       0       0       2       0       0       0     340       4
   54.000   166364.960      37   13718     900       0       0       0      21       0       0       1       1     346       4       0       0       2       0       0       0     346       4
   55.000   173617.504      39   14316     900       0       0       0      12       0       0       0       0     356       4       0       0       2       0       0       0     356       4
   56.000   182240.512      40   15027     900       0       0       0      20       0       0       0       0     367       4       0       0       2       0       0       0     367       4
   57.000   187673.856      42   15475     900       0       0       0      18       0       0       0       0     383       5       0       0       2       0       0       0     383       5
   58.000   208485.504      46   17191     900       0       0       0      18       0       0       0       0     401       5       0       0       2       0       0       0     401       5
   59.000   217472.352      48   17932     900       0       0       0      14       0       0       0       0     409       5       0       0       2       0       0       0     409       5
   60.000   221098.624      49   18231     900       0       0       0      18       0       0       0       0     420       5       0       0       2       0       0       0     420       5
   61.000   230097.600      51   18973     900       0       0       0      19       0       0       0       0     428       5       0       0       2       0       0       0     428       5
   62.000   209091.904      46   17241     900       0       0       0      11       0       0       0       0     435       5       0       0       2       0       0       0     435       5
   63.000   183974.816      41   15170     900       0       0       0      41       0       0       0       0     421       5       0       0       2       0       0       0     421       5
   64.000   191009.056      42   15750     900       0       0       0      11       0       0       0       0     417       5       0       0       2       0       0       0     417       5
   65.000   195532.800      43   16123     900       0       0       0      15       0       0       0       0     419       5       0       0       2       0       0       0     419       5
   66.000   210074.272      47   17322     900       0       0       0       9       0       0       0       0     427       5       0       0       2       0       0       0     427       5
   67.000   218103.008      48   17984     900       0       0       0      11       0       0       0       0     428       5       0       0       2       0       0       0     428       5
   68.000   224482.336      50   18510     900       0       0       0      23       0       0       2       2     443       5       0       0       2       0       0       0     443       5
   69.000   230679.744      51   19021     900       0       0       0      10       0       0       0       0     450       5       0       0       2       0       0       0     450       5
   70.000   235870.528      52   19449     900       0       0       0      14       0       0       0       0     456       6       0       0       2       0       0       0     456       6
   71.000   243183.712      54   20052     900       0       0       0      17       0       0       0       0     460       6       0       0       2       0       0       0     460       6
   72.000   223706.144      50   18446     900       0       0       0      18       0       0       1       1     462       6       0       0       2       0       0       0     462       6
   73.000   205441.376      46   16940     900       0       0       0      45       0       0       0       0     456       6       0       0       2       0       0       0     456       6
   74.000   212960.736      47   17560     900       0       0       0      14       0       0       0       0     462       6       0       0       2       0       0       0     462       6
   75.000   229285.024      51   18906     900       0       0       0      15       0       0       0       0     465       6       0       0       2       0       0       0     465       6
   76.000   245560.800      55   20248     900       0       0       0      18       0       0       0       0     470       6       0       0       2       0       0       0     470       6
   77.000   253068.032      56   20867     900       0       0       0      17       0       0       0       0     478       6       0       0       2       0       0       0     478       6
   78.000   259095.648      58   21364     900       0       0       0      19       0       0       0       0     484       6       0       0       2       0       0       0     484       6
   79.000   264153.024      59   21781     900       0       0       0      12       0       0       1       1     492       6       0       0       2       0       0       0     492       6
   80.000   266784.800      59   21998     900       0       0       0      15       0       0       0       0     499       6       0       0       2       0       0       0     499       6
   81.000   265790.304      59   21916     959       0       0       0      16       0       0       2       2     513       6       0       0       2       0       0       0     513       6
   82.000   242710.720      54   20013     995       0       0       0      26       0       0       0       0     528       6       0       0       2       0       0       0     528       6
   83.000   225561.728      50   18599     999       0       0       0      48       0       0       0       0     521       6       0       0       2       0       0       0     521       6
   84.000   234572.832      52   19342     999       0       0       0      20       0       0       0       0     531       6       0       0       2       0       0       0     531       6
   85.000   241825.376      54   19940     999       0       0       0      16       0       0       0       0     543       7       0       0       2       0       0       0     543       7
   86.000   248714.080      55   20508     999       0       0       0      17       0       0       1       1     549       7       0       0       2       0       0       0     549       7
   87.000   258950.112      58   21352    1000       0       0       0      19       0       0       0       0     559       7       0       0       2       0       0       0     559       7
   88.000   271623.872      60   22397    1000       0       0       0      23       0       0       0       0     563       7       0       0       2       0       0       0     563       7
   89.000   285195.104      63   23516    1000       0       0       0      21       0       0       0       0     575       7       0       0       2       0       0       0     575       7
   90.000   296304.352      66   24432    1000       0       0       0      19       0       0       1       1     594       7       0       0       2       0       0       0     594       7
   91.000   309633.024      69   25531    1000       0       0       0      21       0       0       0       0     606       7       0       0       2       0       0       0     606       7
   92.000   280768.384      62   23151    1000       0       0       0      19       0       0       0       0     618       8       0       0       2       0       0       0     618       8
   93.000   251042.656      56   20700    1000       0       0       0      40       0       0       0       0     602       7       0       0       2       0       0       0     602       7
   94.000   259956.736      58   21435    1000       0       0       0      14       0       0       0       0     602       7       0       0       2       0       0       0     602       7
   95.000   269186.144      60   22196    1000       0       0       0      18       0       0       0       0     604       7       0       0       2       0       0       0     604       7
   96.000   277772.768      62   22904    1000       0       0       0      20       0       0       0       0     604       7       0       0       2       0       0       0     604       7
   97.000   287232.608      64   23684    1000       0       0       0      21       0       0       1       1     609       7       0       0       2       0       0       0     609       7
   98.000   286504.928      64   23624    1000       0       0       0      21       0       0       0       0     613       7       0       0       2       0       0       0     613       7
   99.000   290264.608      65   23934    1000       0       0       0      16       0       0       0       0     617       8       0       0       2       0       0       0     617       8
  100.000   288251.360      64   23768    1000       0       0       0      22       0       0       0       0     620       8       0       0       2       0       0       0     620       8
  101.000   294291.104      65   24266    1000       0       0       0      28       0       0       0       0     637       8       0       0       2       0       0       0     637       8
  102.000   271405.568      60   22379    1000       0       0       0      25       0       0       0       0     651       8       0       0       2       0       0       0     651       8
  103.000   247307.232      55   20392    1000       0       0       0      54       0       0       1       1     636       8       0       0       2       0       0       0     636       8
  104.000   252219.072      56   20797    1000       0       0       0      21       0       0       0       0     634       8       0       0       2       0       0       0     634       8
  105.000   265511.360      59   21893    1000       0       0       0      29       0       0       0       0     648       8       0       0       2       0       0       0     648       8
  106.000   271951.328      60   22424    1000       0       0       0      17       0       0       0       0     661       8       0       0       2       0       0       0     661       8
  107.000   274825.664      61   22661    1000       0       0       0      14       0       0       0       0     659       8       0       0       2       0       0       0     659       8
  108.000   278561.088      62   22969    1000       0       0       0      18       0       0       0       0     659       8       0       0       2       0       0       0     659       8
  109.000   277978.944      62   22921    1000       0       0       0      27       0       0       0       0     671       8       0       0       2       0       0       0     671       8
  110.000   287814.752      64   23732    1000       0       0       0      17       0       0       0       0     684       8       0       0       2       0       0       0     684       8
  111.000   293575.552      65   24207    1000       0       0       0       8       0       0       0       0     685       8       0       0       2       0       0       0     685       8
  112.000   254098.912      56   20952    1000       0       0       0      12       0       0       1       1     683       8       0       0       2       0       0       0     683       8
  113.000   216308.064      48   17836    1000       0       0       0      55       0       0       0       0     644       8       0       0       2       0       0       0     644       8
  114.000   220892.448      49   18214    1000       0       0       0      17       0       0       0       0     643       8       0       0       2       0       0       0     643       8
  115.000   228023.712      51   18802    1000       0       0       0      31       0       0       1       1     650       8       0       0       2       0       0       0     650       8
  116.000   236634.592      53   19512    1000       0       0       0      17       0       0       0       0     649       8       0       0       2       0       0       0     649       8
  117.000   243717.344      54   20096    1000       0       0       0      23       0       0       0       0     648       8       0       0       2       0       0       0     648       8
  118.000   252097.792      56   20787    1000       0       0       0      13       0       0       0       0     647       8       0       0       2       0       0       0     647       8
  119.000   255614.912      57   21077    1000       0       0       0      18       0       0       2       2     656       8       0       0       2       0       0       0     656       8
  120.000   264468.352      59   21807    1000       0       0       0      17       0       0       0       0     659       8       0       0       2       0       0       0     659       8
  121.000   266117.760      59   21943    1000       0       0       0      16       0       0       1       1     657       8       0       0       2       0       0       0     657       8
  122.000   227526.464      51   18761    1000       0       0       0      24       0       0       0       0     660       8       0       0       2       0       0       0     660       8
  123.000   210389.600      47   17348    1000       0       0       0      68       0       0       0       0     638       8       0       0       2       0       0       0     638       8
  124.000   219800.928      49   18124    1000       0       0       0      22       0       0       0       0     630       8       0       0       2       0       0       0     630       8
  125.000   221705.024      49   18281    1000       0       0       0      18       0       0       1       1     632       8       0       0       2       0       0       0     632       8
  126.000   224821.920      50   18538    1000       0       0       0      16       0       0       0       0     640       8       0       0       2       0       0       0     640       8
  127.000   227138.368      50   18729    1000       0       0       0      14       0       0       0       0     645       8       0       0       2       0       0       0     645       8
  128.000   229418.432      51   18917    1000       0       0       0      19       0       0       0       0     650       8       0       0       2       0       0       0     650       8
  129.000   236925.664      53   19536    1000       0       0       0      22       0       0       0       0     656       8       0       0       2       0       0       0     656       8
  130.000   243462.656      54   20075    1000       0       0       0      20       0       0       0       0     659       8       0       0       2       0       0       0     659       8
  131.000   254305.088      57   20969    1000       0       0       0      21       0       0       0       0     657       8       0       0       2       0       0       0     657       8
  132.000   237386.528      53   19574    1000       0       0       0      32       0       0       2       2     664       8       0       0       2       0       0       0     664       8
  133.000   221656.512      49   18277    1000       0       0       0      47       0       0       0       0     653       8       0       0       2       0       0       0     653       8
  134.000   229891.424      51   18956    1000       0       0       0      19       0       0       0       0     654       8       0       0       2       0       0       0     654       8
  135.000   236549.696      53   19505    1000       0       0       0      32       0       0       0       0     665       8       0       0       2       0       0       0     665       8
  136.000   240903.648      54   19864    1000       0       0       0      15       0       0       0       0     666       8       0       0       2       0       0       0     666       8
  137.000   246409.760      55   20318    1000       0       0       0      19       0       0       0       0     672       8       0       0       2       0       0       0     672       8
  138.000   249926.880      56   20608    1000       0       0       0      26       0       0       0       0     679       8       0       0       2       0       0       0     679       8
  139.000   254499.136      57   20985    1000       0       0       0      17       0       0       0       0     684       8       0       0       2       0       0       0     684       8
  140.000   263291.936      59   21710    1000       0       0       0      15       0       0       0       0     682       8       0       0       2       0       0       0     682       8
  141.000   266081.376      59   21940    1000       0       0       0      27       0       0       0       0     691       8       0       0       2       0       0       0     691       8
  142.000   237980.800      53   19623    1000       0       0       0      19       0       0       0       0     700       9       0       0       2       0       0       0     700       9
  143.000   209395.104      47   17266    1000       0       0       0      62       0       0       0       0     687       8       0       0       2       0       0       0     687       8
  144.000   216259.552      48   17832    1000       0       0       0      11       0       0       0       0     691       8       0       0       2       0       0       0     691       8
  145.000   221268.416      49   18245    1000       0       0       0      27       0       0       0       0     694       8       0       0       2       0       0       0     694       8
  146.000   227041.344      50   18721    1000       0       0       0      17       0       0       0       0     698       9       0       0       2       0       0       0     698       9
  147.000   224943.200      50   18548    1000       0       0       0      19       0       0       1       1     692       8       0       0       2       0       0       0     692       8
  148.000   222881.440      50   18378    1000       0       0       0      20       0       0       0       0     692       8       0       0       2       0       0       0     692       8
  149.000   232122.976      52   19140    1000       0       0       0      21       0       0       0       0     693       8       0       0       2       0       0       0     693       8
  150.000   239072.320      53   19713    1000       0       0       0      19       0       0       1       1     688       8       0       0       2       0       0       0     688       8
  151.000   247161.696      55   20380    1000       0       0       0      22       0       0       0       0     692       8       0       0       2       0       0       0     692       8
  152.000   221789.920      49   18288    1000       0       0       0      24       0       0       0       0     697       9       0       0       2       0       0       0     697       9
  153.000   203452.384      45   16776    1000       0       0       0      60       0       0       0       0     675       8       0       0       2       0       0       0     675       8
  154.000   203925.376      45   16815    1000       0       0       0      28       0       0       1       1     682       8       0       0       2       0       0       0     682       8
  155.000   207078.656      46   17075    1000       0       0       0      28       0       0       0       0     699       9       0       0       2       0       0       0     699       9
  156.000   219606.880      49   18108    1000       0       0       0      28       0       0       0       0     703       9       0       0       2       0       0       0     703       9
  157.000   221983.968      49   18304    1000       0       0       0      20       0       0       0       0     703       9       0       0       2       0       0       0     703       9
  158.000   226920.064      50   18711    1000       0       0       0      15       0       0       0       0     696       8       0       0       2       0       0       0     696       8
  159.000   229612.480      51   18933    1000       0       0       0      17       0       0       0       0     695       8       0       0       2       0       0       0     695       8
  160.000   233008.320      52   19213    1000       0       0       0      24       0       0       0       0     696       8       0       0       2       0       0       0     696       8
  161.000   240200.224      53   19806    1000       0       0       0      12       0       0       0       0     692       8       0       0       2       0       0       0     692       8
  162.000   216368.704      48   17841    1000       0       0       0      17       0       0       0       0     684       8       0       0       2       0       0       0     684       8
  163.000   196806.240      44   16228    1000       0       0       0      42       0       0       0       0     649       8       0       0       2       0       0       0     649       8
  164.000   205344.352      46   16932    1000       0       0       0      17       0       0       0       0     642       8       0       0       2       0       0       0     642       8
  165.000   208255.072      46   17172    1000       0       0       0      24       0       0       1       1     642       8       0       0       2       0       0       0     642       8
  166.000   217157.024      48   17906    1000       0       0       0      25       0       0       1       1     651       8       0       0       2       0       0       0     651       8
  167.000   225294.912      50   18577    1000       0       0       0      25       0       0       0       0     660       8       0       0       2       0       0       0     660       8
  168.000   234378.784      52   19326    1000       0       0       0      19       0       0       0       0     662       8       0       0       2       0       0       0     662       8
  169.000   243474.784      54   20076    1000       0       0       0      22       0       0       1       1     650       8       0       0       2       0       0       0     650       8
  170.000   245936.768      55   20279    1000       0       0       0      19       0       0       1       1     645       8       0       0       2       0       0       0     645       8
  171.000   249271.968      55   20554    1000       0       0       0      21       0       0       0       0     645       8       0       0       2       0       0       0     645       8
  172.000   209904.480      47   17308    1000       0       0       0      21       0       0       0       0     642       8       0       0       2       0       0       0     642       8
  173.000   174939.456      39   14425    1000       0       0       0      73       0       0       0       0     609       7       0       0       2       0       0       0     609       7
  174.000   185199.744      41   15271    1000       0       0       0      27       0       0       1       1     614       7       0       0       2       0       0       0     614       7
  175.000   196660.704      44   16216    1000       0       0       0      24       0       0       1       1     624       8       0       0       2       0       0       0     624       8
  176.000   204095.168      45   16829    1000       0       0       0      26       0       0       0       0     640       8       0       0       2       0       0       0     640       8
  177.000   215604.640      48   17778    1000       0       0       0      19       0       0       0       0     648       8       0       0       2       0       0       0     648       8
  178.000   227296.032      51   18742    1000       0       0       0      21       0       0       1       1     650       8       0       0       2       0       0       0     650       8
  179.000   239242.112      53   19727    1000       0       0       0      22       0       0       1       1     660       8       0       0       2       0       0       0     660       8
  180.000   242480.288      54   19994    1000       0       0       0      20       0       0       0       0     659       8       0       0       2       0       0       0     659       8
  181.000   245330.368      55   20229    1000       0       0       0      18       0       0       0       0     656       8       0       0       2       0       0       0     656       8
  182.000   224870.432      50   18542    1000       0       0       0      17       0       0       0       0     652       8       0       0       2       0       0       0     652       8
  183.000   213373.088      47   17594    1000       0       0       0      37       0       0       0       0     634       8       0       0       2       0       0       0     634       8
  184.000   223669.760      50   18443    1000       0       0       0      18       0       0       0       0     629       8       0       0       2       0       0       0     629       8
  185.000   226386.432      50   18667    1000       0       0       0      19       0       0       0       0     629       8       0       0       2       0       0       0     629       8
  186.000   234669.856      52   19350    1000       0       0       0      24       0       0       0       0     631       8       0       0       2       0       0       0     631       8
  187.000   238538.688      53   19669    1000       0       0       0      19       0       0       0       0     637       8       0       0       2       0       0       0     637       8
  188.000   245306.112      55   20227    1000       0       0       0      18       0       0       0       0     635       8       0       0       2       0       0       0     635       8
  189.000   257652.416      57   21245    1000       0       0       0      22       0       0       1       1     632       8       0       0       2       0       0       0     632       8
  190.000   261982.112      58   21602    1000       0       0       0      21       0       0       0       0     634       8       0       0       2       0       0       0     634       8
  191.000   271138.752      60   22357    1000       0       0       0      20       0       0       0       0     627       8       0       0       2       0       0       0     627       8
  192.000   255251.072      57   21047    1000       0       0       0      23       0       0       0       0     634       8       0       0       2       0       0       0     634       8
  193.000   231092.096      51   19055    1000       0       0       0      50       0       0       0       0     619       8       0       0       2       0       0       0     619       8
  194.000   242965.408      54   20034    1000       0       0       0      23       0       0       0       0     617       8       0       0       2       0       0       0     617       8
  195.000   252291.840      56   20803    1000       0       0       0      20       0       0       0       0     619       8       0       0       2       0       0       0     619       8
  196.000   261424.224      58   21556    1000       0       0       0      34       0       0       1       1     633       8       0       0       2       0       0       0     633       8
  197.000   273346.048      61   22539    1000       0       0       0      19       0       0       0       0     644       8       0       0       2       0       0       0     644       8
  198.000   282636.096      63   23305    1000       0       0       0      23       0       0       0       0     657       8       0       0       2       0       0       0     657       8
  199.000   286007.680      64   23583    1000       0       0       0      26       0       0       0       0     670       8       0       0       2       0       0       0     670       8
  200.000   300743.200      67   24798    1000       0       0       0      20       0       0       0       0     679       8       0       0       2       0       0       0     679       8
  201.000   304430.112      68   25102    1000       0       0       0      18       0       0       0       0     678       8       0       0       2       0       0       0     678       8
  202.000   270362.560      60   22293    1000       0       0       0      25       0       0       0       0     679       8       0       0       2       0       0       0     679       8
  203.000   238308.256      53   19650    1000       0       0       0      54       0       0       0       0     669       8       0       0       2       0       0       0     669       8
  204.000   252231.200      56   20798    1000       0       0       0      12       0       0       0       0     670       8       0       0       2       0       0       0     670       8
  205.000   268300.800      60   22123    1000       0       0       0      20       0       0       0       0     671       8       0       0       2       0       0       0     671       8
  206.000   277639.360      62   22893    1000       0       0       0      15       0       0       0       0     673       8       0       0       2       0       0       0     673       8
  207.000   280683.488      62   23144    1000       0       0       0      16       0       0       0       0     676       8       0       0       2       0       0       0     676       8
  208.000   284891.904      63   23491    1000       0       0       0      14       0       0       0       0     670       8       0       0       2       0       0       0     670       8
  209.000   289633.952      64   23882    1000       0       0       0      23       0       0       0       0     675       8       0       0       2       0       0       0     675       8
  210.000   295224.960      66   24343    1000       0       0       0      19       0       0       0       0     681       8       0       0       2       0       0       0     681       8
  211.000   303532.640      67   25028    1000       0       0       0      16       0       0       0       0     673       8       0       0       2       0       0       0     673       8
  212.000   278391.296      62   22955    1000       0       0       0      20       0       0       0       0     675       8       0       0       2       0       0       0     675       8
  213.000   253334.848      56   20889    1000       0       0       0      48       0       0       0       0     657       8       0       0       2       0       0       0     657       8
  214.000   262770.432      58   21667    1000       0       0       0      25       0       0       0       0     656       8       0       0       2       0       0       0     656       8
  215.000   276378.048      61   22789    1000       0       0       0      17       0       0       0       0     656       8       0       0       2       0       0       0     656       8
  216.000   286638.336      64   23635    1000       0       0       0      18       0       0       0       0     655       8       0       0       2       0       0       0     655       8
  217.000   294751.968      66   24304    1000       0       0       0      24       0       0       1       1     653       8       0       0       2       0       0       0     653       8
  218.000   304696.928      68   25124    1000       0       0       0      12       0       0       0       0     650       8       0       0       2       0       0       0     650       8
  219.000   309669.408      69   25534    1000       0       0       0      21       0       0       0       0     656       8       0       0       2       0       0       0     656       8
  220.000   313380.576      70   25840    1000       0       0       0      24       0       0       0       0     661       8       0       0       2       0       0       0     661       8
  221.000   317479.840      71   26178    1000       0       0       0      18       0       0       0       0     669       8       0       0       2       0       0       0     669       8
  222.000   285195.104      63   23516    1000       0       0       0      31       0       0       0       0     684       8       0       0       2       0       0       0     684       8
  223.000   260199.296      58   21455    1000       0       0       0      62       0       0       0       0     667       8       0       0       2       0       0       0     667       8
  224.000   275553.344      61   22721    1000       0       0       0      26       0       0       0       0     669       8       0       0       2       0       0       0     669       8
  225.000   285364.896      63   23530    1000       0       0       0      24       0       0       1       1     674       8       0       0       2       0       0       0     674       8
  226.000   289488.416      64   23870    1000       0       0       0      21       0       0       1       1     685       8       0       0       2       0       0       0     685       8
  227.000   295867.744      66   24396    1000       0       0       0      18       0       0       0       0     690       8       0       0       2       0       0       0     690       8
  228.000   307704.672      68   25372    1000       0       0       0      20       0       0       1       1     695       8       0       0       2       0       0       0     695       8
  229.000   316279.168      70   26079    1000       0       0       0      16       0       0       0       0     693       8       0       0       2       0       0       0     693       8
  230.000   322961.696      72   26630    1000       0       0       0      11       0       0       0       0     694       8       0       0       2       0       0       0     694       8
  231.000   327073.088      73   26969    1000       0       0       0      17       0       0       0       0     698       9       0       0       2       0       0       0     698       9
  232.000   283654.848      63   23389    1000       0       0       0      21       0       0       1       1     707       9       0       0       2       0       0       0     707       9
  233.000   244930.144      54   20196    1000       0       0       0      56       0       0       0       0     691       8       0       0       2       0       0       0     691       8
  234.000   248677.696      55   20505    1000       0       0       0      21       0       0       0       0     694       8       0       0       2       0       0       0     694       8
  235.000   262624.896      58   21655    1000       0       0       0      16       0       0       1       1     693       8       0       0       2       0       0       0     693       8
  236.000   268458.464      60   22136    1000       0       0       0      30       0       0       0       0     704       9       0       0       2       0       0       0     704       9
  237.000   275153.120      61   22688    1000       0       0       0      27       0       0       0       0     709       9       0       0       2       0       0       0     709       9
  238.000   284285.504      63   23441    1000       0       0       0      25       0       0       0       0     710       9       0       0       2       0       0       0     710       9
  239.000   290834.624      65   23981    1000       0       0       0      24       0       0       0       0     716       9       0       0       2       0       0       0     716       9
  240.000   292471.904      65   24116    1000       0       0       0      15       0       0       0       0     719       9       0       0       2       0       0       0     719       9
  241.000   299324.224      67   24681    1000       0       0       0      21       0       0       0       0     715       9       0       0       2       0       0       0     715       9
  242.000   268519.104      60   22141    1000       0       0       0      37       0       0       1       1     728       9       0       0       2       0       0       0     728       9
  243.000   238987.424      53   19706    1000       0       0       0      58       0       0       0       0     715       9       0       0       2       0       0       0     715       9
  244.000   245864.000      55   20273    1000       0       0       0      16       0       0       0       0     714       9       0       0       2       0       0       0     714       9
  245.000   254838.720      57   21013    1000       0       0       0      25       0       0       1       1     725       9       0       0       2       0       0       0     725       9
  246.000   263958.976      59   21765    1000       0       0       0      25       0       0       2       2     735       9       0       0       2       0       0       0     735       9
  247.000   269089.120      60   22188    1000       0       0       0      22       0       0       0       0     734       9       0       0       2       0       0       0     734       9
  248.000   273176.256      61   22525    1000       0       0       0      22       0       0       0       0     728       9       0       0       2       0       0       0     728       9
  249.000   269052.736      60   22185    1000       0       0       0      29       0       0       2       2     734       9       0       0       2       0       0       0     734       9
  250.000   271987.712      60   22427    1000       0       0       0      20       0       0       0       0     749       9       0       0       2       0       0       0     749       9
  251.000   276851.040      62   22828    1000       0       0       0      20       0       0       0       0     744       9       0       0       2       0       0       0     744       9
  252.000   245160.576      54   20215    1000       0       0       0      16       0       0       0       0     741       9       0       0       2       0       0       0     741       9
  253.000   218212.160      48   17993    1000       0       0       0      43       0       0       0       0     717       9       0       0       2       0       0       0     717       9
  254.000   218600.256      49   18025    1000       0       0       0      21       0       0       0       0     713       9       0       0       2       0       0       0     713       9
  255.000   218418.336      49   18010    1000       0       0       0      15       0       0       0       0     710       9       0       0       2       0       0       0     710       9
  256.000   226798.784      50   18701    1000       0       0       0      13       0       0       0       0     710       9       0       0       2       0       0       0     710       9
  257.000   229090.976      51   18890    1000       0       0       0      20       0       0       0       0     700       9       0       0       2       0       0       0     700       9
  258.000   234645.600      52   19348    1000       0       0       0      22       0       0       0       0     696       8       0       0       2       0       0       0     696       8
  259.000   235761.376      52   19440    1000       0       0       0      20       0       0       0       0     694       8       0       0       2       0       0       0     694       8
  260.000   236246.496      52   19480    1000       0       0       0      19       0       0       0       0     694       8       0       0       2       0       0       0     694       8
  261.000   247185.952      55   20382    1000       0       0       0      21       0       0       0       0     696       8       0       0       2       0       0       0     696       8
  262.000   222141.632      49   18317    1000       0       0       0      23       0       0       1       1     696       8       0       0       2       0       0       0     696       8
  263.000   195399.392      43   16112    1000       0       0       0      68       0       0       0       0     665       8       0       0       2       0       0       0     665       8
  264.000   201608.928      45   16624    1000       0       0       0      21       0       0       0       0     650       8       0       0       2       0       0       0     650       8
  265.000   212354.336      47   17510    1000       0       0       0      20       0       0       1       1     650       8       0       0       2       0       0       0     650       8
  266.000   218151.520      48   17988    1000       0       0       0      14       0       0       1       1     649       8       0       0       2       0       0       0     649       8
  267.000   222675.264      49   18361    1000       0       0       0      18       0       0       0       0     642       8       0       0       2       0       0       0     642       8
  268.000   234136.224      52   19306    1000       0       0       0      15       0       0       0       0     637       8       0       0       2       0       0       0     637       8
  269.000   238356.768      53   19654    1000       0       0       0      21       0       0       0       0     638       8       0       0       2       0       0       0     638       8
  270.000   244226.720      54   20138    1000       0       0       0      21       0       0       0       0     645       8       0       0       2       0       0       0     645       8
  271.000   251952.256      56   20775    1000       0       0       0      24       0       0       1       1     652       8       0       0       2       0       0       0     652       8
  272.000   224409.568      50   18504    1000       0       0       0      17       0       0       0       0     659       8       0       0       2       0       0       0     659       8
  273.000   196114.944      44   16171    1000       0       0       0      49       0       0       1       1     637       8       0       0       2       0       0       0     637       8
  274.000   205101.792      46   16912    1000       0       0       0      15       0       0       0       0     637       8       0       0       2       0       0       0     637       8
  275.000   209511.200      47   17275    1000       0       0       0      20       0       0       0       0     635       8       0       0       2       0       0       0     635       8
