  TimeSec      LoaKbps LoaUsag Packets DlyUsec LoaDrps MetDrps TabDrps FloMods MetMods GroMods  PktsIn PktsOut FloEntr FloUsag MetEntr MetUsag GroEntr GroUsag BufPkts BufUsag  T0Entr  T0Usag
    1.000        0.000       0       0     173       0       0       0       3       0       2       0       0       3       0       0       0       2       0       0       0       3       0
    2.000     1836.512       0     152     319       0       0       0       6       0       0       0       0       7       0       0       0       2       0       0       0       7       0
    3.000     5317.248       1     439     391       0       0       0       8       0       0       0       0      12       0       0       0       2       0       0       0      12       0
    4.000    12970.016       3    1070     537       0       0       0      18       0       0       0       0      28       0       0       0       2       0       0       0      28       0
    5.000    20028.512       4    1652     593       0       0       0      10       0       0       0       0      40       0       0       0       2       0       0       0      40       0
    6.000    22987.744       5    1896     599       0       0       0       8       0       0       0       0      50       1       0       0       2       0       0       0      50       1
    7.000    24782.688       6    2044     599       0       0       0       8       0       0       0       0      57       1       0       0       2       0       0       0      57       1
    8.000    28372.576       6    2340     659       0       0       0       8       0       0       0       0      64       1       0       0       2       0       0       0      64       1
    9.000    31889.696       7    2630     695       0       0       0      12       0       0       0       0      75       1       0       0       2       0       0       0      75       1
   10.000    37153.248       8    3064     699       0       0       0      10       0       0       0       0      84       1       0       0       2       0       0       0      84       1
   11.000    46200.736      10    3810     699       0       0       0      10       0       0       0       0      96       1       0       0       2       0       0       0      96       1
   12.000    49608.704      11    4091     699       0       0       0       6       0       0       0       0     104       1       0       0       2       0       0       0     104       1
   13.000    51997.920      12    4288     699       0       0       0      10       0       0       0       0     112       1       0       0       2       0       0       0     112       1
   14.000    53683.712      12    4427     700       0       0       0       4       0       0       0       0     117       1       0       0       2       0       0       0     117       1
   15.000    57455.520      13    4738     748       0       0       0      12       0       0       0       0     127       2       0       0       2       0       0       0     127       2
   16.000    65738.944      15    5421     794       0       0       0      20       0       0       0       0     143       2       0       0       2       0       0       0     143       2
   17.000    74410.464      17    6136     799       0       0       0      14       0       0       0       0     157       2       0       0       2       0       0       0     157       2
   18.000    84343.296      19    6955     799       0       0       0      12       0       0       0       0     169       2       0       0       2       0       0       0     169       2
   19.000    98787.744      22    8146     799       0       0       0       8       0       0       0       0     171       2       0       0       2       0       0       0     171       2
   20.000   105664.320      23    8713     799       0       0       0      12       0       0       0       0     173       2       0       0       2       0       0       0     173       2
   21.000   111352.352      25    9182     800       0       0       0       6       0       0       0       0     179       2       0       0       2       0       0       0     179       2
   22.000   109848.480      24    9058     800       0       0       0      10       0       0       0       0     183       2       0       0       2       0       0       0     183       2
   23.000   112613.664      25    9286     800       0       0       0       6       0       0       0       0     188       2       0       0       2       0       0       0     188       2
   24.000   115403.104      26    9516     800       0       0       0       8       0       0       0       0     188       2       0       0       2       0       0       0     188       2
   25.000   120120.896      27    9905     800       0       0       0       4       0       0       0       0     190       2       0       0       2       0       0       0     190       2
   26.000   121830.944      27   10046     800       0       0       0       8       0       0       0       0     191       2       0       0       2       0       0       0     191       2
   27.000   122995.232      27   10142     800       0       0       0      10       0       0       0       0     193       2       0       0       2       0       0       0     193       2
   28.000   125905.952      28   10382     800       0       0       0      10       0       0       0       0     198       2       0       0       2       0       0       0     198       2
   29.000   133692.128      30   11024     800       0       0       0       8       0       0       0       0     208       3       0       0       2       0       0       0     208       3
   30.000   132042.720      29   10888     800       0       0       0       8       0       0       0       0     209       3       0       0       2       0       0       0     209       3
   31.000   131812.288      29   10869     800       0       0       0       8       0       0       0       0     211       3       0       0       2       0       0       0     211       3
   32.000   137427.552      31   11332     800       0       0       0      12       0       0       0       0     213       3       0       0       2       0       0       0     213       3
   33.000   143673.472      32   11847     800       0       0       0       8       0       0       0       0     216       3       0       0       2       0       0       0     216       3
   34.000   150501.536      33   12410     800       0       0       0      12       0       0       0       0     222       3       0       0       2       0       0       0     222       3
   35.000   153812.480      34   12683     800       0       0       0       4       0       0       0       0     224       3       0       0       2       0       0       0     224       3
   36.000   155947.008      35   12859     800       0       0       0      12       0       0       0       0     228       3       0       0       2       0       0       0     228       3
   37.000   156504.896      35   12905     800       0       0       0      16       0       0       0       0     234       3       0       0       2       0       0       0     234       3
   38.000   157923.872      35   13022     800       0       0       0      12       0       0       0       0     243       3       0       0       2       0       0       0     243       3
   39.000   160955.872      36   13272     800       0       0       0      10       0       0       0       0     251       3       0       0       2       0       0       0     251       3
   40.000   163199.552      36   13457     879       0       0       0      10       0       0       0       0     258       3       0       0       2       0       0       0     258       3
   41.000   166377.088      37   13719     897       0       0       0      10       0       0       0       0     264       3       0       0       2       0       0       0     264       3
   42.000   168184.160      37   13868     899       0       0       0       6       0       0       0       0     268       3       0       0       2       0       0       0     268       3
   43.000   173969.216      39   14345     899       0       0       0      14       0       0       0       0     274       3       0       0       2       0       0       0     274       3
   44.000   180287.904      40   14866     899       0       0       0      10       0       0       0       0     277       3       0       0       2       0       0       0     277       3
   45.000   184180.992      41   15187     900       0       0       0      12       0       0       0       0     281       3       0       0       2       0       0       0     281       3
   46.000   191397.152      43   15782     900       0       0       0      10       0       0       0       0     288       4       0       0       2       0       0       0     288       4
   47.000   194186.592      43   16012     900       0       0       0      10       0       0       0       0     290       4       0       0       2       0       0       0     290       4
   48.000   201281.472      45   16597     900       0       0       0      10       0       0       0       0     293       4       0       0       2       0       0       0     293       4
   49.000   203064.288      45   16744     900       0       0       0      12       0       0       0       0     301       4       0       0       2       0       0       0     301       4
   50.000   207163.552      46   17082     900       0       0       0       8       0       0       0       0     304       4       0       0       2       0       0       0     304       4
   51.000   212402.848      47   17514     900       0       0       0       6       0       0       0       0     304       4       0       0       2       0       0       0     304       4
   52.000   219582.624      49   18106     900       0       0       0       8       0       0       0       0     302       4       0       0       2       0       0       0     302       4
   53.000   219776.672      49   18122     900       0       0       0       4       0       0       0       0     295       4       0       0       2       0       0       0     295       4
   54.000   222323.552      49   18332     900       0       0       0      14       0       0       0       0     297       4       0       0       2       0       0       0     297       4
   55.000   227817.536      51   18785     900       0       0       0      14       0       0       0       0     303       4       0       0       2       0       0       0     303       4
   56.000   231055.712      51   19052     900       0       0       0       8       0       0       0       0     306       4       0       0       2       0       0       0     306       4
   57.000   237180.352      53   19557     900       0       0       0      14       0       0       0       0     316       4       0       0       2       0       0       0     316       4
   58.000   238975.296      53   19705     900       0       0       0      10       0       0       0       0     322       4       0       0       2       0       0       0     322       4
   59.000   240685.344      53   19846     900       0       0       0       8       0       0       0       0     325       4       0       0       2       0       0       0     325       4
   60.000   242249.856      54   19975     900       0       0       0       6       0       0       0       0     326       4       0       0       2       0       0       0     326       4
   61.000   244736.096      54   20180     900       0       0       0      12       0       0       0       0     323       4       0       0       2       0       0       0     323       4
   62.000   245572.928      55   20249     900       0       0       0      16       0       0       0       0     332       4       0       0       2       0       0       0     332       4
   63.000   244529.920      54   20163     900       0       0       0       6       0       0       0       0     334       4       0       0       2       0       0       0     334       4
   64.000   244639.072      54   20172     900       0       0       0      10       0       0       0       0     333       4       0       0       2       0       0       0     333       4
   65.000   242225.600      54   19973     900       0       0       0       8       0       0       0       0     339       4       0       0       2       0       0       0     339       4
   66.000   241594.944      54   19921     900       0       0       0      12       0       0       0       0     342       4       0       0       2       0       0       0     342       4
   67.000   241449.408      54   19909     900       0       0       0       6       0       0       0       0     347       4       0       0       2       0       0       0     347       4
   68.000   241619.200      54   19923     900       0       0       0      16       0       0       0       0     352       4       0       0       2       0       0       0     352       4
   69.000   242904.768      54   20029     900       0       0       0      12       0       0       0       0     360       4       0       0       2       0       0       0     360       4
   70.000   245621.440      55   20253     900       0       0       0       8       0       0       0       0     361       4       0       0       2       0       0       0     361       4
   71.000   247574.048      55   20414     900       0       0       0      12       0       0       0       0     364       4       0       0       2       0       0       0     364       4
   72.000   250787.968      56   20679     900       0       0       0      14       0       0       0       0     369       5       0       0       2       0       0       0     369       5
   73.000   253444.000      56   20898     900       0       0       0       6       0       0       0       0     369       5       0       0       2       0       0       0     369       5
   74.000   256961.120      57   21188     900       0       0       0      10       0       0       0       0     370       5       0       0       2       0       0       0     370       5
   75.000   253407.616      56   20895     900       0       0       0      10       0       0       0       0     374       5       0       0       2       0       0       0     374       5
   76.000   251479.264      56   20736     900       0       0       0       8       0       0       0       0     380       5       0       0       2       0       0       0     380       5
   77.000   248483.648      55   20489     900       0       0       0       6       0       0       0       0     376       5       0       0       2       0       0       0     376       5
   78.000   255420.864      57   21061     900       0       0       0      12       0       0       0       0     379       5       0       0       2       0       0       0     379       5
   79.000   263231.296      58   21705     900       0       0       0      12       0       0       0       0     384       5       0       0       2       0       0       0     384       5
   80.000   273661.376      61   22565     900       0       0       0      16       0       0       0       0     390       5       0       0       2       0       0       0     390       5
   81.000   277032.960      62   22843     900       0       0       0      12       0       0       0       0     394       5       0       0       2       0       0       0     394       5
   82.000   277700.000      62   22898     900       0       0       0       6       0       0       0       0     393       5       0       0       2       0       0       0     393       5
   83.000   275905.056      61   22750     900       0       0       0       4       0       0       0       0     389       5       0       0       2       0       0       0     389       5
   84.000   270677.888      60   22319     900       0       0       0       6       0       0       0       0     381       5       0       0       2       0       0       0     381       5
   85.000   271648.128      60   22399     900       0       0       0      12       0       0       0       0     380       5       0       0       2       0       0       0     380       5
   86.000   270241.280      60   22283     900       0       0       0      14       0       0       0       0     383       5       0       0       2       0       0       0     383       5
   87.000   272400.064      61   22461     900       0       0       0      12       0       0       0       0     386       5       0       0       2       0       0       0     386       5
   88.000   271720.896      60   22405     900       0       0       0      10       0       0       0       0     390       5       0       0       2       0       0       0     390       5
   89.000   271065.984      60   22351     900       0       0       0      10       0       0       0       0     396       5       0       0       2       0       0       0     396       5
   90.000   271029.600      60   22348     900       0       0       0      12       0       0       0       0     397       5       0       0       2       0       0       0     397       5
   91.000   266687.776      59   21990     900       0       0       0       8       0       0       0       0     395       5       0       0       2       0       0       0     395       5
   92.000   267003.104      59   22016     900       0       0       0       4       0       0       0       0     394       5       0       0       2       0       0       0     394       5
   93.000   264832.192      59   21837     900       0       0       0       6       0       0       0       0     393       5       0       0       2       0       0       0     393       5
   94.000   260793.568      58   21504     900       0       0       0      10       0       0       0       0     393       5       0       0       2       0       0       0     393       5
   95.000   260017.376      58   21440     900       0       0       0       4       0       0       0       0     390       5       0       0       2       0       0       0     390       5
   96.000   259035.008      58   21359     900       0       0       0      10       0       0       0       0     387       5       0       0       2       0       0       0     387       5
   97.000   255505.760      57   21068     900       0       0       0       6       0       0       0       0     389       5       0       0       2       0       0       0     389       5
   98.000   256403.232      57   21142     900       0       0       0      12       0       0       0       0     391       5       0       0       2       0       0       0     391       5
   99.000   255287.456      57   21050     900       0       0       0      10       0       0       0       0     393       5       0       0       2       0       0       0     393       5
  100.000   254195.936      56   20960     900       0       0       0      10       0       0       0       0     396       5       0       0       2       0       0       0     396       5
  101.000   252898.240      56   20853     900       0       0       0       8       0       0       0       0     393       5       0       0       2       0       0       0     393       5
  102.000   251515.648      56   20739     900       0       0       0      12       0       0       0       0     393       5       0       0       2       0       0       0     393       5
  103.000   244238.848      54   20139     900       0       0       0       6       0       0       0       0     392       5       0       0       2       0       0       0     392       5
  104.000   246834.240      55   20353     900       0       0       0      16       0       0       0       0     391       5       0       0       2       0       0       0     391       5
  105.000   251467.136      56   20735     900       0       0       0       6       0       0       0       0     392       5       0       0       2       0       0       0     392       5
  106.000   253613.792      56   20912     900       0       0       0      14       0       0       0       0     389       5       0       0       2       0       0       0     389       5
  107.000   248811.104      55   20516     900       0       0       0      12       0       0       0       0     390       5       0       0       2       0       0       0     390       5
  108.000   246397.632      55   20317     900       0       0       0       8       0       0       0       0     397       5       0       0       2       0       0       0     397       5
  109.000   245148.448      54   20214     900       0       0       0      10       0       0       0       0     398       5       0       0       2       0       0       0     398       5
  110.000   243596.064      54   20086     900       0       0       0      10       0       0       0       0     401       5       0       0       2       0       0       0     401       5
  111.000   246797.856      55   20350     900       0       0       0       8       0       0       0       0     404       5       0       0       2       0       0       0     404       5
  112.000   249684.320      55   20588     900       0       0       0      12       0       0       0       0     400       5       0       0       2       0       0       0     400       5
  113.000   251200.320      56   20713     900       0       0       0      10       0       0       0       0     404       5       0       0       2       0       0       0     404       5
  114.000   251624.800      56   20748     900       0       0       0      10       0       0       0       0     402       5       0       0       2       0       0       0     402       5
  115.000   252655.680      56   20833     900       0       0       0       6       0       0       0       0     399       5       0       0       2       0       0       0     399       5
  116.000   256560.896      57   21155     900       0       0       0      14       0       0       0       0     397       5       0       0       2       0       0       0     397       5
  117.000   267597.376      59   22065     900       0       0       0      14       0       0       0       0     400       5       0       0       2       0       0       0     400       5
  118.000   271575.360      60   22393     900       0       0       0       6       0       0       0       0     401       5       0       0       2       0       0       0     401       5
  119.000   271708.768      60   22404     900       0       0       0      10       0       0       0       0     400       5       0       0       2       0       0       0     400       5
  120.000   268943.584      60   22176     900       0       0       0       6       0       0       0       0     399       5       0       0       2       0       0       0     399       5
  121.000   265887.328      59   21924     900       0       0       0      14       0       0       0       0     402       5       0       0       2       0       0       0     402       5
  122.000   265753.920      59   21913     900       0       0       0       8       0       0       0       0     404       5       0       0       2       0       0       0     404       5
  123.000   264892.832      59   21842     900       0       0       0      10       0       0       0       0     401       5       0       0       2       0       0       0     401       5
  124.000   261957.856      58   21600     900       0       0       0       8       0       0       0       0     402       5       0       0       2       0       0       0     402       5
  125.000   261957.856      58   21600     900       0       0       0      10       0       0       0       0     396       5       0       0       2       0       0       0     396       5
  126.000   261775.936      58   21585     900       0       0       0       8       0       0       0       0     399       5       0       0       2       0       0       0     399       5
  127.000   259799.072      58   21422     900       0       0       0       8       0       0       0       0     398       5       0       0       2       0       0       0     398       5
  128.000   258865.216      58   21345     900       0       0       0       4       0       0       0       0     392       5       0       0       2       0       0       0     392       5
  129.000   258416.480      57   21308     900       0       0       0       6       0       0       0       0     391       5       0       0       2       0       0       0     391       5
  130.000   255190.432      57   21042     900       0       0       0      12       0       0       0       0     392       5       0       0       2       0       0       0     392       5
  131.000   259508.000      58   21398     900       0       0       0       8       0       0       0       0     393       5       0       0       2       0       0       0     393       5
  132.000   258925.856      58   21350     900       0       0       0      12       0       0       0       0     390       5       0       0       2       0       0       0     390       5
  133.000   261412.096      58   21555     900       0       0       0      10       0       0       0       0     390       5       0       0       2       0       0       0     390       5
  134.000   263279.808      59   21709     900       0       0       0      10       0       0       0       0     392       5       0       0       2       0       0       0     392       5
  135.000   265559.872      59   21897     900       0       0       0      10       0       0       0       0     393       5       0       0       2       0       0       0     393       5
  136.000   269671.264      60   22236     900       0       0       0      14       0       0       0       0     392       5       0       0       2       0       0       0     392       5
  137.000   267124.384      59   22026     900       0       0       0      10       0       0       0       0     394       5       0       0       2       0       0       0     394       5
  138.000   260914.848      58   21514     900       0       0       0      10       0       0       0       0     394       5       0       0       2       0       0       0     394       5
  139.000   267876.320      60   22088     900       0       0       0       6       0       0       0       0     391       5       0       0       2       0       0       0     391       5
  140.000   260587.392      58   21487     900       0       0       0       6       0       0       0       0     387       5       0       0       2       0       0       0     387       5
  141.000   258452.864      57   21311     900       0       0       0      10       0       0       0       0     385       5       0       0       2       0       0       0     385       5
  142.000   252873.984      56   20851     900       0       0       0      10       0       0       0       0     388       5       0       0       2       0       0       0     388       5
  143.000   247901.504      55   20441     900       0       0       0       4       0       0       0       0     387       5       0       0       2       0       0       0     387       5
  144.000   243462.656      54   20075     900       0       0       0      18       0       0       0       0     393       5       0       0       2       0       0       0     393       5
  145.000   242625.824      54   20006     900       0       0       0      12       0       0       0       0     395       5       0       0       2       0       0       0     395       5
  146.000   245330.368      55   20229     900       0       0       0      10       0       0       0       0     396       5       0       0       2       0       0       0     396       5
  147.000   242625.824      54   20006     900       0       0       0      14       0       0       0       0     402       5       0       0       2       0       0       0     402       5
  148.000   246167.200      55   20298     900       0       0       0       8       0       0       0       0     402       5       0       0       2       0       0       0     402       5
  149.000   250945.632      56   20692     900       0       0       0      18       0       0       0       0     407       5       0       0       2       0       0       0     407       5
  150.000   260259.936      58   21460     900       0       0       0       6       0       0       0       0     406       5       0       0       2       0       0       0     406       5
  151.000   258950.112      58   21352     900       0       0       0       4       0       0       0       0     398       5       0       0       2       0       0       0     398       5
  152.000   264286.432      59   21792     900       0       0       0       8       0       0       0       0     391       5       0       0       2       0       0       0     391       5
  153.000   259107.776      58   21365     900       0       0       0      14       0       0       0       0     388       5       0       0       2       0       0       0     388       5
  154.000   260987.616      58   21520     900       0       0       0       8       0       0       0       0     390       5       0       0       2       0       0       0     390       5
  155.000   261642.528      58   21574     900       0       0       0      10       0       0       0       0     388       5       0       0       2       0       0       0     388       5
  156.000   268895.072      60   22172     900       0       0       0       8       0       0       0       0     389       5       0       0       2       0       0       0     389       5
  157.000   275953.568      61   22754     900       0       0       0       8       0       0       0       0     385       5       0       0       2       0       0       0     385       5
  158.000   278670.240      62   22978     900       0       0       0      10       0       0       0       0     385       5       0       0       2       0       0       0     385       5
  159.000   277045.088      62   22844     900       0       0       0      12       0       0       0       0     382       5       0       0       2       0       0       0     382       5
  160.000   281629.472      63   23222     900       0       0       0      10       0       0       0       0     382       5       0       0       2       0       0       0     382       5
  161.000   285583.200      63   23548     900       0       0       0      14       0       0       0       0     387       5       0       0       2       0       0       0     387       5
  162.000   288020.928      64   23749     900       0       0       0       8       0       0       0       0     387       5       0       0       2       0       0       0     387       5
  163.000   290519.296      65   23955     900       0       0       0      14       0       0       0       0     389       5       0       0       2       0       0       0     389       5
  164.000   299154.432      66   24667     900       0       0       0       6       0       0       0       0     389       5       0       0       2       0       0       0     389       5
  165.000   298438.880      66   24608     900       0       0       0      12       0       0       0       0     389       5       0       0       2       0       0       0     389       5
  166.000   296631.808      66   24459     900       0       0       0      10       0       0       0       0     396       5       0       0       2       0       0       0     396       5
  167.000   296704.576      66   24465     900       0       0       0       6       0       0       0       0     396       5       0       0       2       0       0       0     396       5
  168.000   294024.288      65   24244     900       0       0       0      10       0       0       0       0     397       5       0       0       2       0       0       0     397       5
  169.000   293624.064      65   24211     900       0       0       0      14       0       0       0       0     399       5       0       0       2       0       0       0     399       5
  170.000   296073.920      66   24413     900       0       0       0      10       0       0       0       0     397       5       0       0       2       0       0       0     397       5
  171.000   292108.064      65   24086     900       0       0       0       8       0       0       0       0     403       5       0       0       2       0       0       0     403       5
  172.000   292775.104      65   24141     900       0       0       0      16       0       0       0       0     408       5       0       0       2       0       0       0     408       5
  173.000   300561.280      67   24783     900       0       0       0      16       0       0       0       0     417       5       0       0       2       0       0       0     417       5
  174.000   300864.480      67   24808     900       0       0       0      10       0       0       0       0     417       5       0       0       2       0       0       0     417       5
  175.000   304211.808      68   25084     900       0       0       0      14       0       0       0       0     421       5       0       0       2       0       0       0     421       5
  176.000   306649.536      68   25285     900       0       0       0       6       0       0       0       0     421       5       0       0       2       0       0       0     421       5
  177.000   303520.512      67   25027     900       0       0       0       4       0       0       0       0     417       5       0       0       2       0       0       0     417       5
  178.000   305703.552      68   25207     900       0       0       0      10       0       0       0       0     419       5       0       0       2       0       0       0     419       5
  179.000   299591.040      67   24703     900       0       0       0      14       0       0       0       0     419       5       0       0       2       0       0       0     419       5
  180.000   302368.352      67   24932     900       0       0       0      10       0       0       0       0     421       5       0       0       2       0       0       0     421       5
  181.000   298729.952      66   24632     900       0       0       0      10       0       0       0       0     418       5       0       0       2       0       0       0     418       5
  182.000   293308.736      65   24185     900       0       0       0      14       0       0       0       0     421       5       0       0       2       0       0       0     421       5
  183.000   291683.584      65   24051     900       0       0       0       8       0       0       0       0     420       5       0       0       2       0       0       0     420       5
  184.000   286941.536      64   23660     900       0       0       0      12       0       0       0       0     416       5       0       0       2       0       0       0     416       5
  185.000   284067.200      63   23423     900       0       0       0       6       0       0       0       0     417       5       0       0       2       0       0       0     417       5
  186.000   287475.168      64   23704     900       0       0       0      10       0       0       0       0     414       5       0       0       2       0       0       0     414       5
  187.000   287159.840      64   23678     900       0       0       0      10       0       0       0       0     413       5       0       0       2       0       0       0     413       5
  188.000   281641.600      63   23223     900       0       0       0      10       0       0       0       0     412       5       0       0       2       0       0       0     412       5
  189.000   275674.624      61   22731     900       0       0       0       8       0       0       0       0     413       5       0       0       2       0       0       0     413       5
  190.000   275626.112      61   22727     900       0       0       0      10       0       0       0       0     412       5       0       0       2       0       0       0     412       5
  191.000   284382.528      63   23449     900       0       0       0       8       0       0       0       0     413       5       0       0       2       0       0       0     413       5
  192.000   287499.424      64   23706     900       0       0       0      18       0       0       0       0     420       5       0       0       2       0       0       0     420       5
  193.000   294109.184      65   24251     900       0       0       0       8       0       0       0       0     425       5       0       0       2       0       0       0     425       5
  194.000   294606.432      65   24292     900       0       0       0       6       0       0       0       0     421       5       0       0       2       0       0       0     421       5
  195.000   296183.072      66   24422     900       0       0       0       4       0       0       0       0     414       5       0       0       2       0       0       0     414       5
  196.000   293320.864      65   24186     900       0       0       0       6       0       0       0       0     407       5       0       0       2       0       0       0     407       5
  197.000   293405.760      65   24193     900       0       0       0       4       0       0       0       0     400       5       0       0       2       0       0       0     400       5
  198.000   292593.184      65   24126     900       0       0       0      12       0       0       0       0     395       5       0       0       2       0       0       0     395       5
  199.000   288312.000      64   23773     900       0       0       0       4       0       0       0       0     393       5       0       0       2       0       0       0     393       5
  200.000   281872.032      63   23242     900       0       0       0       8       0       0       0       0     390       5       0       0       2       0       0       0     390       5
  201.000   280319.648      62   23114     900       0       0       0      18       0       0       0       0     396       5       0       0       2       0       0       0     396       5
  202.000   272278.784      61   22451     900       0       0       0       8       0       0       0       0     399       5       0       0       2       0       0       0     399       5
  203.000   274643.744      61   22646     900       0       0       0      10       0       0       0       0     399       5       0       0       2       0       0       0     399       5
  204.000   275274.400      61   22698     900       0       0       0      10       0       0       0       0     398       5       0       0       2       0       0       0     398       5
  205.000   279688.992      62   23062     900       0       0       0       8       0       0       0       0     399       5       0       0       2       0       0       0     399       5
  206.000   282175.232      63   23267     900       0       0       0      12       0       0       0       0     400       5       0       0       2       0       0       0     400       5
  207.000   286480.672      64   23622     900       0       0       0      10       0       0       0       0     402       5       0       0       2       0       0       0     402       5
  208.000   284382.528      63   23449     900       0       0       0       8       0       0       0       0     397       5       0       0       2       0       0       0     397       5
  209.000   286553.440      64   23628     900       0       0       0      10       0       0       0       0     397       5       0       0       2       0       0       0     397       5
  210.000   291756.352      65   24057     900       0       0       0      10       0       0       0       0     401       5       0       0       2       0       0       0     401       5
  211.000   295297.728      66   24349     900       0       0       0      12       0       0       0       0     406       5       0       0       2       0       0       0     406       5
  212.000   295770.720      66   24388     900       0       0       0       4       0       0       0       0     408       5       0       0       2       0       0       0     408       5
  213.000   291525.920      65   24038     900       0       0       0       6       0       0       0       0     403       5       0       0       2       0       0       0     403       5
  214.000   291392.512      65   24027     900       0       0       0      12       0       0       0       0     399       5       0       0       2       0       0       0     399       5
  215.000   290907.392      65   23987     900       0       0       0      16       0       0       0       0     406       5       0       0       2       0       0       0     406       5
  216.000   291246.976      65   24015     900       0       0       0      10       0       0       0       0     405       5       0       0       2       0       0       0     405       5
  217.000   291077.184      65   24001     900       0       0       0       8       0       0       0       0     400       5       0       0       2       0       0       0     400       5
  218.000   290519.296      65   23955     900       0       0       0      10       0       0       0       0     402       5       0       0       2       0       0       0     402       5
  219.000   286638.336      64   23635     900       0       0       0      10       0       0       0       0     401       5       0       0       2       0       0       0     401       5
  220.000   288275.616      64   23770     900       0       0       0      10       0       0       0       0     403       5       0       0       2       0       0       0     403       5
  221.000   290676.960      65   23968     900       0       0       0       6       0       0       0       0     403       5       0       0       2       0       0       0     403       5
  222.000   296243.712      66   24427     900       0       0       0      16       0       0       0       0     408       5       0       0       2       0       0       0     408       5
  223.000   297978.016      66   24570     900       0       0       0       6       0       0       0       0     405       5       0       0       2       0       0       0     405       5
  224.000   299202.944      66   24671     900       0       0       0      10       0       0       0       0     406       5       0       0       2       0       0       0     406       5
  225.000   301943.872      67   24897     900       0       0       0      14       0       0       0       0     408       5       0       0       2       0       0       0     408       5
  226.000   304405.856      68   25100     900       0       0       0      16       0       0       0       0     413       5       0       0       2       0       0       0     413       5
  227.000   304163.296      68   25080     900       0       0       0       4       0       0       0       0     416       5       0       0       2       0       0       0     416       5
  228.000   306491.872      68   25272     900       0       0       0      12       0       0       0       0     418       5       0       0       2       0       0       0     418       5
  229.000   309669.408      69   25534     900       0       0       0      12       0       0       0       0     419       5       0       0       2       0       0       0     419       5
  230.000   309863.456      69   25550     900       0       0       0       8       0       0       0       0     416       5       0       0       2       0       0       0     416       5
  231.000   310809.440      69   25628     900       0       0       0      12       0       0       0       0     415       5       0       0       2       0       0       0     415       5
  232.000   310130.272      69   25572     900       0       0       0      14       0       0       0       0     418       5       0       0       2       0       0       0     418       5
  233.000   306067.392      68   25237     900       0       0       0       6       0       0       0       0     418       5       0       0       2       0       0       0     418       5
  234.000   303799.456      68   25050     900       0       0       0      16       0       0       0       0     419       5       0       0       2       0       0       0     419       5
  235.000   303253.696      67   25005     900       0       0       0      10       0       0       0       0     425       5       0       0       2       0       0       0     425       5
  236.000   294994.528      66   24324     900       0       0       0       6       0       0       0       0     426       5       0       0       2       0       0       0     426       5
  237.000   289791.616      64   23895     900       0       0       0      14       0       0       0       0     429       5       0       0       2       0       0       0     429       5
  238.000   293951.520      65   24238     900       0       0       0      18       0       0       0       0     436       5       0       0       2       0       0       0     436       5
  239.000   298887.616      66   24645     900       0       0       0      16       0       0       0       0     442       5       0       0       2       0       0       0     442       5
  240.000   302792.832      67   24967     900       0       0       0      12       0       0       0       0     446       5       0       0       2       0       0       0     446       5
  241.000   304236.064      68   25086     900       0       0       0      10       0       0       0       0     445       5       0       0       2       0       0       0     445       5
  242.000   311185.408      69   25659     900       0       0       0      14       0       0       0       0     448       5       0       0       2       0       0       0     448       5
  243.000   310081.760      69   25568     900       0       0       0       8       0       0       0       0     449       5       0       0       2       0       0       0     449       5
  244.000   310324.320      69   25588     900       0       0       0      14       0       0       0       0     455       6       0       0       2       0       0       0     455       6
  245.000   312555.872      69   25772     900       0       0       0       8       0       0       0       0     456       6       0       0       2       0       0       0     456       6
  246.000   309463.232      69   25517     900       0       0       0       2       0       0       0       0     452       6       0       0       2       0       0       0     452       6
  247.000   308565.760      69   25443     900       0       0       0      12       0       0       0       0     448       5       0       0       2       0       0       0     448       5
  248.000   313768.672      70   25872     900       0       0       0      14       0       0       0       0     446       5       0       0       2       0       0       0     446       5
  249.000   312519.488      69   25769     900       0       0       0       4       0       0       0       0     445       5       0       0       2       0       0       0     445       5
  250.000   310627.520      69   25613     900       0       0       0       6       0       0       0       0     436       5       0       0       2       0       0       0     436       5
  251.000   308323.200      69   25423     900       0       0       0      12       0       0       0       0     431       5       0       0       2       0       0       0     431       5
  252.000   302392.608      67   24934     900       0       0       0       8       0       0       0       0     428       5       0       0       2       0       0       0     428       5
  253.000   304029.888      68   25069     900       0       0       0       6       0       0       0       0     423       5       0       0       2       0       0       0     423       5
  254.000   303193.056      67   25000     900       0       0       0      12       0       0       0       0     419       5       0       0       2       0       0       0     419       5
  255.000   299251.456      67   24675     900       0       0       0       4       0       0       0       0     417       5       0       0       2       0       0       0     417       5
  256.000   293636.192      65   24212     900       0       0       0       2       0       0       0       0     407       5       0       0       2       0       0       0     407       5
  257.000   290094.816      64   23920     900       0       0       0       0       0       0       0       0     399       5       0       0       2       0       0       0     399       5
  258.000   285231.488      63   23519     900       0       0       0       0       0       0       0       0     388       5       0       0       2       0       0       0     388       5
  259.000   282587.584      63   23301     900       0       0       0       0       0       0       0       0     375       5       0       0       2       0       0       0     375       5
  260.000   280525.824      62   23131     900       0       0       0       0       0       0       0       0     363       4       0       0       2       0       0       0     363       4
  261.000   277687.872      62   22897     900       0       0       0       0       0       0       0       0     356       4       0       0       2       0       0       0     356       4
  262.000   274498.208      61   22634     900       0       0       0       0       0       0       0       0     350       4       0       0       2       0       0       0     350       4
  263.000   269452.960      60   22218     900       0       0       0       0       0       0       0       0     339       4       0       0       2       0       0       0     339       4
  264.000   264092.384      59   21776     900       0       0       0       0       0       0       0       0     329       4       0       0       2       0       0       0     329       4
  265.000   258367.968      57   21304     900       0       0       0       0       0       0       0       0     321       4       0       0       2       0       0       0     321       4
  266.000   250072.416      56   20620     900       0       0       0       0       0       0       0       0     312       4       0       0       2       0       0       0     312       4
  267.000   235409.664      52   19411     900       0       0       0       0       0       0       0       0     300       4       0       0       2       0       0       0     300       4
  268.000   229260.768      51   18904     900       0       0       0       0       0       0       0       0     293       4       0       0       2       0       0       0     293       4
  269.000   226507.712      50   18677     900       0       0       0       0       0       0       0       0     284       3       0       0       2       0       0       0     284       3
  270.000   219036.864      49   18061     900       0       0       0       0       0       0       0       0     271       3       0       0       2       0       0       0     271       3
  271.000   216647.648      48   17864     900       0       0       0       0       0       0       0       0     264       3       0       0       2       0       0       0     264       3
  272.000   215107.392      48   17737     880       0       0       0       0       0       0       0       0     258       3       0       0       2       0       0       0     258       3
  273.000   212839.456      47   17550     808       0       0       0       0       0       0       0       0     255       3       0       0       2       0       0       0     255       3
  274.000   210122.784      47   17326     800       0       0       0       0       0       0       0       0     251       3       0       0       2       0       0       0     251       3
  275.000   208279.328      46   17174     800       0       0       0       0       0       0       0       0     247       3       0       0       2       0       0       0     247       3
  276.000   204264.960      45   16843     800       0       0       0       0       0       0       0       0     244       3       0       0       2       0       0       0     244       3
  277.000   203416.000      45   16773     800       0       0       0       0       0       0       0       0     238       3       0       0       2       0       0       0     238       3
  278.000   200590.176      45   16540     800       0       0       0       0       0       0       0       0     234       3       0       0       2       0       0       0     234       3
  279.000   192913.152      43   15907     800       0       0       0       0       0       0       0       0     229       3       0       0       2       0       0       0     229       3
  280.000   188086.208      42   15509     800       0       0       0       0       0       0       0       0     225       3       0       0       2       0       0       0     225       3
  281.000   182240.512      40   15027     800       0       0       0       0       0       0       0       0     221       3       0       0       2       0       0       0     221       3
  282.000   177825.920      40   14663     800       0       0       0       0       0       0       0       0     212       3       0       0       2       0       0       0     212       3
  283.000   175679.264      39   14486     800       0       0       0       0       0       0       0       0     207       3       0       0       2       0       0       0     207       3
  284.000   168208.416      37   13870     800       0       0       0       0       0       0       0       0     202       2       0       0       2       0       0       0     202       2
  285.000   160264.576      36   13215     800       0       0       0       0       0       0       0       0     197       2       0       0       2       0       0       0     197       2
  286.000   158615.168      35   13079     800       0       0       0       0       0       0       0       0     194       2       0       0       2       0       0       0     194       2
  287.000   150489.408      33   12409     800       0       0       0       0       0       0       0       0     191       2       0       0       2       0       0       0     191       2
  288.000   145201.600      32   11973     800       0       0       0       0       0       0       0       0     186       2       0       0       2       0       0       0     186       2
  289.000   138300.768      31   11404     800       0       0       0       0       0       0       0       0     182       2       0       0       2       0       0       0     182       2
  290.000   134444.064      30   11086     800       0       0       0       0       0       0       0       0     179       2       0       0       2       0       0       0     179       2
  291.000   131824.416      29   10870     800       0       0       0       0       0       0       0       0     176       2       0       0       2       0       0       0     176       2
  292.000   130466.080      29   10758     800       0       0       0       0       0       0       0       0     175       2       0       0       2       0       0       0     175       2
  293.000   126318.304      28   10416     800       0       0       0       0       0       0       0       0     171       2       0       0       2       0       0       0     171       2
  294.000   125287.424      28   10331     800       0       0       0       0       0       0       0       0     167       2       0       0       2       0       0       0     167       2
  295.000   121454.976      27   10015     800       0       0       0       0       0       0       0       0     164       2       0       0       2       0       0       0     164       2
  296.000   116991.872      26    9647     800       0       0       0       0       0       0       0       0     159       2       0       0       2       0       0       0     159       2
  297.000   115427.360      26    9518     800       0       0       0       0       0       0       0       0     155       2       0       0       2       0       0       0     155       2
  298.000   114578.400      25    9448     800       0       0       0       0       0       0       0       0     153       2       0       0       2       0       0       0     153       2
  299.000   109169.312      24    9002     800       0       0       0       0       0       0       0       0     149       2       0       0       2       0       0       0     149       2
  300.000   103238.720      23    8513     800       0       0       0       0       0       0       0       0     146       2       0       0       2       0       0       0     146       2
  301.000   102329.120      23    8438     800       0       0       0       0       0       0       0       0     143       2       0       0       2       0       0       0     143       2
  302.000   100182.464      22    8261     800       0       0       0       0       0       0       0       0     134       2       0       0       2       0       0       0     134       2
  303.000    98909.024      22    8156     780       0       0       0       0       0       0       0       0     130       2       0       0       2       0       0       0     130       2
  304.000    95658.720      21    7888     708       0       0       0       0       0       0       0       0     124       2       0       0       2       0       0       0     124       2
  305.000    94118.464      21    7761     700       0       0       0       0       0       0       0       0     120       1       0       0       2       0       0       0     120       1
  306.000    91450.304      20    7541     700       0       0       0       0       0       0       0       0     116       1       0       0       2       0       0       0     116       1
  307.000    88478.944      20    7296     700       0       0       0       0       0       0       0       0     114       1       0       0       2       0       0       0     114       1
  308.000    80498.720      18    6638     700       0       0       0       0       0       0       0       0     110       1       0       0       2       0       0       0     110       1
  309.000    79479.968      18    6554     700       0       0       0       0       0       0       0       0     107       1       0       0       2       0       0       0     107       1
  310.000    76823.936      17    6335     700       0       0       0       0       0       0       0       0     102       1       0       0       2       0       0       0     102       1
  311.000    73112.768      16    6029     700       0       0       0       0       0       0       0       0      99       1       0       0       2       0       0       0      99       1
  312.000    68140.288      15    5619     700       0       0       0       0       0       0       0       0      95       1       0       0       2       0       0       0      95       1
  313.000    61300.096      14    5055     700       0       0       0       0       0       0       0       0      94       1       0       0       2       0       0       0      94       1
  314.000    56570.176      13    4665     700       0       0       0       0       0       0       0       0      88       1       0       0       2       0       0       0      88       1
  315.000    55223.968      12    4554     700       0       0       0       0       0       0       0       0      84       1       0       0       2       0       0       0      84       1
  316.000    54083.936      12    4460     700       0       0       0       0       0       0       0       0      81       1       0       0       2       0       0       0      81       1
  317.000    50942.784      11    4201     700       0       0       0       0       0       0       0       0      77       1       0       0       2       0       0       0      77       1
  318.000    47061.824      10    3881     700       0       0       0       0       0       0       0       0      75       1       0       0       2       0       0       0      75       1
  319.000    47013.312      10    3877     700       0       0       0       0       0       0       0       0      73       1       0       0       2       0       0       0      73       1
  320.000    45436.672      10    3747     700       0       0       0       0       0       0       0       0      72       1       0       0       2       0       0       0      72       1
  321.000    41034.208       9    3384     700       0       0       0       0       0       0       0       0      71       1       0       0       2       0       0       0      71       1
  322.000    40173.120       9    3313     700       0       0       0       0       0       0       0       0      68       1       0       0       2       0       0       0      68       1
  323.000    40015.456       9    3300     620       0       0       0       0       0       0       0       0      64       1       0       0       2       0       0       0      64       1
  324.000    34873.184       8    2876     602       0       0       0       0       0       0       0       0      62       1       0       0       2       0       0       0      62       1
  325.000    28918.336       6    2385     600       0       0       0       0       0       0       0       0      59       1       0       0       2       0       0       0      59       1
  326.000    25073.760       6    2068     600       0       0       0       0       0       0       0       0      57       1       0       0       2       0       0       0      57       1
  327.000    21386.848       5    1764     600       0       0       0       0       0       0       0       0      56       1       0       0       2       0       0       0      56       1
  328.000    17724.192       4    1462     600       0       0       0       0       0       0       0       0      51       1       0       0       2       0       0       0      51       1
  329.000    11320.608       3     934     600       0       0       0       0       0       0       0       0      47       1       0       0       2       0       0       0      47       1
  330.000    10180.576       2     840     600       0       0       0       0       0       0       0       0      45       1       0       0       2       0       0       0      45       1
  331.000     9998.656       2     825     600       0       0       0       0       0       0       0       0      43       1       0       0       2       0       0       0      43       1
  332.000    10022.912       2     827     600       0       0       0       0       0       0       0       0      40       0       0       0       2       0       0       0      40       0
  333.000     6202.592       1     512     600       0       0       0       0       0       0       0       0      39       0       0       0       2       0       0       0      39       0
  334.000     1278.624       0     106     600       0       0       0       0       0       0       0       0      38       0       0       0       2       0       0       0      38       0
  335.000      781.376       0      65     600       0       0       0       0       0       0       0       0      37       0       0       0       2       0       0       0      37       0
  336.000      769.248       0      64     600       0       0       0       0       0       0       0       0      34       0       0       0       2       0       0       0      34       0
  337.000      757.120       0      63     516       0       0       0       0       0       0       0       0      31       0       0       0       2       0       0       0      31       0
  338.000      757.120       0      63     501       0       0       0       0       0       0       0       0      30       0       0       0       2       0       0       0      30       0
  339.000      781.376       0      65     500       0       0       0       0       0       0       0       0      26       0       0       0       2       0       0       0      26       0
  340.000      769.248       0      64     500       0       0       0       0       0       0       0       0      24       0       0       0       2       0       0       0      24       0
  341.000      769.248       0      64     500       0       0       0       0       0       0       0       0      22       0       0       0       2       0       0       0      22       0
  342.000      769.248       0      64     500       0       0       0       0       0       0       0       0      19       0       0       0       2       0       0       0      19       0
  343.000      769.248       0      64     500       0       0       0       0       0       0       0       0      17       0       0       0       2       0       0       0      17       0
  344.000      757.120       0      63     410       0       0       0       0       0       0       0       0      13       0       0       0       2       0       0       0      13       0
  345.000      587.328       0      49     401       0       0       0       0       0       0       0       0      11       0       0       0       2       0       0       0      11       0
  346.000      138.592       0      12     400       0       0       0       0       0       0       0       0      10       0       0       0       2       0       0       0      10       0
  347.000      162.848       0      14     400       0       0       0       0       0       0       0       0      10       0       0       0       2       0       0       0      10       0
  348.000       53.696       0       5     400       0       0       0       0       0       0       0       0       9       0       0       0       2       0       0       0       9       0
  349.000       41.568       0       4     320       0       0       0       0       0       0       0       0       7       0       0       0       2       0       0       0       7       0
  350.000       41.568       0       4     302       0       0       0       0       0       0       0       0       7       0       0       0       2       0       0       0       7       0
  351.000       17.312       0       2     300       0       0       0       0       0       0       0       0       7       0       0       0       2       0       0       0       7       0
  352.000       17.312       0       2     300       0       0       0       0       0       0       0       0       7       0       0       0       2       0       0       0       7       0
  353.000       17.312       0       2     300       0       0       0       0       0       0       0       0       7       0       0       0       2       0       0       0       7       0
  354.000       17.312       0       2     300       0       0       0       0       0       0       0       0       7       0       0       0       2       0       0       0       7       0
  355.000       17.312       0       2     300       0       0       0       0       0       0       0       0       7       0       0       0       2       0       0       0       7       0
  356.000       17.312       0       2     300       0       0       0       0       0       0       0       0       7       0       0       0       2       0       0       0       7       0
  357.000       17.312       0       2     300       0       0       0       0       0       0       0       0       7       0       0       0       2       0       0       0       7       0
  358.000       17.312       0       2     300       0       0       0       0       0       0       0       0       7       0       0       0       2       0       0       0       7       0
  359.000       17.312       0       2     300       0       0       0       0       0       0       0       0       7       0       0       0       2       0       0       0       7       0
  360.000       17.312       0       2     300       0       0       0       0       0       0       0       0       7       0       0       0       2       0       0       0       7       0
  361.000       17.312       0       2     300       0       0       0       0       0       0       0       0       6       0       0       0       2       0       0       0       6       0
  362.000       17.312       0       2     300       0       0       0       0       0       0       0       0       6       0       0       0       2       0       0       0       6       0
  363.000       17.312       0       2     220       0       0       0       0       0       0       0       0       4       0       0       0       2       0       0       0       4       0
  364.000       17.312       0       2     202       0       0       0       0       0       0       0       0       4       0       0       0       2       0       0       0       4       0
  365.000       17.312       0       2     200       0       0       0       0       0       0       0       0       3       0       0       0       2       0       0       0       3       0
  366.000       17.312       0       2     200       0       0       0       0       0       0       0       0       3       0       0       0       2       0       0       0       3       0
  367.000       17.312       0       2     200       0       0       0       0       0       0       0       0       3       0       0       0       2       0       0       0       3       0
  368.000       17.312       0       2     200       0       0       0       0       0       0       0       0       3       0       0       0       2       0       0       0       3       0
  369.000       17.312       0       2     200       0       0       0       0       0       0       0       0       3       0       0       0       2       0       0       0       3       0
  370.000       17.312       0       2     200       0       0       0       0       0       0       0       0       3       0       0       0       2       0       0       0       3       0
  371.000       17.312       0       2     200       0       0       0       0       0       0       0       0       3       0       0       0       2       0       0       0       3       0
  372.000       17.312       0       2     200       0       0       0       0       0       0       0       0       3       0       0       0       2       0       0       0       3       0
  373.000       17.312       0       2     200       0       0       0       0       0       0       0       0       3       0       0       0       2       0       0       0       3       0
  374.000       17.312       0       2     200       0       0       0       0       0       0       0       0       3       0       0       0       2       0       0       0       3       0
  375.000       17.312       0       2     200       0       0       0       0       0       0       0       0       3       0       0       0       2       0       0       0       3       0
  376.000       17.312       0       2     200       0       0       0       0       0       0       0       0       3       0       0       0       2       0       0       0       3       0
  377.000       17.312       0       2     200       0       0       0       0       0       0       0       0       3       0       0       0       2       0       0       0       3       0
  378.000       17.312       0       2     200       0       0       0       0       0       0       0       0       3       0       0       0       2       0       0       0       3       0
  379.000       17.312       0       2     200       0       0       0       0       0       0       0       0       3       0       0       0       2       0       0       0       3       0
  380.000       17.312       0       2     200       0       0       0       0       0       0       0       0       3       0       0       0       2       0       0       0       3       0
  381.000       17.312       0       2     200       0       0       0       0       0       0       0       0       3       0       0       0       2       0       0       0       3       0
  382.000       17.312       0       2     200       0       0       0       0       0       0       0       0       3       0       0       0       2       0       0       0       3       0
  383.000       17.312       0       2     200       0       0       0       0       0       0       0       0       3       0       0       0       2       0       0       0       3       0
  384.000       17.312       0       2     200       0       0       0       0       0       0       0       0       3       0       0       0       2       0       0       0       3       0
  385.000       17.312       0       2     200       0       0       0       0       0       0       0       0       3       0       0       0       2       0       0       0       3       0
  386.000       17.312       0       2     200       0       0       0       0       0       0       0       0       3       0       0       0       2       0       0       0       3       0
  387.000       17.312       0       2     200       0       0       0       0       0       0       0       0       3       0       0       0       2       0       0       0       3       0
  388.000       17.312       0       2     200       0       0       0       0       0       0       0       0       3       0       0       0       2       0       0       0       3       0
  389.000       17.312       0       2     200       0       0       0       0       0       0       0       0       3       0       0       0       2       0       0       0       3       0
  390.000       17.312       0       2     200       0       0       0       0       0       0       0       0       3       0       0       0       2       0       0       0       3       0
  391.000       17.312       0       2     200       0       0       0       0       0       0       0       0       3       0       0       0       2       0       0       0       3       0
  392.000       17.312       0       2     200       0       0       0       0       0       0       0       0       3       0       0       0       2       0       0       0       3       0
  393.000       17.312       0       2     200       0       0       0       0       0       0       0       0       3       0       0       0       2       0       0       0       3       0
  394.000       17.312       0       2     200       0       0       0       0       0       0       0       0       3       0       0       0       2       0       0       0       3       0
  395.000       17.312       0       2     200       0       0       0       0       0       0       0       0       3       0       0       0       2       0       0       0       3       0
  396.000       17.312       0       2     200       0       0       0       0       0       0       0       0       3       0       0       0       2       0       0       0       3       0
  397.000       17.312       0       2     200       0       0       0       0       0       0       0       0       3       0       0       0       2       0       0       0       3       0
  398.000       17.312       0       2     200       0       0       0       0       0       0       0       0       3       0       0       0       2       0       0       0       3       0
  399.000       17.312       0       2     200       0       0       0       0       0       0       0       0       3       0       0       0       2       0       0       0       3       0
  400.000       17.312       0       2     200       0       0       0       0       0       0       0       0       3       0       0       0       2       0       0       0       3       0
  401.000       17.312       0       2     200       0       0       0       0       0       0       0       0       3       0       0       0       2       0       0       0       3       0
  402.000       17.312       0       2     200       0       0       0       0       0       0       0       0       3       0       0       0       2       0       0       0       3       0
  403.000       17.312       0       2     200       0       0       0       0       0       0       0       0       3       0       0       0       2       0       0       0       3       0
  404.000       17.312       0       2     200       0       0       0       0       0       0       0       0       3       0       0       0       2       0       0       0       3       0
  405.000       17.312       0       2     200       0       0       0       0       0       0       0       0       3       0       0       0       2       0       0       0       3       0
  406.000       17.312       0       2     200       0       0       0       0       0       0       0       0       3       0       0       0       2       0       0       0       3       0
  407.000       17.312       0       2     200       0       0       0       0       0       0       0       0       3       0       0       0       2       0       0       0       3       0
  408.000       17.312       0       2     200       0       0       0       0       0       0       0       0       3       0       0       0       2       0       0       0       3       0
  409.000       17.312       0       2     200       0       0       0       0       0       0       0       0       3       0       0       0       2       0       0       0       3       0
  410.000       17.312       0       2     200       0       0       0       0       0       0       0       0       3       0       0       0       2       0       0       0       3       0
  411.000       17.312       0       2     200       0       0       0       0       0       0       0       0       3       0       0       0       2       0       0       0       3       0
  412.000       17.312       0       2     200       0       0       0       0       0       0       0       0       3       0       0       0       2       0       0       0       3       0
  413.000       17.312       0       2     200       0       0       0       0       0       0       0       0       3       0       0       0       2       0       0       0       3       0
  414.000       17.312       0       2     200       0       0       0       0       0       0       0       0       3       0       0       0       2       0       0       0       3       0
  415.000       17.312       0       2     200       0       0       0       0       0       0       0       0       3       0       0       0       2       0       0       0       3       0
  416.000       17.312       0       2     200       0       0       0       0       0       0       0       0       3       0       0       0       2       0       0       0       3       0
  417.000       17.312       0       2     200       0       0       0       0       0       0       0       0       3       0       0       0       2       0       0       0       3       0
  418.000       17.312       0       2     200       0       0       0       0       0       0       0       0       3       0       0       0       2       0       0       0       3       0
  419.000       17.312       0       2     200       0       0       0       0       0       0       0       0       3       0       0       0       2       0       0       0       3       0
  420.000       17.312       0       2     200       0       0       0       0       0       0       0       0       3       0       0       0       2       0       0       0       3       0
  421.000       17.312       0       2     200       0       0       0       0       0       0       0       0       3       0       0       0       2       0       0       0       3       0
  422.000       17.312       0       2     200       0       0       0       0       0       0       0       0       3       0       0       0       2       0       0       0       3       0
  423.000       17.312       0       2     200       0       0       0       0       0       0       0       0       3       0       0       0       2       0       0       0       3       0
  424.000       17.312       0       2     200       0       0       0       0       0       0       0       0       3       0       0       0       2       0       0       0       3       0
  425.000       17.312       0       2     200       0       0       0       0       0       0       0       0       3       0       0       0       2       0       0       0       3       0
  426.000       17.312       0       2     200       0       0       0       0       0       0       0       0       3       0       0       0       2       0       0       0       3       0
  427.000       17.312       0       2     200       0       0       0       0       0       0       0       0       3       0       0       0       2       0       0       0       3       0
  428.000       17.312       0       2     200       0       0       0       0       0       0       0       0       3       0       0       0       2       0       0       0       3       0
  429.000       17.312       0       2     200       0       0       0       0       0       0       0       0       3       0       0       0       2       0       0       0       3       0
  430.000       17.312       0       2     200       0       0       0       0       0       0       0       0       3       0       0       0       2       0       0       0       3       0
  431.000       17.312       0       2     200       0       0       0       0       0       0       0       0       3       0       0       0       2       0       0       0       3       0
  432.000       17.312       0       2     200       0       0       0       0       0       0       0       0       3       0       0       0       2       0       0       0       3       0
  433.000       17.312       0       2     200       0       0       0       0       0       0       0       0       3       0       0       0       2       0       0       0       3       0
  434.000       17.312       0       2     200       0       0       0       0       0       0       0       0       3       0       0       0       2       0       0       0       3       0
  435.000       17.312       0       2     200       0       0       0       0       0       0       0       0       3       0       0       0       2       0       0       0       3       0
  436.000       17.312       0       2     200       0       0       0       0       0       0       0       0       3       0       0       0       2       0       0       0       3       0
  437.000       17.312       0       2     200       0       0       0       0       0       0       0       0       3       0       0       0       2       0       0       0       3       0
  438.000       17.312       0       2     200       0       0       0       0       0       0       0       0       3       0       0       0       2       0       0       0       3       0
  439.000       17.312       0       2     200       0       0       0       0       0       0       0       0       3       0       0       0       2       0       0       0       3       0
  440.000       17.312       0       2     200       0       0       0       0       0       0       0       0       3       0       0       0       2       0       0       0       3       0
  441.000       17.312       0       2     200       0       0       0       0       0       0       0       0       3       0       0       0       2       0       0       0       3       0
  442.000       17.312       0       2     200       0       0       0       0       0       0       0       0       3       0       0       0       2       0       0       0       3       0
  443.000       17.312       0       2     200       0       0       0       0       0       0       0       0       3       0       0       0       2       0       0       0       3       0
  444.000       17.312       0       2     200       0       0       0       0       0       0       0       0       3       0       0       0       2       0       0       0       3       0
  445.000       17.312       0       2     200       0       0       0       0       0       0       0       0       3       0       0       0       2       0       0       0       3       0
  446.000       17.312       0       2     200       0       0       0       0       0       0       0       0       3       0       0       0       2       0       0       0       3       0
  447.000       17.312       0       2     200       0       0       0       0       0       0       0       0       3       0       0       0       2       0       0       0       3       0
  448.000       17.312       0       2     200       0       0       0       0       0       0       0       0       3       0       0       0       2       0       0       0       3       0
  449.000       17.312       0       2     200       0       0       0       0       0       0       0       0       3       0       0       0       2       0       0       0       3       0
  450.000       17.312       0       2     200       0       0       0       0       0       0       0       0       3       0       0       0       2       0       0       0       3       0
  451.000       17.312       0       2     200       0       0       0       0       0       0       0       0       3       0       0       0       2       0       0       0       3       0
  452.000       17.312       0       2     200       0       0       0       0       0       0       0       0       3       0       0       0       2       0       0       0       3       0
  453.000       17.312       0       2     200       0       0       0       0       0       0       0       0       3       0       0       0       2       0       0       0       3       0
  454.000       17.312       0       2     200       0       0       0       0       0       0       0       0       3       0       0       0       2       0       0       0       3       0
  455.000       17.312       0       2     200       0       0       0       0       0       0       0       0       3       0       0       0       2       0       0       0       3       0
  456.000       17.312       0       2     200       0       0       0       0       0       0       0       0       3       0       0       0       2       0       0       0       3       0
  457.000       17.312       0       2     200       0       0       0       0       0       0       0       0       3       0       0       0       2       0       0       0       3       0
  458.000       17.312       0       2     200       0       0       0       0       0       0       0       0       3       0       0       0       2       0       0       0       3       0
  459.000       17.312       0       2     200       0       0       0       0       0       0       0       0       3       0       0       0       2       0       0       0       3       0
  460.000       17.312       0       2     200       0       0       0       0       0       0       0       0       3       0       0       0       2       0       0       0       3       0
  461.000       17.312       0       2     200       0       0       0       0       0       0       0       0       3       0       0       0       2       0       0       0       3       0
  462.000       17.312       0       2     200       0       0       0       0       0       0       0       0       3       0       0       0       2       0       0       0       3       0
  463.000       17.312       0       2     200       0       0       0       0       0       0       0       0       3       0       0       0       2       0       0       0       3       0
  464.000       17.312       0       2     200       0       0       0       0       0       0       0       0       3       0       0       0       2       0       0       0       3       0
  465.000       17.312       0       2     200       0       0       0       0       0       0       0       0       3       0       0       0       2       0       0       0       3       0
  466.000       17.312       0       2     200       0       0       0       0       0       0       0       0       3       0       0       0       2       0       0       0       3       0
  467.000       17.312       0       2     200       0       0       0       0       0       0       0       0       3       0       0       0       2       0       0       0       3       0
  468.000       17.312       0       2     200       0       0       0       0       0       0       0       0       3       0       0       0       2       0       0       0       3       0
  469.000       17.312       0       2     200       0       0       0       0       0       0       0       0       3       0       0       0       2       0       0       0       3       0
  470.000       17.312       0       2     200       0       0       0       0       0       0       0       0       3       0       0       0       2       0       0       0       3       0
  471.000       17.312       0       2     200       0       0       0       0       0       0       0       0       3       0       0       0       2       0       0       0       3       0
  472.000       17.312       0       2     200       0       0       0       0       0       0       0       0       3       0       0       0       2       0       0       0       3       0
  473.000       17.312       0       2     200       0       0       0       0       0       0       0       0       3       0       0       0       2       0       0       0       3       0
  474.000       17.312       0       2     200       0       0       0       0       0       0       0       0       3       0       0       0       2       0       0       0       3       0
  475.000       17.312       0       2     200       0       0       0       0       0       0       0       0       3       0       0       0       2       0       0       0       3       0
  476.000       17.312       0       2     200       0       0       0       0       0       0       0       0       3       0       0       0       2       0       0       0       3       0
  477.000       17.312       0       2     200       0       0       0       0       0       0       0       0       3       0       0       0       2       0       0       0       3       0
  478.000       17.312       0       2     200       0       0       0       0       0       0       0       0       3       0       0       0       2       0       0       0       3       0
  479.000       17.312       0       2     200       0       0       0       0       0       0       0       0       3       0       0       0       2       0       0       0       3       0
  480.000       17.312       0       2     200       0       0       0       0       0       0       0       0       3       0       0       0       2       0       0       0       3       0
  481.000       17.312       0       2     200       0       0       0       0       0       0       0       0       3       0       0       0       2       0       0       0       3       0
  482.000       17.312       0       2     200       0       0       0       0       0       0       0       0       3       0       0       0       2       0       0       0       3       0
  483.000       17.312       0       2     200       0       0       0       0       0       0       0       0       3       0       0       0       2       0       0       0       3       0
  484.000       17.312       0       2     200       0       0       0       0       0       0       0       0       3       0       0       0       2       0       0       0       3       0
  485.000       17.312       0       2     200       0       0       0       0       0       0       0       0       3       0       0       0       2       0       0       0       3       0
  486.000       17.312       0       2     200       0       0       0       0       0       0       0       0       3       0       0       0       2       0       0       0       3       0
  487.000       17.312       0       2     200       0       0       0       0       0       0       0       0       3       0       0       0       2       0       0       0       3       0
  488.000       17.312       0       2     200       0       0       0       0       0       0       0       0       3       0       0       0       2       0       0       0       3       0
  489.000       17.312       0       2     200       0       0       0       0       0       0       0       0       3       0       0       0       2       0       0       0       3       0
  490.000       17.312       0       2     200       0       0       0       0       0       0       0       0       3       0       0       0       2       0       0       0       3       0
  491.000       17.312       0       2     200       0       0       0       0       0       0       0       0       3       0       0       0       2       0       0       0       3       0
  492.000       17.312       0       2     200       0       0       0       0       0       0       0       0       3       0       0       0       2       0       0       0       3       0
  493.000       17.312       0       2     200       0       0       0       0       0       0       0       0       3       0       0       0       2       0       0       0       3       0
  494.000       17.312       0       2     200       0       0       0       0       0       0       0       0       3       0       0       0       2       0       0       0       3       0
  495.000       17.312       0       2     200       0       0       0       0       0       0       0       0       3       0       0       0       2       0       0       0       3       0
  496.000       17.312       0       2     200       0       0       0       0       0       0       0       0       3       0       0       0       2       0       0       0       3       0
  497.000       17.312       0       2     200       0       0       0       0       0       0       0       0       3       0       0       0       2       0       0       0       3       0
  498.000       17.312       0       2     200       0       0       0       0       0       0       0       0       3       0       0       0       2       0       0       0       3       0
  499.000       17.312       0       2     200       0       0       0       0       0       0       0       0       3       0       0       0       2       0       0       0       3       0
  500.000        0.000       0       0     200       0       0       0       0       0       0       0       0       3       0       0       0       2       0       0       0       3       0
