  TimeSec      LoaKbps LoaUsag Packets DlyUsec LoaDrps MetDrps TabDrps FloMods MetMods GroMods  PktsIn PktsOut FloEntr FloUsag MetEntr MetUsag GroEntr GroUsag BufPkts BufUsag  T0Entr  T0Usag
    1.000        0.000       0       0     173       0       0       0       3       0       2       0       0       3       0       0       0       2       0       0       0       3       0
    2.000     1994.176       0     165     276       0       0       0       4       0       0       0       0       6       0       0       0       2       0       0       0       6       0
    3.000     3473.792       1     287     297       0       0       0       2       0       0       0       0       8       0       0       0       2       0       0       0       8       0
    4.000     4189.344       1     346     388       0       0       0       3       0       0       0       0      11       0       0       0       2       0       0       0      11       0
    5.000     6105.568       1     504     398       0       0       0       2       0       0       0       0      13       0       0       0       2       0       0       0      13       0
    6.000    10229.088       2     844     419       0       0       0       3       0       0       0       0      15       0       0       0       2       0       0       0      15       0
    7.000    12788.096       3    1055     491       0       0       0       1       0       0       0       0      18       0       0       0       2       0       0       0      18       0
    8.000    13600.672       3    1122     499       0       0       0       1       0       0       0       0      19       0       0       0       2       0       0       0      19       0
    9.000    14716.448       3    1214     499       0       0       0       4       0       0       0       0      21       0       0       0       2       0       0       0      21       0
   10.000    15419.872       3    1272     499       0       0       0       2       0       0       0       0      24       0       0       0       2       0       0       0      24       0
   11.000    16984.384       4    1401     499       0       0       0       3       0       0       0       0      26       0       0       0       2       0       0       0      26       0
   12.000    19628.288       4    1619     500       0       0       0       3       0       0       0       0      29       0       0       0       2       0       0       0      29       0
   13.000    21386.848       5    1764     579       0       0       0       4       0       0       0       0      33       0       0       0       2       0       0       0      33       0
   14.000    23957.984       5    1976     597       0       0       0       3       0       0       0       0      36       0       0       0       2       0       0       0      36       0
   15.000    26941.472       6    2222     599       0       0       0       3       0       0       0       0      39       0       0       0       2       0       0       0      39       0
   16.000    28324.064       6    2336     599       0       0       0       1       0       0       0       0      42       1       0       0       2       0       0       0      42       1
   17.000    29003.232       6    2392     599       0       0       0       1       0       0       0       0      42       1       0       0       2       0       0       0      42       1
   18.000    30713.280       7    2533     600       0       0       0       2       0       0       0       0      44       1       0       0       2       0       0       0      44       1
   19.000    33963.584       8    2801     600       0       0       0       2       0       0       0       0      46       1       0       0       2       0       0       0      46       1
   20.000    39372.672       9    3247     600       0       0       0       4       0       0       0       0      49       1       0       0       2       0       0       0      49       1
   21.000    44236.000      10    3648     600       0       0       0       2       0       0       0       0      52       1       0       0       2       0       0       0      52       1
   22.000    45994.560      10    3793     600       0       0       0       2       0       0       0       0      54       1       0       0       2       0       0       0      54       1
   23.000    48359.520      11    3988     600       0       0       0       2       0       0       0       0      56       1       0       0       2       0       0       0      56       1
   24.000    49645.088      11    4094     600       0       0       0       2       0       0       0       0      58       1       0       0       2       0       0       0      58       1
   25.000    49256.992      11    4062     600       0       0       0       2       0       0       0       0      58       1       0       0       2       0       0       0      58       1
   26.000    47001.184      10    3876     600       0       0       0       4       0       0       0       0      61       1       0       0       2       0       0       0      61       1
   27.000    47850.144      11    3946     673       0       0       0       3       0       0       0       0      65       1       0       0       2       0       0       0      65       1
   28.000    54059.680      12    4458     697       0       0       0       5       0       0       0       0      69       1       0       0       2       0       0       0      69       1
   29.000    57394.880      13    4733     699       0       0       0       3       0       0       0       0      71       1       0       0       2       0       0       0      71       1
   30.000    59092.800      13    4873     699       0       0       0       2       0       0       0       0      73       1       0       0       2       0       0       0      73       1
   31.000    60099.424      13    4956     699       0       0       0       4       0       0       0       0      74       1       0       0       2       0       0       0      74       1
   32.000    66612.160      15    5493     700       0       0       0       9       0       0       0       0      80       1       0       0       2       0       0       0      80       1
   33.000    70347.584      16    5801     700       0       0       0       3       0       0       0       0      86       1       0       0       2       0       0       0      86       1
   34.000    80074.240      18    6603     700       0       0       0       4       0       0       0       0      91       1       0       0       2       0       0       0      91       1
   35.000    83251.776      19    6865     700       0       0       0       4       0       0       0       0      94       1       0       0       2       0       0       0      94       1
   36.000    85847.168      19    7079     700       0       0       0       2       0       0       0       0      97       1       0       0       2       0       0       0      97       1
   37.000    89255.136      20    7360     700       0       0       0       3       0       0       0       0     100       1       0       0       2       0       0       0     100       1
   38.000    91814.144      20    7571     700       0       0       0       3       0       0       0       0     103       1       0       0       2       0       0       0     103       1
   39.000    93026.944      21    7671     700       0       0       0       4       0       0       0       0     106       1       0       0       2       0       0       0     106       1
   40.000    94142.720      21    7763     700       0       0       0       2       0       0       0       0     106       1       0       0       2       0       0       0     106       1
   41.000    96180.224      21    7931     700       0       0       0       2       0       0       0       0     104       1       0       0       2       0       0       0     104       1
   42.000    97805.376      22    8065     700       0       0       0       4       0       0       0       0     106       1       0       0       2       0       0       0     106       1
   43.000    97332.384      22    8026     700       0       0       0       3       0       0       0       0     108       1       0       0       2       0       0       0     108       1
   44.000    97599.200      22    8048     700       0       0       0       5       0       0       0       0     112       1       0       0       2       0       0       0     112       1
   45.000   107046.912      24    8827     700       0       0       0       6       0       0       0       0     118       1       0       0       2       0       0       0     118       1
   46.000   109387.616      24    9020     700       0       0       0       8       0       0       0       0     123       2       0       0       2       0       0       0     123       2
   47.000   106428.384      24    8776     700       0       0       0       3       0       0       0       0     126       2       0       0       2       0       0       0     126       2
   48.000   108368.864      24    8936     700       0       0       0       1       0       0       0       0     125       2       0       0       2       0       0       0     125       2
   49.000   108344.608      24    8934     700       0       0       0       5       0       0       0       0     127       2       0       0       2       0       0       0     127       2
   50.000   109290.592      24    9012     789       0       0       0       2       0       0       0       0     129       2       0       0       2       0       0       0     129       2
   51.000   111946.624      25    9231     798       0       0       0       4       0       0       0       0     132       2       0       0       2       0       0       0     132       2
   52.000   114990.752      26    9482     799       0       0       0       3       0       0       0       0     135       2       0       0       2       0       0       0     135       2
   53.000   116009.504      26    9566     799       0       0       0       4       0       0       0       0     137       2       0       0       2       0       0       0     137       2
   54.000   120945.600      27    9973     799       0       0       0       4       0       0       0       0     139       2       0       0       2       0       0       0     139       2
   55.000   123116.512      27   10152     800       0       0       0       1       0       0       0       0     138       2       0       0       2       0       0       0     138       2
   56.000   123516.736      27   10185     800       0       0       0       5       0       0       0       0     141       2       0       0       2       0       0       0     141       2
   57.000   125711.904      28   10366     800       0       0       0       3       0       0       0       0     144       2       0       0       2       0       0       0     144       2
   58.000   130587.360      29   10768     800       0       0       0       2       0       0       0       0     144       2       0       0       2       0       0       0     144       2
   59.000   133789.152      30   11032     800       0       0       0       7       0       0       0       0     144       2       0       0       2       0       0       0     144       2
   60.000   135111.104      30   11141     800       0       0       0       3       0       0       0       0     146       2       0       0       2       0       0       0     146       2
   61.000   133267.648      30   10989     800       0       0       0       5       0       0       0       0     147       2       0       0       2       0       0       0     147       2
   62.000   133522.336      30   11010     800       0       0       0       1       0       0       0       0     143       2       0       0       2       0       0       0     143       2
   63.000   133995.328      30   11049     800       0       0       0       5       0       0       0       0     145       2       0       0       2       0       0       0     145       2
   64.000   135377.920      30   11163     800       0       0       0       1       0       0       0       0     147       2       0       0       2       0       0       0     147       2
   65.000   135778.144      30   11196     800       0       0       0       4       0       0       0       0     149       2       0       0       2       0       0       0     149       2
   66.000   137803.520      31   11363     800       0       0       0       3       0       0       0       0     151       2       0       0       2       0       0       0     151       2
   67.000   142497.056      32   11750     800       0       0       0       2       0       0       0       0     151       2       0       0       2       0       0       0     151       2
   68.000   143855.392      32   11862     800       0       0       0       3       0       0       0       0     151       2       0       0       2       0       0       0     151       2
   69.000   146741.856      33   12100     800       0       0       0       4       0       0       0       0     155       2       0       0       2       0       0       0     155       2
   70.000   149761.728      33   12349     800       0       0       0       3       0       0       0       0     159       2       0       0       2       0       0       0     159       2
   71.000   153751.840      34   12678     800       0       0       0       4       0       0       0       0     158       2       0       0       2       0       0       0     158       2
   72.000   158117.920      35   13038     800       0       0       0       5       0       0       0       0     161       2       0       0       2       0       0       0     161       2
   73.000   164800.448      37   13589     800       0       0       0       5       0       0       0       0     165       2       0       0       2       0       0       0     165       2
   74.000   167674.784      37   13826     800       0       0       0       7       0       0       0       0     170       2       0       0       2       0       0       0     170       2
   75.000   164618.528      37   13574     800       0       0       0       6       0       0       0       0     171       2       0       0       2       0       0       0     171       2
   76.000   162447.616      36   13395     800       0       0       0       7       0       0       0       0     172       2       0       0       2       0       0       0     172       2
   77.000   158542.400      35   13073     800       0       0       0       5       0       0       0       0     178       2       0       0       2       0       0       0     178       2
   78.000   155340.608      35   12809     800       0       0       0      10       0       0       0       0     185       2       0       0       2       0       0       0     185       2
   79.000   152805.856      34   12600     800       0       0       0       4       0       0       0       0     191       2       0       0       2       0       0       0     191       2
   80.000   154103.552      34   12707     800       0       0       0       7       0       0       0       0     196       2       0       0       2       0       0       0     196       2
   81.000   152963.520      34   12613     800       0       0       0       5       0       0       0       0     202       2       0       0       2       0       0       0     202       2
   82.000   154916.128      34   12774     800       0       0       0       4       0       0       0       0     204       2       0       0       2       0       0       0     204       2
   83.000   154540.160      34   12743     800       0       0       0       6       0       0       0       0     208       3       0       0       2       0       0       0     208       3
   84.000   157438.752      35   12982     800       0       0       0       6       0       0       0       0     212       3       0       0       2       0       0       0     212       3
   85.000   159852.224      36   13181     800       0       0       0      10       0       0       0       0     219       3       0       0       2       0       0       0     219       3
   86.000   154249.088      34   12719     800       0       0       0       3       0       0       0       0     224       3       0       0       2       0       0       0     224       3
   87.000   152999.904      34   12616     800       0       0       0       6       0       0       0       0     225       3       0       0       2       0       0       0     225       3
   88.000   155595.296      35   12830     800       0       0       0       3       0       0       0       0     228       3       0       0       2       0       0       0     228       3
   89.000   155474.016      35   12820     800       0       0       0       5       0       0       0       0     226       3       0       0       2       0       0       0     226       3
   90.000   157814.720      35   13013     800       0       0       0       5       0       0       0       0     224       3       0       0       2       0       0       0     224       3
   91.000   160034.144      36   13196     800       0       0       0       2       0       0       0       0     223       3       0       0       2       0       0       0     223       3
   92.000   164812.576      37   13590     800       0       0       0       3       0       0       0       0     217       3       0       0       2       0       0       0     217       3
   93.000   171786.176      38   14165     800       0       0       0       8       0       0       0       0     213       3       0       0       2       0       0       0     213       3
   94.000   175509.472      39   14472     800       0       0       0       4       0       0       0       0     211       3       0       0       2       0       0       0     211       3
   95.000   171968.096      38   14180     800       0       0       0       5       0       0       0       0     209       3       0       0       2       0       0       0     209       3
   96.000   167771.808      37   13834     800       0       0       0       3       0       0       0       0     204       2       0       0       2       0       0       0     204       2
   97.000   163854.464      36   13511     800       0       0       0       8       0       0       0       0     205       3       0       0       2       0       0       0     205       3
   98.000   163563.392      36   13487     800       0       0       0       4       0       0       0       0     205       3       0       0       2       0       0       0     205       3
   99.000   163090.400      36   13448     800       0       0       0       5       0       0       0       0     206       3       0       0       2       0       0       0     206       3
  100.000   161998.880      36   13358     800       0       0       0       5       0       0       0       0     205       3       0       0       2       0       0       0     205       3
  101.000   162471.872      36   13397     800       0       0       0       6       0       0       0       0     204       2       0       0       2       0       0       0     204       2
  102.000   163320.832      36   13467     800       0       0       0       5       0       0       0       0     204       2       0       0       2       0       0       0     204       2
  103.000   164557.888      37   13569     800       0       0       0       7       0       0       0       0     207       3       0       0       2       0       0       0     207       3
  104.000   166389.216      37   13720     800       0       0       0       6       0       0       0       0     209       3       0       0       2       0       0       0     209       3
  105.000   166825.824      37   13756     800       0       0       0       5       0       0       0       0     210       3       0       0       2       0       0       0     210       3
  106.000   169421.216      38   13970     800       0       0       0       3       0       0       0       0     212       3       0       0       2       0       0       0     212       3
  107.000   171155.520      38   14113     800       0       0       0       3       0       0       0       0     213       3       0       0       2       0       0       0     213       3
  108.000   171276.800      38   14123     800       0       0       0       6       0       0       0       0     213       3       0       0       2       0       0       0     213       3
  109.000   165552.384      37   13651     800       0       0       0       7       0       0       0       0     215       3       0       0       2       0       0       0     215       3
  110.000   153521.408      34   12659     800       0       0       0       8       0       0       0       0     216       3       0       0       2       0       0       0     216       3
  111.000   149131.072      33   12297     800       0       0       0       6       0       0       0       0     220       3       0       0       2       0       0       0     220       3
  112.000   145504.800      32   11998     800       0       0       0       7       0       0       0       0     219       3       0       0       2       0       0       0     219       3
  113.000   146378.016      33   12070     800       0       0       0       6       0       0       0       0     219       3       0       0       2       0       0       0     219       3
  114.000   144752.864      32   11936     800       0       0       0       4       0       0       0       0     220       3       0       0       2       0       0       0     220       3
  115.000   147881.888      33   12194     800       0       0       0       6       0       0       0       0     222       3       0       0       2       0       0       0     222       3
  116.000   150331.744      33   12396     800       0       0       0       5       0       0       0       0     218       3       0       0       2       0       0       0     218       3
  117.000   146984.416      33   12120     800       0       0       0       6       0       0       0       0     218       3       0       0       2       0       0       0     218       3
  118.000   145371.392      32   11987     800       0       0       0       6       0       0       0       0     218       3       0       0       2       0       0       0     218       3
  119.000   138519.072      31   11422     800       0       0       0       3       0       0       0       0     218       3       0       0       2       0       0       0     218       3
  120.000   136287.520      30   11238     800       0       0       0       7       0       0       0       0     220       3       0       0       2       0       0       0     220       3
  121.000   139440.800      31   11498     800       0       0       0       4       0       0       0       0     222       3       0       0       2       0       0       0     222       3
  122.000   147991.040      33   12203     800       0       0       0       4       0       0       0       0     224       3       0       0       2       0       0       0     224       3
  123.000   148088.064      33   12211     800       0       0       0       3       0       0       0       0     226       3       0       0       2       0       0       0     226       3
  124.000   148670.208      33   12259     800       0       0       0       2       0       0       0       0     219       3       0       0       2       0       0       0     219       3
  125.000   147857.632      33   12192     800       0       0       0       2       0       0       0       0     209       3       0       0       2       0       0       0     209       3
  126.000   147978.912      33   12202     800       0       0       0       4       0       0       0       0     204       2       0       0       2       0       0       0     204       2
  127.000   151326.240      34   12478     800       0       0       0       5       0       0       0       0     203       2       0       0       2       0       0       0     203       2
  128.000   155061.664      34   12786     800       0       0       0       6       0       0       0       0     202       2       0       0       2       0       0       0     202       2
  129.000   154782.720      34   12763     800       0       0       0       8       0       0       0       0     205       3       0       0       2       0       0       0     205       3
  130.000   153436.512      34   12652     800       0       0       0       3       0       0       0       0     204       2       0       0       2       0       0       0     204       2
  131.000   151047.296      34   12455     800       0       0       0       6       0       0       0       0     203       2       0       0       2       0       0       0     203       2
  132.000   147202.720      33   12138     800       0       0       0       2       0       0       0       0     200       2       0       0       2       0       0       0     200       2
  133.000   147566.560      33   12168     800       0       0       0       4       0       0       0       0     197       2       0       0       2       0       0       0     197       2
  134.000   147311.872      33   12147     800       0       0       0       3       0       0       0       0     194       2       0       0       2       0       0       0     194       2
  135.000   145019.680      32   11958     800       0       0       0       5       0       0       0       0     193       2       0       0       2       0       0       0     193       2
  136.000   143333.888      32   11819     800       0       0       0       6       0       0       0       0     194       2       0       0       2       0       0       0     194       2
  137.000   145771.616      32   12020     800       0       0       0       7       0       0       0       0     200       2       0       0       2       0       0       0     200       2
  138.000   148633.824      33   12256     800       0       0       0       5       0       0       0       0     203       2       0       0       2       0       0       0     203       2
  139.000   146462.912      33   12077     800       0       0       0      10       0       0       0       0     211       3       0       0       2       0       0       0     211       3
  140.000   153072.672      34   12622     800       0       0       0       4       0       0       0       0     213       3       0       0       2       0       0       0     213       3
  141.000   154709.952      34   12757     800       0       0       0       2       0       0       0       0     214       3       0       0       2       0       0       0     214       3
  142.000   155777.216      35   12845     800       0       0       0       0       0       0       0       0     212       3       0       0       2       0       0       0     212       3
  143.000   155813.600      35   12848     800       0       0       0       2       0       0       0       0     207       3       0       0       2       0       0       0     207       3
  144.000   154855.488      34   12769     800       0       0       0       2       0       0       0       0     200       2       0       0       2       0       0       0     200       2
  145.000   154709.952      34   12757     800       0       0       0       3       0       0       0       0     199       2       0       0       2       0       0       0     199       2
  146.000   155401.248      35   12814     800       0       0       0       0       0       0       0       0     197       2       0       0       2       0       0       0     197       2
  147.000   155571.040      35   12828     800       0       0       0       6       0       0       0       0     196       2       0       0       2       0       0       0     196       2
  148.000   157923.872      35   13022     800       0       0       0       3       0       0       0       0     198       2       0       0       2       0       0       0     198       2
  149.000   156189.568      35   12879     800       0       0       0       5       0       0       0       0     199       2       0       0       2       0       0       0     199       2
  150.000   151714.336      34   12510     800       0       0       0       6       0       0       0       0     201       2       0       0       2       0       0       0     201       2
  151.000   147275.488      33   12144     800       0       0       0       5       0       0       0       0     201       2       0       0       2       0       0       0     201       2
  152.000   147433.152      33   12157     800       0       0       0       7       0       0       0       0     201       2       0       0       2       0       0       0     201       2
  153.000   147663.584      33   12176     800       0       0       0       4       0       0       0       0     199       2       0       0       2       0       0       0     199       2
  154.000   148500.416      33   12245     800       0       0       0       4       0       0       0       0     190       2       0       0       2       0       0       0     190       2
  155.000   148197.216      33   12220     800       0       0       0       5       0       0       0       0     189       2       0       0       2       0       0       0     189       2
  156.000   148730.848      33   12264     800       0       0       0       2       0       0       0       0     191       2       0       0       2       0       0       0     191       2
  157.000   150174.080      33   12383     800       0       0       0       3       0       0       0       0     195       2       0       0       2       0       0       0     195       2
  158.000   148548.928      33   12249     800       0       0       0       3       0       0       0       0     198       2       0       0       2       0       0       0     198       2
  159.000   147287.616      33   12145     800       0       0       0       3       0       0       0       0     195       2       0       0       2       0       0       0     195       2
  160.000   150295.360      33   12393     800       0       0       0       8       0       0       0       0     199       2       0       0       2       0       0       0     199       2
  161.000   151071.552      34   12457     800       0       0       0       2       0       0       0       0     203       2       0       0       2       0       0       0     203       2
  162.000   152611.808      34   12584     800       0       0       0       7       0       0       0       0     204       2       0       0       2       0       0       0     204       2
  163.000   152163.072      34   12547     800       0       0       0       5       0       0       0       0     206       3       0       0       2       0       0       0     206       3
  164.000   150295.360      33   12393     800       0       0       0       7       0       0       0       0     206       3       0       0       2       0       0       0     206       3
  165.000   152599.680      34   12583     800       0       0       0       5       0       0       0       0     207       3       0       0       2       0       0       0     207       3
  166.000   152442.016      34   12570     800       0       0       0       3       0       0       0       0     204       2       0       0       2       0       0       0     204       2
  167.000   146851.008      33   12109     800       0       0       0       9       0       0       0       0     206       3       0       0       2       0       0       0     206       3
  168.000   147530.176      33   12165     800       0       0       0       6       0       0       0       0     207       3       0       0       2       0       0       0     207       3
  169.000   146341.632      33   12067     800       0       0       0       7       0       0       0       0     209       3       0       0       2       0       0       0     209       3
  170.000   140483.808      31   11584     800       0       0       0       5       0       0       0       0     212       3       0       0       2       0       0       0     212       3
  171.000   140241.248      31   11564     800       0       0       0       6       0       0       0       0     215       3       0       0       2       0       0       0     215       3
  172.000   136712.000      30   11273     800       0       0       0       6       0       0       0       0     218       3       0       0       2       0       0       0     218       3
  173.000   136263.264      30   11236     800       0       0       0       6       0       0       0       0     220       3       0       0       2       0       0       0     220       3
  174.000   137900.544      31   11371     800       0       0       0       5       0       0       0       0     222       3       0       0       2       0       0       0     222       3
  175.000   136226.880      30   11233     800       0       0       0       4       0       0       0       0     224       3       0       0       2       0       0       0     224       3
  176.000   132127.616      29   10895     800       0       0       0       6       0       0       0       0     221       3       0       0       2       0       0       0     221       3
  177.000   131327.168      29   10829     800       0       0       0       4       0       0       0       0     221       3       0       0       2       0       0       0     221       3
  178.000   130563.104      29   10766     800       0       0       0       7       0       0       0       0     217       3       0       0       2       0       0       0     217       3
  179.000   132406.560      29   10918     800       0       0       0       3       0       0       0       0     217       3       0       0       2       0       0       0     217       3
  180.000   132515.712      29   10927     800       0       0       0       5       0       0       0       0     215       3       0       0       2       0       0       0     215       3
  181.000   129083.488      29   10644     800       0       0       0       5       0       0       0       0     218       3       0       0       2       0       0       0     218       3
  182.000   129944.576      29   10715     800       0       0       0       5       0       0       0       0     212       3       0       0       2       0       0       0     212       3
  183.000   129714.144      29   10696     800       0       0       0       5       0       0       0       0     213       3       0       0       2       0       0       0     213       3
  184.000   131339.296      29   10830     800       0       0       0       6       0       0       0       0     210       3       0       0       2       0       0       0     210       3
  185.000   132188.256      29   10900     800       0       0       0       4       0       0       0       0     206       3       0       0       2       0       0       0     206       3
  186.000   135474.944      30   11171     800       0       0       0       5       0       0       0       0     207       3       0       0       2       0       0       0     207       3
  187.000   136311.776      30   11240     800       0       0       0       6       0       0       0       0     204       2       0       0       2       0       0       0     204       2
  188.000   135559.840      30   11178     800       0       0       0       6       0       0       0       0     204       2       0       0       2       0       0       0     204       2
  189.000   135644.736      30   11185     800       0       0       0       6       0       0       0       0     205       3       0       0       2       0       0       0     205       3
  190.000   132491.456      29   10925     800       0       0       0       3       0       0       0       0     202       2       0       0       2       0       0       0     202       2
  191.000   132224.640      29   10903     800       0       0       0       4       0       0       0       0     200       2       0       0       2       0       0       0     200       2
  192.000   135098.976      30   11140     800       0       0       0       5       0       0       0       0     200       2       0       0       2       0       0       0     200       2
  193.000   133958.944      30   11046     800       0       0       0       4       0       0       0       0     199       2       0       0       2       0       0       0     199       2
  194.000   140811.264      31   11611     800       0       0       0       5       0       0       0       0     201       2       0       0       2       0       0       0     201       2
  195.000   140932.544      31   11621     800       0       0       0       5       0       0       0       0     204       2       0       0       2       0       0       0     204       2
  196.000   141817.888      32   11694     800       0       0       0       6       0       0       0       0     202       2       0       0       2       0       0       0     202       2
  197.000   141999.808      32   11709     800       0       0       0       5       0       0       0       0     203       2       0       0       2       0       0       0     203       2
  198.000   141708.736      31   11685     800       0       0       0       8       0       0       0       0     205       3       0       0       2       0       0       0     205       3
  199.000   133825.536      30   11035     800       0       0       0       7       0       0       0       0     210       3       0       0       2       0       0       0     210       3
  200.000   133437.440      30   11003     800       0       0       0       5       0       0       0       0     211       3       0       0       2       0       0       0     211       3
  201.000   135523.456      30   11175     800       0       0       0       6       0       0       0       0     215       3       0       0       2       0       0       0     215       3
  202.000   133340.416      30   10995     800       0       0       0       6       0       0       0       0     217       3       0       0       2       0       0       0     217       3
  203.000   129495.840      29   10678     800       0       0       0       8       0       0       0       0     216       3       0       0       2       0       0       0     216       3
  204.000   128743.904      29   10616     800       0       0       0       5       0       0       0       0     219       3       0       0       2       0       0       0     219       3
  205.000   131897.184      29   10876     800       0       0       0       8       0       0       0       0     220       3       0       0       2       0       0       0     220       3
  206.000   135305.152      30   11157     800       0       0       0       1       0       0       0       0     222       3       0       0       2       0       0       0     222       3
  207.000   135280.896      30   11155     800       0       0       0       8       0       0       0       0     223       3       0       0       2       0       0       0     223       3
  208.000   132406.560      29   10918     800       0       0       0       6       0       0       0       0     225       3       0       0       2       0       0       0     225       3
  209.000   132164.000      29   10898     800       0       0       0       4       0       0       0       0     228       3       0       0       2       0       0       0     228       3
  210.000   134904.928      30   11124     800       0       0       0       8       0       0       0       0     230       3       0       0       2       0       0       0     230       3
  211.000   133498.080      30   11008     800       0       0       0       5       0       0       0       0     229       3       0       0       2       0       0       0     229       3
  212.000   136117.728      30   11224     800       0       0       0       7       0       0       0       0     230       3       0       0       2       0       0       0     230       3
  213.000   140483.808      31   11584     800       0       0       0       5       0       0       0       0     227       3       0       0       2       0       0       0     227       3
  214.000   137742.880      31   11358     800       0       0       0       4       0       0       0       0     223       3       0       0       2       0       0       0     223       3
  215.000   139113.344      31   11471     800       0       0       0       5       0       0       0       0     221       3       0       0       2       0       0       0     221       3
  216.000   141672.352      31   11682     800       0       0       0       5       0       0       0       0     218       3       0       0       2       0       0       0     218       3
  217.000   143746.240      32   11853     800       0       0       0       5       0       0       0       0     216       3       0       0       2       0       0       0     216       3
  218.000   143273.248      32   11814     800       0       0       0       3       0       0       0       0     213       3       0       0       2       0       0       0     213       3
  219.000   146826.752      33   12107     800       0       0       0       2       0       0       0       0     205       3       0       0       2       0       0       0     205       3
  220.000   146475.040      33   12078     800       0       0       0       4       0       0       0       0     200       2       0       0       2       0       0       0     200       2
  221.000   151580.928      34   12499     800       0       0       0       6       0       0       0       0     203       2       0       0       2       0       0       0     203       2
  222.000   155231.456      34   12800     800       0       0       0       7       0       0       0       0     207       3       0       0       2       0       0       0     207       3
  223.000   154346.112      34   12727     800       0       0       0       6       0       0       0       0     205       3       0       0       2       0       0       0     205       3
  224.000   149834.496      33   12355     800       0       0       0       2       0       0       0       0     205       3       0       0       2       0       0       0     205       3
  225.000   148379.136      33   12235     800       0       0       0       8       0       0       0       0     204       2       0       0       2       0       0       0     204       2
  226.000   150683.456      33   12425     800       0       0       0       6       0       0       0       0     205       3       0       0       2       0       0       0     205       3
  227.000   152672.448      34   12589     800       0       0       0       5       0       0       0       0     203       2       0       0       2       0       0       0     203       2
  228.000   154042.912      34   12702     800       0       0       0       3       0       0       0       0     205       3       0       0       2       0       0       0     205       3
  229.000   153424.384      34   12651     800       0       0       0       6       0       0       0       0     201       2       0       0       2       0       0       0     201       2
  230.000   150841.120      34   12438     800       0       0       0       8       0       0       0       0     206       3       0       0       2       0       0       0     206       3
  231.000   152478.400      34   12573     800       0       0       0       7       0       0       0       0     209       3       0       0       2       0       0       0     209       3
  232.000   154467.392      34   12737     800       0       0       0       3       0       0       0       0     211       3       0       0       2       0       0       0     211       3
  233.000   153266.720      34   12638     800       0       0       0       4       0       0       0       0     212       3       0       0       2       0       0       0     212       3
  234.000   151641.568      34   12504     800       0       0       0       1       0       0       0       0     214       3       0       0       2       0       0       0     214       3
  235.000   150986.656      34   12450     800       0       0       0       8       0       0       0       0     217       3       0       0       2       0       0       0     217       3
  236.000   152514.784      34   12576     800       0       0       0       7       0       0       0       0     220       3       0       0       2       0       0       0     220       3
  237.000   150768.352      34   12432     800       0       0       0       5       0       0       0       0     218       3       0       0       2       0       0       0     218       3
  238.000   149567.680      33   12333     800       0       0       0       5       0       0       0       0     219       3       0       0       2       0       0       0     219       3
  239.000   147530.176      33   12165     800       0       0       0       7       0       0       0       0     219       3       0       0       2       0       0       0     219       3
  240.000   149191.712      33   12302     800       0       0       0       4       0       0       0       0     217       3       0       0       2       0       0       0     217       3
  241.000   149591.936      33   12335     800       0       0       0      10       0       0       0       0     217       3       0       0       2       0       0       0     217       3
  242.000   152223.712      34   12552     800       0       0       0       4       0       0       0       0     218       3       0       0       2       0       0       0     218       3
  243.000   153557.792      34   12662     800       0       0       0       3       0       0       0       0     218       3       0       0       2       0       0       0     218       3
  244.000   151168.576      34   12465     800       0       0       0       7       0       0       0       0     222       3       0       0       2       0       0       0     222       3
  245.000   149325.120      33   12313     800       0       0       0       3       0       0       0       0     220       3       0       0       2       0       0       0     220       3
  246.000   148233.600      33   12223     800       0       0       0       4       0       0       0       0     216       3       0       0       2       0       0       0     216       3
  247.000   147590.816      33   12170     800       0       0       0       7       0       0       0       0     218       3       0       0       2       0       0       0     218       3
  248.000   147566.560      33   12168     800       0       0       0       4       0       0       0       0     220       3       0       0       2       0       0       0     220       3
  249.000   143382.400      32   11823     800       0       0       0       7       0       0       0       0     223       3       0       0       2       0       0       0     223       3
  250.000   144680.096      32   11930     800       0       0       0       5       0       0       0       0     220       3       0       0       2       0       0       0     220       3
  251.000   143964.544      32   11871     800       0       0       0       3       0       0       0       0     216       3       0       0       2       0       0       0     216       3
  252.000   145104.576      32   11965     800       0       0       0       7       0       0       0       0     215       3       0       0       2       0       0       0     215       3
  253.000   146717.600      33   12098     800       0       0       0       2       0       0       0       0     214       3       0       0       2       0       0       0     214       3
  254.000   145977.792      32   12037     800       0       0       0       6       0       0       0       0     210       3       0       0       2       0       0       0     210       3
  255.000   145347.136      32   11985     800       0       0       0       2       0       0       0       0     213       3       0       0       2       0       0       0     213       3
  256.000   148512.544      33   12246     800       0       0       0       5       0       0       0       0     209       3       0       0       2       0       0       0     209       3
  257.000   153218.208      34   12634     800       0       0       0       8       0       0       0       0     209       3       0       0       2       0       0       0     209       3
  258.000   152902.880      34   12608     800       0       0       0       5       0       0       0       0     213       3       0       0       2       0       0       0     213       3
  259.000   154988.896      34   12780     800       0       0       0       6       0       0       0       0     211       3       0       0       2       0       0       0     211       3
  260.000   155085.920      34   12788     800       0       0       0       5       0       0       0       0     213       3       0       0       2       0       0       0     213       3
  261.000   153897.376      34   12690     800       0       0       0       5       0       0       0       0     213       3       0       0       2       0       0       0     213       3
  262.000   154916.128      34   12774     800       0       0       0       4       0       0       0       0     212       3       0       0       2       0       0       0     212       3
  263.000   157960.256      35   13025     800       0       0       0       2       0       0       0       0     208       3       0       0       2       0       0       0     208       3
  264.000   160203.936      36   13210     800       0       0       0       4       0       0       0       0     206       3       0       0       2       0       0       0     206       3
  265.000   162702.304      36   13416     800       0       0       0       2       0       0       0       0     206       3       0       0       2       0       0       0     206       3
  266.000   163248.064      36   13461     800       0       0       0       4       0       0       0       0     204       2       0       0       2       0       0       0     204       2
  267.000   157584.288      35   12994     800       0       0       0       8       0       0       0       0     207       3       0       0       2       0       0       0     207       3
  268.000   155098.048      34   12789     800       0       0       0       3       0       0       0       0     206       3       0       0       2       0       0       0     206       3
  269.000   153230.336      34   12635     800       0       0       0       4       0       0       0       0     207       3       0       0       2       0       0       0     207       3
  270.000   152429.888      34   12569     800       0       0       0       2       0       0       0       0     204       2       0       0       2       0       0       0     204       2
  271.000   151690.080      34   12508     800       0       0       0       7       0       0       0       0     208       3       0       0       2       0       0       0     208       3
  272.000   144825.632      32   11942     800       0       0       0       4       0       0       0       0     207       3       0       0       2       0       0       0     207       3
  273.000   146487.168      33   12079     800       0       0       0       9       0       0       0       0     209       3       0       0       2       0       0       0     209       3
  274.000   149434.272      33   12322     800       0       0       0       4       0       0       0       0     210       3       0       0       2       0       0       0     210       3
  275.000   150484.224      33   12408     800       0       0       0       7       0       0       0       0     213       3       0       0       2       0       0       0     213       3
