  TimeSec      LoaKbps LoaUsag Packets DlyUsec LoaDrps MetDrps TabDrps FloMods MetMods GroMods  PktsIn PktsOut FloEntr FloUsag MetEntr MetUsag GroEntr GroUsag BufPkts BufUsag  T0Entr  T0Usag
    1.000        0.000       0       0      34       0       0       0       3       0       2       0       0       3       2       0       0       2       0       0       0       3       2
    2.000       17.312       0       2      39       0       0       0       0       0       0       0       0       3       2       0       0       2       0       0       0       3       2
    3.000       17.312       0       2      39       0       0       0       0       0       0       0       0       3       2       0       0       2       0       0       0       3       2
    4.000       17.312       0       2      39       0       0       0       0       0       0       0       0       3       2       0       0       2       0       0       0       3       2
    5.000       17.312       0       2      39       0       0       0       0       0       0       0       0       3       2       0       0       2       0       0       0       3       2
    6.000       17.312       0       2      40       0       0       0       0       0       0       0       0       3       2       0       0       2       0       0       0       3       2
    7.000       17.312       0       2      40       0       0       0       0       0       0       0       0       3       2       0       0       2       0       0       0       3       2
    8.000       17.312       0       2      40       0       0       0       0       0       0       0       0       3       2       0       0       2       0       0       0       3       2
    9.000       17.312       0       2      40       0       0       0       0       0       0       0       0       3       2       0       0       2       0       0       0       3       2
   10.000       17.312       0       2      40       0       0       0       0       0       0       0       0       3       2       0       0       2       0       0       0       3       2
   11.000       17.312       0       2      99       0       0       0      89       0       0       0       0      56      28       0       0       2       0       0       0      56      28
   12.000    42234.880       4    3483     135       0       0       0       0       0       0       0       0      88      44       0       0       2       0       0       0      88      44
   13.000    84440.320       8    6963     139       0       0       0       0       0       0       0       0      92      46       0       0       2       0       0       0      92      46
   14.000    84294.784       8    6951     139       0       0       0       0       0       0       0       0      92      46       0       0       2       0       0       0      92      46
   15.000    84076.480       8    6933     139       0       0       0       0       0       0       0       0      92      46       0       0       2       0       0       0      92      46
   16.000    84040.096       8    6930     139       0       0       0       0       0       0       0       0      92      46       0       0       2       0       0       0      92      46
   17.000    84112.864       8    6936     140       0       0       0       0       0       0       0       0      92      46       0       0       2       0       0       0      92      46
   18.000    82160.256       8    6775     140       0       0       0       0       0       0       0       0      92      46       0       0       2       0       0       0      92      46
   19.000    79843.808       8    6584     140       0       0       0       0       0       0       0       0      92      46       0       0       2       0       0       0      92      46
   20.000    77236.288       8    6369     140       0       0       0       0       0       0       0       0      92      46       0       0       2       0       0       0      92      46
   21.000    76326.688       8    6294     151       0       0       0     102       0       0       0       0     152      76       0       0       2       0       0       0     152      76
   22.000   129216.896      13   10655     159       0       0       0       0       0       0       0       0     190      95       0       0       2       0       0       0     190      95
   23.000   180954.944      18   14921     159       0       0       0       0       0       0       0       0     194      97       0       0       2       0       0       0     194      97
   24.000   180130.240      18   14853     159       0       0       0       0       0       0       0       0     194      97       0       0       2       0       0       0     194      97
   25.000   178905.312      18   14752     159       0       0       0       0       0       0       0       0     194      97       0       0       2       0       0       0     194      97
   26.000   178929.568      18   14754     160       0       0       0       0       0       0       0       0     193      97       0       0       2       0       0       0     193      97
   27.000   176600.992      18   14562     160       0       0       0       0       0       0       0       0     193      97       0       0       2       0       0       0     193      97
   28.000   175012.224      18   14431     160       0       0       0       0       0       0       0       0     193      97       0       0       2       0       0       0     193      97
   29.000   172623.008      17   14234     160       0       0       0       0       0       0       0       0     192      96       0       0       2       0       0       0     192      96
   30.000   172210.656      17   14200     160       0       0       0       0       0       0       0       0     192      96       0       0       2       0       0       0     192      96
   31.000   168062.880      17   13858     160       0       0       0       8       0       0       0       0     196      98       0       0       2       0       0       0     196      98
   32.000   171968.096      17   14180     160       0       0       0       0       0       0       0       0     199     100       0       0       2       0       0       0     199     100
   33.000   175885.440      18   14503     160       0       0       0       0       0       0       0       0     197      99       0       0       2       0       0       0     197      99
   34.000   175982.464      18   14511     160       0       0       0       0       0       0       0       0     196      98       0       0       2       0       0       0     196      98
   35.000   174648.384      17   14401     160       0       0       0       0       0       0       0       0     194      97       0       0       2       0       0       0     194      97
   36.000   169481.856      17   13975     160       0       0       0       0       0       0       0       0     186      93       0       0       2       0       0       0     186      93
   37.000   167019.872      17   13772     160       0       0       0       0       0       0       0       0     181      91       0       0       2       0       0       0     181      91
   38.000   163963.616      16   13520     160       0       0       0       0       0       0       0       0     178      89       0       0       2       0       0       0     178      89
   39.000   157463.008      16   12984     160       0       0       0       0       0       0       0       0     178      89       0       0       2       0       0       0     178      89
   40.000   156044.032      16   12867     160       0       0       0       0       0       0       0       0     176      88       0       0       2       0       0       0     176      88
   41.000   152611.808      15   12584     160       0       0       0      24       0       0       0       0     190      95       0       0       2       0       0       0     190      95
   42.000   162532.512      16   13402     160       0       0       0       0       0       0       0       0     196      98       0       0       2       0       0       0     196      98
   43.000   171155.520      17   14113     160       0       0       0       0       0       0       0       0     196      98       0       0       2       0       0       0     196      98
   44.000   167456.480      17   13808     160       0       0       0       0       0       0       0       0     194      97       0       0       2       0       0       0     194      97
   45.000   164194.048      16   13539     160       0       0       0       0       0       0       0       0     194      97       0       0       2       0       0       0     194      97
   46.000   159452.000      16   13148     160       0       0       0       0       0       0       0       0     191      96       0       0       2       0       0       0     191      96
   47.000   153691.200      15   12673     160       0       0       0       0       0       0       0       0     190      95       0       0       2       0       0       0     190      95
   48.000   152502.656      15   12575     160       0       0       0       0       0       0       0       0     190      95       0       0       2       0       0       0     190      95
   49.000   152514.784      15   12576     160       0       0       0       0       0       0       0       0     190      95       0       0       2       0       0       0     190      95
   50.000   152442.016      15   12570     160       0       0       0       0       0       0       0       0     188      94       0       0       2       0       0       0     188      94
   51.000   152369.248      15   12564     160       0       0       0      13       0       0       0       0     193      97       0       0       2       0       0       0     193      97
   52.000   156771.712      16   12927     160       0       0       0       0       0       0       0       0     196      98       0       0       2       0       0       0     196      98
   53.000   157365.984      16   12976     160       0       0       0       0       0       0       0       0     193      97       0       0       2       0       0       0     193      97
   54.000   154200.576      15   12715     160       0       0       0       0       0       0       0       0     189      95       0       0       2       0       0       0     189      95
   55.000   151908.384      15   12526     160       0       0       0       0       0       0       0       0     187      94       0       0       2       0       0       0     187      94
   56.000   151496.032      15   12492     160       0       0       0       0       0       0       0       0     181      91       0       0       2       0       0       0     181      91
   57.000   151326.240      15   12478     160       0       0       0       0       0       0       0       0     176      88       0       0       2       0       0       0     176      88
   58.000   151362.624      15   12481     160       0       0       0       0       0       0       0       0     173      87       0       0       2       0       0       0     173      87
   59.000   150622.816      15   12420     160       0       0       0       0       0       0       0       0     169      85       0       0       2       0       0       0     169      85
   60.000   149919.392      15   12362     160       0       0       0       0       0       0       0       0     167      84       0       0       2       0       0       0     167      84
   61.000   148694.464      15   12261     160       0       0       0      34       0       0       0       0     185      93       0       0       2       0       0       0     185      93
   62.000   163187.424      16   13456     160       0       0       0       0       0       0       0       0     193      97       0       0       2       0       0       0     193      97
   63.000   176152.256      18   14525     160       0       0       0       0       0       0       0       0     192      96       0       0       2       0       0       0     192      96
   64.000   174806.048      17   14414     160       0       0       0       0       0       0       0       0     191      96       0       0       2       0       0       0     191      96
   65.000   170621.888      17   14069     160       0       0       0       0       0       0       0       0     191      96       0       0       2       0       0       0     191      96
   66.000   166983.488      17   13769     160       0       0       0       0       0       0       0       0     188      94       0       0       2       0       0       0     188      94
   67.000   163272.320      16   13463     160       0       0       0       0       0       0       0       0     184      92       0       0       2       0       0       0     184      92
   68.000   161380.352      16   13307     160       0       0       0       0       0       0       0       0     179      90       0       0       2       0       0       0     179      90
   69.000   160325.216      16   13220     160       0       0       0       0       0       0       0       0     176      88       0       0       2       0       0       0     176      88
   70.000   158651.552      16   13082     160       0       0       0       0       0       0       0       0     174      87       0       0       2       0       0       0     174      87
   71.000   157281.088      16   12969     160       0       0       0      27       0       0       0       0     189      95       0       0       2       0       0       0     189      95
   72.000   162896.352      16   13432     160       0       0       0       0       0       0       0       0     198      99       0       0       2       0       0       0     198      99
   73.000   167310.944      17   13796     160       0       0       0       0       0       0       0       0     199     100       0       0       2       0       0       0     199     100
   74.000   166777.312      17   13752     160       0       0       0       0       0       0       0       0     198      99       0       0       2       0       0       0     198      99
   75.000   165770.688      17   13669     160       0       0       0       0       0       0       0       0     196      98       0       0       2       0       0       0     196      98
   76.000   164327.456      16   13550     160       0       0       0       0       0       0       0       0     189      95       0       0       2       0       0       0     189      95
   77.000   157511.520      16   12988     160       0       0       0       0       0       0       0       0     184      92       0       0       2       0       0       0     184      92
   78.000   153497.152      15   12657     160       0       0       0       0       0       0       0       0     181      91       0       0       2       0       0       0     181      91
   79.000   152781.600      15   12598     160       0       0       0       0       0       0       0       0     179      90       0       0       2       0       0       0     179      90
   80.000   151399.008      15   12484     160       0       0       0       0       0       0       0       0     175      88       0       0       2       0       0       0     175      88
   81.000   148536.800      15   12248     160       0       0       0      26       0       0       0       0     187      94       0       0       2       0       0       0     187      94
   82.000   158578.784      16   13076     160       0       0       0       0       0       0       0       0     192      96       0       0       2       0       0       0     192      96
   83.000   168099.264      17   13861     160       0       0       0       0       0       0       0       0     190      95       0       0       2       0       0       0     190      95
   84.000   165976.864      17   13686     160       0       0       0       0       0       0       0       0     189      95       0       0       2       0       0       0     189      95
   85.000   163575.520      16   13488     160       0       0       0       0       0       0       0       0     187      94       0       0       2       0       0       0     187      94
   86.000   160203.936      16   13210     160       0       0       0       0       0       0       0       0     177      89       0       0       2       0       0       0     177      89
   87.000   151738.592      15   12512     160       0       0       0       0       0       0       0       0     170      85       0       0       2       0       0       0     170      85
   88.000   146559.936      15   12085     160       0       0       0       0       0       0       0       0     167      84       0       0       2       0       0       0     167      84
   89.000   137973.312      14   11377     160       0       0       0       0       0       0       0       0     166      83       0       0       2       0       0       0     166      83
   90.000   136809.024      14   11281     160       0       0       0       0       0       0       0       0     164      82       0       0       2       0       0       0     164      82
   91.000   132515.712      13   10927     160       0       0       0      36       0       0       0       0     183      92       0       0       2       0       0       0     183      92
   92.000   141587.456      14   11675     160       0       0       0       0       0       0       0       0     190      95       0       0       2       0       0       0     190      95
   93.000   151677.952      15   12507     160       0       0       0       0       0       0       0       0     188      94       0       0       2       0       0       0     188      94
   94.000   150440.896      15   12405     160       0       0       0       0       0       0       0       0     188      94       0       0       2       0       0       0     188      94
   95.000   146487.168      15   12079     160       0       0       0       0       0       0       0       0     186      93       0       0       2       0       0       0     186      93
   96.000   144716.480      14   11933     160       0       0       0       0       0       0       0       0     179      90       0       0       2       0       0       0     179      90
   97.000   143527.936      14   11835     160       0       0       0       0       0       0       0       0     175      88       0       0       2       0       0       0     175      88
   98.000   139974.432      14   11542     160       0       0       0       0       0       0       0       0     174      87       0       0       2       0       0       0     174      87
   99.000   133971.072      13   11047     160       0       0       0       0       0       0       0       0     171      86       0       0       2       0       0       0     171      86
  100.000   129144.128      13   10649     160       0       0       0       0       0       0       0       0     166      83       0       0       2       0       0       0     166      83
  101.000   125736.160      13   10368     160       0       0       0      36       0       0       0       0     184      92       0       0       2       0       0       0     184      92
  102.000   131557.600      13   10848     160       0       0       0       0       0       0       0       0     193      97       0       0       2       0       0       0     193      97
  103.000   137476.064      14   11336     160       0       0       0       0       0       0       0       0     191      96       0       0       2       0       0       0     191      96
  104.000   134262.144      13   11071     160       0       0       0       0       0       0       0       0     188      94       0       0       2       0       0       0     188      94
  105.000   133073.600      13   10973     160       0       0       0       0       0       0       0       0     186      93       0       0       2       0       0       0     186      93
  106.000   125845.312      13   10377     160       0       0       0       0       0       0       0       0     175      88       0       0       2       0       0       0     175      88
  107.000   125105.504      13   10316     160       0       0       0       0       0       0       0       0     168      84       0       0       2       0       0       0     168      84
  108.000   123152.896      12   10155     160       0       0       0       0       0       0       0       0     166      83       0       0       2       0       0       0     166      83
  109.000   120339.200      12    9923     160       0       0       0       0       0       0       0       0     163      82       0       0       2       0       0       0     163      82
  110.000   118144.032      12    9742     160       0       0       0       0       0       0       0       0     160      80       0       0       2       0       0       0     160      80
  111.000   114566.272      11    9447     160       0       0       0      41       0       0       0       0     181      91       0       0       2       0       0       0     181      91
  112.000   110867.232      11    9142     160       0       0       0       0       0       0       0       0     195      98       0       0       2       0       0       0     195      98
  113.000   115524.384      12    9526     160       0       0       0       0       0       0       0       0     193      97       0       0       2       0       0       0     193      97
  114.000   110964.256      11    9150     160       0       0       0       0       0       0       0       0     189      95       0       0       2       0       0       0     189      95
  115.000   108793.344      11    8971     160       0       0       0       0       0       0       0       0     186      93       0       0       2       0       0       0     186      93
  116.000   105312.608      11    8684     160       0       0       0       0       0       0       0       0     174      87       0       0       2       0       0       0     174      87
  117.000   103153.824      10    8506     160       0       0       0       0       0       0       0       0     164      82       0       0       2       0       0       0     164      82
  118.000   101965.280      10    8408     160       0       0       0       0       0       0       0       0     159      80       0       0       2       0       0       0     159      80
  119.000    98581.568      10    8129     160       0       0       0       0       0       0       0       0     156      78       0       0       2       0       0       0     156      78
  120.000    96131.712      10    7927     160       0       0       0       0       0       0       0       0     155      78       0       0       2       0       0       0     155      78
  121.000    91147.104       9    7516     160       0       0       0      46       0       0       0       0     177      89       0       0       2       0       0       0     177      89
  122.000   108356.736      11    8935     160       0       0       0       0       0       0       0       0     192      96       0       0       2       0       0       0     192      96
  123.000   126330.432      13   10417     160       0       0       0       0       0       0       0       0     192      96       0       0       2       0       0       0     192      96
  124.000   125869.568      13   10379     160       0       0       0       0       0       0       0       0     190      95       0       0       2       0       0       0     190      95
  125.000   125178.272      13   10322     160       0       0       0       0       0       0       0       0     188      94       0       0       2       0       0       0     188      94
  126.000   124038.240      12   10228     160       0       0       0       0       0       0       0       0     172      86       0       0       2       0       0       0     172      86
  127.000   121915.840      12   10053     160       0       0       0       0       0       0       0       0     160      80       0       0       2       0       0       0     160      80
  128.000   119878.336      12    9885     160       0       0       0       0       0       0       0       0     156      78       0       0       2       0       0       0     156      78
  129.000   116834.208      12    9634     160       0       0       0       0       0       0       0       0     151      76       0       0       2       0       0       0     151      76
  130.000   114784.576      11    9465     160       0       0       0       0       0       0       0       0     147      74       0       0       2       0       0       0     147      74
  131.000   109545.280      11    9033     160       0       0       0      53       0       0       0       0     175      88       0       0       2       0       0       0     175      88
  132.000   125226.784      13   10326     160       0       0       0       0       0       0       0       0     191      96       0       0       2       0       0       0     191      96
  133.000   138325.024      14   11406     160       0       0       0       0       0       0       0       0     192      96       0       0       2       0       0       0     192      96
  134.000   133255.520      13   10988     160       0       0       0       0       0       0       0       0     190      95       0       0       2       0       0       0     190      95
  135.000   131848.672      13   10872     160       0       0       0       0       0       0       0       0     188      94       0       0       2       0       0       0     188      94
  136.000   131666.752      13   10857     160       0       0       0       0       0       0       0       0     174      87       0       0       2       0       0       0     174      87
  137.000   130769.280      13   10783     160       0       0       0       0       0       0       0       0     166      83       0       0       2       0       0       0     166      83
  138.000   130211.392      13   10737     160       0       0       0       0       0       0       0       0     164      82       0       0       2       0       0       0     164      82
  139.000   128671.136      13   10610     160       0       0       0       0       0       0       0       0     164      82       0       0       2       0       0       0     164      82
  140.000   126294.048      13   10414     160       0       0       0       0       0       0       0       0     161      81       0       0       2       0       0       0     161      81
  141.000   125578.496      13   10355     160       0       0       0      40       0       0       0       0     183      92       0       0       2       0       0       0     183      92
  142.000   134650.240      13   11103     160       0       0       0       0       0       0       0       0     196      98       0       0       2       0       0       0     196      98
  143.000   145189.472      15   11972     160       0       0       0       0       0       0       0       0     195      98       0       0       2       0       0       0     195      98
  144.000   145128.832      15   11967     160       0       0       0       0       0       0       0       0     193      97       0       0       2       0       0       0     193      97
  145.000   142836.640      14   11778     160       0       0       0       0       0       0       0       0     189      95       0       0       2       0       0       0     189      95
  146.000   140047.200      14   11548     160       0       0       0       0       0       0       0       0     170      85       0       0       2       0       0       0     170      85
  147.000   137148.608      14   11309     160       0       0       0       0       0       0       0       0     157      79       0       0       2       0       0       0     157      79
  148.000   133158.496      13   10980     160       0       0       0       0       0       0       0       0     154      77       0       0       2       0       0       0     154      77
  149.000   131011.840      13   10803     160       0       0       0       0       0       0       0       0     151      76       0       0       2       0       0       0     151      76
  150.000   128210.272      13   10572     160       0       0       0       0       0       0       0       0     150      75       0       0       2       0       0       0     150      75
  151.000   125238.912      13   10327     160       0       0       0      50       0       0       0       0     179      90       0       0       2       0       0       0     179      90
  152.000   133073.600      13   10973     160       0       0       0       0       0       0       0       0     196      98       0       0       2       0       0       0     196      98
  153.000   139198.240      14   11478     160       0       0       0       0       0       0       0       0     197      99       0       0       2       0       0       0     197      99
  154.000   136651.360      14   11268     160       0       0       0       0       0       0       0       0     195      98       0       0       2       0       0       0     195      98
  155.000   134310.656      13   11075     160       0       0       0       0       0       0       0       0     193      97       0       0       2       0       0       0     193      97
  156.000   128731.776      13   10615     160       0       0       0       0       0       0       0       0     180      90       0       0       2       0       0       0     180      90
  157.000   126839.808      13   10459     160       0       0       0       0       0       0       0       0     171      86       0       0       2       0       0       0     171      86
  158.000   125311.680      13   10333     160       0       0       0       0       0       0       0       0     168      84       0       0       2       0       0       0     168      84
  159.000   125396.576      13   10340     160       0       0       0       0       0       0       0       0     168      84       0       0       2       0       0       0     168      84
  160.000   124086.752      12   10232     160       0       0       0       0       0       0       0       0     166      83       0       0       2       0       0       0     166      83
  161.000   120205.792      12    9912     160       0       0       0      36       0       0       0       0     185      93       0       0       2       0       0       0     185      93
  162.000   130090.112      13   10727     160       0       0       0       0       0       0       0       0     196      98       0       0       2       0       0       0     196      98
  163.000   139877.408      14   11534     160       0       0       0       0       0       0       0       0     196      98       0       0       2       0       0       0     196      98
  164.000   135826.656      14   11200     160       0       0       0       0       0       0       0       0     193      97       0       0       2       0       0       0     193      97
  165.000   134444.064      13   11086     160       0       0       0       0       0       0       0       0     190      95       0       0       2       0       0       0     190      95
  166.000   133485.952      13   11007     160       0       0       0       0       0       0       0       0     172      86       0       0       2       0       0       0     172      86
  167.000   132188.256      13   10900     160       0       0       0       0       0       0       0       0     159      80       0       0       2       0       0       0     159      80
  168.000   130029.472      13   10722     160       0       0       0       0       0       0       0       0     156      78       0       0       2       0       0       0     156      78
  169.000   125687.648      13   10364     160       0       0       0       0       0       0       0       0     153      77       0       0       2       0       0       0     153      77
  170.000   121624.768      12   10029     160       0       0       0       0       0       0       0       0     151      76       0       0       2       0       0       0     151      76
  171.000   121297.312      12   10002     160       0       0       0      50       0       0       0       0     177      89       0       0       2       0       0       0     177      89
  172.000   132576.352      13   10932     160       0       0       0       0       0       0       0       0     194      97       0       0       2       0       0       0     194      97
  173.000   141551.072      14   11672     160       0       0       0       0       0       0       0       0     195      98       0       0       2       0       0       0     195      98
  174.000   141211.488      14   11644     160       0       0       0       0       0       0       0       0     195      98       0       0       2       0       0       0     195      98
  175.000   141017.440      14   11628     160       0       0       0       0       0       0       0       0     193      97       0       0       2       0       0       0     193      97
  176.000   137852.032      14   11367     160       0       0       0       0       0       0       0       0     179      90       0       0       2       0       0       0     179      90
  177.000   136093.472      14   11222     160       0       0       0       0       0       0       0       0     172      86       0       0       2       0       0       0     172      86
  178.000   134892.800      13   11123     160       0       0       0       0       0       0       0       0     169      85       0       0       2       0       0       0     169      85
  179.000   133182.752      13   10982     160       0       0       0       0       0       0       0       0     166      83       0       0       2       0       0       0     166      83
  180.000   131593.984      13   10851     160       0       0       0       0       0       0       0       0     165      83       0       0       2       0       0       0     165      83
  181.000   129447.328      13   10674     160       0       0       0      35       0       0       0       0     183      92       0       0       2       0       0       0     183      92
  182.000   141551.072      14   11672     160       0       0       0       0       0       0       0       0     195      98       0       0       2       0       0       0     195      98
  183.000   155704.448      16   12839     160       0       0       0       0       0       0       0       0     194      97       0       0       2       0       0       0     194      97
  184.000   154661.440      15   12753     160       0       0       0       0       0       0       0       0     191      96       0       0       2       0       0       0     191      96
  185.000   152660.320      15   12588     160       0       0       0       0       0       0       0       0     188      94       0       0       2       0       0       0     188      94
  186.000   152053.920      15   12538     160       0       0       0       0       0       0       0       0     173      87       0       0       2       0       0       0     173      87
  187.000   150744.096      15   12430     160       0       0       0       0       0       0       0       0     163      82       0       0       2       0       0       0     163      82
  188.000   145601.824      15   12006     160       0       0       0       0       0       0       0       0     160      80       0       0       2       0       0       0     160      80
  189.000   144777.120      14   11938     160       0       0       0       0       0       0       0       0     159      80       0       0       2       0       0       0     159      80
  190.000   142982.176      14   11790     160       0       0       0       0       0       0       0       0     159      80       0       0       2       0       0       0     159      80
  191.000   141211.488      14   11644     160       0       0       0      42       0       0       0       0     179      90       0       0       2       0       0       0     179      90
  192.000   145335.008      15   11984     160       0       0       0       0       0       0       0       0     193      97       0       0       2       0       0       0     193      97
  193.000   153218.208      15   12634     160       0       0       0       0       0       0       0       0     194      97       0       0       2       0       0       0     194      97
  194.000   151362.624      15   12481     160       0       0       0       0       0       0       0       0     193      97       0       0       2       0       0       0     193      97
  195.000   148561.056      15   12250     160       0       0       0       0       0       0       0       0     192      96       0       0       2       0       0       0     192      96
  196.000   146111.200      15   12048     160       0       0       0       0       0       0       0       0     183      92       0       0       2       0       0       0     183      92
  197.000   136639.232      14   11267     160       0       0       0       0       0       0       0       0     176      88       0       0       2       0       0       0     176      88
  198.000   133352.544      13   10996     160       0       0       0       0       0       0       0       0     174      87       0       0       2       0       0       0     174      87
  199.000   131363.552      13   10832     160       0       0       0       0       0       0       0       0     172      86       0       0       2       0       0       0     172      86
  200.000   130247.776      13   10740     160       0       0       0       0       0       0       0       0     170      85       0       0       2       0       0       0     170      85
  201.000   126973.216      13   10470     160       0       0       0      31       0       0       0       0     187      94       0       0       2       0       0       0     187      94
  202.000   130332.672      13   10747     160       0       0       0       0       0       0       0       0     196      98       0       0       2       0       0       0     196      98
  203.000   133097.856      13   10975     160       0       0       0       0       0       0       0       0     195      98       0       0       2       0       0       0     195      98
  204.000   131363.552      13   10832     160       0       0       0       0       0       0       0       0     193      97       0       0       2       0       0       0     193      97
  205.000   129229.024      13   10656     160       0       0       0       0       0       0       0       0     191      96       0       0       2       0       0       0     191      96
  206.000   123650.144      12   10196     160       0       0       0       0       0       0       0       0     175      88       0       0       2       0       0       0     175      88
  207.000   121552.000      12   10023     160       0       0       0       0       0       0       0       0     164      82       0       0       2       0       0       0     164      82
  208.000   119720.672      12    9872     160       0       0       0       0       0       0       0       0     162      81       0       0       2       0       0       0     162      81
  209.000   114056.896      11    9405     160       0       0       0       0       0       0       0       0     161      81       0       0       2       0       0       0     161      81
  210.000   111546.400      11    9198     160       0       0       0       0       0       0       0       0     158      79       0       0       2       0       0       0     158      79
  211.000   111522.144      11    9196     160       0       0       0      43       0       0       0       0     182      91       0       0       2       0       0       0     182      91
  212.000   120872.832      12    9967     160       0       0       0       0       0       0       0       0     194      97       0       0       2       0       0       0     194      97
  213.000   129823.296      13   10705     160       0       0       0       0       0       0       0       0     193      97       0       0       2       0       0       0     193      97
  214.000   129871.808      13   10709     160       0       0       0       0       0       0       0       0     191      96       0       0       2       0       0       0     191      96
  215.000   128501.344      13   10596     160       0       0       0       0       0       0       0       0     189      95       0       0       2       0       0       0     189      95
  216.000   126961.088      13   10469     160       0       0       0       0       0       0       0       0     178      89       0       0       2       0       0       0     178      89
  217.000   121273.056      12   10000     160       0       0       0       0       0       0       0       0     168      84       0       0       2       0       0       0     168      84
  218.000   118362.336      12    9760     160       0       0       0       0       0       0       0       0     164      82       0       0       2       0       0       0     164      82
  219.000   111412.992      11    9187     160       0       0       0       0       0       0       0       0     162      81       0       0       2       0       0       0     162      81
  220.000   109217.824      11    9006     160       0       0       0       0       0       0       0       0     159      80       0       0       2       0       0       0     159      80
  221.000   107325.856      11    8850     160       0       0       0      43       0       0       0       0     178      89       0       0       2       0       0       0     178      89
  222.000   114469.248      11    9439     160       0       0       0       0       0       0       0       0     189      95       0       0       2       0       0       0     189      95
  223.000   123456.096      12   10180     160       0       0       0       0       0       0       0       0     189      95       0       0       2       0       0       0     189      95
  224.000   122801.184      12   10126     160       0       0       0       0       0       0       0       0     186      93       0       0       2       0       0       0     186      93
  225.000   120739.424      12    9956     160       0       0       0       0       0       0       0       0     185      93       0       0       2       0       0       0     185      93
  226.000   118059.136      12    9735     160       0       0       0       0       0       0       0       0     171      86       0       0       2       0       0       0     171      86
  227.000   117173.792      12    9662     160       0       0       0       0       0       0       0       0     162      81       0       0       2       0       0       0     162      81
  228.000   113972.000      11    9398     160       0       0       0       0       0       0       0       0     159      80       0       0       2       0       0       0     159      80
  229.000   110927.872      11    9147     160       0       0       0       0       0       0       0       0     158      79       0       0       2       0       0       0     158      79
  230.000   107750.336      11    8885     160       0       0       0       0       0       0       0       0     157      79       0       0       2       0       0       0     157      79
  231.000   105797.728      11    8724     160       0       0       0      44       0       0       0       0     181      91       0       0       2       0       0       0     181      91
  232.000   116725.056      12    9625     160       0       0       0       0       0       0       0       0     192      96       0       0       2       0       0       0     192      96
  233.000   127009.600      13   10473     160       0       0       0       0       0       0       0       0     191      96       0       0       2       0       0       0     191      96
  234.000   125687.648      13   10364     160       0       0       0       0       0       0       0       0     187      94       0       0       2       0       0       0     187      94
  235.000   118847.456      12    9800     160       0       0       0       0       0       0       0       0     185      93       0       0       2       0       0       0     185      93
  236.000   113074.528      11    9324     160       0       0       0       0       0       0       0       0     170      85       0       0       2       0       0       0     170      85
  237.000   108611.424      11    8956     160       0       0       0       0       0       0       0       0     160      80       0       0       2       0       0       0     160      80
  238.000   105421.760      11    8693     160       0       0       0       0       0       0       0       0     158      79       0       0       2       0       0       0     158      79
  239.000   103832.992      10    8562     160       0       0       0       0       0       0       0       0     156      78       0       0       2       0       0       0     156      78
  240.000   103420.640      10    8528     160       0       0       0       0       0       0       0       0     153      77       0       0       2       0       0       0     153      77
  241.000   100716.096      10    8305     160       0       0       0      48       0       0       0       0     180      90       0       0       2       0       0       0     180      90
  242.000   111861.728      11    9224     160       0       0       0       0       0       0       0       0     196      98       0       0       2       0       0       0     196      98
  243.000   122206.912      12   10077     160       0       0       0       0       0       0       0       0     194      97       0       0       2       0       0       0     194      97
  244.000   120424.096      12    9930     160       0       0       0       0       0       0       0       0     191      96       0       0       2       0       0       0     191      96
  245.000   117792.320      12    9713     160       0       0       0       0       0       0       0       0     189      95       0       0       2       0       0       0     189      95
  246.000   117476.992      12    9687     160       0       0       0       0       0       0       0       0     175      88       0       0       2       0       0       0     175      88
  247.000   112771.328      11    9299     160       0       0       0       0       0       0       0       0     164      82       0       0       2       0       0       0     164      82
  248.000   112540.896      11    9280     160       0       0       0       0       0       0       0       0     161      81       0       0       2       0       0       0     161      81
  249.000   112613.664      11    9286     160       0       0       0       0       0       0       0       0     160      80       0       0       2       0       0       0     160      80
  250.000   111594.912      11    9202     160       0       0       0       0       0       0       0       0     155      78       0       0       2       0       0       0     155      78
  251.000   108659.936      11    8960     160       0       0       0      46       0       0       0       0     178      89       0       0       2       0       0       0     178      89
  252.000   115524.384      12    9526     160       0       0       0       0       0       0       0       0     191      96       0       0       2       0       0       0     191      96
  253.000   125432.960      13   10343     160       0       0       0       0       0       0       0       0     190      95       0       0       2       0       0       0     190      95
  254.000   124729.536      12   10285     160       0       0       0       0       0       0       0       0     188      94       0       0       2       0       0       0     188      94
  255.000   121746.048      12   10039     160       0       0       0       0       0       0       0       0     188      94       0       0       2       0       0       0     188      94
  256.000   119732.800      12    9873     160       0       0       0       0       0       0       0       0     173      87       0       0       2       0       0       0     173      87
  257.000   111631.296      11    9205     160       0       0       0       0       0       0       0       0     163      82       0       0       2       0       0       0     163      82
  258.000   105579.424      11    8706     160       0       0       0       0       0       0       0       0     160      80       0       0       2       0       0       0     160      80
  259.000   102498.912      10    8452     160       0       0       0       0       0       0       0       0     158      79       0       0       2       0       0       0     158      79
  260.000   101746.976      10    8390     160       0       0       0       0       0       0       0       0     157      79       0       0       2       0       0       0     157      79
  261.000    99891.392      10    8237     160       0       0       0      43       0       0       0       0     181      91       0       0       2       0       0       0     181      91
  262.000   110394.240      11    9103     160       0       0       0       0       0       0       0       0     194      97       0       0       2       0       0       0     194      97
  263.000   122146.272      12   10072     160       0       0       0       0       0       0       0       0     194      97       0       0       2       0       0       0     194      97
  264.000   121576.256      12   10025     160       0       0       0       0       0       0       0       0     194      97       0       0       2       0       0       0     194      97
  265.000   120642.400      12    9948     160       0       0       0       0       0       0       0       0     193      97       0       0       2       0       0       0     193      97
  266.000   117998.496      12    9730     160       0       0       0       0       0       0       0       0     178      89       0       0       2       0       0       0     178      89
  267.000   116882.720      12    9638     160       0       0       0       0       0       0       0       0     167      84       0       0       2       0       0       0     167      84
  268.000   116858.464      12    9636     160       0       0       0       0       0       0       0       0     164      82       0       0       2       0       0       0     164      82
  269.000   115912.480      12    9558     160       0       0       0       0       0       0       0       0     163      82       0       0       2       0       0       0     163      82
  270.000   111910.240      11    9228     160       0       0       0       0       0       0       0       0     160      80       0       0       2       0       0       0     160      80
  271.000   109254.208      11    9009     160       0       0       0      41       0       0       0       0     183      92       0       0       2       0       0       0     183      92
  272.000   113996.256      11    9400     160       0       0       0       0       0       0       0       0     195      98       0       0       2       0       0       0     195      98
  273.000   121200.288      12    9994     160       0       0       0       0       0       0       0       0     194      97       0       0       2       0       0       0     194      97
  274.000   120048.128      12    9899     160       0       0       0       0       0       0       0       0     192      96       0       0       2       0       0       0     192      96
  275.000   117508.192      12    9689     160       0       0       0       0       0       0       0       0     190      95       0       0       2       0       0       0     190      95
