  TimeSec      LoaKbps LoaUsag Packets DlyUsec LoaDrps MetDrps TabDrps FloMods MetMods GroMods  PktsIn PktsOut FloEntr FloUsag MetEntr MetUsag GroEntr GroUsag BufPkts BufUsag  T0Entr  T0Usag
    1.000        0.000       0       0     173       0       0       0       3       0       2       0       0       3       0       0       0       2       0       0       0       3       0
    2.000     1848.640       0     153     300       0       0       0       6       0       0       0       0       6       0       0       0       2       0       0       0       6       0
    3.000    10847.616       2     895     463       0       0       0      24       0       0       0       0      22       0       0       0       2       0       0       0      22       0
    4.000    18876.352       4    1557     585       0       0       0      14       0       0       0       0      40       0       0       0       2       0       0       0      40       0
    5.000    22514.752       5    1857     634       0       0       0      20       0       0       0       0      59       1       0       0       2       0       0       0      59       1
    6.000    34145.504       8    2816     692       0       0       0      30       0       0       0       0      86       1       0       0       2       0       0       0      86       1
    7.000    40791.648       9    3364     699       0       0       0      14       0       0       0       0     103       1       0       0       2       0       0       0     103       1
    8.000    49875.520      11    4113     748       0       0       0      22       0       0       0       0     123       2       0       0       2       0       0       0     123       2
    9.000    62864.608      14    5184     794       0       0       0      18       0       0       0       0     141       2       0       0       2       0       0       0     141       2
   10.000    77381.824      17    6381     799       0       0       0      28       0       0       0       0     167       2       0       0       2       0       0       0     167       2
   11.000    85689.504      19    7066     799       0       0       0      24       0       0       0       0     190       2       0       0       2       0       0       0     190       2
   12.000    54920.768      12    4529     799       0       0       0      22       0       0       0       0     214       3       0       0       2       0       0       0     214       3
   13.000    27620.640       6    2278     694       0       0       0     112       0       0       0       0      88       1       0       0       2       0       0       0      88       1
   14.000    33417.824       7    2756     699       0       0       0      10       0       0       0       0      78       1       0       0       2       0       0       0      78       1
   15.000    41143.360       9    3393     699       0       0       0      18       0       0       0       0      92       1       0       0       2       0       0       0      92       1
   16.000    49402.528      11    4074     699       0       0       0      18       0       0       0       0     108       1       0       0       2       0       0       0     108       1
   17.000    57394.880      13    4733     748       0       0       0      14       0       0       0       0     126       2       0       0       2       0       0       0     126       2
   18.000    64053.152      14    5282     794       0       0       0      20       0       0       0       0     141       2       0       0       2       0       0       0     141       2
   19.000    74386.208      17    6134     799       0       0       0      14       0       0       0       0     161       2       0       0       2       0       0       0     161       2
   20.000    83639.872      19    6897     799       0       0       0      22       0       0       0       0     180       2       0       0       2       0       0       0     180       2
   21.000    99151.584      22    8176     799       0       0       0      28       0       0       0       0     205       3       0       0       2       0       0       0     205       3
   22.000    98387.520      22    8113     799       0       0       0      22       0       0       0       0     229       3       0       0       2       0       0       0     229       3
   23.000    91632.224      20    7556     800       0       0       0      32       0       0       0       0     234       3       0       0       2       0       0       0     234       3
   24.000    98508.800      22    8123     800       0       0       0      12       0       0       0       0     250       3       0       0       2       0       0       0     250       3
   25.000   109060.160      24    8993     886       0       0       0      18       0       0       0       0     265       3       0       0       2       0       0       0     265       3
   26.000   115415.232      26    9517     898       0       0       0      16       0       0       0       0     269       3       0       0       2       0       0       0     269       3
   27.000   122631.392      27   10112     899       0       0       0       8       0       0       0       0     272       3       0       0       2       0       0       0     272       3
   28.000   127094.496      28   10480     899       0       0       0      22       0       0       0       0     275       3       0       0       2       0       0       0     275       3
   29.000   147712.096      33   12180     899       0       0       0      26       0       0       0       0     297       4       0       0       2       0       0       0     297       4
   30.000   156238.080      35   12883     900       0       0       0      16       0       0       0       0     310       4       0       0       2       0       0       0     310       4
   31.000   166292.192      37   13712     900       0       0       0      24       0       0       0       0     326       4       0       0       2       0       0       0     326       4
   32.000   132236.768      29   10904     900       0       0       0      28       0       0       0       0     339       4       0       0       2       0       0       0     339       4
   33.000   108029.280      24    8908     900       0       0       0      71       0       0       0       0     292       4       0       0       2       0       0       0     292       4
   34.000   118726.176      26    9790     900       0       0       0      16       0       0       0       0     294       4       0       0       2       0       0       0     294       4
   35.000   126572.992      28   10437     900       0       0       0      22       0       0       0       0     304       4       0       0       2       0       0       0     304       4
   36.000   133570.848      30   11014     900       0       0       0      10       0       0       0       0     312       4       0       0       2       0       0       0     312       4
   37.000   143115.584      32   11801     900       0       0       0      30       0       0       0       0     325       4       0       0       2       0       0       0     325       4
   38.000   155558.912      35   12827     900       0       0       0      14       0       0       0       0     333       4       0       0       2       0       0       0     333       4
   39.000   169566.752      38   13982     900       0       0       0      20       0       0       0       0     346       4       0       0       2       0       0       0     346       4
   40.000   173265.792      39   14287     900       0       0       0      16       0       0       0       0     353       4       0       0       2       0       0       0     353       4
   41.000   184193.120      41   15188     900       0       0       0      14       0       0       0       0     365       4       0       0       2       0       0       0     365       4
   42.000   172756.416      38   14245     900       0       0       0      14       0       0       0       0     373       5       0       0       2       0       0       0     373       5
   43.000   162520.384      36   13401     900       0       0       0      29       0       0       0       0     370       5       0       0       2       0       0       0     370       5
   44.000   174393.696      39   14380     900       0       0       0      14       0       0       0       0     379       5       0       0       2       0       0       0     379       5
   45.000   186485.312      41   15377     900       0       0       0      30       0       0       0       0     389       5       0       0       2       0       0       0     389       5
   46.000   197303.488      44   16269     900       0       0       0      20       0       0       0       0     405       5       0       0       2       0       0       0     405       5
   47.000   203355.360      45   16768     900       0       0       0      16       0       0       0       0     414       5       0       0       2       0       0       0     414       5
   48.000   208606.784      46   17201     900       0       0       0      12       0       0       0       0     412       5       0       0       2       0       0       0     412       5
   49.000   215434.848      48   17764     900       0       0       0      16       0       0       0       0     420       5       0       0       2       0       0       0     420       5
   50.000   222238.656      49   18325     900       0       0       0      12       0       0       0       0     423       5       0       0       2       0       0       0     423       5
   51.000   232183.616      52   19145     900       0       0       0      20       0       0       0       0     429       5       0       0       2       0       0       0     429       5
   52.000   213882.464      48   17636     900       0       0       0      34       0       0       0       0     447       5       0       0       2       0       0       0     447       5
   53.000   191288.000      43   15773     900       0       0       0      44       0       0       0       0     415       5       0       0       2       0       0       0     415       5
   54.000   200978.272      45   16572     900       0       0       0      28       0       0       0       0     419       5       0       0       2       0       0       0     419       5
   55.000   210644.288      47   17369     900       0       0       0      24       0       0       0       0     437       5       0       0       2       0       0       0     437       5
   56.000   219825.184      49   18126     900       0       0       0      28       0       0       0       0     456       6       0       0       2       0       0       0     456       6
   57.000   230801.024      51   19031     900       0       0       0      20       0       0       0       0     474       6       0       0       2       0       0       0     474       6
   58.000   238138.464      53   19636     900       0       0       0      18       0       0       0       0     484       6       0       0       2       0       0       0     484       6
   59.000   249320.480      55   20558     900       0       0       0      14       0       0       0       0     488       6       0       0       2       0       0       0     488       6
   60.000   258622.656      57   21325     900       0       0       0      18       0       0       0       0     498       6       0       0       2       0       0       0     498       6
   61.000   274837.792      61   22662     959       0       0       0      34       0       0       0       0     510       6       0       0       2       0       0       0     510       6
   62.000   271696.640      60   22403     995       0       0       0      28       0       0       0       0     531       6       0       0       2       0       0       0     531       6
   63.000   256645.792      57   21162     999       0       0       0      22       0       0       0       0     519       6       0       0       2       0       0       0     519       6
   64.000   265062.624      59   21856     999       0       0       0      24       0       0       0       0     528       6       0       0       2       0       0       0     528       6
   65.000   274740.768      61   22654     999       0       0       0      18       0       0       0       0     540       7       0       0       2       0       0       0     540       7
   66.000   279604.096      62   23055     999       0       0       0      24       0       0       0       0     551       7       0       0       2       0       0       0     551       7
   67.000   292847.872      65   24147    1000       0       0       0      16       0       0       0       0     560       7       0       0       2       0       0       0     560       7
   68.000   299348.480      67   24683    1000       0       0       0      10       0       0       0       0     564       7       0       0       2       0       0       0     564       7
   69.000   304502.880      68   25108    1000       0       0       0      14       0       0       0       0     565       7       0       0       2       0       0       0     565       7
   70.000   309863.456      69   25550    1000       0       0       0      12       0       0       0       0     562       7       0       0       2       0       0       0     562       7
   71.000   312774.176      70   25790    1000       0       0       0      20       0       0       0       0     561       7       0       0       2       0       0       0     561       7
   72.000   286031.936      64   23585    1000       0       0       0      14       0       0       0       0     562       7       0       0       2       0       0       0     562       7
   73.000   262176.160      58   21618    1000       0       0       0      40       0       0       0       0     542       7       0       0       2       0       0       0     542       7
   74.000   268191.648      60   22114    1000       0       0       0      14       0       0       0       0     546       7       0       0       2       0       0       0     546       7
   75.000   273746.272      61   22572    1000       0       0       0      24       0       0       0       0     554       7       0       0       2       0       0       0     554       7
   76.000   279810.272      62   23072    1000       0       0       0      16       0       0       0       0     563       7       0       0       2       0       0       0     563       7
   77.000   284431.040      63   23453    1000       0       0       0      24       0       0       0       0     564       7       0       0       2       0       0       0     564       7
   78.000   291622.944      65   24046    1000       0       0       0      16       0       0       0       0     572       7       0       0       2       0       0       0     572       7
   79.000   292860.000      65   24148    1000       0       0       0      18       0       0       0       0     576       7       0       0       2       0       0       0     576       7
   80.000   298099.296      66   24580    1000       0       0       0      24       0       0       0       0     583       7       0       0       2       0       0       0     583       7
   81.000   306940.608      68   25309    1000       0       0       0      16       0       0       0       0     594       7       0       0       2       0       0       0     594       7
   82.000   298172.064      66   24586    1000       0       0       0      24       0       0       0       0     598       7       0       0       2       0       0       0     598       7
   83.000   286723.232      64   23642    1000       0       0       0      34       0       0       0       0     590       7       0       0       2       0       0       0     590       7
   84.000   293393.632      65   24192    1000       0       0       0      14       0       0       0       0     597       7       0       0       2       0       0       0     597       7
   85.000   303811.584      68   25051    1000       0       0       0      28       0       0       0       0     610       7       0       0       2       0       0       0     610       7
   86.000   317467.712      71   26177    1000       0       0       0      24       0       0       0       0     622       8       0       0       2       0       0       0     622       8
   87.000   324671.744      72   26771    1000       0       0       0      16       0       0       0       0     628       8       0       0       2       0       0       0     628       8
   88.000   339686.208      75   28009    1000       0       0       0      46       0       0       0       0     648       8       0       0       2       0       0       0     648       8
   89.000   355125.152      79   29282    1000       0       0       0      18       0       0       0       0     658       8       0       0       2       0       0       0     658       8
   90.000   360146.144      80   29696    1000       0       0       0      16       0       0       0       0     664       8       0       0       2       0       0       0     664       8
   91.000   360218.912      80   29702    1000       0       0       0      20       0       0       0       0     665       8       0       0       2       0       0       0     665       8
   92.000   336532.928      75   27749    1000       0       0       0      20       0       0       0       0     673       8       0       0       2       0       0       0     673       8
   93.000   311355.200      69   25673    1000       0       0       0      33       0       0       0       0     652       8       0       0       2       0       0       0     652       8
   94.000   314350.816      70   25920    1000       0       0       0      16       0       0       0       0     652       8       0       0       2       0       0       0     652       8
   95.000   317200.896      70   26155    1000       0       0       0      22       0       0       0       0     657       8       0       0       2       0       0       0     657       8
   96.000   319153.504      71   26316    1000       0       0       0      16       0       0       0       0     660       8       0       0       2       0       0       0     660       8
   97.000   325508.576      72   26840    1000       0       0       0      22       0       0       0       0     667       8       0       0       2       0       0       0     667       8
   98.000   328977.184      73   27126    1000       0       0       0      16       0       0       0       0     672       8       0       0       2       0       0       0     672       8
   99.000   333379.648      74   27489    1000       0       0       0      14       0       0       0       0     677       8       0       0       2       0       0       0     677       8
  100.000   334689.472      74   27597    1000       0       0       0      22       0       0       0       0     680       8       0       0       2       0       0       0     680       8
  101.000   342014.784      76   28201    1000       0       0       0      12       0       0       0       0     683       8       0       0       2       0       0       0     683       8
  102.000   316570.240      70   26103    1000       0       0       0      12       0       0       0       0     679       8       0       0       2       0       0       0     679       8
  103.000   303047.520      67   24988    1000       0       0       0      40       0       0       0       0     651       8       0       0       2       0       0       0     651       8
  104.000   304890.976      68   25140    1000       0       0       0      18       0       0       0       0     646       8       0       0       2       0       0       0     646       8
  105.000   309438.976      69   25515    1000       0       0       0       8       0       0       0       0     647       8       0       0       2       0       0       0     647       8
  106.000   313938.464      70   25886    1000       0       0       0      16       0       0       0       0     644       8       0       0       2       0       0       0     644       8
  107.000   320863.552      71   26457    1000       0       0       0      22       0       0       0       0     646       8       0       0       2       0       0       0     646       8
  108.000   321955.072      72   26547    1000       0       0       0      16       0       0       0       0     651       8       0       0       2       0       0       0     651       8
  109.000   319832.672      71   26372    1000       0       0       0       8       0       0       0       0     648       8       0       0       2       0       0       0     648       8
  110.000   317758.784      71   26201    1000       0       0       0      14       0       0       0       0     646       8       0       0       2       0       0       0     646       8
  111.000   316436.832      70   26092    1000       0       0       0       8       0       0       0       0     636       8       0       0       2       0       0       0     636       8
  112.000   284685.728      63   23474    1000       0       0       0      10       0       0       0       0     631       8       0       0       2       0       0       0     631       8
  113.000   260914.848      58   21514    1000       0       0       0      51       0       0       0       0     604       7       0       0       2       0       0       0     604       7
  114.000   268240.160      60   22118    1000       0       0       0      12       0       0       0       0     603       7       0       0       2       0       0       0     603       7
  115.000   277833.408      62   22909    1000       0       0       0      26       0       0       0       0     607       7       0       0       2       0       0       0     607       7
  116.000   288008.800      64   23748    1000       0       0       0      16       0       0       0       0     610       7       0       0       2       0       0       0     610       7
  117.000   293126.816      65   24170    1000       0       0       0      22       0       0       0       0     619       8       0       0       2       0       0       0     619       8
  118.000   294436.640      65   24278    1000       0       0       0      12       0       0       0       0     626       8       0       0       2       0       0       0     626       8
  119.000   298366.112      66   24602    1000       0       0       0      22       0       0       0       0     628       8       0       0       2       0       0       0     628       8
  120.000   305642.912      68   25202    1000       0       0       0      24       0       0       0       0     640       8       0       0       2       0       0       0     640       8
  121.000   313477.600      70   25848    1000       0       0       0      18       0       0       0       0     653       8       0       0       2       0       0       0     653       8
  122.000   294885.376      66   24315    1000       0       0       0      24       0       0       0       0     659       8       0       0       2       0       0       0     659       8
  123.000   275698.880      61   22733    1000       0       0       0      50       0       0       0       0     635       8       0       0       2       0       0       0     635       8
  124.000   283703.360      63   23393    1000       0       0       0      22       0       0       0       0     642       8       0       0       2       0       0       0     642       8
  125.000   289876.512      64   23902    1000       0       0       0      16       0       0       0       0     642       8       0       0       2       0       0       0     642       8
  126.000   297335.232      66   24517    1000       0       0       0      26       0       0       0       0     655       8       0       0       2       0       0       0     655       8
  127.000   306746.560      68   25293    1000       0       0       0      16       0       0       0       0     659       8       0       0       2       0       0       0     659       8
  128.000   322707.008      72   26609    1000       0       0       0      26       0       0       0       0     666       8       0       0       2       0       0       0     666       8
  129.000   333913.280      74   27533    1000       0       0       0      18       0       0       0       0     671       8       0       0       2       0       0       0     671       8
  130.000   347072.160      77   28618    1000       0       0       0      16       0       0       0       0     677       8       0       0       2       0       0       0     677       8
  131.000   357332.448      79   29464    1000       0       0       0      28       0       0       0       0     684       8       0       0       2       0       0       0     684       8
  132.000   327752.256      73   27025    1000       0       0       0      34       0       0       0       0     703       9       0       0       2       0       0       0     703       9
  133.000   294994.528      66   24324    1000       0       0       0      64       0       0       0       0     674       8       0       0       2       0       0       0     674       8
  134.000   303908.608      68   25059    1000       0       0       0      24       0       0       0       0     686       8       0       0       2       0       0       0     686       8
  135.000   302574.528      67   24949    1000       0       0       0      18       0       0       0       0     684       8       0       0       2       0       0       0     684       8
  136.000   313053.120      70   25813    1000       0       0       0      28       0       0       0       0     694       8       0       0       2       0       0       0     694       8
  137.000   322646.368      72   26604    1000       0       0       0      20       0       0       0       0     699       9       0       0       2       0       0       0     699       9
  138.000   327630.976      73   27015    1000       0       0       0      22       0       0       0       0     696       8       0       0       2       0       0       0     696       8
  139.000   337503.168      75   27829    1000       0       0       0      14       0       0       0       0     698       9       0       0       2       0       0       0     698       9
  140.000   340741.344      76   28096    1000       0       0       0      18       0       0       0       0     697       9       0       0       2       0       0       0     697       9
  141.000   352796.576      78   29090    1000       0       0       0      24       0       0       0       0     701       9       0       0       2       0       0       0     701       9
  142.000   339892.384      76   28026    1000       0       0       0      22       0       0       0       0     713       9       0       0       2       0       0       0     713       9
  143.000   324647.488      72   26769    1000       0       0       0      39       0       0       0       0     689       8       0       0       2       0       0       0     689       8
  144.000   335514.176      75   27665    1000       0       0       0      34       0       0       0       0     694       8       0       0       2       0       0       0     694       8
  145.000   337466.784      75   27826    1000       0       0       0      18       0       0       0       0     702       9       0       0       2       0       0       0     702       9
  146.000   342342.240      76   28228    1000       0       0       0      20       0       0       0       0     713       9       0       0       2       0       0       0     713       9
  147.000   352226.560      78   29043    1000       0       0       0      26       0       0       0       0     712       9       0       0       2       0       0       0     712       9
  148.000   363966.464      81   30011    1000       0       0       0      26       0       0       0       0     719       9       0       0       2       0       0       0     719       9
  149.000   363238.784      81   29951    1000       0       0       0      24       0       0       0       0     715       9       0       0       2       0       0       0     715       9
  150.000   373353.536      83   30785    1000       0       0       0      14       0       0       0       0     718       9       0       0       2       0       0       0     718       9
  151.000   376725.120      84   31063    1000       0       0       0      18       0       0       0       0     715       9       0       0       2       0       0       0     715       9
  152.000   349655.424      78   28831    1000       0       0       0      14       0       0       0       0     712       9       0       0       2       0       0       0     712       9
  153.000   325714.752      72   26857    1000       0       0       0      57       0       0       0       0     681       8       0       0       2       0       0       0     681       8
  154.000   328164.608      73   27059    1000       0       0       0      14       0       0       0       0     684       8       0       0       2       0       0       0     684       8
  155.000   324732.384      72   26776    1000       0       0       0      14       0       0       0       0     683       8       0       0       2       0       0       0     683       8
  156.000   330044.448      73   27214    1000       0       0       0      16       0       0       0       0     686       8       0       0       2       0       0       0     686       8
  157.000   332324.512      74   27402    1000       0       0       0      16       0       0       0       0     678       8       0       0       2       0       0       0     678       8
  158.000   336253.984      75   27726    1000       0       0       0      26       0       0       0       0     684       8       0       0       2       0       0       0     684       8
  159.000   343288.224      76   28306    1000       0       0       0      24       0       0       0       0     691       8       0       0       2       0       0       0     691       8
  160.000   346744.704      77   28591    1000       0       0       0      18       0       0       0       0     694       8       0       0       2       0       0       0     694       8
  161.000   347108.544      77   28621    1000       0       0       0      26       0       0       0       0     694       8       0       0       2       0       0       0     694       8
  162.000   333185.600      74   27473    1000       0       0       0      18       0       0       0       0     698       9       0       0       2       0       0       0     698       9
  163.000   318995.840      71   26303    1000       0       0       0      43       0       0       0       0     666       8       0       0       2       0       0       0     666       8
  164.000   334228.608      74   27559    1000       0       0       0      38       0       0       0       0     669       8       0       0       2       0       0       0     669       8
  165.000   350649.920      78   28913    1000       0       0       0      22       0       0       0       0     684       8       0       0       2       0       0       0     684       8
  166.000   356046.880      79   29358    1000       0       0       0      20       0       0       0       0     691       8       0       0       2       0       0       0     691       8
  167.000   362304.928      81   29874    1000       0       0       0      20       0       0       0       0     690       8       0       0       2       0       0       0     690       8
  168.000   378968.800      84   31248    1000       0       0       0      36       0       0       0       0     705       9       0       0       2       0       0       0     705       9
  169.000   385542.176      86   31790    1000       0       0       0      26       0       0       0       0     712       9       0       0       2       0       0       0     712       9
  170.000   391618.304      87   32291    1000       0       0       0      16       0       0       0       0     720       9       0       0       2       0       0       0     720       9
  171.000   394771.584      88   32551    1000       0       0       0      24       0       0       0       0     721       9       0       0       2       0       0       0     721       9
  172.000   372419.680      83   30708    1000       0       0       0      14       0       0       0       0     730       9       0       0       2       0       0       0     730       9
  173.000   346611.296      77   28580    1000       0       0       0      48       0       0       0       0     704       9       0       0       2       0       0       0     704       9
  174.000   352954.240      78   29103    1000       0       0       0      18       0       0       0       0     698       9       0       0       2       0       0       0     698       9
  175.000   357756.928      80   29499    1000       0       0       0      16       0       0       0       0     700       9       0       0       2       0       0       0     700       9
  176.000   357999.488      80   29519    1000       0       0       0      12       0       0       0       0     695       8       0       0       2       0       0       0     695       8
  177.000   363068.992      81   29937    1000       0       0       0      18       0       0       0       0     695       8       0       0       2       0       0       0     695       8
  178.000   376688.736      84   31060    1000       0       0       0      30       0       0       0       0     703       9       0       0       2       0       0       0     703       9
  179.000   382740.608      85   31559    1000       0       0       0      22       0       0       0       0     711       9       0       0       2       0       0       0     711       9
  180.000   391739.584      87   32301    1000       0       0       0      28       0       0       0       0     718       9       0       0       2       0       0       0     718       9
  181.000   394795.840      88   32553    1000       0       0       0      12       0       0       0       0     719       9       0       0       2       0       0       0     719       9
  182.000   376045.952      84   31007    1000       0       0       0      28       0       0       0       0     730       9       0       0       2       0       0       0     730       9
  183.000   364002.848      81   30014    1000       0       0       0      32       0       0       0       0     701       9       0       0       2       0       0       0     701       9
  184.000   364779.040      81   30078    1000       0       0       0      18       0       0       0       0     690       8       0       0       2       0       0       0     690       8
  185.000   371170.496      82   30605    1000       0       0       0      26       0       0       0       0     696       8       0       0       2       0       0       0     696       8
  186.000   384838.752      86   31732    1000       0       0       0      26       0       0       0       0     706       9       0       0       2       0       0       0     706       9
  187.000   390551.040      87   32203    1000       0       0       0      16       0       0       0       0     708       9       0       0       2       0       0       0     708       9
  188.000   396311.840      88   32678    1000       0       0       0      26       0       0       0       0     713       9       0       0       2       0       0       0     713       9
  189.000   399380.224      89   32931    1000       0       0       0      24       0       0       0       0     725       9       0       0       2       0       0       0     725       9
  190.000   404049.504      90   33316    1000       0       0       0      18       0       0       0       0     728       9       0       0       2       0       0       0     728       9
  191.000   410635.008      91   33859    1000       0       0       0      16       0       0       0       0     730       9       0       0       2       0       0       0     730       9
  192.000   383468.288      85   31619    1000       0       0       0      22       0       0       0       0     734       9       0       0       2       0       0       0     734       9
  193.000   354118.528      79   29199    1000       0       0       0      40       0       0       0       0     706       9       0       0       2       0       0       0     706       9
  194.000   353754.688      79   29169    1000       0       0       0      20       0       0       0       0     702       9       0       0       2       0       0       0     702       9
  195.000   361698.528      80   29824    1000       0       0       0      20       0       0       0       0     701       9       0       0       2       0       0       0     701       9
  196.000   365603.744      81   30146    1000       0       0       0      14       0       0       0       0     699       9       0       0       2       0       0       0     699       9
  197.000   368077.856      82   30350    1000       0       0       0      14       0       0       0       0     693       8       0       0       2       0       0       0     693       8
  198.000   371437.312      83   30627    1000       0       0       0      22       0       0       0       0     702       9       0       0       2       0       0       0     702       9
  199.000   369217.888      82   30444    1000       0       0       0      18       0       0       0       0     702       9       0       0       2       0       0       0     702       9
  200.000   375512.320      83   30963    1000       0       0       0      20       0       0       0       0     703       9       0       0       2       0       0       0     703       9
  201.000   378544.320      84   31213    1000       0       0       0      32       0       0       0       0     709       9       0       0       2       0       0       0     709       9
  202.000   349594.784      78   28826    1000       0       0       0      10       0       0       0       0     714       9       0       0       2       0       0       0     714       9
  203.000   321288.032      71   26492    1000       0       0       0      49       0       0       0       0     685       8       0       0       2       0       0       0     685       8
  204.000   328807.392      73   27112    1000       0       0       0      24       0       0       0       0     679       8       0       0       2       0       0       0     679       8
  205.000   335865.888      75   27694    1000       0       0       0      18       0       0       0       0     685       8       0       0       2       0       0       0     685       8
  206.000   343809.728      76   28349    1000       0       0       0      32       0       0       0       0     696       8       0       0       2       0       0       0     696       8
  207.000   349352.224      78   28806    1000       0       0       0      24       0       0       0       0     701       9       0       0       2       0       0       0     701       9
  208.000   359103.136      80   29610    1000       0       0       0      24       0       0       0       0     708       9       0       0       2       0       0       0     708       9
  209.000   366646.752      81   30232    1000       0       0       0      22       0       0       0       0     707       9       0       0       2       0       0       0     707       9
  210.000   372419.680      83   30708    1000       0       0       0      18       0       0       0       0     711       9       0       0       2       0       0       0     711       9
  211.000   382255.488      85   31519    1000       0       0       0      24       0       0       0       0     714       9       0       0       2       0       0       0     714       9
  212.000   365349.056      81   30125    1000       0       0       0      12       0       0       0       0     723       9       0       0       2       0       0       0     723       9
  213.000   345046.784      77   28451    1000       0       0       0      46       0       0       0       0     691       8       0       0       2       0       0       0     691       8
  214.000   355319.200      79   29298    1000       0       0       0      20       0       0       0       0     688       8       0       0       2       0       0       0     688       8
  215.000   366695.264      81   30236    1000       0       0       0      28       0       0       0       0     696       8       0       0       2       0       0       0     696       8
  216.000   373947.808      83   30834    1000       0       0       0      20       0       0       0       0     696       8       0       0       2       0       0       0     696       8
  217.000   385990.912      86   31827    1000       0       0       0      22       0       0       0       0     706       9       0       0       2       0       0       0     706       9
  218.000   391096.800      87   32248    1000       0       0       0      16       0       0       0       0     706       9       0       0       2       0       0       0     706       9
  219.000   388840.992      86   32062    1000       0       0       0      24       0       0       0       0     710       9       0       0       2       0       0       0     710       9
  220.000   389241.216      86   32095    1000       0       0       0      14       0       0       0       0     715       9       0       0       2       0       0       0     715       9
  221.000   392358.112      87   32352    1000       0       0       0      18       0       0       0       0     708       9       0       0       2       0       0       0     708       9
  222.000   371109.856      82   30600    1000       0       0       0      14       0       0       0       0     705       9       0       0       2       0       0       0     705       9
  223.000   348466.880      77   28733    1000       0       0       0      49       0       0       0       0     680       8       0       0       2       0       0       0     680       8
  224.000   353330.208      79   29134    1000       0       0       0      22       0       0       0       0     690       8       0       0       2       0       0       0     690       8
  225.000   354191.296      79   29205    1000       0       0       0      12       0       0       0       0     692       8       0       0       2       0       0       0     692       8
  226.000   352444.864      78   29061    1000       0       0       0      20       0       0       0       0     693       8       0       0       2       0       0       0     693       8
  227.000   365130.752      81   30107    1000       0       0       0      22       0       0       0       0     698       9       0       0       2       0       0       0     698       9
  228.000   386027.296      86   31830    1000       0       0       0      32       0       0       0       0     715       9       0       0       2       0       0       0     715       9
  229.000   393752.832      88   32467    1000       0       0       0       8       0       0       0       0     716       9       0       0       2       0       0       0     716       9
  230.000   400423.232      89   33017    1000       0       0       0      24       0       0       0       0     719       9       0       0       2       0       0       0     719       9
  231.000   409434.336      91   33760    1000       0       0       0      18       0       0       0       0     723       9       0       0       2       0       0       0     723       9
  232.000   381746.112      85   31477    1000       0       0       0      20       0       0       0       0     723       9       0       0       2       0       0       0     723       9
  233.000   356980.736      79   29435    1000       0       0       0      39       0       0       0       0     694       8       0       0       2       0       0       0     694       8
  234.000   355646.656      79   29325    1000       0       0       0      16       0       0       0       0     689       8       0       0       2       0       0       0     689       8
  235.000   355998.368      79   29354    1000       0       0       0      20       0       0       0       0     686       8       0       0       2       0       0       0     686       8
  236.000   355816.448      79   29339    1000       0       0       0      26       0       0       0       0     696       8       0       0       2       0       0       0     696       8
  237.000   364560.736      81   30060    1000       0       0       0      20       0       0       0       0     706       9       0       0       2       0       0       0     706       9
  238.000   367059.104      82   30266    1000       0       0       0      28       0       0       0       0     715       9       0       0       2       0       0       0     715       9
  239.000   368478.080      82   30383    1000       0       0       0      12       0       0       0       0     712       9       0       0       2       0       0       0     712       9
  240.000   369230.016      82   30445    1000       0       0       0      10       0       0       0       0     706       9       0       0       2       0       0       0     706       9
  241.000   369472.576      82   30465    1000       0       0       0      22       0       0       0       0     707       9       0       0       2       0       0       0     707       9
  242.000   357720.544      79   29496    1000       0       0       0      22       0       0       0       0     715       9       0       0       2       0       0       0     715       9
  243.000   347047.904      77   28616    1000       0       0       0      50       0       0       0       0     689       8       0       0       2       0       0       0     689       8
  244.000   355343.456      79   29300    1000       0       0       0      20       0       0       0       0     701       9       0       0       2       0       0       0     701       9
  245.000   365409.696      81   30130    1000       0       0       0      24       0       0       0       0     706       9       0       0       2       0       0       0     706       9
  246.000   371049.216      82   30595    1000       0       0       0      20       0       0       0       0     709       9       0       0       2       0       0       0     709       9
  247.000   377828.768      84   31154    1000       0       0       0      12       0       0       0       0     709       9       0       0       2       0       0       0     709       9
  248.000   386864.128      86   31899    1000       0       0       0      16       0       0       0       0     707       9       0       0       2       0       0       0     707       9
  249.000   394128.800      88   32498    1000       0       0       0      22       0       0       0       0     705       9       0       0       2       0       0       0     705       9
  250.000   394929.248      88   32564    1000       0       0       0      18       0       0       0       0     703       9       0       0       2       0       0       0     703       9
  251.000   394298.592      88   32512    1000       0       0       0      20       0       0       0       0     702       9       0       0       2       0       0       0     702       9
  252.000   379647.968      84   31304    1000       0       0       0      18       0       0       0       0     706       9       0       0       2       0       0       0     706       9
  253.000   358011.616      80   29520    1000       0       0       0      37       0       0       0       0     667       8       0       0       2       0       0       0     667       8
  254.000   366016.096      81   30180    1000       0       0       0      24       0       0       0       0     665       8       0       0       2       0       0       0     665       8
  255.000   380872.896      85   31405    1000       0       0       0      20       0       0       0       0     675       8       0       0       2       0       0       0     675       8
  256.000   390429.760      87   32193    1000       0       0       0      30       0       0       0       0     685       8       0       0       2       0       0       0     685       8
  257.000   395196.064      88   32586    1000       0       0       0      24       0       0       0       0     693       8       0       0       2       0       0       0     693       8
  258.000   401320.704      89   33091    1000       0       0       0      10       0       0       0       0     694       8       0       0       2       0       0       0     694       8
  259.000   402703.296      89   33205    1000       0       0       0      20       0       0       0       0     690       8       0       0       2       0       0       0     690       8
  260.000   402157.536      89   33160    1000       0       0       0      24       0       0       0       0     699       9       0       0       2       0       0       0     699       9
  261.000   413278.912      92   34077    1000       0       0       0      20       0       0       0       0     698       9       0       0       2       0       0       0     698       9
  262.000   385942.400      86   31823    1000       0       0       0      12       0       0       0       0     700       9       0       0       2       0       0       0     700       9
  263.000   349764.576      78   28840    1000       0       0       0      49       0       0       0       0     667       8       0       0       2       0       0       0     667       8
  264.000   356374.336      79   29385    1000       0       0       0      34       0       0       0       0     681       8       0       0       2       0       0       0     681       8
  265.000   357684.160      79   29493    1000       0       0       0      18       0       0       0       0     682       8       0       0       2       0       0       0     682       8
  266.000   358278.432      80   29542    1000       0       0       0      12       0       0       0       0     676       8       0       0       2       0       0       0     676       8
  267.000   359309.312      80   29627    1000       0       0       0      26       0       0       0       0     682       8       0       0       2       0       0       0     682       8
  268.000   362935.584      81   29926    1000       0       0       0      26       0       0       0       0     693       8       0       0       2       0       0       0     693       8
  269.000   371279.648      83   30614    1000       0       0       0      22       0       0       0       0     709       9       0       0       2       0       0       0     709       9
  270.000   374554.208      83   30884    1000       0       0       0      16       0       0       0       0     714       9       0       0       2       0       0       0     714       9
  271.000   375718.496      83   30980    1000       0       0       0      14       0       0       0       0     714       9       0       0       2       0       0       0     714       9
  272.000   360461.472      80   29722    1000       0       0       0      28       0       0       0       0     718       9       0       0       2       0       0       0     718       9
  273.000   343785.472      76   28347    1000       0       0       0      48       0       0       0       0     702       9       0       0       2       0       0       0     702       9
  274.000   347872.608      77   28684    1000       0       0       0      18       0       0       0       0     704       9       0       0       2       0       0       0     704       9
  275.000   361705.472      80   29824    1000       0       0       0      26       0       0       0       0     707       9       0       0       2       0       0       0     707       9
