  TimeSec      LoaKbps LoaUsag Packets DlyUsec LoaDrps MetDrps TabDrps FloMods MetMods GroMods  PktsIn PktsOut FloEntr FloUsag MetEntr MetUsag GroEntr GroUsag BufPkts BufUsag  T0Entr  T0Usag
    1.000        0.000       0       0      34       0       0       0       4       0       0       0       0       3       0       0       0       0       0       0       0       3       0
    2.000     5953.088       0     492      56       0       0       0       5       0       0       0       0       7       0       0       0       0       0       0       0       7       0
    3.000    11471.328       0     947      77       0       0       0       5       0       0       0       0      11       0       0       0       0       0       0       0      11       0
    4.000    18105.344       0    1494      79       0       0       0       2       0       0       0       0      15       0       0       0       0       0       0       0      15       0
    5.000    21197.984       0    1749      96       0       0       0       6       0       0       0       0      19       0       0       0       0       0       0       0      19       0
    6.000    23381.024       0    1929      99       0       0       0       1       0       0       0       0      22       0       0       0       0       0       0       0      22       0
    7.000    25867.264       0    2134      99       0       0       0       4       0       0       0       0      25       0       0       0       0       0       0       0      25       0
    8.000    32392.128       0    2672      99       0       0       0       5       0       0       0       0      29       0       0       0       0       0       0       0      29       0
    9.000    42700.928       0    3522     116       0       0       0       5       0       0       0       0      35       0       0       0       0       0       0       0      35       0
   10.000    47734.048       0    3937     119       0       0       0       4       0       0       0       0      38       0       0       0       0       0       0       0      38       0
   11.000    53070.368       0    4377     119       0       0       0       5       0       0       0       0      43       0       0       0       0       0       0       0      43       0
   12.000    63464.064       0    5234     119       0       0       0       7       0       0       0       0      51       0       0       0       0       0       0       0      51       0
   13.000    66726.496       0    5503     120       0       0       0       4       0       0       0       0      55       0       0       0       0       0       0       0      55       0
   14.000    71468.544       0    5894     120       0       0       0       7       0       0       0       0      61       0       0       0       0       0       0       0      61       0
   15.000    75106.944       0    6194     135       0       0       0       6       0       0       0       0      67       0       0       0       0       0       0       0      67       0
   16.000    77023.168       0    6352     139       0       0       0       3       0       0       0       0      72       0       0       0       0       0       0       0      72       0
   17.000    78345.120       0    6461     139       0       0       0       3       0       0       0       0      71       0       0       0       0       0       0       0      71       0
   18.000    82408.000       0    6796     139       0       0       0       4       0       0       0       0      71       0       0       0       0       0       0       0      71       0
   19.000    85039.776       0    7013     139       0       0       0       2       0       0       0       0      70       0       0       0       0       0       0       0      70       0
   20.000    89405.856       0    7373     140       0       0       0       8       0       0       0       0      71       0       0       0       0       0       0       0      71       0
   21.000    97046.496       0    8003     140       0       0       0       6       0       0       0       0      75       0       0       0       0       0       0       0      75       0
   22.000   104590.112       0    8625     140       0       0       0       5       0       0       0       0      77       0       0       0       0       0       0       0      77       0
   23.000   113431.424       0    9354     140       0       0       0       6       0       0       0       0      79       0       0       0       0       0       0       0      79       0
   24.000   118052.192       0    9735     140       0       0       0       3       0       0       0       0      77       0       0       0       0       0       0       0      77       0
   25.000   127633.312       0   10525     140       0       0       0       4       0       0       0       0      78       0       0       0       0       0       0       0      78       0
   26.000   130835.104       0   10789     140       0       0       0       4       0       0       0       0      78       0       0       0       0       0       0       0      78       0
   27.000   134958.624       0   11129     140       0       0       0       7       0       0       0       0      75       0       0       0       0       0       0       0      75       0
   28.000   136632.288       0   11267     140       0       0       0       2       0       0       0       0      74       0       0       0       0       0       0       0      74       0
   29.000   142732.672       0   11770     140       0       0       0       5       0       0       0       0      72       0       0       0       0       0       0       0      72       0
   30.000   149657.760       0   12341     140       0       0       0       5       0       0       0       0      72       0       0       0       0       0       0       0      72       0
   31.000   156449.440       0   12901     140       0       0       0       8       0       0       0       0      73       0       0       0       0       0       0       0      73       0
   32.000   160694.240       0   13251     140       0       0       0      10       0       0       0       0      79       0       0       0       0       0       0       0      79       0
   33.000   166006.304       0   13689     140       0       0       0       7       0       0       0       0      85       0       0       0       0       0       0       0      85       0
   34.000   170469.408       0   14057     140       0       0       0       6       0       0       0       0      87       0       0       0       0       0       0       0      87       0
   35.000   174313.984       0   14374     140       0       0       0       9       0       0       0       0      91       0       0       0       0       0       0       0      91       0
   36.000   175393.376       0   14463     140       0       0       0       2       0       0       0       0      89       0       0       0       0       0       0       0      89       0
   37.000   174216.960       0   14366     140       0       0       0       6       0       0       0       0      87       0       0       0       0       0       0       0      87       0
   38.000   175951.264       0   14509     140       0       0       0       3       0       0       0       0      86       0       0       0       0       0       0       0      86       0
   39.000   179201.568       0   14777     140       0       0       0      11       0       0       0       0      89       0       0       0       0       0       0       0      89       0
   40.000   184913.856       0   15248     140       0       0       0       3       0       0       0       0      92       0       0       0       0       0       0       0      92       0
   41.000   189680.160       0   15641     140       0       0       0       6       0       0       0       0      93       0       0       0       0       0       0       0      93       0
   42.000   198970.208       0   16407     140       0       0       0       4       0       0       0       0      94       0       0       0       0       0       0       0      94       0
   43.000   200110.240       0   16501     140       0       0       0       5       0       0       0       0      93       0       0       0       0       0       0       0      93       0
   44.000   200377.056       0   16523     140       0       0       0       3       0       0       0       0      93       0       0       0       0       0       0       0      93       0
   45.000   196459.712       0   16200     140       0       0       0       6       0       0       0       0      92       0       0       0       0       0       0       0      92       0
   46.000   198594.240       0   16376     140       0       0       0       3       0       0       0       0      89       0       0       0       0       0       0       0      89       0
   47.000   197454.208       0   16282     140       0       0       0       6       0       0       0       0      86       0       0       0       0       0       0       0      86       0
   48.000   202839.040       0   16726     140       0       0       0       2       0       0       0       0      80       0       0       0       0       0       0       0      80       0
   49.000   206513.824       0   17029     140       0       0       0       5       0       0       0       0      79       0       0       0       0       0       0       0      79       0
   50.000   210576.704       0   17364     140       0       0       0       8       0       0       0       0      78       0       0       0       0       0       0       0      78       0
   51.000   210964.800       0   17396     140       0       0       0       4       0       0       0       0      77       0       0       0       0       0       0       0      77       0
   52.000   217380.512       0   17925     140       0       0       0       8       0       0       0       0      79       0       0       0       0       0       0       0      79       0
   53.000   223784.096       0   18453     140       0       0       0       5       0       0       0       0      81       0       0       0       0       0       0       0      81       0
   54.000   229593.408       0   18932     140       0       0       0       7       0       0       0       0      82       0       0       0       0       0       0       0      82       0
   55.000   227082.912       0   18725     140       0       0       0       0       0       0       0       0      77       0       0       0       0       0       0       0      77       0
   56.000   228598.912       0   18850     140       0       0       0       3       0       0       0       0      75       0       0       0       0       0       0       0      75       0
   57.000   229799.584       0   18949     140       0       0       0       6       0       0       0       0      73       0       0       0       0       0       0       0      73       0
   58.000   233583.520       0   19261     140       0       0       0       5       0       0       0       0      74       0       0       0       0       0       0       0      74       0
   59.000   236797.440       0   19526     140       0       0       0       6       0       0       0       0      76       0       0       0       0       0       0       0      76       0
   60.000   239344.320       0   19736     140       0       0       0       3       0       0       0       0      77       0       0       0       0       0       0       0      77       0
   61.000   241588.000       0   19921     140       0       0       0      11       0       0       0       0      80       0       0       0       0       0       0       0      80       0
   62.000   241321.184       0   19899     140       0       0       0       5       0       0       0       0      82       0       0       0       0       0       0       0      82       0
   63.000   245396.192       0   20235     140       0       0       0       8       0       0       0       0      84       0       0       0       0       0       0       0      84       0
   64.000   252381.920       0   20811     140       0       0       0       4       0       0       0       0      88       0       0       0       0       0       0       0      88       0
   65.000   251302.528       0   20722     140       0       0       0       2       0       0       0       0      83       0       0       0       0       0       0       0      83       0
   66.000   247688.384       0   20424     140       0       0       0       1       0       0       0       0      81       0       0       0       0       0       0       0      81       0
   67.000   245869.184       0   20274     140       0       0       0       6       0       0       0       0      78       0       0       0       0       0       0       0      78       0
   68.000   251096.352       0   20705     140       0       0       0       6       0       0       0       0      77       0       0       0       0       0       0       0      77       0
   69.000   256068.832       0   21115     140       0       0       0       2       0       0       0       0      74       0       0       0       0       0       0       0      74       0
   70.000   253145.984       0   20874     140       0       0       0       5       0       0       0       0      75       0       0       0       0       0       0       0      75       0
   71.000   254395.168       0   20977     140       0       0       0       5       0       0       0       0      78       0       0       0       0       0       0       0      78       0
   72.000   253024.704       0   20864     140       0       0       0       2       0       0       0       0      77       0       0       0       0       0       0       0      77       0
   73.000   252151.488       0   20792     140       0       0       0       5       0       0       0       0      76       0       0       0       0       0       0       0      76       0
   74.000   255329.024       0   21054     140       0       0       0       2       0       0       0       0      73       0       0       0       0       0       0       0      73       0
   75.000   255983.936       0   21108     140       0       0       0       3       0       0       0       0      72       0       0       0       0       0       0       0      72       0
   76.000   254067.712       0   20950     136       0       0       0       5       0       0       0       0      67       0       0       0       0       0       0       0      67       0
   77.000   258773.376       0   21338     130       0       0       0       3       0       0       0       0      65       0       0       0       0       0       0       0      65       0
   78.000   258955.296       0   21353     121       0       0       0       6       0       0       0       0      63       0       0       0       0       0       0       0      63       0
   79.000   262193.472       0   21620     120       0       0       0       3       0       0       0       0      60       0       0       0       0       0       0       0      60       0
   80.000   270294.976       0   22288     134       0       0       0      10       0       0       0       0      66       0       0       0       0       0       0       0      66       0
   81.000   270549.664       0   22309     139       0       0       0       3       0       0       0       0      69       0       0       0       0       0       0       0      69       0
   82.000   274842.976       0   22663     139       0       0       0       9       0       0       0       0      72       0       0       0       0       0       0       0      72       0
   83.000   282677.664       0   23309     139       0       0       0       4       0       0       0       0      73       0       0       0       0       0       0       0      73       0
   84.000   282920.224       0   23329     139       0       0       0       4       0       0       0       0      71       0       0       0       0       0       0       0      71       0
   85.000   284751.552       0   23480     140       0       0       0       3       0       0       0       0      73       0       0       0       0       0       0       0      73       0
   86.000   284327.072       0   23445     140       0       0       0       8       0       0       0       0      73       0       0       0       0       0       0       0      73       0
   87.000   283672.160       0   23391     140       0       0       0       6       0       0       0       0      74       0       0       0       0       0       0       0      74       0
   88.000   282859.584       0   23324     140       0       0       0       7       0       0       0       0      79       0       0       0       0       0       0       0      79       0
   89.000   285867.328       0   23572     140       0       0       0       5       0       0       0       0      82       0       0       0       0       0       0       0      82       0
   90.000   287540.992       0   23710     140       0       0       0       5       0       0       0       0      84       0       0       0       0       0       0       0      84       0
   91.000   284363.456       0   23448     140       0       0       0       4       0       0       0       0      85       0       0       0       0       0       0       0      85       0
   92.000   280458.240       0   23126     140       0       0       0       4       0       0       0       0      85       0       0       0       0       0       0       0      85       0
   93.000   278226.688       0   22942     140       0       0       0       7       0       0       0       0      85       0       0       0       0       0       0       0      85       0
   94.000   279839.712       0   23075     140       0       0       0       2       0       0       0       0      85       0       0       0       0       0       0       0      85       0
   95.000   279985.248       0   23087     140       0       0       0       6       0       0       0       0      83       0       0       0       0       0       0       0      83       0
   96.000   282859.584       0   23324     140       0       0       0       6       0       0       0       0      83       0       0       0       0       0       0       0      83       0
   97.000   284036.000       0   23421     140       0       0       0       3       0       0       0       0      80       0       0       0       0       0       0       0      80       0
   98.000   281064.640       0   23176     140       0       0       0       4       0       0       0       0      77       0       0       0       0       0       0       0      77       0
   99.000   272963.136       0   22508     140       0       0       0       3       0       0       0       0      78       0       0       0       0       0       0       0      78       0
  100.000   272623.552       0   22480     140       0       0       0       3       0       0       0       0      77       0       0       0       0       0       0       0      77       0
  101.000   273848.480       0   22581     140       0       0       0       4       0       0       0       0      74       0       0       0       0       0       0       0      74       0
  102.000   276698.560       0   22816     140       0       0       0       5       0       0       0       0      76       0       0       0       0       0       0       0      76       0
  103.000   267323.616       0   22043     140       0       0       0       2       0       0       0       0      70       0       0       0       0       0       0       0      70       0
  104.000   260398.528       0   21472     138       0       0       0       4       0       0       0       0      67       0       0       0       0       0       0       0      67       0
  105.000   263697.344       0   21744     139       0       0       0       6       0       0       0       0      67       0       0       0       0       0       0       0      67       0
  106.000   262108.576       0   21613     139       0       0       0       4       0       0       0       0      66       0       0       0       0       0       0       0      66       0
  107.000   255086.464       0   21034     125       0       0       0       2       0       0       0       0      64       0       0       0       0       0       0       0      64       0
  108.000   253109.600       0   20871     126       0       0       0       3       0       0       0       0      64       0       0       0       0       0       0       0      64       0
  109.000   252939.808       0   20857     127       0       0       0       7       0       0       0       0      64       0       0       0       0       0       0       0      64       0
  110.000   250732.512       0   20675     123       0       0       0       4       0       0       0       0      64       0       0       0       0       0       0       0      64       0
  111.000   244171.264       0   20134     120       0       0       0       4       0       0       0       0      63       0       0       0       0       0       0       0      63       0
  112.000   243285.920       0   20061     135       0       0       0       8       0       0       0       0      66       0       0       0       0       0       0       0      66       0
  113.000   242533.984       0   19999     139       0       0       0       4       0       0       0       0      68       0       0       0       0       0       0       0      68       0
  114.000   246414.944       0   20319     139       0       0       0      11       0       0       0       0      72       0       0       0       0       0       0       0      72       0
  115.000   248573.728       0   20497     139       0       0       0       2       0       0       0       0      74       0       0       0       0       0       0       0      74       0
  116.000   249277.152       0   20555     139       0       0       0      10       0       0       0       0      77       0       0       0       0       0       0       0      77       0
  117.000   255413.920       0   21061     140       0       0       0       4       0       0       0       0      77       0       0       0       0       0       0       0      77       0
  118.000   256032.448       0   21112     140       0       0       0       5       0       0       0       0      81       0       0       0       0       0       0       0      81       0
  119.000   252770.016       0   20843     140       0       0       0       4       0       0       0       0      83       0       0       0       0       0       0       0      83       0
  120.000   253655.360       0   20916     140       0       0       0       7       0       0       0       0      83       0       0       0       0       0       0       0      83       0
  121.000   257609.088       0   21242     140       0       0       0       6       0       0       0       0      86       0       0       0       0       0       0       0      86       0
  122.000   255219.872       0   21045     140       0       0       0       7       0       0       0       0      89       0       0       0       0       0       0       0      89       0
  123.000   253558.336       0   20908     140       0       0       0       4       0       0       0       0      92       0       0       0       0       0       0       0      92       0
  124.000   252563.840       0   20826     140       0       0       0       3       0       0       0       0      89       0       0       0       0       0       0       0      89       0
  125.000   253655.360       0   20916     140       0       0       0       5       0       0       0       0      87       0       0       0       0       0       0       0      87       0
  126.000   261089.824       0   21529     140       0       0       0       9       0       0       0       0      90       0       0       0       0       0       0       0      90       0
  127.000   259100.832       0   21365     140       0       0       0       3       0       0       0       0      88       0       0       0       0       0       0       0      88       0
  128.000   264340.128       0   21797     140       0       0       0       8       0       0       0       0      90       0       0       0       0       0       0       0      90       0
  129.000   272320.352       0   22455     140       0       0       0       7       0       0       0       0      89       0       0       0       0       0       0       0      89       0
  130.000   279415.232       0   23040     140       0       0       0       7       0       0       0       0      90       0       0       0       0       0       0       0      90       0
  131.000   280688.672       0   23145     140       0       0       0       4       0       0       0       0      91       0       0       0       0       0       0       0      91       0
  132.000   282920.224       0   23329     140       0       0       0       5       0       0       0       0      89       0       0       0       0       0       0       0      89       0
  133.000   287104.384       0   23674     140       0       0       0       4       0       0       0       0      87       0       0       0       0       0       0       0      87       0
  134.000   281331.456       0   23198     140       0       0       0       5       0       0       0       0      88       0       0       0       0       0       0       0      88       0
  135.000   278008.384       0   22924     140       0       0       0       3       0       0       0       0      84       0       0       0       0       0       0       0      84       0
  136.000   278287.328       0   22947     140       0       0       0       9       0       0       0       0      87       0       0       0       0       0       0       0      87       0
  137.000   280773.568       0   23152     140       0       0       0       9       0       0       0       0      88       0       0       0       0       0       0       0      88       0
  138.000   285976.480       0   23581     140       0       0       0       3       0       0       0       0      88       0       0       0       0       0       0       0      88       0
  139.000   285576.256       0   23548     140       0       0       0       6       0       0       0       0      90       0       0       0       0       0       0       0      90       0
  140.000   285382.208       0   23532     140       0       0       0       4       0       0       0       0      91       0       0       0       0       0       0       0      91       0
  141.000   284072.384       0   23424     140       0       0       0       6       0       0       0       0      88       0       0       0       0       0       0       0      88       0
  142.000   285588.384       0   23549     140       0       0       0       5       0       0       0       0      90       0       0       0       0       0       0       0      90       0
  143.000   283332.576       0   23363     140       0       0       0       6       0       0       0       0      89       0       0       0       0       0       0       0      89       0
  144.000   278651.168       0   22977     140       0       0       0       4       0       0       0       0      86       0       0       0       0       0       0       0      86       0
  145.000   274006.144       0   22594     140       0       0       0       7       0       0       0       0      84       0       0       0       0       0       0       0      84       0
  146.000   271701.824       0   22404     140       0       0       0       7       0       0       0       0      85       0       0       0       0       0       0       0      85       0
  147.000   274321.472       0   22620     140       0       0       0       2       0       0       0       0      85       0       0       0       0       0       0       0      85       0
  148.000   274891.488       0   22667     140       0       0       0       7       0       0       0       0      85       0       0       0       0       0       0       0      85       0
  149.000   283320.448       0   23362     140       0       0       0       6       0       0       0       0      87       0       0       0       0       0       0       0      87       0
  150.000   284060.256       0   23423     140       0       0       0       4       0       0       0       0      88       0       0       0       0       0       0       0      88       0
  151.000   280215.680       0   23106     140       0       0       0       6       0       0       0       0      87       0       0       0       0       0       0       0      87       0
  152.000   273957.632       0   22590     140       0       0       0       3       0       0       0       0      82       0       0       0       0       0       0       0      82       0
  153.000   274527.648       0   22637     140       0       0       0       7       0       0       0       0      82       0       0       0       0       0       0       0      82       0
  154.000   279609.280       0   23056     140       0       0       0       4       0       0       0       0      83       0       0       0       0       0       0       0      83       0
  155.000   280409.728       0   23122     140       0       0       0       6       0       0       0       0      84       0       0       0       0       0       0       0      84       0
  156.000   278626.912       0   22975     140       0       0       0       2       0       0       0       0      83       0       0       0       0       0       0       0      83       0
  157.000   279451.616       0   23043     140       0       0       0       8       0       0       0       0      82       0       0       0       0       0       0       0      82       0
  158.000   278699.680       0   22981     140       0       0       0       2       0       0       0       0      79       0       0       0       0       0       0       0      79       0
  159.000   275000.640       0   22676     140       0       0       0       6       0       0       0       0      81       0       0       0       0       0       0       0      81       0
  160.000   275449.376       0   22713     140       0       0       0       6       0       0       0       0      82       0       0       0       0       0       0       0      82       0
  161.000   275497.888       0   22717     140       0       0       0       4       0       0       0       0      80       0       0       0       0       0       0       0      80       0
  162.000   277899.232       0   22915     140       0       0       0       9       0       0       0       0      80       0       0       0       0       0       0       0      80       0
  163.000   279742.688       0   23067     140       0       0       0       7       0       0       0       0      85       0       0       0       0       0       0       0      85       0
  164.000   282471.488       0   23292     140       0       0       0       5       0       0       0       0      83       0       0       0       0       0       0       0      83       0
  165.000   281622.528       0   23222     140       0       0       0       5       0       0       0       0      85       0       0       0       0       0       0       0      85       0
  166.000   278687.552       0   22980     140       0       0       0       5       0       0       0       0      82       0       0       0       0       0       0       0      82       0
  167.000   274818.720       0   22661     140       0       0       0       5       0       0       0       0      85       0       0       0       0       0       0       0      85       0
  168.000   280446.112       0   23125     140       0       0       0       5       0       0       0       0      85       0       0       0       0       0       0       0      85       0
  169.000   286194.784       0   23599     140       0       0       0       6       0       0       0       0      84       0       0       0       0       0       0       0      84       0
  170.000   286995.232       0   23665     140       0       0       0       3       0       0       0       0      83       0       0       0       0       0       0       0      83       0
  171.000   278469.248       0   22962     140       0       0       0       2       0       0       0       0      81       0       0       0       0       0       0       0      81       0
  172.000   279815.456       0   23073     140       0       0       0       5       0       0       0       0      79       0       0       0       0       0       0       0      79       0
  173.000   282701.920       0   23311     140       0       0       0       6       0       0       0       0      82       0       0       0       0       0       0       0      82       0
  174.000   286983.104       0   23664     140       0       0       0       9       0       0       0       0      85       0       0       0       0       0       0       0      85       0
  175.000   288668.896       0   23803     140       0       0       0       3       0       0       0       0      84       0       0       0       0       0       0       0      84       0
  176.000   287868.448       0   23737     140       0       0       0       1       0       0       0       0      81       0       0       0       0       0       0       0      81       0
  177.000   289384.448       0   23862     140       0       0       0      10       0       0       0       0      83       0       0       0       0       0       0       0      83       0
  178.000   294126.496       0   24253     140       0       0       0       6       0       0       0       0      81       0       0       0       0       0       0       0      81       0
  179.000   295630.368       0   24377     140       0       0       0       3       0       0       0       0      80       0       0       0       0       0       0       0      80       0
  180.000   294951.200       0   24321     140       0       0       0       5       0       0       0       0      78       0       0       0       0       0       0       0      78       0
  181.000   299814.528       0   24722     140       0       0       0       6       0       0       0       0      79       0       0       0       0       0       0       0      79       0
  182.000   300906.048       0   24812     140       0       0       0       5       0       0       0       0      79       0       0       0       0       0       0       0      79       0
  183.000   302167.360       0   24916     140       0       0       0       1       0       0       0       0      77       0       0       0       0       0       0       0      77       0
  184.000   301645.856       0   24873     140       0       0       0       7       0       0       0       0      75       0       0       0       0       0       0       0      75       0
  185.000   305720.864       0   25209     140       0       0       0       7       0       0       0       0      78       0       0       0       0       0       0       0      78       0
  186.000   308510.304       0   25439     140       0       0       0       3       0       0       0       0      81       0       0       0       0       0       0       0      81       0
  187.000   310656.960       0   25616     140       0       0       0       6       0       0       0       0      83       0       0       0       0       0       0       0      83       0
  188.000   311020.800       0   25646     140       0       0       0       3       0       0       0       0      79       0       0       0       0       0       0       0      79       0
  189.000   314186.208       0   25907     140       0       0       0       5       0       0       0       0      75       0       0       0       0       0       0       0      75       0
  190.000   313155.328       0   25822     140       0       0       0       4       0       0       0       0      76       0       0       0       0       0       0       0      76       0
  191.000   312718.720       0   25786     140       0       0       0       6       0       0       0       0      78       0       0       0       0       0       0       0      78       0
  192.000   309007.552       0   25480     140       0       0       0       6       0       0       0       0      77       0       0       0       0       0       0       0      77       0
  193.000   311566.560       0   25691     140       0       0       0       6       0       0       0       0      77       0       0       0       0       0       0       0      77       0
  194.000   314574.304       0   25939     140       0       0       0       4       0       0       0       0      76       0       0       0       0       0       0       0      76       0
  195.000   314913.888       0   25967     140       0       0       0       4       0       0       0       0      78       0       0       0       0       0       0       0      78       0
  196.000   312464.032       0   25765     140       0       0       0       5       0       0       0       0      77       0       0       0       0       0       0       0      77       0
  197.000   314368.128       0   25922     140       0       0       0       7       0       0       0       0      77       0       0       0       0       0       0       0      77       0
  198.000   311505.920       0   25686     140       0       0       0       0       0       0       0       0      77       0       0       0       0       0       0       0      77       0
  199.000   301318.400       0   24846     140       0       0       0       4       0       0       0       0      76       0       0       0       0       0       0       0      76       0
  200.000   295969.952       0   24405     140       0       0       0       3       0       0       0       0      71       0       0       0       0       0       0       0      71       0
  201.000   296515.712       0   24450     140       0       0       0       9       0       0       0       0      74       0       0       0       0       0       0       0      74       0
  202.000   299062.592       0   24660     140       0       0       0       3       0       0       0       0      75       0       0       0       0       0       0       0      75       0
  203.000   293301.792       0   24185     140       0       0       0       4       0       0       0       0      74       0       0       0       0       0       0       0      74       0
  204.000   295218.016       0   24343     140       0       0       0       4       0       0       0       0      75       0       0       0       0       0       0       0      75       0
  205.000   296539.968       0   24452     140       0       0       0       5       0       0       0       0      74       0       0       0       0       0       0       0      74       0
  206.000   291240.032       0   24015     140       0       0       0       4       0       0       0       0      74       0       0       0       0       0       0       0      74       0
  207.000   289845.312       0   23900     140       0       0       0      11       0       0       0       0      76       0       0       0       0       0       0       0      76       0
  208.000   293241.152       0   24180     140       0       0       0       4       0       0       0       0      76       0       0       0       0       0       0       0      76       0
  209.000   287213.536       0   23683     140       0       0       0       6       0       0       0       0      76       0       0       0       0       0       0       0      76       0
  210.000   282362.336       0   23283     140       0       0       0       3       0       0       0       0      76       0       0       0       0       0       0       0      76       0
  211.000   281052.512       0   23175     140       0       0       0       2       0       0       0       0      75       0       0       0       0       0       0       0      75       0
  212.000   277596.032       0   22890     140       0       0       0       4       0       0       0       0      71       0       0       0       0       0       0       0      71       0
  213.000   277935.616       0   22918     140       0       0       0       3       0       0       0       0      71       0       0       0       0       0       0       0      71       0
  214.000   276977.504       0   22839     140       0       0       0       1       0       0       0       0      72       0       0       0       0       0       0       0      72       0
  215.000   276249.824       0   22779     140       0       0       0       3       0       0       0       0      70       0       0       0       0       0       0       0      70       0
  216.000   281379.968       0   23202     140       0       0       0       8       0       0       0       0      68       0       0       0       0       0       0       0      68       0
  217.000   288959.968       0   23827     140       0       0       0       4       0       0       0       0      69       0       0       0       0       0       0       0      69       0
  218.000   287735.040       0   23726     140       0       0       0       7       0       0       0       0      71       0       0       0       0       0       0       0      71       0
  219.000   287359.072       0   23695     140       0       0       0       4       0       0       0       0      72       0       0       0       0       0       0       0      72       0
  220.000   283162.784       0   23349     140       0       0       0       8       0       0       0       0      75       0       0       0       0       0       0       0      75       0
  221.000   286728.416       0   23643     140       0       0       0       5       0       0       0       0      76       0       0       0       0       0       0       0      76       0
  222.000   284642.400       0   23471     140       0       0       0       4       0       0       0       0      72       0       0       0       0       0       0       0      72       0
  223.000   283538.752       0   23380     140       0       0       0       5       0       0       0       0      71       0       0       0       0       0       0       0      71       0
  224.000   288705.280       0   23806     140       0       0       0       9       0       0       0       0      75       0       0       0       0       0       0       0      75       0
  225.000   282944.480       0   23331     140       0       0       0       4       0       0       0       0      75       0       0       0       0       0       0       0      75       0
  226.000   282386.592       0   23285     140       0       0       0       6       0       0       0       0      77       0       0       0       0       0       0       0      77       0
  227.000   277814.336       0   22908     140       0       0       0       5       0       0       0       0      81       0       0       0       0       0       0       0      81       0
  228.000   274818.720       0   22661     140       0       0       0       7       0       0       0       0      82       0       0       0       0       0       0       0      82       0
  229.000   272211.200       0   22446     140       0       0       0       6       0       0       0       0      87       0       0       0       0       0       0       0      87       0
  230.000   270525.408       0   22307     140       0       0       0       4       0       0       0       0      89       0       0       0       0       0       0       0      89       0
  231.000   265746.976       0   21913     140       0       0       0       3       0       0       0       0      88       0       0       0       0       0       0       0      88       0
  232.000   267772.352       0   22080     140       0       0       0       3       0       0       0       0      85       0       0       0       0       0       0       0      85       0
  233.000   266426.144       0   21969     140       0       0       0       6       0       0       0       0      84       0       0       0       0       0       0       0      84       0
  234.000   263709.472       0   21745     140       0       0       0       2       0       0       0       0      82       0       0       0       0       0       0       0      82       0
  235.000   264315.872       0   21795     140       0       0       0       6       0       0       0       0      78       0       0       0       0       0       0       0      78       0
  236.000   266935.520       0   22011     140       0       0       0       3       0       0       0       0      77       0       0       0       0       0       0       0      77       0
  237.000   267347.872       0   22045     140       0       0       0       9       0       0       0       0      79       0       0       0       0       0       0       0      79       0
  238.000   275097.664       0   22684     140       0       0       0      10       0       0       0       0      85       0       0       0       0       0       0       0      85       0
  239.000   278542.016       0   22968     140       0       0       0       7       0       0       0       0      83       0       0       0       0       0       0       0      83       0
  240.000   276553.024       0   22804     140       0       0       0       5       0       0       0       0      86       0       0       0       0       0       0       0      86       0
  241.000   272599.296       0   22478     140       0       0       0       6       0       0       0       0      85       0       0       0       0       0       0       0      85       0
  242.000   273484.640       0   22551     140       0       0       0       5       0       0       0       0      86       0       0       0       0       0       0       0      86       0
  243.000   273824.224       0   22579     140       0       0       0       6       0       0       0       0      87       0       0       0       0       0       0       0      87       0
  244.000   276225.568       0   22777     140       0       0       0       9       0       0       0       0      86       0       0       0       0       0       0       0      86       0
  245.000   278748.192       0   22985     140       0       0       0       1       0       0       0       0      87       0       0       0       0       0       0       0      87       0
  246.000   279948.864       0   23084     140       0       0       0       5       0       0       0       0      87       0       0       0       0       0       0       0      87       0
  247.000   282520.000       0   23296     140       0       0       0       2       0       0       0       0      86       0       0       0       0       0       0       0      86       0
  248.000   277062.400       0   22846     140       0       0       0       4       0       0       0       0      86       0       0       0       0       0       0       0      86       0
  249.000   271398.624       0   22379     140       0       0       0       5       0       0       0       0      86       0       0       0       0       0       0       0      86       0
  250.000   266874.880       0   22006     140       0       0       0       3       0       0       0       0      85       0       0       0       0       0       0       0      85       0
  251.000   267044.672       0   22020     140       0       0       0       3       0       0       0       0      85       0       0       0       0       0       0       0      85       0
  252.000   267638.944       0   22069     140       0       0       0       1       0       0       0       0      81       0       0       0       0       0       0       0      81       0
  253.000   260325.760       0   21466     140       0       0       0      11       0       0       0       0      77       0       0       0       0       0       0       0      77       0
  254.000   261126.208       0   21532     140       0       0       0       5       0       0       0       0      76       0       0       0       0       0       0       0      76       0
  255.000   260240.864       0   21459     140       0       0       0       7       0       0       0       0      75       0       0       0       0       0       0       0      75       0
  256.000   259561.696       0   21403     140       0       0       0       6       0       0       0       0      77       0       0       0       0       0       0       0      77       0
  257.000   261963.040       0   21601     140       0       0       0       9       0       0       0       0      78       0       0       0       0       0       0       0      78       0
  258.000   265819.744       0   21919     140       0       0       0       4       0       0       0       0      79       0       0       0       0       0       0       0      79       0
  259.000   262775.616       0   21668     140       0       0       0       2       0       0       0       0      75       0       0       0       0       0       0       0      75       0
  260.000   262508.800       0   21646     140       0       0       0       3       0       0       0       0      74       0       0       0       0       0       0       0      74       0
  261.000   264255.232       0   21790     140       0       0       0       7       0       0       0       0      75       0       0       0       0       0       0       0      75       0
  262.000   261101.952       0   21530     140       0       0       0       2       0       0       0       0      76       0       0       0       0       0       0       0      76       0
  263.000   259937.664       0   21434     140       0       0       0       6       0       0       0       0      78       0       0       0       0       0       0       0      78       0
  264.000   263636.704       0   21739     140       0       0       0      10       0       0       0       0      80       0       0       0       0       0       0       0      80       0
  265.000   267748.096       0   22078     140       0       0       0       3       0       0       0       0      84       0       0       0       0       0       0       0      84       0
  266.000   271459.264       0   22384     140       0       0       0       3       0       0       0       0      83       0       0       0       0       0       0       0      83       0
  267.000   269094.304       0   22189     140       0       0       0       4       0       0       0       0      85       0       0       0       0       0       0       0      85       0
  268.000   269106.432       0   22190     140       0       0       0       4       0       0       0       0      81       0       0       0       0       0       0       0      81       0
  269.000   269045.792       0   22185     140       0       0       0       3       0       0       0       0      78       0       0       0       0       0       0       0      78       0
  270.000   268924.512       0   22175     140       0       0       0       3       0       0       0       0      76       0       0       0       0       0       0       0      76       0
  271.000   268002.784       0   22099     140       0       0       0       7       0       0       0       0      75       0       0       0       0       0       0       0      75       0
  272.000   266329.120       0   21961     140       0       0       0       4       0       0       0       0      71       0       0       0       0       0       0       0      71       0
  273.000   265613.568       0   21902     140       0       0       0       4       0       0       0       0      69       0       0       0       0       0       0       0      69       0
  274.000   267299.360       0   22041     140       0       0       0       4       0       0       0       0      71       0       0       0       0       0       0       0      71       0
  275.000   264463.168       0   21806     140       0       0       0       3       0       0       0       0      70       0       0       0       0       0       0       0      70       0
