  TimeSec      LoaKbps LoaUsag Packets DlyUsec LoaDrps MetDrps TabDrps FloMods MetMods GroMods  PktsIn PktsOut FloEntr FloUsag MetEntr MetUsag GroEntr GroUsag BufPkts BufUsag  T0Entr  T0Usag
    1.000        0.000       0       0     173       0       0       0       3       0       2       0       0       3       0       0       0       2       0       0       0       3       0
    2.000     3364.640       1     278     399       0       0       0      18       0       0       0       0      12       0       0       0       2       0       0       0      12       0
    3.000    11138.688       2     919     489       0       0       0      12       0       0       0       0      24       0       0       0       2       0       0       0      24       0
    4.000    27244.672       6    2247     624       0       0       0      36       0       0       0       0      53       1       0       0       2       0       0       0      53       1
    5.000    41082.720       9    3388     691       0       0       0      22       0       0       0       0      80       1       0       0       2       0       0       0      80       1
    6.000    48177.600      11    3973     699       0       0       0      12       0       0       0       0      97       1       0       0       2       0       0       0      97       1
    7.000    51464.288      11    4244     699       0       0       0      18       0       0       0       0     111       1       0       0       2       0       0       0     111       1
    8.000    59044.288      13    4869     748       0       0       0      16       0       0       0       0     126       2       0       0       2       0       0       0     126       2
    9.000    66260.448      15    5464     794       0       0       0      20       0       0       0       0     148       2       0       0       2       0       0       0     148       2
   10.000    75101.760      17    6193     799       0       0       0      20       0       0       0       0     164       2       0       0       2       0       0       0     164       2
   11.000    46079.456      10    3800     799       0       0       0      22       0       0       0       0     189       2       0       0       2       0       0       0     189       2
   12.000     9064.800       2     748     607       0       0       0     101       0       0       0       0      56       1       0       0       2       0       0       0      56       1
   13.000    15104.544       3    1246     600       0       0       0      18       0       0       0       0      51       1       0       0       2       0       0       0      51       1
   14.000    21483.872       5    1772     636       0       0       0      10       0       0       0       0      61       1       0       0       2       0       0       0      61       1
   15.000    31064.992       7    2562     693       0       0       0      24       0       0       0       0      79       1       0       0       2       0       0       0      79       1
   16.000    48347.392      11    3987     699       0       0       0      38       0       0       0       0     109       1       0       0       2       0       0       0     109       1
   17.000    66709.184      15    5501     789       0       0       0      26       0       0       0       0     141       2       0       0       2       0       0       0     141       2
   18.000    83809.664      19    6911     798       0       0       0      26       0       0       0       0     170       2       0       0       2       0       0       0     170       2
   19.000   102341.248      23    8439     799       0       0       0      16       0       0       0       0     191       2       0       0       2       0       0       0     191       2
   20.000   111085.536      25    9160     799       0       0       0      20       0       0       0       0     207       3       0       0       2       0       0       0     207       3
   21.000    98763.488      22    8144     799       0       0       0      18       0       0       0       0     227       3       0       0       2       0       0       0     227       3
   22.000    79637.632      18    6567     800       0       0       0      31       0       0       0       0     226       3       0       0       2       0       0       0     226       3
   23.000    87411.680      19    7208     800       0       0       0      10       0       0       0       0     239       3       0       0       2       0       0       0     239       3
   24.000    92553.952      21    7632     820       0       0       0      16       0       0       0       0     251       3       0       0       2       0       0       0     251       3
   25.000   100364.384      22    8276     891       0       0       0      10       0       0       0       0     262       3       0       0       2       0       0       0     262       3
   26.000   106028.160      24    8743     899       0       0       0      14       0       0       0       0     270       3       0       0       2       0       0       0     270       3
   27.000   111206.816      25    9170     899       0       0       0      18       0       0       0       0     275       3       0       0       2       0       0       0     275       3
   28.000   116761.440      26    9628     899       0       0       0      24       0       0       0       0     284       3       0       0       2       0       0       0     284       3
   29.000   135487.072      30   11172     899       0       0       0      14       0       0       0       0     304       4       0       0       2       0       0       0     304       4
   30.000   139853.152      31   11532     900       0       0       0      14       0       0       0       0     308       4       0       0       2       0       0       0     308       4
   31.000   107435.008      24    8859     900       0       0       0      18       0       0       0       0     315       4       0       0       2       0       0       0     315       4
   32.000    79855.936      18    6585     813       0       0       0      69       0       0       0       0     256       3       0       0       2       0       0       0     256       3
   33.000    95513.184      21    7876     871       0       0       0      16       0       0       0       0     258       3       0       0       2       0       0       0     258       3
   34.000   106622.432      24    8792     896       0       0       0      24       0       0       0       0     272       3       0       0       2       0       0       0     272       3
   35.000   114384.352      25    9432     899       0       0       0      12       0       0       0       0     281       3       0       0       2       0       0       0     281       3
   36.000   121467.104      27   10016     899       0       0       0      22       0       0       0       0     292       4       0       0       2       0       0       0     292       4
   37.000   131824.416      29   10870     899       0       0       0      30       0       0       0       0     306       4       0       0       2       0       0       0     306       4
   38.000   140386.784      31   11576     900       0       0       0      24       0       0       0       0     326       4       0       0       2       0       0       0     326       4
   39.000   154370.368      34   12729     900       0       0       0      22       0       0       0       0     344       4       0       0       2       0       0       0     344       4
   40.000   167686.912      37   13827     900       0       0       0      20       0       0       0       0     363       4       0       0       2       0       0       0     363       4
   41.000   172962.592      38   14262     900       0       0       0      22       0       0       0       0     377       5       0       0       2       0       0       0     377       5
   42.000   170330.816      38   14045     900       0       0       0      19       0       0       0       0     376       5       0       0       2       0       0       0     376       5
   43.000   181440.064      40   14961     900       0       0       0      26       0       0       0       0     389       5       0       0       2       0       0       0     389       5
   44.000   191760.992      43   15812     900       0       0       0      20       0       0       0       0     402       5       0       0       2       0       0       0     402       5
   45.000   199850.368      44   16479     900       0       0       0      24       0       0       0       0     415       5       0       0       2       0       0       0     415       5
   46.000   212111.776      47   17490     900       0       0       0      20       0       0       0       0     432       5       0       0       2       0       0       0     432       5
   47.000   222553.984      49   18351     900       0       0       0      18       0       0       0       0     437       5       0       0       2       0       0       0     437       5
   48.000   235336.896      52   19405     900       0       0       0      22       0       0       0       0     449       5       0       0       2       0       0       0     449       5
   49.000   246179.328      55   20299     900       0       0       0      24       0       0       0       0     465       6       0       0       2       0       0       0     465       6
   50.000   253116.544      56   20871     900       0       0       0      14       0       0       0       0     472       6       0       0       2       0       0       0     472       6
   51.000   222687.392      49   18362     900       0       0       0      12       0       0       0       0     474       6       0       0       2       0       0       0     474       6
   52.000   195836.000      44   16148     900       0       0       0      47       0       0       0       0     435       5       0       0       2       0       0       0     435       5
   53.000   196745.600      44   16223     900       0       0       0       6       0       0       0       0     423       5       0       0       2       0       0       0     423       5
   54.000   208267.200      46   17173     900       0       0       0      32       0       0       0       0     432       5       0       0       2       0       0       0     432       5
   55.000   226034.720      50   18638     900       0       0       0      28       0       0       0       0     446       5       0       0       2       0       0       0     446       5
   56.000   241558.560      54   19918     900       0       0       0      18       0       0       0       0     460       6       0       0       2       0       0       0     460       6
   57.000   252789.088      56   20844     900       0       0       0      26       0       0       0       0     481       6       0       0       2       0       0       0     481       6
   58.000   261181.664      58   21536     900       0       0       0      18       0       0       0       0     491       6       0       0       2       0       0       0     491       6
   59.000   267609.504      59   22066     900       0       0       0      16       0       0       0       0     497       6       0       0       2       0       0       0     497       6
   60.000   272424.320      61   22463     900       0       0       0      10       0       0       0       0     500       6       0       0       2       0       0       0     500       6
   61.000   255760.448      57   21089     900       0       0       0      24       0       0       0       0     500       6       0       0       2       0       0       0     500       6
   62.000   243729.472      54   20097     900       0       0       0      45       0       0       0       0     505       6       0       0       2       0       0       0     505       6
   63.000   246543.168      55   20329     900       0       0       0      10       0       0       0       0     508       6       0       0       2       0       0       0     508       6
   64.000   247258.720      55   20388     920       0       0       0      22       0       0       0       0     511       6       0       0       2       0       0       0     511       6
   65.000   249866.240      56   20603     991       0       0       0      18       0       0       0       0     522       6       0       0       2       0       0       0     522       6
   66.000   251539.904      56   20741     999       0       0       0      24       0       0       0       0     531       6       0       0       2       0       0       0     531       6
   67.000   255069.152      57   21032     999       0       0       0      14       0       0       0       0     541       7       0       0       2       0       0       0     541       7
   68.000   256100.032      57   21117     999       0       0       0      28       0       0       0       0     550       7       0       0       2       0       0       0     550       7
   69.000   266469.472      59   21972     999       0       0       0      24       0       0       0       0     566       7       0       0       2       0       0       0     566       7
   70.000   273079.232      61   22517    1000       0       0       0      16       0       0       0       0     574       7       0       0       2       0       0       0     574       7
   71.000   255930.240      57   21103    1000       0       0       0      26       0       0       0       0     585       7       0       0       2       0       0       0     585       7
   72.000   242807.744      54   20021    1000       0       0       0      52       0       0       0       0     569       7       0       0       2       0       0       0     569       7
   73.000   248301.728      55   20474    1000       0       0       0      12       0       0       0       0     568       7       0       0       2       0       0       0     568       7
   74.000   255214.688      57   21044    1000       0       0       0      20       0       0       0       0     573       7       0       0       2       0       0       0     573       7
   75.000   259192.672      58   21372    1000       0       0       0      18       0       0       0       0     584       7       0       0       2       0       0       0     584       7
   76.000   262576.384      58   21651    1000       0       0       0      18       0       0       0       0     597       7       0       0       2       0       0       0     597       7
   77.000   267463.968      59   22054    1000       0       0       0      10       0       0       0       0     590       7       0       0       2       0       0       0     590       7
   78.000   278961.312      62   23002    1000       0       0       0      26       0       0       0       0     597       7       0       0       2       0       0       0     597       7
   79.000   292665.952      65   24132    1000       0       0       0      26       0       0       0       0     608       7       0       0       2       0       0       0     608       7
   80.000   308541.504      69   25441    1000       0       0       0      30       0       0       0       0     622       8       0       0       2       0       0       0     622       8
   81.000   298863.360      66   24643    1000       0       0       0      22       0       0       0       0     630       8       0       0       2       0       0       0     630       8
   82.000   282539.072      63   23297    1000       0       0       0      29       0       0       0       0     612       7       0       0       2       0       0       0     612       7
   83.000   280598.592      62   23137    1000       0       0       0       8       0       0       0       0     607       7       0       0       2       0       0       0     607       7
   84.000   279203.872      62   23022    1000       0       0       0      12       0       0       0       0     600       7       0       0       2       0       0       0     600       7
   85.000   280998.816      62   23170    1000       0       0       0      22       0       0       0       0     602       7       0       0       2       0       0       0     602       7
   86.000   285219.360      63   23518    1000       0       0       0      30       0       0       0       0     610       7       0       0       2       0       0       0     610       7
   87.000   295564.544      66   24371    1000       0       0       0      22       0       0       0       0     620       8       0       0       2       0       0       0     620       8
   88.000   296316.480      66   24433    1000       0       0       0      20       0       0       0       0     628       8       0       0       2       0       0       0     628       8
   89.000   304187.552      68   25082    1000       0       0       0      22       0       0       0       0     641       8       0       0       2       0       0       0     641       8
   90.000   308565.760      69   25443    1000       0       0       0      22       0       0       0       0     646       8       0       0       2       0       0       0     646       8
   91.000   298766.336      66   24635    1000       0       0       0      16       0       0       0       0     650       8       0       0       2       0       0       0     650       8
   92.000   288130.080      64   23758    1000       0       0       0      33       0       0       0       0     631       8       0       0       2       0       0       0     631       8
   93.000   291186.336      65   24010    1000       0       0       0      12       0       0       0       0     631       8       0       0       2       0       0       0     631       8
   94.000   293611.936      65   24210    1000       0       0       0      20       0       0       0       0     630       8       0       0       2       0       0       0     630       8
   95.000   297735.456      66   24550    1000       0       0       0       8       0       0       0       0     629       8       0       0       2       0       0       0     629       8
   96.000   301786.208      67   24884    1000       0       0       0      22       0       0       0       0     623       8       0       0       2       0       0       0     623       8
   97.000   307947.232      68   25392    1000       0       0       0      14       0       0       0       0     630       8       0       0       2       0       0       0     630       8
   98.000   315466.592      70   26012    1000       0       0       0      22       0       0       0       0     635       8       0       0       2       0       0       0     635       8
   99.000   317964.960      71   26218    1000       0       0       0      16       0       0       0       0     641       8       0       0       2       0       0       0     641       8
  100.000   321021.216      71   26470    1000       0       0       0      20       0       0       0       0     646       8       0       0       2       0       0       0     646       8
  101.000   299045.280      66   24658    1000       0       0       0      14       0       0       0       0     643       8       0       0       2       0       0       0     643       8
  102.000   278391.296      62   22955    1000       0       0       0      47       0       0       0       0     623       8       0       0       2       0       0       0     623       8
  103.000   283654.848      63   23389    1000       0       0       0      12       0       0       0       0     623       8       0       0       2       0       0       0     623       8
  104.000   290628.448      65   23964    1000       0       0       0      30       0       0       0       0     628       8       0       0       2       0       0       0     628       8
  105.000   297808.224      66   24556    1000       0       0       0      16       0       0       0       0     635       8       0       0       2       0       0       0     635       8
  106.000   302513.888      67   24944    1000       0       0       0      24       0       0       0       0     636       8       0       0       2       0       0       0     636       8
  107.000   306115.904      68   25241    1000       0       0       0      24       0       0       0       0     640       8       0       0       2       0       0       0     640       8
  108.000   310639.648      69   25614    1000       0       0       0      16       0       0       0       0     659       8       0       0       2       0       0       0     659       8
  109.000   310724.544      69   25621    1000       0       0       0      22       0       0       0       0     665       8       0       0       2       0       0       0     665       8
  110.000   317322.176      71   26165    1000       0       0       0      20       0       0       0       0     674       8       0       0       2       0       0       0     674       8
  111.000   300973.632      67   24817    1000       0       0       0      16       0       0       0       0     686       8       0       0       2       0       0       0     686       8
  112.000   284055.072      63   23422    1000       0       0       0      51       0       0       0       0     653       8       0       0       2       0       0       0     653       8
  113.000   293478.528      65   24199    1000       0       0       0      20       0       0       0       0     660       8       0       0       2       0       0       0     660       8
  114.000   299251.456      67   24675    1000       0       0       0      20       0       0       0       0     662       8       0       0       2       0       0       0     662       8
  115.000   304345.216      68   25095    1000       0       0       0      12       0       0       0       0     660       8       0       0       2       0       0       0     660       8
  116.000   313853.568      70   25879    1000       0       0       0      26       0       0       0       0     661       8       0       0       2       0       0       0     661       8
  117.000   329838.272      73   27197    1000       0       0       0      26       0       0       0       0     671       8       0       0       2       0       0       0     671       8
  118.000   338242.976      75   27890    1000       0       0       0      18       0       0       0       0     682       8       0       0       2       0       0       0     682       8
  119.000   338061.056      75   27875    1000       0       0       0      16       0       0       0       0     683       8       0       0       2       0       0       0     683       8
  120.000   339661.952      75   28007    1000       0       0       0      14       0       0       0       0     681       8       0       0       2       0       0       0     681       8
  121.000   316764.288      70   26119    1000       0       0       0      28       0       0       0       0     689       8       0       0       2       0       0       0     689       8
  122.000   303059.648      67   24989    1000       0       0       0      43       0       0       0       0     666       8       0       0       2       0       0       0     666       8
  123.000   308444.480      69   25433    1000       0       0       0      22       0       0       0       0     659       8       0       0       2       0       0       0     659       8
  124.000   317734.528      71   26199    1000       0       0       0      12       0       0       0       0     662       8       0       0       2       0       0       0     662       8
  125.000   322391.680      72   26583    1000       0       0       0      20       0       0       0       0     661       8       0       0       2       0       0       0     661       8
  126.000   328843.776      73   27115    1000       0       0       0      18       0       0       0       0     669       8       0       0       2       0       0       0     669       8
  127.000   326260.512      73   26902    1000       0       0       0      14       0       0       0       0     673       8       0       0       2       0       0       0     673       8
  128.000   324077.472      72   26722    1000       0       0       0      10       0       0       0       0     666       8       0       0       2       0       0       0     666       8
  129.000   322088.480      72   26558    1000       0       0       0      12       0       0       0       0     667       8       0       0       2       0       0       0     667       8
  130.000   323822.784      72   26701    1000       0       0       0      24       0       0       0       0     670       8       0       0       2       0       0       0     670       8
  131.000   298681.440      66   24628    1000       0       0       0      16       0       0       0       0     679       8       0       0       2       0       0       0     679       8
  132.000   264989.856      59   21850    1000       0       0       0      47       0       0       0       0     643       8       0       0       2       0       0       0     643       8
  133.000   275407.808      61   22709    1000       0       0       0      20       0       0       0       0     641       8       0       0       2       0       0       0     641       8
  134.000   282393.536      63   23285    1000       0       0       0      20       0       0       0       0     645       8       0       0       2       0       0       0     645       8
  135.000   292180.832      65   24092    1000       0       0       0      20       0       0       0       0     648       8       0       0       2       0       0       0     648       8
  136.000   302259.200      67   24923    1000       0       0       0      26       0       0       0       0     652       8       0       0       2       0       0       0     652       8
  137.000   310203.040      69   25578    1000       0       0       0      22       0       0       0       0     660       8       0       0       2       0       0       0     660       8
  138.000   308699.168      69   25454    1000       0       0       0      18       0       0       0       0     667       8       0       0       2       0       0       0     667       8
  139.000   318183.264      71   26236    1000       0       0       0      14       0       0       0       0     669       8       0       0       2       0       0       0     669       8
  140.000   311985.856      69   25725    1000       0       0       0      12       0       0       0       0     666       8       0       0       2       0       0       0     666       8
  141.000   277894.048      62   22914    1000       0       0       0      20       0       0       0       0     665       8       0       0       2       0       0       0     665       8
  142.000   251685.440      56   20753    1000       0       0       0      50       0       0       0       0     635       8       0       0       2       0       0       0     635       8
  143.000   256839.840      57   21178    1000       0       0       0      12       0       0       0       0     632       8       0       0       2       0       0       0     632       8
  144.000   265462.848      59   21889    1000       0       0       0      32       0       0       0       0     642       8       0       0       2       0       0       0     642       8
  145.000   275007.584      61   22676    1000       0       0       0      26       0       0       0       0     647       8       0       0       2       0       0       0     647       8
  146.000   281726.496      63   23230    1000       0       0       0      16       0       0       0       0     649       8       0       0       2       0       0       0     649       8
  147.000   297832.480      66   24558    1000       0       0       0      30       0       0       0       0     660       8       0       0       2       0       0       0     660       8
  148.000   309014.496      69   25480    1000       0       0       0      18       0       0       0       0     668       8       0       0       2       0       0       0     668       8
  149.000   315393.824      70   26006    1000       0       0       0      34       0       0       0       0     679       8       0       0       2       0       0       0     679       8
  150.000   326709.248      73   26939    1000       0       0       0      14       0       0       0       0     684       8       0       0       2       0       0       0     684       8
  151.000   299591.040      67   24703    1000       0       0       0       8       0       0       0       0     674       8       0       0       2       0       0       0     674       8
  152.000   281690.112      63   23227    1000       0       0       0      36       0       0       0       0     644       8       0       0       2       0       0       0     644       8
  153.000   290664.832      65   23967    1000       0       0       0      26       0       0       0       0     636       8       0       0       2       0       0       0     636       8
  154.000   299421.248      67   24689    1000       0       0       0      18       0       0       0       0     644       8       0       0       2       0       0       0     644       8
  155.000   303581.152      67   25032    1000       0       0       0      18       0       0       0       0     646       8       0       0       2       0       0       0     646       8
  156.000   312082.880      69   25733    1000       0       0       0      18       0       0       0       0     651       8       0       0       2       0       0       0     651       8
  157.000   323810.656      72   26700    1000       0       0       0      14       0       0       0       0     651       8       0       0       2       0       0       0     651       8
  158.000   329583.584      73   27176    1000       0       0       0      20       0       0       0       0     656       8       0       0       2       0       0       0     656       8
  159.000   332094.080      74   27383    1000       0       0       0      24       0       0       0       0     656       8       0       0       2       0       0       0     656       8
  160.000   338740.224      75   27931    1000       0       0       0      20       0       0       0       0     660       8       0       0       2       0       0       0     660       8
  161.000   309596.640      69   25528    1000       0       0       0      30       0       0       0       0     673       8       0       0       2       0       0       0     673       8
  162.000   279118.976      62   23015    1000       0       0       0      50       0       0       0       0     636       8       0       0       2       0       0       0     636       8
  163.000   284576.576      63   23465    1000       0       0       0      28       0       0       0       0     636       8       0       0       2       0       0       0     636       8
  164.000   298147.808      66   24584    1000       0       0       0      12       0       0       0       0     639       8       0       0       2       0       0       0     639       8
  165.000   303350.720      67   25013    1000       0       0       0      20       0       0       0       0     642       8       0       0       2       0       0       0     642       8
  166.000   312107.136      69   25735    1000       0       0       0      22       0       0       0       0     655       8       0       0       2       0       0       0     655       8
  167.000   314023.360      70   25893    1000       0       0       0      14       0       0       0       0     658       8       0       0       2       0       0       0     658       8
  168.000   317819.424      71   26206    1000       0       0       0      22       0       0       0       0     666       8       0       0       2       0       0       0     666       8
  169.000   330396.160      73   27243    1000       0       0       0      24       0       0       0       0     673       8       0       0       2       0       0       0     673       8
  170.000   334483.296      74   27580    1000       0       0       0      18       0       0       0       0     675       8       0       0       2       0       0       0     675       8
  171.000   317370.688      71   26169    1000       0       0       0      20       0       0       0       0     686       8       0       0       2       0       0       0     686       8
  172.000   300585.536      67   24785    1000       0       0       0      49       0       0       0       0     673       8       0       0       2       0       0       0     673       8
  173.000   313089.504      70   25816    1000       0       0       0      32       0       0       0       0     686       8       0       0       2       0       0       0     686       8
  174.000   316533.856      70   26100    1000       0       0       0      24       0       0       0       0     692       8       0       0       2       0       0       0     692       8
  175.000   322609.984      72   26601    1000       0       0       0      26       0       0       0       0     702       9       0       0       2       0       0       0     702       9
  176.000   329765.504      73   27191    1000       0       0       0      12       0       0       0       0     701       9       0       0       2       0       0       0     701       9
  177.000   337551.680      75   27833    1000       0       0       0       8       0       0       0       0     694       8       0       0       2       0       0       0     694       8
  178.000   342342.240      76   28228    1000       0       0       0      24       0       0       0       0     697       9       0       0       2       0       0       0     697       9
  179.000   343118.432      76   28292    1000       0       0       0      22       0       0       0       0     701       9       0       0       2       0       0       0     701       9
  180.000   350868.224      78   28931    1000       0       0       0      22       0       0       0       0     707       9       0       0       2       0       0       0     707       9
  181.000   323701.504      72   26691    1000       0       0       0      20       0       0       0       0     715       9       0       0       2       0       0       0     715       9
  182.000   304102.656      68   25075    1000       0       0       0      57       0       0       0       0     695       8       0       0       2       0       0       0     695       8
  183.000   307619.776      68   25365    1000       0       0       0      14       0       0       0       0     694       8       0       0       2       0       0       0     694       8
  184.000   310178.784      69   25576    1000       0       0       0      22       0       0       0       0     694       8       0       0       2       0       0       0     694       8
  185.000   310324.320      69   25588    1000       0       0       0      14       0       0       0       0     696       8       0       0       2       0       0       0     696       8
  186.000   319820.544      71   26371    1000       0       0       0      22       0       0       0       0     699       9       0       0       2       0       0       0     699       9
  187.000   329438.048      73   27164    1000       0       0       0      18       0       0       0       0     698       9       0       0       2       0       0       0     698       9
  188.000   334337.760      74   27568    1000       0       0       0      20       0       0       0       0     695       8       0       0       2       0       0       0     695       8
  189.000   335477.792      75   27662    1000       0       0       0      18       0       0       0       0     699       9       0       0       2       0       0       0     699       9
  190.000   337127.200      75   27798    1000       0       0       0      18       0       0       0       0     700       9       0       0       2       0       0       0     700       9
  191.000   325520.704      72   26841    1000       0       0       0      16       0       0       0       0     706       9       0       0       2       0       0       0     706       9
  192.000   310857.952      69   25632    1000       0       0       0      59       0       0       0       0     696       8       0       0       2       0       0       0     696       8
  193.000   326891.168      73   26954    1000       0       0       0      14       0       0       0       0     701       9       0       0       2       0       0       0     701       9
  194.000   335186.720      74   27638    1000       0       0       0      16       0       0       0       0     700       9       0       0       2       0       0       0     700       9
  195.000   337697.216      75   27845    1000       0       0       0       8       0       0       0       0     693       8       0       0       2       0       0       0     693       8
  196.000   337660.832      75   27842    1000       0       0       0      10       0       0       0       0     683       8       0       0       2       0       0       0     683       8
  197.000   335599.072      75   27672    1000       0       0       0      10       0       0       0       0     676       8       0       0       2       0       0       0     676       8
  198.000   336593.568      75   27754    1000       0       0       0      24       0       0       0       0     670       8       0       0       2       0       0       0     670       8
  199.000   337187.840      75   27803    1000       0       0       0       8       0       0       0       0     674       8       0       0       2       0       0       0     674       8
  200.000   332846.016      74   27445    1000       0       0       0      18       0       0       0       0     668       8       0       0       2       0       0       0     668       8
  201.000   312131.392      69   25737    1000       0       0       0      28       0       0       0       0     679       8       0       0       2       0       0       0     679       8
  202.000   289852.256      64   23900    1000       0       0       0      49       0       0       0       0     653       8       0       0       2       0       0       0     653       8
  203.000   292289.984      65   24101    1000       0       0       0      22       0       0       0       0     651       8       0       0       2       0       0       0     651       8
  204.000   300185.312      67   24752    1000       0       0       0      20       0       0       0       0     655       8       0       0       2       0       0       0     655       8
  205.000   310676.032      69   25617    1000       0       0       0      16       0       0       0       0     658       8       0       0       2       0       0       0     658       8
  206.000   316109.376      70   26065    1000       0       0       0      22       0       0       0       0     664       8       0       0       2       0       0       0     664       8
  207.000   326199.872      72   26897    1000       0       0       0      20       0       0       0       0     675       8       0       0       2       0       0       0     675       8
  208.000   325375.168      72   26829    1000       0       0       0      18       0       0       0       0     673       8       0       0       2       0       0       0     673       8
  209.000   329741.248      73   27189    1000       0       0       0      18       0       0       0       0     679       8       0       0       2       0       0       0     679       8
  210.000   339613.440      75   28003    1000       0       0       0      20       0       0       0       0     689       8       0       0       2       0       0       0     689       8
  211.000   322876.800      72   26623    1000       0       0       0      24       0       0       0       0     696       8       0       0       2       0       0       0     696       8
  212.000   305133.536      68   25160    1000       0       0       0      32       0       0       0       0     671       8       0       0       2       0       0       0     671       8
  213.000   299384.864      67   24686    1000       0       0       0      12       0       0       0       0     665       8       0       0       2       0       0       0     665       8
  214.000   302040.896      67   24905    1000       0       0       0      24       0       0       0       0     658       8       0       0       2       0       0       0     658       8
  215.000   313817.184      70   25876    1000       0       0       0      32       0       0       0       0     672       8       0       0       2       0       0       0     672       8
  216.000   314084.000      70   25898    1000       0       0       0      18       0       0       0       0     676       8       0       0       2       0       0       0     676       8
  217.000   325763.264      72   26861    1000       0       0       0      16       0       0       0       0     674       8       0       0       2       0       0       0     674       8
  218.000   339055.552      75   27957    1000       0       0       0      22       0       0       0       0     676       8       0       0       2       0       0       0     676       8
  219.000   344222.080      76   28383    1000       0       0       0      18       0       0       0       0     679       8       0       0       2       0       0       0     679       8
  220.000   350819.712      78   28927    1000       0       0       0      20       0       0       0       0     686       8       0       0       2       0       0       0     686       8
  221.000   326539.456      73   26925    1000       0       0       0      18       0       0       0       0     691       8       0       0       2       0       0       0     691       8
  222.000   302817.088      67   24969    1000       0       0       0      55       0       0       0       0     662       8       0       0       2       0       0       0     662       8
  223.000   306516.128      68   25274    1000       0       0       0      14       0       0       0       0     655       8       0       0       2       0       0       0     655       8
  224.000   308165.536      68   25410    1000       0       0       0      20       0       0       0       0     656       8       0       0       2       0       0       0     656       8
  225.000   318110.496      71   26230    1000       0       0       0      28       0       0       0       0     664       8       0       0       2       0       0       0     664       8
  226.000   324028.960      72   26718    1000       0       0       0      28       0       0       0       0     676       8       0       0       2       0       0       0     676       8
  227.000   328225.248      73   27064    1000       0       0       0      12       0       0       0       0     683       8       0       0       2       0       0       0     683       8
  228.000   335841.632      75   27692    1000       0       0       0      24       0       0       0       0     690       8       0       0       2       0       0       0     690       8
  229.000   342269.472      76   28222    1000       0       0       0      22       0       0       0       0     696       8       0       0       2       0       0       0     696       8
  230.000   345034.656      77   28450    1000       0       0       0      18       0       0       0       0     698       9       0       0       2       0       0       0     698       9
  231.000   321324.416      71   26495    1000       0       0       0      24       0       0       0       0     694       8       0       0       2       0       0       0     694       8
  232.000   303265.824      67   25006    1000       0       0       0      50       0       0       0       0     679       8       0       0       2       0       0       0     679       8
  233.000   308590.016      69   25445    1000       0       0       0      10       0       0       0       0     681       8       0       0       2       0       0       0     681       8
  234.000   308153.408      68   25409    1000       0       0       0      32       0       0       0       0     686       8       0       0       2       0       0       0     686       8
  235.000   314035.488      70   25894    1000       0       0       0      20       0       0       0       0     700       9       0       0       2       0       0       0     700       9
  236.000   311427.968      69   25679    1000       0       0       0      18       0       0       0       0     706       9       0       0       2       0       0       0     706       9
  237.000   314896.576      70   25965    1000       0       0       0      24       0       0       0       0     713       9       0       0       2       0       0       0     713       9
  238.000   324793.024      72   26781    1000       0       0       0      36       0       0       0       0     727       9       0       0       2       0       0       0     727       9
  239.000   339407.264      75   27986    1000       0       0       0      30       0       0       0       0     743       9       0       0       2       0       0       0     743       9
  240.000   347545.152      77   28657    1000       0       0       0      26       0       0       0       0     755       9       0       0       2       0       0       0     755       9
  241.000   324586.848      72   26764    1000       0       0       0      20       0       0       0       0     757       9       0       0       2       0       0       0     757       9
  242.000   307061.888      68   25319    1000       0       0       0      59       0       0       0       0     726       9       0       0       2       0       0       0     726       9
  243.000   311015.616      69   25645    1000       0       0       0      18       0       0       0       0     729       9       0       0       2       0       0       0     729       9
  244.000   314835.936      70   25960    1000       0       0       0      24       0       0       0       0     738       9       0       0       2       0       0       0     738       9
  245.000   323228.512      72   26652    1000       0       0       0      18       0       0       0       0     738       9       0       0       2       0       0       0     738       9
  246.000   324332.160      72   26743    1000       0       0       0       6       0       0       0       0     733       9       0       0       2       0       0       0     733       9
  247.000   325969.440      72   26878    1000       0       0       0      20       0       0       0       0     732       9       0       0       2       0       0       0     732       9
  248.000   335308.000      75   27648    1000       0       0       0      30       0       0       0       0     741       9       0       0       2       0       0       0     741       9
  249.000   343931.008      76   28359    1000       0       0       0      10       0       0       0       0     743       9       0       0       2       0       0       0     743       9
  250.000   348939.872      78   28772    1000       0       0       0      10       0       0       0       0     733       9       0       0       2       0       0       0     733       9
  251.000   315442.336      70   26010    1000       0       0       0      24       0       0       0       0     726       9       0       0       2       0       0       0     726       9
  252.000   283133.344      63   23346    1000       0       0       0      37       0       0       0       0     693       8       0       0       2       0       0       0     693       8
  253.000   287572.192      64   23712    1000       0       0       0      12       0       0       0       0     684       8       0       0       2       0       0       0     684       8
  254.000   290858.880      65   23983    1000       0       0       0      26       0       0       0       0     684       8       0       0       2       0       0       0     684       8
  255.000   296280.096      66   24430    1000       0       0       0       8       0       0       0       0     684       8       0       0       2       0       0       0     684       8
  256.000   293235.968      65   24179    1000       0       0       0       2       0       0       0       0     670       8       0       0       2       0       0       0     670       8
  257.000   289682.464      64   23886    1000       0       0       0       0       0       0       0       0     653       8       0       0       2       0       0       0     653       8
  258.000   285643.840      63   23553    1000       0       0       0       0       0       0       0       0     633       8       0       0       2       0       0       0     633       8
  259.000   282126.720      63   23263    1000       0       0       0       0       0       0       0       0     613       7       0       0       2       0       0       0     613       7
  260.000   279094.720      62   23013    1000       0       0       0       0       0       0       0       0     596       7       0       0       2       0       0       0     596       7
  261.000   245015.040      54   20203    1000       0       0       0       0       0       0       0       0     584       7       0       0       2       0       0       0     584       7
  262.000   212439.232      47   17517    1000       0       0       0      30       0       0       0       0     538       7       0       0       2       0       0       0     538       7
  263.000   208994.880      46   17233     951       0       0       0       0       0       0       0       0     516       6       0       0       2       0       0       0     516       6
  264.000   204446.880      45   16858     905       0       0       0       0       0       0       0       0     503       6       0       0       2       0       0       0     503       6
  265.000   201427.008      45   16609     900       0       0       0       0       0       0       0       0     491       6       0       0       2       0       0       0     491       6
  266.000   198819.488      44   16394     900       0       0       0       0       0       0       0       0     476       6       0       0       2       0       0       0     476       6
  267.000   190244.992      42   15687     900       0       0       0       0       0       0       0       0     459       6       0       0       2       0       0       0     459       6
  268.000   186133.600      41   15348     900       0       0       0       0       0       0       0       0     443       5       0       0       2       0       0       0     443       5
  269.000   181816.032      40   14992     900       0       0       0       0       0       0       0       0     426       5       0       0       2       0       0       0     426       5
  270.000   175727.776      39   14490     900       0       0       0       0       0       0       0       0     411       5       0       0       2       0       0       0     411       5
  271.000   162144.416      36   13370     900       0       0       0       0       0       0       0       0     403       5       0       0       2       0       0       0     403       5
  272.000   148379.136      33   12235     900       0       0       0      24       0       0       0       0     375       5       0       0       2       0       0       0     375       5
  273.000   145262.240      32   11978     900       0       0       0       0       0       0       0       0     364       4       0       0       2       0       0       0     364       4
  274.000   141247.872      31   11647     900       0       0       0       0       0       0       0       0     357       4       0       0       2       0       0       0     357       4
  275.000   138276.512      31   11402     900       0       0       0       0       0       0       0       0     352       4       0       0       2       0       0       0     352       4
  276.000   136942.432      30   11292     900       0       0       0       0       0       0       0       0     343       4       0       0       2       0       0       0     343       4
  277.000   134237.888      30   11069     900       0       0       0       0       0       0       0       0     334       4       0       0       2       0       0       0     334       4
  278.000   131399.936      29   10835     900       0       0       0       0       0       0       0       0     326       4       0       0       2       0       0       0     326       4
  279.000   130150.752      29   10732     900       0       0       0       0       0       0       0       0     320       4       0       0       2       0       0       0     320       4
  280.000   125845.312      28   10377     900       0       0       0       0       0       0       0       0     315       4       0       0       2       0       0       0     315       4
  281.000   112613.664      25    9286     900       0       0       0       0       0       0       0       0     310       4       0       0       2       0       0       0     310       4
  282.000    99600.320      22    8213     900       0       0       0      25       0       0       0       0     280       3       0       0       2       0       0       0     280       3
  283.000    96762.368      22    7979     900       0       0       0       0       0       0       0       0     271       3       0       0       2       0       0       0     271       3
  284.000    95949.792      21    7912     900       0       0       0       0       0       0       0       0     263       3       0       0       2       0       0       0     263       3
  285.000    94021.440      21    7753     832       0       0       0       0       0       0       0       0     255       3       0       0       2       0       0       0     255       3
  286.000    92311.392      21    7612     803       0       0       0       0       0       0       0       0     250       3       0       0       2       0       0       0     250       3
  287.000    88309.152      20    7282     800       0       0       0       0       0       0       0       0     244       3       0       0       2       0       0       0     244       3
  288.000    86720.384      19    7151     800       0       0       0       0       0       0       0       0     238       3       0       0       2       0       0       0     238       3
  289.000    84209.888      19    6944     800       0       0       0       0       0       0       0       0     232       3       0       0       2       0       0       0     232       3
  290.000    81444.704      18    6716     800       0       0       0       0       0       0       0       0     226       3       0       0       2       0       0       0     226       3
  291.000    69037.760      15    5693     800       0       0       0       0       0       0       0       0     224       3       0       0       2       0       0       0     224       3
  292.000    59177.696      13    4880     800       0       0       0      23       0       0       0       0     201       2       0       0       2       0       0       0     201       2
  293.000    55939.520      12    4613     800       0       0       0       0       0       0       0       0     195       2       0       0       2       0       0       0     195       2
  294.000    54848.000      12    4523     800       0       0       0       0       0       0       0       0     193       2       0       0       2       0       0       0     193       2
  295.000    52798.368      12    4354     800       0       0       0       0       0       0       0       0     190       2       0       0       2       0       0       0     190       2
  296.000    51876.640      12    4278     800       0       0       0       0       0       0       0       0     186       2       0       0       2       0       0       0     186       2
  297.000    50154.464      11    4136     800       0       0       0       0       0       0       0       0     180       2       0       0       2       0       0       0     180       2
  298.000    49232.736      11    4060     800       0       0       0       0       0       0       0       0     175       2       0       0       2       0       0       0     175       2
  299.000    48189.728      11    3974     800       0       0       0       0       0       0       0       0     173       2       0       0       2       0       0       0     173       2
  300.000    45861.152      10    3782     800       0       0       0       0       0       0       0       0     169       2       0       0       2       0       0       0     169       2
  301.000    35734.272       8    2947     800       0       0       0       0       0       0       0       0     164       2       0       0       2       0       0       0     164       2
  302.000    25000.992       6    2062     726       0       0       0      32       0       0       0       0     132       2       0       0       2       0       0       0     132       2
  303.000    24273.312       5    2002     702       0       0       0       0       0       0       0       0     124       2       0       0       2       0       0       0     124       2
  304.000    24152.032       5    1992     700       0       0       0       0       0       0       0       0     119       1       0       0       2       0       0       0     119       1
  305.000    23375.840       5    1928     700       0       0       0       0       0       0       0       0     115       1       0       0       2       0       0       0     115       1
  306.000    23303.072       5    1922     700       0       0       0       0       0       0       0       0     108       1       0       0       2       0       0       0     108       1
  307.000    22272.192       5    1837     700       0       0       0       0       0       0       0       0     105       1       0       0       2       0       0       0     105       1
  308.000    21023.008       5    1734     700       0       0       0       0       0       0       0       0     102       1       0       0       2       0       0       0     102       1
  309.000    20077.024       4    1656     700       0       0       0       0       0       0       0       0     100       1       0       0       2       0       0       0     100       1
  310.000    17457.376       4    1440     700       0       0       0       0       0       0       0       0      96       1       0       0       2       0       0       0      96       1
  311.000    13333.856       3    1100     700       0       0       0       0       0       0       0       0      94       1       0       0       2       0       0       0      94       1
  312.000     9477.152       2     782     616       0       0       0      27       0       0       0       0      67       1       0       0       2       0       0       0      67       1
  313.000     8434.144       2     696     601       0       0       0       0       0       0       0       0      62       1       0       0       2       0       0       0      62       1
  314.000     7961.152       2     657     600       0       0       0       0       0       0       0       0      60       1       0       0       2       0       0       0      60       1
  315.000     7779.232       2     642     600       0       0       0       0       0       0       0       0      55       1       0       0       2       0       0       0      55       1
  316.000     7039.424       2     581     600       0       0       0       0       0       0       0       0      53       1       0       0       2       0       0       0      53       1
  317.000     6893.888       2     569     600       0       0       0       0       0       0       0       0      49       1       0       0       2       0       0       0      49       1
  318.000     6796.864       2     561     600       0       0       0       0       0       0       0       0      46       1       0       0       2       0       0       0      46       1
  319.000     6614.944       1     546     600       0       0       0       0       0       0       0       0      46       1       0       0       2       0       0       0      46       1
  320.000     5935.776       1     490     600       0       0       0       0       0       0       0       0      46       1       0       0       2       0       0       0      46       1
  321.000     3267.616       1     270     600       0       0       0     102       0       0       0       0      49       1       0       0       2       0       0       0      49       1
  322.000     1015.280       0      84     532       0       0       0     190       0       0       0       0      35       0       0       0       2       0       0       0      35       0
  323.000      602.928       0      50     503       0       0       0     100       0       0       0       0      31       0       0       0       2       0       0       0      31       0
  324.000      578.672       0      48     500       0       0       0      96       0       0       0       0      31       0       0       0       2       0       0       0      31       0
  325.000      602.928       0      50     500       0       0       0     100       0       0       0       0      29       0       0       0       2       0       0       0      29       0
  326.000      602.928       0      50     500       0       0       0     100       0       0       0       0      29       0       0       0       2       0       0       0      29       0
  327.000      578.672       0      48     500       0       0       0      96       0       0       0       0      29       0       0       0       2       0       0       0      29       0
  328.000      578.672       0      48     500       0       0       0      96       0       0       0       0      26       0       0       0       2       0       0       0      26       0
  329.000      602.928       0      50     500       0       0       0     100       0       0       0       0      25       0       0       0       2       0       0       0      25       0
  330.000      481.648       0      40     500       0       0       0      80       0       0       0       0      23       0       0       0       2       0       0       0      23       0
  331.000      299.728       0      25     500       0       0       0      34       0       0       0       0      22       0       0       0       2       0       0       0      22       0
  332.000      190.576       0      16     413       0       0       0      35       0       0       0       0      17       0       0       0       2       0       0       0      17       0
  333.000      214.832       0      18     401       0       0       0      36       0       0       0       0      16       0       0       0       2       0       0       0      16       0
  334.000      190.576       0      16     400       0       0       0      32       0       0       0       0      16       0       0       0       2       0       0       0      16       0
  335.000      190.576       0      16     400       0       0       0      32       0       0       0       0      14       0       0       0       2       0       0       0      14       0
  336.000      105.680       0       9     400       0       0       0      18       0       0       0       0      14       0       0       0       2       0       0       0      14       0
  337.000       93.552       0       8     400       0       0       0      16       0       0       0       0      12       0       0       0       2       0       0       0      12       0
  338.000       93.552       0       8     400       0       0       0      16       0       0       0       0      12       0       0       0       2       0       0       0      12       0
  339.000      105.680       0       9     400       0       0       0      18       0       0       0       0      12       0       0       0       2       0       0       0      12       0
  340.000      105.680       0       9     400       0       0       0      18       0       0       0       0      12       0       0       0       2       0       0       0      12       0
  341.000       93.552       0       8     400       0       0       0      16       0       0       0       0      12       0       0       0       2       0       0       0      12       0
  342.000      105.680       0       9     400       0       0       0      19       0       0       0       0      10       0       0       0       2       0       0       0      10       0
  343.000       93.552       0       8     400       0       0       0      16       0       0       0       0      10       0       0       0       2       0       0       0      10       0
  344.000      105.680       0       9     400       0       0       0      18       0       0       0       0      10       0       0       0       2       0       0       0      10       0
  345.000      105.680       0       9     316       0       0       0      18       0       0       0       0       8       0       0       0       2       0       0       0       8       0
  346.000       93.552       0       8     301       0       0       0      16       0       0       0       0       8       0       0       0       2       0       0       0       8       0
  347.000      105.680       0       9     300       0       0       0      18       0       0       0       0       8       0       0       0       2       0       0       0       8       0
  348.000       32.912       0       3     300       0       0       0       6       0       0       0       0       8       0       0       0       2       0       0       0       8       0
  349.000       32.912       0       3     300       0       0       0       6       0       0       0       0       8       0       0       0       2       0       0       0       8       0
  350.000       32.912       0       3     300       0       0       0       6       0       0       0       0       8       0       0       0       2       0       0       0       8       0
  351.000        8.656       0       1     300       0       0       0       2       0       0       0       0       8       0       0       0       2       0       0       0       8       0
  352.000        8.656       0       1     300       0       0       0       3       0       0       0       0       6       0       0       0       2       0       0       0       6       0
  353.000        8.656       0       1     300       0       0       0       2       0       0       0       0       6       0       0       0       2       0       0       0       6       0
  354.000        8.656       0       1     300       0       0       0       2       0       0       0       0       6       0       0       0       2       0       0       0       6       0
  355.000        8.656       0       1     300       0       0       0       2       0       0       0       0       6       0       0       0       2       0       0       0       6       0
  356.000        8.656       0       1     300       0       0       0       2       0       0       0       0       6       0       0       0       2       0       0       0       6       0
  357.000        8.656       0       1     300       0       0       0       2       0       0       0       0       6       0       0       0       2       0       0       0       6       0
  358.000        8.656       0       1     300       0       0       0       2       0       0       0       0       6       0       0       0       2       0       0       0       6       0
  359.000        8.656       0       1     300       0       0       0       2       0       0       0       0       6       0       0       0       2       0       0       0       6       0
  360.000        8.656       0       1     300       0       0       0       2       0       0       0       0       6       0       0       0       2       0       0       0       6       0
  361.000        8.656       0       1     300       0       0       0       2       0       0       0       0       6       0       0       0       2       0       0       0       6       0
  362.000        8.656       0       1     213       0       0       0       3       0       0       0       0       4       0       0       0       2       0       0       0       4       0
  363.000        8.656       0       1     201       0       0       0       2       0       0       0       0       4       0       0       0       2       0       0       0       4       0
  364.000        8.656       0       1     200       0       0       0       2       0       0       0       0       4       0       0       0       2       0       0       0       4       0
  365.000        8.656       0       1     200       0       0       0       2       0       0       0       0       4       0       0       0       2       0       0       0       4       0
  366.000        8.656       0       1     200       0       0       0       2       0       0       0       0       4       0       0       0       2       0       0       0       4       0
  367.000        8.656       0       1     200       0       0       0       2       0       0       0       0       4       0       0       0       2       0       0       0       4       0
  368.000        8.656       0       1     200       0       0       0       2       0       0       0       0       4       0       0       0       2       0       0       0       4       0
  369.000        8.656       0       1     200       0       0       0       2       0       0       0       0       4       0       0       0       2       0       0       0       4       0
  370.000        8.656       0       1     200       0       0       0       2       0       0       0       0       4       0       0       0       2       0       0       0       4       0
  371.000        8.656       0       1     200       0       0       0       2       0       0       0       0       4       0       0       0       2       0       0       0       4       0
  372.000        8.656       0       1     200       0       0       0       3       0       0       0       0       4       0       0       0       2       0       0       0       4       0
  373.000        8.656       0       1     200       0       0       0       2       0       0       0       0       4       0       0       0       2       0       0       0       4       0
  374.000        8.656       0       1     200       0       0       0       2       0       0       0       0       4       0       0       0       2       0       0       0       4       0
  375.000        8.656       0       1     200       0       0       0       2       0       0       0       0       4       0       0       0       2       0       0       0       4       0
  376.000        8.656       0       1     200       0       0       0       2       0       0       0       0       4       0       0       0       2       0       0       0       4       0
  377.000        8.656       0       1     200       0       0       0       2       0       0       0       0       4       0       0       0       2       0       0       0       4       0
  378.000        8.656       0       1     200       0       0       0       2       0       0       0       0       4       0       0       0       2       0       0       0       4       0
  379.000        8.656       0       1     200       0       0       0       2       0       0       0       0       4       0       0       0       2       0       0       0       4       0
  380.000        8.656       0       1     200       0       0       0       2       0       0       0       0       4       0       0       0       2       0       0       0       4       0
  381.000        8.656       0       1     200       0       0       0       2       0       0       0       0       4       0       0       0       2       0       0       0       4       0
  382.000        8.656       0       1     200       0       0       0       3       0       0       0       0       4       0       0       0       2       0       0       0       4       0
  383.000        8.656       0       1     200       0       0       0       2       0       0       0       0       4       0       0       0       2       0       0       0       4       0
  384.000        8.656       0       1     200       0       0       0       2       0       0       0       0       4       0       0       0       2       0       0       0       4       0
  385.000        8.656       0       1     200       0       0       0       2       0       0       0       0       4       0       0       0       2       0       0       0       4       0
  386.000        8.656       0       1     200       0       0       0       2       0       0       0       0       4       0       0       0       2       0       0       0       4       0
  387.000        8.656       0       1     200       0       0       0       2       0       0       0       0       4       0       0       0       2       0       0       0       4       0
  388.000        8.656       0       1     200       0       0       0       2       0       0       0       0       4       0       0       0       2       0       0       0       4       0
  389.000        8.656       0       1     200       0       0       0       2       0       0       0       0       4       0       0       0       2       0       0       0       4       0
  390.000        8.656       0       1     200       0       0       0       2       0       0       0       0       4       0       0       0       2       0       0       0       4       0
  391.000        8.656       0       1     200       0       0       0       2       0       0       0       0       4       0       0       0       2       0       0       0       4       0
  392.000        8.656       0       1     200       0       0       0       3       0       0       0       0       4       0       0       0       2       0       0       0       4       0
  393.000        8.656       0       1     200       0       0       0       2       0       0       0       0       4       0       0       0       2       0       0       0       4       0
  394.000        8.656       0       1     200       0       0       0       2       0       0       0       0       4       0       0       0       2       0       0       0       4       0
  395.000        8.656       0       1     200       0       0       0       2       0       0       0       0       4       0       0       0       2       0       0       0       4       0
  396.000        8.656       0       1     200       0       0       0       2       0       0       0       0       4       0       0       0       2       0       0       0       4       0
  397.000        8.656       0       1     200       0       0       0       2       0       0       0       0       4       0       0       0       2       0       0       0       4       0
  398.000        8.656       0       1     200       0       0       0       2       0       0       0       0       4       0       0       0       2       0       0       0       4       0
  399.000        8.656       0       1     200       0       0       0       2       0       0       0       0       4       0       0       0       2       0       0       0       4       0
  400.000        8.656       0       1     200       0       0       0       2       0       0       0       0       4       0       0       0       2       0       0       0       4       0
  401.000        8.656       0       1     200       0       0       0       2       0       0       0       0       4       0       0       0       2       0       0       0       4       0
  402.000        8.656       0       1     200       0       0       0       3       0       0       0       0       4       0       0       0       2       0       0       0       4       0
  403.000        8.656       0       1     200       0       0       0       2       0       0       0       0       4       0       0       0       2       0       0       0       4       0
  404.000        8.656       0       1     200       0       0       0       2       0       0       0       0       4       0       0       0       2       0       0       0       4       0
  405.000        8.656       0       1     200       0       0       0       2       0       0       0       0       4       0       0       0       2       0       0       0       4       0
  406.000        8.656       0       1     200       0       0       0       2       0       0       0       0       4       0       0       0       2       0       0       0       4       0
  407.000        8.656       0       1     200       0       0       0       2       0       0       0       0       4       0       0       0       2       0       0       0       4       0
  408.000        8.656       0       1     200       0       0       0       2       0       0       0       0       4       0       0       0       2       0       0       0       4       0
  409.000        8.656       0       1     200       0       0       0       2       0       0       0       0       4       0       0       0       2       0       0       0       4       0
  410.000        8.656       0       1     200       0       0       0       2       0       0       0       0       4       0       0       0       2       0       0       0       4       0
  411.000        8.656       0       1     200       0       0       0       2       0       0       0       0       4       0       0       0       2       0       0       0       4       0
  412.000        8.656       0       1     200       0       0       0       3       0       0       0       0       4       0       0       0       2       0       0       0       4       0
  413.000        8.656       0       1     200       0       0       0       2       0       0       0       0       4       0       0       0       2       0       0       0       4       0
  414.000        8.656       0       1     200       0       0       0       2       0       0       0       0       4       0       0       0       2       0       0       0       4       0
  415.000        8.656       0       1     200       0       0       0       2       0       0       0       0       4       0       0       0       2       0       0       0       4       0
  416.000        8.656       0       1     200       0       0       0       2       0       0       0       0       4       0       0       0       2       0       0       0       4       0
  417.000        8.656       0       1     200       0       0       0       2       0       0       0       0       4       0       0       0       2       0       0       0       4       0
  418.000        8.656       0       1     200       0       0       0       2       0       0       0       0       4       0       0       0       2       0       0       0       4       0
  419.000        8.656       0       1     200       0       0       0       2       0       0       0       0       4       0       0       0       2       0       0       0       4       0
  420.000        8.656       0       1     200       0       0       0       2       0       0       0       0       4       0       0       0       2       0       0       0       4       0
  421.000        8.656       0       1     200       0       0       0       2       0       0       0       0       4       0       0       0       2       0       0       0       4       0
  422.000        8.656       0       1     200       0       0       0       3       0       0       0       0       4       0       0       0       2       0       0       0       4       0
  423.000        8.656       0       1     200       0       0       0       2       0       0       0       0       4       0       0       0       2       0       0       0       4       0
  424.000        8.656       0       1     200       0       0       0       2       0       0       0       0       4       0       0       0       2       0       0       0       4       0
  425.000        8.656       0       1     200       0       0       0       2       0       0       0       0       4       0       0       0       2       0       0       0       4       0
  426.000        8.656       0       1     200       0       0       0       2       0       0       0       0       4       0       0       0       2       0       0       0       4       0
  427.000        8.656       0       1     200       0       0       0       2       0       0       0       0       4       0       0       0       2       0       0       0       4       0
  428.000        8.656       0       1     200       0       0       0       2       0       0       0       0       4       0       0       0       2       0       0       0       4       0
  429.000        8.656       0       1     200       0       0       0       2       0       0       0       0       4       0       0       0       2       0       0       0       4       0
  430.000        8.656       0       1     200       0       0       0       2       0       0       0       0       4       0       0       0       2       0       0       0       4       0
  431.000        8.656       0       1     200       0       0       0       2       0       0       0       0       4       0       0       0       2       0       0       0       4       0
  432.000        8.656       0       1     200       0       0       0       3       0       0       0       0       4       0       0       0       2       0       0       0       4       0
  433.000        8.656       0       1     200       0       0       0       2       0       0       0       0       4       0       0       0       2       0       0       0       4       0
  434.000        8.656       0       1     200       0       0       0       2       0       0       0       0       4       0       0       0       2       0       0       0       4       0
  435.000        8.656       0       1     200       0       0       0       2       0       0       0       0       4       0       0       0       2       0       0       0       4       0
  436.000        8.656       0       1     200       0       0       0       2       0       0       0       0       4       0       0       0       2       0       0       0       4       0
  437.000        8.656       0       1     200       0       0       0       2       0       0       0       0       4       0       0       0       2       0       0       0       4       0
  438.000        8.656       0       1     200       0       0       0       2       0       0       0       0       4       0       0       0       2       0       0       0       4       0
  439.000        8.656       0       1     200       0       0       0       2       0       0       0       0       4       0       0       0       2       0       0       0       4       0
  440.000        8.656       0       1     200       0       0       0       2       0       0       0       0       4       0       0       0       2       0       0       0       4       0
  441.000        8.656       0       1     200       0       0       0       2       0       0       0       0       4       0       0       0       2       0       0       0       4       0
  442.000        8.656       0       1     200       0       0       0       3       0       0       0       0       4       0       0       0       2       0       0       0       4       0
  443.000        8.656       0       1     200       0       0       0       2       0       0       0       0       4       0       0       0       2       0       0       0       4       0
  444.000        8.656       0       1     200       0       0       0       2       0       0       0       0       4       0       0       0       2       0       0       0       4       0
  445.000        8.656       0       1     200       0       0       0       2       0       0       0       0       4       0       0       0       2       0       0       0       4       0
  446.000        8.656       0       1     200       0       0       0       2       0       0       0       0       4       0       0       0       2       0       0       0       4       0
  447.000        8.656       0       1     200       0       0       0       2       0       0       0       0       4       0       0       0       2       0       0       0       4       0
  448.000        8.656       0       1     200       0       0       0       2       0       0       0       0       4       0       0       0       2       0       0       0       4       0
  449.000        8.656       0       1     200       0       0       0       2       0       0       0       0       4       0       0       0       2       0       0       0       4       0
  450.000        8.656       0       1     200       0       0       0       2       0       0       0       0       4       0       0       0       2       0       0       0       4       0
  451.000        8.656       0       1     200       0       0       0       2       0       0       0       0       4       0       0       0       2       0       0       0       4       0
  452.000        8.656       0       1     200       0       0       0       3       0       0       0       0       4       0       0       0       2       0       0       0       4       0
  453.000        8.656       0       1     200       0       0       0       2       0       0       0       0       4       0       0       0       2       0       0       0       4       0
  454.000        8.656       0       1     200       0       0       0       2       0       0       0       0       4       0       0       0       2       0       0       0       4       0
  455.000        8.656       0       1     200       0       0       0       2       0       0       0       0       4       0       0       0       2       0       0       0       4       0
  456.000        8.656       0       1     200       0       0       0       2       0       0       0       0       4       0       0       0       2       0       0       0       4       0
  457.000        8.656       0       1     200       0       0       0       2       0       0       0       0       4       0       0       0       2       0       0       0       4       0
  458.000        8.656       0       1     200       0       0       0       2       0       0       0       0       4       0       0       0       2       0       0       0       4       0
  459.000        8.656       0       1     200       0       0       0       2       0       0       0       0       4       0       0       0       2       0       0       0       4       0
  460.000        8.656       0       1     200       0       0       0       2       0       0       0       0       4       0       0       0       2       0       0       0       4       0
  461.000        8.656       0       1     200       0       0       0       2       0       0       0       0       4       0       0       0       2       0       0       0       4       0
  462.000        8.656       0       1     200       0       0       0       3       0       0       0       0       4       0       0       0       2       0       0       0       4       0
  463.000        8.656       0       1     200       0       0       0       2       0       0       0       0       4       0       0       0       2       0       0       0       4       0
  464.000        8.656       0       1     200       0       0       0       2       0       0       0       0       4       0       0       0       2       0       0       0       4       0
  465.000        8.656       0       1     200       0       0       0       2       0       0       0       0       4       0       0       0       2       0       0       0       4       0
  466.000        8.656       0       1     200       0       0       0       2       0       0       0       0       4       0       0       0       2       0       0       0       4       0
  467.000        8.656       0       1     200       0       0       0       2       0       0       0       0       4       0       0       0       2       0       0       0       4       0
  468.000        8.656       0       1     200       0       0       0       2       0       0       0       0       4       0       0       0       2       0       0       0       4       0
  469.000        8.656       0       1     200       0       0       0       2       0       0       0       0       4       0       0       0       2       0       0       0       4       0
  470.000        8.656       0       1     200       0       0       0       2       0       0       0       0       4       0       0       0       2       0       0       0       4       0
  471.000        8.656       0       1     200       0       0       0       2       0       0       0       0       4       0       0       0       2       0       0       0       4       0
  472.000        8.656       0       1     200       0       0       0       3       0       0       0       0       4       0       0       0       2       0       0       0       4       0
  473.000        8.656       0       1     200       0       0       0       2       0       0       0       0       4       0       0       0       2       0       0       0       4       0
  474.000        8.656       0       1     200       0       0       0       2       0       0       0       0       4       0       0       0       2       0       0       0       4       0
  475.000        8.656       0       1     200       0       0       0       2       0       0       0       0       4       0       0       0       2       0       0       0       4       0
  476.000        8.656       0       1     200       0       0       0       2       0       0       0       0       4       0       0       0       2       0       0       0       4       0
  477.000        8.656       0       1     200       0       0       0       2       0       0       0       0       4       0       0       0       2       0       0       0       4       0
  478.000        8.656       0       1     200       0       0       0       2       0       0       0       0       4       0       0       0       2       0       0       0       4       0
  479.000        8.656       0       1     200       0       0       0       2       0       0       0       0       4       0       0       0       2       0       0       0       4       0
  480.000        8.656       0       1     200       0       0       0       2       0       0       0       0       4       0       0       0       2       0       0       0       4       0
  481.000        8.656       0       1     200       0       0       0       2       0       0       0       0       4       0       0       0       2       0       0       0       4       0
  482.000        8.656       0       1     200       0       0       0       3       0       0       0       0       4       0       0       0       2       0       0       0       4       0
  483.000        8.656       0       1     200       0       0       0       2       0       0       0       0       4       0       0       0       2       0       0       0       4       0
  484.000        8.656       0       1     200       0       0       0       2       0       0       0       0       4       0       0       0       2       0       0       0       4       0
  485.000        8.656       0       1     200       0       0       0       2       0       0       0       0       4       0       0       0       2       0       0       0       4       0
  486.000        8.656       0       1     200       0       0       0       2       0       0       0       0       4       0       0       0       2       0       0       0       4       0
  487.000        8.656       0       1     200       0       0       0       2       0       0       0       0       4       0       0       0       2       0       0       0       4       0
  488.000        8.656       0       1     200       0       0       0       2       0       0       0       0       4       0       0       0       2       0       0       0       4       0
  489.000        8.656       0       1     200       0       0       0       2       0       0       0       0       4       0       0       0       2       0       0       0       4       0
  490.000        8.656       0       1     200       0       0       0       2       0       0       0       0       4       0       0       0       2       0       0       0       4       0
  491.000        8.656       0       1     200       0       0       0       2       0       0       0       0       4       0       0       0       2       0       0       0       4       0
  492.000        8.656       0       1     200       0       0       0       3       0       0       0       0       4       0       0       0       2       0       0       0       4       0
  493.000        8.656       0       1     200       0       0       0       2       0       0       0       0       4       0       0       0       2       0       0       0       4       0
  494.000        8.656       0       1     200       0       0       0       2       0       0       0       0       4       0       0       0       2       0       0       0       4       0
  495.000        8.656       0       1     200       0       0       0       2       0       0       0       0       4       0       0       0       2       0       0       0       4       0
  496.000        8.656       0       1     200       0       0       0       2       0       0       0       0       4       0       0       0       2       0       0       0       4       0
  497.000        8.656       0       1     200       0       0       0       2       0       0       0       0       4       0       0       0       2       0       0       0       4       0
  498.000        8.656       0       1     200       0       0       0       2       0       0       0       0       4       0       0       0       2       0       0       0       4       0
  499.000        8.656       0       1     200       0       0       0       2       0       0       0       0       4       0       0       0       2       0       0       0       4       0
  500.000        0.000       0       0     200       0       0       0       0       0       0       0       0       4       0       0       0       2       0       0       0       4       0
