  TimeSec      LoaKbps LoaUsag Packets DlyUsec LoaDrps MetDrps TabDrps FloMods MetMods GroMods  PktsIn PktsOut FloEntr FloUsag MetEntr MetUsag GroEntr GroUsag BufPkts BufUsag  T0Entr  T0Usag
    1.000        0.000       0       0      34       0       0       0       3       0       2       0       0       3       2       0       0       2       0       0       0       3       2
    2.000       17.312       0       2      39       0       0       0       0       0       0       0       0       3       2       0       0       2       0       0       0       3       2
    3.000       17.312       0       2      39       0       0       0       0       0       0       0       0       3       2       0       0       2       0       0       0       3       2
    4.000       17.312       0       2      39       0       0       0       0       0       0       0       0       3       2       0       0       2       0       0       0       3       2
    5.000       17.312       0       2      39       0       0       0       0       0       0       0       0       3       2       0       0       2       0       0       0       3       2
    6.000       17.312       0       2      40       0       0       0       0       0       0       0       0       3       2       0       0       2       0       0       0       3       2
    7.000       17.312       0       2      40       0       0       0       0       0       0       0       0       3       2       0       0       2       0       0       0       3       2
    8.000       17.312       0       2      40       0       0       0       0       0       0       0       0       3       2       0       0       2       0       0       0       3       2
    9.000       17.312       0       2      40       0       0       0       0       0       0       0       0       3       2       0       0       2       0       0       0       3       2
   10.000       17.312       0       2      40       0       0       0       0       0       0       0       0       3       2       0       0       2       0       0       0       3       2
   11.000    42562.336       4    3510     142       0       0       0     174       0       0       0       0     147      74       0       0       2       0       0       0     147      74
   12.000    85070.976       9    7015     158       0       0       0       0       0       0       0       0     174      87       0       0       2       0       0       0     174      87
   13.000    85070.976       9    7015     159       0       0       0       0       0       0       0       0     177      89       0       0       2       0       0       0     177      89
   14.000    82997.088       8    6844     159       0       0       0       0       0       0       0       0     177      89       0       0       2       0       0       0     177      89
   15.000    82681.760       8    6818     159       0       0       0       0       0       0       0       0     177      89       0       0       2       0       0       0     177      89
   16.000    82718.144       8    6821     160       0       0       0       0       0       0       0       0     177      89       0       0       2       0       0       0     177      89
   17.000    82693.888       8    6819     160       0       0       0       0       0       0       0       0     177      89       0       0       2       0       0       0     177      89
   18.000    82730.272       8    6822     160       0       0       0       0       0       0       0       0     177      89       0       0       2       0       0       0     177      89
   19.000    82633.248       8    6814     160       0       0       0       0       0       0       0       0     177      89       0       0       2       0       0       0     177      89
   20.000    82633.248       8    6814     160       0       0       0       0       0       0       0       0     177      89       0       0       2       0       0       0     177      89
   21.000   103845.120      10    8563     160       0       0       0      22       0       0       0       0     196      98       0       0       2       0       0       0     196      98
   22.000   124935.712      12   10302     160       0       0       0       0       0       0       0       0     199     100       0       0       2       0       0       0     199     100
   23.000   124923.584      12   10301     160       0       0       0       0       0       0       0       0     199     100       0       0       2       0       0       0     199     100
   24.000   124947.840      12   10303     160       0       0       0       0       0       0       0       0     199     100       0       0       2       0       0       0     199     100
   25.000   124511.232      12   10267     160       0       0       0       0       0       0       0       0     199     100       0       0       2       0       0       0     199     100
   26.000   123553.120      12   10188     144       0       0       0       0       0       0       0       0     126      63       0       0       2       0       0       0     126      63
   27.000   122109.888      12   10069     140       0       0       0       0       0       0       0       0     113      57       0       0       2       0       0       0     113      57
   28.000   122012.864      12   10061     140       0       0       0       0       0       0       0       0     111      56       0       0       2       0       0       0     111      56
   29.000   122024.992      12   10062     140       0       0       0       0       0       0       0       0     109      55       0       0       2       0       0       0     109      55
   30.000   122073.504      12   10066     140       0       0       0       0       0       0       0       0     109      55       0       0       2       0       0       0     109      55
   31.000   159185.184      16   13126     157       0       0       0      90       0       0       0       0     187      94       0       0       2       0       0       0     187      94
   32.000   195314.496      20   16105     159       0       0       0       0       0       0       0       0     198      99       0       0       2       0       0       0     198      99
   33.000   190451.168      19   15704     159       0       0       0       0       0       0       0       0     199     100       0       0       2       0       0       0     199     100
   34.000   189541.568      19   15629     159       0       0       0       0       0       0       0       0     199     100       0       0       2       0       0       0     199     100
   35.000   187722.368      19   15479     160       0       0       0       0       0       0       0       0     198      99       0       0       2       0       0       0     198      99
   36.000   186485.312      19   15377     160       0       0       0       0       0       0       0       0     188      94       0       0       2       0       0       0     188      94
   37.000   183089.472      18   15097     160       0       0       0       0       0       0       0       0     187      94       0       0       2       0       0       0     187      94
   38.000   177704.640      18   14653     160       0       0       0       0       0       0       0       0     187      94       0       0       2       0       0       0     187      94
   39.000   174296.672      17   14372     160       0       0       0       0       0       0       0       0     187      94       0       0       2       0       0       0     187      94
   40.000   169930.592      17   14012     160       0       0       0       0       0       0       0       0     187      94       0       0       2       0       0       0     187      94
   41.000   173277.920      17   14288     160       0       0       0      14       0       0       0       0     198      99       0       0       2       0       0       0     198      99
   42.000   184180.992      18   15187     160       0       0       0       0       0       0       0       0     198      99       0       0       2       0       0       0     198      99
   43.000   183247.136      18   15110     160       0       0       0       0       0       0       0       0     198      99       0       0       2       0       0       0     198      99
   44.000   181246.016      18   14945     160       0       0       0       0       0       0       0       0     198      99       0       0       2       0       0       0     198      99
   45.000   181246.016      18   14945     160       0       0       0       0       0       0       0       0     198      99       0       0       2       0       0       0     198      99
   46.000   174818.176      17   14415     160       0       0       0       0       0       0       0       0     156      78       0       0       2       0       0       0     156      78
   47.000   171398.080      17   14133     160       0       0       0       0       0       0       0       0     150      75       0       0       2       0       0       0     150      75
   48.000   169312.064      17   13961     160       0       0       0       0       0       0       0       0     144      72       0       0       2       0       0       0     144      72
   49.000   164606.400      16   13573     160       0       0       0       0       0       0       0       0     143      72       0       0       2       0       0       0     143      72
   50.000   164084.896      16   13530     160       0       0       0       0       0       0       0       0     141      71       0       0       2       0       0       0     141      71
   51.000   198540.544      20   16371     160       0       0       0      58       0       0       0       0     190      95       0       0       2       0       0       0     190      95
   52.000   233554.080      23   19258     160       0       0       0       0       0       0       0       0     194      97       0       0       2       0       0       0     194      97
   53.000   231916.800      23   19123     160       0       0       0       0       0       0       0       0     190      95       0       0       2       0       0       0     190      95
   54.000   230218.880      23   18983     160       0       0       0       0       0       0       0       0     188      94       0       0       2       0       0       0     188      94
   55.000   228508.832      23   18842     160       0       0       0       0       0       0       0       0     185      93       0       0       2       0       0       0     185      93
   56.000   223694.016      22   18445     160       0       0       0       0       0       0       0       0     177      89       0       0       2       0       0       0     177      89
   57.000   222578.240      22   18353     160       0       0       0       0       0       0       0       0     176      88       0       0       2       0       0       0     176      88
   58.000   219424.960      22   18093     160       0       0       0       0       0       0       0       0     175      88       0       0       2       0       0       0     175      88
   59.000   217811.936      22   17960     160       0       0       0       0       0       0       0       0     173      87       0       0       2       0       0       0     173      87
   60.000   217581.504      22   17941     160       0       0       0       0       0       0       0       0     173      87       0       0       2       0       0       0     173      87
   61.000   239084.448      24   19714     160       0       0       0      26       0       0       0       0     191      96       0       0       2       0       0       0     191      96
   62.000   259229.056      26   21375     160       0       0       0       0       0       0       0       0     191      96       0       0       2       0       0       0     191      96
   63.000   256476.000      26   21148     160       0       0       0       0       0       0       0       0     188      94       0       0       2       0       0       0     188      94
   64.000   253456.128      25   20899     160       0       0       0       0       0       0       0       0     184      92       0       0       2       0       0       0     184      92
   65.000   249235.584      25   20551     160       0       0       0       0       0       0       0       0     183      92       0       0       2       0       0       0     183      92
   66.000   249320.480      25   20558     160       0       0       0       0       0       0       0       0     155      78       0       0       2       0       0       0     155      78
   67.000   247513.408      25   20409     160       0       0       0       0       0       0       0       0     151      76       0       0       2       0       0       0     151      76
   68.000   245742.720      25   20263     160       0       0       0       0       0       0       0       0     150      75       0       0       2       0       0       0     150      75
   69.000   244408.640      24   20153     160       0       0       0       0       0       0       0       0     149      75       0       0       2       0       0       0     149      75
   70.000   239605.952      24   19757     160       0       0       0       0       0       0       0       0     148      74       0       0       2       0       0       0     148      74
   71.000   260963.360      26   21518     160       0       0       0      52       0       0       0       0     191      96       0       0       2       0       0       0     191      96
   72.000   280064.960      28   23093     160       0       0       0       0       0       0       0       0     197      99       0       0       2       0       0       0     197      99
   73.000   278585.344      28   22971     160       0       0       0       0       0       0       0       0     195      98       0       0       2       0       0       0     195      98
   74.000   268834.432      27   22167     160       0       0       0       0       0       0       0       0     193      97       0       0       2       0       0       0     193      97
   75.000   261496.992      26   21562     160       0       0       0       0       0       0       0       0     192      96       0       0       2       0       0       0     192      96
   76.000   258004.128      26   21274     160       0       0       0       0       0       0       0       0     180      90       0       0       2       0       0       0     180      90
   77.000   247962.144      25   20446     160       0       0       0       0       0       0       0       0     178      89       0       0       2       0       0       0     178      89
   78.000   244287.360      24   20143     160       0       0       0       0       0       0       0       0     177      89       0       0       2       0       0       0     177      89
   79.000   241413.024      24   19906     160       0       0       0       0       0       0       0       0     176      88       0       0       2       0       0       0     176      88
   80.000   236452.672      24   19497     160       0       0       0       0       0       0       0       0     174      87       0       0       2       0       0       0     174      87
   81.000   254535.520      25   20988     160       0       0       0      26       0       0       0       0     197      99       0       0       2       0       0       0     197      99
   82.000   272193.888      27   22444     160       0       0       0       0       0       0       0       0     198      99       0       0       2       0       0       0     198      99
   83.000   267366.944      27   22046     160       0       0       0       0       0       0       0       0     197      99       0       0       2       0       0       0     197      99
   84.000   262818.944      26   21671     160       0       0       0       0       0       0       0       0     195      98       0       0       2       0       0       0     195      98
   85.000   260162.912      26   21452     160       0       0       0       0       0       0       0       0     193      97       0       0       2       0       0       0     193      97
   86.000   254802.336      25   21010     160       0       0       0       0       0       0       0       0     167      84       0       0       2       0       0       0     167      84
   87.000   249672.192      25   20587     160       0       0       0       0       0       0       0       0     162      81       0       0       2       0       0       0     162      81
   88.000   246919.136      25   20360     160       0       0       0       0       0       0       0       0     160      80       0       0       2       0       0       0     160      80
   89.000   242055.808      24   19959     160       0       0       0       0       0       0       0       0     156      78       0       0       2       0       0       0     156      78
   90.000   237835.264      24   19611     160       0       0       0       0       0       0       0       0     154      77       0       0       2       0       0       0     154      77
   91.000   247549.792      25   20412     160       0       0       0      46       0       0       0       0     191      96       0       0       2       0       0       0     191      96
   92.000   257846.464      26   21261     160       0       0       0       0       0       0       0       0     192      96       0       0       2       0       0       0     192      96
   93.000   249696.448      25   20589     160       0       0       0       0       0       0       0       0     190      95       0       0       2       0       0       0     190      95
   94.000   241728.352      24   19932     160       0       0       0       0       0       0       0       0     189      95       0       0       2       0       0       0     189      95
   95.000   240066.816      24   19795     160       0       0       0       0       0       0       0       0     186      93       0       0       2       0       0       0     186      93
   96.000   235773.504      24   19441     160       0       0       0       0       0       0       0       0     174      87       0       0       2       0       0       0     174      87
   97.000   227441.568      23   18754     160       0       0       0       0       0       0       0       0     170      85       0       0       2       0       0       0     170      85
   98.000   223111.872      22   18397     160       0       0       0       0       0       0       0       0     168      84       0       0       2       0       0       0     168      84
   99.000   219121.760      22   18068     160       0       0       0       0       0       0       0       0     165      83       0       0       2       0       0       0     165      83
  100.000   214901.216      21   17720     160       0       0       0       0       0       0       0       0     164      82       0       0       2       0       0       0     164      82
  101.000   228387.552      23   18832     160       0       0       0      38       0       0       0       0     193      97       0       0       2       0       0       0     193      97
  102.000   248313.856      25   20475     160       0       0       0       0       0       0       0       0     193      97       0       0       2       0       0       0     193      97
  103.000   235082.208      24   19384     160       0       0       0       0       0       0       0       0     191      96       0       0       2       0       0       0     191      96
  104.000   231140.608      23   19059     160       0       0       0       0       0       0       0       0     188      94       0       0       2       0       0       0     188      94
  105.000   218745.792      22   18037     160       0       0       0       0       0       0       0       0     185      93       0       0       2       0       0       0     185      93
  106.000   212257.312      21   17502     160       0       0       0       0       0       0       0       0     160      80       0       0       2       0       0       0     160      80
  107.000   206884.608      21   17059     160       0       0       0       0       0       0       0       0     154      77       0       0       2       0       0       0     154      77
  108.000   197909.888      20   16319     160       0       0       0       0       0       0       0       0     150      75       0       0       2       0       0       0     150      75
  109.000   190426.912      19   15702     160       0       0       0       0       0       0       0       0     147      74       0       0       2       0       0       0     147      74
  110.000   181767.520      18   14988     160       0       0       0       0       0       0       0       0     147      74       0       0       2       0       0       0     147      74
  111.000   202700.448      20   16714     160       0       0       0      54       0       0       0       0     191      96       0       0       2       0       0       0     191      96
  112.000   228375.424      23   18831     160       0       0       0       0       0       0       0       0     194      97       0       0       2       0       0       0     194      97
  113.000   225258.528      23   18574     160       0       0       0       0       0       0       0       0     191      96       0       0       2       0       0       0     191      96
  114.000   222444.832      22   18342     160       0       0       0       0       0       0       0       0     189      95       0       0       2       0       0       0     189      95
  115.000   218030.240      22   17978     160       0       0       0       0       0       0       0       0     186      93       0       0       2       0       0       0     186      93
  116.000   216429.344      22   17846     160       0       0       0       0       0       0       0       0     167      84       0       0       2       0       0       0     167      84
  117.000   214258.432      21   17667     160       0       0       0       0       0       0       0       0     163      82       0       0       2       0       0       0     163      82
  118.000   209758.944      21   17296     160       0       0       0       0       0       0       0       0     156      78       0       0       2       0       0       0     156      78
  119.000   205817.344      21   16971     160       0       0       0       0       0       0       0       0     153      77       0       0       2       0       0       0     153      77
  120.000   198601.184      20   16376     160       0       0       0       0       0       0       0       0     147      74       0       0       2       0       0       0     147      74
  121.000   216611.264      22   17861     160       0       0       0      54       0       0       0       0     191      96       0       0       2       0       0       0     191      96
  122.000   238174.848      24   19639     160       0       0       0       0       0       0       0       0     195      98       0       0       2       0       0       0     195      98
  123.000   231698.496      23   19105     160       0       0       0       0       0       0       0       0     192      96       0       0       2       0       0       0     192      96
  124.000   221620.128      22   18274     160       0       0       0       0       0       0       0       0     189      95       0       0       2       0       0       0     189      95
  125.000   216138.272      22   17822     160       0       0       0       0       0       0       0       0     186      93       0       0       2       0       0       0     186      93
  126.000   212099.648      21   17489     160       0       0       0       0       0       0       0       0     159      80       0       0       2       0       0       0     159      80
  127.000   207988.256      21   17150     160       0       0       0       0       0       0       0       0     154      77       0       0       2       0       0       0     154      77
  128.000   204216.448      20   16839     160       0       0       0       0       0       0       0       0     152      76       0       0       2       0       0       0     152      76
  129.000   202736.832      20   16717     160       0       0       0       0       0       0       0       0     151      76       0       0       2       0       0       0     151      76
  130.000   195654.080      20   16133     160       0       0       0       0       0       0       0       0     150      75       0       0       2       0       0       0     150      75
  131.000   228242.016      23   18820     160       0       0       0      50       0       0       0       0     192      96       0       0       2       0       0       0     192      96
  132.000   260684.416      26   21495     160       0       0       0       0       0       0       0       0     198      99       0       0       2       0       0       0     198      99
  133.000   252291.840      25   20803     160       0       0       0       0       0       0       0       0     196      98       0       0       2       0       0       0     196      98
  134.000   246749.344      25   20346     160       0       0       0       0       0       0       0       0     194      97       0       0       2       0       0       0     194      97
  135.000   244857.376      24   20190     160       0       0       0       0       0       0       0       0     190      95       0       0       2       0       0       0     190      95
  136.000   238999.552      24   19707     160       0       0       0       0       0       0       0       0     159      80       0       0       2       0       0       0     159      80
  137.000   230461.440      23   19003     160       0       0       0       0       0       0       0       0     152      76       0       0       2       0       0       0     152      76
  138.000   217520.864      22   17936     160       0       0       0       0       0       0       0       0     148      74       0       0       2       0       0       0     148      74
  139.000   210583.648      21   17364     160       0       0       0       0       0       0       0       0     144      72       0       0       2       0       0       0     144      72
  140.000   208376.352      21   17182     160       0       0       0       0       0       0       0       0     141      71       0       0       2       0       0       0     141      71
  141.000   232595.968      23   19179     160       0       0       0      60       0       0       0       0     191      96       0       0       2       0       0       0     191      96
  142.000   250460.512      25   20652     160       0       0       0       0       0       0       0       0     197      99       0       0       2       0       0       0     197      99
  143.000   243547.552      24   20082     160       0       0       0       0       0       0       0       0     196      98       0       0       2       0       0       0     196      98
  144.000   235991.808      24   19459     160       0       0       0       0       0       0       0       0     195      98       0       0       2       0       0       0     195      98
  145.000   229018.208      23   18884     160       0       0       0       0       0       0       0       0     193      97       0       0       2       0       0       0     193      97
  146.000   219534.112      22   18102     160       0       0       0       0       0       0       0       0     171      86       0       0       2       0       0       0     171      86
  147.000   203597.920      20   16788     160       0       0       0       0       0       0       0       0     167      84       0       0       2       0       0       0     167      84
  148.000   200614.432      20   16542     160       0       0       0       0       0       0       0       0     163      82       0       0       2       0       0       0     163      82
  149.000   196575.808      20   16209     160       0       0       0       0       0       0       0       0     161      81       0       0       2       0       0       0     161      81
  150.000   191688.224      19   15806     160       0       0       0       0       0       0       0       0     160      80       0       0       2       0       0       0     160      80
  151.000   212075.392      21   17487     160       0       0       0      40       0       0       0       0     192      96       0       0       2       0       0       0     192      96
  152.000   233638.976      23   19265     160       0       0       0       0       0       0       0       0     194      97       0       0       2       0       0       0     194      97
  153.000   220431.584      22   18176     160       0       0       0       0       0       0       0       0     191      96       0       0       2       0       0       0     191      96
  154.000   216829.568      22   17879     160       0       0       0       0       0       0       0       0     188      94       0       0       2       0       0       0     188      94
  155.000   216441.472      22   17847     160       0       0       0       0       0       0       0       0     187      94       0       0       2       0       0       0     187      94
  156.000   214779.936      21   17710     160       0       0       0       0       0       0       0       0     152      76       0       0       2       0       0       0     152      76
  157.000   213821.824      21   17631     160       0       0       0       0       0       0       0       0     142      71       0       0       2       0       0       0     142      71
  158.000   207660.800      21   17123     160       0       0       0       0       0       0       0       0     140      70       0       0       2       0       0       0     140      70
  159.000   201160.192      20   16587     160       0       0       0       0       0       0       0       0     136      68       0       0       2       0       0       0     136      68
  160.000   199462.272      20   16447     160       0       0       0       0       0       0       0       0     134      67       0       0       2       0       0       0     134      67
  161.000   231916.800      23   19123     160       0       0       0      68       0       0       0       0     189      95       0       0       2       0       0       0     189      95
  162.000   264807.936      26   21835     160       0       0       0       0       0       0       0       0     193      97       0       0       2       0       0       0     193      97
  163.000   262236.800      26   21623     160       0       0       0       0       0       0       0       0     193      97       0       0       2       0       0       0     193      97
  164.000   261606.144      26   21571     160       0       0       0       0       0       0       0       0     191      96       0       0       2       0       0       0     191      96
  165.000   258452.864      26   21311     160       0       0       0       0       0       0       0       0     188      94       0       0       2       0       0       0     188      94
  166.000   247440.640      25   20403     160       0       0       0       0       0       0       0       0     167      84       0       0       2       0       0       0     167      84
  167.000   244651.200      24   20173     160       0       0       0       0       0       0       0       0     162      81       0       0       2       0       0       0     162      81
  168.000   239800.000      24   19773     160       0       0       0       0       0       0       0       0     160      80       0       0       2       0       0       0     160      80
  169.000   234742.624      23   19356     160       0       0       0       0       0       0       0       0     159      80       0       0       2       0       0       0     159      80
  170.000   228266.272      23   18822     160       0       0       0       0       0       0       0       0     158      79       0       0       2       0       0       0     158      79
  171.000   241776.864      24   19936     160       0       0       0      42       0       0       0       0     194      97       0       0       2       0       0       0     194      97
  172.000   261460.608      26   21559     160       0       0       0       0       0       0       0       0     198      99       0       0       2       0       0       0     198      99
  173.000   260005.248      26   21439     160       0       0       0       0       0       0       0       0     195      98       0       0       2       0       0       0     195      98
  174.000   258646.912      26   21327     160       0       0       0       0       0       0       0       0     193      97       0       0       2       0       0       0     193      97
  175.000   258404.352      26   21307     160       0       0       0       0       0       0       0       0     191      96       0       0       2       0       0       0     191      96
  176.000   257191.552      26   21207     160       0       0       0       0       0       0       0       0     157      79       0       0       2       0       0       0     157      79
  177.000   254159.552      25   20957     160       0       0       0       0       0       0       0       0     151      76       0       0       2       0       0       0     151      76
  178.000   252231.200      25   20798     160       0       0       0       0       0       0       0       0     149      75       0       0       2       0       0       0     149      75
  179.000   244044.800      24   20123     160       0       0       0       0       0       0       0       0     148      74       0       0       2       0       0       0     148      74
  180.000   237568.448      24   19589     160       0       0       0       0       0       0       0       0     147      74       0       0       2       0       0       0     147      74
  181.000   259459.488      26   21394     160       0       0       0      54       0       0       0       0     190      95       0       0       2       0       0       0     190      95
  182.000   279252.384      28   23026     160       0       0       0       0       0       0       0       0     195      98       0       0       2       0       0       0     195      98
  183.000   271538.976      27   22390     160       0       0       0       0       0       0       0       0     193      97       0       0       2       0       0       0     193      97
  184.000   265414.336      27   21885     160       0       0       0       0       0       0       0       0     190      95       0       0       2       0       0       0     190      95
  185.000   259156.288      26   21369     160       0       0       0       0       0       0       0       0     188      94       0       0       2       0       0       0     188      94
  186.000   255978.752      26   21107     160       0       0       0       0       0       0       0       0     163      82       0       0       2       0       0       0     163      82
  187.000   251539.904      25   20741     160       0       0       0       0       0       0       0       0     158      79       0       0       2       0       0       0     158      79
  188.000   243753.728      24   20099     160       0       0       0       0       0       0       0       0     156      78       0       0       2       0       0       0     156      78
  189.000   236816.512      24   19527     160       0       0       0       0       0       0       0       0     154      77       0       0       2       0       0       0     154      77
  190.000   233833.024      23   19281     160       0       0       0       0       0       0       0       0     154      77       0       0       2       0       0       0     154      77
  191.000   258816.704      26   21341     160       0       0       0      46       0       0       0       0     193      97       0       0       2       0       0       0     193      97
  192.000   278864.288      28   22994     160       0       0       0       0       0       0       0       0     198      99       0       0       2       0       0       0     198      99
  193.000   273527.968      27   22554     160       0       0       0       0       0       0       0       0     198      99       0       0       2       0       0       0     198      99
  194.000   263401.088      26   21719     160       0       0       0       0       0       0       0       0     195      98       0       0       2       0       0       0     195      98
  195.000   262164.032      26   21617     160       0       0       0       0       0       0       0       0     192      96       0       0       2       0       0       0     192      96
  196.000   256706.432      26   21167     160       0       0       0       0       0       0       0       0     161      81       0       0       2       0       0       0     161      81
  197.000   251345.856      25   20725     160       0       0       0       0       0       0       0       0     153      77       0       0       2       0       0       0     153      77
  198.000   248338.112      25   20477     160       0       0       0       0       0       0       0       0     149      75       0       0       2       0       0       0     149      75
  199.000   242055.808      24   19959     160       0       0       0       0       0       0       0       0     144      72       0       0       2       0       0       0     144      72
  200.000   235737.120      24   19438     160       0       0       0       0       0       0       0       0     142      71       0       0       2       0       0       0     142      71
  201.000   255505.760      26   21068     160       0       0       0      58       0       0       0       0     190      95       0       0       2       0       0       0     190      95
  202.000   269780.416      27   22245     160       0       0       0       0       0       0       0       0     196      98       0       0       2       0       0       0     196      98
  203.000   269307.424      27   22206     160       0       0       0       0       0       0       0       0     194      97       0       0       2       0       0       0     194      97
  204.000   263194.912      26   21702     160       0       0       0       0       0       0       0       0     193      97       0       0       2       0       0       0     193      97
  205.000   258792.448      26   21339     160       0       0       0       0       0       0       0       0     191      96       0       0       2       0       0       0     191      96
  206.000   253007.392      25   20862     160       0       0       0       0       0       0       0       0     170      85       0       0       2       0       0       0     170      85
  207.000   248665.568      25   20504     160       0       0       0       0       0       0       0       0     164      82       0       0       2       0       0       0     164      82
  208.000   241425.152      24   19907     160       0       0       0       0       0       0       0       0     161      81       0       0       2       0       0       0     161      81
  209.000   238089.952      24   19632     160       0       0       0       0       0       0       0       0     158      79       0       0       2       0       0       0     158      79
  210.000   236937.792      24   19537     160       0       0       0       0       0       0       0       0     157      79       0       0       2       0       0       0     157      79
  211.000   260065.888      26   21444     160       0       0       0      44       0       0       0       0     194      97       0       0       2       0       0       0     194      97
  212.000   276863.168      28   22829     160       0       0       0       0       0       0       0       0     197      99       0       0       2       0       0       0     197      99
  213.000   274304.160      27   22618     160       0       0       0       0       0       0       0       0     195      98       0       0       2       0       0       0     195      98
  214.000   271745.152      27   22407     160       0       0       0       0       0       0       0       0     192      96       0       0       2       0       0       0     192      96
  215.000   263207.040      26   21703     160       0       0       0       0       0       0       0       0     189      95       0       0       2       0       0       0     189      95
  216.000   258173.920      26   21288     160       0       0       0       0       0       0       0       0     157      79       0       0       2       0       0       0     157      79
  217.000   245136.320      25   20213     160       0       0       0       0       0       0       0       0     149      75       0       0       2       0       0       0     149      75
  218.000   228363.296      23   18830     160       0       0       0       0       0       0       0       0     148      74       0       0       2       0       0       0     148      74
  219.000   217411.712      22   17927     160       0       0       0       0       0       0       0       0     144      72       0       0       2       0       0       0     144      72
  220.000   205999.264      21   16986     160       0       0       0       0       0       0       0       0     142      71       0       0       2       0       0       0     142      71
  221.000   226580.480      23   18683     160       0       0       0      58       0       0       0       0     191      96       0       0       2       0       0       0     191      96
  222.000   256451.744      26   21146     160       0       0       0       0       0       0       0       0     196      98       0       0       2       0       0       0     196      98
  223.000   255299.584      26   21051     160       0       0       0       0       0       0       0       0     194      97       0       0       2       0       0       0     194      97
  224.000   247998.528      25   20449     160       0       0       0       0       0       0       0       0     192      96       0       0       2       0       0       0     192      96
  225.000   241037.056      24   19875     160       0       0       0       0       0       0       0       0     192      96       0       0       2       0       0       0     192      96
  226.000   237059.072      24   19547     160       0       0       0       0       0       0       0       0     170      85       0       0       2       0       0       0     170      85
  227.000   232595.968      23   19179     160       0       0       0       0       0       0       0       0     165      83       0       0       2       0       0       0     165      83
  228.000   230546.336      23   19010     160       0       0       0       0       0       0       0       0     163      82       0       0       2       0       0       0     163      82
  229.000   227041.344      23   18721     160       0       0       0       0       0       0       0       0     162      81       0       0       2       0       0       0     162      81
  230.000   219291.552      22   18082     160       0       0       0       0       0       0       0       0     157      79       0       0       2       0       0       0     157      79
  231.000   238926.784      24   19701     160       0       0       0      44       0       0       0       0     193      97       0       0       2       0       0       0     193      97
  232.000   258258.816      26   21295     160       0       0       0       0       0       0       0       0     194      97       0       0       2       0       0       0     194      97
  233.000   249878.368      25   20604     160       0       0       0       0       0       0       0       0     189      95       0       0       2       0       0       0     189      95
  234.000   245463.776      25   20240     160       0       0       0       0       0       0       0       0     185      93       0       0       2       0       0       0     185      93
  235.000   240770.240      24   19853     160       0       0       0       0       0       0       0       0     181      91       0       0       2       0       0       0     181      91
  236.000   233905.792      23   19287     160       0       0       0       0       0       0       0       0     152      76       0       0       2       0       0       0     152      76
  237.000   220116.256      22   18150     160       0       0       0       0       0       0       0       0     146      73       0       0       2       0       0       0     146      73
  238.000   211517.504      21   17441     160       0       0       0       0       0       0       0       0     145      73       0       0       2       0       0       0     145      73
  239.000   206363.104      21   17016     160       0       0       0       0       0       0       0       0     140      70       0       0       2       0       0       0     140      70
  240.000   203027.904      20   16741     160       0       0       0       0       0       0       0       0     138      69       0       0       2       0       0       0     138      69
  241.000   225852.800      23   18623     160       0       0       0      62       0       0       0       0     190      95       0       0       2       0       0       0     190      95
  242.000   251430.752      25   20732     160       0       0       0       0       0       0       0       0     196      98       0       0       2       0       0       0     196      98
  243.000   249187.072      25   20547     160       0       0       0       0       0       0       0       0     195      98       0       0       2       0       0       0     195      98
  244.000   246846.368      25   20354     160       0       0       0       0       0       0       0       0     193      97       0       0       2       0       0       0     193      97
  245.000   245403.136      25   20235     160       0       0       0       0       0       0       0       0     191      96       0       0       2       0       0       0     191      96
  246.000   241704.096      24   19930     160       0       0       0       0       0       0       0       0     169      85       0       0       2       0       0       0     169      85
  247.000   237568.448      24   19589     160       0       0       0       0       0       0       0       0     163      82       0       0       2       0       0       0     163      82
  248.000   231055.712      23   19052     160       0       0       0       0       0       0       0       0     159      80       0       0       2       0       0       0     159      80
  249.000   222444.832      22   18342     160       0       0       0       0       0       0       0       0     158      79       0       0       2       0       0       0     158      79
  250.000   219255.168      22   18079     160       0       0       0       0       0       0       0       0     155      78       0       0       2       0       0       0     155      78
  251.000   250254.336      25   20635     160       0       0       0      46       0       0       0       0     193      97       0       0       2       0       0       0     193      97
  252.000   274728.640      27   22653     160       0       0       0       0       0       0       0       0     194      97       0       0       2       0       0       0     194      97
  253.000   269841.056      27   22250     160       0       0       0       0       0       0       0       0     190      95       0       0       2       0       0       0     190      95
  254.000   259168.416      26   21370     160       0       0       0       0       0       0       0       0     188      94       0       0       2       0       0       0     188      94
  255.000   248059.168      25   20454     160       0       0       0       0       0       0       0       0     186      93       0       0       2       0       0       0     186      93
  256.000   245366.752      25   20232     160       0       0       0       0       0       0       0       0     151      76       0       0       2       0       0       0     151      76
  257.000   244335.872      24   20147     160       0       0       0       0       0       0       0       0     145      73       0       0       2       0       0       0     145      73
  258.000   236937.792      24   19537     160       0       0       0       0       0       0       0       0     143      72       0       0       2       0       0       0     143      72
  259.000   224870.432      22   18542     160       0       0       0       0       0       0       0       0     142      71       0       0       2       0       0       0     142      71
  260.000   224700.640      22   18528     160       0       0       0       0       0       0       0       0     141      71       0       0       2       0       0       0     141      71
  261.000   252619.296      25   20830     160       0       0       0      60       0       0       0       0     191      96       0       0       2       0       0       0     191      96
  262.000   278876.416      28   22995     160       0       0       0       0       0       0       0       0     196      98       0       0       2       0       0       0     196      98
  263.000   275395.680      28   22708     160       0       0       0       0       0       0       0       0     193      97       0       0       2       0       0       0     193      97
  264.000   272509.216      27   22470     160       0       0       0       0       0       0       0       0     191      96       0       0       2       0       0       0     191      96
  265.000   264419.840      26   21803     160       0       0       0       0       0       0       0       0     190      95       0       0       2       0       0       0     190      95
  266.000   246882.752      25   20357     160       0       0       0       0       0       0       0       0     168      84       0       0       2       0       0       0     168      84
  267.000   232013.824      23   19131     160       0       0       0       0       0       0       0       0     163      82       0       0       2       0       0       0     163      82
  268.000   224712.768      22   18529     160       0       0       0       0       0       0       0       0     160      80       0       0       2       0       0       0     160      80
  269.000   220564.992      22   18187     160       0       0       0       0       0       0       0       0     157      79       0       0       2       0       0       0     157      79
  270.000   215216.544      22   17746     160       0       0       0       0       0       0       0       0     153      77       0       0       2       0       0       0     153      77
  271.000   223948.704      22   18466     160       0       0       0      48       0       0       0       0     193      97       0       0       2       0       0       0     193      97
  272.000   234172.608      23   19309     160       0       0       0       0       0       0       0       0     198      99       0       0       2       0       0       0     198      99
  273.000   233529.824      23   19256     160       0       0       0       0       0       0       0       0     197      99       0       0       2       0       0       0     197      99
  274.000   233481.312      23   19252     160       0       0       0       0       0       0       0       0     194      97       0       0       2       0       0       0     194      97
  275.000   232923.424      23   19206     160       0       0       0       0       0       0       0       0     194      97       0       0       2       0       0       0     194      97
  276.000   229066.720      23   18888     160       0       0       0       0       0       0       0       0     167      84       0       0       2       0       0       0     167      84
  277.000   221826.304      22   18291     160       0       0       0       0       0       0       0       0     161      81       0       0       2       0       0       0     161      81
  278.000   217241.920      22   17913     160       0       0       0       0       0       0       0       0     158      79       0       0       2       0       0       0     158      79
  279.000   207854.848      21   17139     160       0       0       0       0       0       0       0       0     156      78       0       0       2       0       0       0     156      78
  280.000   198698.208      20   16384     160       0       0       0       0       0       0       0       0     152      76       0       0       2       0       0       0     152      76
  281.000   194477.664      19   16036     160       0       0       0      50       0       0       0       0     191      96       0       0       2       0       0       0     191      96
  282.000   198370.752      20   16357     160       0       0       0       0       0       0       0       0     192      96       0       0       2       0       0       0     192      96
  283.000   195617.696      20   16130     160       0       0       0       0       0       0       0       0     190      95       0       0       2       0       0       0     190      95
  284.000   181743.264      18   14986     160       0       0       0       0       0       0       0       0     189      95       0       0       2       0       0       0     189      95
  285.000   170803.808      17   14084     160       0       0       0       0       0       0       0       0     188      94       0       0       2       0       0       0     188      94
  286.000   170124.640      17   14028     160       0       0       0       0       0       0       0       0     161      81       0       0       2       0       0       0     161      81
  287.000   163005.504      16   13441     160       0       0       0       0       0       0       0       0     157      79       0       0       2       0       0       0     157      79
  288.000   157511.520      16   12988     160       0       0       0       0       0       0       0       0     155      78       0       0       2       0       0       0     155      78
  289.000   151787.104      15   12516     160       0       0       0       0       0       0       0       0     155      78       0       0       2       0       0       0     155      78
  290.000   149470.656      15   12325     160       0       0       0       0       0       0       0       0     154      77       0       0       2       0       0       0     154      77
  291.000   157693.440      16   13003     160       0       0       0      46       0       0       0       0     192      96       0       0       2       0       0       0     192      96
  292.000   163235.936      16   13460     160       0       0       0       0       0       0       0       0     194      97       0       0       2       0       0       0     194      97
  293.000   158603.040      16   13078     160       0       0       0       0       0       0       0       0     192      96       0       0       2       0       0       0     192      96
  294.000   154831.232      15   12767     160       0       0       0       0       0       0       0       0     188      94       0       0       2       0       0       0     188      94
  295.000   151386.880      15   12483     160       0       0       0       0       0       0       0       0     185      93       0       0       2       0       0       0     185      93
  296.000   144837.760      14   11943     160       0       0       0       0       0       0       0       0     152      76       0       0       2       0       0       0     152      76
  297.000   141927.040      14   11703     160       0       0       0       0       0       0       0       0     146      73       0       0       2       0       0       0     146      73
  298.000   139634.848      14   11514     160       0       0       0       0       0       0       0       0     144      72       0       0       2       0       0       0     144      72
  299.000   134395.552      13   11082     160       0       0       0       0       0       0       0       0     139      70       0       0       2       0       0       0     139      70
  300.000   129265.408      13   10659     160       0       0       0       0       0       0       0       0     136      68       0       0       2       0       0       0     136      68
  301.000   136239.008      14   11234     160       0       0       0      64       0       0       0       0     191      96       0       0       2       0       0       0     191      96
  302.000   143200.480      14   11808     160       0       0       0       0       0       0       0       0     194      97       0       0       2       0       0       0     194      97
  303.000   141963.424      14   11706     160       0       0       0       0       0       0       0       0     193      97       0       0       2       0       0       0     193      97
  304.000   138785.888      14   11444     160       0       0       0       0       0       0       0       0     190      95       0       0       2       0       0       0     190      95
  305.000   136239.008      14   11234     160       0       0       0       0       0       0       0       0     188      94       0       0       2       0       0       0     188      94
  306.000   131642.496      13   10855     160       0       0       0       0       0       0       0       0     164      82       0       0       2       0       0       0     164      82
  307.000   129095.616      13   10645     160       0       0       0       0       0       0       0       0     158      79       0       0       2       0       0       0     158      79
  308.000   120327.072      12    9922     160       0       0       0       0       0       0       0       0     152      76       0       0       2       0       0       0     152      76
  309.000   119187.040      12    9828     160       0       0       0       0       0       0       0       0     150      75       0       0       2       0       0       0     150      75
  310.000   116482.496      12    9605     160       0       0       0       0       0       0       0       0     147      74       0       0       2       0       0       0     147      74
  311.000   113911.360      11    9393     160       0       0       0      54       0       0       0       0     191      96       0       0       2       0       0       0     191      96
  312.000   106780.096      11    8805     160       0       0       0       0       0       0       0       0     195      98       0       0       2       0       0       0     195      98
  313.000    95864.896      10    7905     160       0       0       0       0       0       0       0       0     194      97       0       0       2       0       0       0     194      97
  314.000    87981.696       9    7255     160       0       0       0       0       0       0       0       0     190      95       0       0       2       0       0       0     190      95
  315.000    86514.208       9    7134     160       0       0       0       0       0       0       0       0     187      94       0       0       2       0       0       0     187      94
  316.000    82269.408       8    6784     160       0       0       0       0       0       0       0       0     151      76       0       0       2       0       0       0     151      76
  317.000    78897.824       8    6506     160       0       0       0       0       0       0       0       0     145      73       0       0       2       0       0       0     145      73
  318.000    74204.288       7    6119     160       0       0       0       0       0       0       0       0     143      72       0       0       2       0       0       0     143      72
  319.000    73985.984       7    6101     160       0       0       0       0       0       0       0       0     141      71       0       0       2       0       0       0     141      71
  320.000    72469.984       7    5976     160       0       0       0       0       0       0       0       0     140      70       0       0       2       0       0       0     140      70
  321.000    70650.784       7    5826     160       0       0       0      44       0       0      51      51     175      88       0       0       2       0       0       0     175      88
  322.000    71390.592       7    5887     160       0       0       0       0       0       0      84      84     178      89       0       0       2       0       0       0     178      89
  323.000    68613.280       7    5658     160       0       0       0       0       0       0      50      50     173      87       0       0       2       0       0       0     173      87
  324.000    63058.656       6    5200     160       0       0       0       0       0       0      48      48     171      86       0       0       2       0       0       0     171      86
  325.000    54714.592       5    4512     160       0       0       0       0       0       0      50      50     169      85       0       0       2       0       0       0     169      85
  326.000    50227.232       5    4142     142       0       0       0       0       0       0      50      50     131      66       0       0       2       0       0       0     131      66
  327.000    43835.776       4    3615     140       0       0       0       0       0       0      48      48     121      61       0       0       2       0       0       0     121      61
  328.000    38863.296       4    3205     140       0       0       0       0       0       0      48      48     116      58       0       0       2       0       0       0     116      58
  329.000    29088.128       3    2399     140       0       0       0       0       0       0      50      50     111      56       0       0       2       0       0       0     111      56
  330.000    26577.632       3    2192     140       0       0       0       0       0       0      40      40     108      54       0       0       2       0       0       0     108      54
  331.000    25498.240       3    2103     140       0       0       0       6       0       0      17      17     110      55       0       0       2       0       0       0     110      55
  332.000    25122.272       3    2072     140       0       0       0       0       0       0      16      16     108      54       0       0       2       0       0       0     108      54
  333.000    20913.856       2    1725     140       0       0       0       0       0       0      18      18     106      53       0       0       2       0       0       0     106      53
  334.000    13673.440       1    1128     140       0       0       0       0       0       0      16      16     105      53       0       0       2       0       0       0     105      53
  335.000     9380.128       1     774     140       0       0       0       0       0       0      16      16     104      52       0       0       2       0       0       0     104      52
  336.000     9270.976       1     765     140       0       0       0       0       0       0       9       9      73      37       0       0       2       0       0       0      73      37
  337.000     9258.848       1     764     136       0       0       0       0       0       0       8       8      66      33       0       0       2       0       0       0      66      33
  338.000     8955.648       1     739     121       0       0       0       0       0       0       8       8      64      32       0       0       2       0       0       0      64      32
  339.000     7985.408       1     659     120       0       0       0       0       0       0       9       9      59      30       0       0       2       0       0       0      59      30
  340.000     7233.472       1     597     120       0       0       0       0       0       0       9       9      54      27       0       0       2       0       0       0      54      27
  341.000     7257.728       1     599     120       0       0       0       2       0       0       8       8      53      27       0       0       2       0       0       0      53      27
  342.000     7233.472       1     597     120       0       0       0       0       0       0       9       9      48      24       0       0       2       0       0       0      48      24
  343.000     7245.600       1     598     120       0       0       0       0       0       0       8       8      44      22       0       0       2       0       0       0      44      22
  344.000     6918.144       1     571     120       0       0       0       0       0       0       9       9      37      19       0       0       2       0       0       0      37      19
  345.000     6287.488       1     519     120       0       0       0       0       0       0       9       9      34      17       0       0       2       0       0       0      34      17
  346.000     4771.488       0     394     102       0       0       0       0       0       0       8       8      27      14       0       0       2       0       0       0      27      14
  347.000     3958.912       0     327     100       0       0       0       0       0       0       9       9      25      13       0       0       2       0       0       0      25      13
  348.000     1751.616       0     145     100       0       0       0       0       0       0       3       3      24      12       0       0       2       0       0       0      24      12
  349.000      284.128       0      24     100       0       0       0       0       0       0       3       3      20      10       0       0       2       0       0       0      20      10
  350.000      296.256       0      25     100       0       0       0       0       0       0       3       3      17       9       0       0       2       0       0       0      17       9
  351.000      259.872       0      22     100       0       0       0       2       0       0       1       1      19      10       0       0       2       0       0       0      19      10
  352.000      211.360       0      18     100       0       0       0       0       0       0       1       1      19      10       0       0       2       0       0       0      19      10
  353.000       17.312       0       2     100       0       0       0       0       0       0       1       1      18       9       0       0       2       0       0       0      18       9
  354.000       17.312       0       2      86       0       0       0       0       0       0       1       1      16       8       0       0       2       0       0       0      16       8
  355.000       17.312       0       2      80       0       0       0       0       0       0       1       1      15       8       0       0       2       0       0       0      15       8
  356.000       17.312       0       2      80       0       0       0       0       0       0       1       1      13       7       0       0       2       0       0       0      13       7
  357.000       17.312       0       2      80       0       0       0       0       0       0       1       1      13       7       0       0       2       0       0       0      13       7
  358.000       17.312       0       2      80       0       0       0       0       0       0       1       1      13       7       0       0       2       0       0       0      13       7
  359.000       17.312       0       2      80       0       0       0       0       0       0       1       1      12       6       0       0       2       0       0       0      12       6
  360.000       17.312       0       2      80       0       0       0       0       0       0       1       1      11       6       0       0       2       0       0       0      11       6
  361.000       17.312       0       2      80       0       0       0       2       0       0       1       1      11       6       0       0       2       0       0       0      11       6
  362.000       17.312       0       2      80       0       0       0       0       0       0       1       1      11       6       0       0       2       0       0       0      11       6
  363.000       17.312       0       2      72       0       0       0       0       0       0       1       1       9       5       0       0       2       0       0       0       9       5
  364.000       17.312       0       2      61       0       0       0       0       0       0       1       1       8       4       0       0       2       0       0       0       8       4
  365.000       17.312       0       2      60       0       0       0       0       0       0       1       1       8       4       0       0       2       0       0       0       8       4
  366.000       17.312       0       2      60       0       0       0       0       0       0       1       1       6       3       0       0       2       0       0       0       6       3
  367.000       17.312       0       2      60       0       0       0       0       0       0       1       1       6       3       0       0       2       0       0       0       6       3
  368.000       17.312       0       2      60       0       0       0       0       0       0       1       1       5       3       0       0       2       0       0       0       5       3
  369.000       17.312       0       2      60       0       0       0       0       0       0       1       1       5       3       0       0       2       0       0       0       5       3
  370.000       17.312       0       2      60       0       0       0       0       0       0       1       1       5       3       0       0       2       0       0       0       5       3
  371.000       17.312       0       2      60       0       0       0       2       0       0       1       1       7       4       0       0       2       0       0       0       7       4
  372.000       17.312       0       2      60       0       0       0       0       0       0       1       1       7       4       0       0       2       0       0       0       7       4
  373.000       17.312       0       2      60       0       0       0       0       0       0       1       1       7       4       0       0       2       0       0       0       7       4
  374.000       17.312       0       2      60       0       0       0       0       0       0       1       1       7       4       0       0       2       0       0       0       7       4
  375.000       17.312       0       2      60       0       0       0       0       0       0       1       1       7       4       0       0       2       0       0       0       7       4
  376.000       17.312       0       2      60       0       0       0       0       0       0       1       1       5       3       0       0       2       0       0       0       5       3
  377.000       17.312       0       2      60       0       0       0       0       0       0       1       1       5       3       0       0       2       0       0       0       5       3
  378.000       17.312       0       2      60       0       0       0       0       0       0       1       1       5       3       0       0       2       0       0       0       5       3
  379.000       17.312       0       2      60       0       0       0       0       0       0       1       1       5       3       0       0       2       0       0       0       5       3
  380.000       17.312       0       2      60       0       0       0       0       0       0       1       1       5       3       0       0       2       0       0       0       5       3
  381.000       17.312       0       2      60       0       0       0       2       0       0       1       1       5       3       0       0       2       0       0       0       5       3
  382.000       17.312       0       2      60       0       0       0       0       0       0       1       1       5       3       0       0       2       0       0       0       5       3
  383.000       17.312       0       2      60       0       0       0       0       0       0       1       1       5       3       0       0       2       0       0       0       5       3
  384.000       17.312       0       2      60       0       0       0       0       0       0       1       1       5       3       0       0       2       0       0       0       5       3
  385.000       17.312       0       2      60       0       0       0       0       0       0       1       1       5       3       0       0       2       0       0       0       5       3
  386.000       17.312       0       2      60       0       0       0       0       0       0       1       1       5       3       0       0       2       0       0       0       5       3
  387.000       17.312       0       2      60       0       0       0       0       0       0       1       1       5       3       0       0       2       0       0       0       5       3
  388.000       17.312       0       2      60       0       0       0       0       0       0       1       1       5       3       0       0       2       0       0       0       5       3
  389.000       17.312       0       2      60       0       0       0       0       0       0       1       1       5       3       0       0       2       0       0       0       5       3
  390.000       17.312       0       2      60       0       0       0       0       0       0       1       1       5       3       0       0       2       0       0       0       5       3
  391.000       17.312       0       2      60       0       0       0       2       0       0       1       1       5       3       0       0       2       0       0       0       5       3
  392.000       17.312       0       2      60       0       0       0       0       0       0       1       1       5       3       0       0       2       0       0       0       5       3
  393.000       17.312       0       2      60       0       0       0       0       0       0       1       1       5       3       0       0       2       0       0       0       5       3
  394.000       17.312       0       2      60       0       0       0       0       0       0       1       1       5       3       0       0       2       0       0       0       5       3
  395.000       17.312       0       2      60       0       0       0       0       0       0       1       1       5       3       0       0       2       0       0       0       5       3
  396.000       17.312       0       2      60       0       0       0       0       0       0       1       1       5       3       0       0       2       0       0       0       5       3
  397.000       17.312       0       2      60       0       0       0       0       0       0       1       1       5       3       0       0       2       0       0       0       5       3
  398.000       17.312       0       2      60       0       0       0       0       0       0       1       1       5       3       0       0       2       0       0       0       5       3
  399.000       17.312       0       2      60       0       0       0       0       0       0       1       1       5       3       0       0       2       0       0       0       5       3
  400.000       17.312       0       2      60       0       0       0       0       0       0       1       1       5       3       0       0       2       0       0       0       5       3
  401.000       17.312       0       2      60       0       0       0       2       0       0       1       1       5       3       0       0       2       0       0       0       5       3
  402.000       17.312       0       2      60       0       0       0       0       0       0       1       1       5       3       0       0       2       0       0       0       5       3
  403.000       17.312       0       2      60       0       0       0       0       0       0       1       1       5       3       0       0       2       0       0       0       5       3
  404.000       17.312       0       2      60       0       0       0       0       0       0       1       1       5       3       0       0       2       0       0       0       5       3
  405.000       17.312       0       2      60       0       0       0       0       0       0       1       1       5       3       0       0       2       0       0       0       5       3
  406.000       17.312       0       2      60       0       0       0       0       0       0       1       1       5       3       0       0       2       0       0       0       5       3
  407.000       17.312       0       2      60       0       0       0       0       0       0       1       1       5       3       0       0       2       0       0       0       5       3
  408.000       17.312       0       2      60       0       0       0       0       0       0       1       1       5       3       0       0       2       0       0       0       5       3
  409.000       17.312       0       2      60       0       0       0       0       0       0       1       1       5       3       0       0       2       0       0       0       5       3
  410.000       17.312       0       2      60       0       0       0       0       0       0       1       1       5       3       0       0       2       0       0       0       5       3
  411.000       17.312       0       2      60       0       0       0       2       0       0       1       1       5       3       0       0       2       0       0       0       5       3
  412.000       17.312       0       2      60       0       0       0       0       0       0       1       1       5       3       0       0       2       0       0       0       5       3
  413.000       17.312       0       2      60       0       0       0       0       0       0       1       1       5       3       0       0       2       0       0       0       5       3
  414.000       17.312       0       2      60       0       0       0       0       0       0       1       1       5       3       0       0       2       0       0       0       5       3
  415.000       17.312       0       2      60       0       0       0       0       0       0       1       1       5       3       0       0       2       0       0       0       5       3
  416.000       17.312       0       2      60       0       0       0       0       0       0       1       1       5       3       0       0       2       0       0       0       5       3
  417.000       17.312       0       2      60       0       0       0       0       0       0       1       1       5       3       0       0       2       0       0       0       5       3
  418.000       17.312       0       2      60       0       0       0       0       0       0       1       1       5       3       0       0       2       0       0       0       5       3
  419.000       17.312       0       2      60       0       0       0       0       0       0       1       1       5       3       0       0       2       0       0       0       5       3
  420.000       17.312       0       2      60       0       0       0       0       0       0       1       1       5       3       0       0       2       0       0       0       5       3
  421.000       17.312       0       2      60       0       0       0       2       0       0       1       1       5       3       0       0       2       0       0       0       5       3
  422.000       17.312       0       2      60       0       0       0       0       0       0       1       1       5       3       0       0       2       0       0       0       5       3
  423.000       17.312       0       2      60       0       0       0       0       0       0       1       1       5       3       0       0       2       0       0       0       5       3
  424.000       17.312       0       2      60       0       0       0       0       0       0       1       1       5       3       0       0       2       0       0       0       5       3
  425.000       17.312       0       2      60       0       0       0       0       0       0       1       1       5       3       0       0       2       0       0       0       5       3
  426.000       17.312       0       2      60       0       0       0       0       0       0       1       1       5       3       0       0       2       0       0       0       5       3
  427.000       17.312       0       2      60       0       0       0       0       0       0       1       1       5       3       0       0       2       0       0       0       5       3
  428.000       17.312       0       2      60       0       0       0       0       0       0       1       1       5       3       0       0       2       0       0       0       5       3
  429.000       17.312       0       2      60       0       0       0       0       0       0       1       1       5       3       0       0       2       0       0       0       5       3
  430.000       17.312       0       2      60       0       0       0       0       0       0       1       1       5       3       0       0       2       0       0       0       5       3
  431.000       17.312       0       2      60       0       0       0       2       0       0       1       1       5       3       0       0       2       0       0       0       5       3
  432.000       17.312       0       2      60       0       0       0       0       0       0       1       1       5       3       0       0       2       0       0       0       5       3
  433.000       17.312       0       2      60       0       0       0       0       0       0       1       1       5       3       0       0       2       0       0       0       5       3
  434.000       17.312       0       2      60       0       0       0       0       0       0       1       1       5       3       0       0       2       0       0       0       5       3
  435.000       17.312       0       2      60       0       0       0       0       0       0       1       1       5       3       0       0       2       0       0       0       5       3
  436.000       17.312       0       2      60       0       0       0       0       0       0       1       1       5       3       0       0       2       0       0       0       5       3
  437.000       17.312       0       2      60       0       0       0       0       0       0       1       1       5       3       0       0       2       0       0       0       5       3
  438.000       17.312       0       2      60       0       0       0       0       0       0       1       1       5       3       0       0       2       0       0       0       5       3
  439.000       17.312       0       2      60       0       0       0       0       0       0       1       1       5       3       0       0       2       0       0       0       5       3
  440.000       17.312       0       2      60       0       0       0       0       0       0       1       1       5       3       0       0       2       0       0       0       5       3
  441.000       17.312       0       2      60       0       0       0       2       0       0       1       1       5       3       0       0       2       0       0       0       5       3
  442.000       17.312       0       2      60       0       0       0       0       0       0       1       1       5       3       0       0       2       0       0       0       5       3
  443.000       17.312       0       2      60       0       0       0       0       0       0       1       1       5       3       0       0       2       0       0       0       5       3
  444.000       17.312       0       2      60       0       0       0       0       0       0       1       1       5       3       0       0       2       0       0       0       5       3
  445.000       17.312       0       2      60       0       0       0       0       0       0       1       1       5       3       0       0       2       0       0       0       5       3
  446.000       17.312       0       2      60       0       0       0       0       0       0       1       1       5       3       0       0       2       0       0       0       5       3
  447.000       17.312       0       2      60       0       0       0       0       0       0       1       1       5       3       0       0       2       0       0       0       5       3
  448.000       17.312       0       2      60       0       0       0       0       0       0       1       1       5       3       0       0       2       0       0       0       5       3
  449.000       17.312       0       2      60       0       0       0       0       0       0       1       1       5       3       0       0       2       0       0       0       5       3
  450.000       17.312       0       2      60       0       0       0       0       0       0       1       1       5       3       0       0       2       0       0       0       5       3
  451.000       17.312       0       2      60       0       0       0       2       0       0       1       1       5       3       0       0       2       0       0       0       5       3
  452.000       17.312       0       2      60       0       0       0       0       0       0       1       1       5       3       0       0       2       0       0       0       5       3
  453.000       17.312       0       2      60       0       0       0       0       0       0       1       1       5       3       0       0       2       0       0       0       5       3
  454.000       17.312       0       2      60       0       0       0       0       0       0       1       1       5       3       0       0       2       0       0       0       5       3
  455.000       17.312       0       2      60       0       0       0       0       0       0       1       1       5       3       0       0       2       0       0       0       5       3
  456.000       17.312       0       2      60       0       0       0       0       0       0       1       1       5       3       0       0       2       0       0       0       5       3
  457.000       17.312       0       2      60       0       0       0       0       0       0       1       1       5       3       0       0       2       0       0       0       5       3
  458.000       17.312       0       2      60       0       0       0       0       0       0       1       1       5       3       0       0       2       0       0       0       5       3
  459.000       17.312       0       2      60       0       0       0       0       0       0       1       1       5       3       0       0       2       0       0       0       5       3
  460.000       17.312       0       2      60       0       0       0       0       0       0       1       1       5       3       0       0       2       0       0       0       5       3
  461.000       17.312       0       2      60       0       0       0       2       0       0       1       1       5       3       0       0       2       0       0       0       5       3
  462.000       17.312       0       2      60       0       0       0       0       0       0       1       1       5       3       0       0       2       0       0       0       5       3
  463.000       17.312       0       2      60       0       0       0       0       0       0       1       1       5       3       0       0       2       0       0       0       5       3
  464.000       17.312       0       2      60       0       0       0       0       0       0       1       1       5       3       0       0       2       0       0       0       5       3
  465.000       17.312       0       2      60       0       0       0       0       0       0       1       1       5       3       0       0       2       0       0       0       5       3
  466.000       17.312       0       2      60       0       0       0       0       0       0       1       1       5       3       0       0       2       0       0       0       5       3
  467.000       17.312       0       2      60       0       0       0       0       0       0       1       1       5       3       0       0       2       0       0       0       5       3
  468.000       17.312       0       2      60       0       0       0       0       0       0       1       1       5       3       0       0       2       0       0       0       5       3
  469.000       17.312       0       2      60       0       0       0       0       0       0       1       1       5       3       0       0       2       0       0       0       5       3
  470.000       17.312       0       2      60       0       0       0       0       0       0       1       1       5       3       0       0       2       0       0       0       5       3
  471.000       17.312       0       2      60       0       0       0       2       0       0       1       1       5       3       0       0       2       0       0       0       5       3
  472.000       17.312       0       2      60       0       0       0       0       0       0       1       1       5       3       0       0       2       0       0       0       5       3
  473.000       17.312       0       2      60       0       0       0       0       0       0       1       1       5       3       0       0       2       0       0       0       5       3
  474.000       17.312       0       2      60       0       0       0       0       0       0       1       1       5       3       0       0       2       0       0       0       5       3
  475.000       17.312       0       2      60       0       0       0       0       0       0       1       1       5       3       0       0       2       0       0       0       5       3
  476.000       17.312       0       2      60       0       0       0       0       0       0       1       1       5       3       0       0       2       0       0       0       5       3
  477.000       17.312       0       2      60       0       0       0       0       0       0       1       1       5       3       0       0       2       0       0       0       5       3
  478.000       17.312       0       2      60       0       0       0       0       0       0       1       1       5       3       0       0       2       0       0       0       5       3
  479.000       17.312       0       2      60       0       0       0       0       0       0       1       1       5       3       0       0       2       0       0       0       5       3
  480.000       17.312       0       2      60       0       0       0       0       0       0       1       1       5       3       0       0       2       0       0       0       5       3
  481.000       17.312       0       2      60       0       0       0       2       0       0       1       1       5       3       0       0       2       0       0       0       5       3
  482.000       17.312       0       2      60       0       0       0       0       0       0       1       1       5       3       0       0       2       0       0       0       5       3
  483.000       17.312       0       2      60       0       0       0       0       0       0       1       1       5       3       0       0       2       0       0       0       5       3
  484.000       17.312       0       2      60       0       0       0       0       0       0       1       1       5       3       0       0       2       0       0       0       5       3
  485.000       17.312       0       2      60       0       0       0       0       0       0       1       1       5       3       0       0       2       0       0       0       5       3
  486.000       17.312       0       2      60       0       0       0       0       0       0       1       1       5       3       0       0       2       0       0       0       5       3
  487.000       17.312       0       2      60       0       0       0       0       0       0       1       1       5       3       0       0       2       0       0       0       5       3
  488.000       17.312       0       2      60       0       0       0       0       0       0       1       1       5       3       0       0       2       0       0       0       5       3
  489.000       17.312       0       2      60       0       0       0       0       0       0       1       1       5       3       0       0       2       0       0       0       5       3
  490.000       17.312       0       2      60       0       0       0       0       0       0       1       1       5       3       0       0       2       0       0       0       5       3
  491.000       17.312       0       2      60       0       0       0       2       0       0       1       1       5       3       0       0       2       0       0       0       5       3
  492.000       17.312       0       2      60       0       0       0       0       0       0       1       1       5       3       0       0       2       0       0       0       5       3
  493.000       17.312       0       2      60       0       0       0       0       0       0       1       1       5       3       0       0       2       0       0       0       5       3
  494.000       17.312       0       2      60       0       0       0       0       0       0       1       1       5       3       0       0       2       0       0       0       5       3
  495.000       17.312       0       2      60       0       0       0       0       0       0       1       1       5       3       0       0       2       0       0       0       5       3
  496.000       17.312       0       2      60       0       0       0       0       0       0       1       1       5       3       0       0       2       0       0       0       5       3
  497.000       17.312       0       2      60       0       0       0       0       0       0       1       1       5       3       0       0       2       0       0       0       5       3
  498.000       17.312       0       2      60       0       0       0       0       0       0       1       1       5       3       0       0       2       0       0       0       5       3
  499.000       17.312       0       2      60       0       0       0       0       0       0       1       1       5       3       0       0       2       0       0       0       5       3
  500.000        0.000       0       0      60       0       0       0       0       0       0       0       0       5       3       0       0       2       0       0       0       5       3
