  TimeSec      LoaKbps LoaUsag Packets DlyUsec LoaDrps MetDrps TabDrps FloMods MetMods GroMods  PktsIn PktsOut FloEntr FloUsag MetEntr MetUsag GroEntr GroUsag BufPkts BufUsag  T0Entr  T0Usag
    1.000        0.000       0       0     173       0       0       0       3       0       2       0       0       3       0       0       0       2       0       0       0       3       0
    2.000     3643.584       1     301     276       0       0       0       6       0       0       0       0       6       0       0       0       2       0       0       0       6       0
    3.000    14886.240       3    1228     422       0       0       0       9       0       0       0       0      14       0       0       0       2       0       0       0      14       0
    4.000    18803.584       4    1551     491       0       0       0       2       0       0       0       0      18       0       0       0       2       0       0       0      18       0
    5.000    21774.944       5    1796     499       0       0       0       4       0       0       0       0      22       0       0       0       2       0       0       0      22       0
    6.000    26359.328       6    2174     499       0       0       0       9       0       0       0       0      27       0       0       0       2       0       0       0      27       0
    7.000    32884.192       7    2712     589       0       0       0       4       0       0       0       0      35       0       0       0       2       0       0       0      35       0
    8.000    34266.784       8    2826     598       0       0       0       2       0       0       0       0      38       0       0       0       2       0       0       0      38       0
    9.000    35976.832       8    2967     599       0       0       0       5       0       0       0       0      41       1       0       0       2       0       0       0      41       1
   10.000    42101.472       9    3472     599       0       0       0       6       0       0       0       0      47       1       0       0       2       0       0       0      47       1
   11.000    46819.264      10    3861     599       0       0       0       2       0       0       0       0      50       1       0       0       2       0       0       0      50       1
   12.000    28954.720       6    2388     600       0       0       0       5       0       0       0       0      54       1       0       0       2       0       0       0      54       1
   13.000    12436.384       3    1026     426       0       0       0      53       0       0       0       0      19       0       0       0       2       0       0       0      19       0
   14.000    18209.312       4    1502     489       0       0       0       6       0       0       0       0      20       0       0       0       2       0       0       0      20       0
   15.000    22490.496       5    1855     498       0       0       0       3       0       0       0       0      23       0       0       0       2       0       0       0      23       0
   16.000    23278.816       5    1920     499       0       0       0       4       0       0       0       0      27       0       0       0       2       0       0       0      27       0
   17.000    26638.272       6    2197     548       0       0       0       7       0       0       0       0      32       0       0       0       2       0       0       0      32       0
   18.000    31271.168       7    2579     594       0       0       0       3       0       0       0       0      37       0       0       0       2       0       0       0      37       0
   19.000    33260.160       7    2743     599       0       0       0       6       0       0       0       0      42       1       0       0       2       0       0       0      42       1
   20.000    39700.128       9    3274     599       0       0       0      12       0       0       0       0      51       1       0       0       2       0       0       0      51       1
   21.000    46734.368      10    3854     599       0       0       0       3       0       0       0       0      58       1       0       0       2       0       0       0      58       1
   22.000    31998.848       7    2639     673       0       0       0       6       0       0       0       0      64       1       0       0       2       0       0       0      64       1
   23.000    12363.616       3    1020     504       0       0       0      60       0       0       0       0      24       0       0       0       2       0       0       0      24       0
   24.000    16038.400       4    1323     500       0       0       0       3       0       0       0       0      23       0       0       0       2       0       0       0      23       0
   25.000    18839.968       4    1554     500       0       0       0       8       0       0       0       0      28       0       0       0       2       0       0       0      28       0
   26.000    23666.912       5    1952     583       0       0       0       4       0       0       0       0      33       0       0       0       2       0       0       0      33       0
   27.000    27632.768       6    2279     598       0       0       0      11       0       0       0       0      40       0       0       0       2       0       0       0      40       0
   28.000    32787.168       7    2704     599       0       0       0       2       0       0       0       0      46       1       0       0       2       0       0       0      46       1
   29.000    34254.656       8    2825     599       0       0       0       5       0       0       0       0      50       1       0       0       2       0       0       0      50       1
   30.000    37213.888       8    3069     599       0       0       0       6       0       0       0       0      57       1       0       0       2       0       0       0      57       1
   31.000    38693.504       9    3191     636       0       0       0       6       0       0       0       0      63       1       0       0       2       0       0       0      63       1
   32.000    24224.800       5    1998     693       0       0       0       5       0       0       0       0      67       1       0       0       2       0       0       0      67       1
   33.000    11745.088       3     969     506       0       0       0      63       0       0       0       0      26       0       0       0       2       0       0       0      26       0
   34.000    15432.000       3    1273     500       0       0       0       3       0       0       0       0      24       0       0       0       2       0       0       0      24       0
   35.000    19858.720       4    1638     500       0       0       0      11       0       0       0       0      30       0       0       0       2       0       0       0      30       0
   36.000    21884.096       5    1805     589       0       0       0       5       0       0       0       0      37       0       0       0       2       0       0       0      37       0
   37.000    24685.664       5    2036     598       0       0       0      11       0       0       0       0      45       1       0       0       2       0       0       0      45       1
   38.000    26892.960       6    2218     599       0       0       0       1       0       0       0       0      51       1       0       0       2       0       0       0      51       1
   39.000    28505.984       6    2351     599       0       0       0      10       0       0       0       0      58       1       0       0       2       0       0       0      58       1
   40.000    34497.216       8    2845     667       0       0       0       5       0       0       0       0      65       1       0       0       2       0       0       0      65       1
   41.000    37759.648       8    3114     696       0       0       0       7       0       0       0       0      71       1       0       0       2       0       0       0      71       1
   42.000    27002.112       6    2227     699       0       0       0       4       0       0       0       0      76       1       0       0       2       0       0       0      76       1
   43.000    16705.440       4    1378     526       0       0       0      55       0       0       0       0      32       0       0       0       2       0       0       0      32       0
   44.000    17978.880       4    1483     522       0       0       0       8       0       0       0       0      30       0       0       0       2       0       0       0      30       0
   45.000    20998.752       5    1732     591       0       0       0       4       0       0       0       0      34       0       0       0       2       0       0       0      34       0
   46.000    23606.272       5    1947     599       0       0       0       6       0       0       0       0      40       0       0       0       2       0       0       0      40       0
   47.000    25607.392       6    2112     599       0       0       0       7       0       0       0       0      45       1       0       0       2       0       0       0      45       1
   48.000    31622.880       7    2608     599       0       0       0      10       0       0       0       0      54       1       0       0       2       0       0       0      54       1
   49.000    37504.960       8    3093     599       0       0       0       5       0       0       0       0      61       1       0       0       2       0       0       0      61       1
   50.000    42271.264       9    3486     679       0       0       0      10       0       0       0       0      67       1       0       0       2       0       0       0      67       1
   51.000    44708.992      10    3687     697       0       0       0       5       0       0       0       0      69       1       0       0       2       0       0       0      69       1
   52.000    30349.440       7    2503     699       0       0       0       6       0       0       0       0      73       1       0       0       2       0       0       0      73       1
   53.000    14498.144       3    1196     613       0       0       0      30       0       0       0       0      55       1       0       0       2       0       0       0      55       1
   54.000    20016.384       4    1651     601       0       0       0       9       0       0       0       0      59       1       0       0       2       0       0       0      59       1
   55.000    27450.848       6    2264     679       0       0       0       7       0       0       0       0      66       1       0       0       2       0       0       0      66       1
   56.000    29221.536       6    2410     697       0       0       0       6       0       0       0       0      71       1       0       0       2       0       0       0      71       1
   57.000    35237.024       8    2906     699       0       0       0      12       0       0       0       0      80       1       0       0       2       0       0       0      80       1
   58.000    44320.896      10    3655     699       0       0       0       9       0       0       0       0      90       1       0       0       2       0       0       0      90       1
   59.000    51670.464      11    4261     699       0       0       0       7       0       0       0       0      94       1       0       0       2       0       0       0      94       1
   60.000    59153.440      13    4878     700       0       0       0       8       0       0       0       0     100       1       0       0       2       0       0       0     100       1
   61.000    60754.336      14    5010     700       0       0       0       4       0       0       0       0     103       1       0       0       2       0       0       0     103       1
   62.000    38002.208       8    3134     700       0       0       0       3       0       0       0       0     106       1       0       0       2       0       0       0     106       1
   63.000    19785.952       4    1632     700       0       0       0      40       0       0       0       0      81       1       0       0       2       0       0       0      81       1
   64.000    30592.000       7    2523     700       0       0       0       8       0       0       0       0      83       1       0       0       2       0       0       0      83       1
   65.000    39688.000       9    3273     700       0       0       0       9       0       0       0       0      88       1       0       0       2       0       0       0      88       1
   66.000    53259.232      12    4392     700       0       0       0      12       0       0       0       0      96       1       0       0       2       0       0       0      96       1
   67.000    61457.760      14    5068     700       0       0       0      10       0       0       0       0     104       1       0       0       2       0       0       0     104       1
   68.000    71135.904      16    5866     700       0       0       0       9       0       0       0       0     113       1       0       0       2       0       0       0     113       1
   69.000    74640.896      17    6155     700       0       0       0       4       0       0       0       0     118       1       0       0       2       0       0       0     118       1
   70.000    82014.720      18    6763     700       0       0       0       9       0       0       0       0     122       1       0       0       2       0       0       0     122       1
   71.000    89618.976      20    7390     759       0       0       0       9       0       0       0       0     128       2       0       0       2       0       0       0     128       2
   72.000    64902.112      14    5352     780       0       0       0       7       0       0       0       0     130       2       0       0       2       0       0       0     130       2
   73.000    41058.464       9    3386     711       0       0       0      28       0       0       0       0     118       1       0       0       2       0       0       0     118       1
   74.000    43277.888      10    3569     701       0       0       0       2       0       0       0       0     118       1       0       0       2       0       0       0     118       1
   75.000    45460.928      10    3749     700       0       0       0       5       0       0       0       0     118       1       0       0       2       0       0       0     118       1
   76.000    47098.208      10    3884     700       0       0       0       9       0       0       0       0     124       2       0       0       2       0       0       0     124       2
   77.000    50942.784      11    4201     748       0       0       0       6       0       0       0       0     129       2       0       0       2       0       0       0     129       2
   78.000    53780.736      12    4435     794       0       0       0       2       0       0       0       0     132       2       0       0       2       0       0       0     132       2
   79.000    53744.352      12    4432     799       0       0       0       5       0       0       1       1     135       2       0       0       2       0       0       0     135       2
   80.000    55442.272      12    4572     799       0       0       0       5       0       0       0       0     140       2       0       0       2       0       0       0     140       2
   81.000    60426.880      13    4983     799       0       0       0      10       0       0       0       0     146       2       0       0       2       0       0       0     146       2
   82.000    46249.248      10    3814     799       0       0       0       6       0       0       0       0     149       2       0       0       2       0       0       0     149       2
   83.000    31865.440       7    2628     800       0       0       0      39       0       0       0       0     142       2       0       0       2       0       0       0     142       2
   84.000    35370.432       8    2917     800       0       0       0      11       0       0       1       1     154       2       0       0       2       0       0       0     154       2
   85.000    39421.184       9    3251     800       0       0       0       6       0       0       0       0     158       2       0       0       2       0       0       0     158       2
   86.000    44878.784      10    3701     800       0       0       0      11       0       0       0       0     162       2       0       0       2       0       0       0     162       2
   87.000    49366.144      11    4071     800       0       0       0       7       0       0       0       0     166       2       0       0       2       0       0       0     166       2
   88.000    61797.344      14    5096     800       0       0       0       9       0       0       0       0     168       2       0       0       2       0       0       0     168       2
   89.000    65557.024      15    5406     800       0       0       0      13       0       0       1       1     175       2       0       0       2       0       0       0     175       2
   90.000    72178.912      16    5952     800       0       0       0      15       0       0       1       1     189       2       0       0       2       0       0       0     189       2
   91.000    75574.752      17    6232     800       0       0       0       6       0       0       0       0     194       2       0       0       2       0       0       0     194       2
   92.000    64611.040      14    5328     800       0       0       0      12       0       0       0       0     202       2       0       0       2       0       0       0     202       2
   93.000    55430.144      12    4571     800       0       0       0      35       0       0       0       0     193       2       0       0       2       0       0       0     193       2
   94.000    67073.024      15    5531     800       0       0       0       7       0       0       0       0     198       2       0       0       2       0       0       0     198       2
   95.000    69801.824      16    5756     800       0       0       0       8       0       0       0       0     203       2       0       0       2       0       0       0     203       2
   96.000    74483.232      17    6142     800       0       0       0      17       0       0       0       0     210       3       0       0       2       0       0       0     210       3
   97.000    79710.400      18    6573     800       0       0       0      11       0       0       1       1     219       3       0       0       2       0       0       0     219       3
   98.000    82887.936      18    6835     800       0       0       0      12       0       0       0       0     225       3       0       0       2       0       0       0     225       3
   99.000    93693.984      21    7726     800       0       0       0       8       0       0       0       0     222       3       0       0       2       0       0       0     222       3
  100.000    97659.840      22    8053     800       0       0       0       8       0       0       0       0     226       3       0       0       2       0       0       0     226       3
  101.000   101637.824      23    8381     800       0       0       0       6       0       0       0       0     228       3       0       0       2       0       0       0     228       3
  102.000    73573.632      16    6067     800       0       0       0      20       0       0       0       0     240       3       0       0       2       0       0       0     240       3
  103.000    48662.720      11    4013     800       0       0       0      43       0       0       0       0     225       3       0       0       2       0       0       0     225       3
  104.000    53732.224      12    4431     800       0       0       0       6       0       0       0       0     225       3       0       0       2       0       0       0     225       3
  105.000    56412.512      13    4652     800       0       0       0       6       0       0       0       0     223       3       0       0       2       0       0       0     223       3
  106.000    58668.320      13    4838     800       0       0       0       9       0       0       1       1     227       3       0       0       2       0       0       0     227       3
  107.000    66697.056      15    5500     800       0       0       0      13       0       0       0       0     234       3       0       0       2       0       0       0     234       3
  108.000    78242.912      17    6452     800       0       0       0      11       0       0       0       0     241       3       0       0       2       0       0       0     241       3
  109.000    87593.600      19    7223     800       0       0       0       8       0       0       0       0     246       3       0       0       2       0       0       0     246       3
  110.000    91292.640      20    7528     800       0       0       0      11       0       0       0       0     250       3       0       0       2       0       0       0     250       3
  111.000    92250.752      21    7607     800       0       0       0       5       0       0       0       0     249       3       0       0       2       0       0       0     249       3
  112.000    70735.680      16    5833     800       0       0       0      11       0       0       0       0     251       3       0       0       2       0       0       0     251       3
  113.000    45206.240      10    3728     800       0       0       0      48       0       0       0       0     226       3       0       0       2       0       0       0     226       3
  114.000    49584.448      11    4089     800       0       0       0      13       0       0       1       1     228       3       0       0       2       0       0       0     228       3
  115.000    55223.968      12    4554     800       0       0       0      12       0       0       0       0     235       3       0       0       2       0       0       0     235       3
  116.000    58959.392      13    4862     800       0       0       0      14       0       0       0       0     247       3       0       0       2       0       0       0     247       3
  117.000    60439.008      13    4984     800       0       0       0       7       0       0       0       0     246       3       0       0       2       0       0       0     246       3
  118.000    61336.480      14    5058     800       0       0       0       9       0       0       0       0     247       3       0       0       2       0       0       0     247       3
  119.000    64101.664      14    5286     800       0       0       0      10       0       0       0       0     253       3       0       0       2       0       0       0     253       3
  120.000    67946.240      15    5603     889       0       0       0       7       0       0       0       0     259       3       0       0       2       0       0       0     259       3
  121.000    70650.784      16    5826     898       0       0       0       9       0       0       0       0     262       3       0       0       2       0       0       0     262       3
  122.000    52810.496      12    4355     899       0       0       0       8       0       0       0       0     264       3       0       0       2       0       0       0     264       3
  123.000    36280.032       8    2992     813       0       0       0      38       0       0       0       0     243       3       0       0       2       0       0       0     243       3
  124.000    39688.000       9    3273     801       0       0       0       7       0       0       0       0     243       3       0       0       2       0       0       0     243       3
  125.000    49147.840      11    4053     800       0       0       0      13       0       0       0       0     244       3       0       0       2       0       0       0     244       3
  126.000    55842.496      12    4605     828       0       0       0      19       0       0       2       2     252       3       0       0       2       0       0       0     252       3
  127.000    63192.064      14    5211     892       0       0       0      10       0       0       1       1     261       3       0       0       2       0       0       0     261       3
  128.000    70153.536      16    5785     899       0       0       0      13       0       0       0       0     263       3       0       0       2       0       0       0     263       3
  129.000    75938.592      17    6262     899       0       0       0       9       0       0       0       0     265       3       0       0       2       0       0       0     265       3
  130.000    81978.336      18    6760     899       0       0       0      15       0       0       2       2     268       3       0       0       2       0       0       0     268       3
  131.000    85277.152      19    7032     899       0       0       0      10       0       0       0       0     269       3       0       0       2       0       0       0     269       3
  132.000    62670.560      14    5168     900       0       0       0       9       0       0       1       1     269       3       0       0       2       0       0       0     269       3
  133.000    43023.200      10    3548     813       0       0       0      41       0       0       1       1     243       3       0       0       2       0       0       0     243       3
  134.000    43690.240      10    3603     801       0       0       0       7       0       0       0       0     240       3       0       0       2       0       0       0     240       3
  135.000    48589.952      11    4007     800       0       0       0       8       0       0       0       0     244       3       0       0       2       0       0       0     244       3
  136.000    50906.400      11    4198     800       0       0       0       6       0       0       0       0     247       3       0       0       2       0       0       0     247       3
  137.000    53635.200      12    4423     800       0       0       0       9       0       0       0       0     249       3       0       0       2       0       0       0     249       3
  138.000    59638.560      13    4918     800       0       0       0      14       0       0       0       0     253       3       0       0       2       0       0       0     253       3
  139.000    68322.208      15    5634     889       0       0       0      15       0       0       1       1     264       3       0       0       2       0       0       0     264       3
  140.000    73719.168      16    6079     898       0       0       0       7       0       0       0       0     272       3       0       0       2       0       0       0     272       3
  141.000    80814.048      18    6664     899       0       0       0       8       0       0       0       0     272       3       0       0       2       0       0       0     272       3
  142.000    61530.528      14    5074     899       0       0       0      10       0       0       0       0     271       3       0       0       2       0       0       0     271       3
  143.000    42295.520       9    3488     813       0       0       0      42       0       0       0       0     240       3       0       0       2       0       0       0     240       3
  144.000    45388.160      10    3743     801       0       0       0      15       0       0       0       0     241       3       0       0       2       0       0       0     241       3
  145.000    52919.648      12    4364     800       0       0       0      12       0       0       0       0     246       3       0       0       2       0       0       0     246       3
  146.000    61870.112      14    5102     800       0       0       0      14       0       0       0       0     247       3       0       0       2       0       0       0     247       3
  147.000    68637.536      15    5660     800       0       0       0       9       0       0       0       0     252       3       0       0       2       0       0       0     252       3
  148.000    70953.984      16    5851     800       0       0       0       9       0       0       0       0     253       3       0       0       2       0       0       0     253       3
  149.000    73610.016      16    6070     800       0       0       0      10       0       0       0       0     252       3       0       0       2       0       0       0     252       3
  150.000    75186.656      17    6200     800       0       0       0       9       0       0       0       0     252       3       0       0       2       0       0       0     252       3
  151.000    76047.744      17    6271     863       0       0       0       9       0       0       0       0     257       3       0       0       2       0       0       0     257       3
  152.000    59687.072      13    4922     896       0       0       0      10       0       0       0       0     259       3       0       0       2       0       0       0     259       3
  153.000    47922.912      11    3952     812       0       0       0      34       0       0       0       0     239       3       0       0       2       0       0       0     239       3
  154.000    53186.464      12    4386     801       0       0       0      11       0       0       0       0     238       3       0       0       2       0       0       0     238       3
  155.000    56703.584      13    4676     800       0       0       0       7       0       0       0       0     239       3       0       0       2       0       0       0     239       3
  156.000    59298.976      13    4890     800       0       0       0       3       0       0       0       0     239       3       0       0       2       0       0       0     239       3
  157.000    61433.504      14    5066     800       0       0       0      10       0       0       1       1     238       3       0       0       2       0       0       0     238       3
  158.000    65023.392      14    5362     800       0       0       0      10       0       0       0       0     243       3       0       0       2       0       0       0     243       3
  159.000    69243.936      15    5710     800       0       0       0      16       0       0       0       0     246       3       0       0       2       0       0       0     246       3
  160.000    75162.400      17    6198     800       0       0       0       4       0       0       0       0     248       3       0       0       2       0       0       0     248       3
  161.000    76338.816      17    6295     800       0       0       0      13       0       0       0       0     247       3       0       0       2       0       0       0     247       3
  162.000    59832.608      13    4934     800       0       0       0       8       0       0       0       0     251       3       0       0       2       0       0       0     251       3
  163.000    40124.608       9    3309     800       0       0       0      42       0       0       0       0     223       3       0       0       2       0       0       0     223       3
  164.000    42344.032       9    3492     800       0       0       0      11       0       0       1       1     220       3       0       0       2       0       0       0     220       3
  165.000    45448.800      10    3748     800       0       0       0      14       0       0       0       0     225       3       0       0       2       0       0       0     225       3
  166.000    50566.816      11    4170     800       0       0       0       6       0       0       0       0     227       3       0       0       2       0       0       0     227       3
  167.000    52228.352      12    4307     800       0       0       0      10       0       0       0       0     230       3       0       0       2       0       0       0     230       3
  168.000    58995.776      13    4865     800       0       0       0      18       0       0       1       1     241       3       0       0       2       0       0       0     241       3
  169.000    61991.392      14    5112     800       0       0       0       9       0       0       0       0     248       3       0       0       2       0       0       0     248       3
  170.000    63968.256      14    5275     800       0       0       0       8       0       0       0       0     251       3       0       0       2       0       0       0     251       3
  171.000    71548.256      16    5900     873       0       0       0      10       0       0       0       0     258       3       0       0       2       0       0       0     258       3
  172.000    58547.040      13    4828     897       0       0       0      15       0       0       1       1     262       3       0       0       2       0       0       0     262       3
  173.000    42101.472       9    3472     813       0       0       0      32       0       0       0       0     248       3       0       0       2       0       0       0     248       3
  174.000    43326.400      10    3573     801       0       0       0       8       0       0       0       0     245       3       0       0       2       0       0       0     245       3
  175.000    44769.632      10    3692     800       0       0       0       5       0       0       0       0     243       3       0       0       2       0       0       0     243       3
  176.000    51245.984      11    4226     800       0       0       0      12       0       0       0       0     246       3       0       0       2       0       0       0     246       3
  177.000    62221.824      14    5131     800       0       0       0      10       0       0       0       0     250       3       0       0       2       0       0       0     250       3
  178.000    63859.104      14    5266     800       0       0       0      11       0       0       1       1     252       3       0       0       2       0       0       0     252       3
  179.000    66891.104      15    5516     827       0       0       0      11       0       0       1       1     256       3       0       0       2       0       0       0     256       3
  180.000    69037.760      15    5693     876       0       0       0      10       0       0       0       0     258       3       0       0       2       0       0       0     258       3
  181.000    70844.832      16    5842     894       0       0       0       6       0       0       0       0     258       3       0       0       2       0       0       0     258       3
  182.000    61093.920      14    5038     899       0       0       0      14       0       0       0       0     263       3       0       0       2       0       0       0     263       3
  183.000    44163.232      10    3642     813       0       0       0      40       0       0       0       0     232       3       0       0       2       0       0       0     232       3
  184.000    46588.832      10    3842     801       0       0       0       5       0       0       0       0     223       3       0       0       2       0       0       0     223       3
  185.000    50457.664      11    4161     800       0       0       0      10       0       0       0       0     223       3       0       0       2       0       0       0     223       3
  186.000    66296.832      15    5467     800       0       0       0      11       0       0       0       0     232       3       0       0       2       0       0       0     232       3
  187.000    73634.272      16    6072     800       0       0       0       8       0       0       0       0     229       3       0       0       2       0       0       0     229       3
  188.000    76484.352      17    6307     800       0       0       0       9       0       0       0       0     228       3       0       0       2       0       0       0     228       3
  189.000    78582.496      17    6480     800       0       0       0       8       0       0       0       0     230       3       0       0       2       0       0       0     230       3
  190.000    80316.800      18    6623     800       0       0       0       8       0       0       0       0     232       3       0       0       2       0       0       0     232       3
  191.000    83567.104      19    6891     800       0       0       0       7       0       0       1       1     237       3       0       0       2       0       0       0     237       3
  192.000    58668.320      13    4838     800       0       0       0      13       0       0       0       0     242       3       0       0       2       0       0       0     242       3
  193.000    31016.480       7    2558     800       0       0       0      35       0       0       0       0     212       3       0       0       2       0       0       0     212       3
  194.000    36595.360       8    3018     800       0       0       0      11       0       0       0       0     206       3       0       0       2       0       0       0     206       3
  195.000    40439.936       9    3335     800       0       0       0      14       0       0       1       1     208       3       0       0       2       0       0       0     208       3
  196.000    42744.256       9    3525     800       0       0       0       6       0       0       0       0     212       3       0       0       2       0       0       0     212       3
  197.000    44733.248      10    3689     800       0       0       0      11       0       0       0       0     216       3       0       0       2       0       0       0     216       3
  198.000    50518.304      11    4166     800       0       0       0      10       0       0       1       1     222       3       0       0       2       0       0       0     222       3
  199.000    51051.936      11    4210     800       0       0       0      10       0       0       0       0     229       3       0       0       2       0       0       0     229       3
  200.000    54872.256      12    4525     800       0       0       0      12       0       0       0       0     235       3       0       0       2       0       0       0     235       3
  201.000    62100.544      14    5121     800       0       0       0       4       0       0       0       0     233       3       0       0       2       0       0       0     233       3
  202.000    49329.760      11    4068     800       0       0       0      12       0       0       0       0     237       3       0       0       2       0       0       0     237       3
  203.000    38002.208       8    3134     800       0       0       0      32       0       0       1       1     222       3       0       0       2       0       0       0     222       3
  204.000    42028.704       9    3466     800       0       0       0      10       0       0       0       0     222       3       0       0       2       0       0       0     222       3
  205.000    49354.016      11    4070     800       0       0       0       7       0       0       0       0     223       3       0       0       2       0       0       0     223       3
  206.000    50312.128      11    4149     800       0       0       0       9       0       0       1       1     226       3       0       0       2       0       0       0     226       3
  207.000    51064.064      11    4211     800       0       0       0       9       0       0       0       0     226       3       0       0       2       0       0       0     226       3
  208.000    50797.248      11    4189     800       0       0       0      10       0       0       1       1     229       3       0       0       2       0       0       0     229       3
  209.000    51755.360      12    4268     800       0       0       0       9       0       0       0       0     234       3       0       0       2       0       0       0     234       3
  210.000    55915.264      12    4611     800       0       0       0      14       0       0       1       1     239       3       0       0       2       0       0       0     239       3
  211.000    58789.600      13    4848     800       0       0       0      15       0       0       1       1     244       3       0       0       2       0       0       0     244       3
  212.000    44830.272      10    3697     800       0       0       0       7       0       0       0       0     248       3       0       0       2       0       0       0     248       3
  213.000    29730.912       7    2452     800       0       0       0      34       0       0       0       0     226       3       0       0       2       0       0       0     226       3
  214.000    30592.000       7    2523     800       0       0       0       8       0       0       0       0     223       3       0       0       2       0       0       0     223       3
  215.000    34339.552       8    2832     800       0       0       0      14       0       0       3       3     226       3       0       0       2       0       0       0     226       3
  216.000    37274.528       8    3074     800       0       0       0       9       0       0       0       0     234       3       0       0       2       0       0       0     234       3
  217.000    41385.920       9    3413     800       0       0       0      11       0       0       0       0     237       3       0       0       2       0       0       0     237       3
  218.000    45897.536      10    3785     800       0       0       0       7       0       0       0       0     240       3       0       0       2       0       0       0     240       3
  219.000    48953.792      11    4037     800       0       0       0      15       0       0       0       0     245       3       0       0       2       0       0       0     245       3
  220.000    52737.728      12    4349     800       0       0       0      10       0       0       0       0     252       3       0       0       2       0       0       0     252       3
  221.000    57673.824      13    4756     836       0       0       0      12       0       0       0       0     255       3       0       0       2       0       0       0     255       3
  222.000    47825.888      11    3944     893       0       0       0      11       0       0       0       0     259       3       0       0       2       0       0       0     259       3
  223.000    33563.360       7    2768     812       0       0       0      34       0       0       0       0     234       3       0       0       2       0       0       0     234       3
  224.000    36110.240       8    2978     801       0       0       0      12       0       0       0       0     234       3       0       0       2       0       0       0     234       3
  225.000    37941.568       8    3129     800       0       0       0       8       0       0       0       0     235       3       0       0       2       0       0       0     235       3
  226.000    43532.576      10    3590     800       0       0       0      10       0       0       0       0     232       3       0       0       2       0       0       0     232       3
  227.000    49426.784      11    4076     800       0       0       0      12       0       0       0       0     235       3       0       0       2       0       0       0     235       3
  228.000    54508.416      12    4495     800       0       0       0       8       0       0       0       0     237       3       0       0       2       0       0       0     237       3
  229.000    59808.352      13    4932     800       0       0       0      10       0       0       0       0     241       3       0       0       2       0       0       0     241       3
  230.000    62391.616      14    5145     800       0       0       0      10       0       0       0       0     241       3       0       0       2       0       0       0     241       3
  231.000    64416.992      14    5312     800       0       0       0      14       0       0       0       0     241       3       0       0       2       0       0       0     241       3
  232.000    41786.144       9    3446     800       0       0       0       6       0       0       0       0     245       3       0       0       2       0       0       0     245       3
  233.000    22090.272       5    1822     800       0       0       0      48       0       0       0       0     208       3       0       0       2       0       0       0     208       3
  234.000    28505.984       6    2351     800       0       0       0       9       0       0       0       0     203       2       0       0       2       0       0       0     203       2
  235.000    32253.536       7    2660     800       0       0       0       7       0       0       0       0     201       2       0       0       2       0       0       0     201       2
  236.000    34909.568       8    2879     800       0       0       0      12       0       0       1       1     201       2       0       0       2       0       0       0     201       2
  237.000    41046.336       9    3385     800       0       0       0       7       0       0       0       0     203       2       0       0       2       0       0       0     203       2
  238.000    47013.312      10    3877     800       0       0       0      14       0       0       0       0     208       3       0       0       2       0       0       0     208       3
  239.000    53295.616      12    4395     800       0       0       0      12       0       0       0       0     213       3       0       0       2       0       0       0     213       3
  240.000    57043.168      13    4704     800       0       0       0       5       0       0       0       0     213       3       0       0       2       0       0       0     213       3
  241.000    62755.456      14    5175     800       0       0       0      12       0       0       0       0     218       3       0       0       2       0       0       0     218       3
  242.000    53938.400      12    4448     800       0       0       0      12       0       0       0       0     222       3       0       0       2       0       0       0     222       3
  243.000    36292.160       8    2993     800       0       0       0      44       0       0       0       0     205       3       0       0       2       0       0       0     205       3
  244.000    37274.528       8    3074     800       0       0       0       6       0       0       0       0     203       2       0       0       2       0       0       0     203       2
  245.000    41131.232       9    3392     800       0       0       0      13       0       0       0       0     206       3       0       0       2       0       0       0     206       3
  246.000    48032.064      11    3961     800       0       0       0       9       0       0       0       0     205       3       0       0       2       0       0       0     205       3
  247.000    50154.464      11    4136     800       0       0       0       4       0       0       0       0     200       2       0       0       2       0       0       0     200       2
  248.000    50967.040      11    4203     800       0       0       0      10       0       0       0       0     204       2       0       0       2       0       0       0     204       2
  249.000    58316.608      13    4809     800       0       0       0      11       0       0       0       0     211       3       0       0       2       0       0       0     211       3
  250.000    66260.448      15    5464     800       0       0       0      12       0       0       0       0     218       3       0       0       2       0       0       0     218       3
  251.000    68722.432      15    5667     800       0       0       0       6       0       0       0       0     217       3       0       0       2       0       0       0     217       3
  252.000    50651.712      11    4177     800       0       0       0      14       0       0       0       0     221       3       0       0       2       0       0       0     221       3
  253.000    35176.384       8    2901     800       0       0       0      35       0       0       0       0     203       2       0       0       2       0       0       0     203       2
  254.000    37407.936       8    3085     800       0       0       0       3       0       0       0       0     196       2       0       0       2       0       0       0     196       2
  255.000    42756.384      10    3526     800       0       0       0       9       0       0       0       0     197       2       0       0       2       0       0       0     197       2
  256.000    45327.520      10    3738     800       0       0       0       9       0       0       0       0     201       2       0       0       2       0       0       0     201       2
  257.000    50312.128      11    4149     800       0       0       0      14       0       0       0       0     207       3       0       0       2       0       0       0     207       3
  258.000    55878.880      12    4608     800       0       0       0      11       0       0       0       0     207       3       0       0       2       0       0       0     207       3
  259.000    63216.320      14    5213     800       0       0       0      10       0       0       1       1     205       3       0       0       2       0       0       0     205       3
  260.000    67824.960      15    5593     800       0       0       0       7       0       0       0       0     210       3       0       0       2       0       0       0     210       3
  261.000    68746.688      15    5669     800       0       0       0       8       0       0       0       0     214       3       0       0       2       0       0       0     214       3
  262.000    44830.272      10    3697     800       0       0       0       6       0       0       0       0     215       3       0       0       2       0       0       0     215       3
  263.000    22563.264       5    1861     800       0       0       0      36       0       0       0       0     186       2       0       0       2       0       0       0     186       2
  264.000    24806.944       6    2046     800       0       0       0       6       0       0       0       0     181       2       0       0       2       0       0       0     181       2
  265.000    27002.112       6    2227     800       0       0       0      16       0       0       1       1     185       2       0       0       2       0       0       0     185       2
  266.000    31986.720       7    2638     800       0       0       0       6       0       0       0       0     191       2       0       0       2       0       0       0     191       2
  267.000    36352.800       8    2998     800       0       0       0       6       0       0       0       0     187       2       0       0       2       0       0       0     187       2
  268.000    42125.728       9    3474     800       0       0       0       7       0       0       0       0     185       2       0       0       2       0       0       0     185       2
  269.000    47292.256      11    3900     800       0       0       0      12       0       0       0       0     191       2       0       0       2       0       0       0     191       2
  270.000    56982.528      13    4699     800       0       0       0      12       0       0       0       0     200       2       0       0       2       0       0       0     200       2
  271.000    59650.688      13    4919     800       0       0       0      10       0       0       0       0     203       2       0       0       2       0       0       0     203       2
  272.000    44417.920      10    3663     800       0       0       0       6       0       0       0       0     202       2       0       0       2       0       0       0     202       2
  273.000    26795.936       6    2210     800       0       0       0      36       0       0       0       0     175       2       0       0       2       0       0       0     175       2
  274.000    30191.776       7    2490     800       0       0       0       5       0       0       0       0     174       2       0       0       2       0       0       0     174       2
  275.000    36917.632       8    3044     800       0       0       0      10       0       0       0       0     176       2       0       0       2       0       0       0     176       2
