  TimeSec      LoaKbps LoaUsag Packets DlyUsec LoaDrps MetDrps TabDrps FloMods MetMods GroMods  PktsIn PktsOut FloEntr FloUsag MetEntr MetUsag GroEntr GroUsag BufPkts BufUsag  T0Entr  T0Usag
    1.000        0.000       0       0      34       0       0       0       3       0       2       0       0       3       2       0       0       2       0       0       0       3       2
    2.000       17.312       0       2      39       0       0       0       0       0       0       0       0       3       2       0       0       2       0       0       0       3       2
    3.000       17.312       0       2      39       0       0       0       0       0       0       0       0       3       2       0       0       2       0       0       0       3       2
    4.000       17.312       0       2      39       0       0       0       0       0       0       0       0       3       2       0       0       2       0       0       0       3       2
    5.000       17.312       0       2      39       0       0       0       0       0       0       0       0       3       2       0       0       2       0       0       0       3       2
    6.000       17.312       0       2      40       0       0       0       0       0       0       0       0       3       2       0       0       2       0       0       0       3       2
    7.000       17.312       0       2      40       0       0       0       0       0       0       0       0       3       2       0       0       2       0       0       0       3       2
    8.000       17.312       0       2      40       0       0       0       0       0       0       0       0       3       2       0       0       2       0       0       0       3       2
    9.000       17.312       0       2      40       0       0       0       0       0       0       0       0       3       2       0       0       2       0       0       0       3       2
   10.000       17.312       0       2      40       0       0       0       0       0       0       0       0       3       2       0       0       2       0       0       0       3       2
   11.000       17.312       0       2      99       0       0       0      95       0       0       0       0      58      29       0       0       2       0       0       0      58      29
   12.000    53380.512       5    4402     135       0       0       0       0       0       0       0       0      94      47       0       0       2       0       0       0      94      47
   13.000   106610.304      11    8791     139       0       0       0       0       0       0       0       0      98      49       0       0       2       0       0       0      98      49
   14.000   105773.472      11    8722     139       0       0       0       0       0       0       0       0      98      49       0       0       2       0       0       0      98      49
   15.000   105167.072      11    8672     139       0       0       0       0       0       0       0       0      98      49       0       0       2       0       0       0      98      49
   16.000   103748.096      10    8555     139       0       0       0       0       0       0       0       0      98      49       0       0       2       0       0       0      98      49
   17.000    97878.144      10    8071     140       0       0       0       0       0       0       0       0      98      49       0       0       2       0       0       0      98      49
   18.000    93718.240       9    7728     140       0       0       0       0       0       0       0       0      98      49       0       0       2       0       0       0      98      49
   19.000    93439.296       9    7705     140       0       0       0       0       0       0       0       0      98      49       0       0       2       0       0       0      98      49
   20.000    91814.144       9    7571     140       0       0       0       0       0       0       0       0      98      49       0       0       2       0       0       0      98      49
   21.000    91571.584       9    7551     151       0       0       0     102       0       0       0       0     158      79       0       0       2       0       0       0     158      79
   22.000   143867.520      14   11863     159       0       0       0       0       0       0       0       0     196      98       0       0       2       0       0       0     196      98
   23.000   193968.288      19   15994     159       0       0       0       0       0       0       0       0     200     100       0       0       2       0       0       0     200     100
   24.000   192767.616      19   15895     159       0       0       0       0       0       0       0       0     200     100       0       0       2       0       0       0     200     100
   25.000   191227.360      19   15768     159       0       0       0       0       0       0       0       0     200     100       0       0       2       0       0       0     200     100
   26.000   190196.480      19   15683     160       0       0       0       0       0       0       0       0     198      99       0       0       2       0       0       0     198      99
   27.000   187018.944      19   15421     160       0       0       0       0       0       0       0       0     197      99       0       0       2       0       0       0     197      99
   28.000   186412.544      19   15371     160       0       0       0       0       0       0       0       0     196      98       0       0       2       0       0       0     196      98
   29.000   185308.896      19   15280     160       0       0       0       0       0       0       0       0     194      97       0       0       2       0       0       0     194      97
   30.000   184338.656      18   15200     160       0       0       0       0       0       0       0       0     194      97       0       0       2       0       0       0     194      97
   31.000   183780.768      18   15154     160       0       0       0       7       0       0       0       0     197      99       0       0       2       0       0       0     197      99
   32.000   196490.912      20   16202     160       0       0       0       0       0       0       0       0     197      99       0       0       2       0       0       0     197      99
   33.000   207915.488      21   17144     160       0       0       0       0       0       0       0       0     195      98       0       0       2       0       0       0     195      98
   34.000   206399.488      21   17019     160       0       0       0       0       0       0       0       0     195      98       0       0       2       0       0       0     195      98
   35.000   203719.200      20   16798     160       0       0       0       0       0       0       0       0     192      96       0       0       2       0       0       0     192      96
   36.000   199146.944      20   16421     160       0       0       0       0       0       0       0       0     191      96       0       0       2       0       0       0     191      96
   37.000   196976.032      20   16242     160       0       0       0       0       0       0       0       0     190      95       0       0       2       0       0       0     190      95
   38.000   194683.840      19   16053     160       0       0       0       0       0       0       0       0     187      94       0       0       2       0       0       0     187      94
   39.000   190863.520      19   15738     160       0       0       0       0       0       0       0       0     186      93       0       0       2       0       0       0     186      93
   40.000   190099.456      19   15675     160       0       0       0       0       0       0       0       0     184      92       0       0       2       0       0       0     184      92
   41.000   190026.688      19   15669     160       0       0       0      17       0       0       0       0     192      96       0       0       2       0       0       0     192      96
   42.000   213809.696      21   17630     160       0       0       0       0       0       0       0       0     196      98       0       0       2       0       0       0     196      98
   43.000   236646.720      24   19513     160       0       0       0       0       0       0       0       0     196      98       0       0       2       0       0       0     196      98
   44.000   234936.672      23   19372     160       0       0       0       0       0       0       0       0     193      97       0       0       2       0       0       0     193      97
   45.000   231504.448      23   19089     160       0       0       0       0       0       0       0       0     191      96       0       0       2       0       0       0     191      96
   46.000   227599.232      23   18767     160       0       0       0       0       0       0       0       0     191      96       0       0       2       0       0       0     191      96
   47.000   225743.648      23   18614     160       0       0       0       0       0       0       0       0     188      94       0       0       2       0       0       0     188      94
   48.000   217290.432      22   17917     160       0       0       0       0       0       0       0       0     185      93       0       0       2       0       0       0     185      93
   49.000   216914.464      22   17886     160       0       0       0       0       0       0       0       0     184      92       0       0       2       0       0       0     184      92
   50.000   213736.928      21   17624     160       0       0       0       0       0       0       0       0     181      91       0       0       2       0       0       0     181      91
   51.000   207685.056      21   17125     160       0       0       0      20       0       0       0       0     190      95       0       0       2       0       0       0     190      95
   52.000   235809.888      24   19444     160       0       0       0       0       0       0       0       0     195      98       0       0       2       0       0       0     195      98
   53.000   264674.528      26   21824     160       0       0       0       0       0       0       0       0     193      97       0       0       2       0       0       0     193      97
   54.000   264104.512      26   21777     160       0       0       0       0       0       0       0       0     191      96       0       0       2       0       0       0     191      96
   55.000   262612.768      26   21654     160       0       0       0       0       0       0       0       0     188      94       0       0       2       0       0       0     188      94
   56.000   261606.144      26   21571     160       0       0       0       0       0       0       0       0     186      93       0       0       2       0       0       0     186      93
   57.000   252340.352      25   20807     160       0       0       0       0       0       0       0       0     186      93       0       0       2       0       0       0     186      93
   58.000   247865.120      25   20438     160       0       0       0       0       0       0       0       0     185      93       0       0       2       0       0       0     185      93
   59.000   245148.448      25   20214     160       0       0       0       0       0       0       0       0     184      92       0       0       2       0       0       0     184      92
   60.000   243438.400      24   20073     160       0       0       0       0       0       0       0       0     182      91       0       0       2       0       0       0     182      91
   61.000   240758.112      24   19852     160       0       0       0      19       0       0       0       0     190      95       0       0       2       0       0       0     190      95
   62.000   262964.480      26   21683     160       0       0       0       0       0       0       0       0     196      98       0       0       2       0       0       0     196      98
   63.000   281969.056      28   23250     160       0       0       0       0       0       0       0       0     194      97       0       0       2       0       0       0     194      97
   64.000   278427.680      28   22958     160       0       0       0       0       0       0       0       0     193      97       0       0       2       0       0       0     193      97
   65.000   268664.640      27   22153     160       0       0       0       0       0       0       0       0     191      96       0       0       2       0       0       0     191      96
   66.000   249114.304      25   20541     160       0       0       0       0       0       0       0       0     187      94       0       0       2       0       0       0     187      94
   67.000   242747.104      24   20016     160       0       0       0       0       0       0       0       0     185      93       0       0       2       0       0       0     185      93
   68.000   238029.312      24   19627     160       0       0       0       0       0       0       0       0     183      92       0       0       2       0       0       0     183      92
   69.000   235324.768      24   19404     160       0       0       0       0       0       0       0       0     181      91       0       0       2       0       0       0     181      91
   70.000   233481.312      23   19252     160       0       0       0       0       0       0       0       0     179      90       0       0       2       0       0       0     179      90
   71.000   229939.936      23   18960     160       0       0       0      22       0       0       0       0     191      96       0       0       2       0       0       0     191      96
   72.000   255202.560      26   21043     160       0       0       0       0       0       0       0       0     194      97       0       0       2       0       0       0     194      97
   73.000   277566.592      28   22887     160       0       0       0       0       0       0       0       0     191      96       0       0       2       0       0       0     191      96
   74.000   274862.048      27   22664     160       0       0       0       0       0       0       0       0     188      94       0       0       2       0       0       0     188      94
   75.000   270956.832      27   22342     160       0       0       0       0       0       0       0       0     186      93       0       0       2       0       0       0     186      93
   76.000   263279.808      26   21709     160       0       0       0       0       0       0       0       0     185      93       0       0       2       0       0       0     185      93
   77.000   254353.600      25   20973     160       0       0       0       0       0       0       0       0     183      92       0       0       2       0       0       0     183      92
   78.000   252388.864      25   20811     160       0       0       0       0       0       0       0       0     180      90       0       0       2       0       0       0     180      90
   79.000   251576.288      25   20744     160       0       0       0       0       0       0       0       0     179      90       0       0       2       0       0       0     179      90
   80.000   249187.072      25   20547     160       0       0       0       0       0       0       0       0     174      87       0       0       2       0       0       0     174      87
   81.000   245912.512      25   20277     160       0       0       0      29       0       0       0       0     184      92       0       0       2       0       0       0     184      92
   82.000   275808.032      28   22742     160       0       0       0       0       0       0       0       0     191      96       0       0       2       0       0       0     191      96
   83.000   311246.048      31   25664     160       0       0       0       0       0       0       0       0     189      95       0       0       2       0       0       0     189      95
   84.000   309002.368      31   25479     160       0       0       0       0       0       0       0       0     188      94       0       0       2       0       0       0     188      94
   85.000   305327.584      31   25176     160       0       0       0       0       0       0       0       0     186      93       0       0       2       0       0       0     186      93
   86.000   300961.504      30   24816     160       0       0       0       0       0       0       0       0     184      92       0       0       2       0       0       0     184      92
   87.000   297310.976      30   24515     160       0       0       0       0       0       0       0       0     182      91       0       0       2       0       0       0     182      91
   88.000   295067.296      30   24330     160       0       0       0       0       0       0       0       0     179      90       0       0       2       0       0       0     179      90
   89.000   287293.248      29   23689     160       0       0       0       0       0       0       0       0     177      89       0       0       2       0       0       0     177      89
   90.000   278961.312      28   23002     160       0       0       0       0       0       0       0       0     174      87       0       0       2       0       0       0     174      87
   91.000   268337.184      27   22126     160       0       0       0      27       0       0       0       0     187      94       0       0       2       0       0       0     187      94
   92.000   295649.440      30   24378     160       0       0       0       0       0       0       0       0     192      96       0       0       2       0       0       0     192      96
   93.000   321312.288      32   26494     160       0       0       0       0       0       0       0       0     191      96       0       0       2       0       0       0     191      96
   94.000   305097.152      31   25157     160       0       0       0       0       0       0       0       0     188      94       0       0       2       0       0       0     188      94
   95.000   289803.744      29   23896     160       0       0       0       0       0       0       0       0     186      93       0       0       2       0       0       0     186      93
   96.000   282187.360      28   23268     160       0       0       0       0       0       0       0       0     182      91       0       0       2       0       0       0     182      91
   97.000   276450.816      28   22795     160       0       0       0       0       0       0       0       0     178      89       0       0       2       0       0       0     178      89
   98.000   265826.688      27   21919     160       0       0       0       0       0       0       0       0     176      88       0       0       2       0       0       0     176      88
   99.000   252631.424      25   20831     160       0       0       0       0       0       0       0       0     174      87       0       0       2       0       0       0     174      87
  100.000   247695.328      25   20424     160       0       0       0       0       0       0       0       0     169      85       0       0       2       0       0       0     169      85
  101.000   247125.312      25   20377     160       0       0       0      33       0       0       0       0     185      93       0       0       2       0       0       0     185      93
  102.000   273734.144      27   22571     160       0       0       0       0       0       0       0       0     195      98       0       0       2       0       0       0     195      98
  103.000   301725.568      30   24879     160       0       0       0       0       0       0       0       0     196      98       0       0       2       0       0       0     196      98
  104.000   294400.256      29   24275     160       0       0       0       0       0       0       0       0     192      96       0       0       2       0       0       0     192      96
  105.000   292556.800      29   24123     160       0       0       0       0       0       0       0       0     188      94       0       0       2       0       0       0     188      94
  106.000   285474.048      29   23539     160       0       0       0       0       0       0       0       0     183      92       0       0       2       0       0       0     183      92
  107.000   278257.888      28   22944     160       0       0       0       0       0       0       0       0     180      90       0       0       2       0       0       0     180      90
  108.000   274595.232      27   22642     160       0       0       0       0       0       0       0       0     178      89       0       0       2       0       0       0     178      89
  109.000   265693.280      27   21908     160       0       0       0       0       0       0       0       0     170      85       0       0       2       0       0       0     170      85
  110.000   262321.696      26   21630     160       0       0       0       0       0       0       0       0     165      83       0       0       2       0       0       0     165      83
  111.000   253031.648      25   20864     160       0       0       0      36       0       0       0       0     181      91       0       0       2       0       0       0     181      91
  112.000   287584.320      29   23713     160       0       0       0       0       0       0       0       0     192      96       0       0       2       0       0       0     192      96
  113.000   314096.128      31   25899     160       0       0       0       0       0       0       0       0     189      95       0       0       2       0       0       0     189      95
  114.000   304430.112      30   25102     160       0       0       0       0       0       0       0       0     184      92       0       0       2       0       0       0     184      92
  115.000   295212.832      30   24342     160       0       0       0       0       0       0       0       0     181      91       0       0       2       0       0       0     181      91
  116.000   286589.824      29   23631     160       0       0       0       0       0       0       0       0     180      90       0       0       2       0       0       0     180      90
  117.000   276948.064      28   22836     160       0       0       0       0       0       0       0       0     175      88       0       0       2       0       0       0     175      88
  118.000   274570.976      27   22640     160       0       0       0       0       0       0       0       0     168      84       0       0       2       0       0       0     168      84
  119.000   273103.488      27   22519     160       0       0       0       0       0       0       0       0     162      81       0       0       2       0       0       0     162      81
  120.000   268361.440      27   22128     160       0       0       0       0       0       0       0       0     160      80       0       0       2       0       0       0     160      80
  121.000   254086.784      25   20951     160       0       0       0      41       0       0       0       0     180      90       0       0       2       0       0       0     180      90
  122.000   284831.264      28   23486     160       0       0       0       0       0       0       0       0     192      96       0       0       2       0       0       0     192      96
  123.000   318122.624      32   26231     160       0       0       0       0       0       0       0       0     192      96       0       0       2       0       0       0     192      96
  124.000   313307.808      31   25834     160       0       0       0       0       0       0       0       0     189      95       0       0       2       0       0       0     189      95
  125.000   311488.608      31   25684     160       0       0       0       0       0       0       0       0     186      93       0       0       2       0       0       0     186      93
  126.000   303083.904      30   24991     160       0       0       0       0       0       0       0       0     181      91       0       0       2       0       0       0     181      91
  127.000   294982.400      29   24323     160       0       0       0       0       0       0       0       0     178      89       0       0       2       0       0       0     178      89
  128.000   289015.424      29   23831     160       0       0       0       0       0       0       0       0     172      86       0       0       2       0       0       0     172      86
  129.000   284600.832      28   23467     160       0       0       0       0       0       0       0       0     167      84       0       0       2       0       0       0     167      84
  130.000   270277.664      27   22286     160       0       0       0       0       0       0       0       0     163      82       0       0       2       0       0       0     163      82
  131.000   257421.984      26   21226     160       0       0       0      38       0       0       0       0     182      91       0       0       2       0       0       0     182      91
  132.000   288202.848      29   23764     160       0       0       0       0       0       0       0       0     192      96       0       0       2       0       0       0     192      96
  133.000   321275.904      32   26491     160       0       0       0       0       0       0       0       0     193      97       0       0       2       0       0       0     193      97
  134.000   310724.544      31   25621     160       0       0       0       0       0       0       0       0     192      96       0       0       2       0       0       0     192      96
  135.000   305800.576      31   25215     160       0       0       0       0       0       0       0       0     189      95       0       0       2       0       0       0     189      95
  136.000   298147.808      30   24584     160       0       0       0       0       0       0       0       0     183      92       0       0       2       0       0       0     183      92
  137.000   293211.712      29   24177     160       0       0       0       0       0       0       0       0     178      89       0       0       2       0       0       0     178      89
  138.000   287839.008      29   23734     160       0       0       0       0       0       0       0       0     176      88       0       0       2       0       0       0     176      88
  139.000   282648.224      28   23306     160       0       0       0       0       0       0       0       0     174      87       0       0       2       0       0       0     174      87
  140.000   280343.904      28   23116     160       0       0       0       0       0       0       0       0     173      87       0       0       2       0       0       0     173      87
  141.000   279397.920      28   23038     160       0       0       0      28       0       0       0       0     186      93       0       0       2       0       0       0     186      93
  142.000   312410.336      31   25760     160       0       0       0       0       0       0       0       0     193      97       0       0       2       0       0       0     193      97
  143.000   346223.200      35   28548     160       0       0       0       0       0       0       0       0     191      96       0       0       2       0       0       0     191      96
  144.000   337442.528      34   27824     160       0       0       0       0       0       0       0       0     189      95       0       0       2       0       0       0     189      95
  145.000   332300.256      33   27400     160       0       0       0       0       0       0       0       0     185      93       0       0       2       0       0       0     185      93
  146.000   326393.920      33   26913     160       0       0       0       0       0       0       0       0     181      91       0       0       2       0       0       0     181      91
  147.000   318923.072      32   26297     160       0       0       0       0       0       0       0       0     179      90       0       0       2       0       0       0     179      90
  148.000   315963.840      32   26053     160       0       0       0       0       0       0       0       0     179      90       0       0       2       0       0       0     179      90
  149.000   313538.240      31   25853     160       0       0       0       0       0       0       0       0     175      88       0       0       2       0       0       0     175      88
  150.000   304151.168      30   25079     160       0       0       0       0       0       0       0       0     172      86       0       0       2       0       0       0     172      86
  151.000   290119.072      29   23922     160       0       0       0      30       0       0       0       0     186      93       0       0       2       0       0       0     186      93
  152.000   315418.080      32   26008     160       0       0       0       0       0       0       0       0     194      97       0       0       2       0       0       0     194      97
  153.000   345337.856      35   28475     160       0       0       0       0       0       0       0       0     193      97       0       0       2       0       0       0     193      97
  154.000   332470.048      33   27414     160       0       0       0       0       0       0       0       0     190      95       0       0       2       0       0       0     190      95
  155.000   327170.112      33   26977     160       0       0       0       0       0       0       0       0     189      95       0       0       2       0       0       0     189      95
  156.000   323252.768      32   26654     160       0       0       0       0       0       0       0       0     189      95       0       0       2       0       0       0     189      95
  157.000   318547.104      32   26266     160       0       0       0       0       0       0       0       0     187      94       0       0       2       0       0       0     187      94
  158.000   310494.112      31   25602     160       0       0       0       0       0       0       0       0     186      93       0       0       2       0       0       0     186      93
  159.000   309123.648      31   25489     160       0       0       0       0       0       0       0       0     182      91       0       0       2       0       0       0     182      91
  160.000   305157.792      31   25162     160       0       0       0       0       0       0       0       0     179      90       0       0       2       0       0       0     179      90
  161.000   296013.280      30   24408     160       0       0       0      22       0       0       0       0     190      95       0       0       2       0       0       0     190      95
  162.000   318704.768      32   26279     160       0       0       0       0       0       0       0       0     194      97       0       0       2       0       0       0     194      97
  163.000   346114.048      35   28539     160       0       0       0       0       0       0       0       0     194      97       0       0       2       0       0       0     194      97
  164.000   341359.872      34   28147     160       0       0       0       0       0       0       0       0     193      97       0       0       2       0       0       0     193      97
  165.000   328989.312      33   27127     160       0       0       0       0       0       0       0       0     189      95       0       0       2       0       0       0     189      95
  166.000   325775.392      33   26862     160       0       0       0       0       0       0       0       0     182      91       0       0       2       0       0       0     182      91
  167.000   305254.816      31   25170     160       0       0       0       0       0       0       0       0     178      89       0       0       2       0       0       0     178      89
  168.000   291344.000      29   24023     160       0       0       0       0       0       0       0       0     175      88       0       0       2       0       0       0     175      88
  169.000   280974.560      28   23168     160       0       0       0       0       0       0       0       0     171      86       0       0       2       0       0       0     171      86
  170.000   273794.784      27   22576     160       0       0       0       0       0       0       0       0     168      84       0       0       2       0       0       0     168      84
  171.000   266845.440      27   22003     160       0       0       0      34       0       0       0       0     186      93       0       0       2       0       0       0     186      93
  172.000   298826.976      30   24640     160       0       0       0       0       0       0       0       0     197      99       0       0       2       0       0       0     197      99
  173.000   329474.432      33   27167     160       0       0       0       0       0       0       0       0     196      98       0       0       2       0       0       0     196      98
  174.000   321651.872      32   26522     160       0       0       0       0       0       0       0       0     195      98       0       0       2       0       0       0     195      98
  175.000   313295.680      31   25833     160       0       0       0       0       0       0       0       0     193      97       0       0       2       0       0       0     193      97
  176.000   309778.560      31   25543     160       0       0       0       0       0       0       0       0     190      95       0       0       2       0       0       0     190      95
  177.000   301191.936      30   24835     160       0       0       0       0       0       0       0       0     185      93       0       0       2       0       0       0     185      93
  178.000   292350.624      29   24106     160       0       0       0       0       0       0       0       0     183      92       0       0       2       0       0       0     183      92
  179.000   282793.760      28   23318     160       0       0       0       0       0       0       0       0     181      91       0       0       2       0       0       0     181      91
  180.000   277554.464      28   22886     160       0       0       0       0       0       0       0       0     176      88       0       0       2       0       0       0     176      88
  181.000   269913.824      27   22256     160       0       0       0      25       0       0       0       0     188      94       0       0       2       0       0       0     188      94
  182.000   293041.920      29   24163     160       0       0       0       0       0       0       0       0     190      95       0       0       2       0       0       0     190      95
  183.000   319577.984      32   26351     160       0       0       0       0       0       0       0       0     185      93       0       0       2       0       0       0     185      93
  184.000   314932.960      31   25968     160       0       0       0       0       0       0       0       0     180      90       0       0       2       0       0       0     180      90
  185.000   311937.344      31   25721     160       0       0       0       0       0       0       0       0     177      89       0       0       2       0       0       0     177      89
  186.000   305630.784      31   25201     160       0       0       0       0       0       0       0       0     173      87       0       0       2       0       0       0     173      87
  187.000   296486.272      30   24447     160       0       0       0       0       0       0       0       0     170      85       0       0       2       0       0       0     170      85
  188.000   287766.240      29   23728     160       0       0       0       0       0       0       0       0     167      84       0       0       2       0       0       0     167      84
  189.000   281362.656      28   23200     160       0       0       0       0       0       0       0       0     166      83       0       0       2       0       0       0     166      83
  190.000   275759.520      28   22738     160       0       0       0       0       0       0       0       0     163      82       0       0       2       0       0       0     163      82
  191.000   268834.432      27   22167     160       0       0       0      38       0       0       0       0     183      92       0       0       2       0       0       0     183      92
  192.000   301143.424      30   24831     160       0       0       0       0       0       0       0       0     194      97       0       0       2       0       0       0     194      97
  193.000   331366.400      33   27323     160       0       0       0       0       0       0       0       0     191      96       0       0       2       0       0       0     191      96
  194.000   320681.632      32   26442     160       0       0       0       0       0       0       0       0     188      94       0       0       2       0       0       0     188      94
  195.000   309596.640      31   25528     160       0       0       0       0       0       0       0       0     186      93       0       0       2       0       0       0     186      93
  196.000   300925.120      30   24813     160       0       0       0       0       0       0       0       0     183      92       0       0       2       0       0       0     183      92
  197.000   291453.152      29   24032     160       0       0       0       0       0       0       0       0     179      90       0       0       2       0       0       0     179      90
  198.000   284030.816      28   23420     160       0       0       0       0       0       0       0       0     176      88       0       0       2       0       0       0     176      88
  199.000   273758.400      27   22573     160       0       0       0       0       0       0       0       0     174      87       0       0       2       0       0       0     174      87
  200.000   267949.088      27   22094     160       0       0       0       0       0       0       0       0     172      86       0       0       2       0       0       0     172      86
  201.000   263558.752      26   21732     160       0       0       0      29       0       0       0       0     188      94       0       0       2       0       0       0     188      94
  202.000   299809.344      30   24721     160       0       0       0       0       0       0       0       0     194      97       0       0       2       0       0       0     194      97
  203.000   337636.576      34   27840     160       0       0       0       0       0       0       0       0     191      96       0       0       2       0       0       0     191      96
  204.000   332324.512      33   27402     160       0       0       0       0       0       0       0       0     188      94       0       0       2       0       0       0     188      94
  205.000   321445.696      32   26505     160       0       0       0       0       0       0       0       0     184      92       0       0       2       0       0       0     184      92
  206.000   311379.456      31   25675     160       0       0       0       0       0       0       0       0     180      90       0       0       2       0       0       0     180      90
  207.000   302574.528      30   24949     160       0       0       0       0       0       0       0       0     176      88       0       0       2       0       0       0     176      88
  208.000   295782.848      30   24389     160       0       0       0       0       0       0       0       0     172      86       0       0       2       0       0       0     172      86
  209.000   292108.064      29   24086     160       0       0       0       0       0       0       0       0     168      84       0       0       2       0       0       0     168      84
  210.000   286953.664      29   23661     160       0       0       0       0       0       0       0       0     165      83       0       0       2       0       0       0     165      83
  211.000   278536.832      28   22967     160       0       0       0      37       0       0       0       0     182      91       0       0       2       0       0       0     182      91
  212.000   308978.112      31   25477     160       0       0       0       0       0       0       0       0     192      96       0       0       2       0       0       0     192      96
  213.000   329947.424      33   27206     160       0       0       0       0       0       0       0       0     190      95       0       0       2       0       0       0     190      95
  214.000   326854.784      33   26951     160       0       0       0       0       0       0       0       0     186      93       0       0       2       0       0       0     186      93
  215.000   326333.280      33   26908     160       0       0       0       0       0       0       0       0     184      92       0       0       2       0       0       0     184      92
  216.000   320378.432      32   26417     160       0       0       0       0       0       0       0       0     180      90       0       0       2       0       0       0     180      90
  217.000   314981.472      31   25972     160       0       0       0       0       0       0       0       0     178      89       0       0       2       0       0       0     178      89
  218.000   313259.296      31   25830     160       0       0       0       0       0       0       0       0     176      88       0       0       2       0       0       0     176      88
  219.000   307753.184      31   25376     160       0       0       0       0       0       0       0       0     174      87       0       0       2       0       0       0     174      87
  220.000   303702.432      30   25042     160       0       0       0       0       0       0       0       0     169      85       0       0       2       0       0       0     169      85
  221.000   287475.168      29   23704     160       0       0       0      34       0       0       0       0     186      93       0       0       2       0       0       0     186      93
  222.000   317588.992      32   26187     160       0       0       0       0       0       0       0       0     195      98       0       0       2       0       0       0     195      98
  223.000   344391.872      34   28397     160       0       0       0       0       0       0       0       0     193      97       0       0       2       0       0       0     193      97
  224.000   335768.864      34   27686     160       0       0       0       0       0       0       0       0     191      96       0       0       2       0       0       0     191      96
  225.000   327812.896      33   27030     160       0       0       0       0       0       0       0       0     188      94       0       0       2       0       0       0     188      94
  226.000   320426.944      32   26421     160       0       0       0       0       0       0       0       0     184      92       0       0       2       0       0       0     184      92
  227.000   310178.784      31   25576     160       0       0       0       0       0       0       0       0     180      90       0       0       2       0       0       0     180      90
  228.000   297978.016      30   24570     160       0       0       0       0       0       0       0       0     174      87       0       0       2       0       0       0     174      87
  229.000   291816.992      29   24062     160       0       0       0       0       0       0       0       0     173      87       0       0       2       0       0       0     173      87
  230.000   286080.448      29   23589     160       0       0       0       0       0       0       0       0     173      87       0       0       2       0       0       0     173      87
  231.000   274461.824      27   22631     160       0       0       0      28       0       0       0       0     187      94       0       0       2       0       0       0     187      94
  232.000   293551.296      29   24205     160       0       0       0       0       0       0       0       0     196      98       0       0       2       0       0       0     196      98
  233.000   317237.280      32   26158     160       0       0       0       0       0       0       0       0     196      98       0       0       2       0       0       0     196      98
  234.000   314423.584      31   25926     160       0       0       0       0       0       0       0       0     193      97       0       0       2       0       0       0     193      97
  235.000   311767.552      31   25707     160       0       0       0       0       0       0       0       0     191      96       0       0       2       0       0       0     191      96
  236.000   310397.088      31   25594     160       0       0       0       0       0       0       0       0     184      92       0       0       2       0       0       0     184      92
  237.000   303763.072      30   25047     160       0       0       0       0       0       0       0       0     181      91       0       0       2       0       0       0     181      91
  238.000   294048.544      29   24246     160       0       0       0       0       0       0       0       0     178      89       0       0       2       0       0       0     178      89
  239.000   289173.088      29   23844     160       0       0       0       0       0       0       0       0     174      87       0       0       2       0       0       0     174      87
  240.000   283909.536      28   23410     160       0       0       0       0       0       0       0       0     170      85       0       0       2       0       0       0     170      85
  241.000   275407.808      28   22709     160       0       0       0      32       0       0       0       0     185      93       0       0       2       0       0       0     185      93
  242.000   298184.192      30   24587     160       0       0       0       0       0       0       0       0     193      97       0       0       2       0       0       0     193      97
  243.000   325908.800      33   26873     160       0       0       0       0       0       0       0       0     189      95       0       0       2       0       0       0     189      95
  244.000   314957.216      31   25970     160       0       0       0       0       0       0       0       0     187      94       0       0       2       0       0       0     187      94
  245.000   310821.568      31   25629     160       0       0       0       0       0       0       0       0     185      93       0       0       2       0       0       0     185      93
  246.000   303447.744      30   25021     160       0       0       0       0       0       0       0       0     180      90       0       0       2       0       0       0     180      90
  247.000   290434.400      29   23948     160       0       0       0       0       0       0       0       0     174      87       0       0       2       0       0       0     174      87
  248.000   287523.680      29   23708     160       0       0       0       0       0       0       0       0     171      86       0       0       2       0       0       0     171      86
  249.000   284758.496      28   23480     160       0       0       0       0       0       0       0       0     170      85       0       0       2       0       0       0     170      85
  250.000   279858.784      28   23076     160       0       0       0       0       0       0       0       0     169      85       0       0       2       0       0       0     169      85
  251.000   278791.520      28   22988     160       0       0       0      31       0       0       0       0     186      93       0       0       2       0       0       0     186      93
  252.000   305558.016      31   25195     160       0       0       0       0       0       0       0       0     194      97       0       0       2       0       0       0     194      97
  253.000   335950.784      34   27701     160       0       0       0       0       0       0       0       0     191      96       0       0       2       0       0       0     191      96
  254.000   333355.392      33   27487     160       0       0       0       0       0       0       0       0     190      95       0       0       2       0       0       0     190      95
  255.000   333525.184      33   27501     160       0       0       0       0       0       0       0       0     187      94       0       0       2       0       0       0     187      94
  256.000   328358.656      33   27075     160       0       0       0       0       0       0       0       0     183      92       0       0       2       0       0       0     183      92
  257.000   324987.072      32   26797     160       0       0       0       0       0       0       0       0     177      89       0       0       2       0       0       0     177      89
  258.000   318692.640      32   26278     160       0       0       0       0       0       0       0       0     174      87       0       0       2       0       0       0     174      87
  259.000   308141.280      31   25408     160       0       0       0       0       0       0       0       0     170      85       0       0       2       0       0       0     170      85
  260.000   305618.656      31   25200     160       0       0       0       0       0       0       0       0     168      84       0       0       2       0       0       0     168      84
  261.000   302150.048      30   24914     160       0       0       0      34       0       0       0       0     185      93       0       0       2       0       0       0     185      93
  262.000   332360.896      33   27405     160       0       0       0       0       0       0       0       0     192      96       0       0       2       0       0       0     192      96
  263.000   364803.296      36   30080     160       0       0       0       0       0       0       0       0     192      96       0       0       2       0       0       0     192      96
  264.000   358278.432      36   29542     160       0       0       0       0       0       0       0       0     191      96       0       0       2       0       0       0     191      96
  265.000   348903.488      35   28769     160       0       0       0       0       0       0       0       0     189      95       0       0       2       0       0       0     189      95
  266.000   344125.056      34   28375     160       0       0       0       0       0       0       0       0     189      95       0       0       2       0       0       0     189      95
  267.000   333003.680      33   27458     160       0       0       0       0       0       0       0       0     186      93       0       0       2       0       0       0     186      93
  268.000   317770.912      32   26202     160       0       0       0       0       0       0       0       0     186      93       0       0       2       0       0       0     186      93
  269.000   308553.632      31   25442     160       0       0       0       0       0       0       0       0     185      93       0       0       2       0       0       0     185      93
  270.000   300391.488      30   24769     160       0       0       0       0       0       0       0       0     185      93       0       0       2       0       0       0     185      93
  271.000   296316.480      30   24433     160       0       0       0      15       0       0       0       0     191      96       0       0       2       0       0       0     191      96
  272.000   311755.424      31   25706     160       0       0       0       0       0       0       0       0     194      97       0       0       2       0       0       0     194      97
  273.000   325520.704      33   26841     160       0       0       0       0       0       0       0       0     192      96       0       0       2       0       0       0     192      96
  274.000   315818.304      32   26041     160       0       0       0       0       0       0       0       0     189      95       0       0       2       0       0       0     189      95
  275.000   308451.424      31   25433     160       0       0       0       0       0       0       0       0     188      94       0       0       2       0       0       0     188      94
