  TimeSec      LoaKbps LoaUsag Packets DlyUsec LoaDrps MetDrps TabDrps FloMods MetMods GroMods  PktsIn PktsOut FloEntr FloUsag MetEntr MetUsag GroEntr GroUsag BufPkts BufUsag  T0Entr  T0Usag
    1.000        0.000       0       0      34       0       0       0       3       0       2       0       0       3       2       0       0       2       0       0       0       3       2
    2.000     3522.304       0     291      65       0       0       0      11       0       0       0       0       8       4       0       0       2       0       0       0       8       4
    3.000    14013.024       1    1156      95       0       0       0       8       0       0       0       0      18       9       0       0       2       0       0       0      18       9
    4.000    18197.184       2    1501      99       0       0       0       4       0       0       0       0      24      12       0       0       2       0       0       0      24      12
    5.000    21968.992       2    1812      99       0       0       0       4       0       0       0       0      28      14       0       0       2       0       0       0      28      14
    6.000    27875.328       3    2299     113       0       0       0       4       0       0       0       0      32      16       0       0       2       0       0       0      32      16
    7.000    30652.640       3    2528     119       0       0       0       5       0       0       0       0      36      18       0       0       2       0       0       0      36      18
    8.000    37626.240       4    3103     119       0       0       0       7       0       0       0       0      43      22       0       0       2       0       0       0      43      22
    9.000    42441.056       4    3500     119       0       0       0       5       0       0       0       0      48      24       0       0       2       0       0       0      48      24
   10.000    48577.824       5    4006     119       0       0       0       6       0       0       0       0      54      27       0       0       2       0       0       0      54      27
   11.000    56521.664       6    4661     120       0       0       0       5       0       0       0       0      60      30       0       0       2       0       0       0      60      30
   12.000    62537.152       6    5157     124       0       0       0       3       0       0       0       0      63      32       0       0       2       0       0       0      63      32
   13.000    65605.536       7    5410     138       0       0       0       6       0       0       0       0      67      34       0       0       2       0       0       0      67      34
   14.000    73318.944       7    6046     139       0       0       0      11       0       0       0       0      75      38       0       0       2       0       0       0      75      38
   15.000    79710.400       8    6573     139       0       0       0       2       0       0       0       0      82      41       0       0       2       0       0       0      82      41
   16.000    85070.976       9    7015     139       0       0       0       5       0       0       0       0      86      43       0       0       2       0       0       0      86      43
   17.000    88187.872       9    7272     140       0       0       0       5       0       0       0       0      91      46       0       0       2       0       0       0      91      46
   18.000    92614.592       9    7637     140       0       0       0       9       0       0       0       0      99      50       0       0       2       0       0       0      99      50
   19.000   102996.160      10    8493     140       0       0       0       4       0       0       0       0     106      53       0       0       2       0       0       0     106      53
   20.000   106028.160      11    8743     140       0       0       0       5       0       0       0       0     110      55       0       0       2       0       0       0     110      55
   21.000   106573.920      11    8788     140       0       0       0       4       0       0       0       0     114      57       0       0       2       0       0       0     114      57
   22.000   107677.568      11    8879     140       0       0       0       4       0       0       0       0     118      59       0       0       2       0       0       0     118      59
   23.000   112771.328      11    9299     140       0       0       0       4       0       0       0       0     122      61       0       0       2       0       0       0     122      61
   24.000   116943.360      12    9643     147       0       0       0       5       0       0       0       0     127      64       0       0       2       0       0       0     127      64
   25.000   119660.032      12    9867     158       0       0       0       5       0       0       0       0     131      66       0       0       2       0       0       0     131      66
   26.000   121321.568      12   10004     159       0       0       0       6       0       0       0       0     137      69       0       0       2       0       0       0     137      69
   27.000   125627.008      13   10359     159       0       0       0       6       0       0       0       0     143      72       0       0       2       0       0       0     143      72
   28.000   134904.928      13   11124     159       0       0       0       4       0       0       0       0     147      74       0       0       2       0       0       0     147      74
   29.000   137524.576      14   11340     160       0       0       0       4       0       0       0       0     150      75       0       0       2       0       0       0     150      75
   30.000   140847.648      14   11614     160       0       0       0       7       0       0       0       0     155      78       0       0       2       0       0       0     155      78
   31.000   148973.408      15   12284     160       0       0       0       8       0       0       0       0     165      83       0       0       2       0       0       0     165      83
   32.000   150319.616      15   12395     160       0       0       0       4       0       0       0       0     169      85       0       0       2       0       0       0     169      85
   33.000   149761.728      15   12349     160       0       0       0       9       0       0       0       0     175      88       0       0       2       0       0       0     175      88
   34.000   151168.576      15   12465     160       0       0       0       3       0       0       0       0     180      90       0       0       2       0       0       0     180      90
   35.000   154916.128      15   12774     160       0       0       0       9       0       0       0       0     186      93       0       0       2       0       0       0     186      93
   36.000   158105.792      16   13037     160       0       0       0       5       0       0       0       0     190      95       0       0       2       0       0       0     190      95
   37.000   163708.928      16   13499     160       0       0       0       6       0       0       0       0     194      97       0       0       2       0       0       0     194      97
   38.000   163417.856      16   13475     160       0       0       0       2       0       0       0       0     197      99       0       0       2       0       0       0     197      99
   39.000   161707.808      16   13334     160       0       0       0       2       0       0       0       0     200     100       0       0       2       0       0       0     200     100
   40.000   159658.176      16   13165     160       0       0       0       1       0       0       0       0     200     100       0       0       2       0       0       0     200     100
   41.000   162678.048      16   13414     160       0       0       0       2       0       0       0       0     200     100       0       0       2       0       0       0     200     100
   42.000   161271.200      16   13298     160       0       0       0       0       0       0       0       0     200     100       0       0       2       0       0       0     200     100
   43.000   157608.544      16   12996     160       0       0       0       0       0       0       0       0     200     100       0       0       2       0       0       0     200     100
   44.000   153836.736      15   12685     160       0       0       0       3       0       0       0       0     198      99       0       0       2       0       0       0     198      99
   45.000   153727.584      15   12676     160       0       0       0       2       0       0       0       0     200     100       0       0       2       0       0       0     200     100
   46.000   154188.448      15   12714     160       0       0       0       2       0       0       0       0     200     100       0       0       2       0       0       0     200     100
   47.000   153242.464      15   12636     160       0       0       0       2       0       0       0       0     200     100       0       0       2       0       0       0     200     100
   48.000   150489.408      15   12409     160       0       0       0       5       0       0       0       0     199     100       0       0       2       0       0       0     199     100
   49.000   150077.056      15   12375     160       0       0       0       3       0       0       0       0     200     100       0       0       2       0       0       0     200     100
   50.000   147481.664      15   12161     160       0       0       0       0       0       0       0       0     200     100       0       0       2       0       0       0     200     100
   51.000   143467.296      14   11830     160       0       0       0       3       0       0       0       0     199     100       0       0       2       0       0       0     199     100
   52.000   142036.192      14   11712     160       0       0       0       2       0       0       0       0     199     100       0       0       2       0       0       0     199     100
   53.000   141514.688      14   11669     160       0       0       0       5       0       0       0       0     198      99       0       0       2       0       0       0     198      99
   54.000   141187.232      14   11642     160       0       0       0       3       0       0       0       0     199     100       0       0       2       0       0       0     199     100
   55.000   143346.016      14   11820     160       0       0       0       3       0       0       0       0     200     100       0       0       2       0       0       0     200     100
   56.000   141781.504      14   11691     160       0       0       0       2       0       0       0       0     199     100       0       0       2       0       0       0     199     100
   57.000   142982.176      14   11790     160       0       0       0       1       0       0       0       0     199     100       0       0       2       0       0       0     199     100
   58.000   142848.768      14   11779     160       0       0       0       3       0       0       0       0     198      99       0       0       2       0       0       0     198      99
   59.000   142776.000      14   11773     160       0       0       0       3       0       0       0       0     199     100       0       0       2       0       0       0     199     100
   60.000   146656.960      15   12093     160       0       0       0       3       0       0       0       0     199     100       0       0       2       0       0       0     199     100
   61.000   148561.056      15   12250     160       0       0       0       4       0       0       0       0     199     100       0       0       2       0       0       0     199     100
   62.000   149652.576      15   12340     160       0       0       0       3       0       0       0       0     200     100       0       0       2       0       0       0     200     100
   63.000   148524.672      15   12247     160       0       0       0       2       0       0       0       0     200     100       0       0       2       0       0       0     200     100
   64.000   146111.200      15   12048     160       0       0       0       3       0       0       0       0     200     100       0       0       2       0       0       0     200     100
   65.000   144959.040      14   11953     160       0       0       0       5       0       0       0       0     199     100       0       0       2       0       0       0     199     100
   66.000   146280.992      15   12062     160       0       0       0       2       0       0       0       0     199     100       0       0       2       0       0       0     199     100
   67.000   148136.576      15   12215     160       0       0       0       3       0       0       0       0     198      99       0       0       2       0       0       0     198      99
   68.000   146838.880      15   12108     160       0       0       0       4       0       0       0       0     199     100       0       0       2       0       0       0     199     100
   69.000   144401.152      14   11907     160       0       0       0       2       0       0       0       0     200     100       0       0       2       0       0       0     200     100
   70.000   145092.448      15   11964     160       0       0       0       1       0       0       0       0     200     100       0       0       2       0       0       0     200     100
   71.000   145747.360      15   12018     160       0       0       0       2       0       0       0       0     199     100       0       0       2       0       0       0     199     100
   72.000   145601.824      15   12006     160       0       0       0       2       0       0       0       0     199     100       0       0       2       0       0       0     199     100
   73.000   147287.616      15   12145     160       0       0       0       3       0       0       0       0     198      99       0       0       2       0       0       0     198      99
   74.000   152939.264      15   12611     160       0       0       0       3       0       0       0       0     199     100       0       0       2       0       0       0     199     100
   75.000   160119.040      16   13203     160       0       0       0       2       0       0       0       0     199     100       0       0       2       0       0       0     199     100
   76.000   165758.560      17   13668     160       0       0       0       3       0       0       0       0     199     100       0       0       2       0       0       0     199     100
   77.000   163393.600      16   13473     160       0       0       0       1       0       0       0       0     199     100       0       0       2       0       0       0     199     100
   78.000   162944.864      16   13436     160       0       0       0       3       0       0       0       0     198      99       0       0       2       0       0       0     198      99
   79.000   163041.888      16   13444     160       0       0       0       4       0       0       0       0     198      99       0       0       2       0       0       0     198      99
   80.000   168111.392      17   13862     160       0       0       0       3       0       0       0       0     199     100       0       0       2       0       0       0     199     100
   81.000   165988.992      17   13687     160       0       0       0       0       0       0       0       0     200     100       0       0       2       0       0       0     200     100
   82.000   164036.384      16   13526     160       0       0       0       0       0       0       0       0     199     100       0       0       2       0       0       0     199     100
   83.000   165212.800      17   13623     160       0       0       0       3       0       0       0       0     198      99       0       0       2       0       0       0     198      99
   84.000   164424.480      16   13558     160       0       0       0       2       0       0       0       0     198      99       0       0       2       0       0       0     198      99
   85.000   166219.424      17   13706     160       0       0       0       1       0       0       0       0     200     100       0       0       2       0       0       0     200     100
   86.000   165273.440      17   13628     160       0       0       0       3       0       0       0       0     199     100       0       0       2       0       0       0     199     100
   87.000   167941.600      17   13848     160       0       0       0       3       0       0       0       0     200     100       0       0       2       0       0       0     200     100
   88.000   168814.816      17   13920     160       0       0       0       2       0       0       0       0     200     100       0       0       2       0       0       0     200     100
   89.000   168366.080      17   13883     160       0       0       0       2       0       0       0       0     199     100       0       0       2       0       0       0     199     100
   90.000   169020.992      17   13937     160       0       0       0       3       0       0       0       0     200     100       0       0       2       0       0       0     200     100
   91.000   172623.008      17   14234     160       0       0       0       1       0       0       0       0     200     100       0       0       2       0       0       0     200     100
   92.000   173132.384      17   14276     160       0       0       0       4       0       0       0       0     199     100       0       0       2       0       0       0     199     100
   93.000   171628.512      17   14152     160       0       0       0       3       0       0       0       0     197      99       0       0       2       0       0       0     197      99
   94.000   172428.960      17   14218     160       0       0       0       4       0       0       0       0     199     100       0       0       2       0       0       0     199     100
   95.000   173350.688      17   14294     160       0       0       0       2       0       0       0       0     200     100       0       0       2       0       0       0     200     100
   96.000   178602.112      18   14727     160       0       0       0       7       0       0       0       0     199     100       0       0       2       0       0       0     199     100
   97.000   178395.936      18   14710     160       0       0       0       3       0       0       0       0     199     100       0       0       2       0       0       0     199     100
   98.000   168584.384      17   13901     160       0       0       0       0       0       0       0       0     199     100       0       0       2       0       0       0     199     100
   99.000   168657.152      17   13907     160       0       0       0       4       0       0       0       0     200     100       0       0       2       0       0       0     200     100
  100.000   168220.544      17   13871     160       0       0       0       1       0       0       0       0     200     100       0       0       2       0       0       0     200     100
  101.000   164788.320      16   13588     160       0       0       0       1       0       0       0       0     199     100       0       0       2       0       0       0     199     100
  102.000   164521.504      16   13566     160       0       0       0       3       0       0       0       0     199     100       0       0       2       0       0       0     199     100
  103.000   165758.560      17   13668     160       0       0       0       3       0       0       0       0     197      99       0       0       2       0       0       0     197      99
  104.000   168560.128      17   13899     160       0       0       0       5       0       0       0       0     198      99       0       0       2       0       0       0     198      99
  105.000   168475.232      17   13892     160       0       0       0       1       0       0       0       0     200     100       0       0       2       0       0       0     200     100
  106.000   166656.032      17   13742     160       0       0       0       0       0       0       0       0     200     100       0       0       2       0       0       0     200     100
  107.000   167019.872      17   13772     160       0       0       0       2       0       0       0       0     198      99       0       0       2       0       0       0     198      99
  108.000   171070.624      17   14106     160       0       0       0       6       0       0       0       0     199     100       0       0       2       0       0       0     199     100
  109.000   173993.472      17   14347     160       0       0       0       3       0       0       0       0     199     100       0       0       2       0       0       0     199     100
  110.000   171046.368      17   14104     160       0       0       0       1       0       0       0       0     199     100       0       0       2       0       0       0     199     100
  111.000   171398.080      17   14133     160       0       0       0       4       0       0       0       0     198      99       0       0       2       0       0       0     198      99
  112.000   179111.488      18   14769     160       0       0       0       8       0       0       0       0     197      99       0       0       2       0       0       0     197      99
  113.000   186788.512      19   15402     160       0       0       0       5       0       0       0       0     199     100       0       0       2       0       0       0     199     100
  114.000   181500.704      18   14966     160       0       0       0       1       0       0       0       0     200     100       0       0       2       0       0       0     200     100
  115.000   176346.304      18   14541     160       0       0       0       1       0       0       0       0     198      99       0       0       2       0       0       0     198      99
  116.000   182325.408      18   15034     160       0       0       0       7       0       0       0       0     198      99       0       0       2       0       0       0     198      99
  117.000   186788.512      19   15402     160       0       0       0       3       0       0       0       0     199     100       0       0       2       0       0       0     199     100
  118.000   181233.888      18   14944     160       0       0       0       3       0       0       0       0     200     100       0       0       2       0       0       0     200     100
  119.000   176140.128      18   14524     160       0       0       0       2       0       0       0       0     200     100       0       0       2       0       0       0     200     100
  120.000   177522.720      18   14638     160       0       0       0       4       0       0       0       0     198      99       0       0       2       0       0       0     198      99
  121.000   179754.272      18   14822     160       0       0       0       1       0       0       0       0     200     100       0       0       2       0       0       0     200     100
  122.000   182458.816      18   15045     160       0       0       0       1       0       0       0       0     200     100       0       0       2       0       0       0     200     100
  123.000   181828.160      18   14993     160       0       0       0       2       0       0       0       0     199     100       0       0       2       0       0       0     199     100
  124.000   183174.368      18   15104     160       0       0       0       2       0       0       0       0     197      99       0       0       2       0       0       0     197      99
  125.000   188668.352      19   15557     160       0       0       0       5       0       0       0       0     197      99       0       0       2       0       0       0     197      99
  126.000   191870.144      19   15821     160       0       0       0       2       0       0       0       0     199     100       0       0       2       0       0       0     199     100
  127.000   186412.544      19   15371     160       0       0       0       3       0       0       0       0     199     100       0       0       2       0       0       0     199     100
  128.000   183465.440      18   15128     160       0       0       0       4       0       0       0       0     199     100       0       0       2       0       0       0     199     100
  129.000   184290.144      18   15196     160       0       0       0       4       0       0       0       0     199     100       0       0       2       0       0       0     199     100
  130.000   184144.608      18   15184     160       0       0       0       3       0       0       0       0     199     100       0       0       2       0       0       0     199     100
  131.000   183865.664      18   15161     160       0       0       0       3       0       0       0       0     199     100       0       0       2       0       0       0     199     100
  132.000   182167.744      18   15021     160       0       0       0       0       0       0       0       0     200     100       0       0       2       0       0       0     200     100
  133.000   177607.616      18   14645     160       0       0       0       4       0       0       0       0     197      99       0       0       2       0       0       0     197      99
  134.000   178286.784      18   14701     160       0       0       0       4       0       0       0       0     198      99       0       0       2       0       0       0     198      99
  135.000   177874.432      18   14667     160       0       0       0       0       0       0       0       0     200     100       0       0       2       0       0       0     200     100
  136.000   172780.672      17   14247     160       0       0       0       1       0       0       0       0     200     100       0       0       2       0       0       0     200     100
  137.000   174490.720      17   14388     160       0       0       0       3       0       0       0       0     199     100       0       0       2       0       0       0     199     100
  138.000   176285.664      18   14536     160       0       0       0       3       0       0       0       0     198      99       0       0       2       0       0       0     198      99
  139.000   174599.872      17   14397     160       0       0       0       0       0       0       0       0     200     100       0       0       2       0       0       0     200     100
  140.000   172877.696      17   14255     160       0       0       0       2       0       0       0       0     199     100       0       0       2       0       0       0     199     100
  141.000   168814.816      17   13920     160       0       0       0       0       0       0       0       0     199     100       0       0       2       0       0       0     199     100
  142.000   161780.576      16   13340     160       0       0       0       5       0       0       0       0     196      98       0       0       2       0       0       0     196      98
  143.000   165358.336      17   13635     160       0       0       0       5       0       0       0       0     195      98       0       0       2       0       0       0     195      98
  144.000   171119.136      17   14110     160       0       0       0       6       0       0       0       0     198      99       0       0       2       0       0       0     198      99
  145.000   171604.256      17   14150     160       0       0       0       2       0       0       0       0     199     100       0       0       2       0       0       0     199     100
  146.000   170355.072      17   14047     160       0       0       0       2       0       0       0       0     200     100       0       0       2       0       0       0     200     100
  147.000   167723.296      17   13830     160       0       0       0       5       0       0       0       0     198      99       0       0       2       0       0       0     198      99
  148.000   165649.408      17   13659     160       0       0       0       3       0       0       0       0     198      99       0       0       2       0       0       0     198      99
  149.000   167286.688      17   13794     160       0       0       0       2       0       0       0       0     200     100       0       0       2       0       0       0     200     100
  150.000   166874.336      17   13760     160       0       0       0       2       0       0       0       0     199     100       0       0       2       0       0       0     199     100
  151.000   168814.816      17   13920     160       0       0       0       4       0       0       0       0     198      99       0       0       2       0       0       0     198      99
  152.000   168632.896      17   13905     160       0       0       0       2       0       0       0       0     198      99       0       0       2       0       0       0     198      99
  153.000   168754.176      17   13915     160       0       0       0       4       0       0       0       0     199     100       0       0       2       0       0       0     199     100
  154.000   175521.600      18   14473     160       0       0       0       6       0       0       0       0     199     100       0       0       2       0       0       0     199     100
  155.000   174951.584      17   14426     160       0       0       0       1       0       0       0       0     200     100       0       0       2       0       0       0     200     100
  156.000   175667.136      18   14485     160       0       0       0       3       0       0       0       0     199     100       0       0       2       0       0       0     199     100
  157.000   176249.280      18   14533     160       0       0       0       2       0       0       0       0     196      98       0       0       2       0       0       0     196      98
  158.000   173666.016      17   14320     160       0       0       0       5       0       0       0       0     198      99       0       0       2       0       0       0     198      99
  159.000   177910.816      18   14670     160       0       0       0       3       0       0       0       0     199     100       0       0       2       0       0       0     199     100
  160.000   179281.280      18   14783     160       0       0       0       2       0       0       0       0     199     100       0       0       2       0       0       0     199     100
  161.000   177995.712      18   14677     160       0       0       0       1       0       0       0       0     200     100       0       0       2       0       0       0     200     100
  162.000   178905.312      18   14752     160       0       0       0       4       0       0       0       0     199     100       0       0       2       0       0       0     199     100
  163.000   181270.272      18   14947     160       0       0       0       1       0       0       0       0     200     100       0       0       2       0       0       0     200     100
  164.000   181524.960      18   14968     160       0       0       0       2       0       0       0       0     199     100       0       0       2       0       0       0     199     100
  165.000   182240.512      18   15027     160       0       0       0       2       0       0       0       0     200     100       0       0       2       0       0       0     200     100
  166.000   180457.696      18   14880     160       0       0       0       3       0       0       0       0     199     100       0       0       2       0       0       0     199     100
  167.000   176588.864      18   14561     160       0       0       0       1       0       0       0       0     198      99       0       0       2       0       0       0     198      99
  168.000   172926.208      17   14259     160       0       0       0       4       0       0       0       0     199     100       0       0       2       0       0       0     199     100
  169.000   173168.768      17   14279     160       0       0       0       3       0       0       0       0     199     100       0       0       2       0       0       0     199     100
  170.000   173532.608      17   14309     160       0       0       0       4       0       0       0       0     198      99       0       0       2       0       0       0     198      99
  171.000   178614.240      18   14728     160       0       0       0       3       0       0       0       0     199     100       0       0       2       0       0       0     199     100
  172.000   173738.784      17   14326     160       0       0       0       1       0       0       0       0     199     100       0       0       2       0       0       0     199     100
  173.000   173265.792      17   14287     160       0       0       0       5       0       0       0       0     198      99       0       0       2       0       0       0     198      99
  174.000   175752.032      18   14492     160       0       0       0       2       0       0       0       0     200     100       0       0       2       0       0       0     200     100
  175.000   175958.208      18   14509     160       0       0       0       1       0       0       0       0     200     100       0       0       2       0       0       0     200     100
  176.000   172768.544      17   14246     160       0       0       0       1       0       0       0       0     199     100       0       0       2       0       0       0     199     100
  177.000   171422.336      17   14135     160       0       0       0       3       0       0       0       0     200     100       0       0       2       0       0       0     200     100
  178.000   167395.840      17   13803     160       0       0       0       2       0       0       0       0     199     100       0       0       2       0       0       0     199     100
  179.000   166643.904      17   13741     160       0       0       0       3       0       0       0       0     199     100       0       0       2       0       0       0     199     100
  180.000   160810.336      16   13260     160       0       0       0       2       0       0       0       0     199     100       0       0       2       0       0       0     199     100
  181.000   155971.264      16   12861     160       0       0       0       4       0       0       0       0     199     100       0       0       2       0       0       0     199     100
  182.000   152842.240      15   12603     160       0       0       0       2       0       0       0       0     197      99       0       0       2       0       0       0     197      99
  183.000   154176.320      15   12713     160       0       0       0       7       0       0       0       0     197      99       0       0       2       0       0       0     197      99
  184.000   156444.256      16   12900     160       0       0       0       3       0       0       0       0     198      99       0       0       2       0       0       0     198      99
  185.000   155837.856      16   12850     160       0       0       0       3       0       0       0       0     199     100       0       0       2       0       0       0     199     100
  186.000   157208.320      16   12963     160       0       0       0       2       0       0       0       0     200     100       0       0       2       0       0       0     200     100
  187.000   157523.648      16   12989     160       0       0       0       1       0       0       0       0     199     100       0       0       2       0       0       0     199     100
  188.000   158930.496      16   13105     160       0       0       0       2       0       0       0       0     200     100       0       0       2       0       0       0     200     100
  189.000   157390.240      16   12978     160       0       0       0       3       0       0       0       0     200     100       0       0       2       0       0       0     200     100
  190.000   155934.880      16   12858     160       0       0       0       1       0       0       0       0     200     100       0       0       2       0       0       0     200     100
  191.000   152708.832      15   12592     160       0       0       0       4       0       0       0       0     199     100       0       0       2       0       0       0     199     100
  192.000   152720.960      15   12593     160       0       0       0       1       0       0       0       0     199     100       0       0       2       0       0       0     199     100
  193.000   150707.712      15   12427     160       0       0       0       3       0       0       0       0     197      99       0       0       2       0       0       0     197      99
  194.000   151617.312      15   12502     160       0       0       0       4       0       0       0       0     198      99       0       0       2       0       0       0     198      99
  195.000   152733.088      15   12594     160       0       0       0       5       0       0       0       0     195      98       0       0       2       0       0       0     195      98
  196.000   155267.840      16   12803     160       0       0       0       6       0       0       0       0     196      98       0       0       2       0       0       0     196      98
  197.000   159876.480      16   13183     160       0       0       0       5       0       0       0       0     197      99       0       0       2       0       0       0     197      99
  198.000   164861.088      16   13594     160       0       0       0       5       0       0       0       0     199     100       0       0       2       0       0       0     199     100
  199.000   164570.016      16   13570     160       0       0       0       3       0       0       0       0     199     100       0       0       2       0       0       0     199     100
  200.000   164060.640      16   13528     160       0       0       0       1       0       0       0       0     200     100       0       0       2       0       0       0     200     100
  201.000   161865.472      16   13347     160       0       0       0       1       0       0       0       0     200     100       0       0       2       0       0       0     200     100
  202.000   157802.592      16   13012     160       0       0       0       0       0       0       0       0     200     100       0       0       2       0       0       0     200     100
  203.000   153145.440      15   12628     160       0       0       0       2       0       0       0       0     199     100       0       0       2       0       0       0     199     100
  204.000   154018.656      15   12700     160       0       0       0       3       0       0       0       0     200     100       0       0       2       0       0       0     200     100
  205.000   154697.824      15   12756     160       0       0       0       4       0       0       0       0     199     100       0       0       2       0       0       0     199     100
  206.000   157560.032      16   12992     160       0       0       0       2       0       0       0       0     200     100       0       0       2       0       0       0     200     100
  207.000   155449.760      16   12818     160       0       0       0       1       0       0       0       0     199     100       0       0       2       0       0       0     199     100
  208.000   157123.424      16   12956     160       0       0       0       4       0       0       0       0     200     100       0       0       2       0       0       0     200     100
  209.000   156007.648      16   12864     160       0       0       0       2       0       0       0       0     200     100       0       0       2       0       0       0     200     100
  210.000   157268.960      16   12968     160       0       0       0       1       0       0       0       0     200     100       0       0       2       0       0       0     200     100
  211.000   157620.672      16   12997     160       0       0       0       7       0       0       0       0     199     100       0       0       2       0       0       0     199     100
  212.000   155740.832      16   12842     160       0       0       0       2       0       0       0       0     199     100       0       0       2       0       0       0     199     100
  213.000   157802.592      16   13012     160       0       0       0       2       0       0       0       0     199     100       0       0       2       0       0       0     199     100
  214.000   161586.528      16   13324     160       0       0       0       2       0       0       0       0     199     100       0       0       2       0       0       0     199     100
  215.000   158784.960      16   13093     160       0       0       0       4       0       0       0       0     198      99       0       0       2       0       0       0     198      99
  216.000   155886.368      16   12854     160       0       0       0       4       0       0       0       0     199     100       0       0       2       0       0       0     199     100
  217.000   149312.992      15   12312     160       0       0       0       2       0       0       0       0     197      99       0       0       2       0       0       0     197      99
  218.000   149434.272      15   12322     160       0       0       0       3       0       0       0       0     194      97       0       0       2       0       0       0     194      97
  219.000   150913.888      15   12444     160       0       0       0       3       0       0       0       0     194      97       0       0       2       0       0       0     194      97
  220.000   155740.832      16   12842     160       0       0       0       6       0       0       0       0     199     100       0       0       2       0       0       0     199     100
  221.000   154382.496      15   12730     160       0       0       0       0       0       0       0       0     200     100       0       0       2       0       0       0     200     100
  222.000   155061.664      16   12786     160       0       0       0       4       0       0       0       0     199     100       0       0       2       0       0       0     199     100
  223.000   152005.408      15   12534     160       0       0       0       3       0       0       0       0     199     100       0       0       2       0       0       0     199     100
  224.000   146863.136      15   12110     160       0       0       0       5       0       0       0       0     199     100       0       0       2       0       0       0     199     100
  225.000   147809.120      15   12188     160       0       0       0       1       0       0       0       0     200     100       0       0       2       0       0       0     200     100
  226.000   149094.688      15   12294     160       0       0       0       2       0       0       0       0     199     100       0       0       2       0       0       0     199     100
  227.000   152090.304      15   12541     160       0       0       0       3       0       0       0       0     197      99       0       0       2       0       0       0     197      99
  228.000   153254.592      15   12637     160       0       0       0       2       0       0       0       0     199     100       0       0       2       0       0       0     199     100
  229.000   154758.464      15   12761     160       0       0       0       2       0       0       0       0     199     100       0       0       2       0       0       0     199     100
  230.000   158506.016      16   13070     160       0       0       0       3       0       0       0       0     198      99       0       0       2       0       0       0     198      99
  231.000   161574.400      16   13323     160       0       0       0       6       0       0       0       0     195      98       0       0       2       0       0       0     195      98
  232.000   162932.736      16   13435     160       0       0       0       3       0       0       0       0     192      96       0       0       2       0       0       0     192      96
  233.000   160543.520      16   13238     160       0       0       0       4       0       0       0       0     194      97       0       0       2       0       0       0     194      97
  234.000   154443.136      15   12735     160       0       0       0       4       0       0       0       0     194      97       0       0       2       0       0       0     194      97
  235.000   154794.848      15   12764     160       0       0       0       3       0       0       0       0     195      98       0       0       2       0       0       0     195      98
  236.000   153266.720      15   12638     160       0       0       0       5       0       0       0       0     199     100       0       0       2       0       0       0     199     100
  237.000   151859.872      15   12522     160       0       0       0       2       0       0       0       0     200     100       0       0       2       0       0       0     200     100
  238.000   151799.232      15   12517     160       0       0       0       4       0       0       0       0     196      98       0       0       2       0       0       0     196      98
  239.000   154091.424      15   12706     160       0       0       0       6       0       0       0       0     194      97       0       0       2       0       0       0     194      97
  240.000   155886.368      16   12854     160       0       0       0       3       0       0       0       0     199     100       0       0       2       0       0       0     199     100
  241.000   151811.360      15   12518     160       0       0       0       0       0       0       0       0     200     100       0       0       2       0       0       0     200     100
  242.000   150319.616      15   12395     160       0       0       0       1       0       0       0       0     200     100       0       0       2       0       0       0     200     100
  243.000   150161.952      15   12382     160       0       0       0       2       0       0       0       0     200     100       0       0       2       0       0       0     200     100
  244.000   154164.192      15   12712     160       0       0       0       2       0       0       0       0     200     100       0       0       2       0       0       0     200     100
  245.000   151944.768      15   12529     160       0       0       0       2       0       0       0       0     200     100       0       0       2       0       0       0     200     100
  246.000   153436.512      15   12652     160       0       0       0       2       0       0       0       0     198      99       0       0       2       0       0       0     198      99
  247.000   158566.656      16   13075     160       0       0       0       2       0       0       0       0     199     100       0       0       2       0       0       0     199     100
  248.000   159270.080      16   13133     160       0       0       0       6       0       0       0       0     198      99       0       0       2       0       0       0     198      99
  249.000   160604.160      16   13243     160       0       0       0       3       0       0       0       0     200     100       0       0       2       0       0       0     200     100
  250.000   162047.392      16   13362     160       0       0       0       1       0       0       0       0     199     100       0       0       2       0       0       0     199     100
  251.000   163175.296      16   13455     160       0       0       0       5       0       0       0       0     199     100       0       0       2       0       0       0     199     100
  252.000   161780.576      16   13340     160       0       0       0       5       0       0       0       0     198      99       0       0       2       0       0       0     198      99
  253.000   163138.912      16   13452     160       0       0       0       5       0       0       0       0     198      99       0       0       2       0       0       0     198      99
  254.000   166850.080      17   13758     160       0       0       0       1       0       0       0       0     200     100       0       0       2       0       0       0     200     100
  255.000   166680.288      17   13744     160       0       0       0       2       0       0       0       0     200     100       0       0       2       0       0       0     200     100
  256.000   163211.680      16   13458     160       0       0       0       5       0       0       0       0     198      99       0       0       2       0       0       0     198      99
  257.000   156771.712      16   12927     160       0       0       0       0       0       0       0       0     200     100       0       0       2       0       0       0     200     100
  258.000   155643.808      16   12834     160       0       0       0       5       0       0       0       0     198      99       0       0       2       0       0       0     198      99
  259.000   155340.608      16   12809     160       0       0       0       1       0       0       0       0     200     100       0       0       2       0       0       0     200     100
  260.000   153412.256      15   12650     160       0       0       0       3       0       0       0       0     200     100       0       0       2       0       0       0     200     100
  261.000   152393.504      15   12566     160       0       0       0       1       0       0       0       0     200     100       0       0       2       0       0       0     200     100
  262.000   150913.888      15   12444     160       0       0       0       0       0       0       0       0     200     100       0       0       2       0       0       0     200     100
  263.000   149240.224      15   12306     160       0       0       0       1       0       0       0       0     200     100       0       0       2       0       0       0     200     100
  264.000   147639.328      15   12174     160       0       0       0       5       0       0       0       0     199     100       0       0       2       0       0       0     199     100
  265.000   146717.600      15   12098     160       0       0       0       1       0       0       0       0     199     100       0       0       2       0       0       0     199     100
  266.000   146911.648      15   12114     160       0       0       0       3       0       0       0       0     199     100       0       0       2       0       0       0     199     100
  267.000   150744.096      15   12430     160       0       0       0       4       0       0       0       0     198      99       0       0       2       0       0       0     198      99
  268.000   152636.064      15   12586     160       0       0       0       4       0       0       0       0     199     100       0       0       2       0       0       0     199     100
  269.000   153375.872      15   12647     160       0       0       0       1       0       0       0       0     200     100       0       0       2       0       0       0     200     100
  270.000   150501.536      15   12410     160       0       0       0       2       0       0       0       0     200     100       0       0       2       0       0       0     200     100
  271.000   148524.672      15   12247     160       0       0       0       2       0       0       0       0     196      98       0       0       2       0       0       0     196      98
  272.000   147093.568      15   12129     160       0       0       0       3       0       0       0       0     190      95       0       0       2       0       0       0     190      95
  273.000   147045.056      15   12125     160       0       0       0       7       0       0       0       0     194      97       0       0       2       0       0       0     194      97
  274.000   144946.912      14   11952     160       0       0       0       2       0       0       0       0     194      97       0       0       2       0       0       0     194      97
  275.000   145863.456      15   12027     160       0       0       0       5       0       0       0       0     194      97       0       0       2       0       0       0     194      97
