  TimeSec      LoaKbps LoaUsag Packets DlyUsec LoaDrps MetDrps TabDrps FloMods MetMods GroMods  PktsIn PktsOut FloEntr FloUsag MetEntr MetUsag GroEntr GroUsag BufPkts BufUsag  T0Entr  T0Usag
    1.000        0.000       0       0     173       0       0       0       3       0       2       0       0       3       0       0       0       2       0       0       0       3       0
    2.000      829.888       0      69     280       0       0       0       6       0       0       0       0       5       0       0       0       2       0       0       0       5       0
    3.000     5984.288       1     494     460       0       0       0      14       0       0       0       0      16       0       0       0       2       0       0       0      16       0
    4.000     9792.480       2     808     495       0       0       0       2       0       0       0       0      23       0       0       0       2       0       0       0      23       0
    5.000    12557.664       3    1036     519       0       0       0      12       0       0       0       0      30       0       0       0       2       0       0       0      30       0
    6.000    23363.712       5    1927     591       0       0       0      18       0       0       0       0      43       1       0       0       2       0       0       0      43       1
    7.000    31125.632       7    2567     666       0       0       0      14       0       0       0       0      64       1       0       0       2       0       0       0      64       1
    8.000    36934.944       8    3046     696       0       0       0      16       0       0       0       0      76       1       0       0       2       0       0       0      76       1
    9.000    45400.288      10    3744     699       0       0       0       6       0       0       0       0      86       1       0       0       2       0       0       0      86       1
   10.000    47825.888      11    3944     699       0       0       0       8       0       0       0       0      96       1       0       0       2       0       0       0      96       1
   11.000    48323.136      11    3985     699       0       0       0       4       0       0       0       0     102       1       0       0       2       0       0       0     102       1
   12.000    25037.376       6    2065     700       0       0       0       4       0       0       0       0     106       1       0       0       2       0       0       0     106       1
   13.000     5462.784       1     451     514       0       0       0      62       0       0       0       0      32       0       0       0       2       0       0       0      32       0
   14.000    10144.192       2     837     501       0       0       0       4       0       0       0       0      29       0       0       0       2       0       0       0      29       0
   15.000    11575.296       3     955     573       0       0       0      12       0       0       0       0      35       0       0       0       2       0       0       0      35       0
   16.000    14971.136       3    1235     597       0       0       0      12       0       0       0       0      45       1       0       0       2       0       0       0      45       1
   17.000    21083.648       5    1739     599       0       0       0       8       0       0       0       0      58       1       0       0       2       0       0       0      58       1
   18.000    22963.488       5    1894     659       0       0       0       6       0       0       0       0      63       1       0       0       2       0       0       0      63       1
   19.000    31125.632       7    2567     695       0       0       0      16       0       0       0       0      75       1       0       0       2       0       0       0      75       1
   20.000    38742.016       9    3195     699       0       0       0      14       0       0       0       0      91       1       0       0       2       0       0       0      91       1
   21.000    41228.256       9    3400     699       0       0       0       6       0       0       0       0      99       1       0       0       2       0       0       0      99       1
   22.000    23218.176       5    1915     699       0       0       0      10       0       0       0       0     106       1       0       0       2       0       0       0     106       1
   23.000     7730.720       2     638     526       0       0       0      51       0       0       0       0      33       0       0       0       2       0       0       0      33       0
   24.000     9161.824       2     756     502       0       0       0       8       0       0       0       0      29       0       0       0       2       0       0       0      29       0
   25.000    13891.744       3    1146     583       0       0       0      12       0       0       0       0      37       0       0       0       2       0       0       0      37       0
   26.000    15880.736       4    1310     598       0       0       0       0       0       0       0       0      42       1       0       0       2       0       0       0      42       1
   27.000    19882.976       4    1640     599       0       0       0      12       0       0       0       0      49       1       0       0       2       0       0       0      49       1
   28.000    25473.984       6    2101     599       0       0       0       4       0       0       0       0      57       1       0       0       2       0       0       0      57       1
   29.000    29439.840       7    2428     679       0       0       0      18       0       0       0       0      68       1       0       0       2       0       0       0      68       1
   30.000    40221.632       9    3317     697       0       0       0      14       0       0       0       0      85       1       0       0       2       0       0       0      85       1
   31.000    48250.368      11    3979     699       0       0       0      22       0       0       0       0     103       1       0       0       2       0       0       0     103       1
   32.000    39748.640       9    3278     699       0       0       0      16       0       0       0       0     121       1       0       0       2       0       0       0     121       1
   33.000    24625.024       5    2031     702       0       0       0      38       0       0       0       0      84       1       0       0       2       0       0       0      84       1
   34.000    35770.656       8    2950     700       0       0       0      20       0       0       0       0      94       1       0       0       2       0       0       0      94       1
   35.000    43277.888      10    3569     700       0       0       0       6       0       0       0       0     105       1       0       0       2       0       0       0     105       1
   36.000    55599.936      12    4585     700       0       0       0      12       0       0       0       0     117       1       0       0       2       0       0       0     117       1
   37.000    60111.552      13    4957     700       0       0       0       4       0       0       0       0     120       1       0       0       2       0       0       0     120       1
   38.000    64477.632      14    5317     767       0       0       0      10       0       0       0       0     127       2       0       0       2       0       0       0     127       2
   39.000    68382.848      15    5639     796       0       0       0      12       0       0       0       0     135       2       0       0       2       0       0       0     135       2
   40.000    75247.296      17    6205     799       0       0       0      14       0       0       0       0     150       2       0       0       2       0       0       0     150       2
   41.000    76557.120      17    6313     799       0       0       0       4       0       0       0       0     156       2       0       0       2       0       0       0     156       2
   42.000    48662.720      11    4013     799       0       0       0       8       0       0       0       0     161       2       0       0       2       0       0       0     161       2
   43.000    23836.704       5    1966     713       0       0       0      35       0       0       0       0     124       2       0       0       2       0       0       0     124       2
   44.000    28675.776       6    2365     701       0       0       0       6       0       0       0       0     126       2       0       0       2       0       0       0     126       2
   45.000    30737.536       7    2535     700       0       0       0       4       0       0       0       0     127       2       0       0       2       0       0       0     127       2
   46.000    33126.752       7    2732     700       0       0       0       8       0       0       0       0     126       2       0       0       2       0       0       0     126       2
   47.000    37723.264       8    3111     767       0       0       0       8       0       0       0       0     129       2       0       0       2       0       0       0     129       2
   48.000    42004.448       9    3464     796       0       0       0       4       0       0       0       0     130       2       0       0       2       0       0       0     130       2
   49.000    44005.568      10    3629     799       0       0       0       6       0       0       0       0     133       2       0       0       2       0       0       0     133       2
   50.000    45570.080      10    3758     799       0       0       0       6       0       0       0       0     135       2       0       0       2       0       0       0     135       2
   51.000    50627.456      11    4175     799       0       0       0       8       0       0       0       0     140       2       0       0       2       0       0       0     140       2
   52.000    39372.672       9    3247     800       0       0       0       6       0       0       0       0     143       2       0       0       2       0       0       0     143       2
   53.000    30216.032       7    2492     713       0       0       0      32       0       0       0       0     123       2       0       0       2       0       0       0     123       2
   54.000    32071.616       7    2645     701       0       0       0       4       0       0       0       0     125       2       0       0       2       0       0       0     125       2
   55.000    34533.600       8    2848     736       0       0       0      18       0       0       0       0     127       2       0       0       2       0       0       0     127       2
   56.000    48589.952      11    4007     793       0       0       0      12       0       0       0       0     141       2       0       0       2       0       0       0     141       2
   57.000    56097.184      12    4626     799       0       0       0       4       0       0       0       0     147       2       0       0       2       0       0       0     147       2
   58.000    58680.448      13    4839     799       0       0       0       6       0       0       0       0     151       2       0       0       2       0       0       0     151       2
   59.000    60863.488      14    5019     799       0       0       0       6       0       0       0       0     153       2       0       0       2       0       0       0     153       2
   60.000    64247.200      14    5298     799       0       0       0      12       0       0       0       0     163       2       0       0       2       0       0       0     163       2
   61.000    69583.520      15    5738     800       0       0       0       8       0       0       0       0     171       2       0       0       2       0       0       0     171       2
   62.000    53416.896      12    4405     800       0       0       0      10       0       0       0       0     175       2       0       0       2       0       0       0     175       2
   63.000    44126.848      10    3639     800       0       0       0      32       0       0       0       0     156       2       0       0       2       0       0       0     156       2
   64.000    53283.488      12    4394     800       0       0       0       8       0       0       0       0     158       2       0       0       2       0       0       0     158       2
   65.000    56861.248      13    4689     800       0       0       0       8       0       0       0       0     163       2       0       0       2       0       0       0     163       2
   66.000    62112.672      14    5122     800       0       0       0      14       0       0       0       0     171       2       0       0       2       0       0       0     171       2
   67.000    69874.592      16    5762     800       0       0       0      10       0       0       0       0     180       2       0       0       2       0       0       0     180       2
   68.000    70687.168      16    5829     800       0       0       0       6       0       0       0       0     182       2       0       0       2       0       0       0     182       2
   69.000    72676.160      16    5993     800       0       0       0       8       0       0       0       0     183       2       0       0       2       0       0       0     183       2
   70.000    77430.336      17    6385     800       0       0       0      10       0       0       0       0     189       2       0       0       2       0       0       0     189       2
   71.000    83530.720      19    6888     800       0       0       0      10       0       0       0       0     198       2       0       0       2       0       0       0     198       2
   72.000    71051.008      16    5859     800       0       0       0      16       0       0       0       0     211       3       0       0       2       0       0       0     211       3
   73.000    52301.120      12    4313     800       0       0       0      36       0       0       0       0     181       2       0       0       2       0       0       0     181       2
   74.000    56921.888      13    4694     800       0       0       0      12       0       0       0       0     187       2       0       0       2       0       0       0     187       2
   75.000    63228.448      14    5214     800       0       0       0      12       0       0       0       0     194       2       0       0       2       0       0       0     194       2
   76.000    71123.776      16    5865     800       0       0       0       8       0       0       0       0     203       2       0       0       2       0       0       0     203       2
   77.000    77321.184      17    6376     800       0       0       0      14       0       0       0       0     210       3       0       0       2       0       0       0     210       3
   78.000    82669.632      18    6817     800       0       0       0      14       0       0       0       0     218       3       0       0       2       0       0       0     218       3
   79.000    89412.800      20    7373     800       0       0       0       6       0       0       0       0     226       3       0       0       2       0       0       0     226       3
   80.000    98751.360      22    8143     800       0       0       0      14       0       0       0       0     235       3       0       0       2       0       0       0     235       3
   81.000   105288.352      23    8682     800       0       0       0      10       0       0       0       0     241       3       0       0       2       0       0       0     241       3
   82.000    85944.192      19    7087     800       0       0       0       6       0       0       0       0     243       3       0       0       2       0       0       0     243       3
   83.000    66866.848      15    5514     800       0       0       0      24       0       0       0       0     211       3       0       0       2       0       0       0     211       3
   84.000    71863.584      16    5926     800       0       0       0      14       0       0       0       0     216       3       0       0       2       0       0       0     216       3
   85.000    80207.648      18    6614     800       0       0       0      12       0       0       0       0     224       3       0       0       2       0       0       0     224       3
   86.000    84246.272      19    6947     800       0       0       0      10       0       0       0       0     228       3       0       0       2       0       0       0     228       3
   87.000    89546.208      20    7384     800       0       0       0      10       0       0       0       0     234       3       0       0       2       0       0       0     234       3
   88.000    94191.232      21    7767     800       0       0       0       8       0       0       0       0     238       3       0       0       2       0       0       0     238       3
   89.000    96204.480      21    7933     800       0       0       0      16       0       0       0       0     238       3       0       0       2       0       0       0     238       3
   90.000   102959.776      23    8490     800       0       0       0       8       0       0       0       0     246       3       0       0       2       0       0       0     246       3
   91.000   107192.448      24    8839     865       0       0       0      12       0       0       0       0     256       3       0       0       2       0       0       0     256       3
   92.000    91632.224      20    7556     896       0       0       0       4       0       0       0       0     259       3       0       0       2       0       0       0     259       3
   93.000    79625.504      18    6566     813       0       0       0      35       0       0       0       0     230       3       0       0       2       0       0       0     230       3
   94.000    84913.312      19    7002     801       0       0       0       8       0       0       0       0     232       3       0       0       2       0       0       0     232       3
   95.000    91365.408      20    7534     800       0       0       0      14       0       0       0       0     238       3       0       0       2       0       0       0     238       3
   96.000    95986.176      21    7915     800       0       0       0      18       0       0       0       0     249       3       0       0       2       0       0       0     249       3
   97.000   102377.632      23    8442     857       0       0       0       6       0       0       0       0     256       3       0       0       2       0       0       0     256       3
   98.000   106598.176      24    8790     879       0       0       0       6       0       0       0       0     260       3       0       0       2       0       0       0     260       3
   99.000   109351.232      24    9017     897       0       0       0       8       0       0       0       0     260       3       0       0       2       0       0       0     260       3
  100.000   111995.136      25    9235     899       0       0       0       6       0       0       0       0     259       3       0       0       2       0       0       0     259       3
  101.000   114578.400      25    9448     899       0       0       0       8       0       0       0       0     261       3       0       0       2       0       0       0     261       3
  102.000   100437.152      22    8282     899       0       0       0      12       0       0       0       0     267       3       0       0       2       0       0       0     267       3
  103.000    81638.752      18    6732     813       0       0       0      24       0       0       0       0     240       3       0       0       2       0       0       0     240       3
  104.000    82111.744      18    6771     801       0       0       0       4       0       0       0       0     234       3       0       0       2       0       0       0     234       3
  105.000    82063.232      18    6767     800       0       0       0       2       0       0       0       0     230       3       0       0       2       0       0       0     230       3
  106.000    88139.360      20    7268     800       0       0       0      18       0       0       0       0     234       3       0       0       2       0       0       0     234       3
  107.000   100279.488      22    8269     800       0       0       0      14       0       0       0       0     244       3       0       0       2       0       0       0     244       3
  108.000   106731.584      24    8801     800       0       0       0       4       0       0       0       0     246       3       0       0       2       0       0       0     246       3
  109.000   119999.616      27    9895     867       0       0       0      26       0       0       0       0     258       3       0       0       2       0       0       0     258       3
  110.000   131399.936      29   10835     896       0       0       0       6       0       0       0       0     264       3       0       0       2       0       0       0     264       3
  111.000   132491.456      29   10925     899       0       0       0      14       0       0       0       0     265       3       0       0       2       0       0       0     265       3
  112.000   112783.456      25    9300     899       0       0       0      16       0       0       0       0     275       3       0       0       2       0       0       0     275       3
  113.000    93087.584      21    7676     813       0       0       0      32       0       0       0       0     252       3       0       0       2       0       0       0     252       3
  114.000    95319.136      21    7860     801       0       0       0       8       0       0       0       0     248       3       0       0       2       0       0       0     248       3
  115.000   100061.184      22    8251     863       0       0       0       8       0       0       0       0     256       3       0       0       2       0       0       0     256       3
  116.000    98751.360      22    8143     865       0       0       0       8       0       0       0       0     257       3       0       0       2       0       0       0     257       3
  117.000   102256.352      23    8432     896       0       0       0       8       0       0       0       0     262       3       0       0       2       0       0       0     262       3
  118.000   102511.040      23    8453     899       0       0       0       4       0       0       0       0     259       3       0       0       2       0       0       0     259       3
  119.000   104172.576      23    8590     899       0       0       0       6       0       0       0       0     264       3       0       0       2       0       0       0     264       3
  120.000   104948.768      23    8654     899       0       0       0       6       0       0       0       0     266       3       0       0       2       0       0       0     266       3
  121.000   107653.312      24    8877     900       0       0       0      18       0       0       0       0     271       3       0       0       2       0       0       0     271       3
  122.000   101213.344      22    8346     900       0       0       0      22       0       0       0       0     282       3       0       0       2       0       0       0     282       3
  123.000    91680.736      20    7560     896       0       0       0      31       0       0       0       0     266       3       0       0       2       0       0       0     266       3
  124.000    91850.528      20    7574     899       0       0       0       4       0       0       0       0     261       3       0       0       2       0       0       0     261       3
  125.000    92056.704      20    7591     899       0       0       0       8       0       0       0       0     262       3       0       0       2       0       0       0     262       3
  126.000    92929.920      21    7663     899       0       0       0       8       0       0       0       0     263       3       0       0       2       0       0       0     263       3
  127.000    94276.128      21    7774     900       0       0       0      12       0       0       0       0     264       3       0       0       2       0       0       0     264       3
  128.000    99078.816      22    8170     900       0       0       0      14       0       0       0       0     270       3       0       0       2       0       0       0     270       3
  129.000    97963.040      22    8078     900       0       0       0       4       0       0       0       0     276       3       0       0       2       0       0       0     276       3
  130.000    98884.768      22    8154     900       0       0       0      10       0       0       0       0     276       3       0       0       2       0       0       0     276       3
  131.000   103250.848      23    8514     900       0       0       0      14       0       0       0       0     279       3       0       0       2       0       0       0     279       3
  132.000    89170.240      20    7353     900       0       0       0       6       0       0       0       0     281       3       0       0       2       0       0       0     281       3
  133.000    77005.856      17    6350     813       0       0       0      38       0       0       0       0     257       3       0       0       2       0       0       0     257       3
  134.000    77903.328      17    6424     837       0       0       0       8       0       0       0       0     255       3       0       0       2       0       0       0     255       3
  135.000    82815.168      18    6829     889       0       0       0      22       0       0       0       0     266       3       0       0       2       0       0       0     266       3
  136.000    89279.392      20    7362     898       0       0       0       8       0       0       0       0     274       3       0       0       2       0       0       0     274       3
  137.000    93524.192      21    7712     899       0       0       0      16       0       0       0       0     275       3       0       0       2       0       0       0     275       3
  138.000    97671.968      22    8054     899       0       0       0       4       0       0       0       0     275       3       0       0       2       0       0       0     275       3
  139.000   102874.880      23    8483     899       0       0       0      12       0       0       0       0     279       3       0       0       2       0       0       0     279       3
  140.000   104136.192      23    8587     900       0       0       0      12       0       0       0       0     284       3       0       0       2       0       0       0     284       3
  141.000   107544.160      24    8868     900       0       0       0      12       0       0       0       0     291       4       0       0       2       0       0       0     291       4
  142.000    97562.816      22    8045     900       0       0       0      16       0       0       0       0     298       4       0       0       2       0       0       0     298       4
  143.000    86198.880      19    7108     900       0       0       0      31       0       0       0       0     274       3       0       0       2       0       0       0     274       3
  144.000    87763.392      20    7237     900       0       0       0       6       0       0       0       0     267       3       0       0       2       0       0       0     267       3
  145.000    94179.104      21    7766     900       0       0       0       8       0       0       0       0     268       3       0       0       2       0       0       0     268       3
  146.000    97720.480      22    8058     900       0       0       0       4       0       0       0       0     269       3       0       0       2       0       0       0     269       3
  147.000   100582.688      22    8294     900       0       0       0      14       0       0       0       0     274       3       0       0       2       0       0       0     274       3
  148.000   103626.816      23    8545     900       0       0       0       8       0       0       0       0     278       3       0       0       2       0       0       0     278       3
  149.000   105919.008      24    8734     900       0       0       0      12       0       0       0       0     279       3       0       0       2       0       0       0     279       3
  150.000   108878.240      24    8978     900       0       0       0      10       0       0       0       0     286       3       0       0       2       0       0       0     286       3
  151.000   111946.624      25    9231     900       0       0       0       6       0       0       0       0     286       3       0       0       2       0       0       0     286       3
  152.000    94567.200      21    7798     900       0       0       0       4       0       0       0       0     286       3       0       0       2       0       0       0     286       3
  153.000    78861.440      18    6503     813       0       0       0      34       0       0       0       0     256       3       0       0       2       0       0       0     256       3
  154.000    83336.672      19    6872     801       0       0       0      12       0       0       0       0     252       3       0       0       2       0       0       0     252       3
  155.000    96350.016      21    7945     886       0       0       0      12       0       0       0       0     259       3       0       0       2       0       0       0     259       3
  156.000   100024.800      22    8248     898       0       0       0      10       0       0       0       0     261       3       0       0       2       0       0       0     261       3
  157.000   105433.888      23    8694     899       0       0       0      20       0       0       0       0     263       3       0       0       2       0       0       0     263       3
  158.000   113838.592      25    9387     899       0       0       0      12       0       0       0       0     271       3       0       0       2       0       0       0     271       3
  159.000   121843.072      27   10047     899       0       0       0      18       0       0       0       0     285       3       0       0       2       0       0       0     285       3
  160.000   128016.224      28   10556     900       0       0       0       8       0       0       0       0     292       4       0       0       2       0       0       0     292       4
  161.000   129544.352      29   10682     900       0       0       0      12       0       0       0       0     297       4       0       0       2       0       0       0     297       4
  162.000   110091.040      24    9078     900       0       0       0       2       0       0       0       0     298       4       0       0       2       0       0       0     298       4
  163.000    89631.104      20    7391     900       0       0       0      35       0       0       0       0     267       3       0       0       2       0       0       0     267       3
  164.000    89097.472      20    7347     900       0       0       0       4       0       0       0       0     264       3       0       0       2       0       0       0     264       3
  165.000    89570.464      20    7386     900       0       0       0       4       0       0       0       0     260       3       0       0       2       0       0       0     260       3
  166.000    89813.024      20    7406     860       0       0       0       2       0       0       0       0     257       3       0       0       2       0       0       0     257       3
  167.000    93318.016      21    7695     895       0       0       0      12       0       0       0       0     264       3       0       0       2       0       0       0     264       3
  168.000    96131.712      21    7927     899       0       0       0      10       0       0       0       0     270       3       0       0       2       0       0       0     270       3
  169.000    96616.832      21    7967     899       0       0       0      10       0       0       0       0     275       3       0       0       2       0       0       0     275       3
  170.000    98630.080      22    8133     899       0       0       0       8       0       0       0       0     280       3       0       0       2       0       0       0     280       3
  171.000   105821.984      24    8726     899       0       0       0      22       0       0       0       0     291       4       0       0       2       0       0       0     291       4
  172.000    97332.384      22    8026     900       0       0       0      12       0       0       0       0     298       4       0       0       2       0       0       0     298       4
  173.000    86368.672      19    7122     900       0       0       0      36       0       0       0       0     270       3       0       0       2       0       0       0     270       3
  174.000    87205.504      19    7191     900       0       0       0       8       0       0       0       0     267       3       0       0       2       0       0       0     267       3
  175.000    89752.384      20    7401     900       0       0       0      12       0       0       0       0     270       3       0       0       2       0       0       0     270       3
  176.000    93002.688      21    7669     900       0       0       0      10       0       0       0       0     274       3       0       0       2       0       0       0     274       3
  177.000    99588.192      22    8212     900       0       0       0      12       0       0       0       0     286       3       0       0       2       0       0       0     286       3
  178.000   103008.288      23    8494     900       0       0       0       8       0       0       0       0     288       4       0       0       2       0       0       0     288       4
  179.000   104342.368      23    8604     900       0       0       0      14       0       0       0       0     295       4       0       0       2       0       0       0     295       4
  180.000   109472.512      24    9027     900       0       0       0       8       0       0       0       0     299       4       0       0       2       0       0       0     299       4
  181.000   112237.696      25    9255     900       0       0       0      10       0       0       0       0     307       4       0       0       2       0       0       0     307       4
  182.000    97732.608      22    8059     900       0       0       0       6       0       0       0       0     310       4       0       0       2       0       0       0     310       4
  183.000    83652.000      19    6898     900       0       0       0      25       0       0       0       0     277       3       0       0       2       0       0       0     277       3
  184.000    84804.160      19    6993     900       0       0       0       8       0       0       0       0     272       3       0       0       2       0       0       0     272       3
  185.000    87351.040      19    7203     900       0       0       0       6       0       0       0       0     269       3       0       0       2       0       0       0     269       3
  186.000    89400.672      20    7372     900       0       0       0       8       0       0       0       0     268       3       0       0       2       0       0       0     268       3
  187.000    90249.632      20    7442     900       0       0       0      10       0       0       0       0     268       3       0       0       2       0       0       0     268       3
  188.000    93997.184      21    7751     900       0       0       0       8       0       0       0       0     271       3       0       0       2       0       0       0     271       3
  189.000    94567.200      21    7798     900       0       0       0       0       0       0       0       0     269       3       0       0       2       0       0       0     269       3
  190.000    94494.432      21    7792     900       0       0       0       4       0       0       0       0     265       3       0       0       2       0       0       0     265       3
  191.000    97987.296      22    8080     900       0       0       0      20       0       0       0       0     268       3       0       0       2       0       0       0     268       3
  192.000    86332.288      19    7119     900       0       0       0       6       0       0       0       0     276       3       0       0       2       0       0       0     276       3
  193.000    73755.552      16    6082     813       0       0       0      35       0       0       0       0     246       3       0       0       2       0       0       0     246       3
  194.000    77830.560      17    6418     801       0       0       0      12       0       0       0       0     243       3       0       0       2       0       0       0     243       3
  195.000    83106.240      18    6853     800       0       0       0      10       0       0       0       0     246       3       0       0       2       0       0       0     246       3
  196.000    84331.168      19    6954     800       0       0       0      10       0       0       0       0     248       3       0       0       2       0       0       0     248       3
  197.000    87084.224      19    7181     800       0       0       0       6       0       0       0       0     248       3       0       0       2       0       0       0     248       3
  198.000    89303.648      20    7364     873       0       0       0      12       0       0       0       0     257       3       0       0       2       0       0       0     257       3
  199.000    91826.272      20    7572     897       0       0       0       6       0       0       0       0     260       3       0       0       2       0       0       0     260       3
  200.000    97174.720      22    8013     899       0       0       0       4       0       0       0       0     264       3       0       0       2       0       0       0     264       3
  201.000    98884.768      22    8154     899       0       0       0      12       0       0       0       0     265       3       0       0       2       0       0       0     265       3
  202.000    83627.744      19    6896     899       0       0       0      14       0       0       0       0     269       3       0       0       2       0       0       0     269       3
  203.000    70008.000      16    5773     813       0       0       0      38       0       0       0       0     245       3       0       0       2       0       0       0     245       3
  204.000    74410.464      17    6136     801       0       0       0       4       0       0       0       0     244       3       0       0       2       0       0       0     244       3
  205.000    76605.632      17    6317     800       0       0       0      12       0       0       0       0     250       3       0       0       2       0       0       0     250       3
  206.000    83033.472      18    6847     850       0       0       0      12       0       0       0       0     256       3       0       0       2       0       0       0     256       3
  207.000    87751.264      20    7236     862       0       0       0      16       0       0       0       0     257       3       0       0       2       0       0       0     257       3
  208.000    94445.920      21    7788     895       0       0       0       8       0       0       0       0     268       3       0       0       2       0       0       0     268       3
  209.000    96228.736      21    7935     899       0       0       0       8       0       0       0       0     267       3       0       0       2       0       0       0     267       3
  210.000    99891.392      22    8237     899       0       0       0      10       0       0       0       0     268       3       0       0       2       0       0       0     268       3
  211.000   104584.928      23    8624     899       0       0       0      12       0       0       0       0     273       3       0       0       2       0       0       0     273       3
  212.000    86987.200      19    7173     899       0       0       0       4       0       0       0       0     273       3       0       0       2       0       0       0     273       3
  213.000    71075.264      16    5861     813       0       0       0      49       0       0       0       0     238       3       0       0       2       0       0       0     238       3
  214.000    77236.288      17    6369     801       0       0       0      12       0       0       0       0     249       3       0       0       2       0       0       0     249       3
  215.000    78461.216      17    6470     886       0       0       0       8       0       0       0       0     256       3       0       0       2       0       0       0     256       3
  216.000    76593.504      17    6316     862       0       0       0       6       0       0       0       0     257       3       0       0       2       0       0       0     257       3
  217.000    80547.232      18    6642     895       0       0       0      12       0       0       0       0     261       3       0       0       2       0       0       0     261       3
  218.000    86453.568      19    7129     899       0       0       0       8       0       0       0       0     262       3       0       0       2       0       0       0     262       3
  219.000    88127.232      20    7267     899       0       0       0      12       0       0       0       0     266       3       0       0       2       0       0       0     266       3
  220.000    92699.488      21    7644     899       0       0       0      10       0       0       0       0     272       3       0       0       2       0       0       0     272       3
  221.000    97987.296      22    8080     899       0       0       0       6       0       0       0       0     274       3       0       0       2       0       0       0     274       3
  222.000    87520.832      19    7217     900       0       0       0       8       0       0       0       0     275       3       0       0       2       0       0       0     275       3
  223.000    75744.544      17    6246     813       0       0       0      40       0       0       0       0     249       3       0       0       2       0       0       0     249       3
  224.000    81881.312      18    6752     821       0       0       0      14       0       0       0       0     253       3       0       0       2       0       0       0     253       3
  225.000    86696.128      19    7149     891       0       0       0       6       0       0       0       0     258       3       0       0       2       0       0       0     258       3
  226.000    90286.016      20    7445     899       0       0       0       8       0       0       0       0     261       3       0       0       2       0       0       0     261       3
  227.000    91886.912      20    7577     899       0       0       0      14       0       0       0       0     262       3       0       0       2       0       0       0     262       3
  228.000    96495.552      21    7957     899       0       0       0       6       0       0       0       0     270       3       0       0       2       0       0       0     270       3
  229.000    97308.128      22    8024     899       0       0       0       4       0       0       0       0     264       3       0       0       2       0       0       0     264       3
  230.000   104524.288      23    8619     900       0       0       0      10       0       0       0       0     264       3       0       0       2       0       0       0     264       3
  231.000   111873.856      25    9225     900       0       0       0      18       0       0       0       0     271       3       0       0       2       0       0       0     271       3
  232.000   100788.864      22    8311     900       0       0       0      14       0       0       0       0     277       3       0       0       2       0       0       0     277       3
  233.000    87763.392      20    7237     813       0       0       0      38       0       0       0       0     252       3       0       0       2       0       0       0     252       3
  234.000    93803.136      21    7735     801       0       0       0       8       0       0       0       0     252       3       0       0       2       0       0       0     252       3
  235.000    94967.424      21    7831     886       0       0       0      10       0       0       0       0     258       3       0       0       2       0       0       0     258       3
  236.000    94433.792      21    7787     840       0       0       0       6       0       0       0       0     256       3       0       0       2       0       0       0     256       3
  237.000    96143.840      21    7928     893       0       0       0       8       0       0       0       0     260       3       0       0       2       0       0       0     260       3
  238.000    97841.760      22    8068     899       0       0       0       6       0       0       0       0     262       3       0       0       2       0       0       0     262       3
  239.000   100194.592      22    8262     899       0       0       0       8       0       0       0       0     262       3       0       0       2       0       0       0     262       3
  240.000   100982.912      22    8327     899       0       0       0      10       0       0       0       0     266       3       0       0       2       0       0       0     266       3
  241.000   111570.656      25    9200     899       0       0       0      18       0       0       0       0     276       3       0       0       2       0       0       0     276       3
  242.000    98108.576      22    8090     900       0       0       0      14       0       0       0       0     285       3       0       0       2       0       0       0     285       3
  243.000    80377.440      18    6628     813       0       0       0      27       0       0       0       0     253       3       0       0       2       0       0       0     253       3
  244.000    81663.008      18    6734     801       0       0       0      10       0       0       0       0     251       3       0       0       2       0       0       0     251       3
  245.000    87775.520      20    7238     883       0       0       0      14       0       0       0       0     258       3       0       0       2       0       0       0     258       3
  246.000    94276.128      21    7774     898       0       0       0       6       0       0       0       0     261       3       0       0       2       0       0       0     261       3
  247.000    99939.904      22    8241     863       0       0       0       6       0       0       0       0     259       3       0       0       2       0       0       0     259       3
  248.000   102232.096      23    8430     896       0       0       0      10       0       0       0       0     260       3       0       0       2       0       0       0     260       3
  249.000   107726.080      24    8883     899       0       0       0      10       0       0       0       0     264       3       0       0       2       0       0       0     264       3
  250.000   111352.352      25    9182     899       0       0       0      14       0       0       0       0     270       3       0       0       2       0       0       0     270       3
  251.000   114250.944      25    9421     899       0       0       0       2       0       0       0       0     271       3       0       0       2       0       0       0     271       3
  252.000    88612.352      20    7307     899       0       0       0      10       0       0       0       0     276       3       0       0       2       0       0       0     276       3
  253.000    63410.368      14    5229     813       0       0       0      30       0       0       0       0     239       3       0       0       2       0       0       0     239       3
  254.000    66430.240      15    5478     801       0       0       0       4       0       0       0       0     234       3       0       0       2       0       0       0     234       3
  255.000    70820.576      16    5840     800       0       0       0       6       0       0       0       0     233       3       0       0       2       0       0       0     233       3
  256.000    73525.120      16    6063     800       0       0       0       6       0       0       0       0     230       3       0       0       2       0       0       0     230       3
  257.000    77915.456      17    6425     800       0       0       0       6       0       0       0       0     230       3       0       0       2       0       0       0     230       3
  258.000    78206.528      17    6449     800       0       0       0      10       0       0       0       0     232       3       0       0       2       0       0       0     232       3
  259.000    83154.752      18    6857     800       0       0       0      14       0       0       0       0     242       3       0       0       2       0       0       0     242       3
  260.000    89012.576      20    7340     800       0       0       0      12       0       0       0       0     248       3       0       0       2       0       0       0     248       3
  261.000    95137.216      21    7845     800       0       0       0       4       0       0       0       0     250       3       0       0       2       0       0       0     250       3
  262.000    76642.016      17    6320     800       0       0       0       8       0       0       0       0     250       3       0       0       2       0       0       0     250       3
  263.000    62706.944      14    5171     800       0       0       0      38       0       0       0       0     226       3       0       0       2       0       0       0     226       3
  264.000    68431.360      15    5643     800       0       0       0      12       0       0       0       0     227       3       0       0       2       0       0       0     227       3
  265.000    77030.112      17    6352     800       0       0       0       8       0       0       0       0     226       3       0       0       2       0       0       0     226       3
  266.000    79649.760      18    6568     800       0       0       0      10       0       0       0       0     231       3       0       0       2       0       0       0     231       3
  267.000    83457.952      19    6882     800       0       0       0      10       0       0       0       0     234       3       0       0       2       0       0       0     234       3
  268.000    90104.096      20    7430     800       0       0       0      10       0       0       0       0     242       3       0       0       2       0       0       0     242       3
  269.000    96604.704      21    7966     800       0       0       0      10       0       0       0       0     252       3       0       0       2       0       0       0     252       3
  270.000   104233.216      23    8595     883       0       0       0      12       0       0       0       0     260       3       0       0       2       0       0       0     260       3
  271.000   107726.080      24    8883     898       0       0       0      16       0       0       0       0     266       3       0       0       2       0       0       0     266       3
  272.000    94130.592      21    7762     899       0       0       0      14       0       0       0       0     277       3       0       0       2       0       0       0     277       3
  273.000    74556.000      17    6148     813       0       0       0      30       0       0       0       0     247       3       0       0       2       0       0       0     247       3
  274.000    75635.392      17    6237     801       0       0       0       8       0       0       0       0     245       3       0       0       2       0       0       0     245       3
  275.000    85672.192      19    7064     800       0       0       0      10       0       0       0       0     248       3       0       0       2       0       0       0     248       3
