  TimeSec      LoaKbps LoaUsag Packets DlyUsec LoaDrps MetDrps TabDrps FloMods MetMods GroMods  PktsIn PktsOut FloEntr FloUsag MetEntr MetUsag GroEntr GroUsag BufPkts BufUsag  T0Entr  T0Usag
    1.000        0.000       0       0     173       0       0       0       3       0       2       0       0       3       0       0       0       2       0       0       0       3       0
    2.000     1642.464       0     136     264       0       0       0       3       0       0       0       0       5       0       0       0       2       0       0       0       5       0
    3.000     5523.424       1     456     369       0       0       0       4       0       0       0       0       9       0       0       0       2       0       0       0       9       0
    4.000     8130.944       2     671     396       0       0       0       3       0       0       0       0      11       0       0       0       2       0       0       0      11       0
    5.000    12436.384       3    1026     473       0       0       0       5       0       0       0       0      17       0       0       0       2       0       0       0      17       0
    6.000    15577.536       3    1285     497       0       0       0       6       0       0       0       0      22       0       0       0       2       0       0       0      22       0
    7.000    21289.824       5    1756     499       0       0       0       5       0       0       0       0      27       0       0       0       2       0       0       0      27       0
    8.000    25680.160       6    2118     499       0       0       0       3       0       0       0       0      30       0       0       0       2       0       0       0      30       0
    9.000    30264.544       7    2496     586       0       0       0       5       0       0       0       0      35       0       0       0       2       0       0       0      35       0
   10.000    36195.136       8    2985     598       0       0       0       3       0       0       0       0      38       0       0       0       2       0       0       0      38       0
   11.000    43896.416      10    3620     599       0       0       0       4       0       0       0       0      42       1       0       0       2       0       0       0      42       1
   12.000    30313.056       7    2500     599       0       0       0       6       0       0       0       0      47       1       0       0       2       0       0       0      47       1
   13.000    14570.912       3    1202     426       0       0       0      40       0       0       0       0      20       0       0       0       2       0       0       0      20       0
   14.000    16450.752       4    1357     486       0       0       0       7       0       0       0       0      20       0       0       0       2       0       0       0      20       0
   15.000    21714.304       5    1791     498       0       0       0       7       0       0       0       0      27       0       0       0       2       0       0       0      27       0
   16.000    25122.272       6    2072     573       0       0       0       4       0       0       0       0      32       0       0       0       2       0       0       0      32       0
   17.000    27608.512       6    2277     597       0       0       0       7       0       0       0       0      39       0       0       0       2       0       0       0      39       0
   18.000    30058.368       7    2479     599       0       0       0       7       0       0       0       0      44       1       0       0       2       0       0       0      44       1
   19.000    35916.192       8    2962     599       0       0       0       8       0       0       0       0      53       1       0       0       2       0       0       0      53       1
   20.000    49742.112      11    4102     599       0       0       0       8       0       0       0       0      60       1       0       0       2       0       0       0      60       1
   21.000    52786.240      12    4353     667       0       0       0       5       0       0       0       0      66       1       0       0       2       0       0       0      66       1
   22.000    30555.616       7    2520     696       0       0       0       4       0       0       0       0      70       1       0       0       2       0       0       0      70       1
   23.000     6784.736       2     560     498       0       0       0      67       0       0       0       0      24       0       0       0       2       0       0       0      24       0
   24.000     9513.536       2     785     499       0       0       0       7       0       0       0       0      21       0       0       0       2       0       0       0      21       0
   25.000    20380.224       5    1681     499       0       0       0       9       0       0       0       0      29       0       0       0       2       0       0       0      29       0
   26.000    26953.600       6    2223     589       0       0       0       6       0       0       0       0      37       0       0       0       2       0       0       0      37       0
   27.000    29160.896       6    2405     598       0       0       0       4       0       0       0       0      42       1       0       0       2       0       0       0      42       1
   28.000    32156.512       7    2652     599       0       0       0       3       0       0       0       0      46       1       0       0       2       0       0       0      46       1
   29.000    34667.008       8    2859     599       0       0       0       6       0       0       0       0      50       1       0       0       2       0       0       0      50       1
   30.000    46564.576      10    3840     599       0       0       0       7       0       0       0       0      57       1       0       0       2       0       0       0      57       1
   31.000    49948.288      11    4119     600       0       0       0       6       0       0       0       0      62       1       0       0       2       0       0       0      62       1
   32.000    32799.296       7    2705     689       0       0       0       8       0       0       0       0      69       1       0       0       2       0       0       0      69       1
   33.000    14328.352       3    1182     525       0       0       0      62       0       0       0       0      27       0       0       0       2       0       0       0      27       0
   34.000    16256.704       4    1341     502       0       0       0       4       0       0       0       0      24       0       0       0       2       0       0       0      24       0
   35.000    26080.384       6    2151     549       0       0       0      12       0       0       0       0      32       0       0       0       2       0       0       0      32       0
   36.000    36389.184       8    3001     594       0       0       0       2       0       0       0       0      39       0       0       0       2       0       0       0      39       0
   37.000    39966.944       9    3296     599       0       0       0       8       0       0       0       0      45       1       0       0       2       0       0       0      45       1
   38.000    46722.240      10    3853     599       0       0       0       6       0       0       0       0      52       1       0       0       2       0       0       0      52       1
   39.000    50833.632      11    4192     599       0       0       0      10       0       0       0       0      60       1       0       0       2       0       0       0      60       1
   40.000    53877.760      12    4443     686       0       0       0       5       0       0       0       0      65       1       0       0       2       0       0       0      65       1
   41.000    55563.552      12    4582     698       0       0       0       4       0       0       0       0      70       1       0       0       2       0       0       0      70       1
   42.000    32726.528       7    2699     699       0       0       0       6       0       0       0       0      76       1       0       0       2       0       0       0      76       1
   43.000    14959.008       3    1234     575       0       0       0      66       0       0       0       0      38       0       0       0       2       0       0       0      38       0
   44.000    19725.312       4    1627     597       0       0       0       5       0       0       0       0      37       0       0       0       2       0       0       0      37       0
   45.000    22441.984       5    1851     599       0       0       0       7       0       0       0       0      42       1       0       0       2       0       0       0      42       1
   46.000    27196.160       6    2243     599       0       0       0       8       0       0       0       0      50       1       0       0       2       0       0       0      50       1
   47.000    34460.832       8    2842     599       0       0       0      10       0       0       0       0      59       1       0       0       2       0       0       0      59       1
   48.000    44272.384      10    3651     683       0       0       0       9       0       0       0       0      67       1       0       0       2       0       0       0      67       1
   49.000    47850.144      11    3946     698       0       0       0       6       0       0       0       0      74       1       0       0       2       0       0       0      74       1
   50.000    50287.872      11    4147     699       0       0       0       8       0       0       0       0      79       1       0       0       2       0       0       0      79       1
   51.000    52191.968      12    4304     699       0       0       0       4       0       0       0       0      84       1       0       0       2       0       0       0      84       1
   52.000    36255.776       8    2990     699       0       0       0       8       0       0       0       0      89       1       0       0       2       0       0       0      89       1
   53.000    18354.848       4    1514     700       0       0       0      34       0       0       0       0      72       1       0       0       2       0       0       0      72       1
   54.000    31234.784       7    2576     700       0       0       0       8       0       0       0       0      77       1       0       0       2       0       0       0      77       1
   55.000    35600.864       8    2936     700       0       0       0       8       0       0       0       0      84       1       0       0       2       0       0       0      84       1
   56.000    46030.944      10    3796     700       0       0       0      10       0       0       0       0      94       1       0       0       2       0       0       0      94       1
   57.000    50190.848      11    4139     700       0       0       0       8       0       0       0       0     100       1       0       0       2       0       0       0     100       1
   58.000    53550.304      12    4416     700       0       0       0       9       0       0       0       0     108       1       0       0       2       0       0       0     108       1
   59.000    55139.072      12    4547     700       0       0       0       5       0       0       0       0     112       1       0       0       2       0       0       0     112       1
   60.000    56485.280      13    4658     700       0       0       0       8       0       0       0       0     115       1       0       0       2       0       0       0     115       1
   61.000    63616.544      14    5246     700       0       0       0       7       0       0       0       0     123       2       0       0       2       0       0       0     123       2
   62.000    44866.656      10    3700     700       0       0       0       6       0       0       0       0     127       2       0       0       2       0       0       0     127       2
   63.000    27826.816       6    2295     702       0       0       0      29       0       0       1       1     116       1       0       0       2       0       0       0     116       1
   64.000    34412.320       8    2838     700       0       0       0       6       0       0       0       0     119       1       0       0       2       0       0       0     119       1
   65.000    38135.616       8    3145     700       0       0       0       5       0       0       0       0     122       1       0       0       2       0       0       0     122       1
   66.000    39785.024       9    3281     700       0       0       0       6       0       0       0       0     124       2       0       0       2       0       0       0     124       2
   67.000    41858.912       9    3452     786       0       0       0       8       0       0       0       0     129       2       0       0       2       0       0       0     129       2
   68.000    47049.696      10    3880     798       0       0       0       8       0       0       0       0     135       2       0       0       2       0       0       0     135       2
   69.000    55466.528      12    4574     799       0       0       0       5       0       0       0       0     140       2       0       0       2       0       0       0     140       2
   70.000    58268.096      13    4805     799       0       0       0       4       0       0       0       0     142       2       0       0       2       0       0       0     142       2
   71.000    60608.800      13    4998     799       0       0       0       8       0       0       0       0     144       2       0       0       2       0       0       0     144       2
   72.000    46843.520      10    3863     800       0       0       0      10       0       0       0       0     150       2       0       0       2       0       0       0     150       2
   73.000    31428.832       7    2592     713       0       0       0      31       0       0       0       0     130       2       0       0       2       0       0       0     130       2
   74.000    33029.728       7    2724     780       0       0       0       8       0       0       0       0     132       2       0       0       2       0       0       0     132       2
   75.000    38172.000       8    3148     797       0       0       0      10       0       0       0       0     136       2       0       0       2       0       0       0     136       2
   76.000    45545.824      10    3756     799       0       0       0       9       0       0       0       0     142       2       0       0       2       0       0       0     142       2
   77.000    50008.928      11    4124     799       0       0       0       8       0       0       1       1     147       2       0       0       2       0       0       0     147       2
   78.000    53683.712      12    4427     799       0       0       0       9       0       0       0       0     152       2       0       0       2       0       0       0     152       2
   79.000    64817.216      14    5345     800       0       0       0       7       0       0       0       0     157       2       0       0       2       0       0       0     157       2
   80.000    68164.544      15    5621     800       0       0       0       7       0       0       0       0     162       2       0       0       2       0       0       0     162       2
   81.000    72797.440      16    6003     800       0       0       0      13       0       0       0       0     171       2       0       0       2       0       0       0     171       2
   82.000    59893.248      13    4939     800       0       0       0      11       0       0       0       0     178       2       0       0       2       0       0       0     178       2
   83.000    47619.712      11    3927     800       0       0       0      32       0       0       0       0     170       2       0       0       2       0       0       0     170       2
   84.000    54193.088      12    4469     800       0       0       0       8       0       0       0       0     177       2       0       0       2       0       0       0     177       2
   85.000    57455.520      13    4738     800       0       0       0       9       0       0       0       0     184       2       0       0       2       0       0       0     184       2
   86.000    64987.008      14    5359     800       0       0       0      10       0       0       0       0     194       2       0       0       2       0       0       0     194       2
   87.000    70250.560      16    5793     800       0       0       0       8       0       0       0       0     198       2       0       0       2       0       0       0     198       2
   88.000    71402.720      16    5888     800       0       0       0       8       0       0       0       0     201       2       0       0       2       0       0       0     201       2
   89.000    73500.864      16    6061     800       0       0       0      12       0       0       0       0     205       3       0       0       2       0       0       0     205       3
   90.000    76120.512      17    6277     800       0       0       0      12       0       0       1       1     213       3       0       0       2       0       0       0     213       3
   91.000    76569.248      17    6314     800       0       0       0       7       0       0       0       0     219       3       0       0       2       0       0       0     219       3
   92.000    61942.880      14    5108     800       0       0       0      10       0       0       0       0     222       3       0       0       2       0       0       0     222       3
   93.000    47619.712      11    3927     800       0       0       0      28       0       0       0       0     207       3       0       0       2       0       0       0     207       3
   94.000    50263.616      11    4145     800       0       0       0       8       0       0       0       0     209       3       0       0       2       0       0       0     209       3
   95.000    55405.888      12    4569     800       0       0       0       5       0       0       0       0     213       3       0       0       2       0       0       0     213       3
   96.000    59189.824      13    4881     800       0       0       0       9       0       0       0       0     217       3       0       0       2       0       0       0     217       3
   97.000    62816.096      14    5180     800       0       0       0      11       0       0       0       0     221       3       0       0       2       0       0       0     221       3
   98.000    68152.416      15    5620     800       0       0       0       6       0       0       0       0     221       3       0       0       2       0       0       0     221       3
   99.000    69062.016      15    5695     800       0       0       0       7       0       0       0       0     222       3       0       0       2       0       0       0     222       3
  100.000    70396.096      16    5805     800       0       0       0      10       0       0       0       0     225       3       0       0       2       0       0       0     225       3
  101.000    76629.888      17    6319     800       0       0       0       6       0       0       0       0     227       3       0       0       2       0       0       0     227       3
  102.000    56994.656      13    4700     800       0       0       0      18       0       0       1       1     231       3       0       0       2       0       0       0     231       3
  103.000    43787.264      10    3611     800       0       0       0      46       0       0       0       0     215       3       0       0       2       0       0       0     215       3
  104.000    51755.360      12    4268     800       0       0       0       8       0       0       0       0     215       3       0       0       2       0       0       0     215       3
  105.000    59262.592      13    4887     800       0       0       0      10       0       0       0       0     215       3       0       0       2       0       0       0     215       3
  106.000    65787.456      15    5425     800       0       0       0       9       0       0       0       0     212       3       0       0       2       0       0       0     212       3
  107.000    71669.536      16    5910     800       0       0       0      12       0       0       0       0     220       3       0       0       2       0       0       0     220       3
  108.000    77733.536      17    6410     800       0       0       0       8       0       0       1       1     225       3       0       0       2       0       0       0     225       3
  109.000    81105.120      18    6688     800       0       0       0      11       0       0       0       0     231       3       0       0       2       0       0       0     231       3
  110.000    86732.512      19    7152     800       0       0       0      13       0       0       0       0     239       3       0       0       2       0       0       0     239       3
  111.000   106683.072      24    8797     800       0       0       0      11       0       0       0       0     251       3       0       0       2       0       0       0     251       3
  112.000    80704.896      18    6655     800       0       0       0       9       0       0       0       0     252       3       0       0       2       0       0       0     252       3
  113.000    52422.400      12    4323     800       0       0       0      37       0       0       0       0     233       3       0       0       2       0       0       0     233       3
  114.000    52252.608      12    4309     800       0       0       0       9       0       0       0       0     235       3       0       0       2       0       0       0     235       3
  115.000    55260.352      12    4557     800       0       0       0       7       0       0       0       0     235       3       0       0       2       0       0       0     235       3
  116.000    59638.560      13    4918     800       0       0       0       8       0       0       0       0     236       3       0       0       2       0       0       0     236       3
  117.000    69292.448      15    5714     800       0       0       0      12       0       0       1       1     234       3       0       0       2       0       0       0     234       3
  118.000    78012.480      17    6433     800       0       0       0       7       0       0       0       0     230       3       0       0       2       0       0       0     230       3
  119.000    81347.680      18    6708     800       0       0       0       6       0       0       0       0     229       3       0       0       2       0       0       0     229       3
  120.000    81080.864      18    6686     800       0       0       0      10       0       0       0       0     232       3       0       0       2       0       0       0     232       3
  121.000    80620.000      18    6648     800       0       0       0       4       0       0       0       0     237       3       0       0       2       0       0       0     237       3
  122.000    55163.328      12    4549     800       0       0       0       5       0       0       0       0     234       3       0       0       2       0       0       0     234       3
  123.000    30628.384       7    2526     800       0       0       0      45       0       0       0       0     203       2       0       0       2       0       0       0     203       2
  124.000    35055.104       8    2891     800       0       0       0       9       0       0       0       0     205       3       0       0       2       0       0       0     205       3
  125.000    36910.688       8    3044     800       0       0       0      11       0       0       1       1     207       3       0       0       2       0       0       0     207       3
  126.000    38123.488       8    3144     800       0       0       0       6       0       0       0       0     210       3       0       0       2       0       0       0     210       3
  127.000    45303.264      10    3736     800       0       0       0       7       0       0       0       0     212       3       0       0       2       0       0       0     212       3
  128.000    51718.976      11    4265     800       0       0       0      17       0       0       0       0     220       3       0       0       2       0       0       0     220       3
  129.000    61069.664      14    5036     800       0       0       0      12       0       0       0       0     221       3       0       0       2       0       0       0     221       3
  130.000    61142.432      14    5042     800       0       0       0       6       0       0       0       0     225       3       0       0       2       0       0       0     225       3
  131.000    61688.192      14    5087     800       0       0       0       5       0       0       0       0     225       3       0       0       2       0       0       0     225       3
  132.000    41604.224       9    3431     800       0       0       0       9       0       0       1       1     229       3       0       0       2       0       0       0     229       3
  133.000    24831.200       6    2048     800       0       0       0      47       0       0       1       1     207       3       0       0       2       0       0       0     207       3
  134.000    30858.816       7    2545     800       0       0       0       8       0       0       0       0     211       3       0       0       2       0       0       0     211       3
  135.000    33332.928       7    2749     800       0       0       0       9       0       0       0       0     211       3       0       0       2       0       0       0     211       3
  136.000    34278.912       8    2827     800       0       0       0       8       0       0       0       0     210       3       0       0       2       0       0       0     210       3
  137.000    38766.272       9    3197     800       0       0       0      12       0       0       0       0     219       3       0       0       2       0       0       0     219       3
  138.000    46552.448      10    3839     800       0       0       0       5       0       0       0       0     220       3       0       0       2       0       0       0     220       3
  139.000    51427.904      11    4241     800       0       0       0      13       0       0       1       1     220       3       0       0       2       0       0       0     220       3
  140.000    57504.032      13    4742     800       0       0       0       5       0       0       0       0     221       3       0       0       2       0       0       0     221       3
  141.000    60038.784      13    4951     800       0       0       0      11       0       0       0       0     221       3       0       0       2       0       0       0     221       3
  142.000    46831.392      10    3862     800       0       0       0       6       0       0       0       0     220       3       0       0       2       0       0       0     220       3
  143.000    29088.128       6    2399     800       0       0       0      42       0       0       2       2     197       2       0       0       2       0       0       0     197       2
  144.000    31319.680       7    2583     800       0       0       0       9       0       0       0       0     196       2       0       0       2       0       0       0     196       2
  145.000    37395.808       8    3084     800       0       0       0       8       0       0       0       0     195       2       0       0       2       0       0       0     195       2
  146.000    40173.120       9    3313     800       0       0       0       2       0       0       0       0     195       2       0       0       2       0       0       0     195       2
  147.000    41240.384       9    3401     800       0       0       0       8       0       0       0       0     192       2       0       0       2       0       0       0     192       2
  148.000    50397.024      11    4156     800       0       0       0      12       0       0       1       1     197       2       0       0       2       0       0       0     197       2
  149.000    58280.224      13    4806     800       0       0       0      14       0       0       1       1     204       2       0       0       2       0       0       0     204       2
  150.000    65654.048      15    5414     800       0       0       0       6       0       0       0       0     208       3       0       0       2       0       0       0     208       3
  151.000    69547.136      15    5735     800       0       0       0      10       0       0       0       0     208       3       0       0       2       0       0       0     208       3
  152.000    48250.368      11    3979     800       0       0       0       9       0       0       0       0     209       3       0       0       2       0       0       0     209       3
  153.000    28675.776       6    2365     800       0       0       0      39       0       0       0       0     188       2       0       0       2       0       0       0     188       2
  154.000    32059.488       7    2644     800       0       0       0      11       0       0       0       0     189       2       0       0       2       0       0       0     189       2
  155.000    35164.256       8    2900     800       0       0       0      11       0       0       0       0     195       2       0       0       2       0       0       0     195       2
  156.000    43484.064      10    3586     800       0       0       0      12       0       0       0       0     201       2       0       0       2       0       0       0     201       2
  157.000    49535.936      11    4085     800       0       0       0       5       0       0       0       0     204       2       0       0       2       0       0       0     204       2
  158.000    50105.952      11    4132     800       0       0       0       7       0       0       0       0     199       2       0       0       2       0       0       0     199       2
  159.000    62149.056      14    5125     800       0       0       0      14       0       0       0       0     207       3       0       0       2       0       0       0     207       3
  160.000    69450.112      15    5727     800       0       0       0      13       0       0       1       1     216       3       0       0       2       0       0       0     216       3
  161.000    74701.536      17    6160     800       0       0       0       9       0       0       0       0     222       3       0       0       2       0       0       0     222       3
  162.000    53950.528      12    4449     800       0       0       0      14       0       0       1       1     228       3       0       0       2       0       0       0     228       3
  163.000    34497.216       8    2845     800       0       0       0      34       0       0       0       0     211       3       0       0       2       0       0       0     211       3
  164.000    37893.056       8    3125     800       0       0       0       7       0       0       0       0     209       3       0       0       2       0       0       0     209       3
  165.000    42562.336       9    3510     800       0       0       0       6       0       0       0       0     205       3       0       0       2       0       0       0     205       3
  166.000    46334.144      10    3821     800       0       0       0       7       0       0       0       0     207       3       0       0       2       0       0       0     207       3
  167.000    49305.504      11    4066     800       0       0       0       9       0       0       0       0     207       3       0       0       2       0       0       0     207       3
  168.000    55393.760      12    4568     800       0       0       0      12       0       0       0       0     213       3       0       0       2       0       0       0     213       3
  169.000    61130.304      14    5041     800       0       0       0       7       0       0       0       0     215       3       0       0       2       0       0       0     215       3
  170.000    66915.360      15    5518     800       0       0       0       8       0       0       0       0     216       3       0       0       2       0       0       0     216       3
  171.000    71354.208      16    5884     800       0       0       0      13       0       0       1       1     218       3       0       0       2       0       0       0     218       3
  172.000    53829.248      12    4439     800       0       0       0      12       0       0       1       1     225       3       0       0       2       0       0       0     225       3
  173.000    40245.888       9    3319     800       0       0       0      33       0       0       0       0     209       3       0       0       2       0       0       0     209       3
  174.000    42877.664      10    3536     800       0       0       0      13       0       0       1       1     209       3       0       0       2       0       0       0     209       3
  175.000    46588.832      10    3842     800       0       0       0       7       0       0       0       0     209       3       0       0       2       0       0       0     209       3
  176.000    46528.192      10    3837     800       0       0       0      11       0       0       0       0     213       3       0       0       2       0       0       0     213       3
  177.000    50384.896      11    4155     800       0       0       0      10       0       0       0       0     214       3       0       0       2       0       0       0     214       3
  178.000    56994.656      13    4700     800       0       0       0      11       0       0       0       0     218       3       0       0       2       0       0       0     218       3
  179.000    63398.240      14    5228     800       0       0       0       9       0       0       0       0     221       3       0       0       2       0       0       0     221       3
  180.000    71087.392      16    5862     800       0       0       0       5       0       0       0       0     228       3       0       0       2       0       0       0     228       3
  181.000    78897.824      18    6506     800       0       0       0       7       0       0       0       0     230       3       0       0       2       0       0       0     230       3
  182.000    68213.056      15    5625     800       0       0       0       8       0       0       0       0     233       3       0       0       2       0       0       0     233       3
  183.000    50300.000      11    4148     800       0       0       0      33       0       0       0       0     206       3       0       0       2       0       0       0     206       3
  184.000    55066.304      12    4541     800       0       0       0      14       0       0       1       1     210       3       0       0       2       0       0       0     210       3
  185.000    58498.528      13    4824     800       0       0       0       9       0       0       0       0     216       3       0       0       2       0       0       0     216       3
  186.000    61057.536      14    5035     800       0       0       0       7       0       0       0       0     219       3       0       0       2       0       0       0     219       3
  187.000    62488.640      14    5153     800       0       0       0       4       0       0       0       0     216       3       0       0       2       0       0       0     216       3
  188.000    68261.568      15    5629     800       0       0       0      15       0       0       0       0     219       3       0       0       2       0       0       0     219       3
  189.000    71972.736      16    5935     800       0       0       0      14       0       0       0       0     225       3       0       0       2       0       0       0     225       3
  190.000    77442.464      17    6386     800       0       0       0      11       0       0       0       0     231       3       0       0       2       0       0       0     231       3
  191.000    84234.144      19    6946     800       0       0       0      18       0       0       1       1     239       3       0       0       2       0       0       0     239       3
  192.000    56121.440      12    4628     800       0       0       0       5       0       0       0       0     239       3       0       0       2       0       0       0     239       3
  193.000    32023.104       7    2641     800       0       0       0      51       0       0       1       1     208       3       0       0       2       0       0       0     208       3
  194.000    37917.312       8    3127     800       0       0       0       9       0       0       0       0     210       3       0       0       2       0       0       0     210       3
  195.000    44345.152      10    3657     800       0       0       0      16       0       0       0       0     219       3       0       0       2       0       0       0     219       3
  196.000    50251.488      11    4144     800       0       0       0       8       0       0       0       0     227       3       0       0       2       0       0       0     227       3
  197.000    55975.904      12    4616     800       0       0       0      12       0       0       0       0     235       3       0       0       2       0       0       0     235       3
  198.000    62343.104      14    5141     800       0       0       0      11       0       0       0       0     247       3       0       0       2       0       0       0     247       3
  199.000    68407.104      15    5641     800       0       0       0      11       0       0       0       0     248       3       0       0       2       0       0       0     248       3
  200.000    81650.880      18    6733     800       0       0       0      14       0       0       1       1     251       3       0       0       2       0       0       0     251       3
  201.000    88284.896      20    7280     848       0       0       0      12       0       0       0       0     256       3       0       0       2       0       0       0     256       3
  202.000    72227.424      16    5956     894       0       0       0      10       0       0       0       0     263       3       0       0       2       0       0       0     263       3
  203.000    54387.136      12    4485     812       0       0       0      43       0       0       1       1     245       3       0       0       2       0       0       0     245       3
  204.000    59068.544      13    4871     801       0       0       0       7       0       0       0       0     245       3       0       0       2       0       0       0     245       3
  205.000    63531.648      14    5239     800       0       0       0      11       0       0       0       0     247       3       0       0       2       0       0       0     247       3
  206.000    66260.448      15    5464     800       0       0       0       7       0       0       0       0     239       3       0       0       2       0       0       0     239       3
  207.000    78376.320      17    6463     800       0       0       0      20       0       0       2       2     244       3       0       0       2       0       0       0     244       3
  208.000    79661.888      18    6569     800       0       0       0       9       0       0       0       0     250       3       0       0       2       0       0       0     250       3
  209.000    87338.912      19    7202     859       0       0       0      11       0       0       0       0     256       3       0       0       2       0       0       0     256       3
  210.000    92857.152      21    7657     859       0       0       0      10       0       0       0       0     257       3       0       0       2       0       0       0     257       3
  211.000   100752.480      22    8308     855       0       0       0      10       0       0       0       0     256       3       0       0       2       0       0       0     256       3
  212.000    80753.408      18    6659     895       0       0       0      12       0       0       1       1     261       3       0       0       2       0       0       0     261       3
  213.000    61506.272      14    5072     812       0       0       0      41       0       0       0       0     246       3       0       0       2       0       0       0     246       3
  214.000    68989.248      15    5689     801       0       0       0      11       0       0       0       0     247       3       0       0       2       0       0       0     247       3
  215.000    81056.608      18    6684     800       0       0       0      11       0       0       0       0     251       3       0       0       2       0       0       0     251       3
  216.000    88842.784      20    7326     800       0       0       0       8       0       0       0       0     252       3       0       0       2       0       0       0     252       3
  217.000    92335.648      21    7614     800       0       0       0       8       0       0       0       0     253       3       0       0       2       0       0       0     253       3
  218.000    98630.080      22    8133     828       0       0       0      12       0       0       0       0     255       3       0       0       2       0       0       0     255       3
  219.000   103226.592      23    8512     892       0       0       0      12       0       0       1       1     259       3       0       0       2       0       0       0     259       3
  220.000   109472.512      24    9027     879       0       0       0       7       0       0       0       0     259       3       0       0       2       0       0       0     259       3
  221.000   112868.352      25    9307     887       0       0       0      15       0       0       1       1     263       3       0       0       2       0       0       0     263       3
  222.000    85580.352      19    7057     898       0       0       0      12       0       0       0       0     267       3       0       0       2       0       0       0     267       3
  223.000    57358.496      13    4730     813       0       0       0      42       0       0       0       0     240       3       0       0       2       0       0       0     240       3
  224.000    62088.416      14    5120     801       0       0       0       7       0       0       0       0     237       3       0       0       2       0       0       0     237       3
  225.000    64319.968      14    5304     800       0       0       0       8       0       0       0       0     235       3       0       0       2       0       0       0     235       3
  226.000    68213.056      15    5625     800       0       0       0      13       0       0       0       0     240       3       0       0       2       0       0       0     240       3
  227.000    70177.792      16    5787     800       0       0       0       7       0       0       0       0     241       3       0       0       2       0       0       0     241       3
  228.000    75599.008      17    6234     800       0       0       0       8       0       0       0       0     236       3       0       0       2       0       0       0     236       3
  229.000    81917.696      18    6755     800       0       0       0       7       0       0       0       0     234       3       0       0       2       0       0       0     234       3
  230.000    82657.504      18    6816     800       0       0       0      13       0       0       0       0     239       3       0       0       2       0       0       0     239       3
  231.000    84403.936      19    6960     800       0       0       0       2       0       0       0       0     243       3       0       0       2       0       0       0     243       3
  232.000    65084.032      14    5367     800       0       0       0      16       0       0       1       1     248       3       0       0       2       0       0       0     248       3
  233.000    45606.464      10    3761     800       0       0       0      45       0       0       0       0     227       3       0       0       2       0       0       0     227       3
  234.000    52107.072      12    4297     800       0       0       0      12       0       0       0       0     226       3       0       0       2       0       0       0     226       3
  235.000    58074.048      13    4789     800       0       0       0      15       0       0       0       0     234       3       0       0       2       0       0       0     234       3
  236.000    64041.024      14    5281     800       0       0       0       9       0       0       0       0     240       3       0       0       2       0       0       0     240       3
  237.000    69838.208      16    5759     800       0       0       0      13       0       0       1       1     239       3       0       0       2       0       0       0     239       3
  238.000    76338.816      17    6295     800       0       0       0       7       0       0       1       1     240       3       0       0       2       0       0       0     240       3
  239.000    86744.640      19    7153     800       0       0       0      14       0       0       0       0     245       3       0       0       2       0       0       0     245       3
  240.000    92141.600      20    7598     800       0       0       0      11       0       0       0       0     252       3       0       0       2       0       0       0     252       3
  241.000    94567.200      21    7798     802       0       0       0       4       0       0       1       1     252       3       0       0       2       0       0       0     252       3
  242.000    73391.712      16    6052     867       0       0       0      13       0       0       1       1     256       3       0       0       2       0       0       0     256       3
  243.000    51646.208      11    4259     809       0       0       0      30       0       0       0       0     239       3       0       0       2       0       0       0     239       3
  244.000    56982.528      13    4699     801       0       0       0      10       0       0       0       0     241       3       0       0       2       0       0       0     241       3
  245.000    62682.688      14    5169     800       0       0       0      12       0       0       0       0     244       3       0       0       2       0       0       0     244       3
  246.000    66442.368      15    5479     800       0       0       0       6       0       0       0       0     246       3       0       0       2       0       0       0     246       3
  247.000    69535.008      15    5734     800       0       0       0       9       0       0       0       0     250       3       0       0       2       0       0       0     250       3
  248.000    75465.600      17    6223     800       0       0       0      11       0       0       0       0     248       3       0       0       2       0       0       0     248       3
  249.000    77818.432      17    6417     800       0       0       0      10       0       0       0       0     249       3       0       0       2       0       0       0     249       3
  250.000    83967.328      19    6924     800       0       0       0       9       0       0       0       0     248       3       0       0       2       0       0       0     248       3
  251.000    83846.048      19    6914     800       0       0       0       7       0       0       0       0     247       3       0       0       2       0       0       0     247       3
  252.000    67715.808      15    5584     800       0       0       0      10       0       0       0       0     250       3       0       0       2       0       0       0     250       3
  253.000    51791.744      12    4271     800       0       0       0      32       0       0       0       0     228       3       0       0       2       0       0       0     228       3
  254.000    56594.432      13    4667     800       0       0       0      10       0       0       0       0     225       3       0       0       2       0       0       0     225       3
  255.000    59517.280      13    4908     800       0       0       0       9       0       0       0       0     224       3       0       0       2       0       0       0     224       3
  256.000    59092.800      13    4873     800       0       0       0       5       0       0       0       0     224       3       0       0       2       0       0       0     224       3
  257.000    59808.352      13    4932     800       0       0       0      11       0       0       1       1     226       3       0       0       2       0       0       0     226       3
  258.000    63628.672      14    5247     800       0       0       0       7       0       0       0       0     231       3       0       0       2       0       0       0     231       3
  259.000    70699.296      16    5830     800       0       0       0      13       0       0       0       0     237       3       0       0       2       0       0       0     237       3
  260.000    72967.232      16    6017     800       0       0       0      10       0       0       0       0     241       3       0       0       2       0       0       0     241       3
  261.000    78412.704      17    6466     800       0       0       0      13       0       0       1       1     248       3       0       0       2       0       0       0     248       3
  262.000    58146.816      13    4795     800       0       0       0       8       0       0       0       0     252       3       0       0       2       0       0       0     252       3
  263.000    40512.704       9    3341     800       0       0       0      45       0       0       0       0     224       3       0       0       2       0       0       0     224       3
  264.000    46819.264      10    3861     800       0       0       0      13       0       0       0       0     223       3       0       0       2       0       0       0     223       3
  265.000    49972.544      11    4121     800       0       0       0      13       0       0       2       2     231       3       0       0       2       0       0       0     231       3
  266.000    53016.672      12    4372     800       0       0       0      14       0       0       1       1     237       3       0       0       2       0       0       0     237       3
  267.000    56885.504      13    4691     800       0       0       0      12       0       0       0       0     243       3       0       0       2       0       0       0     243       3
  268.000    60463.264      13    4986     800       0       0       0       8       0       0       0       0     247       3       0       0       2       0       0       0     247       3
  269.000    59189.824      13    4881     800       0       0       0       9       0       0       0       0     252       3       0       0       2       0       0       0     252       3
  270.000    59868.992      13    4937     806       0       0       0       9       0       0       0       0     253       3       0       0       2       0       0       0     253       3
  271.000    62330.976      14    5140     800       0       0       0       8       0       0       0       0     249       3       0       0       2       0       0       0     249       3
  272.000    51415.776      11    4240     800       0       0       0      10       0       0       1       1     251       3       0       0       2       0       0       0     251       3
  273.000    44430.048      10    3664     800       0       0       0      37       0       0       0       0     232       3       0       0       2       0       0       0     232       3
  274.000    48978.048      11    4039     800       0       0       0      15       0       0       0       0     235       3       0       0       2       0       0       0     235       3
  275.000    56104.128      12    4626     800       0       0       0      15       0       0       0       0     242       3       0       0       2       0       0       0     242       3
