  TimeSec      LoaKbps LoaUsag Packets DlyUsec LoaDrps MetDrps TabDrps FloMods MetMods GroMods  PktsIn PktsOut FloEntr FloUsag MetEntr MetUsag GroEntr GroUsag BufPkts BufUsag  T0Entr  T0Usag
    1.000        0.000       0       0      34       0       0       0       4       0       0       0       0       3       0       0       0       0       0       0       0       3       0
    2.000     2763.424       0     229      56       0       0       0       3       0       0       0       0       6       0       0       0       0       0       0       0       6       0
    3.000     6280.544       0     519      76       0       0       0       4       0       0       0       0      10       0       0       0       0       0       0       0      10       0
    4.000     9640.000       0     796      79       0       0       0       3       0       0       0       0      13       0       0       0       0       0       0       0      13       0
    5.000    12672.000       0    1046      94       0       0       0       5       0       0       0       0      17       0       0       0       0       0       0       0      17       0
    6.000    17013.824       0    1404      99       0       0       0       6       0       0       0       0      23       0       0       0       0       0       0       0      23       0
    7.000    19633.472       0    1620      99       0       0       0       5       0       0       0       0      28       0       0       0       0       0       0       0      28       0
    8.000    22180.352       0    1830     109       0       0       0       3       0       0       0       0      32       0       0       0       0       0       0       0      32       0
    9.000    26679.840       0    2201     118       0       0       0       5       0       0       0       0      36       0       0       0       0       0       0       0      36       0
   10.000    32295.104       0    2664     119       0       0       0       2       0       0       0       0      39       0       0       0       0       0       0       0      39       0
   11.000    36309.472       0    2995     119       0       0       0       5       0       0       0       0      43       0       0       0       0       0       0       0      43       0
   12.000    39947.872       0    3295     119       0       0       0       6       0       0       0       0      48       0       0       0       0       0       0       0      48       0
   13.000    43731.808       0    3607     120       0       0       0       3       0       0       0       0      53       0       0       0       0       0       0       0      53       0
   14.000    47940.224       0    3954     120       0       0       0       6       0       0       0       0      58       0       0       0       0       0       0       0      58       0
   15.000    50693.280       0    4181     124       0       0       0       6       0       0       0       0      63       0       0       0       0       0       0       0      63       0
   16.000    58903.936       0    4858     138       0       0       0       4       0       0       0       0      69       0       0       0       0       0       0       0      69       0
   17.000    65598.592       0    5410     139       0       0       0       7       0       0       0       0      73       0       0       0       0       0       0       0      73       0
   18.000    68303.136       0    5633     139       0       0       0       6       0       0       0       0      73       0       0       0       0       0       0       0      73       0
   19.000    75980.160       0    6266     139       0       0       0       8       0       0       0       0      79       0       0       0       0       0       0       0      79       0
   20.000    84748.704       0    6989     140       0       0       0       6       0       0       0       0      81       0       0       0       0       0       0       0      81       0
   21.000    89612.032       0    7390     140       0       0       0       5       0       0       0       0      81       0       0       0       0       0       0       0      81       0
   22.000    91431.232       0    7540     140       0       0       0       3       0       0       0       0      79       0       0       0       0       0       0       0      79       0
   23.000   102649.632       0    8465     140       0       0       0       5       0       0       0       0      80       0       0       0       0       0       0       0      80       0
   24.000   102079.616       0    8418     140       0       0       0       7       0       0       0       0      80       0       0       0       0       0       0       0      80       0
   25.000   105754.400       0    8721     140       0       0       0       7       0       0       0       0      84       0       0       0       0       0       0       0      84       0
   26.000   116063.200       0    9571     140       0       0       0       7       0       0       0       0      89       0       0       0       0       0       0       0      89       0
   27.000   121848.256       0   10048     140       0       0       0       4       0       0       0       0      90       0       0       0       0       0       0       0      90       0
   28.000   127645.440       0   10526     140       0       0       0       2       0       0       0       0      88       0       0       0       0       0       0       0      88       0
   29.000   128409.504       0   10589     140       0       0       0       3       0       0       0       0      84       0       0       0       0       0       0       0      84       0
   30.000   129695.072       0   10695     140       0       0       0       3       0       0       0       0      83       0       0       0       0       0       0       0      83       0
   31.000   129937.632       0   10715     140       0       0       0       4       0       0       0       0      80       0       0       0       0       0       0       0      80       0
   32.000   134206.688       0   11067     140       0       0       0       8       0       0       0       0      80       0       0       0       0       0       0       0      80       0
   33.000   139979.616       0   11543     140       0       0       0       3       0       0       0       0      80       0       0       0       0       0       0       0      80       0
   34.000   141641.152       0   11680     140       0       0       0       5       0       0       0       0      76       0       0       0       0       0       0       0      76       0
   35.000   147874.944       0   12194     140       0       0       0       9       0       0       0       0      78       0       0       0       0       0       0       0      78       0
   36.000   157419.680       0   12981     140       0       0       0       2       0       0       0       0      77       0       0       0       0       0       0       0      77       0
   37.000   161252.128       0   13297     140       0       0       0       5       0       0       0       0      77       0       0       0       0       0       0       0      77       0
   38.000   166442.912       0   13725     140       0       0       0       6       0       0       0       0      78       0       0       0       0       0       0       0      78       0
   39.000   171803.488       0   14167     140       0       0       0       6       0       0       0       0      81       0       0       0       0       0       0       0      81       0
   40.000   176302.976       0   14538     140       0       0       0       5       0       0       0       0      77       0       0       0       0       0       0       0      77       0
   41.000   178207.072       0   14695     140       0       0       0       2       0       0       0       0      72       0       0       0       0       0       0       0      72       0
   42.000   180074.784       0   14849     140       0       0       0       4       0       0       0       0      70       0       0       0       0       0       0       0      70       0
   43.000   184756.192       0   15235     140       0       0       0       8       0       0       0       0      75       0       0       0       0       0       0       0      75       0
   44.000   186357.088       0   15367     140       0       0       0       3       0       0       0       0      77       0       0       0       0       0       0       0      77       0
   45.000   185192.800       0   15271     140       0       0       0       6       0       0       0       0      77       0       0       0       0       0       0       0      77       0
   46.000   187715.424       0   15479     140       0       0       0       7       0       0       0       0      82       0       0       0       0       0       0       0      82       0
   47.000   192724.288       0   15892     140       0       0       0       8       0       0       0       0      82       0       0       0       0       0       0       0      82       0
   48.000   199734.272       0   16470     140       0       0       0       6       0       0       0       0      86       0       0       0       0       0       0       0      86       0
   49.000   196277.792       0   16185     140       0       0       0       2       0       0       0       0      85       0       0       0       0       0       0       0      85       0
   50.000   196010.976       0   16163     140       0       0       0       3       0       0       0       0      79       0       0       0       0       0       0       0      79       0
   51.000   198873.184       0   16399     140       0       0       0       3       0       0       0       0      77       0       0       0       0       0       0       0      77       0
   52.000   199418.944       0   16444     140       0       0       0       6       0       0       0       0      80       0       0       0       0       0       0       0      80       0
   53.000   195829.056       0   16148     140       0       0       0       6       0       0       0       0      79       0       0       0       0       0       0       0      79       0
   54.000   196035.232       0   16165     140       0       0       0       8       0       0       0       0      80       0       0       0       0       0       0       0      80       0
   55.000   198036.352       0   16330     140       0       0       0       5       0       0       0       0      80       0       0       0       0       0       0       0      80       0
   56.000   198569.984       0   16374     140       0       0       0       7       0       0       0       0      85       0       0       0       0       0       0       0      85       0
   57.000   201699.008       0   16632     140       0       0       0       6       0       0       0       0      87       0       0       0       0       0       0       0      87       0
   58.000   210249.248       0   17337     140       0       0       0       4       0       0       0       0      85       0       0       0       0       0       0       0      85       0
   59.000   205907.424       0   16979     140       0       0       0       2       0       0       0       0      84       0       0       0       0       0       0       0      84       0
   60.000   203821.408       0   16807     140       0       0       0       4       0       0       0       0      82       0       0       0       0       0       0       0      82       0
   61.000   211922.912       0   17475     140       0       0       0       6       0       0       0       0      81       0       0       0       0       0       0       0      81       0
   62.000   213960.416       0   17643     140       0       0       0       4       0       0       0       0      78       0       0       0       0       0       0       0      78       0
   63.000   212784.000       0   17546     140       0       0       0       6       0       0       0       0      75       0       0       0       0       0       0       0      75       0
   64.000   217865.632       0   17965     140       0       0       0       5       0       0       0       0      78       0       0       0       0       0       0       0      78       0
   65.000   224050.912       0   18475     140       0       0       0       4       0       0       0       0      81       0       0       0       0       0       0       0      81       0
   66.000   219442.272       0   18095     140       0       0       0       3       0       0       0       0      80       0       0       0       0       0       0       0      80       0
   67.000   220679.328       0   18197     140       0       0       0       5       0       0       0       0      79       0       0       0       0       0       0       0      79       0
   68.000   218411.392       0   18010     140       0       0       0       4       0       0       0       0      78       0       0       0       0       0       0       0      78       0
   69.000   219927.392       0   18135     140       0       0       0       6       0       0       0       0      76       0       0       0       0       0       0       0      76       0
   70.000   222935.136       0   18383     140       0       0       0       3       0       0       0       0      75       0       0       0       0       0       0       0      75       0
   71.000   230017.888       0   18967     140       0       0       0       6       0       0       0       0      72       0       0       0       0       0       0       0      72       0
   72.000   232370.720       0   19161     140       0       0       0       6       0       0       0       0      73       0       0       0       0       0       0       0      73       0
   73.000   233025.632       0   19215     140       0       0       0       2       0       0       0       0      70       0       0       0       0       0       0       0      70       0
   74.000   231715.808       0   19107     140       0       0       0       4       0       0       0       0      71       0       0       0       0       0       0       0      71       0
   75.000   232831.584       0   19199     140       0       0       0       5       0       0       0       0      74       0       0       0       0       0       0       0      74       0
   76.000   234371.840       0   19326     140       0       0       0       5       0       0       0       0      72       0       0       0       0       0       0       0      72       0
   77.000   237343.200       0   19571     140       0       0       0       5       0       0       0       0      72       0       0       0       0       0       0       0      72       0
   78.000   239150.272       0   19720     140       0       0       0       6       0       0       0       0      74       0       0       0       0       0       0       0      74       0
   79.000   240035.616       0   19793     140       0       0       0       5       0       0       0       0      73       0       0       0       0       0       0       0      73       0
   80.000   238543.872       0   19670     140       0       0       0       4       0       0       0       0      73       0       0       0       0       0       0       0      73       0
   81.000   238228.544       0   19644     140       0       0       0       9       0       0       0       0      77       0       0       0       0       0       0       0      77       0
   82.000   242073.120       0   19961     140       0       0       0       6       0       0       0       0      79       0       0       0       0       0       0       0      79       0
   83.000   245893.440       0   20276     140       0       0       0       5       0       0       0       0      81       0       0       0       0       0       0       0      81       0
   84.000   247785.408       0   20432     140       0       0       0       5       0       0       0       0      81       0       0       0       0       0       0       0      81       0
   85.000   247251.776       0   20388     140       0       0       0       5       0       0       0       0      81       0       0       0       0       0       0       0      81       0
   86.000   241090.752       0   19880     140       0       0       0       7       0       0       0       0      82       0       0       0       0       0       0       0      82       0
   87.000   243031.232       0   20040     140       0       0       0       5       0       0       0       0      82       0       0       0       0       0       0       0      82       0
   88.000   249374.176       0   20563     140       0       0       0       3       0       0       0       0      82       0       0       0       0       0       0       0      82       0
   89.000   252854.912       0   20850     140       0       0       0       5       0       0       0       0      83       0       0       0       0       0       0       0      83       0
   90.000   254516.448       0   20987     140       0       0       0       1       0       0       0       0      81       0       0       0       0       0       0       0      81       0
   91.000   254516.448       0   20987     140       0       0       0       5       0       0       0       0      79       0       0       0       0       0       0       0      79       0
   92.000   258130.592       0   21285     140       0       0       0       4       0       0       0       0      80       0       0       0       0       0       0       0      80       0
   93.000   260374.272       0   21470     140       0       0       0       3       0       0       0       0      78       0       0       0       0       0       0       0      78       0
   94.000   259949.792       0   21435     140       0       0       0       4       0       0       0       0      74       0       0       0       0       0       0       0      74       0
   95.000   259222.112       0   21375     140       0       0       0       4       0       0       0       0      75       0       0       0       0       0       0       0      75       0
   96.000   259719.360       0   21416     140       0       0       0       7       0       0       0       0      74       0       0       0       0       0       0       0      74       0
   97.000   263648.832       0   21740     140       0       0       0       4       0       0       0       0      71       0       0       0       0       0       0       0      71       0
   98.000   266232.096       0   21953     140       0       0       0       3       0       0       0       0      70       0       0       0       0       0       0       0      70       0
   99.000   266911.264       0   22009     140       0       0       0       2       0       0       0       0      67       0       0       0       0       0       0       0      67       0
  100.000   261647.712       0   21575     140       0       0       0       4       0       0       0       0      67       0       0       0       0       0       0       0      67       0
  101.000   258130.592       0   21285     125       0       0       0       2       0       0       0       0      63       0       0       0       0       0       0       0      63       0
  102.000   258191.232       0   21290     120       0       0       0       5       0       0       0       0      61       0       0       0       0       0       0       0      61       0
  103.000   266256.352       0   21955     131       0       0       0      10       0       0       0       0      65       0       0       0       0       0       0       0      65       0
  104.000   270003.904       0   22264     139       0       0       0       4       0       0       0       0      67       0       0       0       0       0       0       0      67       0
  105.000   267457.024       0   22054     139       0       0       0       5       0       0       0       0      69       0       0       0       0       0       0       0      69       0
  106.000   270440.512       0   22300     139       0       0       0       6       0       0       0       0      72       0       0       0       0       0       0       0      72       0
  107.000   270646.688       0   22317     139       0       0       0       4       0       0       0       0      72       0       0       0       0       0       0       0      72       0
  108.000   265856.128       0   21922     140       0       0       0       2       0       0       0       0      70       0       0       0       0       0       0       0      70       0
  109.000   260240.864       0   21459     140       0       0       0       8       0       0       0       0      74       0       0       0       0       0       0       0      74       0
  110.000   269518.784       0   22224     140       0       0       0       7       0       0       0       0      75       0       0       0       0       0       0       0      75       0
  111.000   271616.928       0   22397     140       0       0       0       5       0       0       0       0      76       0       0       0       0       0       0       0      76       0
  112.000   268609.184       0   22149     140       0       0       0       4       0       0       0       0      75       0       0       0       0       0       0       0      75       0
  113.000   264509.920       0   21811     140       0       0       0       4       0       0       0       0      76       0       0       0       0       0       0       0      76       0
  114.000   254892.416       0   21018     140       0       0       0       4       0       0       0       0      76       0       0       0       0       0       0       0      76       0
  115.000   250708.256       0   20673     140       0       0       0       5       0       0       0       0      77       0       0       0       0       0       0       0      77       0
  116.000   253170.240       0   20876     140       0       0       0       5       0       0       0       0      79       0       0       0       0       0       0       0      79       0
  117.000   252709.376       0   20838     140       0       0       0       5       0       0       0       0      82       0       0       0       0       0       0       0      82       0
  118.000   254528.576       0   20988     140       0       0       0       4       0       0       0       0      78       0       0       0       0       0       0       0      78       0
  119.000   251241.888       0   20717     140       0       0       0       2       0       0       0       0      75       0       0       0       0       0       0       0      75       0
  120.000   250101.856       0   20623     140       0       0       0       0       0       0       0       0      71       0       0       0       0       0       0       0      71       0
  121.000   246317.920       0   20311     140       0       0       0       2       0       0       0       0      67       0       0       0       0       0       0       0      67       0
  122.000   245432.576       0   20238     122       0       0       0       2       0       0       0       0      63       0       0       0       0       0       0       0      63       0
  123.000   244438.080       0   20156     124       0       0       0       5       0       0       0       0      64       0       0       0       0       0       0       0      64       0
  124.000   239659.648       0   19762     120       0       0       0       3       0       0       0       0      63       0       0       0       0       0       0       0      63       0
  125.000   239162.400       0   19721     120       0       0       0       3       0       0       0       0      59       0       0       0       0       0       0       0      59       0
  126.000   226658.432       0   18690     120       0       0       0       2       0       0       0       0      54       0       0       0       0       0       0       0      54       0
  127.000   221552.544       0   18269     120       0       0       0       2       0       0       0       0      54       0       0       0       0       0       0       0      54       0
  128.000   222813.856       0   18373     120       0       0       0      12       0       0       0       0      56       0       0       0       0       0       0       0      56       0
  129.000   227495.264       0   18759     120       0       0       0       6       0       0       0       0      62       0       0       0       0       0       0       0      62       0
  130.000   225676.064       0   18609     120       0       0       0       1       0       0       0       0      61       0       0       0       0       0       0       0      61       0
  131.000   225106.048       0   18562     120       0       0       0       2       0       0       0       0      58       0       0       0       0       0       0       0      58       0
  132.000   225724.576       0   18613     120       0       0       0       3       0       0       0       0      54       0       0       0       0       0       0       0      54       0
  133.000   225336.480       0   18581     120       0       0       0       9       0       0       0       0      55       0       0       0       0       0       0       0      55       0
  134.000   223820.480       0   18456     120       0       0       0       4       0       0       0       0      59       0       0       0       0       0       0       0      59       0
  135.000   219866.752       0   18130     120       0       0       0       2       0       0       0       0      61       0       0       0       0       0       0       0      61       0
  136.000   218035.424       0   17979     120       0       0       0       2       0       0       0       0      61       0       0       0       0       0       0       0      61       0
  137.000   220934.016       0   18218     134       0       0       0       6       0       0       0       0      64       0       0       0       0       0       0       0      64       0
  138.000   218920.768       0   18052     139       0       0       0       4       0       0       0       0      66       0       0       0       0       0       0       0      66       0
  139.000   222158.944       0   18319     139       0       0       0       8       0       0       0       0      67       0       0       0       0       0       0       0      67       0
  140.000   231473.248       0   19087     139       0       0       0       2       0       0       0       0      70       0       0       0       0       0       0       0      70       0
  141.000   233243.936       0   19233     139       0       0       0       6       0       0       0       0      71       0       0       0       0       0       0       0      71       0
  142.000   231242.816       0   19068     140       0       0       0       3       0       0       0       0      74       0       0       0       0       0       0       0      74       0
  143.000   233146.912       0   19225     140       0       0       0       3       0       0       0       0      70       0       0       0       0       0       0       0      70       0
  144.000   231788.576       0   19113     122       0       0       0       5       0       0       0       0      64       0       0       0       0       0       0       0      64       0
  145.000   229484.256       0   18923     136       0       0       0       5       0       0       0       0      67       0       0       0       0       0       0       0      67       0
  146.000   226585.664       0   18684     139       0       0       0       0       0       0       0       0      67       0       0       0       0       0       0       0      67       0
  147.000   224560.288       0   18517     136       0       0       0       3       0       0       0       0      65       0       0       0       0       0       0       0      65       0
  148.000   226682.688       0   18692     139       0       0       0      10       0       0       0       0      68       0       0       0       0       0       0       0      68       0
  149.000   235584.640       0   19426     139       0       0       0       7       0       0       0       0      70       0       0       0       0       0       0       0      70       0
  150.000   239295.808       0   19732     139       0       0       0       4       0       0       0       0      71       0       0       0       0       0       0       0      71       0
  151.000   240169.024       0   19804     140       0       0       0       4       0       0       0       0      74       0       0       0       0       0       0       0      74       0
  152.000   242497.600       0   19996     140       0       0       0       4       0       0       0       0      72       0       0       0       0       0       0       0      72       0
  153.000   246269.408       0   20307     140       0       0       0       5       0       0       0       0      73       0       0       0       0       0       0       0      73       0
  154.000   249180.128       0   20547     140       0       0       0       4       0       0       0       0      72       0       0       0       0       0       0       0      72       0
  155.000   252200.000       0   20796     140       0       0       0       5       0       0       0       0      70       0       0       0       0       0       0       0      70       0
  156.000   260653.216       0   21493     140       0       0       0       7       0       0       0       0      73       0       0       0       0       0       0       0      73       0
  157.000   260398.528       0   21472     140       0       0       0       2       0       0       0       0      72       0       0       0       0       0       0       0      72       0
  158.000   253837.280       0   20931     140       0       0       0       4       0       0       0       0      71       0       0       0       0       0       0       0      71       0
  159.000   260083.200       0   21446     140       0       0       0       7       0       0       0       0      75       0       0       0       0       0       0       0      75       0
  160.000   258931.040       0   21351     140       0       0       0       6       0       0       0       0      76       0       0       0       0       0       0       0      76       0
  161.000   263030.304       0   21689     140       0       0       0       5       0       0       0       0      80       0       0       0       0       0       0       0      80       0
  162.000   262605.824       0   21654     140       0       0       0       4       0       0       0       0      82       0       0       0       0       0       0       0      82       0
  163.000   263903.520       0   21761     140       0       0       0       6       0       0       0       0      80       0       0       0       0       0       0       0      80       0
  164.000   255159.232       0   21040     140       0       0       0       2       0       0       0       0      75       0       0       0       0       0       0       0      75       0
  165.000   256408.416       0   21143     140       0       0       0       6       0       0       0       0      75       0       0       0       0       0       0       0      75       0
  166.000   256080.960       0   21116     140       0       0       0       2       0       0       0       0      73       0       0       0       0       0       0       0      73       0
  167.000   256032.448       0   21112     140       0       0       0       5       0       0       0       0      73       0       0       0       0       0       0       0      73       0
  168.000   251351.040       0   20726     140       0       0       0       5       0       0       0       0      74       0       0       0       0       0       0       0      74       0
  169.000   253546.208       0   20907     140       0       0       0       5       0       0       0       0      75       0       0       0       0       0       0       0      75       0
  170.000   255050.080       0   21031     140       0       0       0       4       0       0       0       0      76       0       0       0       0       0       0       0      76       0
  171.000   254880.288       0   21017     140       0       0       0       8       0       0       0       0      75       0       0       0       0       0       0       0      75       0
  172.000   254916.672       0   21020     140       0       0       0       2       0       0       0       0      75       0       0       0       0       0       0       0      75       0
  173.000   257427.168       0   21227     140       0       0       0       6       0       0       0       0      78       0       0       0       0       0       0       0      78       0
  174.000   263066.688       0   21692     140       0       0       0       7       0       0       0       0      76       0       0       0       0       0       0       0      76       0
  175.000   262387.520       0   21636     140       0       0       0       2       0       0       0       0      74       0       0       0       0       0       0       0      74       0
  176.000   260568.320       0   21486     140       0       0       0       3       0       0       0       0      71       0       0       0       0       0       0       0      71       0
  177.000   265941.024       0   21929     140       0       0       0       5       0       0       0       0      71       0       0       0       0       0       0       0      71       0
  178.000   269009.408       0   22182     140       0       0       0       5       0       0       0       0      70       0       0       0       0       0       0       0      70       0
  179.000   273436.128       0   22547     140       0       0       0       8       0       0       0       0      73       0       0       0       0       0       0       0      73       0
  180.000   278784.576       0   22988     140       0       0       0       2       0       0       0       0      74       0       0       0       0       0       0       0      74       0
  181.000   279184.800       0   23021     140       0       0       0       4       0       0       0       0      74       0       0       0       0       0       0       0      74       0
  182.000   277074.528       0   22847     140       0       0       0       8       0       0       0       0      78       0       0       0       0       0       0       0      78       0
  183.000   277535.392       0   22885     140       0       0       0       4       0       0       0       0      76       0       0       0       0       0       0       0      76       0
  184.000   280155.040       0   23101     140       0       0       0       3       0       0       0       0      76       0       0       0       0       0       0       0      76       0
  185.000   280700.800       0   23146     140       0       0       0       4       0       0       0       0      74       0       0       0       0       0       0       0      74       0
  186.000   279827.584       0   23074     140       0       0       0       3       0       0       0       0      72       0       0       0       0       0       0       0      72       0
  187.000   280494.624       0   23129     140       0       0       0       2       0       0       0       0      70       0       0       0       0       0       0       0      70       0
  188.000   287625.888       0   23717     140       0       0       0       6       0       0       0       0      70       0       0       0       0       0       0       0      70       0
  189.000   288693.152       0   23805     140       0       0       0      10       0       0       0       0      70       0       0       0       0       0       0       0      70       0
  190.000   291531.104       0   24039     140       0       0       0       6       0       0       0       0      73       0       0       0       0       0       0       0      73       0
  191.000   293495.840       0   24201     140       0       0       0       4       0       0       0       0      78       0       0       0       0       0       0       0      78       0
  192.000   286012.864       0   23584     140       0       0       0       3       0       0       0       0      77       0       0       0       0       0       0       0      77       0
  193.000   287177.152       0   23680     140       0       0       0       9       0       0       0       0      79       0       0       0       0       0       0       0      79       0
  194.000   279960.992       0   23085     140       0       0       0       5       0       0       0       0      79       0       0       0       0       0       0       0      79       0
  195.000   278153.920       0   22936     140       0       0       0       6       0       0       0       0      80       0       0       0       0       0       0       0      80       0
  196.000   277547.520       0   22886     140       0       0       0       5       0       0       0       0      82       0       0       0       0       0       0       0      82       0
  197.000   277244.320       0   22861     140       0       0       0       6       0       0       0       0      80       0       0       0       0       0       0       0      80       0
  198.000   278141.792       0   22935     140       0       0       0       5       0       0       0       0      82       0       0       0       0       0       0       0      82       0
  199.000   270549.664       0   22309     140       0       0       0       9       0       0       0       0      84       0       0       0       0       0       0       0      84       0
  200.000   269118.560       0   22191     140       0       0       0       5       0       0       0       0      88       0       0       0       0       0       0       0      88       0
  201.000   271095.424       0   22354     140       0       0       0       7       0       0       0       0      88       0       0       0       0       0       0       0      88       0
  202.000   274636.800       0   22646     140       0       0       0       3       0       0       0       0      92       0       0       0       0       0       0       0      92       0
  203.000   270513.280       0   22306     140       0       0       0       7       0       0       0       0      93       0       0       0       0       0       0       0      93       0
  204.000   266826.368       0   22002     140       0       0       0       1       0       0       0       0      91       0       0       0       0       0       0       0      91       0
  205.000   262533.056       0   21648     140       0       0       0       3       0       0       0       0      86       0       0       0       0       0       0       0      86       0
  206.000   257330.144       0   21219     140       0       0       0       7       0       0       0       0      84       0       0       0       0       0       0       0      84       0
  207.000   263187.968       0   21702     140       0       0       0      10       0       0       0       0      90       0       0       0       0       0       0       0      90       0
  208.000   264691.840       0   21826     140       0       0       0       0       0       0       0       0      86       0       0       0       0       0       0       0      86       0
  209.000   260192.352       0   21455     140       0       0       0       9       0       0       0       0      86       0       0       0       0       0       0       0      86       0
  210.000   254649.856       0   20998     140       0       0       0       2       0       0       0       0      84       0       0       0       0       0       0       0      84       0
  211.000   251666.368       0   20752     140       0       0       0       8       0       0       0       0      85       0       0       0       0       0       0       0      85       0
  212.000   257875.904       0   21264     140       0       0       0       5       0       0       0       0      86       0       0       0       0       0       0       0      86       0
  213.000   260920.032       0   21515     140       0       0       0       7       0       0       0       0      87       0       0       0       0       0       0       0      87       0
  214.000   265225.472       0   21870     140       0       0       0       7       0       0       0       0      86       0       0       0       0       0       0       0      86       0
  215.000   274272.960       0   22616     140       0       0       0       4       0       0       0       0      85       0       0       0       0       0       0       0      85       0
  216.000   270610.304       0   22314     140       0       0       0       7       0       0       0       0      87       0       0       0       0       0       0       0      87       0
  217.000   264473.536       0   21808     140       0       0       0       4       0       0       0       0      86       0       0       0       0       0       0       0      86       0
  218.000   263479.040       0   21726     140       0       0       0       5       0       0       0       0      84       0       0       0       0       0       0       0      84       0
  219.000   260544.064       0   21484     140       0       0       0       5       0       0       0       0      84       0       0       0       0       0       0       0      84       0
  220.000   264267.360       0   21791     140       0       0       0       6       0       0       0       0      89       0       0       0       0       0       0       0      89       0
  221.000   266632.320       0   21986     140       0       0       0       6       0       0       0       0      88       0       0       0       0       0       0       0      88       0
  222.000   269130.688       0   22192     140       0       0       0       4       0       0       0       0      85       0       0       0       0       0       0       0      85       0
  223.000   273521.024       0   22554     140       0       0       0       4       0       0       0       0      86       0       0       0       0       0       0       0      86       0
  224.000   278420.736       0   22958     140       0       0       0       5       0       0       0       0      84       0       0       0       0       0       0       0      84       0
  225.000   276528.768       0   22802     140       0       0       0       4       0       0       0       0      84       0       0       0       0       0       0       0      84       0
  226.000   274879.360       0   22666     140       0       0       0       6       0       0       0       0      83       0       0       0       0       0       0       0      83       0
  227.000   275473.632       0   22715     140       0       0       0       3       0       0       0       0      81       0       0       0       0       0       0       0      81       0
  228.000   279427.360       0   23041     140       0       0       0       7       0       0       0       0      81       0       0       0       0       0       0       0      81       0
  229.000   276880.480       0   22831     140       0       0       0       4       0       0       0       0      79       0       0       0       0       0       0       0      79       0
  230.000   273363.360       0   22541     140       0       0       0       5       0       0       0       0      77       0       0       0       0       0       0       0      77       0
  231.000   273048.032       0   22515     140       0       0       0       1       0       0       0       0      75       0       0       0       0       0       0       0      75       0
  232.000   277741.568       0   22902     140       0       0       0       7       0       0       0       0      75       0       0       0       0       0       0       0      75       0
  233.000   277426.240       0   22876     140       0       0       0       5       0       0       0       0      77       0       0       0       0       0       0       0      77       0
  234.000   277668.800       0   22896     140       0       0       0       7       0       0       0       0      79       0       0       0       0       0       0       0      79       0
  235.000   278129.664       0   22934     140       0       0       0       8       0       0       0       0      78       0       0       0       0       0       0       0      78       0
  236.000   279148.416       0   23018     140       0       0       0       4       0       0       0       0      80       0       0       0       0       0       0       0      80       0
  237.000   274527.648       0   22637     140       0       0       0       5       0       0       0       0      78       0       0       0       0       0       0       0      78       0
  238.000   278736.064       0   22984     140       0       0       0       3       0       0       0       0      78       0       0       0       0       0       0       0      78       0
  239.000   280215.680       0   23106     140       0       0       0       5       0       0       0       0      78       0       0       0       0       0       0       0      78       0
  240.000   278784.576       0   22988     140       0       0       0       4       0       0       0       0      77       0       0       0       0       0       0       0      77       0
  241.000   275364.480       0   22706     140       0       0       0       2       0       0       0       0      76       0       0       0       0       0       0       0      76       0
  242.000   278093.280       0   22931     140       0       0       0       8       0       0       0       0      78       0       0       0       0       0       0       0      78       0
  243.000   280336.960       0   23116     140       0       0       0       3       0       0       0       0      76       0       0       0       0       0       0       0      76       0
  244.000   281452.736       0   23208     140       0       0       0       4       0       0       0       0      76       0       0       0       0       0       0       0      76       0
  245.000   281949.984       0   23249     140       0       0       0       5       0       0       0       0      76       0       0       0       0       0       0       0      76       0
  246.000   272817.600       0   22496     140       0       0       0       2       0       0       0       0      75       0       0       0       0       0       0       0      75       0
  247.000   274685.312       0   22650     140       0       0       0       5       0       0       0       0      74       0       0       0       0       0       0       0      74       0
  248.000   277535.392       0   22885     140       0       0       0       2       0       0       0       0      72       0       0       0       0       0       0       0      72       0
  249.000   275497.888       0   22717     140       0       0       0       8       0       0       0       0      72       0       0       0       0       0       0       0      72       0
  250.000   271810.976       0   22413     140       0       0       0       2       0       0       0       0      69       0       0       0       0       0       0       0      69       0
  251.000   272150.560       0   22441     124       0       0       0       1       0       0       0       0      64       0       0       0       0       0       0       0      64       0
  252.000   266486.784       0   21974     132       0       0       0       6       0       0       0       0      65       0       0       0       0       0       0       0      65       0
  253.000   262896.896       0   21678     122       0       0       0       2       0       0       0       0      64       0       0       0       0       0       0       0      64       0
  254.000   265067.808       0   21857     122       0       0       0       6       0       0       0       0      64       0       0       0       0       0       0       0      64       0
  255.000   261477.920       0   21561     120       0       0       0       1       0       0       0       0      63       0       0       0       0       0       0       0      63       0
  256.000   258106.336       0   21283     120       0       0       0       1       0       0       0       0      60       0       0       0       0       0       0       0      60       0
  257.000   255874.784       0   21099     120       0       0       0       3       0       0       0       0      57       0       0       0       0       0       0       0      57       0
  258.000   253109.600       0   20871     120       0       0       0       7       0       0       0       0      57       0       0       0       0       0       0       0      57       0
  259.000   265140.576       0   21863     120       0       0       0       6       0       0       0       0      60       0       0       0       0       0       0       0      60       0
  260.000   260495.552       0   21480     120       0       0       0       4       0       0       0       0      60       0       0       0       0       0       0       0      60       0
  261.000   262533.056       0   21648     120       0       0       0       5       0       0       0       0      63       0       0       0       0       0       0       0      63       0
  262.000   263551.808       0   21732     120       0       0       0       4       0       0       0       0      64       0       0       0       0       0       0       0      64       0
  263.000   264776.736       0   21833     133       0       0       0       6       0       0       0       0      65       0       0       0       0       0       0       0      65       0
  264.000   264534.176       0   21813     135       0       0       0       8       0       0       0       0      65       0       0       0       0       0       0       0      65       0
  265.000   268572.800       0   22146     139       0       0       0       3       0       0       0       0      68       0       0       0       0       0       0       0      68       0
  266.000   269955.392       0   22260     139       0       0       0       5       0       0       0       0      69       0       0       0       0       0       0       0      69       0
  267.000   274139.552       0   22605     139       0       0       0       7       0       0       0       0      71       0       0       0       0       0       0       0      71       0
  268.000   270149.440       0   22276     139       0       0       0       5       0       0       0       0      73       0       0       0       0       0       0       0      73       0
  269.000   265856.128       0   21922     140       0       0       0       3       0       0       0       0      72       0       0       0       0       0       0       0      72       0
  270.000   262035.808       0   21607     140       0       0       0       4       0       0       0       0      74       0       0       0       0       0       0       0      74       0
  271.000   259573.824       0   21404     140       0       0       0       3       0       0       0       0      77       0       0       0       0       0       0       0      77       0
  272.000   260689.600       0   21496     140       0       0       0       4       0       0       0       0      78       0       0       0       0       0       0       0      78       0
  273.000   255886.912       0   21100     140       0       0       0       6       0       0       0       0      78       0       0       0       0       0       0       0      78       0
  274.000   253994.944       0   20944     140       0       0       0       6       0       0       0       0      76       0       0       0       0       0       0       0      76       0
  275.000   261964.800       0   21600     140       0       0       0       7       0       0       0       0      79       0       0       0       0       0       0       0      79       0
