  TimeSec      LoaKbps LoaUsag Packets DlyUsec LoaDrps MetDrps TabDrps FloMods MetMods GroMods  PktsIn PktsOut FloEntr FloUsag MetEntr MetUsag GroEntr GroUsag BufPkts BufUsag  T0Entr  T0Usag
    1.000        0.000       0       0      34       0       0       0       3       0       2       0       0       3       2       0       0       2       0       0       0       3       2
    2.000       17.312       0       2      39       0       0       0       0       0       0       0       0       3       2       0       0       2       0       0       0       3       2
    3.000       17.312       0       2      39       0       0       0       0       0       0       0       0       3       2       0       0       2       0       0       0       3       2
    4.000       17.312       0       2      39       0       0       0       0       0       0       0       0       3       2       0       0       2       0       0       0       3       2
    5.000       17.312       0       2      39       0       0       0       0       0       0       0       0       3       2       0       0       2       0       0       0       3       2
    6.000       17.312       0       2      40       0       0       0       0       0       0       0       0       3       2       0       0       2       0       0       0       3       2
    7.000       17.312       0       2      40       0       0       0       0       0       0       0       0       3       2       0       0       2       0       0       0       3       2
    8.000       17.312       0       2      40       0       0       0       0       0       0       0       0       3       2       0       0       2       0       0       0       3       2
    9.000       17.312       0       2      40       0       0       0       0       0       0       0       0       3       2       0       0       2       0       0       0       3       2
   10.000       17.312       0       2      40       0       0       0       0       0       0       0       0       3       2       0       0       2       0       0       0       3       2
   11.000       17.312       0       2      99       0       0       0      83       0       0       0       0      52      26       0       0       2       0       0       0      52      26
   12.000    38184.128       4    3149     135       0       0       0       0       0       0       0       0      82      41       0       0       2       0       0       0      82      41
   13.000    76387.328       8    6299     139       0       0       0       0       0       0       0       0      86      43       0       0       2       0       0       0      86      43
   14.000    76326.688       8    6294     139       0       0       0       0       0       0       0       0      86      43       0       0       2       0       0       0      86      43
   15.000    76241.792       8    6287     139       0       0       0       0       0       0       0       0      86      43       0       0       2       0       0       0      86      43
   16.000    76108.384       8    6276     139       0       0       0       0       0       0       0       0      86      43       0       0       2       0       0       0      86      43
   17.000    75974.976       8    6265     140       0       0       0       0       0       0       0       0      86      43       0       0       2       0       0       0      86      43
   18.000    75877.952       8    6257     140       0       0       0       0       0       0       0       0      86      43       0       0       2       0       0       0      86      43
   19.000    74180.032       7    6117     140       0       0       0       0       0       0       0       0      86      43       0       0       2       0       0       0      86      43
   20.000    73901.088       7    6094     140       0       0       0       0       0       0       0       0      86      43       0       0       2       0       0       0      86      43
   21.000    71815.072       7    5922     151       0       0       0     114       0       0       0       0     148      74       0       0       2       0       0       0     148      74
   22.000   124001.856      12   10225     159       0       0       0       0       0       0       0       0     194      97       0       0       2       0       0       0     194      97
   23.000   178056.352      18   14682     159       0       0       0       0       0       0       0       0     199     100       0       0       2       0       0       0     199     100
   24.000   176661.632      18   14567     159       0       0       0       0       0       0       0       0     200     100       0       0       2       0       0       0     200     100
   25.000   175727.776      18   14490     159       0       0       0       0       0       0       0       0     200     100       0       0       2       0       0       0     200     100
   26.000   175473.088      18   14469     160       0       0       0       0       0       0       0       0     198      99       0       0       2       0       0       0     198      99
   27.000   174721.152      17   14407     160       0       0       0       0       0       0       0       0     197      99       0       0       2       0       0       0     197      99
   28.000   174951.584      17   14426     160       0       0       0       0       0       0       0       0     197      99       0       0       2       0       0       0     197      99
   29.000   170791.680      17   14083     160       0       0       0       0       0       0       0       0     197      99       0       0       2       0       0       0     197      99
   30.000   168281.184      17   13876     160       0       0       0       0       0       0       0       0     196      98       0       0       2       0       0       0     196      98
   31.000   167480.736      17   13810     160       0       0       0       4       0       0       0       0     198      99       0       0       2       0       0       0     198      99
   32.000   176176.512      18   14527     160       0       0       0       0       0       0       0       0     200     100       0       0       2       0       0       0     200     100
   33.000   184205.248      18   15189     160       0       0       0       0       0       0       0       0     200     100       0       0       2       0       0       0     200     100
   34.000   181464.320      18   14963     160       0       0       0       0       0       0       0       0     198      99       0       0       2       0       0       0     198      99
   35.000   176576.736      18   14560     160       0       0       0       0       0       0       0       0     197      99       0       0       2       0       0       0     197      99
   36.000   174854.560      17   14418     160       0       0       0       0       0       0       0       0     189      95       0       0       2       0       0       0     189      95
   37.000   170900.832      17   14092     160       0       0       0       0       0       0       0       0     180      90       0       0       2       0       0       0     180      90
   38.000   167298.816      17   13795     160       0       0       0       0       0       0       0       0     176      88       0       0       2       0       0       0     176      88
   39.000   165819.200      17   13673     160       0       0       0       0       0       0       0       0     174      87       0       0       2       0       0       0     174      87
   40.000   163721.056      16   13500     160       0       0       0       0       0       0       0       0     172      86       0       0       2       0       0       0     172      86
   41.000   160943.744      16   13271     160       0       0       0      28       0       0       0       0     188      94       0       0       2       0       0       0     188      94
   42.000   199692.704      20   16466     160       0       0       0       0       0       0       0       0     198      99       0       0       2       0       0       0     198      99
   43.000   238684.224      24   19681     160       0       0       0       0       0       0       0       0     199     100       0       0       2       0       0       0     199     100
   44.000   234985.184      23   19376     160       0       0       0       0       0       0       0       0     195      98       0       0       2       0       0       0     195      98
   45.000   225913.440      23   18628     160       0       0       0       0       0       0       0       0     193      97       0       0       2       0       0       0     193      97
   46.000   218903.456      22   18050     160       0       0       0       0       0       0       0       0     192      96       0       0       2       0       0       0     192      96
   47.000   218078.752      22   17982     160       0       0       0       0       0       0       0       0     190      95       0       0       2       0       0       0     190      95
   48.000   216198.912      22   17827     160       0       0       0       0       0       0       0       0     189      95       0       0       2       0       0       0     189      95
   49.000   212184.544      21   17496     160       0       0       0       0       0       0       0       0     186      93       0       0       2       0       0       0     186      93
   50.000   210134.912      21   17327     160       0       0       0       0       0       0       0       0     183      92       0       0       2       0       0       0     183      92
   51.000   209516.384      21   17276     160       0       0       0      19       0       0       0       0     191      96       0       0       2       0       0       0     191      96
   52.000   241788.992      24   19937     160       0       0       0       0       0       0       0       0     195      98       0       0       2       0       0       0     195      98
   53.000   269307.424      27   22206     160       0       0       0       0       0       0       0       0     194      97       0       0       2       0       0       0     194      97
   54.000   265147.520      27   21863     160       0       0       0       0       0       0       0       0     193      97       0       0       2       0       0       0     193      97
   55.000   265001.984      27   21851     160       0       0       0       0       0       0       0       0     190      95       0       0       2       0       0       0     190      95
   56.000   261545.504      26   21566     160       0       0       0       0       0       0       0       0     186      93       0       0       2       0       0       0     186      93
   57.000   261278.688      26   21544     160       0       0       0       0       0       0       0       0     182      91       0       0       2       0       0       0     182      91
   58.000   260599.520      26   21488     160       0       0       0       0       0       0       0       0     178      89       0       0       2       0       0       0     178      89
   59.000   255154.048      26   21039     160       0       0       0       0       0       0       0       0     174      87       0       0       2       0       0       0     174      87
   60.000   252995.264      25   20861     160       0       0       0       0       0       0       0       0     171      86       0       0       2       0       0       0     171      86
   61.000   250606.048      25   20664     160       0       0       0      31       0       0       0       0     186      93       0       0       2       0       0       0     186      93
   62.000   287050.688      29   23669     160       0       0       0       0       0       0       0       0     197      99       0       0       2       0       0       0     197      99
   63.000   318340.928      32   26249     160       0       0       0       0       0       0       0       0     195      98       0       0       2       0       0       0     195      98
   64.000   313489.728      31   25849     160       0       0       0       0       0       0       0       0     192      96       0       0       2       0       0       0     192      96
   65.000   307280.192      31   25337     160       0       0       0       0       0       0       0       0     190      95       0       0       2       0       0       0     190      95
   66.000   300039.776      30   24740     160       0       0       0       0       0       0       0       0     189      95       0       0       2       0       0       0     189      95
   67.000   295394.752      30   24357     160       0       0       0       0       0       0       0       0     189      95       0       0       2       0       0       0     189      95
   68.000   290458.656      29   23950     160       0       0       0       0       0       0       0       0     188      94       0       0       2       0       0       0     188      94
   69.000   284819.136      28   23485     160       0       0       0       0       0       0       0       0     187      94       0       0       2       0       0       0     187      94
   70.000   281010.944      28   23171     160       0       0       0       0       0       0       0       0     186      93       0       0       2       0       0       0     186      93
   71.000   279591.968      28   23054     160       0       0       0      14       0       0       0       0     191      96       0       0       2       0       0       0     191      96
   72.000   296243.712      30   24427     160       0       0       0       0       0       0       0       0     195      98       0       0       2       0       0       0     195      98
   73.000   312531.616      31   25770     160       0       0       0       0       0       0       0       0     196      98       0       0       2       0       0       0     196      98
   74.000   308189.792      31   25412     160       0       0       0       0       0       0       0       0     192      96       0       0       2       0       0       0     192      96
   75.000   302732.192      30   24962     160       0       0       0       0       0       0       0       0     190      95       0       0       2       0       0       0     190      95
   76.000   298414.624      30   24606     160       0       0       0       0       0       0       0       0     187      94       0       0       2       0       0       0     187      94
   77.000   290895.264      29   23986     160       0       0       0       0       0       0       0       0     185      93       0       0       2       0       0       0     185      93
   78.000   285947.040      29   23578     160       0       0       0       0       0       0       0       0     182      91       0       0       2       0       0       0     182      91
   79.000   284988.928      28   23499     160       0       0       0       0       0       0       0       0     177      89       0       0       2       0       0       0     177      89
   80.000   281156.480      28   23183     160       0       0       0       0       0       0       0       0     173      87       0       0       2       0       0       0     173      87
   81.000   275577.600      28   22723     160       0       0       0      29       0       0       0       0     186      93       0       0       2       0       0       0     186      93
   82.000   299299.968      30   24679     160       0       0       0       0       0       0       0       0     193      97       0       0       2       0       0       0     193      97
   83.000   315054.240      32   25978     160       0       0       0       0       0       0       0       0     192      96       0       0       2       0       0       0     192      96
   84.000   309269.184      31   25501     160       0       0       0       0       0       0       0       0     188      94       0       0       2       0       0       0     188      94
   85.000   306043.136      31   25235     160       0       0       0       0       0       0       0       0     186      93       0       0       2       0       0       0     186      93
   86.000   297626.304      30   24541     160       0       0       0       0       0       0       0       0     183      92       0       0       2       0       0       0     183      92
   87.000   290119.072      29   23922     160       0       0       0       0       0       0       0       0     180      90       0       0       2       0       0       0     180      90
   88.000   280356.032      28   23117     160       0       0       0       0       0       0       0       0     179      90       0       0       2       0       0       0     179      90
   89.000   271490.464      27   22386     160       0       0       0       0       0       0       0       0     176      88       0       0       2       0       0       0     176      88
   90.000   263971.104      26   21766     160       0       0       0       0       0       0       0       0     173      87       0       0       2       0       0       0     173      87
   91.000   252049.280      25   20783     160       0       0       0      27       0       0       0       0     186      93       0       0       2       0       0       0     186      93
   92.000   273176.256      27   22525     160       0       0       0       0       0       0       0       0     192      96       0       0       2       0       0       0     192      96
   93.000   295419.008      30   24359     160       0       0       0       0       0       0       0       0     192      96       0       0       2       0       0       0     192      96
   94.000   289524.800      29   23873     160       0       0       0       0       0       0       0       0     190      95       0       0       2       0       0       0     190      95
   95.000   280562.208      28   23134     160       0       0       0       0       0       0       0       0     189      95       0       0       2       0       0       0     189      95
   96.000   276584.224      28   22806     160       0       0       0       0       0       0       0       0     185      93       0       0       2       0       0       0     185      93
   97.000   269089.120      27   22188     160       0       0       0       0       0       0       0       0     182      91       0       0       2       0       0       0     182      91
   98.000   262527.872      26   21647     160       0       0       0       0       0       0       0       0     174      87       0       0       2       0       0       0     174      87
   99.000   260866.336      26   21510     160       0       0       0       0       0       0       0       0     171      86       0       0       2       0       0       0     171      86
  100.000   255966.624      26   21106     160       0       0       0       0       0       0       0       0     168      84       0       0       2       0       0       0     168      84
  101.000   250897.120      25   20688     160       0       0       0      34       0       0       0       0     184      92       0       0       2       0       0       0     184      92
  102.000   276984.448      28   22839     160       0       0       0       0       0       0       0       0     193      97       0       0       2       0       0       0     193      97
  103.000   306989.120      31   25313     160       0       0       0       0       0       0       0       0     190      95       0       0       2       0       0       0     190      95
  104.000   301749.824      30   24881     160       0       0       0       0       0       0       0       0     185      93       0       0       2       0       0       0     185      93
  105.000   298378.240      30   24603     160       0       0       0       0       0       0       0       0     181      91       0       0       2       0       0       0     181      91
  106.000   294800.480      29   24308     160       0       0       0       0       0       0       0       0     174      87       0       0       2       0       0       0     174      87
  107.000   291829.120      29   24063     160       0       0       0       0       0       0       0       0     169      85       0       0       2       0       0       0     169      85
  108.000   287547.936      29   23710     160       0       0       0       0       0       0       0       0     167      84       0       0       2       0       0       0     167      84
  109.000   284006.560      28   23418     160       0       0       0       0       0       0       0       0     164      82       0       0       2       0       0       0     164      82
  110.000   273722.016      27   22570     160       0       0       0       0       0       0       0       0     160      80       0       0       2       0       0       0     160      80
  111.000   264589.632      26   21817     160       0       0       0      42       0       0       0       0     179      90       0       0       2       0       0       0     179      90
  112.000   307340.832      31   25342     160       0       0       0       0       0       0       0       0     191      96       0       0       2       0       0       0     191      96
  113.000   349158.176      35   28790     160       0       0       0       0       0       0       0       0     187      94       0       0       2       0       0       0     187      94
  114.000   341214.336      34   28135     160       0       0       0       0       0       0       0       0     185      93       0       0       2       0       0       0     185      93
  115.000   334592.448      33   27589     160       0       0       0       0       0       0       0       0     183      92       0       0       2       0       0       0     183      92
  116.000   327970.560      33   27043     160       0       0       0       0       0       0       0       0     181      91       0       0       2       0       0       0     181      91
  117.000   320887.808      32   26459     160       0       0       0       0       0       0       0       0     174      87       0       0       2       0       0       0     174      87
  118.000   314993.600      31   25973     160       0       0       0       0       0       0       0       0     171      86       0       0       2       0       0       0     171      86
  119.000   300476.384      30   24776     160       0       0       0       0       0       0       0       0     169      85       0       0       2       0       0       0     169      85
  120.000   297153.312      30   24502     160       0       0       0       0       0       0       0       0     166      83       0       0       2       0       0       0     166      83
  121.000   295431.136      30   24360     160       0       0       0      35       0       0       0       0     184      92       0       0       2       0       0       0     184      92
  122.000   339661.952      34   28007     160       0       0       0       0       0       0       0       0     195      98       0       0       2       0       0       0     195      98
  123.000   372698.624      37   30731     160       0       0       0       0       0       0       0       0     194      97       0       0       2       0       0       0     194      97
  124.000   356932.224      36   29431     160       0       0       0       0       0       0       0       0     192      96       0       0       2       0       0       0     192      96
  125.000   340037.920      34   28038     160       0       0       0       0       0       0       0       0     187      94       0       0       2       0       0       0     187      94
  126.000   327388.416      33   26995     160       0       0       0       0       0       0       0       0     179      90       0       0       2       0       0       0     179      90
  127.000   323980.448      32   26714     160       0       0       0       0       0       0       0       0     176      88       0       0       2       0       0       0     176      88
  128.000   321081.856      32   26475     160       0       0       0       0       0       0       0       0     173      87       0       0       2       0       0       0     173      87
  129.000   317528.352      32   26182     160       0       0       0       0       0       0       0       0     170      85       0       0       2       0       0       0     170      85
  130.000   313016.736      31   25810     160       0       0       0       0       0       0       0       0     167      84       0       0       2       0       0       0     167      84
  131.000   300306.592      30   24762     160       0       0       0      35       0       0       0       0     184      92       0       0       2       0       0       0     184      92
  132.000   329401.664      33   27161     160       0       0       0       0       0       0       0       0     193      97       0       0       2       0       0       0     193      97
  133.000   364366.688      36   30044     160       0       0       0       0       0       0       0       0     193      97       0       0       2       0       0       0     193      97
  134.000   358921.216      36   29595     160       0       0       0       0       0       0       0       0     189      95       0       0       2       0       0       0     189      95
  135.000   352954.240      35   29103     160       0       0       0       0       0       0       0       0     186      93       0       0       2       0       0       0     186      93
  136.000   344294.848      34   28389     160       0       0       0       0       0       0       0       0     185      93       0       0       2       0       0       0     185      93
  137.000   331560.448      33   27339     160       0       0       0       0       0       0       0       0     185      93       0       0       2       0       0       0     185      93
  138.000   327861.408      33   27034     160       0       0       0       0       0       0       0       0     179      90       0       0       2       0       0       0     179      90
  139.000   317928.576      32   26215     160       0       0       0       0       0       0       0       0     174      87       0       0       2       0       0       0     174      87
  140.000   311985.856      31   25725     160       0       0       0       0       0       0       0       0     169      85       0       0       2       0       0       0     169      85
  141.000   309633.024      31   25531     160       0       0       0      33       0       0       0       0     185      93       0       0       2       0       0       0     185      93
  142.000   341129.440      34   28128     160       0       0       0       0       0       0       0       0     196      98       0       0       2       0       0       0     196      98
  143.000   369690.880      37   30483     160       0       0       0       0       0       0       0       0     196      98       0       0       2       0       0       0     196      98
  144.000   359163.776      36   29615     160       0       0       0       0       0       0       0       0     195      98       0       0       2       0       0       0     195      98
  145.000   351268.448      35   28964     160       0       0       0       0       0       0       0       0     193      97       0       0       2       0       0       0     193      97
  146.000   340050.048      34   28039     160       0       0       0       0       0       0       0       0     188      94       0       0       2       0       0       0     188      94
  147.000   328298.016      33   27070     160       0       0       0       0       0       0       0       0     185      93       0       0       2       0       0       0     185      93
  148.000   320342.048      32   26414     160       0       0       0       0       0       0       0       0     185      93       0       0       2       0       0       0     185      93
  149.000   313889.952      31   25882     160       0       0       0       0       0       0       0       0     182      91       0       0       2       0       0       0     182      91
  150.000   299882.112      30   24727     160       0       0       0       0       0       0       0       0     180      90       0       0       2       0       0       0     180      90
  151.000   294436.640      29   24278     160       0       0       0      20       0       0       0       0     190      95       0       0       2       0       0       0     190      95
  152.000   319189.888      32   26319     160       0       0       0       0       0       0       0       0     193      97       0       0       2       0       0       0     193      97
  153.000   343567.168      34   28329     160       0       0       0       0       0       0       0       0     192      96       0       0       2       0       0       0     192      96
  154.000   333767.744      33   27521     160       0       0       0       0       0       0       0       0     187      94       0       0       2       0       0       0     187      94
  155.000   327740.128      33   27024     160       0       0       0       0       0       0       0       0     184      92       0       0       2       0       0       0     184      92
  156.000   322512.960      32   26593     160       0       0       0       0       0       0       0       0     183      92       0       0       2       0       0       0     183      92
  157.000   315830.432      32   26042     160       0       0       0       0       0       0       0       0     180      90       0       0       2       0       0       0     180      90
  158.000   308941.728      31   25474     160       0       0       0       0       0       0       0       0     178      89       0       0       2       0       0       0     178      89
  159.000   304599.904      30   25116     160       0       0       0       0       0       0       0       0     172      86       0       0       2       0       0       0     172      86
  160.000   292714.464      29   24136     160       0       0       0       0       0       0       0       0     169      85       0       0       2       0       0       0     169      85
  161.000   283800.384      28   23401     160       0       0       0      32       0       0       0       0     184      92       0       0       2       0       0       0     184      92
  162.000   301992.384      30   24901     160       0       0       0       0       0       0       0       0     191      96       0       0       2       0       0       0     191      96
  163.000   323652.992      32   26687     160       0       0       0       0       0       0       0       0     189      95       0       0       2       0       0       0     189      95
  164.000   322731.264      32   26611     160       0       0       0       0       0       0       0       0     186      93       0       0       2       0       0       0     186      93
  165.000   316533.856      32   26100     160       0       0       0       0       0       0       0       0     182      91       0       0       2       0       0       0     182      91
  166.000   308104.896      31   25405     160       0       0       0       0       0       0       0       0     180      90       0       0       2       0       0       0     180      90
  167.000   297553.536      30   24535     160       0       0       0       0       0       0       0       0     178      89       0       0       2       0       0       0     178      89
  168.000   281629.472      28   23222     160       0       0       0       0       0       0       0       0     176      88       0       0       2       0       0       0     176      88
  169.000   276317.408      28   22784     160       0       0       0       0       0       0       0       0     172      86       0       0       2       0       0       0     172      86
  170.000   269064.864      27   22186     160       0       0       0       0       0       0       0       0     170      85       0       0       2       0       0       0     170      85
  171.000   261121.024      26   21531     160       0       0       0      31       0       0       0       0     185      93       0       0       2       0       0       0     185      93
  172.000   294909.632      29   24317     160       0       0       0       0       0       0       0       0     194      97       0       0       2       0       0       0     194      97
  173.000   323022.336      32   26635     160       0       0       0       0       0       0       0       0     192      96       0       0       2       0       0       0     192      96
  174.000   314714.656      31   25950     160       0       0       0       0       0       0       0       0     189      95       0       0       2       0       0       0     189      95
  175.000   306467.616      31   25270     160       0       0       0       0       0       0       0       0     185      93       0       0       2       0       0       0     185      93
  176.000   298026.528      30   24574     160       0       0       0       0       0       0       0       0     182      91       0       0       2       0       0       0     182      91
  177.000   295030.912      30   24327     160       0       0       0       0       0       0       0       0     177      89       0       0       2       0       0       0     177      89
  178.000   289306.496      29   23855     160       0       0       0       0       0       0       0       0     173      87       0       0       2       0       0       0     173      87
  179.000   285765.120      29   23563     160       0       0       0       0       0       0       0       0     172      86       0       0       2       0       0       0     172      86
  180.000   283400.160      28   23368     160       0       0       0       0       0       0       0       0     168      84       0       0       2       0       0       0     168      84
  181.000   276378.048      28   22789     160       0       0       0      33       0       0       0       0     183      92       0       0       2       0       0       0     183      92
  182.000   302404.736      30   24935     160       0       0       0       0       0       0       0       0     192      96       0       0       2       0       0       0     192      96
  183.000   333306.880      33   27483     160       0       0       0       0       0       0       0       0     187      94       0       0       2       0       0       0     187      94
  184.000   327909.920      33   27038     160       0       0       0       0       0       0       0       0     185      93       0       0       2       0       0       0     185      93
  185.000   317140.256      32   26150     160       0       0       0       0       0       0       0       0     181      91       0       0       2       0       0       0     181      91
  186.000   312361.824      31   25756     160       0       0       0       0       0       0       0       0     178      89       0       0       2       0       0       0     178      89
  187.000   305618.656      31   25200     160       0       0       0       0       0       0       0       0     175      88       0       0       2       0       0       0     175      88
  188.000   301822.592      30   24887     160       0       0       0       0       0       0       0       0     171      86       0       0       2       0       0       0     171      86
  189.000   296340.736      30   24435     160       0       0       0       0       0       0       0       0     166      83       0       0       2       0       0       0     166      83
  190.000   294485.152      29   24282     160       0       0       0       0       0       0       0       0     163      82       0       0       2       0       0       0     163      82
  191.000   289015.424      29   23831     160       0       0       0      38       0       0       0       0     183      92       0       0       2       0       0       0     183      92
  192.000   316667.264      32   26111     160       0       0       0       0       0       0       0       0     195      98       0       0       2       0       0       0     195      98
  193.000   342487.776      34   28240     160       0       0       0       0       0       0       0       0     194      97       0       0       2       0       0       0     194      97
  194.000   339734.720      34   28013     160       0       0       0       0       0       0       0       0     192      96       0       0       2       0       0       0     192      96
  195.000   335574.816      34   27670     160       0       0       0       0       0       0       0       0     191      96       0       0       2       0       0       0     191      96
  196.000   327958.432      33   27042     160       0       0       0       0       0       0       0       0     188      94       0       0       2       0       0       0     188      94
  197.000   324974.944      32   26796     160       0       0       0       0       0       0       0       0     186      93       0       0       2       0       0       0     186      93
  198.000   318547.104      32   26266     160       0       0       0       0       0       0       0       0     185      93       0       0       2       0       0       0     185      93
  199.000   310481.984      31   25601     160       0       0       0       0       0       0       0       0     183      92       0       0       2       0       0       0     183      92
  200.000   307134.656      31   25325     160       0       0       0       0       0       0       0       0     178      89       0       0       2       0       0       0     178      89
  201.000   299045.280      30   24658     160       0       0       0      23       0       0       0       0     189      95       0       0       2       0       0       0     189      95
  202.000   315114.880      32   25983     160       0       0       0       0       0       0       0       0     194      97       0       0       2       0       0       0     194      97
  203.000   328479.936      33   27085     160       0       0       0       0       0       0       0       0     193      97       0       0       2       0       0       0     193      97
  204.000   321591.232      32   26517     160       0       0       0       0       0       0       0       0     191      96       0       0       2       0       0       0     191      96
  205.000   319408.192      32   26337     160       0       0       0       0       0       0       0       0     190      95       0       0       2       0       0       0     190      95
  206.000   306018.880      31   25233     160       0       0       0       0       0       0       0       0     184      92       0       0       2       0       0       0     184      92
  207.000   301555.776      30   24865     160       0       0       0       0       0       0       0       0     181      91       0       0       2       0       0       0     181      91
  208.000   290191.840      29   23928     160       0       0       0       0       0       0       0       0     177      89       0       0       2       0       0       0     177      89
  209.000   283121.216      28   23345     160       0       0       0       0       0       0       0       0     176      88       0       0       2       0       0       0     176      88
  210.000   275395.680      28   22708     160       0       0       0       0       0       0       0       0     174      87       0       0       2       0       0       0     174      87
  211.000   268409.952      27   22132     160       0       0       0      27       0       0       0       0     186      93       0       0       2       0       0       0     186      93
  212.000   293211.712      29   24177     160       0       0       0       0       0       0       0       0     195      98       0       0       2       0       0       0     195      98
  213.000   311537.120      31   25688     160       0       0       0       0       0       0       0       0     192      96       0       0       2       0       0       0     192      96
  214.000   305363.968      31   25179     160       0       0       0       0       0       0       0       0     189      95       0       0       2       0       0       0     189      95
  215.000   304599.904      30   25116     160       0       0       0       0       0       0       0       0     187      94       0       0       2       0       0       0     187      94
  216.000   292714.464      29   24136     160       0       0       0       0       0       0       0       0     183      92       0       0       2       0       0       0     183      92
  217.000   289039.680      29   23833     160       0       0       0       0       0       0       0       0     180      90       0       0       2       0       0       0     180      90
  218.000   289088.192      29   23837     160       0       0       0       0       0       0       0       0     176      88       0       0       2       0       0       0     176      88
  219.000   284807.008      28   23484     160       0       0       0       0       0       0       0       0     174      87       0       0       2       0       0       0     174      87
  220.000   281023.072      28   23172     160       0       0       0       0       0       0       0       0     172      86       0       0       2       0       0       0     172      86
  221.000   278124.480      28   22933     160       0       0       0      29       0       0       0       0     184      92       0       0       2       0       0       0     184      92
  222.000   302526.016      30   24945     160       0       0       0       0       0       0       0       0     193      97       0       0       2       0       0       0     193      97
  223.000   325678.368      33   26854     160       0       0       0       0       0       0       0       0     189      95       0       0       2       0       0       0     189      95
  224.000   319432.448      32   26339     160       0       0       0       0       0       0       0       0     185      93       0       0       2       0       0       0     185      93
  225.000   314714.656      31   25950     160       0       0       0       0       0       0       0       0     182      91       0       0       2       0       0       0     182      91
  226.000   305958.240      31   25228     160       0       0       0       0       0       0       0       0     178      89       0       0       2       0       0       0     178      89
  227.000   292314.240      29   24103     160       0       0       0       0       0       0       0       0     174      87       0       0       2       0       0       0     174      87
  228.000   277954.688      28   22919     160       0       0       0       0       0       0       0       0     170      85       0       0       2       0       0       0     170      85
  229.000   269925.952      27   22257     160       0       0       0       0       0       0       0       0     168      84       0       0       2       0       0       0     168      84
  230.000   264832.192      26   21837     160       0       0       0       0       0       0       0       0     168      84       0       0       2       0       0       0     168      84
  231.000   262661.280      26   21658     160       0       0       0      34       0       0       0       0     184      92       0       0       2       0       0       0     184      92
  232.000   290883.136      29   23985     160       0       0       0       0       0       0       0       0     195      98       0       0       2       0       0       0     195      98
  233.000   321081.856      32   26475     160       0       0       0       0       0       0       0       0     196      98       0       0       2       0       0       0     196      98
  234.000   314387.200      31   25923     160       0       0       0       0       0       0       0       0     194      97       0       0       2       0       0       0     194      97
  235.000   310870.080      31   25633     160       0       0       0       0       0       0       0       0     192      96       0       0       2       0       0       0     192      96
  236.000   305642.912      31   25202     160       0       0       0       0       0       0       0       0     190      95       0       0       2       0       0       0     190      95
  237.000   293296.608      29   24184     160       0       0       0       0       0       0       0       0     187      94       0       0       2       0       0       0     187      94
  238.000   283084.832      28   23342     160       0       0       0       0       0       0       0       0     184      92       0       0       2       0       0       0     184      92
  239.000   278439.808      28   22959     160       0       0       0       0       0       0       0       0     181      91       0       0       2       0       0       0     181      91
  240.000   264807.936      26   21835     160       0       0       0       0       0       0       0       0     179      90       0       0       2       0       0       0     179      90
  241.000   246907.008      25   20359     160       0       0       0      21       0       0       0       0     188      94       0       0       2       0       0       0     188      94
  242.000   257713.056      26   21250     160       0       0       0       0       0       0       0       0     192      96       0       0       2       0       0       0     192      96
  243.000   275808.032      28   22742     160       0       0       0       0       0       0       0       0     188      94       0       0       2       0       0       0     188      94
  244.000   271090.240      27   22353     160       0       0       0       0       0       0       0       0     184      92       0       0       2       0       0       0     184      92
  245.000   266724.160      27   21993     160       0       0       0       0       0       0       0       0     182      91       0       0       2       0       0       0     182      91
  246.000   260114.400      26   21448     160       0       0       0       0       0       0       0       0     181      91       0       0       2       0       0       0     181      91
  247.000   247064.672      25   20372     160       0       0       0       0       0       0       0       0     176      88       0       0       2       0       0       0     176      88
  248.000   237895.904      24   19616     160       0       0       0       0       0       0       0       0     173      87       0       0       2       0       0       0     173      87
  249.000   231625.728      23   19099     160       0       0       0       0       0       0       0       0     169      85       0       0       2       0       0       0     169      85
  250.000   229491.200      23   18923     160       0       0       0       0       0       0       0       0     167      84       0       0       2       0       0       0     167      84
  251.000   227065.600      23   18723     160       0       0       0      33       0       0       0       0     184      92       0       0       2       0       0       0     184      92
  252.000   254899.360      25   21018     160       0       0       0       0       0       0       0       0     190      95       0       0       2       0       0       0     190      95
  253.000   288263.488      29   23769     160       0       0       0       0       0       0       0       0     187      94       0       0       2       0       0       0     187      94
  254.000   285025.312      29   23502     160       0       0       0       0       0       0       0       0     185      93       0       0       2       0       0       0     185      93
  255.000   283533.568      28   23379     160       0       0       0       0       0       0       0       0     178      89       0       0       2       0       0       0     178      89
  256.000   275335.040      28   22703     160       0       0       0       0       0       0       0       0     171      86       0       0       2       0       0       0     171      86
  257.000   274619.488      27   22644     160       0       0       0       0       0       0       0       0     165      83       0       0       2       0       0       0     165      83
  258.000   274316.288      27   22619     160       0       0       0       0       0       0       0       0     162      81       0       0       2       0       0       0     162      81
  259.000   272193.888      27   22444     160       0       0       0       0       0       0       0       0     160      80       0       0       2       0       0       0     160      80
  260.000   269816.800      27   22248     160       0       0       0       0       0       0       0       0     158      79       0       0       2       0       0       0     158      79
  261.000   265778.176      27   21915     160       0       0       0      44       0       0       0       0     181      91       0       0       2       0       0       0     181      91
  262.000   296389.248      30   24439     160       0       0       0       0       0       0       0       0     192      96       0       0       2       0       0       0     192      96
  263.000   324392.800      32   26748     160       0       0       0       0       0       0       0       0     191      96       0       0       2       0       0       0     191      96
  264.000   313635.264      31   25861     160       0       0       0       0       0       0       0       0     188      94       0       0       2       0       0       0     188      94
  265.000   303326.464      30   25011     160       0       0       0       0       0       0       0       0     187      94       0       0       2       0       0       0     187      94
  266.000   299360.608      30   24684     160       0       0       0       0       0       0       0       0     186      93       0       0       2       0       0       0     186      93
  267.000   295746.464      30   24386     160       0       0       0       0       0       0       0       0     183      92       0       0       2       0       0       0     183      92
  268.000   293017.664      29   24161     160       0       0       0       0       0       0       0       0     182      91       0       0       2       0       0       0     182      91
  269.000   286141.088      29   23594     160       0       0       0       0       0       0       0       0     180      90       0       0       2       0       0       0     180      90
  270.000   279943.680      28   23083     160       0       0       0       0       0       0       0       0     179      90       0       0       2       0       0       0     179      90
  271.000   278124.480      28   22933     160       0       0       0      23       0       0       0       0     188      94       0       0       2       0       0       0     188      94
  272.000   301046.400      30   24823     160       0       0       0       0       0       0       0       0     196      98       0       0       2       0       0       0     196      98
  273.000   321845.920      32   26538     160       0       0       0       0       0       0       0       0     197      99       0       0       2       0       0       0     197      99
  274.000   313732.288      31   25869     160       0       0       0       0       0       0       0       0     195      98       0       0       2       0       0       0     195      98
  275.000   303102.976      30   24992     160       0       0       0       0       0       0       0       0     194      97       0       0       2       0       0       0     194      97
