  TimeSec      LoaKbps LoaUsag Packets DlyUsec LoaDrps MetDrps TabDrps FloMods MetMods GroMods  PktsIn PktsOut FloEntr FloUsag MetEntr MetUsag GroEntr GroUsag BufPkts BufUsag  T0Entr  T0Usag
    1.000        0.000       0       0      34       0       0       0       4       0       0       0       0       3       0       0       0       0       0       0       0       3       0
    2.000     5310.304       0     439      72       0       0       0      12       0       0      12      12      12       0       0       0       0       0       0       0      12       0
    3.000    11240.896       0     928      96       0       0       0      11       0       0      11      11      21       0       0       0       0       0       0       0      21       0
    4.000    24860.640       0    2051     111       0       0       0       8       0       0       8       8      32       0       0       0       0       0       0       0      32       0
    5.000    30500.160       0    2516     119       0       0       0       8       0       0       8       8      37       0       0       0       0       0       0       0      37       0
    6.000    36624.800       0    3021     119       0       0       0       9       0       0       9       9      47       0       0       0       0       0       0       0      47       0
    7.000    45939.104       0    3789     119       0       0       0      12       0       0      12      12      58       0       0       0       0       0       0       0      58       0
    8.000    57885.184       0    4774     137       0       0       0      10       0       0      10      10      69       0       0       0       0       0       0       0      69       0
    9.000    67090.336       0    5533     139       0       0       0       5       0       0       5       5      76       0       0       0       0       0       0       0      76       0
   10.000    72414.528       0    5972     139       0       0       0       7       0       0       7       7      83       0       0       0       0       0       0       0      83       0
   11.000    85803.840       0    7076     139       0       0       0      12       0       0      12      12      93       0       0       0       0       0       0       0      93       0
   12.000    96149.024       0    7929     140       0       0       0      92       0       0       9       9     102       0       0       0       0       0       0       0     102       0
   13.000   101218.528       0    8347     140       0       0       0       3       0       0       3       3     109       0       0       0       0       0       0       0     109       0
   14.000   105584.608       0    8707     140       0       0       0      10       0       0      10      10     115       0       0       0       0       0       0       0     115       0
   15.000   119010.304       0    9814     151       0       0       0      15       0       0      15      15     128       0       0       0       0       0       0       0     128       0
   16.000   131805.344       0   10869     159       0       0       0      10       0       0      10      10     139       0       0       0       0       0       0       0     139       0
   17.000   150712.896       0   12428     159       0       0       0      19       0       0      19      19     156       0       0       0       0       0       0       0     156       0
   18.000   173283.104       0   14289     159       0       0       0      11       0       0      11      11     170       0       0       0       0       0       0       0     170       0
   19.000   182354.848       0   15037     159       0       0       0      11       0       0      11      11     181       0       0       0       0       0       0       0     181       0
   20.000   189304.192       0   15610     160       0       0       0       8       0       0       8       8     191       0       0       0       0       0       0       0     191       0
   21.000   190541.248       0   15712     160       0       0       0       8       0       0       8       8     198       0       0       0       0       0       0       0     198       0
   22.000   192384.704       0   15864     160       0       0       0     124       0       0      10      10     207       0       0       0       0       0       0       0     207       0
   23.000   210297.760       0   17341     160       0       0       0      15       0       0      15      15     219       0       0       0       0       0       0       0     219       0
   24.000   224912.000       0   18546     160       0       0       0      11       0       0      11      11     232       0       0       0       0       0       0       0     232       0
   25.000   233777.568       0   19277     160       0       0       0       9       0       0       9       9     240       0       0       0       0       0       0       0     240       0
   26.000   245323.424       0   20229     160       0       0       0      11       0       0      11      11     252       0       0       0       0       0       0       0     252       0
   27.000   257936.544       0   21269     177       0       0       0      10       0       0      10      10     260       0       0       0       0       0       0       0     260       0
   28.000   270319.232       0   22290     179       0       0       0      10       0       0      10      10     272       0       0       0       0       0       0       0     272       0
   29.000   273242.080       0   22531     179       0       0       0       9       0       0       9       9     280       0       0       0       0       0       0       0     280       0
   30.000   283878.336       0   23408     179       0       0       0      12       0       0      12      12     289       0       0       0       0       0       0       0     289       0
   31.000   296758.272       0   24470     180       0       0       0      11       0       0      11      11     300       0       0       0       0       0       0       0     300       0
   32.000   301463.936       0   24858     180       0       0       0      12       0       0       8       8     310       0       0       0       0       0       0       0     310       0
   33.000   305793.632       0   25215     180       0       0       0      10       0       0      10      10     320       0       0       0       0       0       0       0     320       0
   34.000   317133.312       0   26150     180       0       0       0       8       0       0       8       8     328       1       0       0       0       0       0       0     328       1
   35.000   321390.240       0   26501     180       0       0       0      10       0       0      10      10     333       1       0       0       0       0       0       0     333       1
   36.000   332911.840       0   27451     180       0       0       0      11       0       0      11      11     339       1       0       0       0       0       0       0     339       1
   37.000   350727.872       0   28920     180       0       0       0      17       0       0      17      17     349       1       0       0       0       0       0       0     349       1
   38.000   363729.088       0   29992     180       0       0       0      12       0       0      12      12     359       1       0       0       0       0       0       0     359       1
   39.000   367234.080       0   30281     180       0       0       0      10       0       0      10      10     368       1       0       0       0       0       0       0     368       1
   40.000   375044.512       0   30925     180       0       0       0      10       0       0      10      10     377       1       0       0       0       0       0       0     377       1
   41.000   381872.576       0   31488     180       0       0       0      11       0       0      11      11     387       1       0       0       0       0       0       0     387       1
   42.000   388118.496       0   32003     180       0       0       0      36       0       0       8       8     395       1       0       0       0       0       0       0     395       1
   43.000   400064.576       0   32988     180       0       0       0      18       0       0      18      18     410       1       0       0       0       0       0       0     410       1
   44.000   405849.632       0   33465     180       0       0       0       9       0       0       9       9     417       1       0       0       0       0       0       0     417       1
   45.000   409621.440       0   33776     180       0       0       0      10       0       0      10      10     426       1       0       0       0       0       0       0     426       1
   46.000   416498.016       0   34343     180       0       0       0       8       0       0       8       8     434       1       0       0       0       0       0       0     434       1
   47.000   430384.576       0   35488     180       0       0       0      14       0       0      14      14     440       1       0       0       0       0       0       0     440       1
   48.000   444525.824       0   36654     180       0       0       0       8       0       0       8       8     452       1       0       0       0       0       0       0     452       1
   49.000   442973.440       0   36526     180       0       0       0       8       0       0       8       8     455       1       0       0       0       0       0       0     455       1
   50.000   446175.232       0   36790     180       0       0       0       8       0       0       8       8     460       1       0       0       0       0       0       0     460       1
   51.000   449061.696       0   37028     180       0       0       0      10       0       0      10      10     467       1       0       0       0       0       0       0     467       1
   52.000   460680.320       0   37986     180       0       0       0      35       0       0      16      16     475       1       0       0       0       0       0       0     475       1
   53.000   471619.776       0   38888     180       0       0       0      12       0       0      12      12     486       1       0       0       0       0       0       0     486       1
   54.000   479017.856       0   39498     180       0       0       0      11       0       0      11      11     496       1       0       0       0       0       0       0     496       1
   55.000   487277.024       0   40179     180       0       0       0      11       0       0      11      11     504       1       0       0       0       0       0       0     504       1
   56.000   492504.192       0   40610     180       0       0       0       9       0       0       9       9     508       1       0       0       0       0       0       0     508       1
   57.000   505772.224       1   41704     195       0       0       0      12       0       0      12      12     516       1       0       0       0       0       0       0     516       1
   58.000   515219.936       1   42483     199       0       0       0      13       0       0      13      13     521       1       0       0       0       0       0       0     521       1
   59.000   516905.728       1   42622     199       0       0       0       7       0       0       7       7     524       1       0       0       0       0       0       0     524       1
   60.000   516432.736       1   42583     199       0       0       0       7       0       0       7       7     528       1       0       0       0       0       0       0     528       1
   61.000   518203.424       1   42729     199       0       0       0      13       0       0      13      13     533       1       0       0       0       0       0       0     533       1
   62.000   527554.112       1   43500     200       0       0       0      43       0       0      12      12     544       1       0       0       0       0       0       0     544       1
   63.000   525298.304       1   43314     200       0       0       0       2       0       0       2       2     544       1       0       0       0       0       0       0     544       1
   64.000   527032.608       1   43457     200       0       0       0      13       0       0      13      13     544       1       0       0       0       0       0       0     544       1
   65.000   533132.992       1   43960     200       0       0       0      11       0       0      11      11     548       1       0       0       0       0       0       0     548       1
   66.000   534491.328       1   44072     200       0       0       0      11       0       0      11      11     557       1       0       0       0       0       0       0     557       1
   67.000   534527.712       1   44075     200       0       0       0       7       0       0       7       7     561       1       0       0       0       0       0       0     561       1
   68.000   539148.480       1   44456     200       0       0       0       9       0       0       9       9     565       1       0       0       0       0       0       0     565       1
   69.000   543708.608       1   44832     200       0       0       0      12       0       0      12      12     571       1       0       0       0       0       0       0     571       1
   70.000   550172.832       1   45365     200       0       0       0      11       0       0      11      11     576       1       0       0       0       0       0       0     576       1
   71.000   562591.904       1   46389     200       0       0       0       9       0       0       9       9     581       1       0       0       0       0       0       0     581       1
   72.000   558723.072       1   46070     200       0       0       0      16       0       0       2       2     585       1       0       0       0       0       0       0     585       1
   73.000   552622.688       1   45567     200       0       0       0       4       0       0       4       4     584       1       0       0       0       0       0       0     584       1
   74.000   549554.304       1   45314     200       0       0       0       5       0       0       5       5     581       1       0       0       0       0       0       0     581       1
   75.000   552938.016       1   45593     200       0       0       0       8       0       0       8       8     584       1       0       0       0       0       0       0     584       1
   76.000   554332.736       1   45708     200       0       0       0      10       0       0      10      10     587       1       0       0       0       0       0       0     587       1
   77.000   553035.040       1   45601     200       0       0       0      11       0       0      11      11     591       1       0       0       0       0       0       0     591       1
   78.000   550779.232       1   45415     200       0       0       0       8       0       0       8       8     595       1       0       0       0       0       0       0     595       1
   79.000   554660.192       1   45735     200       0       0       0       9       0       0       9       9     597       1       0       0       0       0       0       0     597       1
   80.000   553908.256       1   45673     200       0       0       0       5       0       0       5       5     593       1       0       0       0       0       0       0     593       1
   81.000   555121.056       1   45773     200       0       0       0       8       0       0       8       8     594       1       0       0       0       0       0       0     594       1
   82.000   553847.616       1   45668     200       0       0       0      37       0       0       8       8     596       1       0       0       0       0       0       0     596       1
   83.000   547286.368       1   45127     200       0       0       0      14       0       0      14      14     599       1       0       0       0       0       0       0     599       1
   84.000   547650.208       1   45157     200       0       0       0       8       0       0       8       8     601       1       0       0       0       0       0       0     601       1
   85.000   550075.808       1   45357     200       0       0       0      13       0       0      13      13     605       1       0       0       0       0       0       0     605       1
   86.000   556212.576       1   45863     200       0       0       0       8       0       0       8       8     612       1       0       0       0       0       0       0     612       1
   87.000   553423.136       1   45633     200       0       0       0      12       0       0      12      12     617       1       0       0       0       0       0       0     617       1
   88.000   554429.760       1   45716     200       0       0       0       7       0       0       7       7     622       1       0       0       0       0       0       0     622       1
   89.000   551567.552       1   45480     200       0       0       0      10       0       0      10      10     624       1       0       0       0       0       0       0     624       1
   90.000   550682.208       1   45407     200       0       0       0      14       0       0      14      14     632       1       0       0       0       0       0       0     632       1
   91.000   540615.968       1   44577     200       0       0       0      11       0       0      11      11     636       1       0       0       0       0       0       0     636       1
   92.000   538699.744       1   44419     200       0       0       0      36       0       0       9       9     637       1       0       0       0       0       0       0     637       1
   93.000   536213.504       1   44214     200       0       0       0      15       0       0      15      15     638       1       0       0       0       0       0       0     638       1
   94.000   541210.240       1   44626     200       0       0       0      12       0       0      12      12     645       1       0       0       0       0       0       0     645       1
   95.000   537547.584       1   44324     200       0       0       0       9       0       0       9       9     654       1       0       0       0       0       0       0     654       1
   96.000   535643.488       1   44167     200       0       0       0      11       0       0      11      11     657       1       0       0       0       0       0       0     657       1
   97.000   542617.088       1   44742     200       0       0       0      10       0       0      10      10     661       1       0       0       0       0       0       0     661       1
   98.000   549481.536       1   45308     200       0       0       0      13       0       0      13      13     660       1       0       0       0       0       0       0     660       1
   99.000   551021.792       1   45435     200       0       0       0      11       0       0      11      11     663       1       0       0       0       0       0       0     663       1
  100.000   550888.384       1   45424     200       0       0       0       9       0       0       9       9     667       1       0       0       0       0       0       0     667       1
  101.000   552962.272       1   45595     200       0       0       0      11       0       0      11      11     668       1       0       0       0       0       0       0     668       1
  102.000   548462.784       1   45224     200       0       0       0      43       0       0       9       9     667       1       0       0       0       0       0       0     667       1
  103.000   549724.096       1   45328     200       0       0       0      11       0       0      11      11     668       1       0       0       0       0       0       0     668       1
  104.000   558444.128       1   46047     200       0       0       0      12       0       0      12      12     669       1       0       0       0       0       0       0     669       1
  105.000   560651.424       1   46229     200       0       0       0      11       0       0      11      11     669       1       0       0       0       0       0       0     669       1
  106.000   568146.528       1   46847     200       0       0       0      13       0       0      13      13     670       1       0       0       0       0       0       0     670       1
  107.000   577424.448       1   47612     200       0       0       0      13       0       0      13      13     674       1       0       0       0       0       0       0     674       1
  108.000   582797.152       1   48055     200       0       0       0       8       0       0       8       8     677       1       0       0       0       0       0       0     677       1
  109.000   591480.800       1   48771     200       0       0       0      12       0       0      12      12     680       1       0       0       0       0       0       0     680       1
  110.000   592099.328       1   48822     200       0       0       0      11       0       0      11      11     680       1       0       0       0       0       0       0     680       1
  111.000   591371.648       1   48762     200       0       0       0      12       0       0      12      12     679       1       0       0       0       0       0       0     679       1
  112.000   608508.512       1   50175     200       0       0       0      52       0       0      10      10     683       1       0       0       0       0       0       0     683       1
  113.000   603645.184       1   49774     200       0       0       0       8       0       0       8       8     679       1       0       0       0       0       0       0     679       1
  114.000   603414.752       1   49755     200       0       0       0      10       0       0      10      10     684       1       0       0       0       0       0       0     684       1
  115.000   608326.592       1   50160     200       0       0       0      13       0       0      13      13     685       1       0       0       0       0       0       0     685       1
  116.000   615457.856       1   50748     200       0       0       0      19       0       0      19      19     689       1       0       0       0       0       0       0     689       1
  117.000   623644.256       1   51423     200       0       0       0       5       0       0       5       5     692       1       0       0       0       0       0       0     692       1
  118.000   612959.488       1   50542     200       0       0       0       6       0       0       6       6     687       1       0       0       0       0       0       0     687       1
  119.000   604615.424       1   49854     200       0       0       0      11       0       0      11      11     687       1       0       0       0       0       0       0     687       1
  120.000   603402.624       1   49754     200       0       0       0      12       0       0      12      12     685       1       0       0       0       0       0       0     685       1
  121.000   607150.176       1   50063     200       0       0       0      15       0       0      15      15     690       1       0       0       0       0       0       0     690       1
  122.000   613129.280       1   50556     200       0       0       0      44       0       0       9       9     692       1       0       0       0       0       0       0     692       1
  123.000   605440.128       1   49922     200       0       0       0       7       0       0       7       7     694       1       0       0       0       0       0       0     694       1
  124.000   591917.408       1   48807     200       0       0       0      11       0       0      11      11     698       1       0       0       0       0       0       0     698       1
  125.000   577096.992       1   47585     200       0       0       0      12       0       0      12      12     696       1       0       0       0       0       0       0     696       1
  126.000   568376.960       1   46866     200       0       0       0       9       0       0       9       9     692       1       0       0       0       0       0       0     692       1
  127.000   571675.776       1   47138     200       0       0       0       8       0       0       8       8     694       1       0       0       0       0       0       0     694       1
  128.000   571372.576       1   47113     200       0       0       0       8       0       0       8       8     692       1       0       0       0       0       0       0     692       1
  129.000   580832.416       1   47893     200       0       0       0      15       0       0      15      15     689       1       0       0       0       0       0       0     689       1
  130.000   584276.768       1   48177     200       0       0       0      12       0       0      12      12     694       1       0       0       0       0       0       0     694       1
  131.000   576599.744       1   47544     200       0       0       0      12       0       0      12      12     700       1       0       0       0       0       0       0     700       1
  132.000   574550.112       1   47375     200       0       0       0      45       0       0      10      10     701       1       0       0       0       0       0       0     701       1
  133.000   579425.568       1   47777     200       0       0       0      10       0       0      10      10     697       1       0       0       0       0       0       0     697       1
  134.000   577230.400       1   47596     200       0       0       0      10       0       0      10      10     694       1       0       0       0       0       0       0     694       1
  135.000   577691.264       1   47634     200       0       0       0       9       0       0       9       9     693       1       0       0       0       0       0       0     693       1
  136.000   570960.224       1   47079     200       0       0       0       6       0       0       6       6     692       1       0       0       0       0       0       0     692       1
  137.000   558468.384       1   46049     200       0       0       0       9       0       0       9       9     691       1       0       0       0       0       0       0     691       1
  138.000   563525.760       1   46466     200       0       0       0      13       0       0      13      13     689       1       0       0       0       0       0       0     689       1
  139.000   564374.720       1   46536     200       0       0       0       7       0       0       7       7     687       1       0       0       0       0       0       0     687       1
  140.000   571396.832       1   47115     200       0       0       0       8       0       0       8       8     681       1       0       0       0       0       0       0     681       1
  141.000   576272.288       1   47517     200       0       0       0      10       0       0      10      10     679       1       0       0       0       0       0       0     679       1
  142.000   575981.216       1   47493     200       0       0       0      46       0       0      13      13     683       1       0       0       0       0       0       0     683       1
  143.000   575350.560       1   47441     200       0       0       0       4       0       0       4       4     684       1       0       0       0       0       0       0     684       1
  144.000   566290.944       1   46694     200       0       0       0      11       0       0      11      11     680       1       0       0       0       0       0       0     680       1
  145.000   565514.752       1   46630     200       0       0       0      15       0       0      15      15     685       1       0       0       0       0       0       0     685       1
  146.000   569504.864       1   46959     200       0       0       0      16       0       0      16      16     687       1       0       0       0       0       0       0     687       1
  147.000   567649.280       1   46806     200       0       0       0      10       0       0      10      10     690       1       0       0       0       0       0       0     690       1
  148.000   574756.288       1   47392     200       0       0       0      15       0       0      15      15     695       1       0       0       0       0       0       0     695       1
  149.000   580395.808       1   47857     200       0       0       0       9       0       0       9       9     691       1       0       0       0       0       0       0     691       1
  150.000   578637.248       1   47712     200       0       0       0      11       0       0      11      11     696       1       0       0       0       0       0       0     696       1
  151.000   576053.984       1   47499     200       0       0       0       7       0       0       7       7     696       1       0       0       0       0       0       0     696       1
  152.000   574428.832       1   47365     200       0       0       0      30       0       0      10      10     690       1       0       0       0       0       0       0     690       1
  153.000   575010.976       1   47413     200       0       0       0      10       0       0      10      10     691       1       0       0       0       0       0       0     691       1
  154.000   569674.656       1   46973     200       0       0       0      10       0       0      10      10     691       1       0       0       0       0       0       0     691       1
  155.000   569601.888       1   46967     200       0       0       0       5       0       0       5       5     688       1       0       0       0       0       0       0     688       1
  156.000   564338.336       1   46533     200       0       0       0       7       0       0       7       7     689       1       0       0       0       0       0       0     689       1
  157.000   564386.848       1   46537     200       0       0       0      11       0       0      11      11     688       1       0       0       0       0       0       0     688       1
  158.000   566339.456       1   46698     200       0       0       0       8       0       0       8       8     688       1       0       0       0       0       0       0     688       1
  159.000   564120.032       1   46515     200       0       0       0       9       0       0       9       9     681       1       0       0       0       0       0       0     681       1
  160.000   557025.152       1   45930     200       0       0       0       8       0       0       8       8     677       1       0       0       0       0       0       0     677       1
  161.000   550973.280       1   45431     200       0       0       0      12       0       0      12      12     677       1       0       0       0       0       0       0     677       1
  162.000   550536.672       1   45395     200       0       0       0      46       0       0      14      14     679       1       0       0       0       0       0       0     679       1
  163.000   552477.152       1   45555     200       0       0       0       6       0       0       6       6     676       1       0       0       0       0       0       0     676       1
  164.000   557449.632       1   45965     200       0       0       0       8       0       0       8       8     674       1       0       0       0       0       0       0     674       1
  165.000   556952.384       1   45924     200       0       0       0      13       0       0      13      13     673       1       0       0       0       0       0       0     673       1
  166.000   555533.408       1   45807     200       0       0       0       7       0       0       7       7     674       1       0       0       0       0       0       0     674       1
  167.000   552404.384       1   45549     200       0       0       0      14       0       0      14      14     676       1       0       0       0       0       0       0     676       1
  168.000   545685.472       1   44995     200       0       0       0       8       0       0       8       8     677       1       0       0       0       0       0       0     677       1
  169.000   546401.024       1   45054     200       0       0       0       9       0       0       9       9     675       1       0       0       0       0       0       0     675       1
  170.000   543829.888       1   44842     200       0       0       0      11       0       0      11      11     677       1       0       0       0       0       0       0     677       1
  171.000   540991.936       1   44608     200       0       0       0      10       0       0      10      10     679       1       0       0       0       0       0       0     679       1
  172.000   549530.048       1   45312     200       0       0       0      42       0       0      11      11     681       1       0       0       0       0       0       0     681       1
  173.000   544909.280       1   44931     200       0       0       0       7       0       0       7       7     678       1       0       0       0       0       0       0     678       1
  174.000   540300.640       1   44551     200       0       0       0       5       0       0       5       5     676       1       0       0       0       0       0       0     676       1
  175.000   533969.824       1   44029     200       0       0       0      10       0       0      10      10     672       1       0       0       0       0       0       0     672       1
  176.000   531156.128       1   43797     200       0       0       0       5       0       0       5       5     668       1       0       0       0       0       0       0     668       1
  177.000   529361.184       1   43649     200       0       0       0      14       0       0      14      14     667       1       0       0       0       0       0       0     667       1
  178.000   532017.216       1   43868     200       0       0       0      13       0       0      13      13     671       1       0       0       0       0       0       0     671       1
  179.000   538202.496       1   44378     200       0       0       0       8       0       0       8       8     671       1       0       0       0       0       0       0     671       1
  180.000   546582.944       1   45069     200       0       0       0      11       0       0      11      11     670       1       0       0       0       0       0       0     670       1
  181.000   542665.600       1   44746     200       0       0       0       4       0       0       4       4     664       1       0       0       0       0       0       0     664       1
  182.000   537244.384       1   44299     200       0       0       0      39       0       0       6       6     658       1       0       0       0       0       0       0     658       1
  183.000   535400.928       1   44147     200       0       0       0       8       0       0       8       8     651       1       0       0       0       0       0       0     651       1
  184.000   535873.920       1   44186     200       0       0       0      19       0       0      19      19     653       1       0       0       0       0       0       0     653       1
  185.000   540191.488       1   44542     200       0       0       0       7       0       0       7       7     654       1       0       0       0       0       0       0     654       1
  186.000   544569.696       1   44903     200       0       0       0      14       0       0      14      14     651       1       0       0       0       0       0       0     651       1
  187.000   541731.744       1   44669     200       0       0       0       5       0       0       5       5     650       1       0       0       0       0       0       0     650       1
  188.000   541610.464       1   44659     200       0       0       0       9       0       0       9       9     647       1       0       0       0       0       0       0     647       1
  189.000   542423.040       1   44726     200       0       0       0       7       0       0       7       7     646       1       0       0       0       0       0       0     646       1
  190.000   544217.984       1   44874     200       0       0       0      13       0       0      13      13     648       1       0       0       0       0       0       0     648       1
  191.000   540870.656       1   44598     200       0       0       0       9       0       0       9       9     647       1       0       0       0       0       0       0     647       1
  192.000   537814.400       1   44346     200       0       0       0      49       0       0      11      11     647       1       0       0       0       0       0       0     647       1
  193.000   532817.664       1   43934     200       0       0       0       4       0       0       4       4     646       1       0       0       0       0       0       0     646       1
  194.000   532635.744       1   43919     200       0       0       0       8       0       0       8       8     649       1       0       0       0       0       0       0     649       1
  195.000   533230.016       1   43968     200       0       0       0       9       0       0       9       9     650       1       0       0       0       0       0       0     650       1
  196.000   527444.960       1   43491     200       0       0       0      11       0       0      11      11     650       1       0       0       0       0       0       0     650       1
  197.000   531362.304       1   43814     200       0       0       0      11       0       0      11      11     657       1       0       0       0       0       0       0     657       1
  198.000   528087.744       1   43544     200       0       0       0      10       0       0      10      10     656       1       0       0       0       0       0       0     656       1
  199.000   522860.576       1   43113     200       0       0       0       5       0       0       5       5     656       1       0       0       0       0       0       0     656       1
  200.000   522242.048       1   43062     200       0       0       0      15       0       0      15      15     657       1       0       0       0       0       0       0     657       1
  201.000   530367.808       1   43732     200       0       0       0      12       0       0      12      12     660       1       0       0       0       0       0       0     660       1
  202.000   533181.504       1   43964     200       0       0       0      36       0       0      13      13     659       1       0       0       0       0       0       0     659       1
  203.000   541392.160       1   44641     200       0       0       0      14       0       0      14      14     665       1       0       0       0       0       0       0     665       1
  204.000   546304.000       1   45046     200       0       0       0      12       0       0      12      12     668       1       0       0       0       0       0       0     668       1
  205.000   549687.712       1   45325     200       0       0       0       3       0       0       3       3     669       1       0       0       0       0       0       0     669       1
  206.000   540749.376       1   44588     200       0       0       0      12       0       0      12      12     667       1       0       0       0       0       0       0     667       1
  207.000   543369.024       1   44804     200       0       0       0       6       0       0       6       6     662       1       0       0       0       0       0       0     662       1
  208.000   533375.552       1   43980     200       0       0       0       7       0       0       7       7     654       1       0       0       0       0       0       0     654       1
  209.000   528973.088       1   43617     200       0       0       0      10       0       0      10      10     653       1       0       0       0       0       0       0     653       1
  210.000   526365.568       1   43402     200       0       0       0       9       0       0       9       9     653       1       0       0       0       0       0       0     653       1
  211.000   524400.832       1   43240     200       0       0       0       8       0       0       8       8     649       1       0       0       0       0       0       0     649       1
  212.000   527275.168       1   43477     200       0       0       0      41       0       0      14      14     653       1       0       0       0       0       0       0     653       1
  213.000   521987.360       1   43041     200       0       0       0       8       0       0       8       8     651       1       0       0       0       0       0       0     651       1
  214.000   521429.472       1   42995     200       0       0       0       8       0       0       8       8     653       1       0       0       0       0       0       0     653       1
  215.000   519464.736       1   42833     200       0       0       0       9       0       0       9       9     650       1       0       0       0       0       0       0     650       1
  216.000   512636.672       1   42270     200       0       0       0      10       0       0      10      10     651       1       0       0       0       0       0       0     651       1
  217.000   519852.832       1   42865     200       0       0       0      16       0       0      16      16     657       1       0       0       0       0       0       0     657       1
  218.000   530307.168       1   43727     200       0       0       0      19       0       0      19      19     666       1       0       0       0       0       0       0     666       1
  219.000   535473.696       1   44153     200       0       0       0       7       0       0       7       7     670       1       0       0       0       0       0       0     670       1
  220.000   532284.032       1   43890     200       0       0       0       6       0       0       6       6     670       1       0       0       0       0       0       0     670       1
  221.000   535995.200       1   44196     200       0       0       0      10       0       0      10      10     669       1       0       0       0       0       0       0     669       1
  222.000   539512.320       1   44486     200       0       0       0      41       0       0      12      12     675       1       0       0       0       0       0       0     675       1
  223.000   534600.480       1   44081     200       0       0       0      13       0       0      13      13     677       1       0       0       0       0       0       0     677       1
  224.000   531956.576       1   43863     200       0       0       0       8       0       0       8       8     677       1       0       0       0       0       0       0     677       1
  225.000   530852.928       1   43772     200       0       0       0       7       0       0       7       7     676       1       0       0       0       0       0       0     676       1
  226.000   526947.712       1   43450     200       0       0       0      11       0       0      11      11     679       1       0       0       0       0       0       0     679       1
  227.000   520010.496       1   42878     200       0       0       0      10       0       0      10      10     680       1       0       0       0       0       0       0     680       1
  228.000   508573.792       1   41935     200       0       0       0       9       0       0       9       9     680       1       0       0       0       0       0       0     680       1
  229.000   506863.744       1   41794     200       0       0       0       6       0       0       6       6     679       1       0       0       0       0       0       0     679       1
  230.000   504886.880       1   41631     200       0       0       0      10       0       0      10      10     676       1       0       0       0       0       0       0     676       1
  231.000   503298.112       1   41500     200       0       0       0       5       0       0       5       5     670       1       0       0       0       0       0       0     670       1
  232.000   500617.824       1   41279     200       0       0       0      42       0       0       8       8     672       1       0       0       0       0       0       0     672       1
  233.000   504935.392       1   41635     200       0       0       0       8       0       0       8       8     670       1       0       0       0       0       0       0     670       1
  234.000   498859.264       0   41134     200       0       0       0       9       0       0       9       9     667       1       0       0       0       0       0       0     667       1
  235.000   494772.128       0   40797     200       0       0       0       9       0       0       9       9     664       1       0       0       0       0       0       0     664       1
  236.000   490442.432       0   40440     200       0       0       0       9       0       0       9       9     665       1       0       0       0       0       0       0     665       1
  237.000   483553.728       0   39872     200       0       0       0      12       0       0      12      12     666       1       0       0       0       0       0       0     666       1
  238.000   489520.704       0   40364     200       0       0       0      15       0       0      15      15     667       1       0       0       0       0       0       0     667       1
  239.000   496009.184       0   40899     200       0       0       0       8       0       0       8       8     664       1       0       0       0       0       0       0     664       1
  240.000   490381.792       0   40435     200       0       0       0      13       0       0      13      13     663       1       0       0       0       0       0       0     663       1
  241.000   486221.888       0   40092     200       0       0       0      13       0       0      13      13     661       1       0       0       0       0       0       0     661       1
  242.000   480182.144       0   39594     200       0       0       0      33       0       0      12      12     659       1       0       0       0       0       0       0     659       1
  243.000   481904.320       0   39736     200       0       0       0      11       0       0      11      11     660       1       0       0       0       0       0       0     660       1
  244.000   483274.784       0   39849     200       0       0       0      10       0       0      10      10     665       1       0       0       0       0       0       0     665       1
  245.000   486088.480       0   40081     200       0       0       0      12       0       0      12      12     670       1       0       0       0       0       0       0     670       1
  246.000   483262.656       0   39848     200       0       0       0      10       0       0      10      10     674       1       0       0       0       0       0       0     674       1
  247.000   478848.064       0   39484     200       0       0       0       9       0       0       9       9     670       1       0       0       0       0       0       0     670       1
  248.000   477817.184       0   39399     200       0       0       0       7       0       0       7       7     670       1       0       0       0       0       0       0     670       1
  249.000   477477.600       0   39371     200       0       0       0       8       0       0       8       8     669       1       0       0       0       0       0       0     669       1
  250.000   479163.392       0   39510     200       0       0       0       9       0       0       9       9     668       1       0       0       0       0       0       0     668       1
  251.000   477113.760       0   39341     200       0       0       0       6       0       0       6       6     662       1       0       0       0       0       0       0     662       1
  252.000   476810.560       0   39316     200       0       0       0      46       0       0      13      13     661       1       0       0       0       0       0       0     661       1
  253.000   493207.616       0   40668     200       0       0       0      14       0       0      14      14     665       1       0       0       0       0       0       0     665       1
  254.000   497343.264       0   41009     200       0       0       0      12       0       0      12      12     667       1       0       0       0       0       0       0     667       1
  255.000   510793.216       1   42118     200       0       0       0      12       0       0      12      12     665       1       0       0       0       0       0       0     665       1
  256.000   507785.472       1   41870     200       0       0       0       7       0       0       7       7     660       1       0       0       0       0       0       0     660       1
  257.000   511666.432       1   42190     200       0       0       0       9       0       0       9       9     654       1       0       0       0       0       0       0     654       1
  258.000   519804.320       1   42861     200       0       0       0      11       0       0      11      11     651       1       0       0       0       0       0       0     651       1
  259.000   530198.016       1   43718     200       0       0       0      13       0       0      13      13     660       1       0       0       0       0       0       0     660       1
  260.000   529955.456       1   43698     200       0       0       0       8       0       0       8       8     660       1       0       0       0       0       0       0     660       1
  261.000   522969.728       1   43122     200       0       0       0       8       0       0       8       8     659       1       0       0       0       0       0       0     659       1
  262.000   512867.104       1   42289     200       0       0       0      53       0       0       9       9     658       1       0       0       0       0       0       0     658       1
  263.000   501733.600       1   41371     200       0       0       0      11       0       0      11      11     658       1       0       0       0       0       0       0     658       1
  264.000   503528.544       1   41519     200       0       0       0      14       0       0      14      14     661       1       0       0       0       0       0       0     661       1
  265.000   501248.480       1   41331     200       0       0       0       8       0       0       8       8     663       1       0       0       0       0       0       0     663       1
  266.000   505602.432       1   41690     200       0       0       0      12       0       0      12      12     668       1       0       0       0       0       0       0     668       1
  267.000   510029.152       1   42055     200       0       0       0       9       0       0       9       9     672       1       0       0       0       0       0       0     672       1
  268.000   507118.432       1   41815     200       0       0       0       9       0       0       9       9     672       1       0       0       0       0       0       0     672       1
  269.000   512054.528       1   42222     200       0       0       0      10       0       0      10      10     671       1       0       0       0       0       0       0     671       1
  270.000   517257.440       1   42651     200       0       0       0      14       0       0      14      14     678       1       0       0       0       0       0       0     678       1
  271.000   521405.216       1   42993     200       0       0       0       6       0       0       6       6     672       1       0       0       0       0       0       0     672       1
  272.000   531871.680       1   43856     200       0       0       0      38       0       0      15      15     676       1       0       0       0       0       0       0     676       1
  273.000   538299.520       1   44386     200       0       0       0      14       0       0      14      14     683       1       0       0       0       0       0       0     683       1
  274.000   538105.472       1   44370     200       0       0       0       5       0       0       5       5     683       1       0       0       0       0       0       0     683       1
  275.000   524317.696       1   43232     200       0       0       0       9       0       0       9       9     683       1       0       0       0       0       0       0     683       1
