  TimeSec      LoaKbps LoaUsag Packets DlyUsec LoaDrps MetDrps TabDrps FloMods MetMods GroMods  PktsIn PktsOut FloEntr FloUsag MetEntr MetUsag GroEntr GroUsag BufPkts BufUsag  T0Entr  T0Usag
    1.000        0.000       0       0      34       0       0       0       4       0       0       0       0       3       0       0       0       0       0       0       0       3       0
    2.000     4121.760       0     341      39       0       0       0       0       0       0       0       0       4       0       0       0       0       0       0       0       4       0
    3.000    12344.544       0    1019      39       0       0       0       0       0       0       0       0       4       0       0       0       0       0       0       0       4       0
    4.000    23114.208       0    1907      39       0       0       0       0       0       0       0       0       4       0       0       0       0       0       0       0       4       0
    5.000    38177.184       0    3149      39       0       0       0       0       0       0       0       0       4       0       0       0       0       0       0       0       4       0
    6.000    45211.424       0    3729      40       0       0       0       0       0       0       0       0       4       0       0       0       0       0       0       0       4       0
    7.000    46581.888       0    3842      40       0       0       0       0       0       0       0       0       4       0       0       0       0       0       0       0       4       0
    8.000    48194.912       0    3975      40       0       0       0       0       0       0       0       0       4       0       0       0       0       0       0       0       4       0
    9.000    48510.240       0    4001      40       0       0       0       0       0       0       0       0       4       0       0       0       0       0       0       0       4       0
   10.000    54622.752       0    4505      55       0       0       0       1       0       0       1       1       5       0       0       0       0       0       0       0       5       0
   11.000    60213.760       0    4966      59       0       0       0       0       0       0       0       0       5       0       0       0       0       0       0       0       5       0
   12.000    62202.752       0    5130      59       0       0       0      51       0       0       1       1       6       0       0       0       0       0       0       0       6       0
   13.000    67684.608       0    5582      59       0       0       0       0       0       0       0       0       6       0       0       0       0       0       0       0       6       0
   14.000    76635.072       0    6320      59       0       0       0       1       0       0       1       1       7       0       0       0       0       0       0       0       7       0
   15.000    83790.592       0    6910      60       0       0       0       0       0       0       0       0       7       0       0       0       0       0       0       0       7       0
   16.000    84930.624       0    7004      60       0       0       0       1       0       0       1       1       8       0       0       0       0       0       0       0       8       0
   17.000    89599.904       0    7389      64       0       0       0       1       0       0       1       1       8       0       0       0       0       0       0       0       8       0
   18.000    91516.128       0    7547      78       0       0       0       1       0       0       1       1       9       0       0       0       0       0       0       0       9       0
   19.000    91819.328       0    7572      79       0       0       0       1       0       0       1       1      11       0       0       0       0       0       0       0      11       0
   20.000   102358.560       0    8441      79       0       0       0       1       0       0       1       1      12       0       0       0       0       0       0       0      12       0
   21.000   109744.512       0    9050      79       0       0       0       1       0       0       1       1      12       0       0       0       0       0       0       0      12       0
   22.000   115420.416       0    9518      80       0       0       0      58       0       0       0       0      13       0       0       0       0       0       0       0      13       0
   23.000   124055.552       0   10230      80       0       0       0       0       0       0       0       0      13       0       0       0       0       0       0       0      13       0
   24.000   130750.208       0   10782      80       0       0       0       1       0       0       1       1      14       0       0       0       0       0       0       0      14       0
   25.000   136656.544       0   11269      80       0       0       0       3       0       0       3       3      15       0       0       0       0       0       0       0      15       0
   26.000   142174.784       0   11724      93       0       0       0       2       0       0       2       2      17       0       0       0       0       0       0       0      17       0
   27.000   148541.984       0   12249      99       0       0       0       1       0       0       1       1      18       0       0       0       0       0       0       0      18       0
   28.000   149512.224       0   12329      99       0       0       0       1       0       0       1       1      18       0       0       0       0       0       0       0      18       0
   29.000   152071.232       0   12540      99       0       0       0       2       0       0       2       2      19       0       0       0       0       0       0       0      19       0
   30.000   158838.656       0   13098      99       0       0       0       1       0       0       1       1      21       0       0       0       0       0       0       0      21       0
   31.000   161324.896       0   13303     100       0       0       0       0       0       0       0       0      20       0       0       0       0       0       0       0      20       0
   32.000   163750.496       0   13503     100       0       0       0      80       0       0       3       3      22       0       0       0       0       0       0       0      22       0
   33.000   162040.448       0   13362     100       0       0       0       2       0       0       2       2      23       0       0       0       0       0       0       0      23       0
   34.000   163617.088       0   13492     100       0       0       0       0       0       0       0       0      23       0       0       0       0       0       0       0      23       0
   35.000   169014.048       0   13937     100       0       0       0       3       0       0       3       3      24       0       0       0       0       0       0       0      24       0
   36.000   169305.120       0   13961     100       0       0       0       4       0       0       4       4      28       0       0       0       0       0       0       0      28       0
   37.000   170821.120       0   14086     100       0       0       0       1       0       0       1       1      29       0       0       0       0       0       0       0      29       0
   38.000   172409.888       0   14217     100       0       0       0       2       0       0       2       2      30       0       0       0       0       0       0       0      30       0
   39.000   172955.648       0   14262     100       0       0       0       2       0       0       2       2      31       0       0       0       0       0       0       0      31       0
   40.000   176060.416       0   14518     100       0       0       0       2       0       0       2       2      31       0       0       0       0       0       0       0      31       0
   41.000   176497.024       0   14554     100       0       0       0       1       0       0       1       1      31       0       0       0       0       0       0       0      31       0
   42.000   176775.968       0   14577     112       0       0       0      36       0       0       3       3      32       0       0       0       0       0       0       0      32       0
   43.000   188309.696       0   15528     105       0       0       0       2       0       0       2       2      32       0       0       0       0       0       0       0      32       0
   44.000   190250.176       0   15688     118       0       0       0       1       0       0       1       1      33       0       0       0       0       0       0       0      33       0
   45.000   194119.008       0   16007     105       0       0       0       2       0       0       2       2      32       0       0       0       0       0       0       0      32       0
   46.000   192457.472       0   15870     118       0       0       0       1       0       0       1       1      33       0       0       0       0       0       0       0      33       0
   47.000   193888.576       0   15988     110       0       0       0       1       0       0       1       1      32       0       0       0       0       0       0       0      32       0
   48.000   199091.488       0   16417     101       0       0       0       1       0       0       1       1      30       0       0       0       0       0       0       0      30       0
   49.000   203166.496       0   16753     100       0       0       0       2       0       0       2       2      30       0       0       0       0       0       0       0      30       0
   50.000   213620.832       0   17615     107       0       0       0       1       0       0       1       1      31       0       0       0       0       0       0       0      31       0
   51.000   218156.704       0   17989     100       0       0       0       1       0       0       1       1      28       0       0       0       0       0       0       0      28       0
   52.000   221164.448       0   18237     100       0       0       0      30       0       0       2       2      27       0       0       0       0       0       0       0      27       0
   53.000   223771.968       0   18452     100       0       0       0       1       0       0       1       1      28       0       0       0       0       0       0       0      28       0
   54.000   227725.696       0   18778     100       0       0       0       5       0       0       4       4      29       0       0       0       0       0       0       0      29       0
   55.000   229726.816       0   18943     100       0       0       0       3       0       0       3       3      31       0       0       0       0       0       0       0      31       0
   56.000   235451.232       0   19415     107       0       0       0       3       0       0       3       3      32       0       0       0       0       0       0       0      32       0
   57.000   242922.080       0   20031     101       0       0       0       2       0       0       2       2      31       0       0       0       0       0       0       0      31       0
   58.000   246754.528       0   20347     114       0       0       0       4       0       0       4       4      33       0       0       0       0       0       0       0      33       0
   59.000   245784.288       0   20267     119       0       0       0       1       0       0       1       1      34       0       0       0       0       0       0       0      34       0
   60.000   252369.792       0   20810     119       0       0       0       4       0       0       4       4      36       0       0       0       0       0       0       0      36       0
   61.000   254164.736       0   20958     119       0       0       0       3       0       0       3       3      37       0       0       0       0       0       0       0      37       0
   62.000   256190.112       0   21125     119       0       0       0      23       0       0       3       3      40       0       0       0       0       0       0       0      40       0
   63.000   260762.368       0   21502     120       0       0       0       1       0       0       1       1      40       0       0       0       0       0       0       0      40       0
   64.000   268548.544       0   22144     120       0       0       0       0       0       0       0       0      40       0       0       0       0       0       0       0      40       0
   65.000   270428.384       0   22299     120       0       0       0       6       0       0       6       6      40       0       0       0       0       0       0       0      40       0
   66.000   272514.400       0   22471     120       0       0       0       2       0       0       1       1      43       0       0       0       0       0       0       0      43       0
   67.000   273836.352       0   22580     120       0       0       0       7       0       0       7       7      46       0       0       0       0       0       0       0      46       0
   68.000   267820.864       0   22084     120       0       0       0       3       0       0       3       3      50       0       0       0       0       0       0       0      50       0
   69.000   274151.680       0   22606     120       0       0       0       2       0       0       2       2      49       0       0       0       0       0       0       0      49       0
   70.000   278226.688       0   22942     120       0       0       0       3       0       0       3       3      46       0       0       0       0       0       0       0      46       0
   71.000   280531.008       0   23132     120       0       0       0       3       0       0       3       3      49       0       0       0       0       0       0       0      49       0
   72.000   283623.648       0   23387     120       0       0       0      20       0       0       4       4      50       0       0       0       0       0       0       0      50       0
   73.000   286631.392       0   23635     120       0       0       0       6       0       0       6       6      51       0       0       0       0       0       0       0      51       0
   74.000   284448.352       0   23455     120       0       0       0       4       0       0       4       4      53       0       0       0       0       0       0       0      53       0
   75.000   277317.088       0   22867     120       0       0       0       4       0       0       4       4      55       0       0       0       0       0       0       0      55       0
   76.000   275631.296       0   22728     120       0       0       0       2       0       0       2       2      55       0       0       0       0       0       0       0      55       0
   77.000   280361.216       0   23118     120       0       0       0       2       0       0       2       2      53       0       0       0       0       0       0       0      53       0
   78.000   278784.576       0   22988     120       0       0       0       7       0       0       7       7      56       0       0       0       0       0       0       0      56       0
   79.000   277123.040       0   22851     120       0       0       0       5       0       0       5       5      62       0       0       0       0       0       0       0      62       0
   80.000   282471.488       0   23292     120       0       0       0       3       0       0       3       3      62       0       0       0       0       0       0       0      62       0
   81.000   281610.400       0   23221     120       0       0       0       5       0       0       5       5      63       0       0       0       0       0       0       0      63       0
   82.000   286400.960       0   23616     121       0       0       0      24       0       0       2       2      62       0       0       0       0       0       0       0      62       0
   83.000   287504.608       0   23707     120       0       0       0       6       0       0       6       6      59       0       0       0       0       0       0       0      59       0
   84.000   282726.176       0   23313     120       0       0       0       1       0       0       1       1      60       0       0       0       0       0       0       0      60       0
   85.000   283938.976       0   23413     123       0       0       0       5       0       0       5       5      63       0       0       0       0       0       0       0      63       0
   86.000   287031.616       0   23668     133       0       0       0       7       0       0       7       7      64       0       0       0       0       0       0       0      64       0
   87.000   291312.800       0   24021     135       0       0       0       1       0       0       1       1      65       0       0       0       0       0       0       0      65       0
   88.000   292731.776       0   24138     138       0       0       0       7       0       0       6       6      66       0       0       0       0       0       0       0      66       0
   89.000   303719.744       0   25044     128       0       0       0       3       0       0       3       3      65       0       0       0       0       0       0       0      65       0
   90.000   307139.840       0   25326     130       0       0       0       5       0       0       5       5      64       0       0       0       0       0       0       0      64       0
   91.000   305357.024       0   25179     138       0       0       0       9       0       0       8       8      68       0       0       0       0       0       0       0      68       0
   92.000   301221.376       0   24838     139       0       0       0      32       0       0       5       5      74       0       0       0       0       0       0       0      74       0
   93.000   298795.776       0   24638     139       0       0       0       6       0       0       5       5      76       0       0       0       0       0       0       0      76       0
   94.000   291082.368       0   24002     139       0       0       0       6       0       0       6       6      75       0       0       0       0       0       0       0      75       0
   95.000   291215.776       0   24013     140       0       0       0       3       0       0       3       3      76       0       0       0       0       0       0       0      76       0
   96.000   294041.600       0   24246     140       0       0       0       3       0       0       3       3      74       0       0       0       0       0       0       0      74       0
   97.000   294805.664       0   24309     140       0       0       0       4       0       0       4       4      73       0       0       0       0       0       0       0      73       0
   98.000   293047.104       0   24164     140       0       0       0       5       0       0       5       5      75       0       0       0       0       0       0       0      75       0
   99.000   294866.304       0   24314     140       0       0       0       1       0       0       1       1      75       0       0       0       0       0       0       0      75       0
  100.000   292695.392       0   24135     140       0       0       0       7       0       0       7       7      74       0       0       0       0       0       0       0      74       0
  101.000   285661.152       0   23555     140       0       0       0       4       0       0       4       4      75       0       0       0       0       0       0       0      75       0
  102.000   287686.528       0   23722     140       0       0       0      32       0       0       7       7      75       0       0       0       0       0       0       0      75       0
  103.000   286728.416       0   23643     140       0       0       0       6       0       0       6       6      77       0       0       0       0       0       0       0      77       0
  104.000   285236.672       0   23520     140       0       0       0       2       0       0       2       2      78       0       0       0       0       0       0       0      78       0
  105.000   285491.360       0   23541     140       0       0       0       2       0       0       2       2      76       0       0       0       0       0       0       0      76       0
  106.000   282095.520       0   23261     140       0       0       0       8       0       0       7       7      76       0       0       0       0       0       0       0      76       0
  107.000   282714.048       0   23312     140       0       0       0       7       0       0       7       7      73       0       0       0       0       0       0       0      73       0
  108.000   275231.072       0   22695     140       0       0       0       4       0       0       4       4      74       0       0       0       0       0       0       0      74       0
  109.000   272114.176       0   22438     140       0       0       0       4       0       0       4       4      70       0       0       0       0       0       0       0      70       0
  110.000   260568.320       0   21486     140       0       0       0       7       0       0       7       7      74       0       0       0       0       0       0       0      74       0
  111.000   246305.792       0   20310     140       0       0       0      13       0       0      13      13      83       0       0       0       0       0       0       0      83       0
  112.000   246815.168       0   20352     140       0       0       0      39       0       0       2       2      85       0       0       0       0       0       0       0      85       0
  113.000   248367.552       0   20480     140       0       0       0       6       0       0       6       6      84       0       0       0       0       0       0       0      84       0
  114.000   249046.720       0   20536     140       0       0       0       4       0       0       4       4      85       0       0       0       0       0       0       0      85       0
  115.000   246681.760       0   20341     140       0       0       0       3       0       0       3       3      86       0       0       0       0       0       0       0      86       0
  116.000   250647.616       0   20668     140       0       0       0       7       0       0       6       6      83       0       0       0       0       0       0       0      83       0
  117.000   248658.624       0   20504     140       0       0       0       2       0       0       2       2      84       0       0       0       0       0       0       0      84       0
  118.000   254079.840       0   20951     140       0       0       0       5       0       0       5       5      81       0       0       0       0       0       0       0      81       0
  119.000   253376.416       0   20893     140       0       0       0       3       0       0       3       3      80       0       0       0       0       0       0       0      80       0
  120.000   251435.936       0   20733     140       0       0       0       7       0       0       6       6      83       0       0       0       0       0       0       0      83       0
  121.000   249859.296       0   20603     140       0       0       0       4       0       0       4       4      82       0       0       0       0       0       0       0      82       0
  122.000   253934.304       0   20939     140       0       0       0      33       0       0       5       5      81       0       0       0       0       0       0       0      81       0
  123.000   256893.536       0   21183     140       0       0       0       4       0       0       4       4      80       0       0       0       0       0       0       0      80       0
  124.000   257536.320       0   21236     140       0       0       0       4       0       0       4       4      80       0       0       0       0       0       0       0      80       0
  125.000   257063.328       0   21197     140       0       0       0       6       0       0       6       6      79       0       0       0       0       0       0       0      79       0
  126.000   253521.952       0   20905     140       0       0       0       8       0       0       8       8      73       0       0       0       0       0       0       0      73       0
  127.000   253194.496       0   20878     140       0       0       0       9       0       0       9       9      79       0       0       0       0       0       0       0      79       0
  128.000   254613.472       0   20995     140       0       0       0       7       0       0       7       7      81       0       0       0       0       0       0       0      81       0
  129.000   257875.904       0   21264     140       0       0       0       5       0       0       5       5      84       0       0       0       0       0       0       0      84       0
  130.000   260932.160       0   21516     140       0       0       0       4       0       0       4       4      83       0       0       0       0       0       0       0      83       0
  131.000   256723.744       0   21169     140       0       0       0       4       0       0       4       4      85       0       0       0       0       0       0       0      85       0
  132.000   254104.096       0   20953     140       0       0       0      50       0       0       6       6      84       0       0       0       0       0       0       0      84       0
  133.000   251326.784       0   20724     140       0       0       0       5       0       0       5       5      85       0       0       0       0       0       0       0      85       0
  134.000   254298.144       0   20969     140       0       0       0       6       0       0       6       6      88       0       0       0       0       0       0       0      88       0
  135.000   257378.656       0   21223     140       0       0       0       5       0       0       5       5      86       0       0       0       0       0       0       0      86       0
  136.000   260859.392       0   21510     140       0       0       0       3       0       0       3       3      85       0       0       0       0       0       0       0      85       0
  137.000   262496.672       0   21645     140       0       0       0       3       0       0       3       3      84       0       0       0       0       0       0       0      84       0
  138.000   263200.096       0   21703     140       0       0       0       3       0       0       3       3      83       0       0       0       0       0       0       0      83       0
  139.000   263745.856       0   21748     140       0       0       0       3       0       0       3       3      83       0       0       0       0       0       0       0      83       0
  140.000   260810.880       0   21506     140       0       0       0       5       0       0       5       5      81       0       0       0       0       0       0       0      81       0
  141.000   266947.648       0   22012     140       0       0       0       5       0       0       5       5      78       0       0       0       0       0       0       0      78       0
  142.000   267626.816       0   22068     140       0       0       0      30       0       0       5       5      74       0       0       0       0       0       0       0      74       0
  143.000   269106.432       0   22190     140       0       0       0       5       0       0       5       5      73       0       0       0       0       0       0       0      73       0
  144.000   265128.448       0   21862     140       0       0       0       6       0       0       6       6      71       0       0       0       0       0       0       0      71       0
  145.000   260956.416       0   21518     140       0       0       0       5       0       0       5       5      73       0       0       0       0       0       0       0      73       0
  146.000   259525.312       0   21400     140       0       0       0       5       0       0       5       5      73       0       0       0       0       0       0       0      73       0
  147.000   259137.216       0   21368     140       0       0       0      11       0       0      11      11      76       0       0       0       0       0       0       0      76       0
  148.000   255086.464       0   21034     140       0       0       0       6       0       0       6       6      79       0       0       0       0       0       0       0      79       0
  149.000   249980.576       0   20613     140       0       0       0       5       0       0       5       5      79       0       0       0       0       0       0       0      79       0
  150.000   257014.816       0   21193     140       0       0       0       3       0       0       3       3      79       0       0       0       0       0       0       0      79       0
  151.000   264036.928       0   21772     140       0       0       0       5       0       0       5       5      78       0       0       0       0       0       0       0      78       0
  152.000   268718.336       0   22158     140       0       0       0      35       0       0       3       3      80       0       0       0       0       0       0       0      80       0
  153.000   281234.432       0   23190     140       0       0       0       4       0       0       3       3      78       0       0       0       0       0       0       0      78       0
  154.000   279390.976       0   23038     140       0       0       0       5       0       0       5       5      81       0       0       0       0       0       0       0      81       0
  155.000   276662.176       0   22813     140       0       0       0       0       0       0       0       0      78       0       0       0       0       0       0       0      78       0
  156.000   279221.184       0   23024     140       0       0       0       5       0       0       5       5      77       0       0       0       0       0       0       0      77       0
  157.000   278893.728       0   22997     140       0       0       0       2       0       0       2       2      75       0       0       0       0       0       0       0      75       0
  158.000   282313.824       0   23279     140       0       0       0       6       0       0       6       6      75       0       0       0       0       0       0       0      75       0
  159.000   286764.800       0   23646     140       0       0       0       9       0       0       8       8      76       0       0       0       0       0       0       0      76       0
  160.000   282277.440       0   23276     140       0       0       0       8       0       0       7       7      80       0       0       0       0       0       0       0      80       0
  161.000   278420.736       0   22958     140       0       0       0       9       0       0       8       8      83       0       0       0       0       0       0       0      83       0
  162.000   277620.288       0   22892     140       0       0       0      30       0       0       3       3      80       0       0       0       0       0       0       0      80       0
  163.000   280700.800       0   23146     140       0       0       0       2       0       0       2       2      75       0       0       0       0       0       0       0      75       0
  164.000   280785.696       0   23153     140       0       0       0       6       0       0       6       6      73       0       0       0       0       0       0       0      73       0
  165.000   276844.096       0   22828     140       0       0       0       5       0       0       5       5      74       0       0       0       0       0       0       0      74       0
  166.000   283005.120       0   23336     140       0       0       0       4       0       0       4       4      75       0       0       0       0       0       0       0      75       0
  167.000   279524.384       0   23049     140       0       0       0      11       0       0      10      10      79       0       0       0       0       0       0       0      79       0
  168.000   279669.920       0   23061     140       0       0       0       4       0       0       4       4      82       0       0       0       0       0       0       0      82       0
  169.000   283805.568       0   23402     140       0       0       0       4       0       0       4       4      83       0       0       0       0       0       0       0      83       0
  170.000   282980.864       0   23334     140       0       0       0       6       0       0       6       6      85       0       0       0       0       0       0       0      85       0
  171.000   276722.816       0   22818     140       0       0       0       3       0       0       3       3      86       0       0       0       0       0       0       0      86       0
  172.000   277814.336       0   22908     140       0       0       0      32       0       0       3       3      86       0       0       0       0       0       0       0      86       0
  173.000   276953.248       0   22837     140       0       0       0       6       0       0       6       6      87       0       0       0       0       0       0       0      87       0
  174.000   268948.768       0   22177     140       0       0       0       6       0       0       6       6      85       0       0       0       0       0       0       0      85       0
  175.000   274272.960       0   22616     140       0       0       0       2       0       0       2       2      80       0       0       0       0       0       0       0      80       0
  176.000   280373.344       0   23119     140       0       0       0       4       0       0       4       4      74       0       0       0       0       0       0       0      74       0
  177.000   276371.104       0   22789     140       0       0       0       4       0       0       4       4      74       0       0       0       0       0       0       0      74       0
  178.000   273035.904       0   22514     140       0       0       0       6       0       0       6       6      76       0       0       0       0       0       0       0      76       0
  179.000   273411.872       0   22545     140       0       0       0       7       0       0       5       5      79       0       0       0       0       0       0       0      79       0
  180.000   272805.472       0   22495     140       0       0       0       3       0       0       3       3      78       0       0       0       0       0       0       0      78       0
  181.000   273593.792       0   22560     140       0       0       0       3       0       0       3       3      77       0       0       0       0       0       0       0      77       0
  182.000   273896.992       0   22585     140       0       0       0      38       0       0       6       6      72       0       0       0       0       0       0       0      72       0
  183.000   267335.744       0   22044     140       0       0       0      10       0       0       9       9      76       0       0       0       0       0       0       0      76       0
  184.000   261380.896       0   21553     140       0       0       0       6       0       0       6       6      78       0       0       0       0       0       0       0      78       0
  185.000   258142.720       0   21286     140       0       0       0       7       0       0       7       7      80       0       0       0       0       0       0       0      80       0
  186.000   254783.264       0   21009     140       0       0       0       5       0       0       5       5      81       0       0       0       0       0       0       0      81       0
  187.000   254201.120       0   20961     140       0       0       0       5       0       0       5       5      82       0       0       0       0       0       0       0      82       0
  188.000   257390.784       0   21224     140       0       0       0       6       0       0       6       6      83       0       0       0       0       0       0       0      83       0
  189.000   257609.088       0   21242     140       0       0       0       9       0       0       9       9      86       0       0       0       0       0       0       0      86       0
  190.000   259598.080       0   21406     140       0       0       0       5       0       0       5       5      88       0       0       0       0       0       0       0      88       0
  191.000   259452.544       0   21394     140       0       0       0       6       0       0       6       6      92       0       0       0       0       0       0       0      92       0
  192.000   261671.968       0   21577     140       0       0       0      35       0       0       3       3      91       0       0       0       0       0       0       0      91       0
  193.000   262993.920       0   21686     140       0       0       0      11       0       0      11      11      95       0       0       0       0       0       0       0      95       0
  194.000   264910.144       0   21844     140       0       0       0       7       0       0       7       7      98       0       0       0       0       0       0       0      98       0
  195.000   271022.656       0   22348     140       0       0       0       3       0       0       3       3      97       0       0       0       0       0       0       0      97       0
  196.000   271810.976       0   22413     140       0       0       0       5       0       0       5       5      98       0       0       0       0       0       0       0      98       0
  197.000   271131.808       0   22357     140       0       0       0       5       0       0       5       5      99       0       0       0       0       0       0       0      99       0
  198.000   269979.648       0   22262     140       0       0       0       5       0       0       5       5      95       0       0       0       0       0       0       0      95       0
  199.000   272672.064       0   22484     140       0       0       0       3       0       0       3       3      90       0       0       0       0       0       0       0      90       0
  200.000   271568.416       0   22393     140       0       0       0       2       0       0       2       2      87       0       0       0       0       0       0       0      87       0
  201.000   278069.024       0   22929     140       0       0       0       4       0       0       4       4      83       0       0       0       0       0       0       0      83       0
  202.000   280797.824       0   23154     140       0       0       0      38       0       0       4       4      82       0       0       0       0       0       0       0      82       0
  203.000   278590.528       0   22972     140       0       0       0       4       0       0       4       4      81       0       0       0       0       0       0       0      81       0
  204.000   284606.016       0   23468     140       0       0       0       3       0       0       3       3      76       0       0       0       0       0       0       0      76       0
  205.000   288765.920       0   23811     140       0       0       0       4       0       0       4       4      74       0       0       0       0       0       0       0      74       0
  206.000   289020.608       0   23832     140       0       0       0       9       0       0       9       9      75       0       0       0       0       0       0       0      75       0
  207.000   291870.688       0   24067     140       0       0       0       7       0       0       7       7      78       0       0       0       0       0       0       0      78       0
  208.000   288523.360       0   23791     140       0       0       0       3       0       0       2       2      74       0       0       0       0       0       0       0      74       0
  209.000   284157.280       0   23431     140       0       0       0       8       0       0       8       8      71       0       0       0       0       0       0       0      71       0
  210.000   283223.424       0   23354     140       0       0       0       4       0       0       4       4      72       0       0       0       0       0       0       0      72       0
  211.000   281379.968       0   23202     140       0       0       0       1       0       0       1       1      71       0       0       0       0       0       0       0      71       0
  212.000   282689.792       0   23310     140       0       0       0      32       0       0      11      11      72       0       0       0       0       0       0       0      72       0
  213.000   275728.320       0   22736     140       0       0       0       5       0       0       5       5      74       0       0       0       0       0       0       0      74       0
  214.000   279572.896       0   23053     140       0       0       0       5       0       0       5       5      77       0       0       0       0       0       0       0      77       0
  215.000   284254.304       0   23439     140       0       0       0       4       0       0       4       4      79       0       0       0       0       0       0       0      79       0
  216.000   286558.624       0   23629     140       0       0       0       6       0       0       5       5      81       0       0       0       0       0       0       0      81       0
  217.000   284860.704       0   23489     140       0       0       0       2       0       0       2       2      82       0       0       0       0       0       0       0      82       0
  218.000   285091.136       0   23508     140       0       0       0       7       0       0       7       7      81       0       0       0       0       0       0       0      81       0
  219.000   278432.864       0   22959     140       0       0       0       4       0       0       4       4      84       0       0       0       0       0       0       0      84       0
  220.000   275655.552       0   22730     140       0       0       0       6       0       0       6       6      85       0       0       0       0       0       0       0      85       0
  221.000   280385.472       0   23120     140       0       0       0       4       0       0       3       3      83       0       0       0       0       0       0       0      83       0
  222.000   284751.552       0   23480     140       0       0       0      27       0       0       1       1      79       0       0       0       0       0       0       0      79       0
  223.000   289505.728       0   23872     140       0       0       0       4       0       0       4       4      77       0       0       0       0       0       0       0      77       0
  224.000   292064.736       0   24083     140       0       0       0       2       0       0       2       2      73       0       0       0       0       0       0       0      73       0
  225.000   294720.768       0   24302     140       0       0       0       6       0       0       6       6      71       0       0       0       0       0       0       0      71       0
  226.000   289918.080       0   23906     140       0       0       0      12       0       0      11      11      80       0       0       0       0       0       0       0      80       0
  227.000   286461.600       0   23621     140       0       0       0       3       0       0       3       3      80       0       0       0       0       0       0       0      80       0
  228.000   284157.280       0   23431     140       0       0       0      10       0       0       9       9      78       0       0       0       0       0       0       0      78       0
  229.000   279415.232       0   23040     140       0       0       0       6       0       0       6       6      81       0       0       0       0       0       0       0      81       0
  230.000   284897.088       0   23492     140       0       0       0       7       0       0       7       7      82       0       0       0       0       0       0       0      82       0
  231.000   285491.360       0   23541     140       0       0       0       9       0       0       9       9      84       0       0       0       0       0       0       0      84       0
  232.000   289845.312       0   23900     140       0       0       0      42       0       0       4       4      88       0       0       0       0       0       0       0      88       0
  233.000   288790.176       0   23813     140       0       0       0       7       0       0       7       7      90       0       0       0       0       0       0       0      90       0
  234.000   283502.368       0   23377     140       0       0       0      11       0       0      10      10      94       0       0       0       0       0       0       0      94       0
  235.000   279488.000       0   23046     140       0       0       0       5       0       0       5       5      95       0       0       0       0       0       0       0      95       0
  236.000   280349.088       0   23117     140       0       0       0       6       0       0       6       6      97       0       0       0       0       0       0       0      97       0
  237.000   279706.304       0   23064     140       0       0       0       8       0       0       8       8     100       0       0       0       0       0       0       0     100       0
  238.000   283720.672       0   23395     140       0       0       0       5       0       0       5       5     102       0       0       0       0       0       0       0     102       0
  239.000   288972.096       0   23828     140       0       0       0       7       0       0       7       7     107       0       0       0       0       0       0       0     107       0
  240.000   285503.488       0   23542     140       0       0       0       6       0       0       6       6     112       0       0       0       0       0       0       0     112       0
  241.000   283696.416       0   23393     140       0       0       0       3       0       0       3       3     103       0       0       0       0       0       0       0     103       0
  242.000   285297.312       0   23525     140       0       0       0      22       0       0       0       0      99       0       0       0       0       0       0       0      99       0
  243.000   286692.032       0   23640     140       0       0       0       4       0       0       4       4      96       0       0       0       0       0       0       0      96       0
  244.000   283672.160       0   23391     140       0       0       0       4       0       0       4       4      90       0       0       0       0       0       0       0      90       0
  245.000   281755.936       0   23233     140       0       0       0       5       0       0       5       5      91       0       0       0       0       0       0       0      91       0
  246.000   281792.320       0   23236     140       0       0       0       5       0       0       4       4      89       0       0       0       0       0       0       0      89       0
  247.000   275704.064       0   22734     140       0       0       0       8       0       0       8       8      87       0       0       0       0       0       0       0      87       0
  248.000   271968.640       0   22426     140       0       0       0       7       0       0       7       7      88       0       0       0       0       0       0       0      88       0
  249.000   268584.928       0   22147     140       0       0       0       6       0       0       6       6      84       0       0       0       0       0       0       0      84       0
  250.000   264340.128       0   21797     140       0       0       0       7       0       0       7       7      85       0       0       0       0       0       0       0      85       0
  251.000   261308.128       0   21547     140       0       0       0       2       0       0       2       2      83       0       0       0       0       0       0       0      83       0
  252.000   261720.480       0   21581     140       0       0       0      40       0       0       8       8      81       0       0       0       0       0       0       0      81       0
  253.000   259913.408       0   21432     140       0       0       0       6       0       0       6       6      83       0       0       0       0       0       0       0      83       0
  254.000   262775.616       0   21668     140       0       0       0       8       0       0       8       8      83       0       0       0       0       0       0       0      83       0
  255.000   261793.248       0   21587     140       0       0       0       7       0       0       6       6      81       0       0       0       0       0       0       0      81       0
  256.000   258518.688       0   21317     140       0       0       0       8       0       0       8       8      88       0       0       0       0       0       0       0      88       0
  257.000   260143.840       0   21451     140       0       0       0       5       0       0       5       5      91       0       0       0       0       0       0       0      91       0
  258.000   255996.064       0   21109     140       0       0       0       4       0       0       4       4      94       0       0       0       0       0       0       0      94       0
  259.000   255001.568       0   21027     140       0       0       0       3       0       0       3       3      93       0       0       0       0       0       0       0      93       0
  260.000   249604.608       0   20582     140       0       0       0       4       0       0       4       4      91       0       0       0       0       0       0       0      91       0
  261.000   249204.384       0   20549     140       0       0       0       7       0       0       7       7      92       0       0       0       0       0       0       0      92       0
  262.000   251023.584       0   20699     140       0       0       0      28       0       0       2       2      91       0       0       0       0       0       0       0      91       0
  263.000   250562.720       0   20661     140       0       0       0       3       0       0       3       3      87       0       0       0       0       0       0       0      87       0
  264.000   255947.552       0   21105     140       0       0       0       2       0       0       2       2      82       0       0       0       0       0       0       0      82       0
  265.000   257281.632       0   21215     140       0       0       0       4       0       0       4       4      79       0       0       0       0       0       0       0      79       0
  266.000   253412.800       0   20896     140       0       0       0       7       0       0       7       7      80       0       0       0       0       0       0       0      80       0
  267.000   262035.808       0   21607     140       0       0       0       4       0       0       4       4      80       0       0       0       0       0       0       0      80       0
  268.000   261574.944       0   21569     140       0       0       0       3       0       0       3       3      76       0       0       0       0       0       0       0      76       0
  269.000   260738.112       0   21500     140       0       0       0       5       0       0       5       5      73       0       0       0       0       0       0       0      73       0
  270.000   261393.024       0   21554     140       0       0       0       5       0       0       5       5      72       0       0       0       0       0       0       0      72       0
  271.000   264194.592       0   21785     140       0       0       0       6       0       0       6       6      68       0       0       0       0       0       0       0      68       0
  272.000   266074.432       0   21940     140       0       0       0      42       0       0       7       7      69       0       0       0       0       0       0       0      69       0
  273.000   263563.936       0   21733     140       0       0       0       2       0       0       2       2      68       0       0       0       0       0       0       0      68       0
  274.000   261065.568       0   21527     140       0       0       0       9       0       0       9       9      73       0       0       0       0       0       0       0      73       0
  275.000   262207.360       0   21620     140       0       0       0       3       0       0       3       3      73       0       0       0       0       0       0       0      73       0
