  TimeSec      LoaKbps LoaUsag Packets DlyUsec LoaDrps MetDrps TabDrps FloMods MetMods GroMods  PktsIn PktsOut FloEntr FloUsag MetEntr MetUsag GroEntr GroUsag BufPkts BufUsag  T0Entr  T0Usag
    1.000        0.000       0       0      34       0       0       0       3       0       2       0       0       3       2       0       0       2       0       0       0       3       2
    2.000     2843.136       0     235      71       0       0       0      12       0       0       0       0       9       5       0       0       2       0       0       0       9       5
    3.000     8652.448       1     714      96       0       0       0      12       0       0       0       0      20      10       0       0       2       0       0       0      20      10
    4.000    15601.792       2    1287     106       0       0       0       6       0       0       0       0      30      15       0       0       2       0       0       0      30      15
    5.000    20634.912       2    1702     118       0       0       0      14       0       0       0       0      42      21       0       0       2       0       0       0      42      21
    6.000    24940.352       2    2057     119       0       0       0      12       0       0       0       0      52      26       0       0       2       0       0       0      52      26
    7.000    28032.992       3    2312     127       0       0       0       8       0       0       0       0      62      31       0       0       2       0       0       0      62      31
    8.000    31368.192       3    2587     138       0       0       0      10       0       0       0       0      72      36       0       0       2       0       0       0      72      36
    9.000    34921.696       3    2880     139       0       0       0       6       0       0       0       0      79      40       0       0       2       0       0       0      79      40
   10.000    38269.024       4    3156     139       0       0       0      12       0       0       0       0      89      45       0       0       2       0       0       0      89      45
   11.000    43763.008       4    3609     139       0       0       0      12       0       0       0       0     101      51       0       0       2       0       0       0     101      51
   12.000    49099.328       5    4049     140       0       0       0      10       0       0       0       0     113      57       0       0       2       0       0       0     113      57
   13.000    52155.584       5    4301     140       0       0       0       6       0       0       0       0     120      60       0       0       2       0       0       0     120      60
   14.000    58292.352       6    4807     140       0       0       0       6       0       0       0       0     125      63       0       0       2       0       0       0     125      63
   15.000    70905.472       7    5847     157       0       0       0      14       0       0       0       0     137      69       0       0       2       0       0       0     137      69
   16.000    75817.312       8    6252     159       0       0       0       8       0       0       0       0     146      73       0       0       2       0       0       0     146      73
   17.000    78424.832       8    6467     159       0       0       0       8       0       0       0       0     153      77       0       0       2       0       0       0     153      77
   18.000    83457.952       8    6882     159       0       0       0      12       0       0       0       0     157      79       0       0       2       0       0       0     157      79
   19.000    89655.360       9    7393     160       0       0       0      14       0       0       0       0     164      82       0       0       2       0       0       0     164      82
   20.000   103238.720      10    8513     160       0       0       0      10       0       0       0       0     172      86       0       0       2       0       0       0     172      86
   21.000   107738.208      11    8884     160       0       0       0       6       0       0       0       0     174      87       0       0       2       0       0       0     174      87
   22.000   112116.416      11    9245     160       0       0       0      10       0       0       0       0     176      88       0       0       2       0       0       0     176      88
   23.000   119890.464      12    9886     160       0       0       0      14       0       0       0       0     182      91       0       0       2       0       0       0     182      91
   24.000   124402.080      12   10258     160       0       0       0       4       0       0       0       0     188      94       0       0       2       0       0       0     188      94
   25.000   125772.544      13   10371     160       0       0       0       6       0       0       0       0     190      95       0       0       2       0       0       0     190      95
   26.000   125724.032      13   10367     160       0       0       0       6       0       0       0       0     188      94       0       0       2       0       0       0     188      94
   27.000   128913.696      13   10630     160       0       0       0       8       0       0       0       0     189      95       0       0       2       0       0       0     189      95
   28.000   134334.912      13   11077     160       0       0       0      10       0       0       0       0     194      97       0       0       2       0       0       0     194      97
   29.000   138895.040      14   11453     160       0       0       0       4       0       0       0       0     199     100       0       0       2       0       0       0     199     100
   30.000   136845.408      14   11284     160       0       0       0       8       0       0       0       0     197      99       0       0       2       0       0       0     197      99
   31.000   137767.136      14   11360     160       0       0       0       4       0       0       0       0     199     100       0       0       2       0       0       0     199     100
   32.000   139683.360      14   11518     160       0       0       0       4       0       0       0       0     198      99       0       0       2       0       0       0     198      99
   33.000   141830.016      14   11695     160       0       0       0       6       0       0       0       0     198      99       0       0       2       0       0       0     198      99
   34.000   137621.600      14   11348     160       0       0       0       8       0       0       0       0     198      99       0       0       2       0       0       0     198      99
   35.000   139489.312      14   11502     160       0       0       0       6       0       0       0       0     198      99       0       0       2       0       0       0     198      99
   36.000   140665.728      14   11599     160       0       0       0       4       0       0       0       0     199     100       0       0       2       0       0       0     199     100
   37.000   140544.448      14   11589     160       0       0       0       4       0       0       0       0     198      99       0       0       2       0       0       0     198      99
   38.000   146135.456      15   12050     160       0       0       0       6       0       0       0       0     199     100       0       0       2       0       0       0     199     100
   39.000   144583.072      14   11922     160       0       0       0       6       0       0       0       0     198      99       0       0       2       0       0       0     198      99
   40.000   136493.696      14   11255     160       0       0       0       4       0       0       0       0     199     100       0       0       2       0       0       0     199     100
   41.000   133582.976      13   11015     160       0       0       0       4       0       0       0       0     199     100       0       0       2       0       0       0     199     100
   42.000   134710.880      13   11108     160       0       0       0       6       0       0       0       0     198      99       0       0       2       0       0       0     198      99
   43.000   139307.392      14   11487     160       0       0       0       6       0       0       0       0     198      99       0       0       2       0       0       0     198      99
   44.000   141708.736      14   11685     160       0       0       0       6       0       0       0       0     199     100       0       0       2       0       0       0     199     100
   45.000   144862.016      14   11945     160       0       0       0       6       0       0       0       0     199     100       0       0       2       0       0       0     199     100
   46.000   152175.200      15   12548     160       0       0       0       4       0       0       0       0     198      99       0       0       2       0       0       0     198      99
   47.000   151301.984      15   12476     160       0       0       0       2       0       0       0       0     199     100       0       0       2       0       0       0     199     100
   48.000   150913.888      15   12444     160       0       0       0       2       0       0       0       0     198      99       0       0       2       0       0       0     198      99
   49.000   155789.344      16   12846     160       0       0       0       4       0       0       0       0     196      98       0       0       2       0       0       0     196      98
   50.000   158687.936      16   13085     160       0       0       0       8       0       0       0       0     197      99       0       0       2       0       0       0     197      99
   51.000   158760.704      16   13091     160       0       0       0       4       0       0       0       0     197      99       0       0       2       0       0       0     197      99
   52.000   159949.248      16   13189     160       0       0       0       2       0       0       0       0     199     100       0       0       2       0       0       0     199     100
   53.000   159015.392      16   13112     160       0       0       0       6       0       0       0       0     199     100       0       0       2       0       0       0     199     100
   54.000   158154.304      16   13041     160       0       0       0       4       0       0       0       0     198      99       0       0       2       0       0       0     198      99
   55.000   159961.376      16   13190     160       0       0       0       6       0       0       0       0     198      99       0       0       2       0       0       0     198      99
   56.000   165855.584      17   13676     160       0       0       0       4       0       0       0       0     199     100       0       0       2       0       0       0     199     100
   57.000   164594.272      16   13572     160       0       0       0       4       0       0       0       0     198      99       0       0       2       0       0       0     198      99
   58.000   167735.424      17   13831     160       0       0       0       4       0       0       0       0     199     100       0       0       2       0       0       0     199     100
   59.000   169469.728      17   13974     160       0       0       0       4       0       0       0       0     199     100       0       0       2       0       0       0     199     100
   60.000   167565.632      17   13817     160       0       0       0       2       0       0       0       0     198      99       0       0       2       0       0       0     198      99
   61.000   165722.176      17   13665     160       0       0       0       6       0       0       0       0     198      99       0       0       2       0       0       0     198      99
   62.000   166474.112      17   13727     160       0       0       0       2       0       0       0       0     199     100       0       0       2       0       0       0     199     100
   63.000   167383.712      17   13802     160       0       0       0       2       0       0       0       0     199     100       0       0       2       0       0       0     199     100
   64.000   167856.704      17   13841     160       0       0       0       4       0       0       0       0     199     100       0       0       2       0       0       0     199     100
   65.000   170064.000      17   14023     160       0       0       0       4       0       0       0       0     199     100       0       0       2       0       0       0     199     100
   66.000   167444.352      17   13807     160       0       0       0       4       0       0       0       0     198      99       0       0       2       0       0       0     198      99
   67.000   166631.776      17   13740     160       0       0       0       6       0       0       0       0     198      99       0       0       2       0       0       0     198      99
   68.000   166777.312      17   13752     160       0       0       0       4       0       0       0       0     198      99       0       0       2       0       0       0     198      99
   69.000   166850.080      17   13758     160       0       0       0       4       0       0       0       0     199     100       0       0       2       0       0       0     199     100
   70.000   166340.704      17   13716     160       0       0       0       2       0       0       0       0     199     100       0       0       2       0       0       0     199     100
   71.000   166801.568      17   13754     160       0       0       0       4       0       0       0       0     199     100       0       0       2       0       0       0     199     100
   72.000   165152.160      17   13618     160       0       0       0       4       0       0       0       0     198      99       0       0       2       0       0       0     198      99
   73.000   163818.080      16   13508     160       0       0       0       2       0       0       0       0     199     100       0       0       2       0       0       0     199     100
   74.000   156965.760      16   12943     160       0       0       0       4       0       0       0       0     198      99       0       0       2       0       0       0     198      99
   75.000   156844.480      16   12933     160       0       0       0       4       0       0       0       0     199     100       0       0       2       0       0       0     199     100
   76.000   159367.104      16   13141     160       0       0       0       4       0       0       0       0     198      99       0       0       2       0       0       0     198      99
   77.000   160410.112      16   13227     160       0       0       0       4       0       0       0       0     199     100       0       0       2       0       0       0     199     100
   78.000   161465.248      16   13314     160       0       0       0       4       0       0       0       0     199     100       0       0       2       0       0       0     199     100
   79.000   163090.400      16   13448     160       0       0       0       4       0       0       0       0     198      99       0       0       2       0       0       0     198      99
   80.000   164958.112      16   13602     160       0       0       0       6       0       0       0       0     198      99       0       0       2       0       0       0     198      99
   81.000   163357.216      16   13470     160       0       0       0       6       0       0       0       0     199     100       0       0       2       0       0       0     199     100
   82.000   160531.392      16   13237     160       0       0       0       4       0       0       0       0     199     100       0       0       2       0       0       0     199     100
   83.000   159330.720      16   13138     160       0       0       0       4       0       0       0       0     198      99       0       0       2       0       0       0     198      99
   84.000   159306.464      16   13136     160       0       0       0       2       0       0       0       0     198      99       0       0       2       0       0       0     198      99
   85.000   156771.712      16   12927     160       0       0       0       4       0       0       0       0     199     100       0       0       2       0       0       0     199     100
   86.000   150913.888      15   12444     160       0       0       0       2       0       0       0       0     199     100       0       0       2       0       0       0     199     100
   87.000   147687.840      15   12178     160       0       0       0       6       0       0       0       0     199     100       0       0       2       0       0       0     199     100
   88.000   151459.648      15   12489     160       0       0       0       6       0       0       0       0     198      99       0       0       2       0       0       0     198      99
   89.000   155001.024      16   12781     160       0       0       0       6       0       0       0       0     199     100       0       0       2       0       0       0     199     100
   90.000   153521.408      15   12659     160       0       0       0       2       0       0       0       0     199     100       0       0       2       0       0       0     199     100
   91.000   149883.008      15   12359     160       0       0       0       4       0       0       0       0     199     100       0       0       2       0       0       0     199     100
   92.000   151811.360      15   12518     160       0       0       0       4       0       0       0       0     198      99       0       0       2       0       0       0     198      99
   93.000   152260.096      15   12555     160       0       0       0       8       0       0       0       0     198      99       0       0       2       0       0       0     198      99
   94.000   142691.104      14   11766     160       0       0       0       2       0       0       0       0     199     100       0       0       2       0       0       0     199     100
   95.000   142873.024      14   11781     160       0       0       0       0       0       0       0       0     198      99       0       0       2       0       0       0     198      99
   96.000   143758.368      14   11854     160       0       0       0      10       0       0       0       0     198      99       0       0       2       0       0       0     198      99
   97.000   146559.936      15   12085     160       0       0       0       4       0       0       0       0     199     100       0       0       2       0       0       0     199     100
   98.000   142218.112      14   11727     160       0       0       0       2       0       0       0       0     199     100       0       0       2       0       0       0     199     100
   99.000   139465.056      14   11500     160       0       0       0       6       0       0       0       0     198      99       0       0       2       0       0       0     198      99
  100.000   134334.912      13   11077     160       0       0       0       6       0       0       0       0     198      99       0       0       2       0       0       0     198      99
  101.000   129520.096      13   10680     160       0       0       0       2       0       0       0       0     198      99       0       0       2       0       0       0     198      99
  102.000   129653.504      13   10691     160       0       0       0       6       0       0       0       0     198      99       0       0       2       0       0       0     198      99
  103.000   126488.096      13   10430     160       0       0       0       2       0       0       0       0     199     100       0       0       2       0       0       0     199     100
  104.000   127009.600      13   10473     160       0       0       0       6       0       0       0       0     199     100       0       0       2       0       0       0     199     100
  105.000   126318.304      13   10416     160       0       0       0       2       0       0       0       0     199     100       0       0       2       0       0       0     199     100
  106.000   126803.424      13   10456     160       0       0       0       6       0       0       0       0     198      99       0       0       2       0       0       0     198      99
  107.000   128173.888      13   10569     160       0       0       0       2       0       0       0       0     199     100       0       0       2       0       0       0     199     100
  108.000   129617.120      13   10688     160       0       0       0       6       0       0       0       0     199     100       0       0       2       0       0       0     199     100
  109.000   127567.488      13   10519     160       0       0       0       6       0       0       0       0     198      99       0       0       2       0       0       0     198      99
  110.000   124705.280      12   10283     160       0       0       0       2       0       0       0       0     199     100       0       0       2       0       0       0     199     100
  111.000   124086.752      12   10232     160       0       0       0       6       0       0       0       0     197      99       0       0       2       0       0       0     197      99
  112.000   127045.984      13   10476     160       0       0       0       4       0       0       0       0     199     100       0       0       2       0       0       0     199     100
  113.000   127640.256      13   10525     160       0       0       0       6       0       0       0       0     198      99       0       0       2       0       0       0     198      99
  114.000   132188.256      13   10900     160       0       0       0       8       0       0       0       0     198      99       0       0       2       0       0       0     198      99
  115.000   135329.408      14   11159     160       0       0       0       4       0       0       0       0     198      99       0       0       2       0       0       0     198      99
  116.000   134310.656      13   11075     160       0       0       0       8       0       0       0       0     199     100       0       0       2       0       0       0     199     100
  117.000   132054.848      13   10889     160       0       0       0       4       0       0       0       0     197      99       0       0       2       0       0       0     197      99
  118.000   134553.216      13   11095     160       0       0       0       6       0       0       0       0     198      99       0       0       2       0       0       0     198      99
  119.000   135741.760      14   11193     160       0       0       0       6       0       0       0       0     199     100       0       0       2       0       0       0     199     100
  120.000   131751.648      13   10864     160       0       0       0       2       0       0       0       0     199     100       0       0       2       0       0       0     199     100
  121.000   130441.824      13   10756     160       0       0       0       4       0       0       0       0     199     100       0       0       2       0       0       0     199     100
  122.000   135402.176      14   11165     160       0       0       0       6       0       0       0       0     199     100       0       0       2       0       0       0     199     100
  123.000   135899.424      14   11206     160       0       0       0       2       0       0       0       0     199     100       0       0       2       0       0       0     199     100
  124.000   137876.288      14   11369     160       0       0       0       6       0       0       0       0     199     100       0       0       2       0       0       0     199     100
  125.000   139416.544      14   11496     160       0       0       0       6       0       0       0       0     198      99       0       0       2       0       0       0     198      99
  126.000   136032.832      14   11217     160       0       0       0       2       0       0       0       0     199     100       0       0       2       0       0       0     199     100
  127.000   130041.600      13   10723     160       0       0       0       2       0       0       0       0     199     100       0       0       2       0       0       0     199     100
  128.000   129265.408      13   10659     160       0       0       0       8       0       0       0       0     199     100       0       0       2       0       0       0     199     100
  129.000   129726.272      13   10697     160       0       0       0       4       0       0       0       0     199     100       0       0       2       0       0       0     199     100
  130.000   129811.168      13   10704     160       0       0       0       4       0       0       0       0     199     100       0       0       2       0       0       0     199     100
  131.000   127227.904      13   10491     160       0       0       0      10       0       0       0       0     197      99       0       0       2       0       0       0     197      99
  132.000   125542.112      13   10352     160       0       0       0       2       0       0       0       0     198      99       0       0       2       0       0       0     198      99
  133.000   125602.752      13   10357     160       0       0       0       6       0       0       0       0     198      99       0       0       2       0       0       0     198      99
  134.000   125214.656      13   10325     160       0       0       0       4       0       0       0       0     199     100       0       0       2       0       0       0     199     100
  135.000   120254.304      12    9916     160       0       0       0       4       0       0       0       0     197      99       0       0       2       0       0       0     197      99
  136.000   121940.096      12   10055     160       0       0       0       6       0       0       0       0     199     100       0       0       2       0       0       0     199     100
  137.000   118908.096      12    9805     160       0       0       0       6       0       0       0       0     199     100       0       0       2       0       0       0     199     100
  138.000   117440.608      12    9684     160       0       0       0       4       0       0       0       0     198      99       0       0       2       0       0       0     198      99
  139.000   117416.352      12    9682     160       0       0       0       2       0       0       0       0     197      99       0       0       2       0       0       0     197      99
  140.000   121454.976      12   10015     160       0       0       0       6       0       0       0       0     198      99       0       0       2       0       0       0     198      99
  141.000   123165.024      12   10156     160       0       0       0       4       0       0       0       0     199     100       0       0       2       0       0       0     199     100
  142.000   123759.296      12   10205     160       0       0       0       6       0       0       0       0     199     100       0       0       2       0       0       0     199     100
  143.000   123613.760      12   10193     160       0       0       0       4       0       0       0       0     199     100       0       0       2       0       0       0     199     100
  144.000   123941.216      12   10220     160       0       0       0       4       0       0       0       0     198      99       0       0       2       0       0       0     198      99
  145.000   124414.208      12   10259     160       0       0       0       4       0       0       0       0     199     100       0       0       2       0       0       0     199     100
  146.000   120812.192      12    9962     160       0       0       0       6       0       0       0       0     196      98       0       0       2       0       0       0     196      98
  147.000   119284.064      12    9836     160       0       0       0       8       0       0       0       0     199     100       0       0       2       0       0       0     199     100
  148.000   117076.768      12    9654     160       0       0       0       4       0       0       0       0     199     100       0       0       2       0       0       0     199     100
  149.000   117343.584      12    9676     160       0       0       0       6       0       0       0       0     198      99       0       0       2       0       0       0     198      99
  150.000   117828.704      12    9716     160       0       0       0       6       0       0       0       0     197      99       0       0       2       0       0       0     197      99
  151.000   119829.824      12    9881     160       0       0       0       6       0       0       0       0     198      99       0       0       2       0       0       0     198      99
  152.000   122679.904      12   10116     160       0       0       0       6       0       0       0       0     196      98       0       0       2       0       0       0     196      98
  153.000   124220.160      12   10243     160       0       0       0       4       0       0       0       0     197      99       0       0       2       0       0       0     197      99
  154.000   128125.376      13   10565     160       0       0       0       4       0       0       0       0     199     100       0       0       2       0       0       0     199     100
  155.000   129398.816      13   10670     160       0       0       0       4       0       0       0       0     199     100       0       0       2       0       0       0     199     100
  156.000   129483.712      13   10677     160       0       0       0       2       0       0       0       0     200     100       0       0       2       0       0       0     200     100
  157.000   129641.376      13   10690     160       0       0       0       6       0       0       0       0     198      99       0       0       2       0       0       0     198      99
  158.000   123807.808      12   10209     160       0       0       0       4       0       0       0       0     199     100       0       0       2       0       0       0     199     100
  159.000   119999.616      12    9895     160       0       0       0       4       0       0       0       0     198      99       0       0       2       0       0       0     198      99
  160.000   119757.056      12    9875     160       0       0       0       4       0       0       0       0     199     100       0       0       2       0       0       0     199     100
  161.000   117768.064      12    9711     160       0       0       0       4       0       0       0       0     199     100       0       0       2       0       0       0     199     100
  162.000   117913.600      12    9723     160       0       0       0       6       0       0       0       0     197      99       0       0       2       0       0       0     197      99
  163.000   118689.792      12    9787     160       0       0       0       6       0       0       0       0     198      99       0       0       2       0       0       0     198      99
  164.000   118932.352      12    9807     160       0       0       0       6       0       0       0       0     199     100       0       0       2       0       0       0     199     100
  165.000   122461.600      12   10098     160       0       0       0       2       0       0       0       0     199     100       0       0       2       0       0       0     199     100
  166.000   125226.784      13   10326     160       0       0       0       6       0       0       0       0     198      99       0       0       2       0       0       0     198      99
  167.000   125821.056      13   10375     160       0       0       0       6       0       0       0       0     199     100       0       0       2       0       0       0     199     100
  168.000   123722.912      12   10202     160       0       0       0       2       0       0       0       0     199     100       0       0       2       0       0       0     199     100
  169.000   119926.848      12    9889     160       0       0       0       6       0       0       0       0     200     100       0       0       2       0       0       0     200     100
  170.000   113438.368      11    9354     160       0       0       0       4       0       0       0       0     199     100       0       0       2       0       0       0     199     100
  171.000   108223.328      11    8924     160       0       0       0       2       0       0       0       0     199     100       0       0       2       0       0       0     199     100
  172.000   107992.896      11    8905     160       0       0       0       4       0       0       0       0     198      99       0       0       2       0       0       0     198      99
  173.000   107240.960      11    8843     160       0       0       0      10       0       0       0       0     198      99       0       0       2       0       0       0     198      99
  174.000   108866.112      11    8977     160       0       0       0       2       0       0       0       0     199     100       0       0       2       0       0       0     199     100
  175.000   108332.480      11    8933     160       0       0       0       8       0       0       0       0     198      99       0       0       2       0       0       0     198      99
  176.000   110260.832      11    9092     160       0       0       0       2       0       0       0       0     197      99       0       0       2       0       0       0     197      99
  177.000   109035.904      11    8991     160       0       0       0       4       0       0       0       0     196      98       0       0       2       0       0       0     196      98
  178.000   108987.392      11    8987     160       0       0       0       8       0       0       0       0     199     100       0       0       2       0       0       0     199     100
  179.000   111170.432      11    9167     160       0       0       0       6       0       0       0       0     198      99       0       0       2       0       0       0     198      99
  180.000   111691.936      11    9210     160       0       0       0       4       0       0       0       0     199     100       0       0       2       0       0       0     199     100
  181.000   110091.040      11    9078     160       0       0       0       2       0       0       0       0     199     100       0       0       2       0       0       0     199     100
  182.000   110842.976      11    9140     160       0       0       0       8       0       0       0       0     198      99       0       0       2       0       0       0     198      99
  183.000   112274.080      11    9258     160       0       0       0       2       0       0       0       0     199     100       0       0       2       0       0       0     199     100
  184.000   113110.912      11    9327     160       0       0       0       6       0       0       0       0     198      99       0       0       2       0       0       0     198      99
  185.000   112116.416      11    9245     160       0       0       0       4       0       0       0       0     196      98       0       0       2       0       0       0     196      98
  186.000   113996.256      11    9400     160       0       0       0       8       0       0       0       0     198      99       0       0       2       0       0       0     198      99
  187.000   114214.560      11    9418     160       0       0       0       4       0       0       0       0     199     100       0       0       2       0       0       0     199     100
  188.000   113923.488      11    9394     160       0       0       0       4       0       0       0       0     197      99       0       0       2       0       0       0     197      99
  189.000   116531.008      12    9609     160       0       0       0       8       0       0       0       0     198      99       0       0       2       0       0       0     198      99
  190.000   115997.376      12    9565     160       0       0       0       4       0       0       0       0     198      99       0       0       2       0       0       0     198      99
  191.000   115221.184      12    9501     160       0       0       0       4       0       0       0       0     199     100       0       0       2       0       0       0     199     100
  192.000   116652.288      12    9619     160       0       0       0       6       0       0       0       0     198      99       0       0       2       0       0       0     198      99
  193.000   121818.816      12   10045     160       0       0       0       8       0       0       0       0     198      99       0       0       2       0       0       0     198      99
  194.000   120836.448      12    9964     160       0       0       0       4       0       0       0       0     198      99       0       0       2       0       0       0     198      99
  195.000   118617.024      12    9781     160       0       0       0       8       0       0       0       0     198      99       0       0       2       0       0       0     198      99
  196.000   116518.880      12    9608     160       0       0       0       6       0       0       0       0     199     100       0       0       2       0       0       0     199     100
  197.000   118277.440      12    9753     160       0       0       0       2       0       0       0       0     198      99       0       0       2       0       0       0     198      99
  198.000   118034.880      12    9733     160       0       0       0       4       0       0       0       0     199     100       0       0       2       0       0       0     199     100
  199.000   115669.920      12    9538     160       0       0       0       4       0       0       0       0     199     100       0       0       2       0       0       0     199     100
  200.000   117258.688      12    9669     160       0       0       0       8       0       0       0       0     198      99       0       0       2       0       0       0     198      99
  201.000   117525.504      12    9691     160       0       0       0       4       0       0       0       0     199     100       0       0       2       0       0       0     199     100
  202.000   116142.912      12    9577     160       0       0       0       8       0       0       0       0     198      99       0       0       2       0       0       0     198      99
  203.000   114820.960      11    9468     160       0       0       0       4       0       0       0       0     199     100       0       0       2       0       0       0     199     100
  204.000   113753.696      11    9380     160       0       0       0       2       0       0       0       0     198      99       0       0       2       0       0       0     198      99
  205.000   113632.416      11    9370     160       0       0       0       8       0       0       0       0     194      97       0       0       2       0       0       0     194      97
  206.000   117622.528      12    9699     160       0       0       0       4       0       0       0       0     198      99       0       0       2       0       0       0     198      99
  207.000   121079.008      12    9984     160       0       0       0       4       0       0       0       0     198      99       0       0       2       0       0       0     198      99
  208.000   124123.136      12   10235     160       0       0       0       6       0       0       0       0     197      99       0       0       2       0       0       0     197      99
  209.000   124935.712      12   10302     160       0       0       0       6       0       0       0       0     198      99       0       0       2       0       0       0     198      99
  210.000   129835.424      13   10706     160       0       0       0       8       0       0       0       0     199     100       0       0       2       0       0       0     199     100
  211.000   125190.400      13   10323     160       0       0       0       4       0       0       0       0     199     100       0       0       2       0       0       0     199     100
  212.000   124402.080      12   10258     160       0       0       0       2       0       0       0       0     199     100       0       0       2       0       0       0     199     100
  213.000   122801.184      12   10126     160       0       0       0       2       0       0       0       0     199     100       0       0       2       0       0       0     199     100
  214.000   122619.264      12   10111     160       0       0       0       4       0       0       0       0     199     100       0       0       2       0       0       0     199     100
  215.000   121564.128      12   10024     160       0       0       0       6       0       0       0       0     199     100       0       0       2       0       0       0     199     100
  216.000   122037.120      12   10063     160       0       0       0       4       0       0       0       0     199     100       0       0       2       0       0       0     199     100
  217.000   123274.176      12   10165     160       0       0       0       4       0       0       0       0     196      98       0       0       2       0       0       0     196      98
  218.000   125663.392      13   10362     160       0       0       0       8       0       0       0       0     196      98       0       0       2       0       0       0     196      98
  219.000   125918.080      13   10383     160       0       0       0       6       0       0       0       0     198      99       0       0       2       0       0       0     198      99
  220.000   124171.648      12   10239     160       0       0       0       4       0       0       0       0     198      99       0       0       2       0       0       0     198      99
  221.000   119332.576      12    9840     160       0       0       0       6       0       0       0       0     199     100       0       0       2       0       0       0     199     100
  222.000   117792.320      12    9713     160       0       0       0       2       0       0       0       0     199     100       0       0       2       0       0       0     199     100
  223.000   117719.552      12    9707     160       0       0       0       4       0       0       0       0     197      99       0       0       2       0       0       0     197      99
  224.000   118325.952      12    9757     160       0       0       0       6       0       0       0       0     198      99       0       0       2       0       0       0     198      99
  225.000   119502.368      12    9854     160       0       0       0       2       0       0       0       0     198      99       0       0       2       0       0       0     198      99
  226.000   117646.784      12    9701     160       0       0       0       8       0       0       0       0     198      99       0       0       2       0       0       0     198      99
  227.000   117355.712      12    9677     160       0       0       0       2       0       0       0       0     199     100       0       0       2       0       0       0     199     100
  228.000   116725.056      12    9625     160       0       0       0       6       0       0       0       0     198      99       0       0       2       0       0       0     198      99
  229.000   117695.296      12    9705     160       0       0       0       2       0       0       0       0     199     100       0       0       2       0       0       0     199     100
  230.000   117088.896      12    9655     160       0       0       0       4       0       0       0       0     198      99       0       0       2       0       0       0     198      99
  231.000   119284.064      12    9836     160       0       0       0       8       0       0       0       0     198      99       0       0       2       0       0       0     198      99
  232.000   116749.312      12    9627     160       0       0       0       2       0       0       0       0     199     100       0       0       2       0       0       0     199     100
  233.000   114626.912      11    9452     160       0       0       0       6       0       0       0       0     197      99       0       0       2       0       0       0     197      99
  234.000   111182.560      11    9168     160       0       0       0       4       0       0       0       0     199     100       0       0       2       0       0       0     199     100
  235.000   111958.752      11    9232     160       0       0       0       4       0       0       0       0     198      99       0       0       2       0       0       0     198      99
  236.000   109799.968      11    9054     160       0       0       0       8       0       0       0       0     198      99       0       0       2       0       0       0     198      99
  237.000   108174.816      11    8920     160       0       0       0       2       0       0       0       0     199     100       0       0       2       0       0       0     199     100
  238.000   114469.248      11    9439     160       0       0       0       4       0       0       0       0     199     100       0       0       2       0       0       0     199     100
  239.000   116045.888      12    9569     160       0       0       0       4       0       0       0       0     196      98       0       0       2       0       0       0     196      98
  240.000   115936.736      12    9560     160       0       0       0       8       0       0       0       0     198      99       0       0       2       0       0       0     198      99
  241.000   115742.688      12    9544     160       0       0       0       8       0       0       0       0     197      99       0       0       2       0       0       0     197      99
  242.000   116858.464      12    9636     160       0       0       0       4       0       0       0       0     199     100       0       0       2       0       0       0     199     100
  243.000   116579.520      12    9613     160       0       0       0       6       0       0       0       0     198      99       0       0       2       0       0       0     198      99
  244.000   114347.968      11    9429     160       0       0       0       2       0       0       0       0     198      99       0       0       2       0       0       0     198      99
  245.000   113571.776      11    9365     160       0       0       0       4       0       0       0       0     198      99       0       0       2       0       0       0     198      99
  246.000   112601.536      11    9285     160       0       0       0       4       0       0       0       0     199     100       0       0       2       0       0       0     199     100
  247.000   113802.208      11    9384     160       0       0       0       6       0       0       0       0     199     100       0       0       2       0       0       0     199     100
  248.000   115136.288      12    9494     160       0       0       0       4       0       0       0       0     199     100       0       0       2       0       0       0     199     100
  249.000   116700.800      12    9623     160       0       0       0       6       0       0       0       0     198      99       0       0       2       0       0       0     198      99
  250.000   118520.000      12    9773     160       0       0       0       4       0       0       0       0     199     100       0       0       2       0       0       0     199     100
  251.000   119550.880      12    9858     160       0       0       0       6       0       0       0       0     198      99       0       0       2       0       0       0     198      99
  252.000   116834.208      12    9634     160       0       0       0       4       0       0       0       0     198      99       0       0       2       0       0       0     198      99
  253.000   115500.128      12    9524     160       0       0       0       6       0       0       0       0     197      99       0       0       2       0       0       0     197      99
  254.000   114360.096      11    9430     160       0       0       0       2       0       0       0       0     198      99       0       0       2       0       0       0     198      99
  255.000   118847.456      12    9800     160       0       0       0       6       0       0       0       0     198      99       0       0       2       0       0       0     198      99
  256.000   119247.680      12    9833     160       0       0       0       8       0       0       0       0     198      99       0       0       2       0       0       0     198      99
  257.000   122619.264      12   10111     160       0       0       0       8       0       0       0       0     198      99       0       0       2       0       0       0     198      99
  258.000   126002.976      13   10390     160       0       0       0       6       0       0       0       0     198      99       0       0       2       0       0       0     198      99
  259.000   131096.736      13   10810     160       0       0       0       4       0       0       0       0     198      99       0       0       2       0       0       0     198      99
  260.000   131230.144      13   10821     160       0       0       0       0       0       0       0       0     197      99       0       0       2       0       0       0     197      99
  261.000   134274.272      13   11072     160       0       0       0       8       0       0       0       0     199     100       0       0       2       0       0       0     199     100
  262.000   135960.064      14   11211     160       0       0       0       4       0       0       0       0     199     100       0       0       2       0       0       0     199     100
  263.000   134807.904      13   11116     160       0       0       0       2       0       0       0       0     199     100       0       0       2       0       0       0     199     100
  264.000   134795.776      13   11115     160       0       0       0       4       0       0       0       0     198      99       0       0       2       0       0       0     198      99
  265.000   135474.944      14   11171     160       0       0       0       4       0       0       0       0     199     100       0       0       2       0       0       0     199     100
  266.000   135717.504      14   11191     160       0       0       0       6       0       0       0       0     199     100       0       0       2       0       0       0     199     100
  267.000   135960.064      14   11211     160       0       0       0       6       0       0       0       0     198      99       0       0       2       0       0       0     198      99
  268.000   135620.480      14   11183     160       0       0       0       4       0       0       0       0     199     100       0       0       2       0       0       0     199     100
  269.000   133946.816      13   11045     160       0       0       0       2       0       0       0       0     198      99       0       0       2       0       0       0     198      99
  270.000   129350.304      13   10666     160       0       0       0       6       0       0       0       0     196      98       0       0       2       0       0       0     196      98
  271.000   132224.640      13   10903     160       0       0       0       6       0       0       0       0     198      99       0       0       2       0       0       0     198      99
  272.000   132988.704      13   10966     160       0       0       0       4       0       0       0       0     197      99       0       0       2       0       0       0     197      99
  273.000   132624.864      13   10936     160       0       0       0       6       0       0       0       0     198      99       0       0       2       0       0       0     198      99
  274.000   132406.560      13   10918     160       0       0       0       2       0       0       0       0     198      99       0       0       2       0       0       0     198      99
  275.000   130303.232      13   10744     160       0       0       0       2       0       0       0       0     199     100       0       0       2       0       0       0     199     100
