  TimeSec      LoaKbps LoaUsag Packets DlyUsec LoaDrps MetDrps TabDrps FloMods MetMods GroMods  PktsIn PktsOut FloEntr FloUsag MetEntr MetUsag GroEntr GroUsag BufPkts BufUsag  T0Entr  T0Usag
    1.000        0.000       0       0      34       0       0       0       4       0       0       0       0       3       0       0       0       0       0       0       0       3       0
    2.000     4133.888       0     342      70       0       0       0      12       0       0      12      12      10       0       0       0       0       0       0       0      10       0
    3.000    17050.208       0    1407      96       0       0       0      10       0       0      10      10      20       0       0       0       0       0       0       0      20       0
    4.000    29942.272       0    2470     109       0       0       0       9       0       0       9       9      30       0       0       0       0       0       0       0      30       0
    5.000    49334.944       0    4069     118       0       0       0      13       0       0      13      13      43       0       0       0       0       0       0       0      43       0
    6.000    61111.232       0    5040     119       0       0       0      10       0       0      10      10      52       0       0       0       0       0       0       0      52       0
    7.000    71274.496       0    5878     127       0       0       0       9       0       0       9       9      63       0       0       0       0       0       0       0      63       0
    8.000    79630.688       0    6567     138       0       0       0      11       0       0      11      11      72       0       0       0       0       0       0       0      72       0
    9.000    89054.144       0    7344     139       0       0       0       5       0       0       5       5      80       0       0       0       0       0       0       0      80       0
   10.000   104177.760       0    8591     139       0       0       0      14       0       0      14      14      90       0       0       0       0       0       0       0      90       0
   11.000   120368.640       0    9926     139       0       0       0      10       0       0      10      10     102       0       0       0       0       0       0       0     102       0
   12.000   132436.000       0   10921     140       0       0       0      10       0       0      10      10     113       0       0       0       0       0       0       0     113       0
   13.000   139918.976       0   11538     140       0       0       0       7       0       0       7       7     120       0       0       0       0       0       0       0     120       0
   14.000   148905.824       0   12279     147       0       0       0       6       0       0       6       6     127       0       0       0       0       0       0       0     127       0
   15.000   160645.728       0   13247     158       0       0       0      13       0       0      13      13     138       0       0       0       0       0       0       0     138       0
   16.000   170008.544       0   14019     159       0       0       0       8       0       0       8       8     146       0       0       0       0       0       0       0     146       0
   17.000   181129.920       0   14936     159       0       0       0      10       0       0      10      10     157       0       0       0       0       0       0       0     157       0
   18.000   197017.600       0   16246     159       0       0       0       9       0       0       9       9     166       0       0       0       0       0       0       0     166       0
   19.000   211328.640       0   17426     160       0       0       0      14       0       0      14      14     177       0       0       0       0       0       0       0     177       0
   20.000   234044.384       0   19299     160       0       0       0      11       0       0      11      11     191       0       0       0       0       0       0       0     191       0
   21.000   238992.608       0   19707     160       0       0       0       6       0       0       6       6     199       0       0       0       0       0       0       0     199       0
   22.000   240460.096       0   19828     160       0       0       0       9       0       0       9       9     206       0       0       0       0       0       0       0     206       0
   23.000   254286.016       0   20968     160       0       0       0      15       0       0      15      15     217       0       0       0       0       0       0       0     217       0
   24.000   268124.064       0   22109     160       0       0       0       5       0       0       5       5     227       0       0       0       0       0       0       0     227       0
   25.000   274661.056       0   22648     160       0       0       0       6       0       0       6       6     233       0       0       0       0       0       0       0     233       0
   26.000   277523.264       0   22884     160       0       0       0       5       0       0       5       5     238       0       0       0       0       0       0       0     238       0
   27.000   281816.576       0   23238     160       0       0       0       9       0       0       9       9     244       0       0       0       0       0       0       0     244       0
   28.000   286303.936       0   23608     160       0       0       0       8       0       0       8       8     251       0       0       0       0       0       0       0     251       0
   29.000   286122.016       0   23593     176       0       0       0       9       0       0       9       9     260       0       0       0       0       0       0       0     260       0
   30.000   292683.264       0   24134     179       0       0       0      11       0       0      11      11     268       0       0       0       0       0       0       0     268       0
   31.000   297546.592       0   24535     179       0       0       0      13       0       0      13      13     279       0       0       0       0       0       0       0     279       0
   32.000   304956.800       0   25146     179       0       0       0       6       0       0       6       6     288       0       0       0       0       0       0       0     288       0
   33.000   312160.832       0   25740     180       0       0       0       9       0       0       9       9     296       0       0       0       0       0       0       0     296       0
   34.000   317121.184       0   26149     180       0       0       0       9       0       0       9       9     304       0       0       0       0       0       0       0     304       0
   35.000   318224.832       0   26240     180       0       0       0      13       0       0      13      13     314       0       0       0       0       0       0       0     314       0
   36.000   328266.816       0   27068     180       0       0       0       8       0       0       8       8     324       0       0       0       0       0       0       0     324       0
   37.000   332548.000       0   27421     180       0       0       0       8       0       0       8       8     329       1       0       0       0       0       0       0     329       1
   38.000   338490.720       0   27911     180       0       0       0       9       0       0       9       9     335       1       0       0       0       0       0       0     335       1
   39.000   345646.240       0   28501     180       0       0       0      11       0       0      11      11     340       1       0       0       0       0       0       0     340       1
   40.000   359836.000       0   29671     180       0       0       0      18       0       0      18      11     354       1       0       0       0       0       4       2     354       1
   41.000   362868.000       0   29921     180       0       0       0      12       0       0      12       8     366       1       0       0       0       0       9       4     366       1
   42.000   375590.272       0   30970     180       0       0       0      12       0       0      12       8     377       1       0       0       0       0      10       4     377       1
   43.000   384370.944       0   31694     180       0       0       0      14       0       0      14       9     387       1       0       0       0       0       9       4     387       1
   44.000   391975.200       0   32321     180       0       0       0      13       0       0      13       8     398       1       0       0       0       0       9       4     398       1
   45.000   400683.104       0   33039     180       0       0       0      12       0       0      12      10     407       1       0       0       0       0       9       4     407       1
   46.000   403132.960       0   33241     180       0       0       0       8       0       0       8       7     413       1       0       0       0       0       6       2     413       1
   47.000   411489.152       0   33930     180       0       0       0      13       0       0      13      13     419       1       0       0       0       0       2       1     419       1
   48.000   413854.112       0   34125     180       0       0       0       7       0       0       7       3     427       1       0       0       0       0       3       1     427       1
   49.000   405534.304       0   33439     180       0       0       0       4       0       0       4       2     432       1       0       0       0       0       5       2     432       1
   50.000   410142.944       0   33819     180       0       0       0      13       0       0      13      13     437       1       0       0       0       0       4       2     437       1
   51.000   415006.272       0   34220     180       0       0       0       9       0       0       9       7     445       1       0       0       0       0       3       1     445       1
   52.000   422731.808       0   34857     180       0       0       0      16       0       0      16       8     455       1       0       0       0       0       6       2     455       1
   53.000   431985.472       0   35620     180       0       0       0      14       0       0      14       7     467       1       0       0       0       0      11       4     467       1
   54.000   437916.064       0   36109     180       0       0       0       4       0       0       4       4     474       1       0       0       0       0      11       4     474       1
   55.000   436581.984       0   35999     180       0       0       0      12       0       0      12       7     480       1       0       0       0       0       6       2     480       1
   56.000   445010.944       0   36694     180       0       0       0       9       0       0       9       6     486       1       0       0       0       0       7       3     486       1
   57.000   448103.584       0   36949     180       0       0       0      12       0       0      12       9     487       1       0       0       0       0       6       2     487       1
   58.000   467217.312       0   38525     180       0       0       0      13       0       0      13       8     497       1       0       0       0       0       7       3     497       1
   59.000   468612.032       0   38640     180       0       0       0       8       0       0       8       6     503       1       0       0       0       0       9       4     503       1
   60.000   466234.944       0   38444     180       0       0       0       5       0       0       5       5     505       1       0       0       0       0       4       2     505       1
   61.000   479963.840       0   39576     187       0       0       0      16       0       0      16      12     510       1       0       0       0       0       3       1     510       1
   62.000   490017.952       0   40405     198       0       0       0       6       0       0       6       4     519       1       0       0       0       0       6       2     519       1
   63.000   489896.672       0   40395     199       0       0       0       9       0       0       9       5     520       1       0       0       0       0       7       3     520       1
   64.000   498713.728       0   41122     199       0       0       0      11       0       0      11      10     525       1       0       0       0       0       5       2     525       1
   65.000   511084.288       1   42142     199       0       0       0      10       0       0      10       9     533       1       0       0       0       0       3       1     533       1
   66.000   516845.088       1   42617     200       0       0       0       7       0       0       7       4     535       1       0       0       0       0       4       2     535       1
   67.000   522896.960       1   43116     200       0       0       0      17       0       0      17       9     544       1       0       0       0       0       7       3     544       1
   68.000   535655.616       1   44168     200       0       0       0       5       0       0       5       4     550       1       0       0       0       0       9       4     550       1
   69.000   537680.992       1   44335     200       0       0       0       6       0       0       6       4     552       1       0       0       0       0       6       2     552       1
   70.000   540810.016       1   44593     200       0       0       0       8       0       0       8       5     553       1       0       0       0       0       4       2     553       1
   71.000   551773.728       1   45497     200       0       0       0      10       0       0      10       8     558       1       0       0       0       0       5       2     558       1
   72.000   548571.936       1   45233     200       0       0       0       9       0       0       9       5     561       1       0       0       0       0       6       2     561       1
   73.000   552040.544       1   45519     200       0       0       0      10       0       0      10       8     566       1       0       0       0       0       6       2     566       1
   74.000   550294.112       1   45375     200       0       0       0       6       0       0       6       4     567       1       0       0       0       0       5       2     567       1
   75.000   547844.256       1   45173     200       0       0       0       6       0       0       6       4     566       1       0       0       0       0       4       2     566       1
   76.000   542423.040       1   44726     200       0       0       0      10       0       0      10       8     569       1       0       0       0       0       4       2     569       1
   77.000   546789.120       1   45086     200       0       0       0       7       0       0       7       6     570       1       0       0       0       0       3       1     570       1
   78.000   554951.264       1   45759     200       0       0       0      10       0       0      10       6     573       1       0       0       0       0       3       1     573       1
   79.000   561051.648       1   46262     200       0       0       0      10       0       0      10       6     582       1       0       0       0       0       8       3     582       1
   80.000   568558.880       1   46881     200       0       0       0       8       0       0       8       6     587       1       0       0       0       0       7       3     587       1
   81.000   568122.272       1   46845     200       0       0       0      11       0       0      11       9     587       1       0       0       0       0       3       1     587       1
   82.000   572512.608       1   47207     200       0       0       0      12       0       0      12       7     594       1       0       0       0       0       6       2     594       1
   83.000   571578.752       1   47130     200       0       0       0       8       0       0       8       5     601       1       0       0       0       0       8       3     601       1
   84.000   572840.064       1   47234     200       0       0       0      12       0       0      12       8     607       1       0       0       0       0       8       3     607       1
   85.000   585889.792       1   48310     200       0       0       0      12       0       0      12       9     617       1       0       0       0       0       8       3     617       1
   86.000   583342.912       1   48100     200       0       0       0       9       0       0       9       6     621       1       0       0       0       0       6       2     621       1
   87.000   582154.368       1   48002     200       0       0       0       8       0       0       8       7     624       1       0       0       0       0       4       2     624       1
   88.000   575605.248       1   47462     200       0       0       0      10       0       0      10       7     624       1       0       0       0       0       4       2     624       1
   89.000   569165.280       1   46931     200       0       0       0      16       0       0      16      11     631       1       0       0       0       0       6       2     631       1
   90.000   568449.728       1   46872     200       0       0       0      10       0       0      10       7     634       1       0       0       0       0       8       3     634       1
   91.000   577885.312       1   47650     200       0       0       0       6       0       0       6       5     636       1       0       0       0       0       6       2     636       1
   92.000   585368.288       1   48267     200       0       0       0      15       0       0      15       7     644       1       0       0       0       0       9       4     644       1
   93.000   586399.168       1   48352     200       0       0       0      13       0       0      13       8     650       1       0       0       0       0      13       5     650       1
   94.000   584470.816       1   48193     200       0       0       0       6       0       0       6       5     648       1       0       0       0       0       8       3     648       1
   95.000   582688.000       1   48046     200       0       0       0       5       0       0       5       3     649       1       0       0       0       0       4       2     649       1
   96.000   582833.536       1   48058     200       0       0       0      16       0       0      16      14     653       1       0       0       0       0       4       2     653       1
   97.000   587745.376       1   48463     200       0       0       0       6       0       0       6       5     655       1       0       0       0       0       3       1     655       1
   98.000   591395.904       1   48764     200       0       0       0       8       0       0       8       5     654       1       0       0       0       0       3       1     654       1
   99.000   595664.960       1   49116     200       0       0       0       7       0       0       7       6     652       1       0       0       0       0       4       2     652       1
  100.000   602347.488       1   49667     200       0       0       0      15       0       0      15      11     660       1       0       0       0       0       5       2     660       1
  101.000   610873.472       1   50370     200       0       0       0      10       0       0      10       7     662       1       0       0       0       0       7       3     662       1
  102.000   606046.528       1   49972     200       0       0       0      10       0       0      10       9     659       1       0       0       0       0       5       2     659       1
  103.000   615421.472       1   50745     200       0       0       0      18       0       0      18      11     667       1       0       0       0       0       6       2     667       1
  104.000   622795.296       1   51353     200       0       0       0       8       0       0       8       6     669       1       0       0       0       0       8       3     669       1
  105.000   615627.648       1   50762     200       0       0       0      10       0       0      10       6     669       1       0       0       0       0       6       2     669       1
  106.000   610339.840       1   50326     200       0       0       0       7       0       0       7       6     667       1       0       0       0       0       6       2     667       1
  107.000   614402.720       1   50661     200       0       0       0      12       0       0      12       9     670       1       0       0       0       0       5       2     670       1
  108.000   621218.656       1   51223     200       0       0       0      11       0       0      11       8     674       1       0       0       0       0       5       2     674       1
  109.000   624954.080       1   51531     200       0       0       0      11       0       0      11       7     677       1       0       0       0       0       6       2     677       1
  110.000   625063.232       1   51540     200       0       0       0      10       0       0      10       7     680       1       0       0       0       0       7       3     680       1
  111.000   611613.280       1   50431     200       0       0       0      11       0       0      11      10     680       1       0       0       0       0       5       2     680       1
  112.000   607683.808       1   50107     200       0       0       0      11       0       0      11      10     684       1       0       0       0       0       2       1     684       1
  113.000   610521.760       1   50341     200       0       0       0      12       0       0      12      10     688       1       0       0       0       0       2       1     688       1
  114.000   618041.120       1   50961     200       0       0       0      17       0       0      17      12     696       1       0       0       0       0       6       2     696       1
  115.000   615942.976       1   50788     200       0       0       0       8       0       0       8       8     702       1       0       0       0       0       6       2     702       1
  116.000   619933.088       1   51117     200       0       0       0       8       0       0       8       7     706       1       0       0       0       0       3       1     706       1
  117.000   610473.248       1   50337     200       0       0       0       4       0       0       4       3     701       1       0       0       0       0       2       1     701       1
  118.000   605900.992       1   49960     200       0       0       0      13       0       0      13       7     704       1       0       0       0       0       6       2     704       1
  119.000   599679.328       1   49447     200       0       0       0      11       0       0      11       8     706       1       0       0       0       0       7       3     706       1
  120.000   607477.632       1   50090     200       0       0       0      15       0       0      15      10     710       1       0       0       0       0       7       3     710       1
  121.000   606337.600       1   49996     200       0       0       0      14       0       0      14       8     716       1       0       0       0       0      10       4     716       1
  122.000   612207.552       1   50480     200       0       0       0      15       0       0      15      10     728       1       0       0       0       0      11       4     728       1
  123.000   609005.760       1   50216     200       0       0       0      10       0       0      10       7     732       1       0       0       0       0      10       4     732       1
  124.000   609260.448       1   50237     200       0       0       0       7       0       0       7       6     731       1       0       0       0       0       6       2     731       1
  125.000   606944.000       1   50046     200       0       0       0       9       0       0       9       8     726       1       0       0       0       0       3       1     726       1
  126.000   602068.544       1   49644     200       0       0       0       6       0       0       6       6     717       1       0       0       0       0       2       1     717       1
  127.000   616052.128       1   50797     200       0       0       0      17       0       0      17      13     719       1       0       0       0       0       2       1     719       1
  128.000   615809.568       1   50777     200       0       0       0      12       0       0      12       8     721       1       0       0       0       0       6       2     721       1
  129.000   619678.400       1   51096     200       0       0       0       9       0       0       9       8     724       1       0       0       0       0       6       2     724       1
  130.000   617471.104       1   50914     200       0       0       0      12       0       0      12       6     724       1       0       0       0       0       7       3     724       1
  131.000   603378.368       1   49752     200       0       0       0       9       0       0       9       6     724       1       0       0       0       0       7       3     724       1
  132.000   597848.000       1   49296     200       0       0       0       9       0       0       9       9     723       1       0       0       0       0       5       2     723       1
  133.000   580820.288       1   47892     200       0       0       0       5       0       0       5       5     712       1       0       0       0       0       3       1     712       1
  134.000   578612.992       1   47710     200       0       0       0       9       0       0       9       7     705       1       0       0       0       0       2       1     705       1
  135.000   578964.704       1   47739     200       0       0       0      10       0       0      10       8     703       1       0       0       0       0       4       2     703       1
  136.000   582227.136       1   48008     200       0       0       0      13       0       0      13      12     700       1       0       0       0       0       3       1     700       1
  137.000   588242.624       1   48504     200       0       0       0      12       0       0      12       6     702       1       0       0       0       0       5       2     702       1
  138.000   586459.808       1   48357     200       0       0       0       9       0       0       9       8     698       1       0       0       0       0       8       3     698       1
  139.000   585501.696       1   48278     200       0       0       0       6       0       0       6       4     696       1       0       0       0       0       5       2     696       1
  140.000   585659.360       1   48291     200       0       0       0       5       0       0       5       3     690       1       0       0       0       0       4       2     690       1
  141.000   582215.008       1   48007     200       0       0       0      12       0       0      12      10     683       1       0       0       0       0       3       1     683       1
  142.000   590959.296       1   48728     200       0       0       0      17       0       0      17      10     690       1       0       0       0       0       6       2     690       1
  143.000   596368.384       1   49174     200       0       0       0       9       0       0       9       5     694       1       0       0       0       0      10       4     694       1
  144.000   599218.464       1   49409     200       0       0       0      11       0       0      11       9     693       1       0       0       0       0       9       4     693       1
  145.000   593105.952       1   48905     200       0       0       0      12       0       0      12       9     691       1       0       0       0       0       5       2     691       1
  146.000   588994.560       1   48566     200       0       0       0       6       0       0       6       3     687       1       0       0       0       0       5       2     687       1
  147.000   590110.336       1   48658     200       0       0       0      10       0       0      10       8     685       1       0       0       0       0       6       2     685       1
  148.000   591250.368       1   48752     200       0       0       0      11       0       0      11      11     677       1       0       0       0       0       3       1     677       1
  149.000   589540.320       1   48611     200       0       0       0      10       0       0      10      10     674       1       0       0       0       0       1       0     674       1
  150.000   590255.872       1   48670     200       0       0       0       6       0       0       6       6     673       1       0       0       0       0       0       0     673       1
  151.000   592572.320       1   48861     200       0       0       0      12       0       0      12      10     674       1       0       0       0       0       1       0     674       1
  152.000   597556.928       1   49272     200       0       0       0      10       0       0      10       8     678       1       0       0       0       0       2       1     678       1
  153.000   593882.144       1   48969     200       0       0       0       4       0       0       4       4     673       1       0       0       0       0       3       1     673       1
  154.000   581960.320       1   47986     200       0       0       0       9       0       0       9       9     669       1       0       0       0       0       2       1     669       1
  155.000   576636.128       1   47547     200       0       0       0       9       0       0       9       6     673       1       0       0       0       0       2       1     673       1
  156.000   570353.824       1   47029     200       0       0       0      10       0       0      10       5     674       1       0       0       0       0       6       2     674       1
  157.000   567625.024       1   46804     200       0       0       0       7       0       0       7       4     677       1       0       0       0       0       7       3     677       1
  158.000   569723.168       1   46977     200       0       0       0       9       0       0       9       5     678       1       0       0       0       0       7       3     678       1
  159.000   570644.896       1   47053     200       0       0       0      11       0       0      11       6     679       1       0       0       0       0       8       3     679       1
  160.000   577242.528       1   47597     200       0       0       0      12       0       0      12      11     679       1       0       0       0       0       8       3     679       1
  161.000   584264.640       1   48176     200       0       0       0      15       0       0      15       9     684       1       0       0       0       0       7       3     684       1
  162.000   592354.016       1   48843     200       0       0       0      11       0       0      11       6     691       1       0       0       0       0      10       4     691       1
  163.000   590146.720       1   48661     200       0       0       0       9       0       0       9       6     689       1       0       0       0       0       9       4     689       1
  164.000   588897.536       1   48558     200       0       0       0      13       0       0      13      12     690       1       0       0       0       0       5       2     690       1
  165.000   584507.200       1   48196     200       0       0       0      11       0       0      11       7     693       1       0       0       0       0       5       2     693       1
  166.000   577109.120       1   47586     200       0       0       0       8       0       0       8       6     692       1       0       0       0       0       5       2     692       1
  167.000   575884.192       1   47485     200       0       0       0      15       0       0      15      10     692       1       0       0       0       0       5       2     692       1
  168.000   572791.552       1   47230     200       0       0       0       9       0       0       9       6     695       1       0       0       0       0       7       3     695       1
  169.000   576636.128       1   47547     200       0       0       0      12       0       0      12       9     698       1       0       0       0       0       8       3     698       1
  170.000   580492.832       1   47865     200       0       0       0      11       0       0      11      10     700       1       0       0       0       0       5       2     700       1
  171.000   582433.312       1   48025     200       0       0       0       5       0       0       5       5     695       1       0       0       0       0       3       1     695       1
  172.000   583900.800       1   48146     200       0       0       0       5       0       0       5       4     691       1       0       0       0       0       2       1     691       1
  173.000   585234.880       1   48256     200       0       0       0      15       0       0      15       9     695       1       0       0       0       0       5       2     695       1
  174.000   593384.896       1   48928     200       0       0       0      11       0       0      11       6     701       1       0       0       0       0      10       4     701       1
  175.000   599339.744       1   49419     200       0       0       0      11       0       0      11       8     702       1       0       0       0       0       9       4     702       1
  176.000   599691.456       1   49448     200       0       0       0      10       0       0      10       6     701       1       0       0       0       0       7       3     701       1
  177.000   594403.648       1   49012     200       0       0       0       8       0       0       8       7     700       1       0       0       0       0       6       2     700       1
  178.000   591104.832       1   48740     200       0       0       0      15       0       0      15      10     702       1       0       0       0       0       5       2     702       1
  179.000   593930.656       1   48973     200       0       0       0       9       0       0       9       6     703       1       0       0       0       0       8       3     703       1
  180.000   599594.432       1   49440     200       0       0       0      16       0       0      16      14     704       1       0       0       0       0       6       2     704       1
  181.000   590025.440       1   48651     200       0       0       0      10       0       0      10       7     704       1       0       0       0       0       4       2     704       1
  182.000   576417.824       1   47529     200       0       0       0      16       0       0      16      11     707       1       0       0       0       0       6       2     707       1
  183.000   580517.088       1   47867     200       0       0       0      13       0       0      13      10     713       1       0       0       0       0       8       3     713       1
  184.000   582299.904       1   48014     200       0       0       0       7       0       0       7       3     715       1       0       0       0       0       8       3     715       1
  185.000   577012.096       1   47578     200       0       0       0       9       0       0       9       8     715       1       0       0       0       0       6       2     715       1
  186.000   586302.144       1   48344     200       0       0       0      16       0       0      16      10     719       1       0       0       0       0       8       3     719       1
  187.000   592317.632       1   48840     200       0       0       0      13       0       0      13       9     725       1       0       0       0       0       8       3     725       1
  188.000   594767.488       1   49042     200       0       0       0       7       0       0       7       7     725       1       0       0       0       0       6       2     725       1
  189.000   592002.304       1   48814     200       0       0       0      11       0       0      11       8     723       1       0       0       0       0       4       2     723       1
  190.000   588327.520       1   48511     200       0       0       0       6       0       0       6       4     723       1       0       0       0       0       4       2     723       1
  191.000   581329.664       1   47934     200       0       0       0      13       0       0      13       9     722       1       0       0       0       0       6       2     722       1
  192.000   572051.744       1   47169     200       0       0       0       8       0       0       8       5     723       1       0       0       0       0       6       2     723       1
  193.000   568061.632       1   46840     200       0       0       0      13       0       0      13      11     725       1       0       0       0       0       6       2     725       1
  194.000   566412.224       1   46704     200       0       0       0      13       0       0      13      10     727       1       0       0       0       0       5       2     727       1
  195.000   566315.200       1   46696     200       0       0       0      12       0       0      12      11     730       1       0       0       0       0       5       2     730       1
  196.000   565854.336       1   46658     200       0       0       0      11       0       0      11      11     723       1       0       0       0       0       3       1     723       1
  197.000   565235.808       1   46607     200       0       0       0       5       0       0       5       5     718       1       0       0       0       0       1       0     718       1
  198.000   557874.112       1   46000     200       0       0       0       8       0       0       8       8     713       1       0       0       0       0       0       0     713       1
  199.000   558577.536       1   46058     200       0       0       0      11       0       0      11       8     711       1       0       0       0       0       1       0     711       1
  200.000   557874.112       1   46000     200       0       0       0       8       0       0       8       6     709       1       0       0       0       0       4       2     709       1
  201.000   548098.944       1   45194     200       0       0       0      10       0       0      10       5     710       1       0       0       0       0       6       2     710       1
  202.000   545103.328       1   44947     200       0       0       0      14       0       0      14      11     712       1       0       0       0       0       6       2     712       1
  203.000   544569.696       1   44903     200       0       0       0       5       0       0       5       4     710       1       0       0       0       0       6       2     710       1
  204.000   541101.088       1   44617     200       0       0       0       9       0       0       9       9     707       1       0       0       0       0       3       1     707       1
  205.000   530525.472       1   43745     200       0       0       0       5       0       0       5       3     700       1       0       0       0       0       1       0     700       1
  206.000   522217.792       1   43060     200       0       0       0      10       0       0      10       9     695       1       0       0       0       0       2       1     695       1
  207.000   520216.672       1   42895     200       0       0       0       6       0       0       6       4     688       1       0       0       0       0       4       2     688       1
  208.000   524995.104       1   43289     200       0       0       0       9       0       0       9       5     685       1       0       0       0       0       5       2     685       1
  209.000   528318.176       1   43563     200       0       0       0      12       0       0      12       9     685       1       0       0       0       0       7       3     685       1
  210.000   521477.984       1   42999     200       0       0       0      12       0       0      12       6     687       1       0       0       0       0       8       3     687       1
  211.000   533327.040       1   43976     200       0       0       0      16       0       0      16      11     691       1       0       0       0       0       9       4     691       1
  212.000   545345.888       1   44967     200       0       0       0      10       0       0      10       8     691       1       0       0       0       0       9       4     691       1
  213.000   546206.976       1   45038     200       0       0       0       5       0       0       5       4     690       1       0       0       0       0       6       2     690       1
  214.000   542556.448       1   44737     200       0       0       0       8       0       0       8       8     686       1       0       0       0       0       2       1     686       1
  215.000   537159.488       1   44292     200       0       0       0      14       0       0      14       8     684       1       0       0       0       0       3       1     684       1
  216.000   536783.520       1   44261     200       0       0       0       7       0       0       7       7     675       1       0       0       0       0       6       2     675       1
  217.000   542629.216       1   44743     200       0       0       0       5       0       0       5       4     671       1       0       0       0       0       4       2     671       1
  218.000   543441.792       1   44810     200       0       0       0      10       0       0      10       8     671       1       0       0       0       0       3       1     671       1
  219.000   541756.000       1   44671     200       0       0       0       7       0       0       7       3     669       1       0       0       0       0       5       2     669       1
  220.000   540458.304       1   44564     200       0       0       0       9       0       0       9       6     666       1       0       0       0       0       7       3     666       1
  221.000   550815.616       1   45418     200       0       0       0      13       0       0      13      13     662       1       0       0       0       0       4       2     662       1
  222.000   551494.784       1   45474     200       0       0       0      11       0       0      11       8     663       1       0       0       0       0       2       1     663       1
  223.000   550912.640       1   45426     200       0       0       0       7       0       0       7       7     664       1       0       0       0       0       3       1     664       1
  224.000   548511.296       1   45228     200       0       0       0       9       0       0       9       9     665       1       0       0       0       0       2       1     665       1
  225.000   550900.512       1   45425     200       0       0       0      10       0       0      10       6     666       1       0       0       0       0       3       1     666       1
  226.000   544836.512       1   44925     200       0       0       0       7       0       0       7       3     666       1       0       0       0       0       6       2     666       1
  227.000   549311.744       1   45294     200       0       0       0      12       0       0      12      10     667       1       0       0       0       0       6       2     667       1
  228.000   553277.600       1   45621     200       0       0       0      10       0       0      10       8     666       1       0       0       0       0       4       2     666       1
  229.000   550087.936       1   45358     200       0       0       0       2       0       0       2       2     661       1       0       0       0       0       3       1     661       1
  230.000   544254.368       1   44877     200       0       0       0       9       0       0       9       7     660       1       0       0       0       0       3       1     660       1
  231.000   549942.400       1   45346     200       0       0       0      13       0       0      13      12     660       1       0       0       0       0       2       1     660       1
  232.000   550706.464       1   45409     200       0       0       0      10       0       0      10       8     661       1       0       0       0       0       3       1     661       1
  233.000   543744.992       1   44835     200       0       0       0       8       0       0       8       5     658       1       0       0       0       0       4       2     658       1
  234.000   545176.096       1   44953     200       0       0       0      12       0       0      12      11     660       1       0       0       0       0       5       2     660       1
  235.000   545770.368       1   45002     200       0       0       0      13       0       0      13      11     662       1       0       0       0       0       4       2     662       1
  236.000   552089.056       1   45523     200       0       0       0      11       0       0      11       9     663       1       0       0       0       0       3       1     663       1
  237.000   549918.144       1   45344     200       0       0       0      11       0       0      11       8     663       1       0       0       0       0       4       2     663       1
  238.000   545976.544       1   45019     200       0       0       0       9       0       0       9       6     663       1       0       0       0       0       5       2     663       1
  239.000   548741.728       1   45247     200       0       0       0       9       0       0       9       8     661       1       0       0       0       0       5       2     661       1
  240.000   540822.144       1   44594     200       0       0       0      13       0       0      13       9     664       1       0       0       0       0       5       2     664       1
  241.000   546061.440       1   45026     200       0       0       0      10       0       0      10       6     666       1       0       0       0       0       7       3     666       1
  242.000   543090.080       1   44781     200       0       0       0      10       0       0      10       6     669       1       0       0       0       0       9       4     669       1
  243.000   546728.480       1   45081     200       0       0       0      13       0       0      13       7     674       1       0       0       0       0       9       4     674       1
  244.000   541088.960       1   44616     200       0       0       0       5       0       0       5       2     680       1       0       0       0       0       9       4     680       1
  245.000   534636.864       1   44084     200       0       0       0       7       0       0       7       7     675       1       0       0       0       0       6       2     675       1
  246.000   530816.544       1   43769     200       0       0       0      12       0       0      12       9     677       1       0       0       0       0       4       2     677       1
  247.000   533593.856       1   43998     200       0       0       0      10       0       0      10       5     679       1       0       0       0       0       6       2     679       1
  248.000   529118.624       1   43629     200       0       0       0       6       0       0       6       4     677       1       0       0       0       0       6       2     677       1
  249.000   511993.888       1   42217     200       0       0       0       8       0       0       8       4     676       1       0       0       0       0       6       2     676       1
  250.000   512576.032       1   42265     200       0       0       0      12       0       0      12       7     678       1       0       0       0       0       8       3     678       1
  251.000   517257.440       1   42651     200       0       0       0       9       0       0       9       7     684       1       0       0       0       0       9       4     684       1
  252.000   512454.752       1   42255     200       0       0       0       9       0       0       9       7     678       1       0       0       0       0       5       2     678       1
  253.000   511060.032       1   42140     200       0       0       0      10       0       0      10       7     678       1       0       0       0       0       4       2     678       1
  254.000   506863.744       1   41794     200       0       0       0       4       0       0       4       2     677       1       0       0       0       0       5       2     677       1
  255.000   503152.576       1   41488     200       0       0       0      10       0       0      10       6     675       1       0       0       0       0       6       2     675       1
  256.000   501939.776       1   41388     200       0       0       0      10       0       0      10       7     670       1       0       0       0       0       7       3     670       1
  257.000   507142.688       1   41817     200       0       0       0      10       0       0      10      10     665       1       0       0       0       0       4       2     665       1
  258.000   512236.448       1   42237     200       0       0       0       9       0       0       9       6     666       1       0       0       0       0       2       1     666       1
  259.000   515850.592       1   42535     200       0       0       0       9       0       0       9       7     666       1       0       0       0       0       5       2     666       1
  260.000   510380.864       1   42084     200       0       0       0       6       0       0       6       3     666       1       0       0       0       0       6       2     666       1
  261.000   507688.448       1   41862     200       0       0       0      12       0       0      12       7     666       1       0       0       0       0       7       3     666       1
  262.000   509010.400       1   41971     200       0       0       0       8       0       0       8       4     669       1       0       0       0       0       8       3     669       1
  263.000   514916.736       1   42458     200       0       0       0      12       0       0      12      11     667       1       0       0       0       0       5       2     667       1
  264.000   515923.360       1   42541     200       0       0       0       7       0       0       7       7     660       1       0       0       0       0       3       1     660       1
  265.000   523151.648       1   43137     200       0       0       0      16       0       0      16      13     661       1       0       0       0       0       1       0     661       1
  266.000   524861.696       1   43278     200       0       0       0       8       0       0       8       6     660       1       0       0       0       0       4       2     660       1
  267.000   521102.016       1   42968     200       0       0       0       7       0       0       7       6     657       1       0       0       0       0       5       2     657       1
  268.000   508513.152       1   41930     200       0       0       0       8       0       0       8       7     656       1       0       0       0       0       3       1     656       1
  269.000   509168.064       1   41984     200       0       0       0      12       0       0      12       7     654       1       0       0       0       0       3       1     654       1
  270.000   513158.176       1   42313     200       0       0       0       9       0       0       9       9     651       1       0       0       0       0       5       2     651       1
  271.000   513922.240       1   42376     200       0       0       0       5       0       0       5       5     646       1       0       0       0       0       3       1     646       1
  272.000   507700.576       1   41863     200       0       0       0      10       0       0      10      10     643       1       0       0       0       0       0       0     643       1
  273.000   520362.208       1   42907     200       0       0       0      13       0       0      13      10     647       1       0       0       0       0       1       0     647       1
  274.000   521065.632       1   42965     200       0       0       0       7       0       0       7       5     648       1       0       0       0       0       4       2     648       1
  275.000   520133.536       1   42887     200       0       0       0       9       0       0       9       6     646       1       0       0       0       0       6       2     646       1
