  TimeSec      LoaKbps LoaUsag Packets DlyUsec LoaDrps MetDrps TabDrps FloMods MetMods GroMods  PktsIn PktsOut FloEntr FloUsag MetEntr MetUsag GroEntr GroUsag BufPkts BufUsag  T0Entr  T0Usag
    1.000        0.000       0       0     173       0       0       0       3       0       2       0       0       3       0       0       0       2       0       0       0       3       0
    2.000     2746.112       1     227     332       0       0       0       6       0       0       0       0       7       0       0       0       2       0       0       0       7       0
    3.000     6263.232       1     517     459       0       0       0       8       0       0       0       0      15       0       0       0       2       0       0       0      15       0
    4.000     9622.688       2     794     495       0       0       0       6       0       0       0       0      20       0       0       0       2       0       0       0      20       0
    5.000    12654.688       3    1044     558       0       0       0      10       0       0       0       0      30       0       0       0       2       0       0       0      30       0
    6.000    17020.768       4    1404     595       0       0       0      12       0       0       0       0      40       0       0       0       2       0       0       0      40       0
    7.000    19604.032       4    1617     599       0       0       0      10       0       0       0       0      50       1       0       0       2       0       0       0      50       1
    8.000    22163.040       5    1828     599       0       0       0       6       0       0       0       0      59       1       0       0       2       0       0       0      59       1
    9.000    26674.656       6    2200     667       0       0       0      10       0       0       0       0      67       1       0       0       2       0       0       0      67       1
   10.000    32265.664       7    2661     696       0       0       0       4       0       0       0       0      74       1       0       0       2       0       0       0      74       1
   11.000    36304.288       8    2994     699       0       0       0      10       0       0       0       0      82       1       0       0       2       0       0       0      82       1
   12.000    23424.352       5    1932     699       0       0       0      12       0       0       0       0      91       1       0       0       2       0       0       0      91       1
   13.000    10847.616       2     895     526       0       0       0      42       0       0       0       0      38       0       0       0       2       0       0       0      38       0
   14.000    15638.176       3    1290     586       0       0       0      12       0       0       0       0      40       0       0       0       2       0       0       0      40       0
   15.000    18342.720       4    1513     598       0       0       0      12       0       0       0       0      48       1       0       0       2       0       0       0      48       1
   16.000    26953.600       6    2223     599       0       0       0       8       0       0       0       0      60       1       0       0       2       0       0       0      60       1
   17.000    34121.248       8    2814     683       0       0       0      14       0       0       0       0      73       1       0       0       2       0       0       0      73       1
   18.000    37832.416       8    3120     698       0       0       0      12       0       0       0       0      82       1       0       0       2       0       0       0      82       1
   19.000    46370.528      10    3824     699       0       0       0      16       0       0       0       0      98       1       0       0       2       0       0       0      98       1
   20.000    55187.584      12    4551     699       0       0       0      12       0       0       0       0     111       1       0       0       2       0       0       0     111       1
   21.000    60196.448      13    4964     699       0       0       0      10       0       0       0       0     123       2       0       0       2       0       0       0     123       2
   22.000    34109.120       8    2813     773       0       0       0       6       0       0       0       0     129       2       0       0       2       0       0       0     129       2
   23.000    17190.560       4    1418     537       0       0       0      67       0       0       0       0      40       0       0       0       2       0       0       0      40       0
   24.000    19870.848       4    1639     563       0       0       0      14       0       0       0       0      35       0       0       0       2       0       0       0      35       0
   25.000    27026.368       6    2229     596       0       0       0      14       0       0       0       0      49       1       0       0       2       0       0       0      49       1
   26.000    39202.880       9    3233     678       0       0       0      14       0       0       0       0      66       1       0       0       2       0       0       0      66       1
   27.000    44951.552      10    3707     697       0       0       0       8       0       0       0       0      76       1       0       0       2       0       0       0      76       1
   28.000    51003.424      11    4206     699       0       0       0       4       0       0       0       0      82       1       0       0       2       0       0       0      82       1
   29.000    52786.240      12    4353     699       0       0       0       6       0       0       0       0      86       1       0       0       2       0       0       0      86       1
   30.000    55284.608      12    4559     699       0       0       0       6       0       0       0       0      93       1       0       0       2       0       0       0      93       1
   31.000    56182.080      12    4633     700       0       0       0       8       0       0       0       0      99       1       0       0       2       0       0       0      99       1
   32.000    37031.968       8    3054     700       0       0       0      16       0       0       0       0     112       1       0       0       2       0       0       0     112       1
   33.000    19046.144       4    1571     700       0       0       0      30       0       0       0       0      79       1       0       0       2       0       0       0      79       1
   34.000    21738.560       5    1793     700       0       0       0      10       0       0       0       0      81       1       0       0       2       0       0       0      81       1
   35.000    29306.432       7    2417     700       0       0       0      18       0       0       0       0      97       1       0       0       2       0       0       0      97       1
   36.000    38911.808       9    3209     700       0       0       0       4       0       0       0       0     106       1       0       0       2       0       0       0     106       1
   37.000    42804.896      10    3530     700       0       0       0      10       0       0       0       0     110       1       0       0       2       0       0       0     110       1
   38.000    48080.576      11    3965     700       0       0       0      12       0       0       0       0     119       1       0       0       2       0       0       0     119       1
   39.000    53768.608      12    4434     779       0       0       0      12       0       0       0       0     130       2       0       0       2       0       0       0     130       2
   40.000    58692.576      13    4840     797       0       0       0      10       0       0       0       0     134       2       0       0       2       0       0       0     134       2
   41.000    60887.744      14    5021     799       0       0       0       4       0       0       0       0     138       2       0       0       2       0       0       0     138       2
   42.000    39966.944       9    3296     799       0       0       0       8       0       0       0       0     143       2       0       0       2       0       0       0     143       2
   43.000    21702.176       5    1790     713       0       0       0      50       0       0       0       0     102       1       0       0       2       0       0       0     102       1
   44.000    26201.664       6    2161     701       0       0       0       6       0       0       0       0     102       1       0       0       2       0       0       0     102       1
   45.000    28797.056       6    2375     700       0       0       0      12       0       0       0       0     105       1       0       0       2       0       0       0     105       1
   46.000    35661.504       8    2941     700       0       0       0      14       0       0       0       0     118       1       0       0       2       0       0       0     118       1
   47.000    40706.752       9    3357     748       0       0       0      16       0       0       0       0     127       2       0       0       2       0       0       0     127       2
   48.000    49184.224      11    4056     794       0       0       0      12       0       0       0       0     142       2       0       0       2       0       0       0     142       2
   49.000    52264.736      12    4310     799       0       0       0       4       0       0       0       0     146       2       0       0       2       0       0       0     146       2
   50.000    54108.192      12    4462     799       0       0       0       6       0       0       0       0     144       2       0       0       2       0       0       0     144       2
   51.000    58607.680      13    4833     799       0       0       0       6       0       0       0       0     151       2       0       0       2       0       0       0     151       2
   52.000    49232.736      11    4060     799       0       0       0      12       0       0       0       0     162       2       0       0       2       0       0       0     162       2
   53.000    35988.960       8    2968     800       0       0       0      29       0       0       0       0     139       2       0       0       2       0       0       0     139       2
   54.000    38729.888       9    3194     800       0       0       0      16       0       0       0       0     148       2       0       0       2       0       0       0     148       2
   55.000    40961.440       9    3378     800       0       0       0      10       0       0       0       0     155       2       0       0       2       0       0       0     155       2
   56.000    43920.672      10    3622     800       0       0       0      14       0       0       0       0     169       2       0       0       2       0       0       0     169       2
   57.000    49863.392      11    4112     800       0       0       0      12       0       0       0       0     178       2       0       0       2       0       0       0     178       2
   58.000    59117.056      13    4875     800       0       0       0       8       0       0       0       0     183       2       0       0       2       0       0       0     183       2
   59.000    59905.376      13    4940     800       0       0       0       4       0       0       0       0     186       2       0       0       2       0       0       0     186       2
   60.000    61142.432      14    5042     800       0       0       0       8       0       0       0       0     187       2       0       0       2       0       0       0     187       2
   61.000    69668.416      15    5745     800       0       0       0      12       0       0       0       0     196       2       0       0       2       0       0       0     196       2
   62.000    55575.680      12    4583     800       0       0       0       8       0       0       0       0     198       2       0       0       2       0       0       0     198       2
   63.000    41713.376       9    3440     800       0       0       0      36       0       0       0       0     167       2       0       0       2       0       0       0     167       2
   64.000    49075.072      11    4047     800       0       0       0      10       0       0       0       0     173       2       0       0       2       0       0       0     173       2
   65.000    56327.616      13    4645     800       0       0       0       8       0       0       0       0     181       2       0       0       2       0       0       0     181       2
   66.000    60099.424      13    4956     800       0       0       0       6       0       0       0       0     184       2       0       0       2       0       0       0     184       2
   67.000    63058.656      14    5200     800       0       0       0      10       0       0       0       0     191       2       0       0       2       0       0       0     191       2
   68.000    65860.224      15    5431     800       0       0       0       8       0       0       0       0     195       2       0       0       2       0       0       0     195       2
   69.000    69377.344      15    5721     800       0       0       0      12       0       0       0       0     197       2       0       0       2       0       0       0     197       2
   70.000    73537.248      16    6064     800       0       0       0       6       0       0       0       0     200       2       0       0       2       0       0       0     200       2
   71.000    82827.296      18    6830     800       0       0       0      12       0       0       0       0     202       2       0       0       2       0       0       0     202       2
   72.000    70165.664      16    5786     800       0       0       0      12       0       0       0       0     211       3       0       0       2       0       0       0     211       3
   73.000    52980.288      12    4369     800       0       0       0      20       0       0       0       0     189       2       0       0       2       0       0       0     189       2
   74.000    55878.880      12    4608     800       0       0       0       8       0       0       0       0     189       2       0       0       2       0       0       0     189       2
   75.000    59881.120      13    4938     800       0       0       0      10       0       0       0       0     197       2       0       0       2       0       0       0     197       2
   76.000    67582.400      15    5573     800       0       0       0      10       0       0       0       0     203       2       0       0       2       0       0       0     203       2
   77.000    73185.536      16    6035     800       0       0       0      10       0       0       0       0     208       3       0       0       2       0       0       0     208       3
   78.000    76447.968      17    6304     800       0       0       0      12       0       0       0       0     216       3       0       0       2       0       0       0     216       3
   79.000    80122.752      18    6607     800       0       0       0      10       0       0       0       0     222       3       0       0       2       0       0       0     222       3
   80.000    79831.680      18    6583     800       0       0       0       8       0       0       0       0     227       3       0       0       2       0       0       0     227       3
   81.000    83470.080      19    6883     800       0       0       0      18       0       0       0       0     239       3       0       0       2       0       0       0     239       3
   82.000    73816.192      16    6087     800       0       0       0      12       0       0       0       0     247       3       0       0       2       0       0       0     247       3
   83.000    62233.952      14    5132     800       0       0       0      32       0       0       0       0     221       3       0       0       2       0       0       0     221       3
   84.000    65884.480      15    5433     800       0       0       0      10       0       0       0       0     222       3       0       0       2       0       0       0     222       3
   85.000    68431.360      15    5643     800       0       0       0      10       0       0       0       0     225       3       0       0       2       0       0       0     225       3
   86.000    74386.208      17    6134     800       0       0       0      14       0       0       0       0     235       3       0       0       2       0       0       0     235       3
   87.000    78388.448      17    6464     800       0       0       0      10       0       0       0       0     242       3       0       0       2       0       0       0     242       3
   88.000    85349.920      19    7038     800       0       0       0       6       0       0       0       0     247       3       0       0       2       0       0       0     247       3
   89.000    89048.960      20    7343     800       0       0       0      10       0       0       0       0     251       3       0       0       2       0       0       0     251       3
   90.000    90625.600      20    7473     800       0       0       0       2       0       0       0       0     251       3       0       0       2       0       0       0     251       3
   91.000    92080.960      20    7593     800       0       0       0      10       0       0       0       0     253       3       0       0       2       0       0       0     253       3
   92.000    79370.816      18    6545     889       0       0       0       8       0       0       0       0     262       3       0       0       2       0       0       0     262       3
   93.000    65799.584      15    5426     812       0       0       0      26       0       0       0       0     236       3       0       0       2       0       0       0     236       3
   94.000    67060.896      15    5530     801       0       0       0       8       0       0       0       0     230       3       0       0       2       0       0       0     230       3
   95.000    70869.088      16    5844     800       0       0       0       8       0       0       0       0     233       3       0       0       2       0       0       0     233       3
   96.000    74010.240      16    6103     800       0       0       0      14       0       0       0       0     236       3       0       0       2       0       0       0     236       3
   97.000    78145.888      17    6444     800       0       0       0       8       0       0       0       0     237       3       0       0       2       0       0       0     237       3
   98.000    81262.784      18    6701     800       0       0       0       6       0       0       0       0     240       3       0       0       2       0       0       0     240       3
   99.000    83300.288      19    6869     800       0       0       0       4       0       0       0       0     238       3       0       0       2       0       0       0     238       3
  100.000    84246.272      19    6947     800       0       0       0       8       0       0       0       0     241       3       0       0       2       0       0       0     241       3
  101.000    84682.880      19    6983     800       0       0       0       4       0       0       0       0     240       3       0       0       2       0       0       0     240       3
  102.000    71948.480      16    5933     800       0       0       0      10       0       0       0       0     239       3       0       0       2       0       0       0     239       3
  103.000    64817.216      14    5345     800       0       0       0      42       0       0       0       0     222       3       0       0       2       0       0       0     222       3
  104.000    71439.104      16    5891     800       0       0       0       8       0       0       0       0     226       3       0       0       2       0       0       0     226       3
  105.000    75259.424      17    6206     800       0       0       0      10       0       0       0       0     232       3       0       0       2       0       0       0     232       3
  106.000    80632.128      18    6649     800       0       0       0      12       0       0       0       0     238       3       0       0       2       0       0       0     238       3
  107.000    86198.880      19    7108     800       0       0       0       8       0       0       0       0     245       3       0       0       2       0       0       0     245       3
  108.000    87059.968      19    7179     800       0       0       0       4       0       0       0       0     245       3       0       0       2       0       0       0     245       3
  109.000    90358.784      20    7451     859       0       0       0      20       0       0       0       0     256       3       0       0       2       0       0       0     256       3
  110.000   106670.944      24    8796     895       0       0       0      16       0       0       0       0     265       3       0       0       2       0       0       0     265       3
  111.000   119296.192      27    9837     899       0       0       0      14       0       0       0       0     278       3       0       0       2       0       0       0     278       3
  112.000    99491.168      22    8204     899       0       0       0       8       0       0       0       0     279       3       0       0       2       0       0       0     279       3
  113.000    77248.416      17    6370     813       0       0       0      27       0       0       0       0     255       3       0       0       2       0       0       0     255       3
  114.000    78279.296      17    6455     801       0       0       0       8       0       0       0       0     254       3       0       0       2       0       0       0     254       3
  115.000    82414.944      18    6796     834       0       0       0      10       0       0       0       0     256       3       0       0       2       0       0       0     256       3
  116.000    88951.936      20    7335     892       0       0       0      10       0       0       0       0     259       3       0       0       2       0       0       0     259       3
  117.000    95222.112      21    7852     899       0       0       0      14       0       0       0       0     271       3       0       0       2       0       0       0     271       3
  118.000   102777.856      23    8475     899       0       0       0       8       0       0       0       0     273       3       0       0       2       0       0       0     273       3
  119.000   103566.176      23    8540     899       0       0       0       4       0       0       0       0     272       3       0       0       2       0       0       0     272       3
  120.000   102874.880      23    8483     899       0       0       0       0       0       0       0       0     271       3       0       0       2       0       0       0     271       3
  121.000    99115.200      22    8173     900       0       0       0       4       0       0       0       0     267       3       0       0       2       0       0       0     267       3
  122.000    80838.304      18    6666     900       0       0       0       4       0       0       0       0     264       3       0       0       2       0       0       0     264       3
  123.000    63883.360      14    5268     813       0       0       0      33       0       0       0       0     229       3       0       0       2       0       0       0     229       3
  124.000    66442.368      15    5479     801       0       0       0       6       0       0       0       0     225       3       0       0       2       0       0       0     225       3
  125.000    67497.504      15    5566     800       0       0       0       6       0       0       0       0     225       3       0       0       2       0       0       0     225       3
  126.000    67958.368      15    5604     800       0       0       0       4       0       0       0       0     223       3       0       0       2       0       0       0     223       3
  127.000    67982.624      15    5606     800       0       0       0       4       0       0       0       0     226       3       0       0       2       0       0       0     226       3
  128.000    71742.304      16    5916     800       0       0       0      24       0       0       0       0     234       3       0       0       2       0       0       0     234       3
  129.000    78060.992      17    6437     800       0       0       0      12       0       0       0       0     248       3       0       0       2       0       0       0     248       3
  130.000    79868.064      18    6586     800       0       0       0       2       0       0       0       0     248       3       0       0       2       0       0       0     248       3
  131.000    81177.888      18    6694     800       0       0       0       4       0       0       0       0     249       3       0       0       2       0       0       0     249       3
  132.000    69789.696      16    5755     800       0       0       0       6       0       0       0       0     250       3       0       0       2       0       0       0     250       3
  133.000    58158.944      13    4796     800       0       0       0      48       0       0       0       0     221       3       0       0       2       0       0       0     221       3
  134.000    63337.600      14    5223     800       0       0       0       8       0       0       0       0     223       3       0       0       2       0       0       0     223       3
  135.000    66114.912      15    5452     800       0       0       0       4       0       0       0       0     226       3       0       0       2       0       0       0     226       3
  136.000    70468.864      16    5811     800       0       0       0       4       0       0       0       0     223       3       0       0       2       0       0       0     223       3
  137.000    76763.296      17    6330     800       0       0       0      12       0       0       0       0     228       3       0       0       2       0       0       0     228       3
  138.000    80341.056      18    6625     800       0       0       0       8       0       0       0       0     231       3       0       0       2       0       0       0     231       3
  139.000    85277.152      19    7032     800       0       0       0      16       0       0       0       0     237       3       0       0       2       0       0       0     237       3
  140.000    95355.520      21    7863     800       0       0       0       4       0       0       0       0     245       3       0       0       2       0       0       0     245       3
  141.000    98375.392      22    8112     800       0       0       0      12       0       0       0       0     247       3       0       0       2       0       0       0     247       3
  142.000    82790.912      18    6827     800       0       0       0       6       0       0       0       0     252       3       0       0       2       0       0       0     252       3
  143.000    64574.656      14    5325     800       0       0       0      30       0       0       0       0     212       3       0       0       2       0       0       0     212       3
  144.000    65338.720      15    5388     800       0       0       0      10       0       0       0       0     204       2       0       0       2       0       0       0     204       2
  145.000    68576.896      15    5655     800       0       0       0      10       0       0       0       0     211       3       0       0       2       0       0       0     211       3
  146.000    70092.896      16    5780     800       0       0       0       0       0       0       0       0     212       3       0       0       2       0       0       0     212       3
  147.000    70978.240      16    5853     800       0       0       0       6       0       0       0       0     208       3       0       0       2       0       0       0     208       3
  148.000    76144.768      17    6279     800       0       0       0      20       0       0       0       0     217       3       0       0       2       0       0       0     217       3
  149.000    85944.192      19    7087     800       0       0       0      14       0       0       0       0     229       3       0       0       2       0       0       0     229       3
  150.000    91741.376      20    7565     800       0       0       0       8       0       0       0       0     233       3       0       0       2       0       0       0     233       3
  151.000    96798.752      22    7982     800       0       0       0       8       0       0       0       0     239       3       0       0       2       0       0       0     239       3
  152.000    79758.912      18    6577     800       0       0       0       8       0       0       0       0     239       3       0       0       2       0       0       0     239       3
  153.000    64392.736      14    5310     800       0       0       0      38       0       0       0       0     206       3       0       0       2       0       0       0     206       3
  154.000    68589.024      15    5656     800       0       0       0       8       0       0       0       0     202       2       0       0       2       0       0       0     202       2
  155.000    73246.176      16    6040     800       0       0       0      10       0       0       0       0     207       3       0       0       2       0       0       0     207       3
  156.000    82487.712      18    6802     800       0       0       0      14       0       0       0       0     216       3       0       0       2       0       0       0     216       3
  157.000    87617.856      19    7225     800       0       0       0       4       0       0       0       0     221       3       0       0       2       0       0       0     221       3
  158.000    90164.736      20    7435     800       0       0       0       8       0       0       0       0     222       3       0       0       2       0       0       0     222       3
  159.000   101310.368      23    8354     800       0       0       0      14       0       0       0       0     230       3       0       0       2       0       0       0     230       3
  160.000   106452.640      24    8778     800       0       0       0      12       0       0       0       0     236       3       0       0       2       0       0       0     236       3
  161.000   112953.248      25    9314     800       0       0       0      10       0       0       0       0     244       3       0       0       2       0       0       0     244       3
  162.000    92262.880      21    7608     800       0       0       0       8       0       0       0       0     248       3       0       0       2       0       0       0     248       3
  163.000    73124.896      16    6030     800       0       0       0      37       0       0       0       0     216       3       0       0       2       0       0       0     216       3
  164.000    74677.280      17    6158     800       0       0       0       4       0       0       0       0     212       3       0       0       2       0       0       0     212       3
  165.000    78715.904      17    6491     800       0       0       0      12       0       0       0       0     216       3       0       0       2       0       0       0     216       3
  166.000    81032.352      18    6682     800       0       0       0       4       0       0       0       0     219       3       0       0       2       0       0       0     219       3
  167.000    82972.832      18    6842     800       0       0       0      10       0       0       0       0     221       3       0       0       2       0       0       0     221       3
  168.000    85325.664      19    7036     800       0       0       0      10       0       0       0       0     227       3       0       0       2       0       0       0     227       3
  169.000    93245.248      21    7689     800       0       0       0      10       0       0       0       0     231       3       0       0       2       0       0       0     231       3
  170.000    95634.464      21    7886     800       0       0       0       8       0       0       0       0     237       3       0       0       2       0       0       0     237       3
  171.000    99115.200      22    8173     800       0       0       0      16       0       0       0       0     242       3       0       0       2       0       0       0     242       3
  172.000    81250.656      18    6700     800       0       0       0       4       0       0       0       0     246       3       0       0       2       0       0       0     246       3
  173.000    67339.840      15    5553     800       0       0       0      34       0       0       0       0     224       3       0       0       2       0       0       0     224       3
  174.000    73500.864      16    6061     800       0       0       0      14       0       0       0       0     223       3       0       0       2       0       0       0     223       3
  175.000    77345.440      17    6378     800       0       0       0       4       0       0       0       0     228       3       0       0       2       0       0       0     228       3
  176.000    77588.000      17    6398     800       0       0       0       6       0       0       0       0     227       3       0       0       2       0       0       0     227       3
  177.000    83676.256      19    6900     800       0       0       0      10       0       0       0       0     232       3       0       0       2       0       0       0     232       3
  178.000    88660.864      20    7311     800       0       0       0      10       0       0       0       0     238       3       0       0       2       0       0       0     238       3
  179.000    95052.320      21    7838     800       0       0       0      16       0       0       0       0     244       3       0       0       2       0       0       0     244       3
  180.000   101625.696      23    8380     800       0       0       0       4       0       0       0       0     250       3       0       0       2       0       0       0     250       3
  181.000   104778.976      23    8640     800       0       0       0       8       0       0       0       0     251       3       0       0       2       0       0       0     251       3
  182.000    83482.208      19    6884     883       0       0       0      16       0       0       0       0     259       3       0       0       2       0       0       0     259       3
  183.000    60875.616      14    5020     811       0       0       0      35       0       0       0       0     221       3       0       0       2       0       0       0     221       3
  184.000    65860.224      15    5431     801       0       0       0       6       0       0       0       0     216       3       0       0       2       0       0       0     216       3
  185.000    69316.704      15    5716     800       0       0       0       8       0       0       0       0     215       3       0       0       2       0       0       0     215       3
  186.000    73403.840      16    6053     800       0       0       0       6       0       0       0       0     216       3       0       0       2       0       0       0     216       3
  187.000    74956.224      17    6181     800       0       0       0       4       0       0       0       0     215       3       0       0       2       0       0       0     215       3
  188.000    83130.496      18    6855     800       0       0       0      12       0       0       0       0     219       3       0       0       2       0       0       0     219       3
  189.000    86914.432      19    7167     800       0       0       0      20       0       0       0       0     223       3       0       0       2       0       0       0     223       3
  190.000    92723.744      21    7646     800       0       0       0      12       0       0       0       0     233       3       0       0       2       0       0       0     233       3
  191.000    96859.392      22    7987     800       0       0       0       8       0       0       0       0     242       3       0       0       2       0       0       0     242       3
  192.000    75235.168      17    6204     800       0       0       0       6       0       0       0       0     244       3       0       0       2       0       0       0     244       3
  193.000    61057.536      14    5035     800       0       0       0      39       0       0       0       0     222       3       0       0       2       0       0       0     222       3
  194.000    63555.904      14    5241     800       0       0       0      10       0       0       0       0     222       3       0       0       2       0       0       0     222       3
  195.000    68746.688      15    5669     800       0       0       0      12       0       0       0       0     230       3       0       0       2       0       0       0     230       3
  196.000    72930.848      16    6014     800       0       0       0      10       0       0       0       0     235       3       0       0       2       0       0       0     235       3
  197.000    75550.496      17    6230     800       0       0       0      12       0       0       0       0     237       3       0       0       2       0       0       0     237       3
  198.000    79843.808      18    6584     800       0       0       0      10       0       0       0       0     245       3       0       0       2       0       0       0     245       3
  199.000    84585.856      19    6975     836       0       0       0      18       0       0       0       0     254       3       0       0       2       0       0       0     254       3
  200.000    91632.224      20    7556     893       0       0       0      12       0       0       0       0     266       3       0       0       2       0       0       0     266       3
  201.000    95804.256      21    7900     899       0       0       0      14       0       0       0       0     270       3       0       0       2       0       0       0     270       3
  202.000    88357.664      20    7286     899       0       0       0      10       0       0       0       0     282       3       0       0       2       0       0       0     282       3
  203.000    75708.160      17    6243     862       0       0       0      39       0       0       0       0     260       3       0       0       2       0       0       0     260       3
  204.000    79285.920      18    6538     859       0       0       0       2       0       0       0       0     258       3       0       0       2       0       0       0     258       3
  205.000    82948.576      18    6840     806       0       0       0       6       0       0       0       0     253       3       0       0       2       0       0       0     253       3
  206.000    86089.728      19    7099     849       0       0       0      14       0       0       0       0     256       3       0       0       2       0       0       0     256       3
  207.000    93657.600      21    7723     891       0       0       0      20       0       0       0       0     267       3       0       0       2       0       0       0     267       3
  208.000    98217.728      22    8099     899       0       0       0       0       0       0       0       0     267       3       0       0       2       0       0       0     267       3
  209.000   101079.936      22    8335     899       0       0       0      18       0       0       0       0     271       3       0       0       2       0       0       0     271       3
  210.000   104706.208      23    8634     899       0       0       0       4       0       0       0       0     272       3       0       0       2       0       0       0     272       3
  211.000   107738.208      24    8884     899       0       0       0      16       0       0       0       0     278       3       0       0       2       0       0       0     278       3
  212.000    98229.856      22    8100     900       0       0       0      10       0       0       0       0     286       3       0       0       2       0       0       0     286       3
  213.000    87908.928      20    7249     872       0       0       0      37       0       0       0       0     261       3       0       0       2       0       0       0     261       3
  214.000    95889.152      21    7907     897       0       0       0      14       0       0       0       0     262       3       0       0       2       0       0       0     262       3
  215.000   107871.616      24    8895     899       0       0       0       8       0       0       0       0     266       3       0       0       2       0       0       0     266       3
  216.000   111109.792      25    9162     899       0       0       0      16       0       0       0       0     275       3       0       0       2       0       0       0     275       3
  217.000   114954.368      26    9479     899       0       0       0       8       0       0       0       0     278       3       0       0       2       0       0       0     278       3
  218.000   118556.384      26    9776     900       0       0       0      10       0       0       0       0     278       3       0       0       2       0       0       0     278       3
  219.000   120496.864      27    9936     900       0       0       0      10       0       0       0       0     282       3       0       0       2       0       0       0     282       3
  220.000   126985.344      28   10471     900       0       0       0      14       0       0       0       0     294       4       0       0       2       0       0       0     294       4
  221.000   131557.600      29   10848     900       0       0       0      16       0       0       0       0     301       4       0       0       2       0       0       0     301       4
  222.000   112322.592      25    9262     900       0       0       0       8       0       0       0       0     306       4       0       0       2       0       0       0     306       4
  223.000    93621.216      21    7720     900       0       0       0      34       0       0       0       0     273       3       0       0       2       0       0       0     273       3
  224.000    99151.584      22    8176     900       0       0       0      10       0       0       0       0     270       3       0       0       2       0       0       0     270       3
  225.000   103663.200      23    8548     900       0       0       0       8       0       0       0       0     273       3       0       0       2       0       0       0     273       3
  226.000   106149.440      24    8753     900       0       0       0      12       0       0       0       0     276       3       0       0       2       0       0       0     276       3
  227.000   109448.256      24    9025     900       0       0       0       6       0       0       0       0     279       3       0       0       2       0       0       0     279       3
  228.000   114699.680      25    9458     900       0       0       0      14       0       0       0       0     284       3       0       0       2       0       0       0     284       3
  229.000   119902.592      27    9887     900       0       0       0       8       0       0       0       0     287       4       0       0       2       0       0       0     287       4
  230.000   120581.760      27    9943     900       0       0       0      10       0       0       0       0     291       4       0       0       2       0       0       0     291       4
  231.000   121794.560      27   10043     900       0       0       0       2       0       0       0       0     292       4       0       0       2       0       0       0     292       4
  232.000   105300.480      23    8683     900       0       0       0      14       0       0       0       0     296       4       0       0       2       0       0       0     296       4
  233.000    87714.880      19    7233     900       0       0       0      34       0       0       0       0     270       3       0       0       2       0       0       0     270       3
  234.000    93499.936      21    7710     900       0       0       0      14       0       0       0       0     274       3       0       0       2       0       0       0     274       3
  235.000   100036.928      22    8249     900       0       0       0      16       0       0       0       0     278       3       0       0       2       0       0       0     278       3
  236.000   105567.296      23    8705     900       0       0       0      10       0       0       0       0     285       3       0       0       2       0       0       0     285       3
  237.000   110188.064      24    9086     900       0       0       0      14       0       0       0       0     290       4       0       0       2       0       0       0     290       4
  238.000   116846.336      26    9635     900       0       0       0       8       0       0       0       0     297       4       0       0       2       0       0       0     297       4
  239.000   121649.024      27   10031     900       0       0       0      10       0       0       0       0     304       4       0       0       2       0       0       0     304       4
  240.000   124426.336      28   10260     900       0       0       0       8       0       0       0       0     305       4       0       0       2       0       0       0     305       4
  241.000   127446.208      28   10509     900       0       0       0       4       0       0       0       0     306       4       0       0       2       0       0       0     306       4
  242.000   108635.680      24    8958     900       0       0       0      16       0       0       0       0     313       4       0       0       2       0       0       0     313       4
  243.000    85616.736      19    7060     900       0       0       0      34       0       0       0       0     275       3       0       0       2       0       0       0     275       3
  244.000    88418.304      20    7291     900       0       0       0      10       0       0       0       0     275       3       0       0       2       0       0       0     275       3
  245.000    92663.104      21    7641     900       0       0       0      10       0       0       0       0     275       3       0       0       2       0       0       0     275       3
  246.000    96544.064      21    7961     900       0       0       0       6       0       0       0       0     277       3       0       0       2       0       0       0     277       3
  247.000   103820.864      23    8561     900       0       0       0      12       0       0       0       0     282       3       0       0       2       0       0       0     282       3
  248.000   106549.664      24    8786     900       0       0       0       4       0       0       0       0     285       3       0       0       2       0       0       0     285       3
  249.000   109375.488      24    9019     900       0       0       0      16       0       0       0       0     290       4       0       0       2       0       0       0     290       4
  250.000   109557.408      24    9034     900       0       0       0       4       0       0       0       0     290       4       0       0       2       0       0       0     290       4
  251.000   111631.296      25    9205     900       0       0       0       2       0       0       0       0     283       3       0       0       2       0       0       0     283       3
  252.000    90710.496      20    7480     900       0       0       0      12       0       0       0       0     284       3       0       0       2       0       0       0     284       3
  253.000    74361.952      17    6132     813       0       0       0      28       0       0       0       0     255       3       0       0       2       0       0       0     255       3
  254.000    79613.376      18    6565     809       0       0       0      12       0       0       0       0     255       3       0       0       2       0       0       0     255       3
  255.000    82900.064      18    6836     826       0       0       0       2       0       0       0       0     256       3       0       0       2       0       0       0     256       3
  256.000    84064.352      19    6932     802       0       0       0       2       0       0       0       0     250       3       0       0       2       0       0       0     250       3
  257.000    88648.736      20    7310     800       0       0       0       6       0       0       0       0     249       3       0       0       2       0       0       0     249       3
  258.000    92820.768      21    7654     800       0       0       0      14       0       0       0       0     252       3       0       0       2       0       0       0     252       3
  259.000   106185.824      24    8756     879       0       0       0      12       0       0       0       0     261       3       0       0       2       0       0       0     261       3
  260.000   108150.560      24    8918     897       0       0       0       8       0       0       0       0     265       3       0       0       2       0       0       0     265       3
  261.000   111364.480      25    9183     899       0       0       0      10       0       0       0       0     274       3       0       0       2       0       0       0     274       3
  262.000    87690.624      19    7231     899       0       0       0       8       0       0       0       0     275       3       0       0       2       0       0       0     275       3
  263.000    64222.944      14    5296     813       0       0       0      38       0       0       0       0     243       3       0       0       2       0       0       0     243       3
  264.000    68128.160      15    5618     801       0       0       0      16       0       0       0       0     243       3       0       0       2       0       0       0     243       3
  265.000    73476.608      16    6059     800       0       0       0       6       0       0       0       0     250       3       0       0       2       0       0       0     250       3
  266.000    76520.736      17    6310     835       0       0       0      10       0       0       0       0     255       3       0       0       2       0       0       0     255       3
  267.000    87860.416      20    7245     889       0       0       0      14       0       0       0       0     260       3       0       0       2       0       0       0     260       3
  268.000    89364.288      20    7369     898       0       0       0      10       0       0       0       0     266       3       0       0       2       0       0       0     266       3
  269.000    91316.896      20    7530     899       0       0       0       6       0       0       0       0     270       3       0       0       2       0       0       0     270       3
  270.000    94106.336      21    7760     899       0       0       0       8       0       0       0       0     277       3       0       0       2       0       0       0     277       3
  271.000    97720.480      22    8058     899       0       0       0       6       0       0       0       0     282       3       0       0       2       0       0       0     282       3
  272.000    80668.512      18    6652     900       0       0       0       8       0       0       0       0     285       3       0       0       2       0       0       0     285       3
  273.000    61494.144      14    5071     813       0       0       0      38       0       0       0       0     254       3       0       0       2       0       0       0     254       3
  274.000    67206.432      15    5542     801       0       0       0      12       0       0       0       0     254       3       0       0       2       0       0       0     254       3
  275.000    77243.232      17    6369     883       0       0       0      14       0       0       0       0     260       3       0       0       2       0       0       0     260       3
