  TimeSec      LoaKbps LoaUsag Packets DlyUsec LoaDrps MetDrps TabDrps FloMods MetMods GroMods  PktsIn PktsOut FloEntr FloUsag MetEntr MetUsag GroEntr GroUsag BufPkts BufUsag  T0Entr  T0Usag
    1.000        0.000       0       0      34       0       0       0       3       0       2       0       0       3       2       0       0       2       0       0       0       3       2
    2.000       17.312       0       2      39       0       0       0       0       0       0       0       0       3       2       0       0       2       0       0       0       3       2
    3.000       17.312       0       2      39       0       0       0       0       0       0       0       0       3       2       0       0       2       0       0       0       3       2
    4.000       17.312       0       2      39       0       0       0       0       0       0       0       0       3       2       0       0       2       0       0       0       3       2
    5.000       17.312       0       2      39       0       0       0       0       0       0       0       0       3       2       0       0       2       0       0       0       3       2
    6.000       17.312       0       2      40       0       0       0       0       0       0       0       0       3       2       0       0       2       0       0       0       3       2
    7.000       17.312       0       2      40       0       0       0       0       0       0       0       0       3       2       0       0       2       0       0       0       3       2
    8.000       17.312       0       2      40       0       0       0       0       0       0       0       0       3       2       0       0       2       0       0       0       3       2
    9.000       17.312       0       2      40       0       0       0       0       0       0       0       0       3       2       0       0       2       0       0       0       3       2
   10.000       17.312       0       2      40       0       0       0       0       0       0       0       0       3       2       0       0       2       0       0       0       3       2
   11.000       17.312       0       2      87       0       0       0      37       0       0       0       0      25      13       0       0       2       0       0       0      25      13
   12.000    18609.536       2    1535     116       0       0       0       0       0       0       0       0      38      19       0       0       2       0       0       0      38      19
   13.000    37250.272       4    3072     119       0       0       0       0       0       0       0       0      40      20       0       0       2       0       0       0      40      20
   14.000    37310.912       4    3077     119       0       0       0       0       0       0       0       0      40      20       0       0       2       0       0       0      40      20
   15.000    37128.992       4    3062     119       0       0       0       0       0       0       0       0      40      20       0       0       2       0       0       0      40      20
   16.000    37128.992       4    3062     120       0       0       0       0       0       0       0       0      40      20       0       0       2       0       0       0      40      20
   17.000    37104.736       4    3060     120       0       0       0       0       0       0       0       0      40      20       0       0       2       0       0       0      40      20
   18.000    36692.384       4    3026     120       0       0       0       0       0       0       0       0      40      20       0       0       2       0       0       0      40      20
   19.000    35152.128       4    2899     120       0       0       0       0       0       0       0       0      40      20       0       0       2       0       0       0      40      20
   20.000    34739.776       3    2865     120       0       0       0       0       0       0       0       0      40      20       0       0       2       0       0       0      40      20
   21.000    34788.288       3    2869     131       0       0       0      61       0       0       0       0      76      38       0       0       2       0       0       0      76      38
   22.000    60317.728       6    4974     139       0       0       0       0       0       0       0       0      98      49       0       0       2       0       0       0      98      49
   23.000    85677.376       9    7065     139       0       0       0       0       0       0       0       0     101      51       0       0       2       0       0       0     101      51
   24.000    85665.248       9    7064     139       0       0       0       0       0       0       0       0     101      51       0       0       2       0       0       0     101      51
   25.000    85410.560       9    7043     139       0       0       0       0       0       0       0       0     101      51       0       0       2       0       0       0     101      51
   26.000    85131.616       9    7020     140       0       0       0       0       0       0       0       0     101      51       0       0       2       0       0       0     101      51
   27.000    85155.872       9    7022     140       0       0       0       0       0       0       0       0     101      51       0       0       2       0       0       0     101      51
   28.000    83858.176       8    6915     140       0       0       0       0       0       0       0       0     101      51       0       0       2       0       0       0     101      51
   29.000    79880.192       8    6587     140       0       0       0       0       0       0       0       0     101      51       0       0       2       0       0       0     101      51
   30.000    76702.656       8    6325     140       0       0       0       0       0       0       0       0     100      50       0       0       2       0       0       0     100      50
   31.000    74592.384       7    6151     151       0       0       0      57       0       0       0       0     134      67       0       0       2       0       0       0     134      67
   32.000    99018.176      10    8165     159       0       0       0       0       0       0       0       0     154      77       0       0       2       0       0       0     154      77
   33.000   122861.824      12   10131     159       0       0       0       0       0       0       0       0     156      78       0       0       2       0       0       0     156      78
   34.000   122740.544      12   10121     159       0       0       0       0       0       0       0       0     155      78       0       0       2       0       0       0     155      78
   35.000   122049.248      12   10064     159       0       0       0       0       0       0       0       0     155      78       0       0       2       0       0       0     155      78
   36.000   120290.688      12    9919     160       0       0       0       0       0       0       0       0     150      75       0       0       2       0       0       0     150      75
   37.000   119660.032      12    9867     160       0       0       0       0       0       0       0       0     147      74       0       0       2       0       0       0     147      74
   38.000   118520.000      12    9773     160       0       0       0       0       0       0       0       0     146      73       0       0       2       0       0       0     146      73
   39.000   117962.112      12    9727     160       0       0       0       0       0       0       0       0     146      73       0       0       2       0       0       0     146      73
   40.000   117792.320      12    9713     160       0       0       0       0       0       0       0       0     145      73       0       0       2       0       0       0     145      73
   41.000   116943.360      12    9643     160       0       0       0      55       0       0       0       0     178      89       0       0       2       0       0       0     178      89
   42.000   143430.912      14   11827     160       0       0       0       0       0       0       0       0     198      99       0       0       2       0       0       0     198      99
   43.000   169639.520      17   13988     160       0       0       0       0       0       0       0       0     199     100       0       0       2       0       0       0     199     100
   44.000   167796.064      17   13836     160       0       0       0       0       0       0       0       0     197      99       0       0       2       0       0       0     197      99
   45.000   166546.880      17   13733     160       0       0       0       0       0       0       0       0     194      97       0       0       2       0       0       0     194      97
   46.000   166134.528      17   13699     160       0       0       0       0       0       0       0       0     185      93       0       0       2       0       0       0     185      93
   47.000   164339.584      16   13551     160       0       0       0       0       0       0       0       0     180      90       0       0       2       0       0       0     180      90
   48.000   163296.576      16   13465     160       0       0       0       0       0       0       0       0     178      89       0       0       2       0       0       0     178      89
   49.000   161040.768      16   13279     160       0       0       0       0       0       0       0       0     177      89       0       0       2       0       0       0     177      89
   50.000   159148.800      16   13123     160       0       0       0       0       0       0       0       0     176      88       0       0       2       0       0       0     176      88
   51.000   155862.112      16   12852     160       0       0       0      25       0       0       0       0     190      95       0       0       2       0       0       0     190      95
   52.000   170464.224      17   14056     160       0       0       0       0       0       0       0       0     197      99       0       0       2       0       0       0     197      99
   53.000   188898.784      19   15576     160       0       0       0       0       0       0       0       0     196      98       0       0       2       0       0       0     196      98
   54.000   185066.336      19   15260     160       0       0       0       0       0       0       0       0     194      97       0       0       2       0       0       0     194      97
   55.000   184241.632      18   15192     160       0       0       0       0       0       0       0       0     193      97       0       0       2       0       0       0     193      97
   56.000   183004.576      18   15090     160       0       0       0       0       0       0       0       0     190      95       0       0       2       0       0       0     190      95
   57.000   180615.360      18   14893     160       0       0       0       0       0       0       0       0     188      94       0       0       2       0       0       0     188      94
   58.000   174987.968      17   14429     160       0       0       0       0       0       0       0       0     185      93       0       0       2       0       0       0     185      93
   59.000   172962.592      17   14262     160       0       0       0       0       0       0       0       0     184      92       0       0       2       0       0       0     184      92
   60.000   167395.840      17   13803     160       0       0       0       0       0       0       0       0     182      91       0       0       2       0       0       0     182      91
   61.000   161732.064      16   13336     160       0       0       0      18       0       0       0       0     192      96       0       0       2       0       0       0     192      96
   62.000   179244.896      18   14780     160       0       0       0       0       0       0       0       0     196      98       0       0       2       0       0       0     196      98
   63.000   198564.800      20   16373     160       0       0       0       0       0       0       0       0     194      97       0       0       2       0       0       0     194      97
   64.000   197388.384      20   16276     160       0       0       0       0       0       0       0       0     191      96       0       0       2       0       0       0     191      96
   65.000   197254.976      20   16265     160       0       0       0       0       0       0       0       0     189      95       0       0       2       0       0       0     189      95
   66.000   195399.392      20   16112     160       0       0       0       0       0       0       0       0     185      93       0       0       2       0       0       0     185      93
   67.000   190038.816      19   15670     160       0       0       0       0       0       0       0       0     182      91       0       0       2       0       0       0     182      91
   68.000   187783.008      19   15484     160       0       0       0       0       0       0       0       0     180      90       0       0       2       0       0       0     180      90
   69.000   187516.192      19   15462     160       0       0       0       0       0       0       0       0     178      89       0       0       2       0       0       0     178      89
   70.000   186169.984      19   15351     160       0       0       0       0       0       0       0       0     176      88       0       0       2       0       0       0     176      88
   71.000   186085.088      19   15344     160       0       0       0      26       0       0       0       0     189      95       0       0       2       0       0       0     189      95
   72.000   203973.888      20   16819     160       0       0       0       0       0       0       0       0     196      98       0       0       2       0       0       0     196      98
   73.000   218357.696      22   18005     160       0       0       0       0       0       0       0       0     194      97       0       0       2       0       0       0     194      97
   74.000   215240.800      22   17748     160       0       0       0       0       0       0       0       0     192      96       0       0       2       0       0       0     192      96
   75.000   212609.024      21   17531     160       0       0       0       0       0       0       0       0     188      94       0       0       2       0       0       0     188      94
   76.000   208436.992      21   17187     160       0       0       0       0       0       0       0       0     185      93       0       0       2       0       0       0     185      93
   77.000   204459.008      20   16859     160       0       0       0       0       0       0       0       0     183      92       0       0       2       0       0       0     183      92
   78.000   201002.528      20   16574     160       0       0       0       0       0       0       0       0     182      91       0       0       2       0       0       0     182      91
   79.000   200529.536      20   16535     160       0       0       0       0       0       0       0       0     181      91       0       0       2       0       0       0     181      91
   80.000   200092.928      20   16499     160       0       0       0       0       0       0       0       0     181      91       0       0       2       0       0       0     181      91
   81.000   193992.544      19   15996     160       0       0       0      19       0       0       0       0     191      96       0       0       2       0       0       0     191      96
   82.000   209104.032      21   17242     160       0       0       0       0       0       0       0       0     194      97       0       0       2       0       0       0     194      97
   83.000   222687.392      22   18362     160       0       0       0       0       0       0       0       0     192      96       0       0       2       0       0       0     192      96
   84.000   213676.288      21   17619     160       0       0       0       0       0       0       0       0     191      96       0       0       2       0       0       0     191      96
   85.000   209116.160      21   17243     160       0       0       0       0       0       0       0       0     190      95       0       0       2       0       0       0     190      95
   86.000   206823.968      21   17054     160       0       0       0       0       0       0       0       0     189      95       0       0       2       0       0       0     189      95
   87.000   206472.256      21   17025     160       0       0       0       0       0       0       0       0     188      94       0       0       2       0       0       0     188      94
   88.000   205902.240      21   16978     160       0       0       0       0       0       0       0       0     185      93       0       0       2       0       0       0     185      93
   89.000   203343.232      20   16767     160       0       0       0       0       0       0       0       0     182      91       0       0       2       0       0       0     182      91
   90.000   191118.208      19   15759     160       0       0       0       0       0       0       0       0     179      90       0       0       2       0       0       0     179      90
   91.000   184641.856      18   15225     160       0       0       0      23       0       0       0       0     188      94       0       0       2       0       0       0     188      94
   92.000   201245.088      20   16594     160       0       0       0       0       0       0       0       0     194      97       0       0       2       0       0       0     194      97
   93.000   217981.728      22   17974     160       0       0       0       0       0       0       0       0     193      97       0       0       2       0       0       0     193      97
   94.000   214185.664      21   17661     160       0       0       0       0       0       0       0       0     192      96       0       0       2       0       0       0     192      96
   95.000   213142.656      21   17575     160       0       0       0       0       0       0       0       0     192      96       0       0       2       0       0       0     192      96
   96.000   212924.352      21   17557     160       0       0       0       0       0       0       0       0     188      94       0       0       2       0       0       0     188      94
   97.000   210498.752      21   17357     160       0       0       0       0       0       0       0       0     185      93       0       0       2       0       0       0     185      93
   98.000   205368.608      21   16934     160       0       0       0       0       0       0       0       0     180      90       0       0       2       0       0       0     180      90
   99.000   202457.888      20   16694     160       0       0       0       0       0       0       0       0     175      88       0       0       2       0       0       0     175      88
  100.000   198904.384      20   16401     160       0       0       0       0       0       0       0       0     171      86       0       0       2       0       0       0     171      86
  101.000   196721.344      20   16221     160       0       0       0      31       0       0       0       0     187      94       0       0       2       0       0       0     187      94
  102.000   214003.744      21   17646     160       0       0       0       0       0       0       0       0     197      99       0       0       2       0       0       0     197      99
  103.000   230194.624      23   18981     160       0       0       0       0       0       0       0       0     197      99       0       0       2       0       0       0     197      99
  104.000   226531.968      23   18679     160       0       0       0       0       0       0       0       0     195      98       0       0       2       0       0       0     195      98
  105.000   219570.496      22   18105     160       0       0       0       0       0       0       0       0     187      94       0       0       2       0       0       0     187      94
  106.000   213336.704      21   17591     160       0       0       0       0       0       0       0       0     183      92       0       0       2       0       0       0     183      92
  107.000   198819.488      20   16394     160       0       0       0       0       0       0       0       0     181      91       0       0       2       0       0       0     181      91
  108.000   195023.424      20   16081     160       0       0       0       0       0       0       0       0     179      90       0       0       2       0       0       0     179      90
  109.000   192561.440      19   15878     160       0       0       0       0       0       0       0       0     175      88       0       0       2       0       0       0     175      88
  110.000   188025.568      19   15504     160       0       0       0       0       0       0       0       0     174      87       0       0       2       0       0       0     174      87
  111.000   180263.648      18   14864     160       0       0       0      26       0       0       0       0     189      95       0       0       2       0       0       0     189      95
  112.000   206520.768      21   17029     160       0       0       0       0       0       0       0       0     196      98       0       0       2       0       0       0     196      98
  113.000   234148.352      23   19307     160       0       0       0       0       0       0       0       0     194      97       0       0       2       0       0       0     194      97
  114.000   229200.128      23   18899     160       0       0       0       0       0       0       0       0     191      96       0       0       2       0       0       0     191      96
  115.000   224700.640      22   18528     160       0       0       0       0       0       0       0       0     188      94       0       0       2       0       0       0     188      94
  116.000   224361.056      22   18500     160       0       0       0       0       0       0       0       0     184      92       0       0       2       0       0       0     184      92
  117.000   223124.000      22   18398     160       0       0       0       0       0       0       0       0     180      90       0       0       2       0       0       0     180      90
  118.000   220225.408      22   18159     160       0       0       0       0       0       0       0       0     176      88       0       0       2       0       0       0     176      88
  119.000   217423.840      22   17928     160       0       0       0       0       0       0       0       0     172      86       0       0       2       0       0       0     172      86
  120.000   213385.216      21   17595     160       0       0       0       0       0       0       0       0     167      84       0       0       2       0       0       0     167      84
  121.000   209091.904      21   17241     160       0       0       0      35       0       0       0       0     185      93       0       0       2       0       0       0     185      93
  122.000   231916.800      23   19123     160       0       0       0       0       0       0       0       0     190      95       0       0       2       0       0       0     190      95
  123.000   255590.656      26   21075     160       0       0       0       0       0       0       0       0     189      95       0       0       2       0       0       0     189      95
  124.000   246058.048      25   20289     160       0       0       0       0       0       0       0       0     187      94       0       0       2       0       0       0     187      94
  125.000   236501.184      24   19501     160       0       0       0       0       0       0       0       0     184      92       0       0       2       0       0       0     184      92
  126.000   231213.376      23   19065     160       0       0       0       0       0       0       0       0     180      90       0       0       2       0       0       0     180      90
  127.000   229660.992      23   18937     160       0       0       0       0       0       0       0       0     177      89       0       0       2       0       0       0     177      89
  128.000   227866.048      23   18789     160       0       0       0       0       0       0       0       0     175      88       0       0       2       0       0       0     175      88
  129.000   226398.560      23   18668     160       0       0       0       0       0       0       0       0     171      86       0       0       2       0       0       0     171      86
  130.000   222165.888      22   18319     160       0       0       0       0       0       0       0       0     168      84       0       0       2       0       0       0     168      84
  131.000   219776.672      22   18122     160       0       0       0      32       0       0       0       0     187      94       0       0       2       0       0       0     187      94
  132.000   237410.784      24   19576     160       0       0       0       0       0       0       0       0     197      99       0       0       2       0       0       0     197      99
  133.000   256973.248      26   21189     160       0       0       0       0       0       0       0       0     196      98       0       0       2       0       0       0     196      98
  134.000   254814.464      25   21011     160       0       0       0       0       0       0       0       0     194      97       0       0       2       0       0       0     194      97
  135.000   241740.480      24   19933     160       0       0       0       0       0       0       0       0     191      96       0       0       2       0       0       0     191      96
  136.000   233505.568      23   19254     160       0       0       0       0       0       0       0       0     187      94       0       0       2       0       0       0     187      94
  137.000   229891.424      23   18956     160       0       0       0       0       0       0       0       0     184      92       0       0       2       0       0       0     184      92
  138.000   229709.504      23   18941     160       0       0       0       0       0       0       0       0     181      91       0       0       2       0       0       0     181      91
  139.000   228181.376      23   18815     160       0       0       0       0       0       0       0       0     176      88       0       0       2       0       0       0     176      88
  140.000   218394.080      22   18008     160       0       0       0       0       0       0       0       0     172      86       0       0       2       0       0       0     172      86
  141.000   214925.472      21   17722     160       0       0       0      30       0       0       0       0     187      94       0       0       2       0       0       0     187      94
  142.000   230679.744      23   19021     160       0       0       0       0       0       0       0       0     196      98       0       0       2       0       0       0     196      98
  143.000   242553.056      24   20000     160       0       0       0       0       0       0       0       0     196      98       0       0       2       0       0       0     196      98
  144.000   239872.768      24   19779     160       0       0       0       0       0       0       0       0     194      97       0       0       2       0       0       0     194      97
  145.000   236076.704      24   19466     160       0       0       0       0       0       0       0       0     191      96       0       0       2       0       0       0     191      96
  146.000   232777.888      23   19194     160       0       0       0       0       0       0       0       0     187      94       0       0       2       0       0       0     187      94
  147.000   231710.624      23   19106     160       0       0       0       0       0       0       0       0     183      92       0       0       2       0       0       0     183      92
  148.000   224312.544      22   18496     160       0       0       0       0       0       0       0       0     180      90       0       0       2       0       0       0     180      90
  149.000   218794.304      22   18041     160       0       0       0       0       0       0       0       0     177      89       0       0       2       0       0       0     177      89
  150.000   214840.576      21   17715     160       0       0       0       0       0       0       0       0     170      85       0       0       2       0       0       0     170      85
  151.000   211566.016      21   17445     160       0       0       0      31       0       0       0       0     184      92       0       0       2       0       0       0     184      92
  152.000   230449.312      23   19002     160       0       0       0       0       0       0       0       0     193      97       0       0       2       0       0       0     193      97
  153.000   250606.048      25   20664     160       0       0       0       0       0       0       0       0     194      97       0       0       2       0       0       0     194      97
  154.000   247804.480      25   20433     160       0       0       0       0       0       0       0       0     193      97       0       0       2       0       0       0     193      97
  155.000   238793.376      24   19690     160       0       0       0       0       0       0       0       0     190      95       0       0       2       0       0       0     190      95
  156.000   234354.528      23   19324     160       0       0       0       0       0       0       0       0     188      94       0       0       2       0       0       0     188      94
  157.000   231928.928      23   19124     160       0       0       0       0       0       0       0       0     185      93       0       0       2       0       0       0     185      93
  158.000   230534.208      23   19009     160       0       0       0       0       0       0       0       0     181      91       0       0       2       0       0       0     181      91
  159.000   227126.240      23   18728     160       0       0       0       0       0       0       0       0     180      90       0       0       2       0       0       0     180      90
  160.000   219606.880      22   18108     160       0       0       0       0       0       0       0       0     176      88       0       0       2       0       0       0     176      88
  161.000   217338.944      22   17921     160       0       0       0      26       0       0       0       0     189      95       0       0       2       0       0       0     189      95
  162.000   235615.840      24   19428     160       0       0       0       0       0       0       0       0     198      99       0       0       2       0       0       0     198      99
  163.000   257713.056      26   21250     160       0       0       0       0       0       0       0       0     196      98       0       0       2       0       0       0     196      98
  164.000   254014.016      25   20945     160       0       0       0       0       0       0       0       0     194      97       0       0       2       0       0       0     194      97
  165.000   250630.304      25   20666     160       0       0       0       0       0       0       0       0     193      97       0       0       2       0       0       0     193      97
  166.000   245585.056      25   20250     160       0       0       0       0       0       0       0       0     191      96       0       0       2       0       0       0     191      96
  167.000   241813.248      24   19939     160       0       0       0       0       0       0       0       0     188      94       0       0       2       0       0       0     188      94
  168.000   231662.112      23   19102     160       0       0       0       0       0       0       0       0     185      93       0       0       2       0       0       0     185      93
  169.000   221474.592      22   18262     160       0       0       0       0       0       0       0       0     183      92       0       0       2       0       0       0     183      92
  170.000   214779.936      21   17710     160       0       0       0       0       0       0       0       0     178      89       0       0       2       0       0       0     178      89
  171.000   207127.168      21   17079     160       0       0       0      24       0       0       0       0     188      94       0       0       2       0       0       0     188      94
  172.000   216890.208      22   17884     160       0       0       0       0       0       0       0       0     195      98       0       0       2       0       0       0     195      98
  173.000   230885.920      23   19038     160       0       0       0       0       0       0       0       0     194      97       0       0       2       0       0       0     194      97
  174.000   226362.176      23   18665     160       0       0       0       0       0       0       0       0     192      96       0       0       2       0       0       0     192      96
  175.000   217241.920      22   17913     160       0       0       0       0       0       0       0       0     185      93       0       0       2       0       0       0     185      93
  176.000   210183.424      21   17331     160       0       0       0       0       0       0       0       0     182      91       0       0       2       0       0       0     182      91
  177.000   205744.576      21   16965     160       0       0       0       0       0       0       0       0     178      89       0       0       2       0       0       0     178      89
  178.000   202421.504      20   16691     160       0       0       0       0       0       0       0       0     176      88       0       0       2       0       0       0     176      88
  179.000   200856.992      20   16562     160       0       0       0       0       0       0       0       0     173      87       0       0       2       0       0       0     173      87
  180.000   198297.984      20   16351     160       0       0       0       0       0       0       0       0     172      86       0       0       2       0       0       0     172      86
  181.000   193871.264      19   15986     160       0       0       0      28       0       0       0       0     186      93       0       0       2       0       0       0     186      93
  182.000   212499.872      21   17522     160       0       0       0       0       0       0       0       0     192      96       0       0       2       0       0       0     192      96
  183.000   233044.704      23   19216     160       0       0       0       0       0       0       0       0     189      95       0       0       2       0       0       0     189      95
  184.000   222505.472      22   18347     160       0       0       0       0       0       0       0       0     186      93       0       0       2       0       0       0     186      93
  185.000   211578.144      21   17446     160       0       0       0       0       0       0       0       0     181      91       0       0       2       0       0       0     181      91
  186.000   207854.848      21   17139     160       0       0       0       0       0       0       0       0     178      89       0       0       2       0       0       0     178      89
  187.000   206047.776      21   16990     160       0       0       0       0       0       0       0       0     173      87       0       0       2       0       0       0     173      87
  188.000   199680.576      20   16465     160       0       0       0       0       0       0       0       0     170      85       0       0       2       0       0       0     170      85
  189.000   193361.888      19   15944     160       0       0       0       0       0       0       0       0     167      84       0       0       2       0       0       0     167      84
  190.000   190839.264      19   15736     160       0       0       0       0       0       0       0       0     163      82       0       0       2       0       0       0     163      82
  191.000   182361.792      18   15037     160       0       0       0      38       0       0       0       0     180      90       0       0       2       0       0       0     180      90
  192.000   206072.032      21   16992     160       0       0       0       0       0       0       0       0     191      96       0       0       2       0       0       0     191      96
  193.000   232887.040      23   19203     160       0       0       0       0       0       0       0       0     190      95       0       0       2       0       0       0     190      95
  194.000   226932.192      23   18712     160       0       0       0       0       0       0       0       0     188      94       0       0       2       0       0       0     188      94
  195.000   222566.112      22   18352     160       0       0       0       0       0       0       0       0     186      93       0       0       2       0       0       0     186      93
  196.000   221753.536      22   18285     160       0       0       0       0       0       0       0       0     185      93       0       0       2       0       0       0     185      93
  197.000   218806.432      22   18042     160       0       0       0       0       0       0       0       0     183      92       0       0       2       0       0       0     183      92
  198.000   211663.040      21   17453     160       0       0       0       0       0       0       0       0     183      92       0       0       2       0       0       0     183      92
  199.000   203707.072      20   16797     160       0       0       0       0       0       0       0       0     179      90       0       0       2       0       0       0     179      90
  200.000   201063.168      20   16579     160       0       0       0       0       0       0       0       0     175      88       0       0       2       0       0       0     175      88
  201.000   197691.584      20   16301     160       0       0       0      27       0       0       0       0     187      94       0       0       2       0       0       0     187      94
  202.000   222638.880      22   18358     160       0       0       0       0       0       0       0       0     196      98       0       0       2       0       0       0     196      98
  203.000   243050.304      24   20041     160       0       0       0       0       0       0       0       0     193      97       0       0       2       0       0       0     193      97
  204.000   236998.432      24   19542     160       0       0       0       0       0       0       0       0     191      96       0       0       2       0       0       0     191      96
  205.000   233893.664      23   19286     160       0       0       0       0       0       0       0       0     188      94       0       0       2       0       0       0     188      94
  206.000   231686.368      23   19104     160       0       0       0       0       0       0       0       0     182      91       0       0       2       0       0       0     182      91
  207.000   224312.544      22   18496     160       0       0       0       0       0       0       0       0     180      90       0       0       2       0       0       0     180      90
  208.000   217120.640      22   17903     160       0       0       0       0       0       0       0       0     179      90       0       0       2       0       0       0     179      90
  209.000   210474.496      21   17355     160       0       0       0       0       0       0       0       0     177      89       0       0       2       0       0       0     177      89
  210.000   206933.120      21   17063     160       0       0       0       0       0       0       0       0     175      88       0       0       2       0       0       0     175      88
  211.000   200844.864      20   16561     160       0       0       0      25       0       0       0       0     189      95       0       0       2       0       0       0     189      95
  212.000   225052.352      23   18557     160       0       0       0       0       0       0       0       0     194      97       0       0       2       0       0       0     194      97
  213.000   249065.792      25   20537     160       0       0       0       0       0       0       0       0     190      95       0       0       2       0       0       0     190      95
  214.000   244736.096      24   20180     160       0       0       0       0       0       0       0       0     188      94       0       0       2       0       0       0     188      94
  215.000   240006.176      24   19790     160       0       0       0       0       0       0       0       0     185      93       0       0       2       0       0       0     185      93
  216.000   234863.904      23   19366     160       0       0       0       0       0       0       0       0     183      92       0       0       2       0       0       0     183      92
  217.000   233190.240      23   19228     160       0       0       0       0       0       0       0       0     180      90       0       0       2       0       0       0     180      90
  218.000   229867.168      23   18954     160       0       0       0       0       0       0       0       0     176      88       0       0       2       0       0       0     176      88
  219.000   225537.472      23   18597     160       0       0       0       0       0       0       0       0     171      86       0       0       2       0       0       0     171      86
  220.000   217787.680      22   17958     160       0       0       0       0       0       0       0       0     168      84       0       0       2       0       0       0     168      84
  221.000   214840.576      21   17715     160       0       0       0      33       0       0       0       0     187      94       0       0       2       0       0       0     187      94
  222.000   244602.688      24   20169     160       0       0       0       0       0       0       0       0     195      98       0       0       2       0       0       0     195      98
  223.000   272654.752      27   22482     160       0       0       0       0       0       0       0       0     191      96       0       0       2       0       0       0     191      96
  224.000   268058.240      27   22103     160       0       0       0       0       0       0       0       0     186      93       0       0       2       0       0       0     186      93
  225.000   263061.504      26   21691     160       0       0       0       0       0       0       0       0     184      92       0       0       2       0       0       0     184      92
  226.000   258477.120      26   21313     160       0       0       0       0       0       0       0       0     182      91       0       0       2       0       0       0     182      91
  227.000   253941.248      25   20939     160       0       0       0       0       0       0       0       0     179      90       0       0       2       0       0       0     179      90
  228.000   253201.440      25   20878     160       0       0       0       0       0       0       0       0     176      88       0       0       2       0       0       0     176      88
  229.000   248871.744      25   20521     160       0       0       0       0       0       0       0       0     173      87       0       0       2       0       0       0     173      87
  230.000   246033.792      25   20287     160       0       0       0       0       0       0       0       0     169      85       0       0       2       0       0       0     169      85
  231.000   241813.248      24   19939     160       0       0       0      33       0       0       0       0     186      93       0       0       2       0       0       0     186      93
  232.000   262188.288      26   21619     160       0       0       0       0       0       0       0       0     197      99       0       0       2       0       0       0     197      99
  233.000   267330.560      27   22043     160       0       0       0       0       0       0       0       0     195      98       0       0       2       0       0       0     195      98
  234.000   263110.016      26   21695     160       0       0       0       0       0       0       0       0     192      96       0       0       2       0       0       0     192      96
  235.000   261618.272      26   21572     160       0       0       0       0       0       0       0       0     190      95       0       0       2       0       0       0     190      95
  236.000   255299.584      26   21051     160       0       0       0       0       0       0       0       0     187      94       0       0       2       0       0       0     187      94
  237.000   249672.192      25   20587     160       0       0       0       0       0       0       0       0     184      92       0       0       2       0       0       0     184      92
  238.000   245585.056      25   20250     160       0       0       0       0       0       0       0       0     182      91       0       0       2       0       0       0     182      91
  239.000   241182.592      24   19887     160       0       0       0       0       0       0       0       0     179      90       0       0       2       0       0       0     179      90
  240.000   232001.696      23   19130     160       0       0       0       0       0       0       0       0     176      88       0       0       2       0       0       0     176      88
  241.000   226871.552      23   18707     160       0       0       0      25       0       0       0       0     188      94       0       0       2       0       0       0     188      94
  242.000   250897.120      25   20688     160       0       0       0       0       0       0       0       0     195      98       0       0       2       0       0       0     195      98
  243.000   274292.032      27   22617     160       0       0       0       0       0       0       0       0     196      98       0       0       2       0       0       0     196      98
  244.000   270580.864      27   22311     160       0       0       0       0       0       0       0       0     193      97       0       0       2       0       0       0     193      97
  245.000   265826.688      27   21919     160       0       0       0       0       0       0       0       0     191      96       0       0       2       0       0       0     191      96
  246.000   258768.192      26   21337     160       0       0       0       0       0       0       0       0     188      94       0       0       2       0       0       0     188      94
  247.000   257519.008      26   21234     160       0       0       0       0       0       0       0       0     185      93       0       0       2       0       0       0     185      93
  248.000   252219.072      25   20797     160       0       0       0       0       0       0       0       0     178      89       0       0       2       0       0       0     178      89
  249.000   247986.400      25   20448     160       0       0       0       0       0       0       0       0     174      87       0       0       2       0       0       0     174      87
  250.000   245172.704      25   20216     160       0       0       0       0       0       0       0       0     172      86       0       0       2       0       0       0     172      86
  251.000   238575.072      24   19672     160       0       0       0      28       0       0       0       0     186      93       0       0       2       0       0       0     186      93
  252.000   252692.064      25   20836     160       0       0       0       0       0       0       0       0     193      97       0       0       2       0       0       0     193      97
  253.000   269695.520      27   22238     160       0       0       0       0       0       0       0       0     193      97       0       0       2       0       0       0     193      97
  254.000   265547.744      27   21896     160       0       0       0       0       0       0       0       0     190      95       0       0       2       0       0       0     190      95
  255.000   260854.208      26   21509     160       0       0       0       0       0       0       0       0     185      93       0       0       2       0       0       0     185      93
  256.000   254487.008      25   20984     160       0       0       0       0       0       0       0       0     181      91       0       0       2       0       0       0     181      91
  257.000   250217.952      25   20632     160       0       0       0       0       0       0       0       0     179      90       0       0       2       0       0       0     179      90
  258.000   243608.192      24   20087     160       0       0       0       0       0       0       0       0     177      89       0       0       2       0       0       0     177      89
  259.000   241037.056      24   19875     160       0       0       0       0       0       0       0       0     173      87       0       0       2       0       0       0     173      87
  260.000   233857.280      23   19283     160       0       0       0       0       0       0       0       0     169      85       0       0       2       0       0       0     169      85
  261.000   228848.416      23   18870     160       0       0       0      34       0       0       0       0     186      93       0       0       2       0       0       0     186      93
  262.000   245876.128      25   20274     160       0       0       0       0       0       0       0       0     197      99       0       0       2       0       0       0     197      99
  263.000   264613.888      26   21819     160       0       0       0       0       0       0       0       0     195      98       0       0       2       0       0       0     195      98
  264.000   262103.392      26   21612     160       0       0       0       0       0       0       0       0     193      97       0       0       2       0       0       0     193      97
  265.000   247319.360      25   20393     160       0       0       0       0       0       0       0       0     191      96       0       0       2       0       0       0     191      96
  266.000   233457.056      23   19250     160       0       0       0       0       0       0       0       0     185      93       0       0       2       0       0       0     185      93
  267.000   225076.608      23   18559     160       0       0       0       0       0       0       0       0     181      91       0       0       2       0       0       0     181      91
  268.000   224858.304      22   18541     160       0       0       0       0       0       0       0       0     178      89       0       0       2       0       0       0     178      89
  269.000   220334.560      22   18168     160       0       0       0       0       0       0       0       0     175      88       0       0       2       0       0       0     175      88
  270.000   216041.248      22   17814     160       0       0       0       0       0       0       0       0     173      87       0       0       2       0       0       0     173      87
  271.000   211723.680      21   17458     160       0       0       0      28       0       0       0       0     186      93       0       0       2       0       0       0     186      93
  272.000   222505.472      22   18347     160       0       0       0       0       0       0       0       0     194      97       0       0       2       0       0       0     194      97
  273.000   234463.680      23   19333     160       0       0       0       0       0       0       0       0     193      97       0       0       2       0       0       0     193      97
  274.000   229066.720      23   18888     160       0       0       0       0       0       0       0       0     190      95       0       0       2       0       0       0     190      95
  275.000   213586.208      21   17611     160       0       0       0       0       0       0       0       0     186      93       0       0       2       0       0       0     186      93
