  TimeSec      LoaKbps LoaUsag Packets DlyUsec LoaDrps MetDrps TabDrps FloMods MetMods GroMods  PktsIn PktsOut FloEntr FloUsag MetEntr MetUsag GroEntr GroUsag BufPkts BufUsag  T0Entr  T0Usag
    1.000        0.000       0       0     173       0       0       0       3       0       2       0       0       3       0       0       0       2       0       0       0       3       0
    2.000     1872.896       0     155     270       0       0       0       3       0       0       0       0       5       0       0       0       2       0       0       0       5       0
    3.000    10750.592       2     887     355       0       0       0       4       0       0       0       0       8       0       0       0       2       0       0       0       8       0
    4.000    13200.448       3    1089     395       0       0       0       1       0       0       0       0      10       0       0       0       2       0       0       0      10       0
    5.000    15334.976       3    1265     399       0       0       0       2       0       0       0       0      12       0       0       0       2       0       0       0      12       0
    6.000    16935.872       4    1397     419       0       0       0       5       0       0       0       0      15       0       0       0       2       0       0       0      15       0
    7.000    19725.312       4    1627     491       0       0       0       2       0       0       0       0      19       0       0       0       2       0       0       0      19       0
    8.000    20161.920       4    1663     499       0       0       0       0       0       0       0       0      20       0       0       0       2       0       0       0      20       0
    9.000    20562.144       5    1696     499       0       0       0       3       0       0       0       0      22       0       0       0       2       0       0       0      22       0
   10.000    23206.048       5    1914     499       0       0       0       2       0       0       0       0      24       0       0       0       2       0       0       0      24       0
   11.000    24649.280       5    2033     499       0       0       0       1       0       0       0       0      25       0       0       0       2       0       0       0      25       0
   12.000    27062.752       6    2232     500       0       0       0       2       0       0       0       0      27       0       0       0       2       0       0       0      27       0
   13.000    28906.208       6    2384     500       0       0       0       4       0       0       0       0      30       0       0       0       2       0       0       0      30       0
   14.000    30021.984       7    2476     567       0       0       0       3       0       0       0       0      33       0       0       0       2       0       0       0      33       0
   15.000    31525.856       7    2600     596       0       0       0       2       0       0       0       0      36       0       0       0       2       0       0       0      36       0
   16.000    31671.392       7    2612     599       0       0       0       2       0       0       0       0      38       0       0       0       2       0       0       0      38       0
   17.000    32811.424       7    2706     599       0       0       0       3       0       0       0       0      40       0       0       0       2       0       0       0      40       0
   18.000    34885.312       8    2877     599       0       0       0       2       0       0       0       0      43       1       0       0       2       0       0       0      43       1
   19.000    35843.424       8    2956     600       0       0       0       3       0       0       0       0      45       1       0       0       2       0       0       0      45       1
   20.000    37068.352       8    3057     600       0       0       0       7       0       0       0       0      50       1       0       0       2       0       0       0      50       1
   21.000    36510.464       8    3011     600       0       0       0       1       0       0       0       0      54       1       0       0       2       0       0       0      54       1
   22.000    42089.344       9    3471     600       0       0       0       2       0       0       0       0      56       1       0       0       2       0       0       0      56       1
   23.000    43132.352      10    3557     600       0       0       0       5       0       0       0       0      60       1       0       0       2       0       0       0      60       1
   24.000    41640.608       9    3434     600       0       0       0       1       0       0       0       0      63       1       0       0       2       0       0       0      63       1
   25.000    43217.248      10    3564     673       0       0       0       4       0       0       0       0      66       1       0       0       2       0       0       0      66       1
   26.000    44599.840      10    3678     697       0       0       0       2       0       0       0       0      68       1       0       0       2       0       0       0      68       1
   27.000    46564.576      10    3840     699       0       0       0       5       0       0       0       0      72       1       0       0       2       0       0       0      72       1
   28.000    49911.904      11    4116     699       0       0       0       1       0       0       0       0      74       1       0       0       2       0       0       0      74       1
   29.000    50991.296      11    4205     699       0       0       0       2       0       0       0       0      74       1       0       0       2       0       0       0      74       1
   30.000    52495.168      12    4329     700       0       0       0       2       0       0       0       0      76       1       0       0       2       0       0       0      76       1
   31.000    53210.720      12    4388     700       0       0       0       2       0       0       0       0      78       1       0       0       2       0       0       0      78       1
   32.000    53914.144      12    4446     700       0       0       0       3       0       0       0       0      80       1       0       0       2       0       0       0      80       1
   33.000    55696.960      12    4593     700       0       0       0       4       0       0       0       0      84       1       0       0       2       0       0       0      84       1
   34.000    56315.488      13    4644     700       0       0       0       1       0       0       0       0      86       1       0       0       2       0       0       0      86       1
   35.000    58474.272      13    4822     700       0       0       0       6       0       0       0       0      89       1       0       0       2       0       0       0      89       1
   36.000    58268.096      13    4805     700       0       0       0       3       0       0       0       0      91       1       0       0       2       0       0       0      91       1
   37.000    57940.640      13    4778     700       0       0       0       6       0       0       0       0      95       1       0       0       2       0       0       0      95       1
   38.000    57285.728      13    4724     700       0       0       0       0       0       0       0       0      97       1       0       0       2       0       0       0      97       1
   39.000    57746.592      13    4762     700       0       0       0       4       0       0       0       0      98       1       0       0       2       0       0       0      98       1
   40.000    58013.408      13    4784     700       0       0       0       2       0       0       0       0      99       1       0       0       2       0       0       0      99       1
   41.000    59868.992      13    4937     700       0       0       0       3       0       0       0       0     100       1       0       0       2       0       0       0     100       1
   42.000    63446.752      14    5232     700       0       0       0       2       0       0       0       0     102       1       0       0       2       0       0       0     102       1
   43.000    66224.064      15    5461     700       0       0       0       0       0       0       0       0     103       1       0       0       2       0       0       0     103       1
   44.000    65945.120      15    5438     700       0       0       0       5       0       0       0       0     106       1       0       0       2       0       0       0     106       1
   45.000    63883.360      14    5268     700       0       0       0       2       0       0       0       0     108       1       0       0       2       0       0       0     108       1
   46.000    62537.152      14    5157     700       0       0       0       4       0       0       0       0     112       1       0       0       2       0       0       0     112       1
   47.000    63119.296      14    5205     700       0       0       0       3       0       0       0       0     115       1       0       0       2       0       0       0     115       1
   48.000    66127.040      15    5453     700       0       0       0       4       0       0       0       0     118       1       0       0       2       0       0       0     118       1
   49.000    70044.384      16    5776     700       0       0       0       3       0       0       0       0     120       1       0       0       2       0       0       0     120       1
   50.000    72785.312      16    6002     700       0       0       0       6       0       0       0       0     122       1       0       0       2       0       0       0     122       1
   51.000    72603.392      16    5987     700       0       0       0       3       0       0       0       0     121       1       0       0       2       0       0       0     121       1
   52.000    73221.920      16    6038     700       0       0       0       3       0       0       0       0     120       1       0       0       2       0       0       0     120       1
   53.000    73597.888      16    6069     700       0       0       0       2       0       0       0       0     121       1       0       0       2       0       0       0     121       1
   54.000    77260.544      17    6371     700       0       0       0       5       0       0       0       0     122       1       0       0       2       0       0       0     122       1
   55.000    80838.304      18    6666     700       0       0       0       5       0       0       0       0     126       2       0       0       2       0       0       0     126       2
   56.000    77757.792      17    6412     754       0       0       0       4       0       0       0       0     129       2       0       0       2       0       0       0     129       2
   57.000    79431.456      18    6550     795       0       0       0       6       0       0       0       0     134       2       0       0       2       0       0       0     134       2
   58.000    80219.776      18    6615     799       0       0       0       4       0       0       0       0     140       2       0       0       2       0       0       0     140       2
   59.000    84112.864      19    6936     799       0       0       0       5       0       0       0       0     141       2       0       0       2       0       0       0     141       2
   60.000    84731.392      19    6987     799       0       0       0       3       0       0       0       0     143       2       0       0       2       0       0       0     143       2
   61.000    82439.200      18    6798     799       0       0       0       2       0       0       0       0     141       2       0       0       2       0       0       0     141       2
   62.000    86065.472      19    7097     800       0       0       0       2       0       0       0       0     141       2       0       0       2       0       0       0     141       2
   63.000    90807.520      20    7488     800       0       0       0       3       0       0       0       0     142       2       0       0       2       0       0       0     142       2
   64.000    94749.120      21    7813     800       0       0       0       5       0       0       0       0     145       2       0       0       2       0       0       0     145       2
   65.000    97101.952      22    8007     800       0       0       0       5       0       0       0       0     147       2       0       0       2       0       0       0     147       2
   66.000   101916.768      23    8404     800       0       0       0       6       0       0       0       0     149       2       0       0       2       0       0       0     149       2
   67.000   104342.368      23    8604     800       0       0       0       5       0       0       0       0     151       2       0       0       2       0       0       0     151       2
   68.000   107119.680      24    8833     800       0       0       0       5       0       0       0       0     154       2       0       0       2       0       0       0     154       2
   69.000   108878.240      24    8978     800       0       0       0       1       0       0       0       0     156       2       0       0       2       0       0       0     156       2
   70.000   111667.680      25    9208     800       0       0       0       5       0       0       0       0     155       2       0       0       2       0       0       0     155       2
   71.000   113074.528      25    9324     800       0       0       0       4       0       0       0       0     154       2       0       0       2       0       0       0     154       2
   72.000   113753.696      25    9380     800       0       0       0       2       0       0       0       0     152       2       0       0       2       0       0       0     152       2
   73.000   113401.984      25    9351     800       0       0       0       4       0       0       0       0     151       2       0       0       2       0       0       0     151       2
   74.000   113947.744      25    9396     800       0       0       0       1       0       0       0       0     150       2       0       0       2       0       0       0     150       2
   75.000   113195.808      25    9334     800       0       0       0       3       0       0       0       0     149       2       0       0       2       0       0       0     149       2
   76.000   110624.672      25    9122     800       0       0       0       4       0       0       0       0     150       2       0       0       2       0       0       0     150       2
   77.000   111182.560      25    9168     800       0       0       0       3       0       0       0       0     152       2       0       0       2       0       0       0     152       2
   78.000   111558.528      25    9199     800       0       0       0       1       0       0       0       0     153       2       0       0       2       0       0       0     153       2
   79.000   111328.096      25    9180     800       0       0       0       2       0       0       0       0     153       2       0       0       2       0       0       0     153       2
   80.000   111315.968      25    9179     800       0       0       0       2       0       0       0       0     154       2       0       0       2       0       0       0     154       2
   81.000   108902.496      24    8980     800       0       0       0       6       0       0       0       0     156       2       0       0       2       0       0       0     156       2
   82.000   106331.360      24    8768     800       0       0       0       4       0       0       0       0     156       2       0       0       2       0       0       0     156       2
   83.000   103105.312      23    8502     800       0       0       0       8       0       0       0       0     162       2       0       0       2       0       0       0     162       2
   84.000   100218.848      22    8264     800       0       0       0       8       0       0       0       0     171       2       0       0       2       0       0       0     171       2
   85.000   101213.344      22    8346     800       0       0       0       3       0       0       0       0     173       2       0       0       2       0       0       0     173       2
   86.000   103820.864      23    8561     800       0       0       0       3       0       0       0       0     173       2       0       0       2       0       0       0     173       2
   87.000   105943.264      24    8736     800       0       0       0       4       0       0       0       0     174       2       0       0       2       0       0       0     174       2
   88.000   106113.056      24    8750     800       0       0       0       6       0       0       0       0     176       2       0       0       2       0       0       0     176       2
   89.000   105324.736      23    8685     800       0       0       0       5       0       0       0       0     180       2       0       0       2       0       0       0     180       2
   90.000   105167.072      23    8672     800       0       0       0       8       0       0       0       0     184       2       0       0       2       0       0       0     184       2
   91.000   101346.752      23    8357     800       0       0       0       3       0       0       0       0     186       2       0       0       2       0       0       0     186       2
   92.000   100267.360      22    8268     800       0       0       0       6       0       0       0       0     190       2       0       0       2       0       0       0     190       2
   93.000   103396.384      23    8526     800       0       0       0       6       0       0       0       0     194       2       0       0       2       0       0       0     194       2
   94.000   103044.672      23    8497     800       0       0       0       3       0       0       0       0     198       2       0       0       2       0       0       0     198       2
   95.000   104415.136      23    8610     800       0       0       0       5       0       0       0       0     200       2       0       0       2       0       0       0     200       2
   96.000   103529.792      23    8537     800       0       0       0       6       0       0       0       0     199       2       0       0       2       0       0       0     199       2
   97.000   103081.056      23    8500     800       0       0       0       3       0       0       0       0     199       2       0       0       2       0       0       0     199       2
   98.000   103966.400      23    8573     800       0       0       0       6       0       0       0       0     197       2       0       0       2       0       0       0     197       2
   99.000   107980.768      24    8904     800       0       0       0       5       0       0       0       0     188       2       0       0       2       0       0       0     188       2
  100.000   110042.528      24    9074     800       0       0       0       3       0       0       0       0     187       2       0       0       2       0       0       0     187       2
  101.000   112589.408      25    9284     800       0       0       0       4       0       0       0       0     190       2       0       0       2       0       0       0     190       2
  102.000   113450.496      25    9355     800       0       0       0       9       0       0       0       0     195       2       0       0       2       0       0       0     195       2
  103.000   112722.816      25    9295     800       0       0       0       6       0       0       0       0     198       2       0       0       2       0       0       0     198       2
  104.000   113001.760      25    9318     800       0       0       0       2       0       0       0       0     197       2       0       0       2       0       0       0     197       2
  105.000   111934.496      25    9230     800       0       0       0       4       0       0       0       0     195       2       0       0       2       0       0       0     195       2
  106.000   110964.256      25    9150     800       0       0       0       2       0       0       0       0     193       2       0       0       2       0       0       0     193       2
  107.000   114917.984      26    9476     800       0       0       0       7       0       0       0       0     195       2       0       0       2       0       0       0     195       2
  108.000   119563.008      27    9859     800       0       0       0       7       0       0       0       0     198       2       0       0       2       0       0       0     198       2
  109.000   122534.368      27   10104     800       0       0       0       3       0       0       0       0     199       2       0       0       2       0       0       0     199       2
  110.000   123844.192      28   10212     800       0       0       0       5       0       0       0       0     200       2       0       0       2       0       0       0     200       2
  111.000   122231.168      27   10079     800       0       0       0       3       0       0       0       0     199       2       0       0       2       0       0       0     199       2
  112.000   123468.224      27   10181     800       0       0       0       6       0       0       0       0     202       2       0       0       2       0       0       0     202       2
  113.000   122873.952      27   10132     800       0       0       0       8       0       0       0       0     204       2       0       0       2       0       0       0     204       2
  114.000   121964.352      27   10057     800       0       0       0       6       0       0       0       0     206       3       0       0       2       0       0       0     206       3
  115.000   123128.640      27   10153     800       0       0       0       8       0       0       0       0     209       3       0       0       2       0       0       0     209       3
  116.000   123359.072      27   10172     800       0       0       0       4       0       0       0       0     216       3       0       0       2       0       0       0     216       3
  117.000   124535.488      28   10269     800       0       0       0       4       0       0       0       0     214       3       0       0       2       0       0       0     214       3
  118.000   123092.256      27   10150     800       0       0       0       4       0       0       0       0     210       3       0       0       2       0       0       0     210       3
  119.000   123322.688      27   10169     800       0       0       0       3       0       0       0       0     212       3       0       0       2       0       0       0     212       3
  120.000   123735.040      27   10203     800       0       0       0       4       0       0       0       0     213       3       0       0       2       0       0       0     213       3
  121.000   124450.592      28   10262     800       0       0       0       5       0       0       0       0     214       3       0       0       2       0       0       0     214       3
  122.000   122206.912      27   10077     800       0       0       0       3       0       0       0       0     214       3       0       0       2       0       0       0     214       3
  123.000   120678.784      27    9951     800       0       0       0       3       0       0       0       0     214       3       0       0       2       0       0       0     214       3
  124.000   119017.248      26    9814     800       0       0       0       5       0       0       0       0     215       3       0       0       2       0       0       0     215       3
  125.000   121224.544      27    9996     800       0       0       0       7       0       0       0       0     216       3       0       0       2       0       0       0     216       3
  126.000   117113.152      26    9657     800       0       0       0      11       0       0       0       0     221       3       0       0       2       0       0       0     221       3
  127.000   115027.136      26    9485     800       0       0       0       4       0       0       0       0     223       3       0       0       2       0       0       0     223       3
  128.000   117367.840      26    9678     800       0       0       0       8       0       0       0       0     220       3       0       0       2       0       0       0     220       3
  129.000   113668.800      25    9373     800       0       0       0       4       0       0       0       0     219       3       0       0       2       0       0       0     219       3
  130.000   115597.152      26    9532     800       0       0       0       3       0       0       0       0     215       3       0       0       2       0       0       0     215       3
  131.000   117828.704      26    9716     800       0       0       0       4       0       0       0       0     211       3       0       0       2       0       0       0     211       3
  132.000   118677.664      26    9786     800       0       0       0       3       0       0       0       0     210       3       0       0       2       0       0       0     210       3
  133.000   120715.168      27    9954     800       0       0       0       3       0       0       0       0     208       3       0       0       2       0       0       0     208       3
  134.000   120351.328      27    9924     800       0       0       0       3       0       0       0       0     207       3       0       0       2       0       0       0     207       3
  135.000   123856.320      28   10213     800       0       0       0       3       0       0       0       0     208       3       0       0       2       0       0       0     208       3
  136.000   125141.888      28   10319     800       0       0       0       3       0       0       0       0     208       3       0       0       2       0       0       0     208       3
  137.000   122158.400      27   10073     800       0       0       0       5       0       0       0       0     208       3       0       0       2       0       0       0     208       3
  138.000   121503.488      27   10019     800       0       0       0       6       0       0       0       0     208       3       0       0       2       0       0       0     208       3
  139.000   125711.904      28   10366     800       0       0       0       5       0       0       0       0     210       3       0       0       2       0       0       0     210       3
  140.000   129350.304      29   10666     800       0       0       0       2       0       0       0       0     209       3       0       0       2       0       0       0     209       3
  141.000   131812.288      29   10869     800       0       0       0       5       0       0       0       0     202       2       0       0       2       0       0       0     202       2
  142.000   130611.616      29   10770     800       0       0       0       6       0       0       0       0     202       2       0       0       2       0       0       0     202       2
  143.000   129956.704      29   10716     800       0       0       0       3       0       0       0       0     200       2       0       0       2       0       0       0     200       2
  144.000   130890.560      29   10793     800       0       0       0       6       0       0       0       0     197       2       0       0       2       0       0       0     197       2
  145.000   132831.040      30   10953     800       0       0       0       6       0       0       0       0     201       2       0       0       2       0       0       0     201       2
  146.000   137427.552      31   11332     800       0       0       0       7       0       0       0       0     205       3       0       0       2       0       0       0     205       3
  147.000   138215.872      31   11397     800       0       0       0       4       0       0       0       0     208       3       0       0       2       0       0       0     208       3
  148.000   138446.304      31   11416     800       0       0       0       5       0       0       0       0     211       3       0       0       2       0       0       0     211       3
  149.000   137221.376      30   11315     800       0       0       0       6       0       0       0       0     212       3       0       0       2       0       0       0     212       3
  150.000   134771.520      30   11113     800       0       0       0       4       0       0       0       0     214       3       0       0       2       0       0       0     214       3
  151.000   133364.672      30   10997     800       0       0       0       4       0       0       0       0     217       3       0       0       2       0       0       0     217       3
  152.000   134601.728      30   11099     800       0       0       0       6       0       0       0       0     215       3       0       0       2       0       0       0     215       3
  153.000   139622.720      31   11513     800       0       0       0       3       0       0       0       0     217       3       0       0       2       0       0       0     217       3
  154.000   141175.104      31   11641     800       0       0       0       8       0       0       0       0     220       3       0       0       2       0       0       0     220       3
  155.000   142484.928      32   11749     800       0       0       0       3       0       0       0       0     224       3       0       0       2       0       0       0     224       3
  156.000   144862.016      32   11945     800       0       0       0       1       0       0       0       0     224       3       0       0       2       0       0       0     224       3
  157.000   144692.224      32   11931     800       0       0       0       3       0       0       0       0     217       3       0       0       2       0       0       0     217       3
  158.000   141332.768      31   11654     800       0       0       0       7       0       0       0       0     219       3       0       0       2       0       0       0     219       3
  159.000   137597.344      31   11346     800       0       0       0       9       0       0       0       0     223       3       0       0       2       0       0       0     223       3
  160.000   140168.480      31   11558     800       0       0       0       2       0       0       0       0     222       3       0       0       2       0       0       0     222       3
  161.000   139974.432      31   11542     800       0       0       0       5       0       0       0       0     220       3       0       0       2       0       0       0     220       3
  162.000   140289.760      31   11568     800       0       0       0       4       0       0       0       0     219       3       0       0       2       0       0       0     219       3
  163.000   138798.016      31   11445     800       0       0       0       6       0       0       0       0     219       3       0       0       2       0       0       0     219       3
  164.000   137415.424      31   11331     800       0       0       0       5       0       0       0       0     218       3       0       0       2       0       0       0     218       3
  165.000   134189.376      30   11065     800       0       0       0       6       0       0       0       0     218       3       0       0       2       0       0       0     218       3
  166.000   133716.384      30   11026     800       0       0       0       4       0       0       0       0     218       3       0       0       2       0       0       0     218       3
  167.000   131848.672      29   10872     800       0       0       0       5       0       0       0       0     220       3       0       0       2       0       0       0     220       3
  168.000   134917.056      30   11125     800       0       0       0       6       0       0       0       0     221       3       0       0       2       0       0       0     221       3
  169.000   136408.800      30   11248     800       0       0       0       4       0       0       0       0     219       3       0       0       2       0       0       0     219       3
  170.000   136069.216      30   11220     800       0       0       0       5       0       0       0       0     219       3       0       0       2       0       0       0     219       3
  171.000   135923.680      30   11208     800       0       0       0       6       0       0       0       0     225       3       0       0       2       0       0       0     225       3
  172.000   132673.376      29   10940     800       0       0       0       9       0       0       0       0     229       3       0       0       2       0       0       0     229       3
  173.000   130029.472      29   10722     800       0       0       0       3       0       0       0       0     227       3       0       0       2       0       0       0     227       3
  174.000   130223.520      29   10738     800       0       0       0       4       0       0       0       0     221       3       0       0       2       0       0       0     221       3
  175.000   131193.760      29   10818     800       0       0       0       3       0       0       0       0     220       3       0       0       2       0       0       0     220       3
  176.000   132188.256      29   10900     800       0       0       0       7       0       0       0       0     220       3       0       0       2       0       0       0     220       3
  177.000   134395.552      30   11082     800       0       0       0       5       0       0       0       0     220       3       0       0       2       0       0       0     220       3
  178.000   131120.992      29   10812     800       0       0       0       8       0       0       0       0     221       3       0       0       2       0       0       0     221       3
  179.000   128404.320      29   10588     800       0       0       0       5       0       0       0       0     223       3       0       0       2       0       0       0     223       3
  180.000   126948.960      28   10468     800       0       0       0       5       0       0       0       0     221       3       0       0       2       0       0       0     221       3
  181.000   126378.944      28   10421     800       0       0       0       2       0       0       0       0     219       3       0       0       2       0       0       0     219       3
  182.000   134674.496      30   11105     800       0       0       0       8       0       0       0       0     219       3       0       0       2       0       0       0     219       3
  183.000   139028.448      31   11464     800       0       0       0       3       0       0       0       0     222       3       0       0       2       0       0       0     222       3
  184.000   137548.832      31   11342     800       0       0       0       3       0       0       0       0     221       3       0       0       2       0       0       0     221       3
  185.000   138858.656      31   11450     800       0       0       0       4       0       0       0       0     217       3       0       0       2       0       0       0     217       3
  186.000   146838.880      33   12108     800       0       0       0       5       0       0       0       0     217       3       0       0       2       0       0       0     217       3
  187.000   149155.328      33   12299     800       0       0       0       4       0       0       0       0     211       3       0       0       2       0       0       0     211       3
  188.000   150877.504      34   12441     800       0       0       0       3       0       0       0       0     207       3       0       0       2       0       0       0     207       3
  189.000   152927.136      34   12610     800       0       0       0       4       0       0       0       0     209       3       0       0       2       0       0       0     209       3
  190.000   153351.616      34   12645     800       0       0       0       4       0       0       0       0     208       3       0       0       2       0       0       0     208       3
  191.000   155655.936      35   12835     800       0       0       0       1       0       0       0       0     208       3       0       0       2       0       0       0     208       3
  192.000   155376.992      35   12812     800       0       0       0       6       0       0       0       0     208       3       0       0       2       0       0       0     208       3
  193.000   153933.760      34   12693     800       0       0       0       2       0       0       0       0     201       2       0       0       2       0       0       0     201       2
  194.000   157050.656      35   12950     800       0       0       0       5       0       0       0       0     194       2       0       0       2       0       0       0     194       2
  195.000   157232.576      35   12965     800       0       0       0       7       0       0       0       0     196       2       0       0       2       0       0       0     196       2
  196.000   157705.568      35   13004     800       0       0       0       3       0       0       0       0     196       2       0       0       2       0       0       0     196       2
  197.000   158348.352      35   13057     800       0       0       0       7       0       0       0       0     197       2       0       0       2       0       0       0     197       2
  198.000   159282.208      35   13134     800       0       0       0       3       0       0       0       0     198       2       0       0       2       0       0       0     198       2
  199.000   157584.288      35   12994     800       0       0       0       7       0       0       0       0     200       2       0       0       2       0       0       0     200       2
  200.000   156953.632      35   12942     800       0       0       0       6       0       0       0       0     203       2       0       0       2       0       0       0     203       2
  201.000   160737.568      36   13254     800       0       0       0       2       0       0       0       0     202       2       0       0       2       0       0       0     202       2
  202.000   161440.992      36   13312     800       0       0       0       6       0       0       0       0     204       2       0       0       2       0       0       0     204       2
  203.000   159985.632      36   13192     800       0       0       0       4       0       0       0       0     207       3       0       0       2       0       0       0     207       3
  204.000   160131.168      36   13204     800       0       0       0       6       0       0       0       0     209       3       0       0       2       0       0       0     209       3
  205.000   160191.808      36   13209     800       0       0       0       4       0       0       0       0     210       3       0       0       2       0       0       0     210       3
  206.000   157596.416      35   12995     800       0       0       0       2       0       0       0       0     212       3       0       0       2       0       0       0     212       3
  207.000   156832.352      35   12932     800       0       0       0       5       0       0       0       0     211       3       0       0       2       0       0       0     211       3
  208.000   152260.096      34   12555     800       0       0       0       6       0       0       0       0     213       3       0       0       2       0       0       0     213       3
  209.000   144073.696      32   11880     800       0       0       0       3       0       0       0       0     215       3       0       0       2       0       0       0     215       3
  210.000   140932.544      31   11621     800       0       0       0       6       0       0       0       0     214       3       0       0       2       0       0       0     214       3
  211.000   135729.632      30   11192     800       0       0       0       6       0       0       0       0     215       3       0       0       2       0       0       0     215       3
  212.000   131023.968      29   10804     800       0       0       0       6       0       0       0       0     217       3       0       0       2       0       0       0     217       3
  213.000   128161.760      28   10568     800       0       0       0       6       0       0       0       0     218       3       0       0       2       0       0       0     218       3
  214.000   124171.648      28   10239     800       0       0       0       6       0       0       0       0     217       3       0       0       2       0       0       0     217       3
  215.000   119150.656      26    9825     800       0       0       0       6       0       0       0       0     216       3       0       0       2       0       0       0     216       3
  216.000   115948.864      26    9561     800       0       0       0       4       0       0       0       0     218       3       0       0       2       0       0       0     218       3
  217.000   114202.432      25    9417     800       0       0       0       5       0       0       0       0     218       3       0       0       2       0       0       0     218       3
  218.000   114372.224      25    9431     800       0       0       0       4       0       0       0       0     218       3       0       0       2       0       0       0     218       3
  219.000   114372.224      25    9431     800       0       0       0       4       0       0       0       0     216       3       0       0       2       0       0       0     216       3
  220.000   114517.760      25    9443     800       0       0       0       5       0       0       0       0     217       3       0       0       2       0       0       0     217       3
  221.000   115791.200      26    9548     800       0       0       0       5       0       0       0       0     217       3       0       0       2       0       0       0     217       3
  222.000   117865.088      26    9719     800       0       0       0       3       0       0       0       0     217       3       0       0       2       0       0       0     217       3
  223.000   117974.240      26    9728     800       0       0       0       5       0       0       0       0     212       3       0       0       2       0       0       0     212       3
  224.000   117852.960      26    9718     800       0       0       0       6       0       0       0       0     212       3       0       0       2       0       0       0     212       3
  225.000   116761.440      26    9628     800       0       0       0       3       0       0       0       0     212       3       0       0       2       0       0       0     212       3
  226.000   117258.688      26    9669     800       0       0       0       3       0       0       0       0     209       3       0       0       2       0       0       0     209       3
  227.000   120120.896      27    9905     800       0       0       0       6       0       0       0       0     204       2       0       0       2       0       0       0     204       2
  228.000   122582.880      27   10108     800       0       0       0       5       0       0       0       0     200       2       0       0       2       0       0       0     200       2
  229.000   122813.312      27   10127     800       0       0       0       5       0       0       0       0     197       2       0       0       2       0       0       0     197       2
  230.000   121006.240      27    9978     800       0       0       0       6       0       0       0       0     192       2       0       0       2       0       0       0     192       2
  231.000   119259.808      27    9834     800       0       0       0      10       0       0       0       0     194       2       0       0       2       0       0       0     194       2
  232.000   114869.472      26    9472     800       0       0       0       3       0       0       0       0     196       2       0       0       2       0       0       0     196       2
  233.000   113862.848      25    9389     800       0       0       0       4       0       0       0       0     196       2       0       0       2       0       0       0     196       2
  234.000   116919.104      26    9641     800       0       0       0       4       0       0       0       0     197       2       0       0       2       0       0       0     197       2
  235.000   118592.768      26    9779     800       0       0       0       2       0       0       0       0     197       2       0       0       2       0       0       0     197       2
  236.000   115766.944      26    9546     800       0       0       0       6       0       0       0       0     198       2       0       0       2       0       0       0     198       2
  237.000   113038.144      25    9321     800       0       0       0       6       0       0       0       0     202       2       0       0       2       0       0       0     202       2
  238.000   110527.648      25    9114     800       0       0       0       7       0       0       0       0     204       2       0       0       2       0       0       0     204       2
  239.000   110333.600      25    9098     800       0       0       0       5       0       0       0       0     203       2       0       0       2       0       0       0     203       2
  240.000   110661.056      25    9125     800       0       0       0       2       0       0       0       0     205       3       0       0       2       0       0       0     205       3
  241.000   114250.944      25    9421     800       0       0       0       6       0       0       0       0     206       3       0       0       2       0       0       0     206       3
  242.000   117816.576      26    9715     800       0       0       0       7       0       0       0       0     210       3       0       0       2       0       0       0     210       3
  243.000   116797.824      26    9631     800       0       0       0       7       0       0       0       0     213       3       0       0       2       0       0       0     213       3
  244.000   114093.280      25    9408     800       0       0       0       4       0       0       0       0     214       3       0       0       2       0       0       0     214       3
  245.000   113899.232      25    9392     800       0       0       0       6       0       0       0       0     214       3       0       0       2       0       0       0     214       3
  246.000   116421.856      26    9600     800       0       0       0       6       0       0       0       0     207       3       0       0       2       0       0       0     207       3
  247.000   114723.936      25    9460     800       0       0       0       3       0       0       0       0     200       2       0       0       2       0       0       0     200       2
  248.000   112989.632      25    9317     800       0       0       0       4       0       0       0       0     200       2       0       0       2       0       0       0     200       2
  249.000   113414.112      25    9352     800       0       0       0       6       0       0       0       0     202       2       0       0       2       0       0       0     202       2
  250.000   111898.112      25    9227     800       0       0       0       6       0       0       0       0     206       3       0       0       2       0       0       0     206       3
  251.000   106622.432      24    8792     800       0       0       0       6       0       0       0       0     205       3       0       0       2       0       0       0     205       3
  252.000   104681.952      23    8632     800       0       0       0       8       0       0       0       0     204       2       0       0       2       0       0       0     204       2
  253.000   103432.768      23    8529     800       0       0       0       4       0       0       0       0     204       2       0       0       2       0       0       0     204       2
  254.000   104827.488      23    8644     800       0       0       0       1       0       0       0       0     202       2       0       0       2       0       0       0     202       2
  255.000   105191.328      23    8674     800       0       0       0       5       0       0       0       0     203       2       0       0       2       0       0       0     203       2
  256.000   105397.504      23    8691     800       0       0       0       3       0       0       0       0     205       3       0       0       2       0       0       0     205       3
  257.000   106792.224      24    8806     800       0       0       0       5       0       0       0       0     202       2       0       0       2       0       0       0     202       2
  258.000   109460.384      24    9026     800       0       0       0       4       0       0       0       0     199       2       0       0       2       0       0       0     199       2
  259.000   112783.456      25    9300     800       0       0       0       4       0       0       0       0     193       2       0       0       2       0       0       0     193       2
  260.000   112371.104      25    9266     800       0       0       0       4       0       0       0       0     192       2       0       0       2       0       0       0     192       2
  261.000   110418.496      25    9105     800       0       0       0       5       0       0       0       0     192       2       0       0       2       0       0       0     192       2
  262.000   106937.760      24    8818     800       0       0       0       4       0       0       0       0     191       2       0       0       2       0       0       0     191       2
  263.000   107762.464      24    8886     800       0       0       0       1       0       0       0       0     188       2       0       0       2       0       0       0     188       2
  264.000   105943.264      24    8736     800       0       0       0       4       0       0       0       0     186       2       0       0       2       0       0       0     186       2
  265.000   104366.624      23    8606     800       0       0       0       8       0       0       0       0     187       2       0       0       2       0       0       0     187       2
  266.000   105312.608      23    8684     800       0       0       0       2       0       0       0       0     185       2       0       0       2       0       0       0     185       2
  267.000   106319.232      24    8767     800       0       0       0       3       0       0       0       0     179       2       0       0       2       0       0       0     179       2
  268.000   110952.128      25    9149     800       0       0       0       3       0       0       0       0     174       2       0       0       2       0       0       0     174       2
  269.000   113596.032      25    9367     800       0       0       0       8       0       0       0       0     178       2       0       0       2       0       0       0     178       2
  270.000   118774.688      26    9794     800       0       0       0       6       0       0       0       0     180       2       0       0       2       0       0       0     180       2
  271.000   116882.720      26    9638     800       0       0       0       7       0       0       0       0     183       2       0       0       2       0       0       0     183       2
  272.000   117598.272      26    9697     800       0       0       0       3       0       0       0       0     185       2       0       0       2       0       0       0     185       2
  273.000   119199.168      26    9829     800       0       0       0       3       0       0       0       0     185       2       0       0       2       0       0       0     185       2
  274.000   118325.952      26    9757     800       0       0       0       3       0       0       0       0     188       2       0       0       2       0       0       0     188       2
  275.000   119982.304      27    9893     800       0       0       0       5       0       0       0       0     187       2       0       0       2       0       0       0     187       2
