  TimeSec      LoaKbps LoaUsag Packets DlyUsec LoaDrps MetDrps TabDrps FloMods MetMods GroMods  PktsIn PktsOut FloEntr FloUsag MetEntr MetUsag GroEntr GroUsag BufPkts BufUsag  T0Entr  T0Usag
    1.000        0.000       0       0      34       0       0       0       4       0       0       0       0       3       0       0       0       0       0       0       0       3       0
    2.000     6547.360       0     541      71       0       0       0      12       0       0       0       0      10       0       0       0       0       0       0       0      10       0
    3.000    20809.888       0    1717      96       0       0       0      11       0       0       0       0      21       0       0       0       0       0       0       0      21       0
    4.000    34684.320       0    2861     106       0       0       0       7       0       0       0       0      30       0       0       0       0       0       0       0      30       0
    5.000    47552.128       0    3922     118       0       0       0      14       0       0       0       0      43       0       0       0       0       0       0       0      43       0
    6.000    54913.824       0    4529     119       0       0       0      11       0       0       0       0      52       0       0       0       0       0       0       0      52       0
    7.000    64106.848       0    5287     127       0       0       0       8       0       0       0       0      63       0       0       0       0       0       0       0      63       0
    8.000    73821.376       0    6088     138       0       0       0      10       0       0       0       0      72       0       0       0       0       0       0       0      72       0
    9.000    81522.656       0    6723     139       0       0       0       6       0       0       0       0      80       0       0       0       0       0       0       0      80       0
   10.000    89806.080       0    7406     139       0       0       0      13       0       0       0       0      90       0       0       0       0       0       0       0      90       0
   11.000   101182.144       0    8344     139       0       0       0      11       0       0       0       0     102       0       0       0       0       0       0       0     102       0
   12.000   111017.952       0    9155     140       0       0       0     102       0       0       0       0     113       0       0       0       0       0       0       0     113       0
   13.000   115954.048       0    9562     140       0       0       0       7       0       0       0       0     120       0       0       0       0       0       0       0     120       0
   14.000   123412.768       0   10177     144       0       0       0       6       0       0       0       0     126       0       0       0       0       0       0       0     126       0
   15.000   142199.040       0   11726     158       0       0       0      13       0       0       0       0     138       0       0       0       0       0       0       0     138       0
   16.000   150931.200       0   12446     159       0       0       0       8       0       0       0       0     146       0       0       0       0       0       0       0     146       0
   17.000   156534.336       0   12908     159       0       0       0       9       0       0       0       0     151       0       0       0       0       0       0       0     151       0
   18.000   165703.104       0   13664     159       0       0       0      10       0       0       0       0     149       0       0       0       0       0       0       0     149       0
   19.000   176994.272       0   14595     160       0       0       0      14       0       0       0       0     151       0       0       0       0       0       0       0     151       0
   20.000   195768.416       0   16143     160       0       0       0      12       0       0       0       0     152       0       0       0       0       0       0       0     152       0
   21.000   203566.720       0   16786     160       0       0       0       5       0       0       0       0     151       0       0       0       0       0       0       0     151       0
   22.000   210322.016       0   17343     160       0       0       0      16       0       0       0       0     147       0       0       0       0       0       0       0     147       0
   23.000   221370.624       0   18254     160       0       0       0      14       0       0       0       0     149       0       0       0       0       0       0       0     149       0
   24.000   231388.352       0   19080     160       0       0       0       5       0       0       0       0     151       0       0       0       0       0       0       0     151       0
   25.000   235184.416       0   19393     160       0       0       0       6       0       0       0       0     147       0       0       0       0       0       0       0     147       0
   26.000   236203.168       0   19477     160       0       0       0       5       0       0       0       0     140       0       0       0       0       0       0       0     140       0
   27.000   242570.368       0   20002     160       0       0       0       9       0       0       0       0     136       0       0       0       0       0       0       0     136       0
   28.000   252515.328       0   20822     160       0       0       0      10       0       0       0       0     137       0       0       0       0       0       0       0     137       0
   29.000   267723.840       0   22076     160       0       0       0       7       0       0       0       0     141       0       0       0       0       0       0       0     141       0
   30.000   274188.064       0   22609     160       0       0       0      12       0       0       0       0     139       0       0       0       0       0       0       0     139       0
   31.000   287553.120       0   23711     160       0       0       0      13       0       0       0       0     144       0       0       0       0       0       0       0     144       0
   32.000   297995.328       0   24572     160       0       0       0      55       0       0       0       0     142       0       0       0       0       0       0       0     142       0
   33.000   307928.160       0   25391     160       0       0       0       9       0       0       0       0     142       0       0       0       0       0       0       0     142       0
   34.000   306448.544       0   25269     160       0       0       0       8       0       0       0       0     138       0       0       0       0       0       0       0     138       0
   35.000   314307.488       0   25917     160       0       0       0      12       0       0       0       0     134       0       0       0       0       0       0       0     134       0
   36.000   321293.216       0   26493     160       0       0       0       8       0       0       0       0     137       0       0       0       0       0       0       0     137       0
   37.000   323003.264       0   26634     160       0       0       0      10       0       0       0       0     139       0       0       0       0       0       0       0     139       0
   38.000   330195.168       0   27227     160       0       0       0       8       0       0       0       0     135       0       0       0       0       0       0       0     135       0
   39.000   336319.808       0   27732     160       0       0       0      10       0       0       0       0     133       0       0       0       0       0       0       0     133       0
   40.000   340309.920       0   28061     160       0       0       0      19       0       0       0       0     143       0       0       0       0       0       0       0     143       0
   41.000   346179.872       0   28545     160       0       0       0      10       0       0       0       0     151       0       0       0       0       0       0       0     151       0
   42.000   358489.792       0   29560     160       0       0       0      23       0       0       0       0     157       0       0       0       0       0       0       0     157       0
   43.000   375772.192       0   30985     160       0       0       0      15       0       0       0       0     163       0       0       0       0       0       0       0     163       0
   44.000   393127.360       0   32416     160       0       0       0      14       0       0       0       0     168       0       0       0       0       0       0       0     168       0
   45.000   405849.632       0   33465     160       0       0       0      11       0       0       0       0     172       0       0       0       0       0       0       0     172       0
   46.000   415042.656       0   34223     160       0       0       0       9       0       0       0       0     170       0       0       0       0       0       0       0     170       0
   47.000   417674.432       0   34440     160       0       0       0      10       0       0       0       0     170       0       0       0       0       0       0       0     170       0
   48.000   420779.200       0   34696     160       0       0       0       8       0       0       0       0     170       0       0       0       0       0       0       0     170       0
   49.000   425969.984       0   35124     160       0       0       0       4       0       0       0       0     168       0       0       0       0       0       0       0     168       0
   50.000   432458.464       0   35659     160       0       0       0      14       0       0       0       0     168       0       0       0       0       0       0       0     168       0
   51.000   436739.648       0   36012     160       0       0       0       8       0       0       0       0     166       0       0       0       0       0       0       0     166       0
   52.000   442840.032       0   36515     160       0       0       0      46       0       0       0       0     168       0       0       0       0       0       0       0     168       0
   53.000   455283.360       0   37541     160       0       0       0      14       0       0       0       0     176       0       0       0       0       0       0       0     176       0
   54.000   464367.232       0   38290     160       0       0       0       4       0       0       0       0     177       0       0       0       0       0       0       0     177       0
   55.000   469000.128       0   38672     160       0       0       0      11       0       0       0       0     169       0       0       0       0       0       0       0     169       0
   56.000   480097.248       0   39587     160       0       0       0      10       0       0       0       0     166       0       0       0       0       0       0       0     166       0
   57.000   483396.064       0   39859     160       0       0       0      13       0       0       0       0     162       0       0       0       0       0       0       0     162       0
   58.000   500666.336       1   41283     160       0       0       0      12       0       0       0       0     163       0       0       0       0       0       0       0     163       0
   59.000   501078.688       1   41317     160       0       0       0       8       0       0       0       0     159       0       0       0       0       0       0       0     159       0
   60.000   498507.552       0   41105     160       0       0       0       4       0       0       0       0     152       0       0       0       0       0       0       0     152       0
   61.000   502897.888       1   41467     160       0       0       0      17       0       0       0       0     152       0       0       0       0       0       0       0     152       0
   62.000   509847.232       1   42040     160       0       0       0      22       0       0       0       0     153       0       0       0       0       0       0       0     153       0
   63.000   511824.096       1   42203     160       0       0       0       9       0       0       0       0     153       0       0       0       0       0       0       0     153       0
   64.000   517269.568       1   42652     160       0       0       0      10       0       0       0       0     157       0       0       0       0       0       0       0     157       0
   65.000   524764.672       1   43270     160       0       0       0      10       0       0       0       0     158       0       0       0       0       0       0       0     158       0
   66.000   521174.784       1   42974     160       0       0       0       8       0       0       0       0     156       0       0       0       0       0       0       0     156       0
   67.000   528730.528       1   43597     160       0       0       0      18       0       0       0       0     158       0       0       0       0       0       0       0     158       0
   68.000   540252.128       1   44547     160       0       0       0       4       0       0       0       0     153       0       0       0       0       0       0       0     153       0
   69.000   543878.400       1   44846     160       0       0       0       8       0       0       0       0     150       0       0       0       0       0       0       0     150       0
   70.000   543150.720       1   44786     160       0       0       0       5       0       0       0       0     149       0       0       0       0       0       0       0     149       0
   71.000   550027.296       1   45353     160       0       0       0      12       0       0       0       0     149       0       0       0       0       0       0       0     149       0
   72.000   552549.920       1   45561     160       0       0       0      32       0       0       0       0     149       0       0       0       0       0       0       0     149       0
   73.000   556309.600       1   45871     160       0       0       0      10       0       0       0       0     144       0       0       0       0       0       0       0     144       0
   74.000   561524.640       1   46301     160       0       0       0       7       0       0       0       0     142       0       0       0       0       0       0       0     142       0
   75.000   560384.608       1   46207     160       0       0       0       5       0       0       0       0     143       0       0       0       0       0       0       0     143       0
   76.000   561051.648       1   46262     160       0       0       0       9       0       0       0       0     140       0       0       0       0       0       0       0     140       0
   77.000   561027.392       1   46260     160       0       0       0       9       0       0       0       0     136       0       0       0       0       0       0       0     136       0
   78.000   566970.112       1   46750     160       0       0       0      10       0       0       0       0     137       0       0       0       0       0       0       0     137       0
   79.000   573628.384       1   47299     160       0       0       0       9       0       0       0       0     139       0       0       0       0       0       0       0     139       0
   80.000   576551.232       1   47540     160       0       0       0       8       0       0       0       0     136       0       0       0       0       0       0       0     136       0
   81.000   573604.128       1   47297     160       0       0       0      11       0       0       0       0     137       0       0       0       0       0       0       0     137       0
   82.000   581135.616       1   47918     160       0       0       0      31       0       0       0       0     137       0       0       0       0       0       0       0     137       0
   83.000   580456.448       1   47862     160       0       0       0       6       0       0       0       0     134       0       0       0       0       0       0       0     134       0
   84.000   584106.976       1   48163     160       0       0       0      11       0       0       0       0     138       0       0       0       0       0       0       0     138       0
   85.000   591238.240       1   48751     160       0       0       0      13       0       0       0       0     146       0       0       0       0       0       0       0     146       0
   86.000   584349.536       1   48183     160       0       0       0       7       0       0       0       0     143       0       0       0       0       0       0       0     143       0
   87.000   579789.408       1   47807     160       0       0       0       7       0       0       0       0     142       0       0       0       0       0       0       0     142       0
   88.000   578637.248       1   47712     160       0       0       0      15       0       0       0       0     143       0       0       0       0       0       0       0     143       0
   89.000   577545.728       1   47622     160       0       0       0      14       0       0       0       0     148       0       0       0       0       0       0       0     148       0
   90.000   579534.720       1   47786     160       0       0       0      10       0       0       0       0     151       0       0       0       0       0       0       0     151       0
   91.000   583027.584       1   48074     160       0       0       0       8       0       0       0       0     155       0       0       0       0       0       0       0     155       0
   92.000   590352.896       1   48678     160       0       0       0      35       0       0       0       0     159       0       0       0       0       0       0       0     159       0
   93.000   587320.896       1   48428     160       0       0       0      14       0       0       0       0     163       0       0       0       0       0       0       0     163       0
   94.000   571603.008       1   47132     160       0       0       0       6       0       0       0       0     159       0       0       0       0       0       0       0     159       0
   95.000   564023.008       1   46507     160       0       0       0       5       0       0       0       0     158       0       0       0       0       0       0       0     158       0
   96.000   566521.376       1   46713     160       0       0       0      16       0       0       0       0     161       0       0       0       0       0       0       0     161       0
   97.000   575265.664       1   47434     160       0       0       0       5       0       0       0       0     158       0       0       0       0       0       0       0     158       0
   98.000   569092.512       1   46925     160       0       0       0       9       0       0       0       0     159       0       0       0       0       0       0       0     159       0
   99.000   560687.808       1   46232     160       0       0       0       5       0       0       0       0     153       0       0       0       0       0       0       0     153       0
  100.000   553338.240       1   45626     160       0       0       0      17       0       0       0       0     152       0       0       0       0       0       0       0     152       0
  101.000   538663.360       1   44416     160       0       0       0      10       0       0       0       0     158       0       0       0       0       0       0       0     158       0
  102.000   537220.128       1   44297     160       0       0       0      31       0       0       0       0     157       0       0       0       0       0       0       0     157       0
  103.000   544266.496       1   44878     160       0       0       0      15       0       0       0       0     162       0       0       0       0       0       0       0     162       0
  104.000   550694.336       1   45408     160       0       0       0       9       0       0       0       0     159       0       0       0       0       0       0       0     159       0
  105.000   558589.664       1   46059     160       0       0       0       9       0       0       0       0     160       0       0       0       0       0       0       0     160       0
  106.000   557886.240       1   46001     160       0       0       0       9       0       0       0       0     156       0       0       0       0       0       0       0     156       0
  107.000   562131.040       1   46351     160       0       0       0      11       0       0       0       0     154       0       0       0       0       0       0       0     154       0
  108.000   567467.360       1   46791     160       0       0       0      11       0       0       0       0     153       0       0       0       0       0       0       0     153       0
  109.000   563380.224       1   46454     160       0       0       0      11       0       0       0       0     155       0       0       0       0       0       0       0     155       0
  110.000   563271.072       1   46445     160       0       0       0      10       0       0       0       0     160       0       0       0       0       0       0       0     160       0
  111.000   557946.880       1   46006     160       0       0       0      11       0       0       0       0     159       0       0       0       0       0       0       0     159       0
  112.000   554599.552       1   45730     160       0       0       0      39       0       0       0       0     161       0       0       0       0       0       0       0     161       0
  113.000   553993.152       1   45680     160       0       0       0      12       0       0       0       0     164       0       0       0       0       0       0       0     164       0
  114.000   562409.984       1   46374     160       0       0       0      18       0       0       0       0     173       0       0       0       0       0       0       0     173       0
  115.000   572827.936       1   47233     160       0       0       0       7       0       0       0       0     174       0       0       0       0       0       0       0     174       0
  116.000   571748.544       1   47144     160       0       0       0       8       0       0       0       0     169       0       0       0       0       0       0       0     169       0
  117.000   566460.736       1   46708     160       0       0       0       3       0       0       0       0     165       0       0       0       0       0       0       0     165       0
  118.000   563125.536       1   46433     160       0       0       0      14       0       0       0       0     161       0       0       0       0       0       0       0     161       0
  119.000   565745.184       1   46649     160       0       0       0      10       0       0       0       0     158       0       0       0       0       0       0       0     158       0
  120.000   568801.440       1   46901     160       0       0       0      15       0       0       0       0     162       0       0       0       0       0       0       0     162       0
  121.000   567600.768       1   46802     160       0       0       0      15       0       0       0       0     168       0       0       0       0       0       0       0     168       0
  122.000   567540.128       1   46797     160       0       0       0      41       0       0       0       0     173       0       0       0       0       0       0       0     173       0
  123.000   569492.736       1   46958     160       0       0       0      11       0       0       0       0     174       0       0       0       0       0       0       0     174       0
  124.000   572354.944       1   47194     160       0       0       0       9       0       0       0       0     174       0       0       0       0       0       0       0     174       0
  125.000   572282.176       1   47188     160       0       0       0       8       0       0       0       0     170       0       0       0       0       0       0       0     170       0
  126.000   565830.080       1   46656     160       0       0       0       7       0       0       0       0     167       0       0       0       0       0       0       0     167       0
  127.000   572015.360       1   47166     160       0       0       0      14       0       0       0       0     168       0       0       0       0       0       0       0     168       0
  128.000   566945.856       1   46748     160       0       0       0      14       0       0       0       0     168       0       0       0       0       0       0       0     168       0
  129.000   566982.240       1   46751     160       0       0       0      10       0       0       0       0     165       0       0       0       0       0       0       0     165       0
  130.000   568292.064       1   46859     160       0       0       0      11       0       0       0       0     164       0       0       0       0       0       0       0     164       0
  131.000   566630.528       1   46722     160       0       0       0       9       0       0       0       0     163       0       0       0       0       0       0       0     163       0
  132.000   563040.640       1   46426     160       0       0       0      32       0       0       0       0     171       0       0       0       0       0       0       0     171       0
  133.000   550318.368       1   45377     160       0       0       0       5       0       0       0       0     167       0       0       0       0       0       0       0     167       0
  134.000   543320.512       1   44800     160       0       0       0       9       0       0       0       0     165       0       0       0       0       0       0       0     165       0
  135.000   537402.048       1   44312     160       0       0       0       9       0       0       0       0     161       0       0       0       0       0       0       0     161       0
  136.000   541161.728       1   44622     160       0       0       0      10       0       0       0       0     156       0       0       0       0       0       0       0     156       0
  137.000   541355.776       1   44638     160       0       0       0      14       0       0       0       0     154       0       0       0       0       0       0       0     154       0
  138.000   543514.560       1   44816     160       0       0       0      12       0       0       0       0     153       0       0       0       0       0       0       0     153       0
  139.000   543914.784       1   44849     160       0       0       0       5       0       0       0       0     151       0       0       0       0       0       0       0     151       0
  140.000   547322.752       1   45130     160       0       0       0       5       0       0       0       0     149       0       0       0       0       0       0       0     149       0
  141.000   546122.080       1   45031     160       0       0       0      14       0       0       0       0     151       0       0       0       0       0       0       0     151       0
  142.000   553641.440       1   45651     160       0       0       0      44       0       0       0       0     152       0       0       0       0       0       0       0     152       0
  143.000   558140.928       1   46022     160       0       0       0       9       0       0       0       0     154       0       0       0       0       0       0       0     154       0
  144.000   557461.760       1   45966     160       0       0       0      11       0       0       0       0     152       0       0       0       0       0       0       0     152       0
  145.000   552016.288       1   45517     160       0       0       0      11       0       0       0       0     150       0       0       0       0       0       0       0     150       0
  146.000   551373.504       1   45464     160       0       0       0       7       0       0       0       0     152       0       0       0       0       0       0       0     152       0
  147.000   551143.072       1   45445     160       0       0       0       9       0       0       0       0     150       0       0       0       0       0       0       0     150       0
  148.000   552659.072       1   45570     160       0       0       0      13       0       0       0       0     153       0       0       0       0       0       0       0     153       0
  149.000   557267.712       1   45950     160       0       0       0       9       0       0       0       0     156       0       0       0       0       0       0       0     156       0
  150.000   550779.232       1   45415     160       0       0       0       6       0       0       0       0     153       0       0       0       0       0       0       0     153       0
  151.000   544969.920       1   44936     160       0       0       0      12       0       0       0       0     154       0       0       0       0       0       0       0     154       0
  152.000   549724.096       1   45328     160       0       0       0      36       0       0       0       0     153       0       0       0       0       0       0       0     153       0
  153.000   544654.592       1   44910     160       0       0       0       4       0       0       0       0     148       0       0       0       0       0       0       0     148       0
  154.000   550427.520       1   45386     160       0       0       0       9       0       0       0       0     145       0       0       0       0       0       0       0     145       0
  155.000   548947.904       1   45264     160       0       0       0      10       0       0       0       0     150       0       0       0       0       0       0       0     150       0
  156.000   547286.368       1   45127     160       0       0       0       9       0       0       0       0     151       0       0       0       0       0       0       0     151       0
  157.000   550621.568       1   45402     160       0       0       0       7       0       0       0       0     145       0       0       0       0       0       0       0     145       0
  158.000   541307.264       1   44634     160       0       0       0       9       0       0       0       0     139       0       0       0       0       0       0       0     139       0
  159.000   538517.824       1   44404     160       0       0       0      11       0       0       0       0     139       0       0       0       0       0       0       0     139       0
  160.000   541052.576       1   44613     160       0       0       0      13       0       0       0       0     142       0       0       0       0       0       0       0     142       0
  161.000   547601.696       1   45153     160       0       0       0      15       0       0       0       0     144       0       0       0       0       0       0       0     144       0
  162.000   554745.088       1   45742     160       0       0       0      31       0       0       0       0     149       0       0       0       0       0       0       0     149       0
  163.000   559280.960       1   46116     160       0       0       0      11       0       0       0       0     150       0       0       0       0       0       0       0     150       0
  164.000   565927.104       1   46664     160       0       0       0      13       0       0       0       0     151       0       0       0       0       0       0       0     151       0
  165.000   571675.776       1   47138     160       0       0       0      11       0       0       0       0     155       0       0       0       0       0       0       0     155       0
  166.000   563695.552       1   46480     160       0       0       0       6       0       0       0       0     155       0       0       0       0       0       0       0     155       0
  167.000   557922.624       1   46004     160       0       0       0      14       0       0       0       0     151       0       0       0       0       0       0       0     151       0
  168.000   553180.576       1   45613     160       0       0       0       8       0       0       0       0     156       0       0       0       0       0       0       0     156       0
  169.000   550318.368       1   45377     160       0       0       0      14       0       0       0       0     164       0       0       0       0       0       0       0     164       0
  170.000   549699.840       1   45326     160       0       0       0      13       0       0       0       0     166       0       0       0       0       0       0       0     166       0
  171.000   538663.360       1   44416     160       0       0       0       6       0       0       0       0     166       0       0       0       0       0       0       0     166       0
  172.000   530270.784       1   43724     160       0       0       0      31       0       0       0       0     163       0       0       0       0       0       0       0     163       0
  173.000   524170.400       1   43221     160       0       0       0      15       0       0       0       0     164       0       0       0       0       0       0       0     164       0
  174.000   529482.464       1   43659     160       0       0       0      10       0       0       0       0     167       0       0       0       0       0       0       0     167       0
  175.000   527505.600       1   43496     160       0       0       0      11       0       0       0       0     165       0       0       0       0       0       0       0     165       0
  176.000   534624.736       1   44083     160       0       0       0      10       0       0       0       0     165       0       0       0       0       0       0       0     165       0
  177.000   533096.608       1   43957     160       0       0       0       6       0       0       0       0     157       0       0       0       0       0       0       0     157       0
  178.000   532077.856       1   43873     160       0       0       0      16       0       0       0       0     159       0       0       0       0       0       0       0     159       0
  179.000   537838.656       1   44348     160       0       0       0      11       0       0       0       0     161       0       0       0       0       0       0       0     161       0
  180.000   542192.608       1   44707     160       0       0       0      14       0       0       0       0     161       0       0       0       0       0       0       0     161       0
  181.000   550536.672       1   45395     160       0       0       0      11       0       0       0       0     165       0       0       0       0       0       0       0     165       0
  182.000   556503.648       1   45887     160       0       0       0      40       0       0       0       0     169       0       0       0       0       0       0       0     169       0
  183.000   558565.408       1   46057     160       0       0       0      13       0       0       0       0     172       0       0       0       0       0       0       0     172       0
  184.000   563659.168       1   46477     160       0       0       0       9       0       0       0       0     168       0       0       0       0       0       0       0     168       0
  185.000   560408.864       1   46209     160       0       0       0       8       0       0       0       0     166       0       0       0       0       0       0       0     166       0
  186.000   564726.432       1   46565     160       0       0       0      15       0       0       0       0     168       0       0       0       0       0       0       0     168       0
  187.000   566497.120       1   46711     160       0       0       0      12       0       0       0       0     176       0       0       0       0       0       0       0     176       0
  188.000   571299.808       1   47107     160       0       0       0       8       0       0       0       0     178       0       0       0       0       0       0       0     178       0
  189.000   577945.952       1   47655     160       0       0       0      12       0       0       0       0     174       0       0       0       0       0       0       0     174       0
  190.000   581426.688       1   47942     160       0       0       0       5       0       0       0       0     173       0       0       0       0       0       0       0     173       0
  191.000   584980.192       1   48235     160       0       0       0      14       0       0       0       0     171       0       0       0       0       0       0       0     171       0
  192.000   591711.232       1   48790     160       0       0       0      38       0       0       0       0     176       0       0       0       0       0       0       0     176       0
  193.000   599934.016       1   49468     160       0       0       0      13       0       0       0       0     175       0       0       0       0       0       0       0     175       0
  194.000   601959.392       1   49635     160       0       0       0      12       0       0       0       0     174       0       0       0       0       0       0       0     174       0
  195.000   598393.760       1   49341     160       0       0       0      12       0       0       0       0     174       0       0       0       0       0       0       0     174       0
  196.000   594937.280       1   49056     160       0       0       0      12       0       0       0       0     171       0       0       0       0       0       0       0     171       0
  197.000   593857.888       1   48967     160       0       0       0       4       0       0       0       0     166       0       0       0       0       0       0       0     166       0
  198.000   593287.872       1   48920     160       0       0       0       9       0       0       0       0     161       0       0       0       0       0       0       0     161       0
  199.000   594161.088       1   48992     160       0       0       0      10       0       0       0       0     160       0       0       0       0       0       0       0     160       0
  200.000   596283.488       1   49167     160       0       0       0       8       0       0       0       0     157       0       0       0       0       0       0       0     157       0
  201.000   595689.216       1   49118     160       0       0       0      10       0       0       0       0     156       0       0       0       0       0       0       0     156       0
  202.000   592693.600       1   48871     160       0       0       0      38       0       0       0       0     155       0       0       0       0       0       0       0     155       0
  203.000   581863.296       1   47978     160       0       0       0       5       0       0       0       0     151       0       0       0       0       0       0       0     151       0
  204.000   575629.504       1   47464     160       0       0       0      10       0       0       0       0     152       0       0       0       0       0       0       0     152       0
  205.000   569989.984       1   46999     160       0       0       0       6       0       0       0       0     148       0       0       0       0       0       0       0     148       0
  206.000   570754.048       1   47062     160       0       0       0       7       0       0       0       0     146       0       0       0       0       0       0       0     146       0
  207.000   573058.368       1   47252     160       0       0       0       8       0       0       0       0     142       0       0       0       0       0       0       0     142       0
  208.000   577582.112       1   47625     160       0       0       0       9       0       0       0       0     140       0       0       0       0       0       0       0     140       0
  209.000   581475.200       1   47946     160       0       0       0      13       0       0       0       0     139       0       0       0       0       0       0       0     139       0
  210.000   594100.448       1   48987     160       0       0       0      11       0       0       0       0     138       0       0       0       0       0       0       0     138       0
  211.000   591978.048       1   48812     160       0       0       0      15       0       0       0       0     141       0       0       0       0       0       0       0     141       0
  212.000   598187.584       1   49324     160       0       0       0      37       0       0       0       0     146       0       0       0       0       0       0       0     146       0
  213.000   593215.104       1   48914     160       0       0       0       5       0       0       0       0     146       0       0       0       0       0       0       0     146       0
  214.000   585889.792       1   48310     160       0       0       0       8       0       0       0       0     143       0       0       0       0       0       0       0     143       0
  215.000   583767.392       1   48135     160       0       0       0      13       0       0       0       0     147       0       0       0       0       0       0       0     147       0
  216.000   578079.360       1   47666     160       0       0       0       8       0       0       0       0     146       0       0       0       0       0       0       0     146       0
  217.000   577242.528       1   47597     160       0       0       0       6       0       0       0       0     142       0       0       0       0       0       0       0     142       0
  218.000   574307.552       1   47355     160       0       0       0       9       0       0       0       0     142       0       0       0       0       0       0       0     142       0
  219.000   568631.648       1   46887     160       0       0       0       7       0       0       0       0     141       0       0       0       0       0       0       0     141       0
  220.000   563174.048       1   46437     160       0       0       0       8       0       0       0       0     143       0       0       0       0       0       0       0     143       0
  221.000   558104.544       1   46019     160       0       0       0      14       0       0       0       0     146       0       0       0       0       0       0       0     146       0
  222.000   555982.144       1   45844     160       0       0       0      32       0       0       0       0     151       0       0       0       0       0       0       0     151       0
  223.000   550949.024       1   45429     160       0       0       0      10       0       0       0       0     149       0       0       0       0       0       0       0     149       0
  224.000   547201.472       1   45120     160       0       0       0       8       0       0       0       0     150       0       0       0       0       0       0       0     150       0
  225.000   551579.680       1   45481     160       0       0       0       8       0       0       0       0     147       0       0       0       0       0       0       0     147       0
  226.000   550694.336       1   45408     160       0       0       0       7       0       0       0       0     143       0       0       0       0       0       0       0     143       0
  227.000   549214.720       1   45286     160       0       0       0      12       0       0       0       0     138       0       0       0       0       0       0       0     138       0
  228.000   548317.248       1   45212     160       0       0       0      10       0       0       0       0     140       0       0       0       0       0       0       0     140       0
  229.000   538808.896       1   44428     160       0       0       0       2       0       0       0       0     139       0       0       0       0       0       0       0     139       0
  230.000   534091.104       1   44039     160       0       0       0       9       0       0       0       0     136       0       0       0       0       0       0       0     136       0
  231.000   533460.448       1   43987     160       0       0       0      14       0       0       0       0     137       0       0       0       0       0       0       0     137       0
  232.000   535449.440       1   44151     160       0       0       0      35       0       0       0       0     141       0       0       0       0       0       0       0     141       0
  233.000   524049.120       1   43211     160       0       0       0       7       0       0       0       0     140       0       0       0       0       0       0       0     140       0
  234.000   524303.808       1   43232     160       0       0       0       9       0       0       0       0     142       0       0       0       0       0       0       0     142       0
  235.000   524485.728       1   43247     160       0       0       0      14       0       0       0       0     145       0       0       0       0       0       0       0     145       0
  236.000   527529.856       1   43498     160       0       0       0      14       0       0       0       0     148       0       0       0       0       0       0       0     148       0
  237.000   532878.304       1   43939     160       0       0       0      10       0       0       0       0     149       0       0       0       0       0       0       0     149       0
  238.000   537814.400       1   44346     160       0       0       0       9       0       0       0       0     150       0       0       0       0       0       0       0     150       0
  239.000   544351.392       1   44885     160       0       0       0       8       0       0       0       0     148       0       0       0       0       0       0       0     148       0
  240.000   537050.336       1   44283     160       0       0       0      13       0       0       0       0     148       0       0       0       0       0       0       0     148       0
  241.000   534903.680       1   44106     160       0       0       0      11       0       0       0       0     154       0       0       0       0       0       0       0     154       0
  242.000   535995.200       1   44196     160       0       0       0      34       0       0       0       0     155       0       0       0       0       0       0       0     155       0
  243.000   538299.520       1   44386     160       0       0       0      12       0       0       0       0     155       0       0       0       0       0       0       0     155       0
  244.000   543053.696       1   44778     160       0       0       0       6       0       0       0       0     160       0       0       0       0       0       0       0     160       0
  245.000   537292.896       1   44303     160       0       0       0       8       0       0       0       0     158       0       0       0       0       0       0       0     158       0
  246.000   546461.664       1   45059     160       0       0       0      11       0       0       0       0     159       0       0       0       0       0       0       0     159       0
  247.000   553750.592       1   45660     160       0       0       0      10       0       0       0       0     157       0       0       0       0       0       0       0     157       0
  248.000   557267.712       1   45950     160       0       0       0       6       0       0       0       0     157       0       0       0       0       0       0       0     157       0
  249.000   557898.368       1   46002     160       0       0       0       9       0       0       0       0     155       0       0       0       0       0       0       0     155       0
  250.000   558080.288       1   46017     160       0       0       0      11       0       0       0       0     153       0       0       0       0       0       0       0     153       0
  251.000   560396.736       1   46208     160       0       0       0       9       0       0       0       0     151       0       0       0       0       0       0       0     151       0
  252.000   558007.520       1   46011     160       0       0       0      34       0       0       0       0     146       0       0       0       0       0       0       0     146       0
  253.000   553508.032       1   45640     160       0       0       0      10       0       0       0       0     147       0       0       0       0       0       0       0     147       0
  254.000   551446.272       1   45470     160       0       0       0       4       0       0       0       0     144       0       0       0       0       0       0       0     144       0
  255.000   558056.032       1   46015     160       0       0       0       9       0       0       0       0     143       0       0       0       0       0       0       0     143       0
  256.000   556067.040       1   45851     160       0       0       0       9       0       0       0       0     138       0       0       0       0       0       0       0     138       0
  257.000   556054.912       1   45850     160       0       0       0      12       0       0       0       0     137       0       0       0       0       0       0       0     137       0
  258.000   557910.496       1   46003     160       0       0       0       9       0       0       0       0     137       0       0       0       0       0       0       0     137       0
  259.000   561003.136       1   46258     160       0       0       0       8       0       0       0       0     137       0       0       0       0       0       0       0     137       0
  260.000   562094.656       1   46348     160       0       0       0       7       0       0       0       0     139       0       0       0       0       0       0       0     139       0
  261.000   560627.168       1   46227     160       0       0       0      11       0       0       0       0     137       0       0       0       0       0       0       0     137       0
  262.000   554757.216       1   45743     160       0       0       0      34       0       0       0       0     135       0       0       0       0       0       0       0     135       0
  263.000   547225.728       1   45122     160       0       0       0      13       0       0       0       0     140       0       0       0       0       0       0       0     140       0
  264.000   544545.440       1   44901     160       0       0       0       8       0       0       0       0     141       0       0       0       0       0       0       0     141       0
  265.000   546158.464       1   45034     160       0       0       0      14       0       0       0       0     141       0       0       0       0       0       0       0     141       0
  266.000   554587.424       1   45729     160       0       0       0       9       0       0       0       0     142       0       0       0       0       0       0       0     142       0
  267.000   557789.216       1   45993     160       0       0       0       9       0       0       0       0     144       0       0       0       0       0       0       0     144       0
  268.000   544606.080       1   44906     160       0       0       0       7       0       0       0       0     142       0       0       0       0       0       0       0     142       0
  269.000   537753.760       1   44341     160       0       0       0      10       0       0       0       0     143       0       0       0       0       0       0       0     143       0
  270.000   533957.696       1   44028     160       0       0       0      10       0       0       0       0     146       0       0       0       0       0       0       0     146       0
  271.000   536383.296       1   44228     160       0       0       0       6       0       0       0       0     147       0       0       0       0       0       0       0     147       0
  272.000   533060.224       1   43954     160       0       0       0      32       0       0       0       0     143       0       0       0       0       0       0       0     143       0
  273.000   537486.944       1   44319     160       0       0       0      14       0       0       0       0     145       0       0       0       0       0       0       0     145       0
  274.000   542216.864       1   44709     160       0       0       0       9       0       0       0       0     146       0       0       0       0       0       0       0     146       0
  275.000   539987.072       1   44524     160       0       0       0       8       0       0       0       0     146       0       0       0       0       0       0       0     146       0
