  TimeSec      LoaKbps LoaUsag Packets DlyUsec LoaDrps MetDrps TabDrps FloMods MetMods GroMods  PktsIn PktsOut FloEntr FloUsag MetEntr MetUsag GroEntr GroUsag BufPkts BufUsag  T0Entr  T0Usag
    1.000        0.000       0       0      69       0       0       0      12       0       0       0       0      10       0       0       0       0       0       0       0      10       0
    2.000     1065.504       0      89      78       0       0       0       3       0       0       3       3      13       0       0       0       0       0       0       0      13       0
    3.000     5273.920       0     436      79       0       0       0       1       0       0       1       1      16       0       0       0       0       0       0       0      16       0
    4.000    12138.368       0    1002      95       0       0       0       1       0       0       1       1      17       0       0       0       0       0       0       0      17       0
    5.000    15485.696       0    1278      99       0       0       0       0       0       0       0       0      17       0       0       0       0       0       0       0      17       0
    6.000    16904.672       0    1395      99       0       0       0       1       0       0       1       1      18       0       0       0       0       0       0       0      18       0
    7.000    17887.040       0    1476      99       0       0       0       0       0       0       0       0      18       0       0       0       0       0       0       0      18       0
    8.000    19973.056       0    1648      99       0       0       0       0       0       0       0       0      18       0       0       0       0       0       0       0      18       0
    9.000    24642.336       0    2033     100       0       0       0       1       0       0       1       1      19       0       0       0       0       0       0       0      19       0
   10.000    25236.608       0    2082     100       0       0       0       0       0       0       0       0      19       0       0       0       0       0       0       0      19       0
   11.000    26024.928       0    2147     100       0       0       0       2       0       0       2       2      20       0       0       0       0       0       0       0      20       0
   12.000    26449.408       0    2182     100       0       0       0       0       0       0       0       0      21       0       0       0       0       0       0       0      21       0
   13.000    26667.712       0    2200     100       0       0       0       2       0       0       2       2      22       0       0       0       0       0       0       0      22       0
   14.000    30451.648       0    2512     100       0       0       0       0       0       0       0       0      23       0       0       0       0       0       0       0      23       0
   15.000    30439.520       0    2511     100       0       0       0       0       0       0       0       0      23       0       0       0       0       0       0       0      23       0
   16.000    31252.096       0    2578     100       0       0       0       2       0       0       2       2      24       0       0       0       0       0       0       0      24       0
   17.000    34939.008       0    2882     100       0       0       0       1       0       0       1       1      25       0       0       0       0       0       0       0      25       0
   18.000    38225.696       0    3153     100       0       0       0       2       0       0       2       2      27       0       0       0       0       0       0       0      27       0
   19.000    41633.664       0    3434     100       0       0       0       0       0       0       0       0      28       0       0       0       0       0       0       0      28       0
   20.000    45235.680       0    3731     100       0       0       0       3       0       0       3       3      29       0       0       0       0       0       0       0      29       0
   21.000    51129.888       0    4217     109       0       0       0       3       0       0       3       3      32       0       0       0       0       0       0       0      32       0
   22.000    55301.920       0    4561     118       0       0       0       3       0       0       3       3      35       0       0       0       0       0       0       0      35       0
   23.000    60116.736       0    4958     119       0       0       0       1       0       0       1       1      38       0       0       0       0       0       0       0      38       0
   24.000    63427.680       0    5231     119       0       0       0       2       0       0       2       2      40       0       0       0       0       0       0       0      40       0
   25.000    64434.304       0    5314     119       0       0       0       0       0       0       0       0      40       0       0       0       0       0       0       0      40       0
   26.000    64579.840       0    5326     120       0       0       0       0       0       0       0       0      40       0       0       0       0       0       0       0      40       0
   27.000    65016.448       0    5362     120       0       0       0       0       0       0       0       0      40       0       0       0       0       0       0       0      40       0
   28.000    67114.592       0    5535     120       0       0       0       0       0       0       0       0      40       0       0       0       0       0       0       0      40       0
   29.000    74112.448       0    6112     120       0       0       0       2       0       0       2       2      41       0       0       0       0       0       0       0      41       0
   30.000    76162.080       0    6281     120       0       0       0       1       0       0       1       1      43       0       0       0       0       0       0       0      43       0
   31.000    77059.552       0    6355     120       0       0       0       1       0       0       1       1      44       0       0       0       0       0       0       0      44       0
   32.000    79509.408       0    6557     120       0       0       0       1       0       0       1       1      45       0       0       0       0       0       0       0      45       0
   33.000    79739.840       0    6576     120       0       0       0       0       0       0       0       0      45       0       0       0       0       0       0       0      45       0
   34.000    79497.280       0    6556     120       0       0       0       2       0       0       2       2      46       0       0       0       0       0       0       0      46       0
   35.000    83839.104       0    6914     120       0       0       0       0       0       0       0       0      47       0       0       0       0       0       0       0      47       0
   36.000    86907.488       0    7167     120       0       0       0       1       0       0       1       1      48       0       0       0       0       0       0       0      48       0
   37.000    86531.520       0    7136     120       0       0       0       1       0       0       1       1      49       0       0       0       0       0       0       0      49       0
   38.000    89042.016       0    7343     120       0       0       0       0       0       0       0       0      49       0       0       0       0       0       0       0      49       0
   39.000    93492.992       0    7710     120       0       0       0       0       0       0       0       0      49       0       0       0       0       0       0       0      49       0
   40.000    94499.616       0    7793     120       0       0       0       1       0       0       1       1      50       0       0       0       0       0       0       0      50       0
   41.000    95894.336       0    7908     120       0       0       0       1       0       0       1       1      50       0       0       0       0       0       0       0      50       0
   42.000    94584.512       0    7800     120       0       0       0       2       0       0       2       2      52       0       0       0       0       0       0       0      52       0
   43.000    94936.224       0    7829     120       0       0       0       2       0       0       2       2      53       0       0       0       0       0       0       0      53       0
   44.000    95154.528       0    7847     120       0       0       0       1       0       0       1       1      54       0       0       0       0       0       0       0      54       0
   45.000    95542.624       0    7879     120       0       0       0       1       0       0       1       1      56       0       0       0       0       0       0       0      56       0
   46.000    97689.280       0    8056     120       0       0       0       2       0       0       2       2      57       0       0       0       0       0       0       0      57       0
   47.000    95627.520       0    7886     120       0       0       0       1       0       0       1       1      59       0       0       0       0       0       0       0      59       0
   48.000    97010.112       0    8000     120       0       0       0       0       0       0       0       0      59       0       0       0       0       0       0       0      59       0
   49.000    98319.936       0    8108     120       0       0       0       2       0       0       2       2      59       0       0       0       0       0       0       0      59       0
   50.000   100648.512       0    8300     120       0       0       0       1       0       0       1       1      60       0       0       0       0       0       0       0      60       0
   51.000   101339.808       0    8357     120       0       0       0       3       0       0       3       3      61       0       0       0       0       0       0       0      61       0
   52.000   103195.392       0    8510     120       0       0       0       0       0       0       0       0      62       0       0       0       0       0       0       0      62       0
   53.000   106858.048       0    8812     120       0       0       0       2       0       0       2       2      63       0       0       0       0       0       0       0      63       0
   54.000   108058.720       0    8911     124       0       0       0       1       0       0       1       1      64       0       0       0       0       0       0       0      64       0
   55.000   107488.704       0    8864     138       0       0       0       2       0       0       2       2      66       0       0       0       0       0       0       0      66       0
   56.000   110387.296       0    9103     139       0       0       0       0       0       0       0       0      67       0       0       0       0       0       0       0      67       0
   57.000   111636.480       0    9206     139       0       0       0       1       0       0       1       1      68       0       0       0       0       0       0       0      68       0
   58.000   111915.424       0    9229     139       0       0       0       0       0       0       0       0      68       0       0       0       0       0       0       0      68       0
   59.000   109768.768       0    9052     140       0       0       0       1       0       0       1       1      68       0       0       0       0       0       0       0      68       0
   60.000   113637.600       0    9371     140       0       0       0       0       0       0       0       0      68       0       0       0       0       0       0       0      68       0
   61.000   113528.448       0    9362     140       0       0       0       0       0       0       0       0      68       0       0       0       0       0       0       0      68       0
   62.000   113564.832       0    9365     140       0       0       0       1       0       0       1       1      68       0       0       0       0       0       0       0      68       0
   63.000   116269.376       0    9588     140       0       0       0       0       0       0       0       0      68       0       0       0       0       0       0       0      68       0
   64.000   118391.776       0    9763     140       0       0       0       2       0       0       2       2      70       0       0       0       0       0       0       0      70       0
   65.000   118027.936       0    9733     140       0       0       0       2       0       0       2       2      70       0       0       0       0       0       0       0      70       0
   66.000   120732.480       0    9956     140       0       0       0       0       0       0       0       0      72       0       0       0       0       0       0       0      72       0
   67.000   122066.560       0   10066     140       0       0       0       1       0       0       1       1      73       0       0       0       0       0       0       0      73       0
   68.000   121217.600       0    9996     140       0       0       0       1       0       0       1       1      73       0       0       0       0       0       0       0      73       0
   69.000   118476.672       0    9770     140       0       0       0       1       0       0       1       1      74       0       0       0       0       0       0       0      74       0
   70.000   116111.712       0    9575     140       0       0       0       0       0       0       0       0      73       0       0       0       0       0       0       0      73       0
   71.000   114207.616       0    9418     140       0       0       0       1       0       0       1       1      73       0       0       0       0       0       0       0      73       0
   72.000   115772.128       0    9547     140       0       0       0       5       0       0       5       5      77       0       0       0       0       0       0       0      77       0
   73.000   115493.184       0    9524     140       0       0       0       0       0       0       0       0      77       0       0       0       0       0       0       0      77       0
   74.000   114401.664       0    9434     140       0       0       0       0       0       0       0       0      76       0       0       0       0       0       0       0      76       0
   75.000   114474.432       0    9440     140       0       0       0       1       0       0       1       1      76       0       0       0       0       0       0       0      76       0
   76.000   116196.608       0    9582     140       0       0       0       2       0       0       2       2      77       0       0       0       0       0       0       0      77       0
   77.000   117567.072       0    9695     140       0       0       0       0       0       0       0       0      78       0       0       0       0       0       0       0      78       0
   78.000   117688.352       0    9705     140       0       0       0       0       0       0       0       0      78       0       0       0       0       0       0       0      78       0
   79.000   115638.720       0    9536     140       0       0       0       1       0       0       1       1      79       0       0       0       0       0       0       0      79       0
   80.000   120065.440       0    9901     140       0       0       0       2       0       0       2       2      79       0       0       0       0       0       0       0      79       0
   81.000   120950.784       0    9974     140       0       0       0       0       0       0       0       0      79       0       0       0       0       0       0       0      79       0
   82.000   120283.744       0    9919     140       0       0       0       0       0       0       0       0      79       0       0       0       0       0       0       0      79       0
   83.000   118513.056       0    9773     140       0       0       0       1       0       0       1       1      79       0       0       0       0       0       0       0      79       0
   84.000   123412.768       0   10177     140       0       0       0       2       0       0       2       2      80       0       0       0       0       0       0       0      80       0
   85.000   123606.816       0   10193     140       0       0       0       0       0       0       0       0      78       0       0       0       0       0       0       0      78       0
   86.000   117057.696       0    9653     140       0       0       0       2       0       0       2       2      78       0       0       0       0       0       0       0      78       0
   87.000   117518.560       0    9691     140       0       0       0       0       0       0       0       0      77       0       0       0       0       0       0       0      77       0
   88.000   121375.264       0   10009     140       0       0       0       3       0       0       3       3      76       0       0       0       0       0       0       0      76       0
   89.000   123655.328       0   10197     140       0       0       0       0       0       0       0       0      77       0       0       0       0       0       0       0      77       0
   90.000   124734.720       0   10286     140       0       0       0       1       0       0       1       1      77       0       0       0       0       0       0       0      77       0
   91.000   123655.328       0   10197     140       0       0       0       0       0       0       0       0      78       0       0       0       0       0       0       0      78       0
   92.000   122721.472       0   10120     140       0       0       0       1       0       0       1       1      78       0       0       0       0       0       0       0      78       0
   93.000   122806.368       0   10127     140       0       0       0       0       0       0       0       0      77       0       0       0       0       0       0       0      77       0
   94.000   125644.320       0   10361     140       0       0       0       1       0       0       1       1      78       0       0       0       0       0       0       0      78       0
   95.000   127985.024       0   10554     140       0       0       0       0       0       0       0       0      78       0       0       0       0       0       0       0      78       0
   96.000   128979.520       0   10636     140       0       0       0       2       0       0       2       2      78       0       0       0       0       0       0       0      78       0
   97.000   129270.592       0   10660     140       0       0       0       0       0       0       0       0      79       0       0       0       0       0       0       0      79       0
   98.000   127172.448       0   10487     140       0       0       0       2       0       0       2       2      79       0       0       0       0       0       0       0      79       0
   99.000   132557.280       0   10931     140       0       0       0       0       0       0       0       0      79       0       0       0       0       0       0       0      79       0
  100.000   132678.560       0   10941     140       0       0       0       0       0       0       0       0      79       0       0       0       0       0       0       0      79       0
  101.000   132193.440       0   10901     140       0       0       0       2       0       0       2       2      77       0       0       0       0       0       0       0      77       0
  102.000   134400.736       0   11083     140       0       0       0       1       0       0       1       1      79       0       0       0       0       0       0       0      79       0
  103.000   132896.864       0   10959     140       0       0       0       0       0       0       0       0      79       0       0       0       0       0       0       0      79       0
  104.000   131417.248       0   10837     140       0       0       0       1       0       0       1       1      79       0       0       0       0       0       0       0      79       0
  105.000   131174.688       0   10817     140       0       0       0       2       0       0       2       2      80       0       0       0       0       0       0       0      80       0
  106.000   130228.704       0   10739     140       0       0       0       0       0       0       0       0      79       0       0       0       0       0       0       0      79       0
  107.000   126966.272       0   10470     140       0       0       0       0       0       0       0       0      77       0       0       0       0       0       0       0      77       0
  108.000   126808.608       0   10457     140       0       0       0       1       0       0       1       1      77       0       0       0       0       0       0       0      77       0
  109.000   129306.976       0   10663     140       0       0       0       2       0       0       2       2      77       0       0       0       0       0       0       0      77       0
  110.000   128021.408       0   10557     140       0       0       0       0       0       0       0       0      77       0       0       0       0       0       0       0      77       0
  111.000   129367.616       0   10668     140       0       0       0       1       0       0       1       1      76       0       0       0       0       0       0       0      76       0
  112.000   132496.640       0   10926     140       0       0       0       2       0       0       2       2      78       0       0       0       0       0       0       0      78       0
  113.000   136486.752       0   11255     140       0       0       0       2       0       0       2       2      80       0       0       0       0       0       0       0      80       0
  114.000   144551.872       0   11920     140       0       0       0       2       0       0       2       2      81       0       0       0       0       0       0       0      81       0
  115.000   140707.296       0   11603     140       0       0       0       2       0       0       2       2      82       0       0       0       0       0       0       0      82       0
  116.000   138730.432       0   11440     140       0       0       0       0       0       0       0       0      80       0       0       0       0       0       0       0      80       0
  117.000   141434.976       0   11663     140       0       0       0       0       0       0       0       0      79       0       0       0       0       0       0       0      79       0
  118.000   140282.816       0   11568     140       0       0       0       0       0       0       0       0      79       0       0       0       0       0       0       0      79       0
  119.000   140586.016       0   11593     140       0       0       0       1       0       0       1       1      78       0       0       0       0       0       0       0      78       0
  120.000   141859.456       0   11698     140       0       0       0       0       0       0       0       0      78       0       0       0       0       0       0       0      78       0
  121.000   142114.144       0   11719     140       0       0       0       1       0       0       1       1      77       0       0       0       0       0       0       0      77       0
  122.000   141713.920       0   11686     140       0       0       0       1       0       0       1       1      76       0       0       0       0       0       0       0      76       0
  123.000   141119.648       0   11637     140       0       0       0       0       0       0       0       0      76       0       0       0       0       0       0       0      76       0
  124.000   136850.592       0   11285     140       0       0       0       0       0       0       0       0      75       0       0       0       0       0       0       0      75       0
  125.000   134267.328       0   11072     140       0       0       0       1       0       0       1       1      76       0       0       0       0       0       0       0      76       0
  126.000   138208.928       0   11397     140       0       0       0       4       0       0       4       4      77       0       0       0       0       0       0       0      77       0
  127.000   142368.832       0   11740     140       0       0       0       2       0       0       2       2      78       0       0       0       0       0       0       0      78       0
  128.000   142575.008       0   11757     140       0       0       0       1       0       0       1       1      79       0       0       0       0       0       0       0      79       0
  129.000   145182.528       0   11972     140       0       0       0       1       0       0       1       1      80       0       0       0       0       0       0       0      80       0
  130.000   147535.360       0   12166     140       0       0       0       1       0       0       1       1      80       0       0       0       0       0       0       0      80       0
  131.000   148068.992       0   12210     140       0       0       0       0       0       0       0       0      80       0       0       0       0       0       0       0      80       0
  132.000   148202.400       0   12221     140       0       0       0       1       0       0       1       1      79       0       0       0       0       0       0       0      79       0
  133.000   147244.288       0   12142     140       0       0       0       2       0       0       2       2      79       0       0       0       0       0       0       0      79       0
  134.000   144721.664       0   11934     140       0       0       0       1       0       0       1       1      81       0       0       0       0       0       0       0      81       0
  135.000   147984.096       0   12203     140       0       0       0       0       0       0       0       0      80       0       0       0       0       0       0       0      80       0
  136.000   147632.384       0   12174     140       0       0       0       1       0       0       1       1      80       0       0       0       0       0       0       0      80       0
  137.000   148299.424       0   12229     140       0       0       0       3       0       0       3       3      82       0       0       0       0       0       0       0      82       0
  138.000   148238.784       0   12224     140       0       0       0       3       0       0       3       3      85       0       0       0       0       0       0       0      85       0
  139.000   149791.168       0   12352     140       0       0       0       2       0       0       2       2      86       0       0       0       0       0       0       0      86       0
  140.000   155867.296       0   12853     140       0       0       0       2       0       0       2       2      85       0       0       0       0       0       0       0      85       0
  141.000   161712.992       0   13335     140       0       0       0       0       0       0       0       0      86       0       0       0       0       0       0       0      86       0
  142.000   162173.856       0   13373     140       0       0       0       0       0       0       0       0      86       0       0       0       0       0       0       0      86       0
  143.000   160548.704       0   13239     140       0       0       0       1       0       0       1       1      86       0       0       0       0       0       0       0      86       0
  144.000   158317.152       0   13055     140       0       0       0       2       0       0       2       2      86       0       0       0       0       0       0       0      86       0
  145.000   160645.728       0   13247     140       0       0       0       0       0       0       0       0      85       0       0       0       0       0       0       0      85       0
  146.000   160500.192       0   13235     140       0       0       0       0       0       0       0       0      84       0       0       0       0       0       0       0      84       0
  147.000   157237.760       0   12966     140       0       0       0       0       0       0       0       0      84       0       0       0       0       0       0       0      84       0
  148.000   153829.792       0   12685     140       0       0       0       4       0       0       4       4      85       0       0       0       0       0       0       0      85       0
  149.000   160718.496       0   13253     140       0       0       0       1       0       0       1       1      86       0       0       0       0       0       0       0      86       0
  150.000   155006.208       0   12782     140       0       0       0       1       0       0       1       1      86       0       0       0       0       0       0       0      86       0
  151.000   152483.584       0   12574     140       0       0       0       0       0       0       0       0      84       0       0       0       0       0       0       0      84       0
  152.000   151392.064       0   12484     140       0       0       0       0       0       0       0       0      84       0       0       0       0       0       0       0      84       0
  153.000   149718.400       0   12346     140       0       0       0       1       0       0       1       1      83       0       0       0       0       0       0       0      83       0
  154.000   143423.968       0   11827     140       0       0       0       0       0       0       0       0      82       0       0       0       0       0       0       0      82       0
  155.000   141883.712       0   11700     140       0       0       0       1       0       0       1       1      80       0       0       0       0       0       0       0      80       0
  156.000   134267.328       0   11072     140       0       0       0       1       0       0       1       1      81       0       0       0       0       0       0       0      81       0
  157.000   132690.688       0   10942     140       0       0       0       1       0       0       1       1      81       0       0       0       0       0       0       0      81       0
  158.000   133854.976       0   11038     140       0       0       0       1       0       0       1       1      81       0       0       0       0       0       0       0      81       0
  159.000   134146.048       0   11062     140       0       0       0       0       0       0       0       0      80       0       0       0       0       0       0       0      80       0
  160.000   133018.144       0   10969     140       0       0       0       0       0       0       0       0      79       0       0       0       0       0       0       0      79       0
  161.000   130713.824       0   10779     140       0       0       0       1       0       0       1       1      79       0       0       0       0       0       0       0      79       0
  162.000   127220.960       0   10491     140       0       0       0       1       0       0       1       1      79       0       0       0       0       0       0       0      79       0
  163.000   120768.864       0    9959     140       0       0       0       3       0       0       3       3      78       0       0       0       0       0       0       0      78       0
  164.000   120950.784       0    9974     140       0       0       0       3       0       0       3       3      78       0       0       0       0       0       0       0      78       0
  165.000   127257.344       0   10494     140       0       0       0       2       0       0       2       2      77       0       0       0       0       0       0       0      77       0
  166.000   133163.680       0   10981     140       0       0       0       1       0       0       1       1      77       0       0       0       0       0       0       0      77       0
  167.000   135346.720       0   11161     140       0       0       0       0       0       0       0       0      78       0       0       0       0       0       0       0      78       0
  168.000   134546.272       0   11095     140       0       0       0       1       0       0       1       1      77       0       0       0       0       0       0       0      77       0
  169.000   136135.040       0   11226     140       0       0       0       1       0       0       1       1      76       0       0       0       0       0       0       0      76       0
  170.000   136741.440       0   11276     140       0       0       0       1       0       0       1       1      75       0       0       0       0       0       0       0      75       0
  171.000   135468.000       0   11171     140       0       0       0       1       0       0       1       1      75       0       0       0       0       0       0       0      75       0
  172.000   135831.840       0   11201     140       0       0       0       0       0       0       0       0      74       0       0       0       0       0       0       0      74       0
  173.000   136717.184       0   11274     140       0       0       0       2       0       0       2       2      75       0       0       0       0       0       0       0      75       0
  174.000   137456.992       0   11335     140       0       0       0       1       0       0       1       1      75       0       0       0       0       0       0       0      75       0
  175.000   138160.416       0   11393     140       0       0       0       1       0       0       1       1      75       0       0       0       0       0       0       0      75       0
  176.000   138427.232       0   11415     140       0       0       0       0       0       0       0       0      74       0       0       0       0       0       0       0      74       0
  177.000   136984.000       0   11296     140       0       0       0       2       0       0       2       2      74       0       0       0       0       0       0       0      74       0
  178.000   138063.392       0   11385     140       0       0       0       1       0       0       1       1      74       0       0       0       0       0       0       0      74       0
  179.000   139870.464       0   11534     140       0       0       0       1       0       0       1       1      75       0       0       0       0       0       0       0      75       0
  180.000   138621.280       0   11431     140       0       0       0       0       0       0       0       0      75       0       0       0       0       0       0       0      75       0
  181.000   134546.272       0   11095     140       0       0       0       1       0       0       1       1      74       0       0       0       0       0       0       0      74       0
  182.000   129828.480       0   10706     140       0       0       0       1       0       0       1       1      72       0       0       0       0       0       0       0      72       0
  183.000   129682.944       0   10694     140       0       0       0       2       0       0       2       2      74       0       0       0       0       0       0       0      74       0
  184.000   131089.792       0   10810     140       0       0       0       3       0       0       3       3      75       0       0       0       0       0       0       0      75       0
  185.000   134327.968       0   11077     140       0       0       0       0       0       0       0       0      77       0       0       0       0       0       0       0      77       0
  186.000   134800.960       0   11116     140       0       0       0       2       0       0       2       2      77       0       0       0       0       0       0       0      77       0
  187.000   133576.032       0   11015     140       0       0       0       1       0       0       1       1      78       0       0       0       0       0       0       0      78       0
  188.000   127208.832       0   10490     140       0       0       0       0       0       0       0       0      79       0       0       0       0       0       0       0      79       0
  189.000   129428.256       0   10673     140       0       0       0       0       0       0       0       0      79       0       0       0       0       0       0       0      79       0
  190.000   131356.608       0   10832     140       0       0       0       3       0       0       3       3      80       0       0       0       0       0       0       0      80       0
  191.000   142186.912       0   11725     140       0       0       0       0       0       0       0       0      80       0       0       0       0       0       0       0      80       0
  192.000   141968.608       0   11707     140       0       0       0       0       0       0       0       0      78       0       0       0       0       0       0       0      78       0
  193.000   140343.456       0   11573     140       0       0       0       1       0       0       1       1      77       0       0       0       0       0       0       0      77       0
  194.000   141228.800       0   11646     140       0       0       0       2       0       0       2       2      77       0       0       0       0       0       0       0      77       0
  195.000   139846.208       0   11532     140       0       0       0       1       0       0       1       1      77       0       0       0       0       0       0       0      77       0
  196.000   139288.320       0   11486     140       0       0       0       3       0       0       3       3      78       0       0       0       0       0       0       0      78       0
  197.000   140416.224       0   11579     140       0       0       0       1       0       0       1       1      80       0       0       0       0       0       0       0      80       0
  198.000   141798.816       0   11693     140       0       0       0       0       0       0       0       0      80       0       0       0       0       0       0       0      80       0
  199.000   142999.488       0   11792     140       0       0       0       0       0       0       0       0      78       0       0       0       0       0       0       0      78       0
  200.000   135831.840       0   11201     140       0       0       0       1       0       0       1       1      78       0       0       0       0       0       0       0      78       0
  201.000   136292.704       0   11239     140       0       0       0       1       0       0       1       1      78       0       0       0       0       0       0       0      78       0
  202.000   137153.792       0   11310     140       0       0       0       2       0       0       2       2      77       0       0       0       0       0       0       0      77       0
  203.000   137566.144       0   11344     140       0       0       0       2       0       0       2       2      79       0       0       0       0       0       0       0      79       0
  204.000   133964.128       0   11047     140       0       0       0       0       0       0       0       0      80       0       0       0       0       0       0       0      80       0
  205.000   134800.960       0   11116     140       0       0       0       0       0       0       0       0      80       0       0       0       0       0       0       0      80       0
  206.000   135116.288       0   11142     140       0       0       0       1       0       0       1       1      80       0       0       0       0       0       0       0      80       0
  207.000   133745.824       0   11029     140       0       0       0       0       0       0       0       0      79       0       0       0       0       0       0       0      79       0
  208.000   131308.096       0   10828     140       0       0       0       3       0       0       3       3      78       0       0       0       0       0       0       0      78       0
  209.000   129792.096       0   10703     140       0       0       0       0       0       0       0       0      78       0       0       0       0       0       0       0      78       0
  210.000   125996.032       0   10390     140       0       0       0       0       0       0       0       0      77       0       0       0       0       0       0       0      77       0
  211.000   124977.280       0   10306     140       0       0       0       2       0       0       2       2      77       0       0       0       0       0       0       0      77       0
  212.000   125777.728       0   10372     140       0       0       0       2       0       0       2       2      77       0       0       0       0       0       0       0      77       0
  213.000   124067.680       0   10231     140       0       0       0       1       0       0       1       1      79       0       0       0       0       0       0       0      79       0
  214.000   123242.976       0   10163     140       0       0       0       0       0       0       0       0      78       0       0       0       0       0       0       0      78       0
  215.000   124395.136       0   10258     140       0       0       0       0       0       0       0       0      77       0       0       0       0       0       0       0      77       0
  216.000   128179.072       0   10570     140       0       0       0       2       0       0       2       2      74       0       0       0       0       0       0       0      74       0
  217.000   132484.512       0   10925     140       0       0       0       0       0       0       0       0      74       0       0       0       0       0       0       0      74       0
  218.000   131514.272       0   10845     140       0       0       0       2       0       0       2       2      74       0       0       0       0       0       0       0      74       0
  219.000   130483.392       0   10760     140       0       0       0       3       0       0       3       3      76       0       0       0       0       0       0       0      76       0
  220.000   129585.920       0   10686     140       0       0       0       1       0       0       1       1      77       0       0       0       0       0       0       0      77       0
  221.000   127039.040       0   10476     140       0       0       0       1       0       0       1       1      77       0       0       0       0       0       0       0      77       0
  222.000   134012.640       0   11051     140       0       0       0       2       0       0       2       2      79       0       0       0       0       0       0       0      79       0
  223.000   134352.224       0   11079     140       0       0       0       1       0       0       1       1      78       0       0       0       0       0       0       0      78       0
  224.000   144309.312       0   11900     140       0       0       0       4       0       0       4       4      80       0       0       0       0       0       0       0      80       0
  225.000   149621.376       0   12338     140       0       0       0       0       0       0       0       0      80       0       0       0       0       0       0       0      80       0
  226.000   150652.256       0   12423     140       0       0       0       1       0       0       1       1      81       0       0       0       0       0       0       0      81       0
  227.000   149839.680       0   12356     140       0       0       0       0       0       0       0       0      81       0       0       0       0       0       0       0      81       0
  228.000   148857.312       0   12275     140       0       0       0       2       0       0       2       2      81       0       0       0       0       0       0       0      81       0
  229.000   147753.664       0   12184     140       0       0       0       1       0       0       1       1      81       0       0       0       0       0       0       0      81       0
  230.000   147741.536       0   12183     140       0       0       0       0       0       0       0       0      82       0       0       0       0       0       0       0      82       0
  231.000   148469.216       0   12243     140       0       0       0       0       0       0       0       0      81       0       0       0       0       0       0       0      81       0
  232.000   148978.592       0   12285     140       0       0       0       3       0       0       3       3      83       0       0       0       0       0       0       0      83       0
  233.000   152119.744       0   12544     140       0       0       0       1       0       0       1       1      84       0       0       0       0       0       0       0      84       0
  234.000   152119.744       0   12544     140       0       0       0       0       0       0       0       0      83       0       0       0       0       0       0       0      83       0
  235.000   153951.072       0   12695     140       0       0       0       1       0       0       1       1      82       0       0       0       0       0       0       0      82       0
  236.000   148202.400       0   12221     140       0       0       0       0       0       0       0       0      81       0       0       0       0       0       0       0      81       0
  237.000   139652.160       0   11516     140       0       0       0       3       0       0       3       3      81       0       0       0       0       0       0       0      81       0
  238.000   145425.088       0   11992     140       0       0       0       1       0       0       1       1      84       0       0       0       0       0       0       0      84       0
  239.000   143314.816       0   11818     140       0       0       0       0       0       0       0       0      84       0       0       0       0       0       0       0      84       0
  240.000   139858.336       0   11533     140       0       0       0       1       0       0       1       1      85       0       0       0       0       0       0       0      85       0
  241.000   139906.848       0   11537     140       0       0       0       1       0       0       1       1      84       0       0       0       0       0       0       0      84       0
  242.000   138233.184       0   11399     140       0       0       0       1       0       0       1       1      84       0       0       0       0       0       0       0      84       0
  243.000   137384.224       0   11329     140       0       0       0       0       0       0       0       0      83       0       0       0       0       0       0       0      83       0
  244.000   137529.760       0   11341     140       0       0       0       1       0       0       1       1      82       0       0       0       0       0       0       0      82       0
  245.000   138160.416       0   11393     140       0       0       0       0       0       0       0       0      81       0       0       0       0       0       0       0      81       0
  246.000   139918.976       0   11538     140       0       0       0       1       0       0       1       1      79       0       0       0       0       0       0       0      79       0
  247.000   140404.096       0   11578     140       0       0       0       1       0       0       1       1      78       0       0       0       0       0       0       0      78       0
  248.000   139567.264       0   11509     140       0       0       0       2       0       0       2       2      78       0       0       0       0       0       0       0      78       0
  249.000   142186.912       0   11725     140       0       0       0       0       0       0       0       0      79       0       0       0       0       0       0       0      79       0
  250.000   142138.400       0   11721     140       0       0       0       2       0       0       2       2      80       0       0       0       0       0       0       0      80       0
  251.000   142296.064       0   11734     140       0       0       0       2       0       0       2       2      81       0       0       0       0       0       0       0      81       0
  252.000   143715.040       0   11851     140       0       0       0       1       0       0       1       1      82       0       0       0       0       0       0       0      82       0
  253.000   145910.208       0   12032     140       0       0       0       0       0       0       0       0      81       0       0       0       0       0       0       0      81       0
  254.000   144976.352       0   11955     140       0       0       0       1       0       0       1       1      82       0       0       0       0       0       0       0      82       0
  255.000   143035.872       0   11795     140       0       0       0       1       0       0       1       1      81       0       0       0       0       0       0       0      81       0
  256.000   140622.400       0   11596     140       0       0       0       0       0       0       0       0      81       0       0       0       0       0       0       0      81       0
  257.000   137275.072       0   11320     140       0       0       0       1       0       0       1       1      80       0       0       0       0       0       0       0      80       0
  258.000   138560.640       0   11426     140       0       0       0       1       0       0       1       1      81       0       0       0       0       0       0       0      81       0
  259.000   138281.696       0   11403     140       0       0       0       1       0       0       1       1      81       0       0       0       0       0       0       0      81       0
  260.000   135565.024       0   11179     140       0       0       0       0       0       0       0       0      80       0       0       0       0       0       0       0      80       0
  261.000   127172.448       0   10487     140       0       0       0       2       0       0       2       2      81       0       0       0       0       0       0       0      81       0
  262.000   129003.776       0   10638     140       0       0       0       1       0       0       1       1      83       0       0       0       0       0       0       0      83       0
  263.000   127669.696       0   10528     140       0       0       0       1       0       0       1       1      82       0       0       0       0       0       0       0      82       0
  264.000   127014.784       0   10474     140       0       0       0       0       0       0       0       0      82       0       0       0       0       0       0       0      82       0
  265.000   127342.240       0   10501     140       0       0       0       1       0       0       1       1      81       0       0       0       0       0       0       0      81       0
  266.000   124261.728       0   10247     140       0       0       0       0       0       0       0       0      79       0       0       0       0       0       0       0      79       0
  267.000   125001.536       0   10308     140       0       0       0       0       0       0       0       0      79       0       0       0       0       0       0       0      79       0
  268.000   125717.088       0   10367     140       0       0       0       1       0       0       1       1      79       0       0       0       0       0       0       0      79       0
  269.000   128324.608       0   10582     140       0       0       0       0       0       0       0       0      79       0       0       0       0       0       0       0      79       0
  270.000   129767.840       0   10701     140       0       0       0       2       0       0       2       2      79       0       0       0       0       0       0       0      79       0
  271.000   131004.896       0   10803     140       0       0       0       1       0       0       1       1      79       0       0       0       0       0       0       0      79       0
  272.000   129840.608       0   10707     140       0       0       0       1       0       0       1       1      80       0       0       0       0       0       0       0      80       0
  273.000   129440.384       0   10674     140       0       0       0       1       0       0       1       1      81       0       0       0       0       0       0       0      81       0
  274.000   128445.888       0   10592     140       0       0       0       0       0       0       0       0      81       0       0       0       0       0       0       0      81       0
  275.000   127271.232       0   10494     140       0       0       0       0       0       0       0       0      79       0       0       0       0       0       0       0      79       0
