  TimeSec      LoaKbps LoaUsag Packets DlyUsec LoaDrps MetDrps TabDrps FloMods MetMods GroMods  PktsIn PktsOut FloEntr FloUsag MetEntr MetUsag GroEntr GroUsag BufPkts BufUsag  T0Entr  T0Usag
    1.000        0.000       0       0      34       0       0       0       3       0       2       0       0       3       2       0       0       2       0       0       0       3       2
    2.000       17.312       0       2      39       0       0       0       0       0       0       0       0       3       2       0       0       2       0       0       0       3       2
    3.000       17.312       0       2      39       0       0       0       0       0       0       0       0       3       2       0       0       2       0       0       0       3       2
    4.000       17.312       0       2      39       0       0       0       0       0       0       0       0       3       2       0       0       2       0       0       0       3       2
    5.000       17.312       0       2      39       0       0       0       0       0       0       0       0       3       2       0       0       2       0       0       0       3       2
    6.000       17.312       0       2      40       0       0       0       0       0       0       0       0       3       2       0       0       2       0       0       0       3       2
    7.000       17.312       0       2      40       0       0       0       0       0       0       0       0       3       2       0       0       2       0       0       0       3       2
    8.000       17.312       0       2      40       0       0       0       0       0       0       0       0       3       2       0       0       2       0       0       0       3       2
    9.000       17.312       0       2      40       0       0       0       0       0       0       0       0       3       2       0       0       2       0       0       0       3       2
   10.000       17.312       0       2      40       0       0       0       0       0       0       0       0       3       2       0       0       2       0       0       0       3       2
   11.000       17.312       0       2      87       0       0       0      31       0       0       0       0      21      11       0       0       2       0       0       0      21      11
   12.000    18815.712       2    1552     116       0       0       0       0       0       0       0       0      33      17       0       0       2       0       0       0      33      17
   13.000    37601.984       4    3101     119       0       0       0       0       0       0       0       0      34      17       0       0       2       0       0       0      34      17
   14.000    37589.856       4    3100     119       0       0       0       0       0       0       0       0      34      17       0       0       2       0       0       0      34      17
   15.000    37626.240       4    3103     119       0       0       0       0       0       0       0       0      34      17       0       0       2       0       0       0      34      17
   16.000    37601.984       4    3101     120       0       0       0       0       0       0       0       0      34      17       0       0       2       0       0       0      34      17
   17.000    37589.856       4    3100     120       0       0       0       0       0       0       0       0      34      17       0       0       2       0       0       0      34      17
   18.000    37577.728       4    3099     120       0       0       0       0       0       0       0       0      34      17       0       0       2       0       0       0      34      17
   19.000    37541.344       4    3096     120       0       0       0       0       0       0       0       0      34      17       0       0       2       0       0       0      34      17
   20.000    37335.168       4    3079     120       0       0       0       0       0       0       0       0      34      17       0       0       2       0       0       0      34      17
   21.000    37359.424       4    3081     131       0       0       0      36       0       0       0       0      55      28       0       0       2       0       0       0      55      28
   22.000    54920.768       5    4529     139       0       0       0       0       0       0       0       0      68      34       0       0       2       0       0       0      68      34
   23.000    72506.368       7    5979     139       0       0       0       0       0       0       0       0      70      35       0       0       2       0       0       0      70      35
   24.000    72482.112       7    5977     139       0       0       0       0       0       0       0       0      70      35       0       0       2       0       0       0      70      35
   25.000    72445.728       7    5974     139       0       0       0       0       0       0       0       0      70      35       0       0       2       0       0       0      70      35
   26.000    70626.528       7    5824     140       0       0       0       0       0       0       0       0      70      35       0       0       2       0       0       0      70      35
   27.000    69753.312       7    5752     140       0       0       0       0       0       0       0       0      70      35       0       0       2       0       0       0      70      35
   28.000    69243.936       7    5710     140       0       0       0       0       0       0       0       0      70      35       0       0       2       0       0       0      70      35
   29.000    67509.632       7    5567     140       0       0       0       0       0       0       0       0      70      35       0       0       2       0       0       0      70      35
   30.000    64792.960       6    5343     140       0       0       0       0       0       0       0       0      70      35       0       0       2       0       0       0      70      35
   31.000    58801.728       6    4849     140       0       0       0      49       0       0       0       0      99      50       0       0       2       0       0       0      99      50
   32.000    78060.992       8    6437     140       0       0       0       0       0       0       0       0     117      59       0       0       2       0       0       0     117      59
   33.000    99624.576      10    8215     140       0       0       0       0       0       0       0       0     119      60       0       0       2       0       0       0     119      60
   34.000    99357.760      10    8193     140       0       0       0       0       0       0       0       0     119      60       0       0       2       0       0       0     119      60
   35.000    99515.424      10    8206     140       0       0       0       0       0       0       0       0     118      59       0       0       2       0       0       0     118      59
   36.000    99272.864      10    8186     140       0       0       0       0       0       0       0       0     116      58       0       0       2       0       0       0     116      58
   37.000    95840.640      10    7903     140       0       0       0       0       0       0       0       0     114      57       0       0       2       0       0       0     114      57
   38.000    93706.112       9    7727     140       0       0       0       0       0       0       0       0     113      57       0       0       2       0       0       0     113      57
   39.000    91620.096       9    7555     140       0       0       0       0       0       0       0       0     113      57       0       0       2       0       0       0     113      57
   40.000    91292.640       9    7528     140       0       0       0       0       0       0       0       0     112      56       0       0       2       0       0       0     112      56
   41.000    89073.216       9    7345     151       0       0       0      39       0       0       0       0     134      67       0       0       2       0       0       0     134      67
   42.000   106683.072      11    8797     159       0       0       0       0       0       0       0       0     148      74       0       0       2       0       0       0     148      74
   43.000   124305.056      12   10250     159       0       0       0       0       0       0       0       0     149      75       0       0       2       0       0       0     149      75
   44.000   123565.248      12   10189     159       0       0       0       0       0       0       0       0     148      74       0       0       2       0       0       0     148      74
   45.000   121988.608      12   10059     159       0       0       0       0       0       0       0       0     145      73       0       0       2       0       0       0     145      73
   46.000   119987.488      12    9894     148       0       0       0       0       0       0       0       0     132      66       0       0       2       0       0       0     132      66
   47.000   118992.992      12    9812     140       0       0       0       0       0       0       0       0     124      62       0       0       2       0       0       0     124      62
   48.000   115245.440      12    9503     140       0       0       0       0       0       0       0       0     123      62       0       0       2       0       0       0     123      62
   49.000   114141.792      11    9412     140       0       0       0       0       0       0       0       0     122      61       0       0       2       0       0       0     122      61
   50.000   113680.928      11    9374     140       0       0       0       0       0       0       0       0     122      61       0       0       2       0       0       0     122      61
   51.000   112892.608      11    9309     151       0       0       0      47       0       0       0       0     149      75       0       0       2       0       0       0     149      75
   52.000   133340.416      13   10995     159       0       0       0       0       0       0       0       0     164      82       0       0       2       0       0       0     164      82
   53.000   154042.912      15   12702     159       0       0       0       0       0       0       0       0     164      82       0       0       2       0       0       0     164      82
   54.000   154042.912      15   12702     159       0       0       0       0       0       0       0       0     163      82       0       0       2       0       0       0     163      82
   55.000   153994.400      15   12698     159       0       0       0       0       0       0       0       0     163      82       0       0       2       0       0       0     163      82
   56.000   153145.440      15   12628     160       0       0       0       0       0       0       0       0     153      77       0       0       2       0       0       0     153      77
   57.000   151738.592      15   12512     160       0       0       0       0       0       0       0       0     148      74       0       0       2       0       0       0     148      74
   58.000   150016.416      15   12370     160       0       0       0       0       0       0       0       0     146      73       0       0       2       0       0       0     146      73
   59.000   146147.584      15   12051     160       0       0       0       0       0       0       0       0     145      73       0       0       2       0       0       0     145      73
   60.000   145347.136      15   11985     160       0       0       0       0       0       0       0       0     144      72       0       0       2       0       0       0     144      72
   61.000   141393.408      14   11659     160       0       0       0      48       0       0       0       0     172      86       0       0       2       0       0       0     172      86
   62.000   162047.392      16   13362     160       0       0       0       0       0       0       0       0     188      94       0       0       2       0       0       0     188      94
   63.000   182507.328      18   15049     160       0       0       0       0       0       0       0       0     187      94       0       0       2       0       0       0     187      94
   64.000   182010.080      18   15008     160       0       0       0       0       0       0       0       0     186      93       0       0       2       0       0       0     186      93
   65.000   177995.712      18   14677     160       0       0       0       0       0       0       0       0     186      93       0       0       2       0       0       0     186      93
   66.000   175242.656      18   14450     160       0       0       0       0       0       0       0       0     177      89       0       0       2       0       0       0     177      89
   67.000   171858.944      17   14171     160       0       0       0       0       0       0       0       0     170      85       0       0       2       0       0       0     170      85
   68.000   170609.760      17   14068     160       0       0       0       0       0       0       0       0     169      85       0       0       2       0       0       0     169      85
   69.000   169930.592      17   14012     160       0       0       0       0       0       0       0       0     169      85       0       0       2       0       0       0     169      85
   70.000   167990.112      17   13852     160       0       0       0       0       0       0       0       0     169      85       0       0       2       0       0       0     169      85
   71.000   164679.168      16   13579     160       0       0       0      31       0       0       0       0     187      94       0       0       2       0       0       0     187      94
   72.000   183780.768      18   15154     160       0       0       0       0       0       0       0       0     197      99       0       0       2       0       0       0     197      99
   73.000   200626.560      20   16543     160       0       0       0       0       0       0       0       0     195      98       0       0       2       0       0       0     195      98
   74.000   193980.416      19   15995     160       0       0       0       0       0       0       0       0     193      97       0       0       2       0       0       0     193      97
   75.000   187431.296      19   15455     160       0       0       0       0       0       0       0       0     193      97       0       0       2       0       0       0     193      97
   76.000   185781.888      19   15319     160       0       0       0       0       0       0       0       0     182      91       0       0       2       0       0       0     182      91
   77.000   177559.104      18   14641     160       0       0       0       0       0       0       0       0     174      87       0       0       2       0       0       0     174      87
   78.000   169275.680      17   13958     160       0       0       0       0       0       0       0       0     173      87       0       0       2       0       0       0     173      87
   79.000   168208.416      17   13870     160       0       0       0       0       0       0       0       0     171      86       0       0       2       0       0       0     171      86
   80.000   163478.496      16   13480     160       0       0       0       0       0       0       0       0     169      85       0       0       2       0       0       0     169      85
   81.000   161525.888      16   13319     160       0       0       0      32       0       0       0       0     186      93       0       0       2       0       0       0     186      93
   82.000   170488.480      17   14058     160       0       0       0       0       0       0       0       0     195      98       0       0       2       0       0       0     195      98
   83.000   179717.888      18   14819     160       0       0       0       0       0       0       0       0     194      97       0       0       2       0       0       0     194      97
   84.000   175072.864      18   14436     160       0       0       0       0       0       0       0       0     193      97       0       0       2       0       0       0     193      97
   85.000   167359.456      17   13800     160       0       0       0       0       0       0       0       0     190      95       0       0       2       0       0       0     190      95
   86.000   164715.552      16   13582     160       0       0       0       0       0       0       0       0     186      93       0       0       2       0       0       0     186      93
   87.000   163721.056      16   13500     160       0       0       0       0       0       0       0       0     182      91       0       0       2       0       0       0     182      91
   88.000   159015.392      16   13112     160       0       0       0       0       0       0       0       0     179      90       0       0       2       0       0       0     179      90
   89.000   155328.480      16   12808     160       0       0       0       0       0       0       0       0     177      89       0       0       2       0       0       0     177      89
   90.000   154358.240      15   12728     160       0       0       0       0       0       0       0       0     174      87       0       0       2       0       0       0     174      87
   91.000   150222.592      15   12387     160       0       0       0      27       0       0       0       0     188      94       0       0       2       0       0       0     188      94
   92.000   165334.080      17   13633     160       0       0       0       0       0       0       0       0     194      97       0       0       2       0       0       0     194      97
   93.000   181148.992      18   14937     160       0       0       0       0       0       0       0       0     193      97       0       0       2       0       0       0     193      97
   94.000   177886.560      18   14668     160       0       0       0       0       0       0       0       0     191      96       0       0       2       0       0       0     191      96
   95.000   170258.048      17   14039     160       0       0       0       0       0       0       0       0     188      94       0       0       2       0       0       0     188      94
   96.000   165346.208      17   13634     160       0       0       0       0       0       0       0       0     180      90       0       0       2       0       0       0     180      90
   97.000   163248.064      16   13461     160       0       0       0       0       0       0       0       0     173      87       0       0       2       0       0       0     173      87
   98.000   159063.904      16   13116     160       0       0       0       0       0       0       0       0     170      85       0       0       2       0       0       0     170      85
   99.000   151568.800      15   12498     160       0       0       0       0       0       0       0       0     167      84       0       0       2       0       0       0     167      84
  100.000   147784.864      15   12186     160       0       0       0       0       0       0       0       0     164      82       0       0       2       0       0       0     164      82
  101.000   146632.704      15   12091     160       0       0       0      37       0       0       0       0     182      91       0       0       2       0       0       0     182      91
  102.000   155910.624      16   12856     160       0       0       0       0       0       0       0       0     195      98       0       0       2       0       0       0     195      98
  103.000   162192.928      16   13374     160       0       0       0       0       0       0       0       0     194      97       0       0       2       0       0       0     194      97
  104.000   160482.880      16   13233     160       0       0       0       0       0       0       0       0     191      96       0       0       2       0       0       0     191      96
  105.000   153351.616      15   12645     160       0       0       0       0       0       0       0       0     190      95       0       0       2       0       0       0     190      95
  106.000   140617.216      14   11595     160       0       0       0       0       0       0       0       0     188      94       0       0       2       0       0       0     188      94
  107.000   135474.944      14   11171     160       0       0       0       0       0       0       0       0     186      93       0       0       2       0       0       0     186      93
  108.000   133716.384      13   11026     160       0       0       0       0       0       0       0       0     185      93       0       0       2       0       0       0     185      93
  109.000   133219.136      13   10985     160       0       0       0       0       0       0       0       0     181      91       0       0       2       0       0       0     181      91
  110.000   132976.576      13   10965     160       0       0       0       0       0       0       0       0     177      89       0       0       2       0       0       0     177      89
  111.000   130769.280      13   10783     160       0       0       0      25       0       0       0       0     188      94       0       0       2       0       0       0     188      94
  112.000   142424.288      14   11744     160       0       0       0       0       0       0       0       0     194      97       0       0       2       0       0       0     194      97
  113.000   152405.632      15   12567     160       0       0       0       0       0       0       0       0     190      95       0       0       2       0       0       0     190      95
  114.000   150841.120      15   12438     160       0       0       0       0       0       0       0       0     187      94       0       0       2       0       0       0     187      94
  115.000   149034.048      15   12289     160       0       0       0       0       0       0       0       0     185      93       0       0       2       0       0       0     185      93
  116.000   147530.176      15   12165     160       0       0       0       0       0       0       0       0     182      91       0       0       2       0       0       0     182      91
  117.000   145698.848      15   12014     160       0       0       0       0       0       0       0       0     178      89       0       0       2       0       0       0     178      89
  118.000   142460.672      14   11747     160       0       0       0       0       0       0       0       0     174      87       0       0       2       0       0       0     174      87
  119.000   137900.544      14   11371     160       0       0       0       0       0       0       0       0     172      86       0       0       2       0       0       0     172      86
  120.000   135438.560      14   11168     160       0       0       0       0       0       0       0       0     167      84       0       0       2       0       0       0     167      84
  121.000   130854.176      13   10790     160       0       0       0      34       0       0       0       0     181      91       0       0       2       0       0       0     181      91
  122.000   144680.096      14   11930     160       0       0       0       0       0       0       0       0     188      94       0       0       2       0       0       0     188      94
  123.000   154127.808      15   12709     160       0       0       0       0       0       0       0       0     188      94       0       0       2       0       0       0     188      94
  124.000   147845.504      15   12191     160       0       0       0       0       0       0       0       0     187      94       0       0       2       0       0       0     187      94
  125.000   140823.392      14   11612     160       0       0       0       0       0       0       0       0     185      93       0       0       2       0       0       0     185      93
  126.000   134504.704      13   11091     160       0       0       0       0       0       0       0       0     183      92       0       0       2       0       0       0     183      92
  127.000   130599.488      13   10769     160       0       0       0       0       0       0       0       0     179      90       0       0       2       0       0       0     179      90
  128.000   129883.936      13   10710     160       0       0       0       0       0       0       0       0     173      87       0       0       2       0       0       0     173      87
  129.000   128998.592      13   10637     160       0       0       0       0       0       0       0       0     171      86       0       0       2       0       0       0     171      86
  130.000   125905.952      13   10382     160       0       0       0       0       0       0       0       0     168      84       0       0       2       0       0       0     168      84
  131.000   122825.440      12   10128     160       0       0       0      33       0       0       0       0     185      93       0       0       2       0       0       0     185      93
  132.000   144292.000      14   11898     160       0       0       0       0       0       0       0       0     195      98       0       0       2       0       0       0     195      98
  133.000   167165.408      17   13784     160       0       0       0       0       0       0       0       0     194      97       0       0       2       0       0       0     194      97
  134.000   163708.928      16   13499     160       0       0       0       0       0       0       0       0     192      96       0       0       2       0       0       0     192      96
  135.000   162544.640      16   13403     160       0       0       0       0       0       0       0       0     190      95       0       0       2       0       0       0     190      95
  136.000   157463.008      16   12984     160       0       0       0       0       0       0       0       0     186      93       0       0       2       0       0       0     186      93
  137.000   153715.456      15   12675     160       0       0       0       0       0       0       0       0     183      92       0       0       2       0       0       0     183      92
  138.000   152150.944      15   12546     160       0       0       0       0       0       0       0       0     180      90       0       0       2       0       0       0     180      90
  139.000   148476.160      15   12243     160       0       0       0       0       0       0       0       0     177      89       0       0       2       0       0       0     177      89
  140.000   147542.304      15   12166     160       0       0       0       0       0       0       0       0     173      87       0       0       2       0       0       0     173      87
  141.000   143273.248      14   11814     160       0       0       0      29       0       0       0       0     186      93       0       0       2       0       0       0     186      93
  142.000   153776.096      15   12680     160       0       0       0       0       0       0       0       0     192      96       0       0       2       0       0       0     192      96
  143.000   166995.616      17   13770     160       0       0       0       0       0       0       0       0     192      96       0       0       2       0       0       0     192      96
  144.000   165491.744      17   13646     160       0       0       0       0       0       0       0       0     191      96       0       0       2       0       0       0     191      96
  145.000   164970.240      16   13603     160       0       0       0       0       0       0       0       0     189      95       0       0       2       0       0       0     189      95
  146.000   164181.920      16   13538     160       0       0       0       0       0       0       0       0     187      94       0       0       2       0       0       0     187      94
  147.000   163563.392      16   13487     160       0       0       0       0       0       0       0       0     184      92       0       0       2       0       0       0     184      92
  148.000   161077.152      16   13282     160       0       0       0       0       0       0       0       0     182      91       0       0       2       0       0       0     182      91
  149.000   159706.688      16   13169     160       0       0       0       0       0       0       0       0     178      89       0       0       2       0       0       0     178      89
  150.000   157171.936      16   12960     160       0       0       0       0       0       0       0       0     176      88       0       0       2       0       0       0     176      88
  151.000   153921.632      15   12692     160       0       0       0      25       0       0       0       0     185      93       0       0       2       0       0       0     185      93
  152.000   162884.224      16   13431     160       0       0       0       0       0       0       0       0     190      95       0       0       2       0       0       0     190      95
  153.000   171519.360      17   14143     160       0       0       0       0       0       0       0       0     189      95       0       0       2       0       0       0     189      95
  154.000   168972.480      17   13933     160       0       0       0       0       0       0       0       0     186      93       0       0       2       0       0       0     186      93
  155.000   166753.056      17   13750     160       0       0       0       0       0       0       0       0     184      92       0       0       2       0       0       0     184      92
  156.000   164145.536      16   13535     160       0       0       0       0       0       0       0       0     180      90       0       0       2       0       0       0     180      90
  157.000   159136.672      16   13122     160       0       0       0       0       0       0       0       0     175      88       0       0       2       0       0       0     175      88
  158.000   153521.408      15   12659     160       0       0       0       0       0       0       0       0     170      85       0       0       2       0       0       0     170      85
  159.000   148500.416      15   12245     160       0       0       0       0       0       0       0       0     169      85       0       0       2       0       0       0     169      85
  160.000   143018.560      14   11793     160       0       0       0       0       0       0       0       0     167      84       0       0       2       0       0       0     167      84
  161.000   142218.112      14   11727     160       0       0       0      33       0       0       0       0     186      93       0       0       2       0       0       0     186      93
  162.000   156638.304      16   12916     160       0       0       0       0       0       0       0       0     196      98       0       0       2       0       0       0     196      98
  163.000   173629.632      17   14317     160       0       0       0       0       0       0       0       0     195      98       0       0       2       0       0       0     195      98
  164.000   172392.576      17   14215     160       0       0       0       0       0       0       0       0     194      97       0       0       2       0       0       0     194      97
  165.000   169627.392      17   13987     160       0       0       0       0       0       0       0       0     190      95       0       0       2       0       0       0     190      95
  166.000   167808.192      17   13837     160       0       0       0       0       0       0       0       0     187      94       0       0       2       0       0       0     187      94
  167.000   167068.384      17   13776     160       0       0       0       0       0       0       0       0     183      92       0       0       2       0       0       0     183      92
  168.000   165406.848      17   13639     160       0       0       0       0       0       0       0       0     179      90       0       0       2       0       0       0     179      90
  169.000   162399.104      16   13391     160       0       0       0       0       0       0       0       0     177      89       0       0       2       0       0       0     177      89
  170.000   155849.984      16   12851     160       0       0       0       0       0       0       0       0     174      87       0       0       2       0       0       0     174      87
  171.000   154188.448      15   12714     160       0       0       0      27       0       0       0       0     188      94       0       0       2       0       0       0     188      94
  172.000   176043.104      18   14516     160       0       0       0       0       0       0       0       0     194      97       0       0       2       0       0       0     194      97
  173.000   197073.056      20   16250     160       0       0       0       0       0       0       0       0     190      95       0       0       2       0       0       0     190      95
  174.000   196527.296      20   16205     160       0       0       0       0       0       0       0       0     187      94       0       0       2       0       0       0     187      94
  175.000   196308.992      20   16187     160       0       0       0       0       0       0       0       0     185      93       0       0       2       0       0       0     185      93
  176.000   195302.368      20   16104     160       0       0       0       0       0       0       0       0     183      92       0       0       2       0       0       0     183      92
  177.000   193410.400      19   15948     160       0       0       0       0       0       0       0       0     179      90       0       0       2       0       0       0     179      90
  178.000   190657.344      19   15721     160       0       0       0       0       0       0       0       0     176      88       0       0       2       0       0       0     176      88
  179.000   188898.784      19   15576     160       0       0       0       0       0       0       0       0     174      87       0       0       2       0       0       0     174      87
  180.000   186048.704      19   15341     160       0       0       0       0       0       0       0       0     172      86       0       0       2       0       0       0     172      86
  181.000   184253.760      18   15193     160       0       0       0      29       0       0       0       0     186      93       0       0       2       0       0       0     186      93
  182.000   203306.848      20   16764     160       0       0       0       0       0       0       0       0     195      98       0       0       2       0       0       0     195      98
  183.000   222287.168      22   18329     160       0       0       0       0       0       0       0       0     195      98       0       0       2       0       0       0     195      98
  184.000   216562.752      22   17857     160       0       0       0       0       0       0       0       0     193      97       0       0       2       0       0       0     193      97
  185.000   214719.296      21   17705     160       0       0       0       0       0       0       0       0     188      94       0       0       2       0       0       0     188      94
  186.000   212039.008      21   17484     160       0       0       0       0       0       0       0       0     186      93       0       0       2       0       0       0     186      93
  187.000   207745.696      21   17130     160       0       0       0       0       0       0       0       0     185      93       0       0       2       0       0       0     185      93
  188.000   202518.528      20   16699     160       0       0       0       0       0       0       0       0     184      92       0       0       2       0       0       0     184      92
  189.000   196830.496      20   16230     160       0       0       0       0       0       0       0       0     183      92       0       0       2       0       0       0     183      92
  190.000   192682.720      19   15888     160       0       0       0       0       0       0       0       0     182      91       0       0       2       0       0       0     182      91
  191.000   191033.312      19   15752     160       0       0       0      19       0       0       0       0     191      96       0       0       2       0       0       0     191      96
  192.000   199207.584      20   16426     160       0       0       0       0       0       0       0       0     196      98       0       0       2       0       0       0     196      98
  193.000   207151.424      21   17081     160       0       0       0       0       0       0       0       0     195      98       0       0       2       0       0       0     195      98
  194.000   205016.896      21   16905     160       0       0       0       0       0       0       0       0     193      97       0       0       2       0       0       0     193      97
  195.000   204228.576      20   16840     160       0       0       0       0       0       0       0       0     190      95       0       0       2       0       0       0     190      95
  196.000   204058.784      20   16826     160       0       0       0       0       0       0       0       0     187      94       0       0       2       0       0       0     187      94
  197.000   203318.976      20   16765     160       0       0       0       0       0       0       0       0     183      92       0       0       2       0       0       0     183      92
  198.000   201366.368      20   16604     160       0       0       0       0       0       0       0       0     180      90       0       0       2       0       0       0     180      90
  199.000   200286.976      20   16515     160       0       0       0       0       0       0       0       0     176      88       0       0       2       0       0       0     176      88
  200.000   199971.648      20   16489     160       0       0       0       0       0       0       0       0     174      87       0       0       2       0       0       0     174      87
  201.000   198989.280      20   16408     160       0       0       0      26       0       0       0       0     187      94       0       0       2       0       0       0     187      94
  202.000   218030.240      22   17978     160       0       0       0       0       0       0       0       0     194      97       0       0       2       0       0       0     194      97
  203.000   234609.216      23   19345     160       0       0       0       0       0       0       0       0     192      96       0       0       2       0       0       0     192      96
  204.000   234039.200      23   19298     160       0       0       0       0       0       0       0       0     188      94       0       0       2       0       0       0     188      94
  205.000   231965.312      23   19127     160       0       0       0       0       0       0       0       0     184      92       0       0       2       0       0       0     184      92
  206.000   230619.104      23   19016     160       0       0       0       0       0       0       0       0     181      91       0       0       2       0       0       0     181      91
  207.000   225319.168      23   18579     160       0       0       0       0       0       0       0       0     178      89       0       0       2       0       0       0     178      89
  208.000   208036.768      21   17154     160       0       0       0       0       0       0       0       0     174      87       0       0       2       0       0       0     174      87
  209.000   204143.680      20   16833     160       0       0       0       0       0       0       0       0     172      86       0       0       2       0       0       0     172      86
  210.000   195096.192      20   16087     160       0       0       0       0       0       0       0       0     171      86       0       0       2       0       0       0     171      86
  211.000   189941.792      19   15662     160       0       0       0      30       0       0       0       0     187      94       0       0       2       0       0       0     187      94
  212.000   195435.776      20   16115     160       0       0       0       0       0       0       0       0     197      99       0       0       2       0       0       0     197      99
  213.000   204640.928      20   16874     160       0       0       0       0       0       0       0       0     195      98       0       0       2       0       0       0     195      98
  214.000   200044.416      20   16495     160       0       0       0       0       0       0       0       0     193      97       0       0       2       0       0       0     193      97
  215.000   198213.088      20   16344     160       0       0       0       0       0       0       0       0     193      97       0       0       2       0       0       0     193      97
  216.000   197364.128      20   16274     160       0       0       0       0       0       0       0       0     191      96       0       0       2       0       0       0     191      96
  217.000   187273.632      19   15442     160       0       0       0       0       0       0       0       0     188      94       0       0       2       0       0       0     188      94
  218.000   179075.104      18   14766     160       0       0       0       0       0       0       0       0     184      92       0       0       2       0       0       0     184      92
  219.000   169312.064      17   13961     160       0       0       0       0       0       0       0       0     183      92       0       0       2       0       0       0     183      92
  220.000   165261.312      17   13627     160       0       0       0       0       0       0       0       0     180      90       0       0       2       0       0       0     180      90
  221.000   160652.672      16   13247     160       0       0       0      21       0       0       0       0     192      96       0       0       2       0       0       0     192      96
  222.000   166231.552      17   13707     160       0       0       0       0       0       0       0       0     193      97       0       0       2       0       0       0     193      97
  223.000   168936.096      17   13930     160       0       0       0       0       0       0       0       0     184      92       0       0       2       0       0       0     184      92
  224.000   158772.832      16   13092     160       0       0       0       0       0       0       0       0     178      89       0       0       2       0       0       0     178      89
  225.000   154176.320      15   12713     160       0       0       0       0       0       0       0       0     174      87       0       0       2       0       0       0     174      87
  226.000   151702.208      15   12509     160       0       0       0       0       0       0       0       0     171      86       0       0       2       0       0       0     171      86
  227.000   147299.744      15   12146     160       0       0       0       0       0       0       0       0     166      83       0       0       2       0       0       0     166      83
  228.000   141587.456      14   11675     160       0       0       0       0       0       0       0       0     162      81       0       0       2       0       0       0     162      81
  229.000   131412.064      13   10836     160       0       0       0       0       0       0       0       0     156      78       0       0       2       0       0       0     156      78
  230.000   129313.920      13   10663     160       0       0       0       0       0       0       0       0     154      77       0       0       2       0       0       0     154      77
  231.000   126378.944      13   10421     160       0       0       0      46       0       0       0       0     181      91       0       0       2       0       0       0     181      91
  232.000   143333.888      14   11819     160       0       0       0       0       0       0       0       0     193      97       0       0       2       0       0       0     193      97
  233.000   158869.856      16   13100     160       0       0       0       0       0       0       0       0     192      96       0       0       2       0       0       0     192      96
  234.000   155195.072      16   12797     160       0       0       0       0       0       0       0       0     188      94       0       0       2       0       0       0     188      94
  235.000   153133.312      15   12627     160       0       0       0       0       0       0       0       0     184      92       0       0       2       0       0       0     184      92
  236.000   147857.632      15   12192     160       0       0       0       0       0       0       0       0     181      91       0       0       2       0       0       0     181      91
  237.000   142303.008      14   11734     160       0       0       0       0       0       0       0       0     177      89       0       0       2       0       0       0     177      89
  238.000   141502.560      14   11668     160       0       0       0       0       0       0       0       0     172      86       0       0       2       0       0       0     172      86
  239.000   139574.208      14   11509     160       0       0       0       0       0       0       0       0     167      84       0       0       2       0       0       0     167      84
  240.000   135196.000      14   11148     160       0       0       0       0       0       0       0       0     162      81       0       0       2       0       0       0     162      81
  241.000   132685.504      13   10941     160       0       0       0      39       0       0       0       0     184      92       0       0       2       0       0       0     184      92
  242.000   151483.904      15   12491     160       0       0       0       0       0       0       0       0     195      98       0       0       2       0       0       0     195      98
  243.000   169215.040      17   13953     160       0       0       0       0       0       0       0       0     195      98       0       0       2       0       0       0     195      98
  244.000   164157.664      16   13536     160       0       0       0       0       0       0       0       0     192      96       0       0       2       0       0       0     192      96
  245.000   160191.808      16   13209     160       0       0       0       0       0       0       0       0     191      96       0       0       2       0       0       0     191      96
  246.000   149543.424      15   12331     160       0       0       0       0       0       0       0       0     185      93       0       0       2       0       0       0     185      93
  247.000   144825.632      14   11942     160       0       0       0       0       0       0       0       0     180      90       0       0       2       0       0       0     180      90
  248.000   139853.152      14   11532     160       0       0       0       0       0       0       0       0     176      88       0       0       2       0       0       0     176      88
  249.000   134553.216      13   11095     160       0       0       0       0       0       0       0       0     173      87       0       0       2       0       0       0     173      87
  250.000   129059.232      13   10642     160       0       0       0       0       0       0       0       0     171      86       0       0       2       0       0       0     171      86
  251.000   127931.328      13   10549     160       0       0       0      29       0       0       0       0     184      92       0       0       2       0       0       0     184      92
  252.000   137694.368      14   11354     160       0       0       0       0       0       0       0       0     190      95       0       0       2       0       0       0     190      95
  253.000   153945.888      15   12694     160       0       0       0       0       0       0       0       0     190      95       0       0       2       0       0       0     190      95
  254.000   153630.560      15   12668     160       0       0       0       0       0       0       0       0     186      93       0       0       2       0       0       0     186      93
  255.000   152332.864      15   12561     160       0       0       0       0       0       0       0       0     184      92       0       0       2       0       0       0     184      92
  256.000   146378.016      15   12070     160       0       0       0       0       0       0       0       0     179      90       0       0       2       0       0       0     179      90
  257.000   142011.936      14   11710     160       0       0       0       0       0       0       0       0     175      88       0       0       2       0       0       0     175      88
  258.000   137063.712      14   11302     160       0       0       0       0       0       0       0       0     174      87       0       0       2       0       0       0     174      87
  259.000   130453.952      13   10757     160       0       0       0       0       0       0       0       0     169      85       0       0       2       0       0       0     169      85
  260.000   128222.400      13   10573     160       0       0       0       0       0       0       0       0     166      83       0       0       2       0       0       0     166      83
  261.000   126997.472      13   10472     160       0       0       0      35       0       0       0       0     180      90       0       0       2       0       0       0     180      90
  262.000   138543.328      14   11424     160       0       0       0       0       0       0       0       0     189      95       0       0       2       0       0       0     189      95
  263.000   154236.960      15   12718     160       0       0       0       0       0       0       0       0     187      94       0       0       2       0       0       0     187      94
  264.000   150926.016      15   12445     160       0       0       0       0       0       0       0       0     182      91       0       0       2       0       0       0     182      91
  265.000   148645.952      15   12257     160       0       0       0       0       0       0       0       0     179      90       0       0       2       0       0       0     179      90
  266.000   146159.712      15   12052     160       0       0       0       0       0       0       0       0     177      89       0       0       2       0       0       0     177      89
  267.000   145613.952      15   12007     160       0       0       0       0       0       0       0       0     171      86       0       0       2       0       0       0     171      86
  268.000   142048.320      14   11713     160       0       0       0       0       0       0       0       0     170      85       0       0       2       0       0       0     170      85
  269.000   139234.624      14   11481     160       0       0       0       0       0       0       0       0     169      85       0       0       2       0       0       0     169      85
  270.000   135232.384      14   11151     160       0       0       0       0       0       0       0       0     167      84       0       0       2       0       0       0     167      84
  271.000   129192.640      13   10653     160       0       0       0      36       0       0       0       0     183      92       0       0       2       0       0       0     183      92
  272.000   148051.680      15   12208     160       0       0       0       0       0       0       0       0     192      96       0       0       2       0       0       0     192      96
  273.000   167977.984      17   13851     160       0       0       0       0       0       0       0       0     190      95       0       0       2       0       0       0     190      95
  274.000   166231.552      17   13707     160       0       0       0       0       0       0       0       0     187      94       0       0       2       0       0       0     187      94
  275.000   165595.712      17   13654     160       0       0       0       0       0       0       0       0     186      93       0       0       2       0       0       0     186      93
