  TimeSec      LoaKbps LoaUsag Packets DlyUsec LoaDrps MetDrps TabDrps FloMods MetMods GroMods  PktsIn PktsOut FloEntr FloUsag MetEntr MetUsag GroEntr GroUsag BufPkts BufUsag  T0Entr  T0Usag
    1.000        0.000       0       0      34       0       0       0       4       0       0       0       0       3       0       0       0       0       0       0       0       3       0
    2.000     1732.544       0     144      56       0       0       0       3       0       0       3       3       5       0       0       0       0       0       0       0       5       0
    3.000    10622.368       0     877      76       0       0       0       8       0       0       8       8      11       0       0       0       0       0       0       0      11       0
    4.000    16079.968       0    1327      79       0       0       0       0       0       0       0       0      15       0       0       0       0       0       0       0      15       0
    5.000    19451.552       0    1605      93       0       0       0       6       0       0       6       6      17       0       0       0       0       0       0       0      17       0
    6.000    30936.768       0    2552      99       0       0       0      10       0       0      10      10      25       0       0       0       0       0       0       0      25       0
    7.000    44095.648       0    3637     114       0       0       0       6       0       0       6       6      34       0       0       0       0       0       0       0      34       0
    8.000    47576.384       0    3924     119       0       0       0       8       0       0       8       8      40       0       0       0       0       0       0       0      40       0
    9.000    51869.696       0    4278     119       0       0       0       4       0       0       4       4      46       0       0       0       0       0       0       0      46       0
   10.000    58115.616       0    4793     119       0       0       0       4       0       0       4       4      51       0       0       0       0       0       0       0      51       0
   11.000    62457.440       0    5151     119       0       0       0       1       0       0       1       1      53       0       0       0       0       0       0       0      53       0
   12.000    64676.864       0    5334     120       0       0       0       2       0       0       2       2      55       0       0       0       0       0       0       0      55       0
   13.000    67429.920       0    5561     120       0       0       0       7       0       0       7       7      59       0       0       0       0       0       0       0      59       0
   14.000    69006.560       0    5691     133       0       0       0       3       0       0       3       3      64       0       0       0       0       0       0       0      64       0
   15.000    69928.288       0    5767     139       0       0       0       5       0       0       5       5      68       0       0       0       0       0       0       0      68       0
   16.000    76259.104       0    6289     139       0       0       0       6       0       0       6       6      72       0       0       0       0       0       0       0      72       0
   17.000    85355.104       0    7039     139       0       0       0       5       0       0       5       5      80       0       0       0       0       0       0       0      80       0
   18.000    91200.800       0    7521     139       0       0       0       3       0       0       3       3      83       0       0       0       0       0       0       0      83       0
   19.000    96258.176       0    7938     140       0       0       0       6       0       0       6       6      88       0       0       0       0       0       0       0      88       0
   20.000   103729.024       0    8554     140       0       0       0       7       0       0       7       7      95       0       0       0       0       0       0       0      95       0
   21.000   106251.648       0    8762     140       0       0       0       3       0       0       3       3      99       0       0       0       0       0       0       0      99       0
   22.000   108143.616       0    8918     140       0       0       0       4       0       0       4       4     102       0       0       0       0       0       0       0     102       0
   23.000   109902.176       0    9063     140       0       0       0       4       0       0       4       4     107       0       0       0       0       0       0       0     107       0
   24.000   111272.640       0    9176     140       0       0       0       3       0       0       3       3     110       0       0       0       0       0       0       0     110       0
   25.000   113043.328       0    9322     140       0       0       0       7       0       0       7       7     116       0       0       0       0       0       0       0     116       0
   26.000   115408.288       0    9517     140       0       0       0       1       0       0       1       1     119       0       0       0       0       0       0       0     119       0
   27.000   120295.872       0    9920     140       0       0       0       5       0       0       5       5     122       0       0       0       0       0       0       0     122       0
   28.000   127330.112       0   10500     140       0       0       0       2       0       0       2       2     126       0       0       0       0       0       0       0     126       0
   29.000   129755.712       0   10700     156       0       0       0       8       0       0       8       8     132       0       0       0       0       0       0       0     132       0
   30.000   137056.768       0   11302     159       0       0       0       9       0       0       9       9     139       0       0       0       0       0       0       0     139       0
   31.000   147535.360       0   12166     159       0       0       0      10       0       0      10      10     147       0       0       0       0       0       0       0     147       0
   32.000   159578.464       0   13159     159       0       0       0       8       0       0       8       8     156       0       0       0       0       0       0       0     156       0
   33.000   165509.056       0   13648     160       0       0       0       5       0       0       5       5     162       0       0       0       0       0       0       0     162       0
   34.000   172373.504       0   14214     160       0       0       0      10       0       0      10      10     170       0       0       0       0       0       0       0     170       0
   35.000   178498.144       0   14719     160       0       0       0       3       0       0       3       3     176       0       0       0       0       0       0       0     176       0
   36.000   183058.272       0   15095     160       0       0       0       6       0       0       6       6     182       0       0       0       0       0       0       0     182       0
   37.000   184683.424       0   15229     160       0       0       0       2       0       0       2       2     185       0       0       0       0       0       0       0     185       0
   38.000   193221.536       0   15933     160       0       0       0       7       0       0       7       7     190       0       0       0       0       0       0       0     190       0
   39.000   195901.824       0   16154     160       0       0       0       4       0       0       4       4     192       0       0       0       0       0       0       0     192       0
   40.000   202172.000       0   16671     160       0       0       0       6       0       0       6       6     197       0       0       0       0       0       0       0     197       0
   41.000   204743.136       0   16883     160       0       0       0       3       0       0       3       3     200       0       0       0       0       0       0       0     200       0
   42.000   202450.944       0   16694     160       0       0       0       3       0       0       3       3     202       0       0       0       0       0       0       0     202       0
   43.000   202936.064       0   16734     160       0       0       0       7       0       0       7       7     206       0       0       0       0       0       0       0     206       0
   44.000   207411.296       0   17103     160       0       0       0       2       0       0       2       2     210       0       0       0       0       0       0       0     210       0
   45.000   210661.600       0   17371     160       0       0       0       2       0       0       2       2     212       0       0       0       0       0       0       0     212       0
   46.000   206247.008       0   17007     160       0       0       0       4       0       0       4       4     213       0       0       0       0       0       0       0     213       0
   47.000   207678.112       0   17125     160       0       0       0       4       0       0       4       4     216       0       0       0       0       0       0       0     216       0
   48.000   205252.512       0   16925     160       0       0       0       1       0       0       1       1     218       0       0       0       0       0       0       0     218       0
   49.000   203906.304       0   16814     160       0       0       0       4       0       0       4       4     221       0       0       0       0       0       0       0     221       0
   50.000   204076.096       0   16828     160       0       0       0       3       0       0       3       3     223       0       0       0       0       0       0       0     223       0
   51.000   206926.176       0   17063     160       0       0       0       5       0       0       5       5     226       0       0       0       0       0       0       0     226       0
   52.000   207835.776       0   17138     160       0       0       0       1       0       0       1       1     226       0       0       0       0       0       0       0     226       0
   53.000   211898.656       0   17473     160       0       0       0       6       0       0       6       6     229       0       0       0       0       0       0       0     229       0
   54.000   215427.904       0   17764     160       0       0       0       3       0       0       3       3     232       0       0       0       0       0       0       0     232       0
   55.000   219490.784       0   18099     160       0       0       0      10       0       0      10      10     236       0       0       0       0       0       0       0     236       0
   56.000   226658.432       0   18690     160       0       0       0       6       0       0       6       6     243       0       0       0       0       0       0       0     243       0
   57.000   224075.168       0   18477     160       0       0       0       2       0       0       2       2     245       0       0       0       0       0       0       0     245       0
   58.000   221479.776       0   18263     160       0       0       0       3       0       0       3       3     247       0       0       0       0       0       0       0     247       0
   59.000   225203.072       0   18570     160       0       0       0       4       0       0       4       4     248       0       0       0       0       0       0       0     248       0
   60.000   227167.808       0   18732     160       0       0       0       5       0       0       5       5     252       0       0       0       0       0       0       0     252       0
   61.000   225821.600       0   18621     160       0       0       0       4       0       0       4       4     255       0       0       0       0       0       0       0     255       0
   62.000   226258.208       0   18657     160       0       0       0       5       0       0       5       5     253       0       0       0       0       0       0       0     253       0
   63.000   233923.104       0   19289     160       0       0       0       6       0       0       6       6     254       0       0       0       0       0       0       0     254       0
   64.000   238216.416       0   19643     160       0       0       0       5       0       0       5       5     256       0       0       0       0       0       0       0     256       0
   65.000   244134.880       0   20131     177       0       0       0       3       0       0       3       3     258       0       0       0       0       0       0       0     258       0
   66.000   247591.360       0   20416     179       0       0       0       7       0       0       7       7     259       0       0       0       0       0       0       0     259       0
   67.000   253388.544       0   20894     179       0       0       0       6       0       0       6       6     261       0       0       0       0       0       0       0     261       0
   68.000   249677.376       0   20588     179       0       0       0       2       0       0       2       2     260       0       0       0       0       0       0       0     260       0
   69.000   244389.568       0   20152     180       0       0       0       3       0       0       3       3     262       0       0       0       0       0       0       0     262       0
   70.000   238446.848       0   19662     180       0       0       0       4       0       0       4       4     264       0       0       0       0       0       0       0     264       0
   71.000   235778.688       0   19442     180       0       0       0       6       0       0       6       6     266       0       0       0       0       0       0       0     266       0
   72.000   235002.496       0   19378     180       0       0       0       8       0       0       8       8     268       0       0       0       0       0       0       0     268       0
   73.000   238410.464       0   19659     180       0       0       0       8       0       0       8       8     271       0       0       0       0       0       0       0     271       0
   74.000   245857.056       0   20273     180       0       0       0       6       0       0       6       6     277       0       0       0       0       0       0       0     277       0
   75.000   249616.736       0   20583     180       0       0       0       6       0       0       6       6     283       0       0       0       0       0       0       0     283       0
   76.000   248573.728       0   20497     180       0       0       0       4       0       0       4       4     283       0       0       0       0       0       0       0     283       0
   77.000   244656.384       0   20174     180       0       0       0       7       0       0       7       7     284       0       0       0       0       0       0       0     284       0
   78.000   250878.048       0   20687     180       0       0       0       8       0       0       8       8     288       0       0       0       0       0       0       0     288       0
   79.000   258385.280       0   21306     180       0       0       0       3       0       0       3       3     291       0       0       0       0       0       0       0     291       0
   80.000   265759.104       0   21914     180       0       0       0       6       0       0       6       6     294       0       0       0       0       0       0       0     294       0
   81.000   270331.360       0   22291     180       0       0       0       5       0       0       5       5     295       0       0       0       0       0       0       0     295       0
   82.000   272453.760       0   22466     180       0       0       0       2       0       0       2       2     296       0       0       0       0       0       0       0     296       0
   83.000   270028.160       0   22266     180       0       0       0       4       0       0       4       4     294       0       0       0       0       0       0       0     294       0
   84.000   274321.472       0   22620     180       0       0       0       6       0       0       6       6     296       0       0       0       0       0       0       0     296       0
   85.000   276928.992       0   22835     180       0       0       0       6       0       0       6       6     295       0       0       0       0       0       0       0     295       0
   86.000   276249.824       0   22779     180       0       0       0       5       0       0       5       5     295       0       0       0       0       0       0       0     295       0
   87.000   273460.384       0   22549     180       0       0       0       6       0       0       6       6     297       0       0       0       0       0       0       0     297       0
   88.000   270840.736       0   22333     180       0       0       0       3       0       0       3       3     299       0       0       0       0       0       0       0     299       0
   89.000   268451.520       0   22136     180       0       0       0       7       0       0       7       7     300       0       0       0       0       0       0       0     300       0
   90.000   268985.152       0   22180     180       0       0       0       5       0       0       5       5     307       0       0       0       0       0       0       0     307       0
   91.000   271580.544       0   22394     180       0       0       0       6       0       0       6       6     307       0       0       0       0       0       0       0     307       0
   92.000   266232.096       0   21953     180       0       0       0       2       0       0       2       2     304       0       0       0       0       0       0       0     304       0
   93.000   263406.272       0   21720     180       0       0       0       7       0       0       7       7     304       0       0       0       0       0       0       0     304       0
   94.000   266680.832       0   21990     180       0       0       0       6       0       0       6       6     306       0       0       0       0       0       0       0     306       0
   95.000   269931.136       0   22258     180       0       0       0       6       0       0       6       6     308       0       0       0       0       0       0       0     308       0
   96.000   278360.096       0   22953     180       0       0       0       8       0       0       8       8     314       0       0       0       0       0       0       0     314       0
   97.000   279900.352       0   23080     180       0       0       0       3       0       0       3       3     316       0       0       0       0       0       0       0     316       0
   98.000   281598.272       0   23220     180       0       0       0       3       0       0       3       3     317       0       0       0       0       0       0       0     317       0
   99.000   281004.000       0   23171     180       0       0       0       4       0       0       4       4     316       0       0       0       0       0       0       0     316       0
  100.000   279136.288       0   23017     180       0       0       0       3       0       0       3       3     316       0       0       0       0       0       0       0     316       0
  101.000   281331.456       0   23198     180       0       0       0       4       0       0       4       4     315       0       0       0       0       0       0       0     315       0
  102.000   279172.672       0   23020     180       0       0       0       6       0       0       6       6     319       0       0       0       0       0       0       0     319       0
  103.000   278323.712       0   22950     180       0       0       0       2       0       0       2       2     319       0       0       0       0       0       0       0     319       0
  104.000   275182.560       0   22691     180       0       0       0       2       0       0       2       2     318       0       0       0       0       0       0       0     318       0
  105.000   272308.224       0   22454     180       0       0       0       1       0       0       1       1     315       0       0       0       0       0       0       0     315       0
  106.000   273569.536       0   22558     180       0       0       0      10       0       0      10      10     318       0       0       0       0       0       0       0     318       0
  107.000   272781.216       0   22493     180       0       0       0       6       0       0       6       6     323       0       0       0       0       0       0       0     323       0
  108.000   276468.128       0   22797     180       0       0       0       3       0       0       3       3     321       0       0       0       0       0       0       0     321       0
  109.000   285357.952       0   23530     180       0       0       0      11       0       0      11      10     327       0       0       0       0       0       0       0     327       0
  110.000   288608.256       0   23798     180       0       0       0       6       0       0       6       5     331       1       0       0       0       0       2       1     331       1
  111.000   292816.672       0   24145     180       0       0       0       6       0       0       6       6     331       1       0       0       0       0       2       1     331       1
  112.000   293047.104       0   24164     180       0       0       0       7       0       0       7       3     335       1       0       0       0       0       3       1     335       1
  113.000   289190.400       0   23846     180       0       0       0       4       0       0       4       4     337       1       0       0       0       0       4       2     337       1
  114.000   282119.776       0   23263     180       0       0       0       3       0       0       3       2     334       1       0       0       0       0       2       1     334       1
  115.000   278784.576       0   22988     180       0       0       0       5       0       0       5       3     336       1       0       0       0       0       3       1     336       1
  116.000   277790.080       0   22906     180       0       0       0       5       0       0       5       5     337       1       0       0       0       0       3       1     337       1
  117.000   271568.416       0   22393     180       0       0       0       3       0       0       3       3     334       1       0       0       0       0       1       0     334       1
  118.000   264012.672       0   21770     180       0       0       0       2       0       0       2       2     331       1       0       0       0       0       0       0     331       1
  119.000   264643.328       0   21822     180       0       0       0       3       0       0       3       3     330       1       0       0       0       0       0       0     330       1
  120.000   263660.960       0   21741     180       0       0       0       4       0       0       4       4     327       0       0       0       0       0       0       0     327       0
  121.000   265928.896       0   21928     180       0       0       0       8       0       0       8       8     328       1       0       0       0       0       0       0     328       1
  122.000   273933.376       0   22588     180       0       0       0      11       0       0      11      11     332       1       0       0       0       0       0       0     332       1
  123.000   279645.664       0   23059     180       0       0       0       5       0       0       5       4     337       1       0       0       0       0       1       0     337       1
  124.000   279002.880       0   23006     180       0       0       0       2       0       0       2       2     336       1       0       0       0       0       1       0     336       1
  125.000   276989.632       0   22840     180       0       0       0       4       0       0       4       4     336       1       0       0       0       0       0       0     336       1
  126.000   276261.952       0   22780     180       0       0       0       4       0       0       4       4     337       1       0       0       0       0       0       0     337       1
  127.000   272987.392       0   22510     180       0       0       0       6       0       0       6       6     336       1       0       0       0       0       0       0     336       1
  128.000   273205.696       0   22528     180       0       0       0       8       0       0       8       6     336       1       0       0       0       0       2       1     336       1
  129.000   276080.032       0   22765     180       0       0       0       1       0       0       1       1     334       1       0       0       0       0       2       1     334       1
  130.000   276092.160       0   22766     180       0       0       0       5       0       0       5       5     331       1       0       0       0       0       0       0     331       1
  131.000   272453.760       0   22466     180       0       0       0       7       0       0       7       7     332       1       0       0       0       0       0       0     332       1
  132.000   269894.752       0   22255     180       0       0       0       4       0       0       4       4     328       1       0       0       0       0       0       0     328       1
  133.000   266632.320       0   21986     180       0       0       0       3       0       0       3       3     327       0       0       0       0       0       0       0     327       0
  134.000   268027.040       0   22101     180       0       0       0       6       0       0       6       6     327       0       0       0       0       0       0       0     327       0
  135.000   273278.464       0   22534     180       0       0       0      10       0       0      10      10     331       1       0       0       0       0       0       0     331       1
  136.000   272380.992       0   22460     180       0       0       0       4       0       0       4       4     331       1       0       0       0       0       0       0     331       1
  137.000   267432.768       0   22052     180       0       0       0       7       0       0       7       7     332       1       0       0       0       0       0       0     332       1
  138.000   277377.728       0   22872     180       0       0       0       2       0       0       2       2     334       1       0       0       0       0       0       0     334       1
  139.000   280615.904       0   23139     180       0       0       0       6       0       0       6       6     335       1       0       0       0       0       0       0     335       1
  140.000   281282.944       0   23194     180       0       0       0       6       0       0       6       6     335       1       0       0       0       0       0       0     335       1
  141.000   285709.664       0   23559     180       0       0       0       6       0       0       6       6     337       1       0       0       0       0       0       0     337       1
  142.000   286958.848       0   23662     180       0       0       0       8       0       0       8       8     335       1       0       0       0       0       0       0     335       1
  143.000   284266.432       0   23440     180       0       0       0       5       0       0       5       5     336       1       0       0       0       0       0       0     336       1
  144.000   280640.160       0   23141     180       0       0       0       2       0       0       2       2     336       1       0       0       0       0       0       0     336       1
  145.000   277171.552       0   22855     180       0       0       0       5       0       0       5       5     336       1       0       0       0       0       0       0     336       1
  146.000   275958.752       0   22755     180       0       0       0       1       0       0       1       1     332       1       0       0       0       0       0       0     332       1
  147.000   275704.064       0   22734     180       0       0       0       7       0       0       7       7     332       1       0       0       0       0       0       0     332       1
  148.000   279512.256       0   23048     180       0       0       0       5       0       0       5       5     333       1       0       0       0       0       0       0     333       1
  149.000   281246.560       0   23191     180       0       0       0       7       0       0       7       7     332       1       0       0       0       0       0       0     332       1
  150.000   289808.928       0   23897     180       0       0       0       4       0       0       4       4     336       1       0       0       0       0       0       0     336       1
  151.000   287431.840       0   23701     180       0       0       0       3       0       0       3       3     334       1       0       0       0       0       0       0     334       1
  152.000   281901.472       0   23245     180       0       0       0       3       0       0       3       3     331       1       0       0       0       0       0       0     331       1
  153.000   280082.272       0   23095     180       0       0       0       3       0       0       3       3     333       1       0       0       0       0       0       0     333       1
  154.000   275934.496       0   22753     180       0       0       0       7       0       0       7       7     330       1       0       0       0       0       0       0     330       1
  155.000   276831.968       0   22827     180       0       0       0       5       0       0       5       5     331       1       0       0       0       0       0       0     331       1
  156.000   278857.344       0   22994     180       0       0       0       7       0       0       7       6     335       1       0       0       0       0       0       0     335       1
  157.000   278444.992       0   22960     180       0       0       0       8       0       0       8       6     336       1       0       0       0       0       2       1     336       1
  158.000   280943.360       0   23166     180       0       0       0       6       0       0       6       6     341       1       0       0       0       0       3       1     341       1
  159.000   284278.560       0   23441     180       0       0       0      10       0       0      10      10     345       1       0       0       0       0       1       0     345       1
  160.000   285733.920       0   23561     180       0       0       0       3       0       0       3       3     346       1       0       0       0       0       0       0     346       1
  161.000   282022.752       0   23255     180       0       0       0       6       0       0       6       6     345       1       0       0       0       0       0       0     345       1
  162.000   281052.512       0   23175     180       0       0       0       1       0       0       1       1     345       1       0       0       0       0       0       0     345       1
  163.000   277341.344       0   22869     180       0       0       0       4       0       0       4       4     345       1       0       0       0       0       0       0     345       1
  164.000   271823.104       0   22414     180       0       0       0       4       0       0       4       4     346       1       0       0       0       0       0       0     346       1
  165.000   262860.512       0   21675     180       0       0       0       2       0       0       2       2     345       1       0       0       0       0       0       0     345       1
  166.000   261611.328       0   21572     180       0       0       0       2       0       0       2       2     340       1       0       0       0       0       0       0     340       1
  167.000   264485.664       0   21809     180       0       0       0       5       0       0       5       5     338       1       0       0       0       0       0       0     338       1
  168.000   263018.176       0   21688     180       0       0       0       5       0       0       5       5     339       1       0       0       0       0       0       0     339       1
  169.000   260556.192       0   21485     180       0       0       0       5       0       0       5       5     335       1       0       0       0       0       0       0     335       1
  170.000   265201.216       0   21868     180       0       0       0       3       0       0       3       3     332       1       0       0       0       0       0       0     332       1
  171.000   268960.896       0   22178     180       0       0       0      11       0       0      11      11     338       1       0       0       0       0       0       0     338       1
  172.000   270137.312       0   22275     180       0       0       0       7       0       0       7       6     342       1       0       0       0       0       0       0     342       1
  173.000   269045.792       0   22185     180       0       0       0       4       0       0       4       3     342       1       0       0       0       0       1       0     342       1
  174.000   269130.688       0   22192     180       0       0       0       5       0       0       5       3     343       1       0       0       0       0       3       1     343       1
  175.000   272684.192       0   22485     180       0       0       0       6       0       0       6       5     344       1       0       0       0       0       3       1     344       1
  176.000   275109.792       0   22685     180       0       0       0       5       0       0       5       3     344       1       0       0       0       0       3       1     344       1
  177.000   280458.240       0   23126     180       0       0       0       6       0       0       6       4     346       1       0       0       0       0       4       2     346       1
  178.000   283381.088       0   23367     180       0       0       0       5       0       0       5       5     346       1       0       0       0       0       3       1     346       1
  179.000   281974.240       0   23251     180       0       0       0       6       0       0       6       6     347       1       0       0       0       0       1       0     347       1
  180.000   284581.760       0   23466     180       0       0       0       3       0       0       3       3     345       1       0       0       0       0       0       0     345       1
  181.000   288086.752       0   23755     180       0       0       0       6       0       0       6       6     348       1       0       0       0       0       0       0     348       1
  182.000   290330.432       0   23940     180       0       0       0       3       0       0       3       3     346       1       0       0       0       0       0       0     346       1
  183.000   284387.712       0   23450     180       0       0       0       1       0       0       1       1     341       1       0       0       0       0       0       0     341       1
  184.000   278833.088       0   22992     180       0       0       0       4       0       0       4       4     337       1       0       0       0       0       0       0     337       1
  185.000   279451.616       0   23043     180       0       0       0       3       0       0       3       3     336       1       0       0       0       0       0       0     336       1
  186.000   275995.136       0   22758     180       0       0       0       4       0       0       4       4     335       1       0       0       0       0       0       0     335       1
  187.000   276831.968       0   22827     180       0       0       0       5       0       0       5       5     335       1       0       0       0       0       0       0     335       1
  188.000   276819.840       0   22826     180       0       0       0       3       0       0       3       3     334       1       0       0       0       0       0       0     334       1
  189.000   271107.552       0   22355     180       0       0       0       1       0       0       1       1     329       1       0       0       0       0       0       0     329       1
  190.000   268099.808       0   22107     180       0       0       0       1       0       0       1       1     325       0       0       0       0       0       0       0     325       0
  191.000   264606.944       0   21819     180       0       0       0      11       0       0      11      11     323       0       0       0       0       0       0       0     323       0
  192.000   271398.624       0   22379     180       0       0       0       4       0       0       4       4     329       1       0       0       0       0       0       0     329       1
  193.000   271653.312       0   22400     180       0       0       0       4       0       0       4       4     328       1       0       0       0       0       0       0     328       1
  194.000   270270.720       0   22286     180       0       0       0       7       0       0       7       7     329       1       0       0       0       0       0       0     329       1
  195.000   260907.904       0   21514     180       0       0       0       3       0       0       3       3     329       1       0       0       0       0       0       0     329       1
  196.000   256432.672       0   21145     180       0       0       0       5       0       0       5       5     329       1       0       0       0       0       0       0     329       1
  197.000   256820.768       0   21177     180       0       0       0       5       0       0       5       5     331       1       0       0       0       0       0       0     331       1
  198.000   262047.936       0   21608     180       0       0       0       4       0       0       4       4     331       1       0       0       0       0       0       0     331       1
  199.000   266620.192       0   21985     180       0       0       0       2       0       0       2       2     329       1       0       0       0       0       0       0     329       1
  200.000   267869.376       0   22088     180       0       0       0       3       0       0       3       3     328       1       0       0       0       0       0       0     328       1
  201.000   266644.448       0   21987     180       0       0       0       5       0       0       5       5     328       1       0       0       0       0       0       0     328       1
  202.000   260980.672       0   21520     180       0       0       0       7       0       0       7       7     329       1       0       0       0       0       0       0     329       1
  203.000   264776.736       0   21833     180       0       0       0       7       0       0       7       7     333       1       0       0       0       0       0       0     333       1
  204.000   264230.976       0   21788     180       0       0       0       2       0       0       2       2     334       1       0       0       0       0       0       0     334       1
  205.000   254528.576       0   20988     180       0       0       0       4       0       0       4       4     332       1       0       0       0       0       0       0     332       1
  206.000   256990.560       0   21191     180       0       0       0       8       0       0       8       8     334       1       0       0       0       0       0       0     334       1
  207.000   259585.952       0   21405     180       0       0       0       9       0       0       9       9     336       1       0       0       0       0       0       0     336       1
  208.000   265892.512       0   21925     180       0       0       0       4       0       0       4       4     340       1       0       0       0       0       0       0     340       1
  209.000   265371.008       0   21882     180       0       0       0       3       0       0       3       3     340       1       0       0       0       0       0       0     340       1
  210.000   266559.552       0   21980     180       0       0       0       4       0       0       4       4     334       1       0       0       0       0       0       0     334       1
  211.000   271738.208       0   22407     180       0       0       0       7       0       0       7       7     335       1       0       0       0       0       0       0     335       1
  212.000   273278.464       0   22534     180       0       0       0       3       0       0       3       3     336       1       0       0       0       0       0       0     336       1
  213.000   273727.200       0   22571     180       0       0       0      10       0       0      10      10     336       1       0       0       0       0       0       0     336       1
  214.000   273242.080       0   22531     180       0       0       0       6       0       0       6       4     342       1       0       0       0       0       0       0     342       1
  215.000   275643.424       0   22729     180       0       0       0       3       0       0       3       2     346       1       0       0       0       0       3       1     346       1
  216.000   273035.904       0   22514     180       0       0       0       2       0       0       2       2     341       1       0       0       0       0       3       1     341       1
  217.000   275303.840       0   22701     180       0       0       0       7       0       0       7       7     337       1       0       0       0       0       0       0     337       1
  218.000   277826.464       0   22909     180       0       0       0       3       0       0       3       3     337       1       0       0       0       0       0       0     337       1
  219.000   279488.000       0   23046     180       0       0       0       5       0       0       5       5     335       1       0       0       0       0       0       0     335       1
  220.000   276795.584       0   22824     180       0       0       0       6       0       0       6       6     333       1       0       0       0       0       0       0     333       1
  221.000   271143.936       0   22358     180       0       0       0       4       0       0       4       4     336       1       0       0       0       0       0       0     336       1
  222.000   267384.256       0   22048     180       0       0       0       4       0       0       4       4     335       1       0       0       0       0       0       0     335       1
  223.000   270028.160       0   22266     180       0       0       0       7       0       0       7       7     334       1       0       0       0       0       0       0     334       1
  224.000   272065.664       0   22434     180       0       0       0       6       0       0       6       6     336       1       0       0       0       0       0       0     336       1
  225.000   270161.568       0   22277     180       0       0       0       5       0       0       5       5     338       1       0       0       0       0       0       0     338       1
  226.000   270913.504       0   22339     180       0       0       0       4       0       0       4       4     340       1       0       0       0       0       0       0     340       1
  227.000   269700.704       0   22239     180       0       0       0       7       0       0       7       7     340       1       0       0       0       0       0       0     340       1
  228.000   273569.536       0   22558     180       0       0       0       3       0       0       3       3     340       1       0       0       0       0       0       0     340       1
  229.000   271095.424       0   22354     180       0       0       0       2       0       0       2       2     336       1       0       0       0       0       0       0     336       1
  230.000   270561.792       0   22310     180       0       0       0       5       0       0       5       5     335       1       0       0       0       0       0       0     335       1
  231.000   271810.976       0   22413     180       0       0       0       9       0       0       9       9     338       1       0       0       0       0       0       0     338       1
  232.000   272914.624       0   22504     180       0       0       0       7       0       0       7       7     342       1       0       0       0       0       0       0     342       1
  233.000   274006.144       0   22594     180       0       0       0       6       0       0       6       6     346       1       0       0       0       0       0       0     346       1
  234.000   273302.720       0   22536     180       0       0       0       6       0       0       6       6     348       1       0       0       0       0       0       0     348       1
  235.000   271956.512       0   22425     180       0       0       0       3       0       0       3       3     345       1       0       0       0       0       0       0     345       1
  236.000   269251.968       0   22202     180       0       0       0       3       0       0       3       3     342       1       0       0       0       0       0       0     342       1
  237.000   264752.480       0   21831     180       0       0       0       4       0       0       4       4     342       1       0       0       0       0       0       0     342       1
  238.000   261429.408       0   21557     180       0       0       0       3       0       0       3       3     339       1       0       0       0       0       0       0     339       1
  239.000   259525.312       0   21400     180       0       0       0       4       0       0       4       4     336       1       0       0       0       0       0       0     336       1
  240.000   256857.152       0   21180     180       0       0       0       4       0       0       4       4     335       1       0       0       0       0       0       0     335       1
  241.000   259585.952       0   21405     180       0       0       0      10       0       0      10      10     335       1       0       0       0       0       0       0     335       1
  242.000   257924.416       0   21268     180       0       0       0       7       0       0       7       7     337       1       0       0       0       0       0       0     337       1
  243.000   256080.960       0   21116     180       0       0       0       2       0       0       2       2     336       1       0       0       0       0       0       0     336       1
  244.000   263782.240       0   21751     180       0       0       0       3       0       0       3       3     336       1       0       0       0       0       0       0     336       1
  245.000   267845.120       0   22086     180       0       0       0       8       0       0       8       8     336       1       0       0       0       0       0       0     336       1
  246.000   267699.584       0   22074     180       0       0       0       3       0       0       3       3     334       1       0       0       0       0       0       0     334       1
  247.000   265880.384       0   21924     180       0       0       0       3       0       0       3       3     335       1       0       0       0       0       0       0     335       1
  248.000   263576.064       0   21734     180       0       0       0       5       0       0       5       5     334       1       0       0       0       0       0       0     334       1
  249.000   269700.704       0   22239     180       0       0       0       5       0       0       5       5     334       1       0       0       0       0       0       0     334       1
  250.000   274285.088       0   22617     180       0       0       0       7       0       0       7       7     334       1       0       0       0       0       0       0     334       1
  251.000   279184.800       0   23021     180       0       0       0       2       0       0       2       2     335       1       0       0       0       0       0       0     335       1
  252.000   280761.440       0   23151     180       0       0       0       4       0       0       4       4     333       1       0       0       0       0       0       0     333       1
  253.000   276734.944       0   22819     180       0       0       0       2       0       0       2       2     330       1       0       0       0       0       0       0     330       1
  254.000   266316.992       0   21960     180       0       0       0       2       0       0       2       2     327       0       0       0       0       0       0       0     327       0
  255.000   266620.192       0   21985     180       0       0       0       3       0       0       3       3     324       0       0       0       0       0       0       0     324       0
  256.000   265552.928       0   21897     180       0       0       0       3       0       0       3       3     323       0       0       0       0       0       0       0     323       0
  257.000   270513.280       0   22306     180       0       0       0       3       0       0       3       3     320       0       0       0       0       0       0       0     320       0
  258.000   264000.544       0   21769     180       0       0       0       5       0       0       5       5     318       0       0       0       0       0       0       0     318       0
  259.000   262375.392       0   21635     180       0       0       0       7       0       0       7       7     322       0       0       0       0       0       0       0     322       0
  260.000   266765.728       0   21997     180       0       0       0       6       0       0       6       6     323       0       0       0       0       0       0       0     323       0
  261.000   266135.072       0   21945     180       0       0       0       3       0       0       3       3     323       0       0       0       0       0       0       0     323       0
  262.000   258894.656       0   21348     180       0       0       0       3       0       0       3       3     320       0       0       0       0       0       0       0     320       0
  263.000   255074.336       0   21033     180       0       0       0       5       0       0       5       5     321       0       0       0       0       0       0       0     321       0
  264.000   260095.328       0   21447     180       0       0       0       7       0       0       7       7     325       0       0       0       0       0       0       0     325       0
  265.000   262933.280       0   21681     180       0       0       0       5       0       0       5       3     327       0       0       0       0       0       1       0     327       0
  266.000   257427.168       0   21227     180       0       0       0       5       0       0       5       4     328       1       0       0       0       0       2       1     328       1
  267.000   255826.272       0   21095     180       0       0       0       5       0       0       5       5     329       1       0       0       0       0       2       1     329       1
  268.000   260725.984       0   21499     180       0       0       0       4       0       0       4       3     329       1       0       0       0       0       2       1     329       1
  269.000   262096.448       0   21612     180       0       0       0       6       0       0       6       6     327       0       0       0       0       0       1       0     327       0
  270.000   265722.720       0   21911     180       0       0       0       6       0       0       6       4     330       1       0       0       0       0       2       1     330       1
  271.000   267784.480       0   22081     180       0       0       0       8       0       0       8       6     333       1       0       0       0       0       3       1     333       1
  272.000   269348.992       0   22210     180       0       0       0       8       0       0       8       6     335       1       0       0       0       0       4       2     335       1
  273.000   271010.528       0   22347     180       0       0       0       2       0       0       2       2     333       1       0       0       0       0       3       1     333       1
  274.000   270974.144       0   22344     180       0       0       0       5       0       0       5       5     332       1       0       0       0       0       1       0     332       1
  275.000   268222.848       0   22116     180       0       0       0       4       0       0       4       4     332       1       0       0       0       0       0       0     332       1
