  TimeSec      LoaKbps LoaUsag Packets DlyUsec LoaDrps MetDrps TabDrps FloMods MetMods GroMods  PktsIn PktsOut FloEntr FloUsag MetEntr MetUsag GroEntr GroUsag BufPkts BufUsag  T0Entr  T0Usag
    1.000        0.000       0       0      69       0       0       0       9       0       0       0       0       8       0       0       0       0       0       0       0       8       0
    2.000     3430.464       0     284      78       0       0       0       3       0       0       3       3      10       0       0       0       0       0       0       0      10       0
    3.000    10246.400       0     846      79       0       0       0       3       0       0       3       3      14       0       0       0       0       0       0       0      14       0
    4.000    14151.616       0    1168      83       0       0       0       3       0       0       3       3      16       0       0       0       0       0       0       0      16       0
    5.000    19900.288       0    1642      98       0       0       0       0       0       0       0       0      18       0       0       0       0       0       0       0      18       0
    6.000    23963.168       0    1977      99       0       0       0       8       0       0       8       8      24       0       0       0       0       0       0       0      24       0
    7.000    28329.248       0    2337      99       0       0       0       4       0       0       4       4      28       0       0       0       0       0       0       0      28       0
    8.000    37461.632       0    3090     115       0       0       0       5       0       0       5       5      33       0       0       0       0       0       0       0      33       0
    9.000    47067.008       0    3882     119       0       0       0       3       0       0       3       3      37       0       0       0       0       0       0       0      37       0
   10.000    53179.520       0    4386     119       0       0       0       6       0       0       6       6      41       0       0       0       0       0       0       0      41       0
   11.000    61572.096       0    5078     119       0       0       0       3       0       0       3       3      45       0       0       0       0       0       0       0      45       0
   12.000    64106.848       0    5287     119       0       0       0       0       0       0       0       0      47       0       0       0       0       0       0       0      47       0
   13.000    68885.280       0    5681     120       0       0       0       1       0       0       1       1      48       0       0       0       0       0       0       0      48       0
   14.000    71274.496       0    5878     120       0       0       0       1       0       0       1       1      48       0       0       0       0       0       0       0      48       0
   15.000    79800.480       0    6581     120       0       0       0       6       0       0       6       6      52       0       0       0       0       0       0       0      52       0
   16.000    84785.088       0    6992     120       0       0       0       0       0       0       0       0      55       0       0       0       0       0       0       0      55       0
   17.000    84469.760       0    6966     120       0       0       0       2       0       0       2       2      56       0       0       0       0       0       0       0      56       0
   18.000    87817.088       0    7242     120       0       0       0       2       0       0       2       2      58       0       0       0       0       0       0       0      58       0
   19.000    87137.920       0    7186     120       0       0       0       1       0       0       1       1      60       0       0       0       0       0       0       0      60       0
   20.000    89890.976       0    7413     120       0       0       0       3       0       0       3       3      62       0       0       0       0       0       0       0      62       0
   21.000    98319.936       0    8108     136       0       0       0       5       0       0       5       5      66       0       0       0       0       0       0       0      66       0
   22.000   105669.504       0    8714     139       0       0       0       1       0       0       1       1      68       0       0       0       0       0       0       0      68       0
   23.000   109247.264       0    9009     139       0       0       0       1       0       0       1       1      70       0       0       0       0       0       0       0      70       0
   24.000   117397.280       0    9681     139       0       0       0       4       0       0       4       4      72       0       0       0       0       0       0       0      72       0
   25.000   125159.200       0   10321     140       0       0       0       1       0       0       1       1      74       0       0       0       0       0       0       0      74       0
   26.000   131174.688       0   10817     140       0       0       0       4       0       0       4       4      77       0       0       0       0       0       0       0      77       0
   27.000   138281.696       0   11403     140       0       0       0       2       0       0       2       2      80       0       0       0       0       0       0       0      80       0
   28.000   139688.544       0   11519     140       0       0       0       2       0       0       2       2      82       0       0       0       0       0       0       0      82       0
   29.000   145376.576       0   11988     140       0       0       0       4       0       0       4       4      85       0       0       0       0       0       0       0      85       0
   30.000   150021.600       0   12371     140       0       0       0       3       0       0       3       3      88       0       0       0       0       0       0       0      88       0
   31.000   152774.656       0   12598     140       0       0       0       1       0       0       1       1      88       0       0       0       0       0       0       0      88       0
   32.000   157116.480       0   12956     140       0       0       0       1       0       0       1       1      87       0       0       0       0       0       0       0      87       0
   33.000   163944.544       0   13519     140       0       0       0       2       0       0       2       2      88       0       0       0       0       0       0       0      88       0
   34.000   166406.528       0   13722     140       0       0       0       2       0       0       2       2      88       0       0       0       0       0       0       0      88       0
   35.000   170481.536       0   14058     140       0       0       0       2       0       0       2       2      90       0       0       0       0       0       0       0      90       0
   36.000   181178.432       0   14940     140       0       0       0       4       0       0       4       4      93       0       0       0       0       0       0       0      93       0
   37.000   186405.600       0   15371     140       0       0       0       3       0       0       3       3      96       0       0       0       0       0       0       0      96       0
   38.000   188928.224       0   15579     140       0       0       0       2       0       0       2       2      99       0       0       0       0       0       0       0      99       0
   39.000   188794.816       0   15568     140       0       0       0       2       0       0       2       2     100       0       0       0       0       0       0       0     100       0
   40.000   192845.568       0   15902     140       0       0       0       3       0       0       3       3     101       0       0       0       0       0       0       0     101       0
   41.000   193367.072       0   15945     140       0       0       0       2       0       0       2       2     102       0       0       0       0       0       0       0     102       0
   42.000   196823.552       0   16230     140       0       0       0       1       0       0       1       1     104       0       0       0       0       0       0       0     104       0
   43.000   193403.456       0   15948     140       0       0       0       3       0       0       3       3     106       0       0       0       0       0       0       0     106       0
   44.000   196423.328       0   16197     140       0       0       0       6       0       0       6       6     109       0       0       0       0       0       0       0     109       0
   45.000   206234.880       0   17006     140       0       0       0       0       0       0       0       0     111       0       0       0       0       0       0       0     111       0
   46.000   209254.752       0   17255     140       0       0       0       1       0       0       1       1     110       0       0       0       0       0       0       0     110       0
   47.000   215112.576       0   17738     140       0       0       0       5       0       0       5       5     114       0       0       0       0       0       0       0     114       0
   48.000   220218.464       0   18159     140       0       0       0       2       0       0       2       2     117       0       0       0       0       0       0       0     117       0
   49.000   220376.128       0   18172     140       0       0       0       0       0       0       0       0     118       0       0       0       0       0       0       0     118       0
   50.000   226573.536       0   18683     140       0       0       0       3       0       0       3       3     120       0       0       0       0       0       0       0     120       0
   51.000   226100.544       0   18644     140       0       0       0       0       0       0       0       0     120       0       0       0       0       0       0       0     120       0
   52.000   222704.704       0   18364     140       0       0       0       1       0       0       1       1     120       0       0       0       0       0       0       0     120       0
   53.000   222061.920       0   18311     140       0       0       0       1       0       0       1       1     120       0       0       0       0       0       0       0     120       0
   54.000   225081.792       0   18560     140       0       0       0       1       0       0       1       1     120       0       0       0       0       0       0       0     120       0
   55.000   229472.128       0   18922     140       0       0       0       1       0       0       1       1     119       0       0       0       0       0       0       0     119       0
   56.000   233110.528       0   19222     140       0       0       0       1       0       0       1       1     120       0       0       0       0       0       0       0     120       0
   57.000   235220.800       0   19396     140       0       0       0       2       0       0       2       2     120       0       0       0       0       0       0       0     120       0
   58.000   237561.504       0   19589     140       0       0       0       3       0       0       3       3     122       0       0       0       0       0       0       0     122       0
   59.000   236870.208       0   19532     140       0       0       0       2       0       0       2       2     122       0       0       0       0       0       0       0     122       0
   60.000   237816.192       0   19610     140       0       0       0       1       0       0       1       1     124       0       0       0       0       0       0       0     124       0
   61.000   238228.544       0   19644     140       0       0       0       2       0       0       2       2     125       0       0       0       0       0       0       0     125       0
   62.000   239501.984       0   19749     140       0       0       0       2       0       0       2       2     127       0       0       0       0       0       0       0     127       0
   63.000   240544.992       0   19835     157       0       0       0       5       0       0       5       5     131       0       0       0       0       0       0       0     131       0
   64.000   236372.960       0   19491     159       0       0       0       1       0       0       1       1     130       0       0       0       0       0       0       0     130       0
   65.000   236748.928       0   19522     159       0       0       0       0       0       0       0       0     130       0       0       0       0       0       0       0     130       0
   66.000   240702.656       0   19848     159       0       0       0       3       0       0       3       3     131       0       0       0       0       0       0       0     131       0
   67.000   243552.736       0   20083     160       0       0       0       2       0       0       2       2     131       0       0       0       0       0       0       0     131       0
   68.000   245262.784       0   20224     150       0       0       0       1       0       0       1       1     129       0       0       0       0       0       0       0     129       0
   69.000   249349.920       0   20561     143       0       0       0       2       0       0       2       2     128       0       0       0       0       0       0       0     128       0
   70.000   245711.520       0   20261     140       0       0       0       0       0       0       0       0     128       0       0       0       0       0       0       0     128       0
   71.000   245177.888       0   20217     155       0       0       0       4       0       0       4       4     129       0       0       0       0       0       0       0     129       0
   72.000   250453.568       0   20652     159       0       0       0       2       0       0       2       2     132       0       0       0       0       0       0       0     132       0
   73.000   256335.648       0   21137     159       0       0       0       3       0       0       3       3     131       0       0       0       0       0       0       0     131       0
   74.000   260410.656       0   21473     159       0       0       0       4       0       0       4       4     133       0       0       0       0       0       0       0     133       0
   75.000   260774.496       0   21503     159       0       0       0       0       0       0       0       0     136       0       0       0       0       0       0       0     136       0
   76.000   257572.704       0   21239     160       0       0       0       0       0       0       0       0     135       0       0       0       0       0       0       0     135       0
   77.000   258094.208       0   21282     160       0       0       0       1       0       0       1       1     136       0       0       0       0       0       0       0     136       0
   78.000   257609.088       0   21242     160       0       0       0       2       0       0       2       2     135       0       0       0       0       0       0       0     135       0
   79.000   252600.224       0   20829     160       0       0       0       7       0       0       7       7     135       0       0       0       0       0       0       0     135       0
   80.000   256323.520       0   21136     160       0       0       0       2       0       0       2       2     138       0       0       0       0       0       0       0     138       0
   81.000   256044.576       0   21113     160       0       0       0       1       0       0       1       1     139       0       0       0       0       0       0       0     139       0
   82.000   250489.952       0   20655     160       0       0       0       1       0       0       1       1     139       0       0       0       0       0       0       0     139       0
   83.000   251229.760       0   20716     160       0       0       0       3       0       0       3       3     140       0       0       0       0       0       0       0     140       0
   84.000   256177.984       0   21124     160       0       0       0       2       0       0       2       2     142       0       0       0       0       0       0       0     142       0
   85.000   259307.008       0   21382     160       0       0       0       2       0       0       2       2     142       0       0       0       0       0       0       0     142       0
   86.000   266535.296       0   21978     160       0       0       0       4       0       0       4       4     146       0       0       0       0       0       0       0     146       0
   87.000   269361.120       0   22211     160       0       0       0       4       0       0       4       4     149       0       0       0       0       0       0       0     149       0
   88.000   268427.264       0   22134     160       0       0       0       1       0       0       1       1     152       0       0       0       0       0       0       0     152       0
   89.000   270792.224       0   22329     160       0       0       0       5       0       0       5       5     153       0       0       0       0       0       0       0     153       0
   90.000   274927.872       0   22670     160       0       0       0       2       0       0       2       2     154       0       0       0       0       0       0       0     154       0
   91.000   269991.776       0   22263     160       0       0       0       2       0       0       2       2     155       0       0       0       0       0       0       0     155       0
   92.000   267990.656       0   22098     160       0       0       0       1       0       0       1       1     155       0       0       0       0       0       0       0     155       0
   93.000   262339.008       0   21632     160       0       0       0       2       0       0       2       2     155       0       0       0       0       0       0       0     155       0
   94.000   256954.176       0   21188     160       0       0       0       3       0       0       3       3     156       0       0       0       0       0       0       0     156       0
   95.000   253655.360       0   20916     160       0       0       0       3       0       0       3       3     158       0       0       0       0       0       0       0     158       0
   96.000   248088.608       0   20457     160       0       0       0       1       0       0       1       1     157       0       0       0       0       0       0       0     157       0
   97.000   248209.888       0   20467     160       0       0       0       6       0       0       6       6     160       0       0       0       0       0       0       0     160       0
   98.000   249689.504       0   20589     160       0       0       0       1       0       0       1       1     161       0       0       0       0       0       0       0     161       0
   99.000   247009.216       0   20368     160       0       0       0       2       0       0       2       2     162       0       0       0       0       0       0       0     162       0
  100.000   243225.280       0   20056     160       0       0       0       0       0       0       0       0     159       0       0       0       0       0       0       0     159       0
  101.000   239877.952       0   19780     160       0       0       0       2       0       0       2       2     157       0       0       0       0       0       0       0     157       0
  102.000   239732.416       0   19768     160       0       0       0       1       0       0       1       1     157       0       0       0       0       0       0       0     157       0
  103.000   244450.208       0   20157     160       0       0       0       3       0       0       3       3     157       0       0       0       0       0       0       0     157       0
  104.000   245747.904       0   20264     160       0       0       0       0       0       0       0       0     156       0       0       0       0       0       0       0     156       0
  105.000   241005.856       0   19873     160       0       0       0       2       0       0       2       2     155       0       0       0       0       0       0       0     155       0
  106.000   241757.792       0   19935     160       0       0       0       3       0       0       3       3     158       0       0       0       0       0       0       0     158       0
  107.000   243952.960       0   20116     160       0       0       0       1       0       0       1       1     157       0       0       0       0       0       0       0     157       0
  108.000   243831.680       0   20106     160       0       0       0       3       0       0       3       3     156       0       0       0       0       0       0       0     156       0
  109.000   246766.656       0   20348     160       0       0       0       4       0       0       4       4     156       0       0       0       0       0       0       0     156       0
  110.000   253352.160       0   20891     160       0       0       0       1       0       0       1       1     155       0       0       0       0       0       0       0     155       0
  111.000   252515.328       0   20822     160       0       0       0       3       0       0       3       3     152       0       0       0       0       0       0       0     152       0
  112.000   252794.272       0   20845     160       0       0       0       1       0       0       1       1     152       0       0       0       0       0       0       0     152       0
  113.000   252721.504       0   20839     160       0       0       0       1       0       0       1       1     150       0       0       0       0       0       0       0     150       0
  114.000   257463.552       0   21230     160       0       0       0       7       0       0       7       7     152       0       0       0       0       0       0       0     152       0
  115.000   259525.312       0   21400     160       0       0       0       3       0       0       3       3     152       0       0       0       0       0       0       0     152       0
  116.000   262945.408       0   21682     160       0       0       0       3       0       0       3       3     154       0       0       0       0       0       0       0     154       0
  117.000   258397.408       0   21307     160       0       0       0       3       0       0       3       3     155       0       0       0       0       0       0       0     155       0
  118.000   254698.368       0   21002     160       0       0       0       1       0       0       1       1     155       0       0       0       0       0       0       0     155       0
  119.000   255838.400       0   21096     160       0       0       0       0       0       0       0       0     152       0       0       0       0       0       0       0     152       0
  120.000   256190.112       0   21125     160       0       0       0       0       0       0       0       0     149       0       0       0       0       0       0       0     149       0
  121.000   261380.896       0   21553     160       0       0       0       3       0       0       3       3     150       0       0       0       0       0       0       0     150       0
  122.000   261065.568       0   21527     160       0       0       0       0       0       0       0       0     150       0       0       0       0       0       0       0     150       0
  123.000   257985.056       0   21273     160       0       0       0       4       0       0       4       4     151       0       0       0       0       0       0       0     151       0
  124.000   256262.880       0   21131     160       0       0       0       2       0       0       2       2     152       0       0       0       0       0       0       0     152       0
  125.000   256541.824       0   21154     160       0       0       0       2       0       0       2       2     154       0       0       0       0       0       0       0     154       0
  126.000   255571.584       0   21074     160       0       0       0       1       0       0       1       1     153       0       0       0       0       0       0       0     153       0
  127.000   260774.496       0   21503     160       0       0       0       4       0       0       4       4     154       0       0       0       0       0       0       0     154       0
  128.000   268524.288       0   22142     160       0       0       0       4       0       0       4       4     152       0       0       0       0       0       0       0     152       0
  129.000   272975.264       0   22509     160       0       0       0       3       0       0       3       3     151       0       0       0       0       0       0       0     151       0
  130.000   277474.752       0   22880     160       0       0       0       2       0       0       2       2     151       0       0       0       0       0       0       0     151       0
  131.000   272005.024       0   22429     160       0       0       0       1       0       0       1       1     148       0       0       0       0       0       0       0     148       0
  132.000   271398.624       0   22379     160       0       0       0       2       0       0       2       2     147       0       0       0       0       0       0       0     147       0
  133.000   271847.360       0   22416     160       0       0       0       2       0       0       2       2     149       0       0       0       0       0       0       0     149       0
  134.000   274357.856       0   22623     160       0       0       0       4       0       0       4       4     151       0       0       0       0       0       0       0     151       0
  135.000   278069.024       0   22929     160       0       0       0       3       0       0       3       3     152       0       0       0       0       0       0       0     152       0
  136.000   280179.296       0   23103     160       0       0       0       2       0       0       2       2     152       0       0       0       0       0       0       0     152       0
  137.000   280179.296       0   23103     160       0       0       0       2       0       0       2       2     153       0       0       0       0       0       0       0     153       0
  138.000   286085.632       0   23590     160       0       0       0       2       0       0       2       2     154       0       0       0       0       0       0       0     154       0
  139.000   285479.232       0   23540     160       0       0       0       1       0       0       1       1     154       0       0       0       0       0       0       0     154       0
  140.000   285006.240       0   23501     160       0       0       0       1       0       0       1       1     154       0       0       0       0       0       0       0     154       0
  141.000   284994.112       0   23500     160       0       0       0       5       0       0       5       5     154       0       0       0       0       0       0       0     154       0
  142.000   287941.216       0   23743     160       0       0       0       1       0       0       1       1     153       0       0       0       0       0       0       0     153       0
  143.000   290948.960       0   23991     160       0       0       0       4       0       0       4       4     155       0       0       0       0       0       0       0     155       0
  144.000   287237.792       0   23685     160       0       0       0       4       0       0       4       4     157       0       0       0       0       0       0       0     157       0
  145.000   284994.112       0   23500     160       0       0       0       2       0       0       2       2     159       0       0       0       0       0       0       0     159       0
  146.000   282131.904       0   23264     160       0       0       0       3       0       0       3       3     160       0       0       0       0       0       0       0     160       0
  147.000   282932.352       0   23330     160       0       0       0       6       0       0       6       6     164       0       0       0       0       0       0       0     164       0
  148.000   279524.384       0   23049     160       0       0       0       3       0       0       3       3     167       0       0       0       0       0       0       0     167       0
  149.000   277874.976       0   22913     160       0       0       0       1       0       0       1       1     164       0       0       0       0       0       0       0     164       0
  150.000   276759.200       0   22821     160       0       0       0       1       0       0       1       1     162       0       0       0       0       0       0       0     162       0
  151.000   279512.256       0   23048     160       0       0       0       3       0       0       3       3     163       0       0       0       0       0       0       0     163       0
  152.000   280676.544       0   23144     160       0       0       0       3       0       0       3       3     165       0       0       0       0       0       0       0     165       0
  153.000   282847.456       0   23323     160       0       0       0       1       0       0       1       1     166       0       0       0       0       0       0       0     166       0
  154.000   284193.664       0   23434     160       0       0       0       6       0       0       6       6     168       0       0       0       0       0       0       0     168       0
  155.000   285746.048       0   23562     160       0       0       0       5       0       0       5       5     170       0       0       0       0       0       0       0     170       0
  156.000   277596.032       0   22890     160       0       0       0       2       0       0       2       2     173       0       0       0       0       0       0       0     173       0
  157.000   277474.752       0   22880     160       0       0       0       4       0       0       4       4     172       0       0       0       0       0       0       0     172       0
  158.000   279585.024       0   23054     160       0       0       0       1       0       0       1       1     172       0       0       0       0       0       0       0     172       0
  159.000   278044.768       0   22927     160       0       0       0       3       0       0       3       3     172       0       0       0       0       0       0       0     172       0
  160.000   272878.240       0   22501     160       0       0       0       2       0       0       2       2     171       0       0       0       0       0       0       0     171       0
  161.000   270476.896       0   22303     160       0       0       0       4       0       0       4       4     171       0       0       0       0       0       0       0     171       0
  162.000   274636.800       0   22646     160       0       0       0       0       0       0       0       0     171       0       0       0       0       0       0       0     171       0
  163.000   274806.592       0   22660     160       0       0       0       2       0       0       2       2     171       0       0       0       0       0       0       0     171       0
  164.000   274758.080       0   22656     160       0       0       0       3       0       0       3       3     169       0       0       0       0       0       0       0     169       0
  165.000   275049.152       0   22680     160       0       0       0       0       0       0       0       0     169       0       0       0       0       0       0       0     169       0
  166.000   274855.104       0   22664     160       0       0       0       2       0       0       2       2     168       0       0       0       0       0       0       0     168       0
  167.000   274430.624       0   22629     160       0       0       0       2       0       0       2       2     166       0       0       0       0       0       0       0     166       0
  168.000   277583.904       0   22889     160       0       0       0       4       0       0       4       4     167       0       0       0       0       0       0       0     167       0
  169.000   273618.048       0   22562     160       0       0       0       3       0       0       3       3     169       0       0       0       0       0       0       0     169       0
  170.000   275485.760       0   22716     160       0       0       0       3       0       0       3       3     171       0       0       0       0       0       0       0     171       0
  171.000   283332.576       0   23363     160       0       0       0       4       0       0       4       4     171       0       0       0       0       0       0       0     171       0
  172.000   282811.072       0   23320     160       0       0       0       3       0       0       3       3     168       0       0       0       0       0       0       0     168       0
  173.000   285018.368       0   23502     160       0       0       0       2       0       0       2       2     167       0       0       0       0       0       0       0     167       0
  174.000   292840.928       0   24147     160       0       0       0       6       0       0       6       6     167       0       0       0       0       0       0       0     167       0
  175.000   295569.728       0   24372     160       0       0       0       1       0       0       1       1     169       0       0       0       0       0       0       0     169       0
  176.000   297328.288       0   24517     160       0       0       0       1       0       0       1       1     169       0       0       0       0       0       0       0     169       0
  177.000   295048.224       0   24329     160       0       0       0       2       0       0       2       2     167       0       0       0       0       0       0       0     167       0
  178.000   298807.904       0   24639     160       0       0       0       3       0       0       3       3     166       0       0       0       0       0       0       0     166       0
  179.000   298662.368       0   24627     160       0       0       0       4       0       0       4       4     167       0       0       0       0       0       0       0     167       0
  180.000   296806.784       0   24474     160       0       0       0       1       0       0       1       1     168       0       0       0       0       0       0       0     168       0
  181.000   293932.448       0   24237     160       0       0       0       0       0       0       0       0     168       0       0       0       0       0       0       0     168       0
  182.000   295169.504       0   24339     160       0       0       0       2       0       0       2       2     168       0       0       0       0       0       0       0     168       0
  183.000   298080.224       0   24579     160       0       0       0       4       0       0       4       4     168       0       0       0       0       0       0       0     168       0
  184.000   303950.176       0   25063     160       0       0       0       3       0       0       3       3     169       0       0       0       0       0       0       0     169       0
  185.000   301961.184       0   24899     160       0       0       0       3       0       0       3       3     170       0       0       0       0       0       0       0     170       0
  186.000   297752.768       0   24552     160       0       0       0       1       0       0       1       1     168       0       0       0       0       0       0       0     168       0
  187.000   300032.832       0   24740     160       0       0       0       3       0       0       3       3     169       0       0       0       0       0       0       0     169       0
  188.000   300724.128       0   24797     160       0       0       0       4       0       0       4       4     172       0       0       0       0       0       0       0     172       0
  189.000   304192.736       0   25083     160       0       0       0       1       0       0       1       1     172       0       0       0       0       0       0       0     172       0
  190.000   309347.136       0   25508     160       0       0       0       1       0       0       1       1     170       0       0       0       0       0       0       0     170       0
  191.000   306970.048       0   25312     160       0       0       0       2       0       0       2       2     167       0       0       0       0       0       0       0     167       0
  192.000   308049.440       0   25401     160       0       0       0       5       0       0       5       5     168       0       0       0       0       0       0       0     168       0
  193.000   307552.192       0   25360     160       0       0       0       0       0       0       0       0     171       0       0       0       0       0       0       0     171       0
  194.000   307176.224       0   25329     160       0       0       0       1       0       0       1       1     170       0       0       0       0       0       0       0     170       0
  195.000   310741.856       0   25623     160       0       0       0       3       0       0       3       3     169       0       0       0       0       0       0       0     169       0
  196.000   310681.216       0   25618     160       0       0       0       1       0       0       1       1     170       0       0       0       0       0       0       0     170       0
  197.000   311615.072       0   25695     160       0       0       0       5       0       0       5       5     174       0       0       0       0       0       0       0     174       0
  198.000   313240.224       0   25829     160       0       0       0       2       0       0       2       2     174       0       0       0       0       0       0       0     174       0
  199.000   316769.472       0   26120     160       0       0       0       3       0       0       3       3     174       0       0       0       0       0       0       0     174       0
  200.000   318685.696       0   26278     160       0       0       0       3       0       0       3       3     175       0       0       0       0       0       0       0     175       0
  201.000   320820.224       0   26454     160       0       0       0       6       0       0       6       6     176       0       0       0       0       0       0       0     176       0
  202.000   333809.312       0   27525     160       0       0       0       4       0       0       4       4     176       0       0       0       0       0       0       0     176       0
  203.000   332984.608       0   27457     160       0       0       0       2       0       0       2       2     176       0       0       0       0       0       0       0     176       0
  204.000   321305.344       0   26494     160       0       0       0       1       0       0       1       1     177       0       0       0       0       0       0       0     177       0
  205.000   320468.512       0   26425     160       0       0       0       4       0       0       4       4     177       0       0       0       0       0       0       0     177       0
  206.000   321475.136       0   26508     160       0       0       0       1       0       0       1       1     178       0       0       0       0       0       0       0     178       0
  207.000   321535.776       0   26513     160       0       0       0       2       0       0       2       2     179       0       0       0       0       0       0       0     179       0
  208.000   318952.512       0   26300     160       0       0       0       5       0       0       5       5     180       0       0       0       0       0       0       0     180       0
  209.000   315241.344       0   25994     160       0       0       0       1       0       0       1       1     180       0       0       0       0       0       0       0     180       0
  210.000   313021.920       0   25811     160       0       0       0       1       0       0       1       1     178       0       0       0       0       0       0       0     178       0
  211.000   319352.736       0   26333     160       0       0       0       3       0       0       3       3     177       0       0       0       0       0       0       0     177       0
  212.000   322942.624       0   26629     160       0       0       0       1       0       0       1       1     176       0       0       0       0       0       0       0     176       0
  213.000   322178.560       0   26566     160       0       0       0       2       0       0       2       2     176       0       0       0       0       0       0       0     176       0
  214.000   317582.048       0   26187     160       0       0       0       2       0       0       2       2     175       0       0       0       0       0       0       0     175       0
  215.000   317218.208       0   26157     160       0       0       0       3       0       0       3       3     177       0       0       0       0       0       0       0     177       0
  216.000   321402.368       0   26502     160       0       0       0       3       0       0       3       3     173       0       0       0       0       0       0       0     173       0
  217.000   320917.248       0   26462     160       0       0       0       1       0       0       1       1     171       0       0       0       0       0       0       0     171       0
  218.000   323949.248       0   26712     160       0       0       0       6       0       0       6       6     174       0       0       0       0       0       0       0     174       0
  219.000   323197.312       0   26650     160       0       0       0       1       0       0       1       1     173       0       0       0       0       0       0       0     173       0
  220.000   325610.784       0   26849     160       0       0       0       4       0       0       4       4     172       0       0       0       0       0       0       0     172       0
  221.000   314695.584       0   25949     160       0       0       0       3       0       0       3       3     175       0       0       0       0       0       0       0     175       0
  222.000   316393.504       0   26089     160       0       0       0       2       0       0       2       2     177       0       0       0       0       0       0       0     177       0
  223.000   314174.080       0   25906     160       0       0       0       4       0       0       4       4     178       0       0       0       0       0       0       0     178       0
  224.000   314416.640       0   25926     160       0       0       0       2       0       0       2       2     179       0       0       0       0       0       0       0     179       0
  225.000   314659.200       0   25946     160       0       0       0       2       0       0       2       2     178       0       0       0       0       0       0       0     178       0
  226.000   315399.008       0   26007     160       0       0       0       1       0       0       1       1     179       0       0       0       0       0       0       0     179       0
  227.000   317885.248       0   26212     160       0       0       0       3       0       0       3       3     179       0       0       0       0       0       0       0     179       0
  228.000   326217.184       0   26899     160       0       0       0       5       0       0       5       5     182       0       0       0       0       0       0       0     182       0
  229.000   327563.392       0   27010     160       0       0       0       2       0       0       2       2     182       0       0       0       0       0       0       0     182       0
  230.000   329188.544       0   27144     160       0       0       0       0       0       0       0       0     181       0       0       0       0       0       0       0     181       0
  231.000   331856.704       0   27364     160       0       0       0       3       0       0       3       3     181       0       0       0       0       0       0       0     181       0
  232.000   324968.000       0   26796     160       0       0       0       3       0       0       3       3     181       0       0       0       0       0       0       0     181       0
  233.000   320250.208       0   26407     160       0       0       0       2       0       0       2       2     183       0       0       0       0       0       0       0     183       0
  234.000   311421.024       0   25679     160       0       0       0       1       0       0       1       1     184       0       0       0       0       0       0       0     184       0
  235.000   307479.424       0   25354     160       0       0       0       2       0       0       2       2     183       0       0       0       0       0       0       0     183       0
  236.000   307054.944       0   25319     160       0       0       0       0       0       0       0       0     181       0       0       0       0       0       0       0     181       0
  237.000   301439.680       0   24856     160       0       0       0       2       0       0       2       2     180       0       0       0       0       0       0       0     180       0
  238.000   308849.888       0   25467     160       0       0       0       5       0       0       5       5     181       0       0       0       0       0       0       0     181       0
  239.000   310851.008       0   25632     160       0       0       0       2       0       0       2       2     181       0       0       0       0       0       0       0     181       0
  240.000   306921.536       0   25308     160       0       0       0       1       0       0       1       1     181       0       0       0       0       0       0       0     181       0
  241.000   305029.568       0   25152     160       0       0       0       1       0       0       1       1     179       0       0       0       0       0       0       0     179       0
  242.000   301039.456       0   24823     160       0       0       0       2       0       0       2       2     178       0       0       0       0       0       0       0     178       0
  243.000   305672.352       0   25205     160       0       0       0       3       0       0       3       3     180       0       0       0       0       0       0       0     180       0
  244.000   304204.864       0   25084     160       0       0       0       2       0       0       2       2     181       0       0       0       0       0       0       0     181       0
  245.000   302130.976       0   24913     160       0       0       0       1       0       0       1       1     181       0       0       0       0       0       0       0     181       0
  246.000   308110.080       0   25406     160       0       0       0       1       0       0       1       1     181       0       0       0       0       0       0       0     181       0
  247.000   307091.328       0   25322     160       0       0       0       2       0       0       2       2     178       0       0       0       0       0       0       0     178       0
  248.000   306860.896       0   25303     160       0       0       0       3       0       0       3       3     176       0       0       0       0       0       0       0     176       0
  249.000   300978.816       0   24818     160       0       0       0       1       0       0       1       1     173       0       0       0       0       0       0       0     173       0
  250.000   304944.672       0   25145     160       0       0       0       5       0       0       5       5     174       0       0       0       0       0       0       0     174       0
  251.000   305745.120       0   25211     160       0       0       0       2       0       0       2       2     176       0       0       0       0       0       0       0     176       0
  252.000   306509.184       0   25274     160       0       0       0       1       0       0       1       1     172       0       0       0       0       0       0       0     172       0
  253.000   301051.584       0   24824     160       0       0       0       2       0       0       2       2     172       0       0       0       0       0       0       0     172       0
  254.000   295618.240       0   24376     160       0       0       0       5       0       0       5       5     173       0       0       0       0       0       0       0     173       0
  255.000   297255.520       0   24511     160       0       0       0       3       0       0       3       3     173       0       0       0       0       0       0       0     173       0
  256.000   297922.560       0   24566     160       0       0       0       1       0       0       1       1     172       0       0       0       0       0       0       0     172       0
  257.000   296782.528       0   24472     160       0       0       0       3       0       0       3       3     172       0       0       0       0       0       0       0     172       0
  258.000   294550.976       0   24288     160       0       0       0       1       0       0       1       1     173       0       0       0       0       0       0       0     173       0
  259.000   297025.088       0   24492     160       0       0       0       2       0       0       2       2     173       0       0       0       0       0       0       0     173       0
  260.000   297813.408       0   24557     160       0       0       0       0       0       0       0       0     171       0       0       0       0       0       0       0     171       0
  261.000   297085.728       0   24497     160       0       0       0       3       0       0       3       3     171       0       0       0       0       0       0       0     171       0
  262.000   301366.912       0   24850     160       0       0       0       2       0       0       2       2     172       0       0       0       0       0       0       0     172       0
  263.000   307564.320       0   25361     160       0       0       0       5       0       0       5       5     174       0       0       0       0       0       0       0     174       0
  264.000   308752.864       0   25459     160       0       0       0       4       0       0       4       4     173       0       0       0       0       0       0       0     173       0
  265.000   309686.720       0   25536     160       0       0       0       5       0       0       5       5     176       0       0       0       0       0       0       0     176       0
  266.000   312172.960       0   25741     160       0       0       0       1       0       0       1       1     178       0       0       0       0       0       0       0     178       0
  267.000   318649.312       0   26275     160       0       0       0       2       0       0       2       2     178       0       0       0       0       0       0       0     178       0
  268.000   310499.296       0   25603     160       0       0       0       0       0       0       0       0     175       0       0       0       0       0       0       0     175       0
  269.000   301585.216       0   24868     160       0       0       0       5       0       0       5       5     174       0       0       0       0       0       0       0     174       0
  270.000   301621.600       0   24871     160       0       0       0       1       0       0       1       1     174       0       0       0       0       0       0       0     174       0
  271.000   297473.824       0   24529     160       0       0       0       2       0       0       2       2     175       0       0       0       0       0       0       0     175       0
  272.000   292452.832       0   24115     160       0       0       0       2       0       0       2       2     173       0       0       0       0       0       0       0     173       0
  273.000   289432.960       0   23866     160       0       0       0       3       0       0       3       3     173       0       0       0       0       0       0       0     173       0
  274.000   287019.488       0   23667     160       0       0       0       2       0       0       2       2     174       0       0       0       0       0       0       0     174       0
  275.000   291581.376       0   24042     160       0       0       0       1       0       0       1       1     172       0       0       0       0       0       0       0     172       0
