  TimeSec      LoaKbps LoaUsag Packets DlyUsec LoaDrps MetDrps TabDrps FloMods MetMods GroMods  PktsIn PktsOut FloEntr FloUsag MetEntr MetUsag GroEntr GroUsag BufPkts BufUsag  T0Entr  T0Usag
    1.000        0.000       0       0      34       0       0       0       3       0       2       0       0       3       2       0       0       2       0       0       0       3       2
    2.000     1969.920       0     163      56       0       0       0       4       0       0       0       0       5       3       0       0       2       0       0       0       5       3
    3.000     4383.392       0     362      73       0       0       0       2       0       0       0       0       8       4       0       0       2       0       0       0       8       4
    4.000     6978.784       1     576      79       0       0       0       4       0       0       0       0      11       6       0       0       2       0       0       0      11       6
    5.000     9756.096       1     805      79       0       0       0       0       0       0       0       0      13       7       0       0       2       0       0       0      13       7
    6.000    10580.800       1     873      79       0       0       0       2       0       0       0       0      15       8       0       0       2       0       0       0      15       8
    7.000    11732.960       1     968      97       0       0       0       6       0       0       0       0      19      10       0       0       2       0       0       0      19      10
    8.000    12739.584       1    1051      99       0       0       0       2       0       0       0       0      22      11       0       0       2       0       0       0      22      11
    9.000    12727.456       1    1050      99       0       0       0       2       0       0       0       0      23      12       0       0       2       0       0       0      23      12
   10.000    14122.176       1    1165      99       0       0       0       2       0       0       0       0      25      13       0       0       2       0       0       0      25      13
   11.000    16196.064       2    1336     100       0       0       0       2       0       0       0       0      28      14       0       0       2       0       0       0      28      14
   12.000    19325.088       2    1594     107       0       0       0       4       0       0       0       0      31      16       0       0       2       0       0       0      31      16
   13.000    23303.072       2    1922     118       0       0       0       4       0       0       0       0      35      18       0       0       2       0       0       0      35      18
   14.000    25085.888       3    2069     119       0       0       0       2       0       0       0       0      37      19       0       0       2       0       0       0      37      19
   15.000    28627.264       3    2361     119       0       0       0       2       0       0       0       0      40      20       0       0       2       0       0       0      40      20
   16.000    29743.040       3    2453     119       0       0       0       4       0       0       0       0      43      22       0       0       2       0       0       0      43      22
   17.000    33405.696       3    2755     120       0       0       0       8       0       0       0       0      49      25       0       0       2       0       0       0      49      25
   18.000    34703.392       3    2862     120       0       0       0       0       0       0       0       0      50      25       0       0       2       0       0       0      50      25
   19.000    35564.480       4    2933     120       0       0       0       4       0       0       0       0      52      26       0       0       2       0       0       0      52      26
   20.000    36389.184       4    3001     120       0       0       0       6       0       0       0       0      55      28       0       0       2       0       0       0      55      28
   21.000    38099.232       4    3142     120       0       0       0       2       0       0       0       0      58      29       0       0       2       0       0       0      58      29
   22.000    39178.624       4    3231     120       0       0       0       4       0       0       0       0      60      30       0       0       2       0       0       0      60      30
   23.000    39942.688       4    3294     120       0       0       0       2       0       0       0       0      61      31       0       0       2       0       0       0      61      31
   24.000    39869.920       4    3288     120       0       0       0       2       0       0       0       0      63      32       0       0       2       0       0       0      63      32
   25.000    40027.584       4    3301     120       0       0       0       2       0       0       0       0      63      32       0       0       2       0       0       0      63      32
   26.000    41555.712       4    3427     136       0       0       0       4       0       0       0       0      65      33       0       0       2       0       0       0      65      33
   27.000    43314.272       4    3572     139       0       0       0       2       0       0       0       0      66      33       0       0       2       0       0       0      66      33
   28.000    44369.408       4    3659     132       0       0       0       0       0       0       0       0      65      33       0       0       2       0       0       0      65      33
   29.000    45194.112       5    3727     138       0       0       0       6       0       0       0       0      68      34       0       0       2       0       0       0      68      34
   30.000    47474.176       5    3915     139       0       0       0       4       0       0       0       0      71      36       0       0       2       0       0       0      71      36
   31.000    49402.528       5    4074     139       0       0       0       4       0       0       0       0      73      37       0       0       2       0       0       0      73      37
   32.000    52907.520       5    4363     139       0       0       0       2       0       0       0       0      73      37       0       0       2       0       0       0      73      37
   33.000    56861.248       6    4689     140       0       0       0       6       0       0       0       0      76      38       0       0       2       0       0       0      76      38
   34.000    59323.232       6    4892     140       0       0       0       4       0       0       0       0      78      39       0       0       2       0       0       0      78      39
   35.000    60475.392       6    4987     140       0       0       0       2       0       0       0       0      79      40       0       0       2       0       0       0      79      40
   36.000    62840.352       6    5182     140       0       0       0       4       0       0       0       0      80      40       0       0       2       0       0       0      80      40
   37.000    65993.632       7    5442     140       0       0       0       0       0       0       0       0      80      40       0       0       2       0       0       0      80      40
   38.000    65096.160       7    5368     140       0       0       0       4       0       0       0       0      81      41       0       0       2       0       0       0      81      41
   39.000    63737.824       6    5256     140       0       0       0       4       0       0       0       0      82      41       0       0       2       0       0       0      82      41
   40.000    64404.864       6    5311     140       0       0       0       4       0       0       0       0      84      42       0       0       2       0       0       0      84      42
   41.000    64004.640       6    5278     140       0       0       0       0       0       0       0       0      85      43       0       0       2       0       0       0      85      43
   42.000    63689.312       6    5252     140       0       0       0       4       0       0       0       0      86      43       0       0       2       0       0       0      86      43
   43.000    66515.136       7    5485     140       0       0       0       2       0       0       0       0      89      45       0       0       2       0       0       0      89      45
   44.000    63228.448       6    5214     140       0       0       0       4       0       0       0       0      90      45       0       0       2       0       0       0      90      45
   45.000    63082.912       6    5202     140       0       0       0       4       0       0       0       0      91      46       0       0       2       0       0       0      91      46
   46.000    64125.920       6    5288     140       0       0       0       6       0       0       0       0      94      47       0       0       2       0       0       0      94      47
   47.000    66357.472       7    5472     140       0       0       0       6       0       0       0       0      96      48       0       0       2       0       0       0      96      48
   48.000    70978.240       7    5853     140       0       0       0       8       0       0       0       0     103      52       0       0       2       0       0       0     103      52
   49.000    73403.840       7    6053     140       0       0       0       2       0       0       0       0     106      53       0       0       2       0       0       0     106      53
   50.000    73864.704       7    6091     140       0       0       0       4       0       0       0       0     108      54       0       0       2       0       0       0     108      54
   51.000    74919.840       7    6178     140       0       0       0       6       0       0       0       0     110      55       0       0       2       0       0       0     110      55
   52.000    77175.648       8    6364     140       0       0       0       6       0       0       0       0     113      57       0       0       2       0       0       0     113      57
   53.000    75223.040       8    6203     140       0       0       0       0       0       0       0       0     114      57       0       0       2       0       0       0     114      57
   54.000    73500.864       7    6061     140       0       0       0       2       0       0       0       0     112      56       0       0       2       0       0       0     112      56
   55.000    74325.568       7    6129     140       0       0       0       6       0       0       0       0     114      57       0       0       2       0       0       0     114      57
   56.000    75501.984       8    6226     140       0       0       0       2       0       0       0       0     115      58       0       0       2       0       0       0     115      58
   57.000    77563.744       8    6396     140       0       0       0       4       0       0       0       0     116      58       0       0       2       0       0       0     116      58
   58.000    78170.144       8    6446     140       0       0       0       8       0       0       0       0     120      60       0       0       2       0       0       0     120      60
   59.000    81735.776       8    6740     140       0       0       0       2       0       0       0       0     121      61       0       0       2       0       0       0     121      61
   60.000    80462.336       8    6635     140       0       0       0       2       0       0       0       0     119      60       0       0       2       0       0       0     119      60
   61.000    84222.016       8    6945     140       0       0       0       4       0       0       0       0     121      61       0       0       2       0       0       0     121      61
   62.000    88563.840       9    7303     140       0       0       0       4       0       0       0       0     124      62       0       0       2       0       0       0     124      62
   63.000    88212.128       9    7274     140       0       0       0       2       0       0       0       0     120      60       0       0       2       0       0       0     120      60
   64.000    89813.024       9    7406     140       0       0       0       4       0       0       0       0     122      61       0       0       2       0       0       0     122      61
   65.000    89776.640       9    7403     140       0       0       0       2       0       0       0       0     123      62       0       0       2       0       0       0     123      62
   66.000    85944.192       9    7087     140       0       0       0       0       0       0       0       0     121      61       0       0       2       0       0       0     121      61
   67.000    83846.048       8    6914     140       0       0       0       6       0       0       0       0     121      61       0       0       2       0       0       0     121      61
   68.000    84561.600       8    6973     140       0       0       0       0       0       0       0       0     121      61       0       0       2       0       0       0     121      61
   69.000    79661.888       8    6569     140       0       0       0       4       0       0       0       0     122      61       0       0       2       0       0       0     122      61
   70.000    79795.296       8    6580     140       0       0       0       4       0       0       0       0     123      62       0       0       2       0       0       0     123      62
   71.000    82997.088       8    6844     140       0       0       0       2       0       0       0       0     124      62       0       0       2       0       0       0     124      62
   72.000    86308.032       9    7117     140       0       0       0       2       0       0       0       0     124      62       0       0       2       0       0       0     124      62
   73.000    87520.832       9    7217     140       0       0       0       4       0       0       0       0     123      62       0       0       2       0       0       0     123      62
   74.000    87156.992       9    7187     140       0       0       0       8       0       0       0       0     126      63       0       0       2       0       0       0     126      63
   75.000    86138.240       9    7103     153       0       0       0       2       0       0       0       0     128      64       0       0       2       0       0       0     128      64
   76.000    83943.072       8    6922     145       0       0       0       4       0       0       0       0     128      64       0       0       2       0       0       0     128      64
   77.000    83470.080       8    6883     142       0       0       0       0       0       0       0       0     127      64       0       0       2       0       0       0     127      64
   78.000    83433.696       8    6880     157       0       0       0       6       0       0       0       0     130      65       0       0       2       0       0       0     130      65
   79.000    84889.056       8    7000     159       0       0       0       6       0       0       0       0     131      66       0       0       2       0       0       0     131      66
   80.000    86829.536       9    7160     159       0       0       0       4       0       0       0       0     136      68       0       0       2       0       0       0     136      68
   81.000    87254.016       9    7195     159       0       0       0       2       0       0       0       0     136      68       0       0       2       0       0       0     136      68
   82.000    86914.432       9    7167     160       0       0       0       0       0       0       0       0     131      66       0       0       2       0       0       0     131      66
   83.000    88333.408       9    7284     160       0       0       0       4       0       0       0       0     132      66       0       0       2       0       0       0     132      66
   84.000    87739.136       9    7235     160       0       0       0       0       0       0       0       0     129      65       0       0       2       0       0       0     129      65
   85.000    88612.352       9    7307     160       0       0       0       6       0       0       0       0     131      66       0       0       2       0       0       0     131      66
   86.000    89376.416       9    7370     160       0       0       0       0       0       0       0       0     132      66       0       0       2       0       0       0     132      66
   87.000    89825.152       9    7407     160       0       0       0       6       0       0       0       0     134      67       0       0       2       0       0       0     134      67
   88.000    88018.080       9    7258     160       0       0       0       4       0       0       0       0     135      68       0       0       2       0       0       0     135      68
   89.000    86841.664       9    7161     160       0       0       0       2       0       0       0       0     133      67       0       0       2       0       0       0     133      67
   90.000    85568.224       9    7056     160       0       0       0       6       0       0       0       0     132      66       0       0       2       0       0       0     132      66
   91.000    85689.504       9    7066     160       0       0       0       6       0       0       0       0     135      68       0       0       2       0       0       0     135      68
   92.000    84828.416       8    6995     160       0       0       0       4       0       0       0       0     135      68       0       0       2       0       0       0     135      68
   93.000    81323.424       8    6706     160       0       0       0       2       0       0       0       0     135      68       0       0       2       0       0       0     135      68
   94.000    82778.784       8    6826     160       0       0       0       8       0       0       0       0     137      69       0       0       2       0       0       0     137      69
   95.000    85313.536       9    7035     160       0       0       0       4       0       0       0       0     139      70       0       0       2       0       0       0     139      70
   96.000    86041.216       9    7095     160       0       0       0       0       0       0       0       0     139      70       0       0       2       0       0       0     139      70
   97.000    85665.248       9    7064     160       0       0       0       2       0       0       0       0     139      70       0       0       2       0       0       0     139      70
   98.000    85907.808       9    7084     160       0       0       0       0       0       0       0       0     138      69       0       0       2       0       0       0     138      69
   99.000    85070.976       9    7015     160       0       0       0       2       0       0       0       0     137      69       0       0       2       0       0       0     137      69
  100.000    86150.368       9    7104     160       0       0       0       4       0       0       0       0     137      69       0       0       2       0       0       0     137      69
  101.000    86659.744       9    7146     160       0       0       0       4       0       0       0       0     139      70       0       0       2       0       0       0     139      70
  102.000    88224.256       9    7275     160       0       0       0       4       0       0       0       0     142      71       0       0       2       0       0       0     142      71
  103.000    88406.176       9    7290     160       0       0       0       0       0       0       0       0     139      70       0       0       2       0       0       0     139      70
  104.000    86174.624       9    7106     160       0       0       0       4       0       0       0       0     138      69       0       0       2       0       0       0     138      69
  105.000    85070.976       9    7015     160       0       0       0       4       0       0       0       0     138      69       0       0       2       0       0       0     138      69
  106.000    86016.960       9    7093     160       0       0       0       2       0       0       0       0     137      69       0       0       2       0       0       0     137      69
  107.000    85568.224       9    7056     160       0       0       0       2       0       0       0       0     135      68       0       0       2       0       0       0     135      68
  108.000    84306.912       8    6952     160       0       0       0       0       0       0       0       0     132      66       0       0       2       0       0       0     132      66
  109.000    79237.408       8    6534     160       0       0       0       6       0       0       0       0     131      66       0       0       2       0       0       0     131      66
  110.000    77551.616       8    6395     156       0       0       0       0       0       0       0       0     130      65       0       0       2       0       0       0     130      65
  111.000    77466.720       8    6388     158       0       0       0       4       0       0       0       0     131      66       0       0       2       0       0       0     131      66
  112.000    78291.424       8    6456     159       0       0       0       0       0       0       0       0     130      65       0       0       2       0       0       0     130      65
  113.000    77636.512       8    6402     159       0       0       0       4       0       0       0       0     129      65       0       0       2       0       0       0     129      65
  114.000    78267.168       8    6454     159       0       0       0       2       0       0       0       0     132      66       0       0       2       0       0       0     132      66
  115.000    78133.760       8    6443     160       0       0       0       2       0       0       0       0     133      67       0       0       2       0       0       0     133      67
  116.000    76084.128       8    6274     160       0       0       0       4       0       0       0       0     134      67       0       0       2       0       0       0     134      67
  117.000    74507.488       7    6144     160       0       0       0       2       0       0       0       0     134      67       0       0       2       0       0       0     134      67
  118.000    75271.552       8    6207     160       0       0       0       4       0       0       0       0     136      68       0       0       2       0       0       0     136      68
  119.000    77515.232       8    6392     160       0       0       0       6       0       0       0       0     138      69       0       0       2       0       0       0     138      69
  120.000    80607.872       8    6647     160       0       0       0       4       0       0       0       0     139      70       0       0       2       0       0       0     139      70
  121.000    74264.928       7    6124     160       0       0       0       2       0       0       0       0     138      69       0       0       2       0       0       0     138      69
  122.000    76569.248       8    6314     160       0       0       0       6       0       0       0       0     140      70       0       0       2       0       0       0     140      70
  123.000    80062.112       8    6602     160       0       0       0       4       0       0       0       0     141      71       0       0       2       0       0       0     141      71
  124.000    81699.392       8    6737     160       0       0       0       4       0       0       0       0     140      70       0       0       2       0       0       0     140      70
  125.000    78970.592       8    6512     160       0       0       0       0       0       0       0       0     137      69       0       0       2       0       0       0     137      69
  126.000    80947.456       8    6675     160       0       0       0       6       0       0       0       0     137      69       0       0       2       0       0       0     137      69
  127.000    79734.656       8    6575     160       0       0       0       0       0       0       0       0     138      69       0       0       2       0       0       0     138      69
  128.000    82706.016       8    6820     160       0       0       0       6       0       0       0       0     140      70       0       0       2       0       0       0     140      70
  129.000    83858.176       8    6915     160       0       0       0       4       0       0       0       0     139      70       0       0       2       0       0       0     139      70
  130.000    84682.880       8    6983     160       0       0       0       4       0       0       0       0     139      70       0       0       2       0       0       0     139      70
  131.000    85810.784       9    7076     160       0       0       0       6       0       0       0       0     140      70       0       0       2       0       0       0     140      70
  132.000    86793.152       9    7157     160       0       0       0       2       0       0       0       0     138      69       0       0       2       0       0       0     138      69
  133.000    88672.992       9    7312     160       0       0       0       6       0       0       0       0     138      69       0       0       2       0       0       0     138      69
  134.000    92481.184       9    7626     160       0       0       0       6       0       0       0       0     138      69       0       0       2       0       0       0     138      69
  135.000    93439.296       9    7705     160       0       0       0       2       0       0       0       0     139      70       0       0       2       0       0       0     139      70
  136.000    91219.872       9    7522     160       0       0       0       4       0       0       0       0     141      71       0       0       2       0       0       0     141      71
  137.000    87848.288       9    7244     160       0       0       0       4       0       0       0       0     141      71       0       0       2       0       0       0     141      71
  138.000    87047.840       9    7178     160       0       0       0       2       0       0       0       0     137      69       0       0       2       0       0       0     137      69
  139.000    89813.024       9    7406     160       0       0       0       8       0       0       0       0     139      70       0       0       2       0       0       0     139      70
  140.000    92735.872       9    7647     160       0       0       0       2       0       0       0       0     142      71       0       0       2       0       0       0     142      71
  141.000    93487.808       9    7709     160       0       0       0       4       0       0       0       0     141      71       0       0       2       0       0       0     141      71
  142.000    95804.256      10    7900     160       0       0       0       2       0       0       0       0     144      72       0       0       2       0       0       0     144      72
  143.000    97041.312      10    8002     160       0       0       0       4       0       0       0       0     144      72       0       0       2       0       0       0     144      72
  144.000    96228.736      10    7935     160       0       0       0       4       0       0       0       0     144      72       0       0       2       0       0       0     144      72
  145.000    94530.816       9    7795     160       0       0       0       2       0       0       0       0     144      72       0       0       2       0       0       0     144      72
  146.000    94251.872       9    7772     160       0       0       0       2       0       0       0       0     141      71       0       0       2       0       0       0     141      71
  147.000    93572.704       9    7716     160       0       0       0       2       0       0       0       0     140      70       0       0       2       0       0       0     140      70
  148.000    94348.896       9    7780     160       0       0       0       2       0       0       0       0     139      70       0       0       2       0       0       0     139      70
  149.000    95137.216      10    7845     160       0       0       0       4       0       0       0       0     139      70       0       0       2       0       0       0     139      70
  150.000    94724.864       9    7811     160       0       0       0       0       0       0       0       0     136      68       0       0       2       0       0       0     136      68
  151.000    92347.776       9    7615     160       0       0       0       4       0       0       0       0     133      67       0       0       2       0       0       0     133      67
  152.000    90334.528       9    7449     160       0       0       0       4       0       0       0       0     132      66       0       0       2       0       0       0     132      66
  153.000    89618.976       9    7390     160       0       0       0       0       0       0       0       0     131      66       0       0       2       0       0       0     131      66
  154.000    86817.408       9    7159     160       0       0       0       2       0       0       0       0     130      65       0       0       2       0       0       0     130      65
  155.000    86465.696       9    7130     149       0       0       0       2       0       0       0       0     129      65       0       0       2       0       0       0     129      65
  156.000    88515.328       9    7299     158       0       0       0       4       0       0       0       0     131      66       0       0       2       0       0       0     131      66
  157.000    97611.328      10    8049     159       0       0       0       4       0       0       0       0     131      66       0       0       2       0       0       0     131      66
  158.000    96616.832      10    7967     159       0       0       0       2       0       0       0       0     131      66       0       0       2       0       0       0     131      66
  159.000    96871.520      10    7988     150       0       0       0       2       0       0       0       0     129      65       0       0       2       0       0       0     129      65
  160.000    93269.504       9    7691     141       0       0       0       2       0       0       0       0     124      62       0       0       2       0       0       0     124      62
  161.000    92929.920       9    7663     140       0       0       0       2       0       0       0       0     124      62       0       0       2       0       0       0     124      62
  162.000    90007.072       9    7422     140       0       0       0       4       0       0       0       0     124      62       0       0       2       0       0       0     124      62
  163.000    90467.936       9    7460     149       0       0       0       4       0       0       0       0     127      64       0       0       2       0       0       0     127      64
  164.000    90928.800       9    7498     144       0       0       0       2       0       0       0       0     128      64       0       0       2       0       0       0     128      64
  165.000    92056.704       9    7591     153       0       0       0       4       0       0       0       0     129      65       0       0       2       0       0       0     129      65
  166.000    91025.824       9    7506     146       0       0       0       4       0       0       0       0     127      64       0       0       2       0       0       0     127      64
  167.000    89000.448       9    7339     140       0       0       0       6       0       0       0       0     126      63       0       0       2       0       0       0     126      63
  168.000    89740.256       9    7400     151       0       0       0       2       0       0       0       0     128      64       0       0       2       0       0       0     128      64
  169.000    89728.128       9    7399     141       0       0       0       2       0       0       0       0     128      64       0       0       2       0       0       0     128      64
  170.000    91486.688       9    7544     157       0       0       0       8       0       0       0       0     132      66       0       0       2       0       0       0     132      66
  171.000    92202.240       9    7603     159       0       0       0       4       0       0       0       0     135      68       0       0       2       0       0       0     135      68
  172.000    93002.688       9    7669     159       0       0       0       2       0       0       0       0     135      68       0       0       2       0       0       0     135      68
  173.000    94821.888       9    7819     159       0       0       0       6       0       0       0       0     134      67       0       0       2       0       0       0     134      67
  174.000    98472.416      10    8120     160       0       0       0       4       0       0       0       0     139      70       0       0       2       0       0       0     139      70
  175.000    97671.968      10    8054     160       0       0       0       6       0       0       0       0     138      69       0       0       2       0       0       0     138      69
  176.000    96968.544      10    7996     160       0       0       0       4       0       0       0       0     141      71       0       0       2       0       0       0     141      71
  177.000    93281.632       9    7692     160       0       0       0       2       0       0       0       0     140      70       0       0       2       0       0       0     140      70
  178.000    92760.128       9    7649     160       0       0       0       2       0       0       0       0     139      70       0       0       2       0       0       0     139      70
  179.000    92590.336       9    7635     160       0       0       0       6       0       0       0       0     139      70       0       0       2       0       0       0     139      70
  180.000    92372.032       9    7617     160       0       0       0       6       0       0       0       0     139      70       0       0       2       0       0       0     139      70
  181.000    93827.392       9    7737     160       0       0       0       0       0       0       0       0     140      70       0       0       2       0       0       0     140      70
  182.000    94979.552       9    7832     160       0       0       0       6       0       0       0       0     140      70       0       0       2       0       0       0     140      70
  183.000    96895.776      10    7990     160       0       0       0       6       0       0       0       0     143      72       0       0       2       0       0       0     143      72
  184.000    98096.448      10    8089     160       0       0       0       2       0       0       0       0     145      73       0       0       2       0       0       0     145      73
  185.000    96798.752      10    7982     160       0       0       0       2       0       0       0       0     142      71       0       0       2       0       0       0     142      71
  186.000    96483.424      10    7956     160       0       0       0       2       0       0       0       0     140      70       0       0       2       0       0       0     140      70
  187.000    94639.968       9    7804     160       0       0       0       4       0       0       0       0     140      70       0       0       2       0       0       0     140      70
  188.000    94421.664       9    7786     160       0       0       0       4       0       0       0       0     145      73       0       0       2       0       0       0     145      73
  189.000    95998.304      10    7916     160       0       0       0       4       0       0       0       0     145      73       0       0       2       0       0       0     145      73
  190.000    96058.944      10    7921     160       0       0       0       4       0       0       0       0     146      73       0       0       2       0       0       0     146      73
  191.000    97162.592      10    8012     160       0       0       0       6       0       0       0       0     145      73       0       0       2       0       0       0     145      73
  192.000    97332.384      10    8026     160       0       0       0       6       0       0       0       0     144      72       0       0       2       0       0       0     144      72
  193.000    96374.272      10    7947     160       0       0       0       4       0       0       0       0     145      73       0       0       2       0       0       0     145      73
  194.000    97623.456      10    8050     160       0       0       0       4       0       0       0       0     144      72       0       0       2       0       0       0     144      72
  195.000    99127.328      10    8174     160       0       0       0       8       0       0       0       0     146      73       0       0       2       0       0       0     146      73
  196.000    98969.664      10    8161     160       0       0       0       4       0       0       0       0     147      74       0       0       2       0       0       0     147      74
  197.000    97089.824      10    8006     160       0       0       0       4       0       0       0       0     149      75       0       0       2       0       0       0     149      75
  198.000    98714.976      10    8140     160       0       0       0       2       0       0       0       0     147      74       0       0       2       0       0       0     147      74
  199.000    99345.632      10    8192     160       0       0       0       2       0       0       0       0     147      74       0       0       2       0       0       0     147      74
  200.000   100667.584      10    8301     160       0       0       0       6       0       0       0       0     147      74       0       0       2       0       0       0     147      74
  201.000   102292.736      10    8435     160       0       0       0       0       0       0       0       0     148      74       0       0       2       0       0       0     148      74
  202.000   102547.424      10    8456     160       0       0       0       4       0       0       0       0     147      74       0       0       2       0       0       0     147      74
  203.000    95404.032      10    7867     160       0       0       0       6       0       0       0       0     149      75       0       0       2       0       0       0     149      75
  204.000    93293.760       9    7693     160       0       0       0       8       0       0       0       0     149      75       0       0       2       0       0       0     149      75
  205.000    95513.184      10    7876     160       0       0       0       4       0       0       0       0     154      77       0       0       2       0       0       0     154      77
  206.000    97308.128      10    8024     160       0       0       0       4       0       0       0       0     154      77       0       0       2       0       0       0     154      77
  207.000    97671.968      10    8054     160       0       0       0       4       0       0       0       0     153      77       0       0       2       0       0       0     153      77
  208.000    98993.920      10    8163     160       0       0       0       4       0       0       0       0     152      76       0       0       2       0       0       0     152      76
  209.000    98217.728      10    8099     160       0       0       0       2       0       0       0       0     153      77       0       0       2       0       0       0     153      77
  210.000    96095.328      10    7924     160       0       0       0       4       0       0       0       0     152      76       0       0       2       0       0       0     152      76
  211.000    93572.704       9    7716     160       0       0       0       4       0       0       0       0     152      76       0       0       2       0       0       0     152      76
  212.000    93305.888       9    7694     160       0       0       0       6       0       0       0       0     154      77       0       0       2       0       0       0     154      77
  213.000    92675.232       9    7642     160       0       0       0       4       0       0       0       0     156      78       0       0       2       0       0       0     156      78
  214.000    88381.920       9    7288     160       0       0       0       0       0       0       0       0     154      77       0       0       2       0       0       0     154      77
  215.000    85835.040       9    7078     160       0       0       0       2       0       0       0       0     153      77       0       0       2       0       0       0     153      77
  216.000    85725.888       9    7069     160       0       0       0       4       0       0       0       0     155      78       0       0       2       0       0       0     155      78
  217.000    85216.512       9    7027     160       0       0       0       6       0       0       0       0     157      79       0       0       2       0       0       0     157      79
  218.000    84828.416       8    6995     160       0       0       0       4       0       0       0       0     159      80       0       0       2       0       0       0     159      80
  219.000    85083.104       9    7016     160       0       0       0       4       0       0       0       0     158      79       0       0       2       0       0       0     158      79
  220.000    84258.400       8    6948     160       0       0       0       2       0       0       0       0     154      77       0       0       2       0       0       0     154      77
  221.000    83967.328       8    6924     160       0       0       0       4       0       0       0       0     152      76       0       0       2       0       0       0     152      76
  222.000    85022.464       9    7011     160       0       0       0       6       0       0       0       0     156      78       0       0       2       0       0       0     156      78
  223.000    87811.904       9    7241     160       0       0       0       4       0       0       0       0     160      80       0       0       2       0       0       0     160      80
  224.000    84925.440       8    7003     160       0       0       0       2       0       0       0       0     157      79       0       0       2       0       0       0     157      79
  225.000    85459.072       9    7047     160       0       0       0       6       0       0       0       0     158      79       0       0       2       0       0       0     158      79
  226.000    89582.592       9    7387     160       0       0       0       2       0       0       0       0     159      80       0       0       2       0       0       0     159      80
  227.000    89825.152       9    7407     160       0       0       0       2       0       0       0       0     157      79       0       0       2       0       0       0     157      79
  228.000    90152.608       9    7434     160       0       0       0       4       0       0       0       0     156      78       0       0       2       0       0       0     156      78
  229.000    90528.576       9    7465     160       0       0       0       6       0       0       0       0     156      78       0       0       2       0       0       0     156      78
  230.000    91899.040       9    7578     160       0       0       0       4       0       0       0       0     159      80       0       0       2       0       0       0     159      80
  231.000    97768.992      10    8062     160       0       0       0       6       0       0       0       0     160      80       0       0       2       0       0       0     160      80
  232.000    98751.360      10    8143     160       0       0       0       2       0       0       0       0     162      81       0       0       2       0       0       0     162      81
  233.000    97356.640      10    8028     160       0       0       0       2       0       0       0       0     160      80       0       0       2       0       0       0     160      80
  234.000    97186.848      10    8014     160       0       0       0       4       0       0       0       0     155      78       0       0       2       0       0       0     155      78
  235.000    98241.984      10    8101     160       0       0       0       4       0       0       0       0     157      79       0       0       2       0       0       0     157      79
  236.000    97684.096      10    8055     160       0       0       0       0       0       0       0       0     155      78       0       0       2       0       0       0     155      78
  237.000    96786.624      10    7981     160       0       0       0       6       0       0       0       0     154      77       0       0       2       0       0       0     154      77
  238.000    95404.032      10    7867     160       0       0       0       4       0       0       0       0     153      77       0       0       2       0       0       0     153      77
  239.000    95246.368      10    7854     160       0       0       0       4       0       0       0       0     155      78       0       0       2       0       0       0     155      78
  240.000    96459.168      10    7954     160       0       0       0       4       0       0       0       0     155      78       0       0       2       0       0       0     155      78
  241.000    97211.104      10    8016     160       0       0       0       2       0       0       0       0     156      78       0       0       2       0       0       0     156      78
  242.000    98144.960      10    8093     160       0       0       0       4       0       0       0       0     155      78       0       0       2       0       0       0     155      78
  243.000    95222.112      10    7852     160       0       0       0       8       0       0       0       0     158      79       0       0       2       0       0       0     158      79
  244.000    96143.840      10    7928     160       0       0       0       6       0       0       0       0     162      81       0       0       2       0       0       0     162      81
  245.000   102450.400      10    8448     160       0       0       0       4       0       0       0       0     161      81       0       0       2       0       0       0     161      81
  246.000   103275.104      10    8516     160       0       0       0       0       0       0       0       0     161      81       0       0       2       0       0       0     161      81
  247.000   102135.072      10    8422     160       0       0       0       6       0       0       0       0     163      82       0       0       2       0       0       0     163      82
  248.000   103772.352      10    8557     160       0       0       0       2       0       0       0       0     163      82       0       0       2       0       0       0     163      82
  249.000   105894.752      11    8732     160       0       0       0      10       0       0       0       0     168      84       0       0       2       0       0       0     168      84
  250.000   104948.768      10    8654     160       0       0       0       4       0       0       0       0     171      86       0       0       2       0       0       0     171      86
  251.000   103638.944      10    8546     160       0       0       0       4       0       0       0       0     172      86       0       0       2       0       0       0     172      86
  252.000   104027.040      10    8578     160       0       0       0       4       0       0       0       0     171      86       0       0       2       0       0       0     171      86
  253.000   108708.448      11    8964     160       0       0       0       4       0       0       0       0     172      86       0       0       2       0       0       0     172      86
  254.000   109969.760      11    9068     160       0       0       0       2       0       0       0       0     172      86       0       0       2       0       0       0     172      86
  255.000   111000.640      11    9153     160       0       0       0       2       0       0       0       0     172      86       0       0       2       0       0       0     172      86
  256.000   110272.960      11    9093     160       0       0       0       2       0       0       0       0     170      85       0       0       2       0       0       0     170      85
  257.000   110636.800      11    9123     160       0       0       0       2       0       0       0       0     170      85       0       0       2       0       0       0     170      85
  258.000   110212.320      11    9088     160       0       0       0       4       0       0       0       0     170      85       0       0       2       0       0       0     170      85
  259.000   107519.904      11    8866     160       0       0       0       4       0       0       0       0     167      84       0       0       2       0       0       0     167      84
  260.000   105955.392      11    8737     160       0       0       0       8       0       0       0       0     170      85       0       0       2       0       0       0     170      85
  261.000   109581.664      11    9036     160       0       0       0       4       0       0       0       0     172      86       0       0       2       0       0       0     172      86
  262.000   109945.504      11    9066     160       0       0       0       2       0       0       0       0     170      85       0       0       2       0       0       0     170      85
  263.000   109266.336      11    9010     160       0       0       0       0       0       0       0       0     168      84       0       0       2       0       0       0     168      84
  264.000   107847.360      11    8893     160       0       0       0       6       0       0       0       0     164      82       0       0       2       0       0       0     164      82
  265.000   108890.368      11    8979     160       0       0       0       6       0       0       0       0     166      83       0       0       2       0       0       0     166      83
  266.000   112298.336      11    9260     160       0       0       0       4       0       0       0       0     166      83       0       0       2       0       0       0     166      83
  267.000   113680.928      11    9374     160       0       0       0       4       0       0       0       0     168      84       0       0       2       0       0       0     168      84
  268.000   113850.720      11    9388     160       0       0       0       0       0       0       0       0     167      84       0       0       2       0       0       0     167      84
  269.000   113741.568      11    9379     160       0       0       0       4       0       0       0       0     165      83       0       0       2       0       0       0     165      83
  270.000   114372.224      11    9431     160       0       0       0       4       0       0       0       0     167      84       0       0       2       0       0       0     167      84
  271.000   115694.176      12    9540     160       0       0       0       4       0       0       0       0     168      84       0       0       2       0       0       0     168      84
  272.000   119429.600      12    9848     160       0       0       0       6       0       0       0       0     172      86       0       0       2       0       0       0     172      86
  273.000   119635.776      12    9865     160       0       0       0       2       0       0       0       0     173      87       0       0       2       0       0       0     173      87
  274.000   116955.488      12    9644     160       0       0       0       0       0       0       0       0     168      84       0       0       2       0       0       0     168      84
  275.000   114694.496      11    9457     160       0       0       0       6       0       0       0       0     166      83       0       0       2       0       0       0     166      83
