  TimeSec      LoaKbps LoaUsag Packets DlyUsec LoaDrps MetDrps TabDrps FloMods MetMods GroMods  PktsIn PktsOut FloEntr FloUsag MetEntr MetUsag GroEntr GroUsag BufPkts BufUsag  T0Entr  T0Usag
    1.000        0.000       0       0     173       0       0       0       3       0       2       0       0       3       0       0       0       2       0       0       0       3       0
    2.000      696.480       0      58     197       0       0       0       1       0       0       0       0       4       0       0       0       2       0       0       0       4       0
    3.000     2831.008       1     234     282       0       0       0       1       0       0       0       0       5       0       0       0       2       0       0       0       5       0
    4.000     3692.096       1     305     298       0       0       0       3       0       0       0       0       7       0       0       0       2       0       0       0       7       0
    5.000     4553.184       1     376     299       0       0       0       0       0       0       0       0       8       0       0       0       2       0       0       0       8       0
    6.000     5195.968       1     429     348       0       0       0       1       0       0       0       0       8       0       0       0       2       0       0       0       8       0
    7.000     6821.120       2     563     394       0       0       0       1       0       0       0       0      10       0       0       0       2       0       0       0      10       0
    8.000     7160.704       2     591     399       0       0       0       1       0       0       0       0      11       0       0       0       2       0       0       0      11       0
    9.000     7500.288       2     619     399       0       0       0       2       0       0       0       0      13       0       0       0       2       0       0       0      13       0
   10.000     7924.768       2     654     399       0       0       0       1       0       0       0       0      14       0       0       0       2       0       0       0      14       0
   11.000     8264.352       2     682     399       0       0       0       2       0       0       0       0      15       0       0       0       2       0       0       0      15       0
   12.000     9610.560       2     793     467       0       0       0       2       0       0       0       0      17       0       0       0       2       0       0       0      17       0
   13.000    12800.224       3    1056     496       0       0       0       1       0       0       0       0      19       0       0       0       2       0       0       0      19       0
   14.000    13394.496       3    1105     499       0       0       0       2       0       0       0       0      19       0       0       0       2       0       0       0      19       0
   15.000    16014.144       4    1321     499       0       0       0       1       0       0       0       0      21       0       0       0       2       0       0       0      21       0
   16.000    15832.224       4    1306     499       0       0       0       4       0       0       0       0      24       0       0       0       2       0       0       0      24       0
   17.000    18573.152       4    1532     500       0       0       0       3       0       0       0       0      27       0       0       0       2       0       0       0      27       0
   18.000    19555.520       4    1613     500       0       0       0       1       0       0       0       0      29       0       0       0       2       0       0       0      29       0
   19.000    21047.264       5    1736     500       0       0       0       1       0       0       0       0      31       0       0       0       2       0       0       0      31       0
   20.000    24661.408       5    2034     583       0       0       0       2       0       0       0       0      33       0       0       0       2       0       0       0      33       0
   21.000    27693.408       6    2284     598       0       0       0       2       0       0       0       0      34       0       0       0       2       0       0       0      34       0
   22.000    29039.616       6    2395     599       0       0       0       3       0       0       0       0      37       0       0       0       2       0       0       0      37       0
   23.000    30058.368       7    2479     599       0       0       0       1       0       0       0       0      38       0       0       0       2       0       0       0      38       0
   24.000    30494.976       7    2515     599       0       0       0       1       0       0       0       0      39       0       0       0       2       0       0       0      39       0
   25.000    31901.824       7    2631     600       0       0       0       1       0       0       0       0      40       0       0       0       2       0       0       0      40       0
   26.000    32787.168       7    2704     600       0       0       0       1       0       0       0       0      42       1       0       0       2       0       0       0      42       1
   27.000    33053.984       7    2726     600       0       0       0       1       0       0       0       0      43       1       0       0       2       0       0       0      43       1
   28.000    33151.008       7    2734     600       0       0       0       1       0       0       0       0      43       1       0       0       2       0       0       0      43       1
   29.000    33587.616       7    2770     600       0       0       0       3       0       0       0       0      45       1       0       0       2       0       0       0      45       1
   30.000    34157.632       8    2817     600       0       0       0       3       0       0       0       0      49       1       0       0       2       0       0       0      49       1
   31.000    34727.648       8    2864     600       0       0       0       2       0       0       0       0      49       1       0       0       2       0       0       0      49       1
   32.000    35394.688       8    2919     600       0       0       0       1       0       0       0       0      49       1       0       0       2       0       0       0      49       1
   33.000    37420.064       8    3086     600       0       0       0       4       0       0       0       0      51       1       0       0       2       0       0       0      51       1
   34.000    39493.952       9    3257     600       0       0       0       2       0       0       0       0      54       1       0       0       2       0       0       0      54       1
   35.000    43544.704      10    3591     600       0       0       0       1       0       0       0       0      56       1       0       0       2       0       0       0      56       1
   36.000    44866.656      10    3700     600       0       0       0       2       0       0       0       0      57       1       0       0       2       0       0       0      57       1
   37.000    46200.736      10    3810     600       0       0       0       1       0       0       0       0      58       1       0       0       2       0       0       0      58       1
   38.000    47777.376      11    3940     600       0       0       0       1       0       0       0       0      59       1       0       0       2       0       0       0      59       1
   39.000    48674.848      11    4014     600       0       0       0       2       0       0       0       0      61       1       0       0       2       0       0       0      61       1
   40.000    50772.992      11    4187     600       0       0       0       2       0       0       0       0      63       1       0       0       2       0       0       0      63       1
   41.000    52992.416      12    4370     620       0       0       0       1       0       0       0       0      64       1       0       0       2       0       0       0      64       1
   42.000    54423.520      12    4488     691       0       0       0       3       0       0       0       0      65       1       0       0       2       0       0       0      65       1
   43.000    58522.784      13    4826     699       0       0       0       1       0       0       0       0      68       1       0       0       2       0       0       0      68       1
   44.000    58910.880      13    4858     699       0       0       0       2       0       0       0       0      69       1       0       0       2       0       0       0      69       1
   45.000    60050.912      13    4952     699       0       0       0       3       0       0       0       0      71       1       0       0       2       0       0       0      71       1
   46.000    61445.632      14    5067     699       0       0       0       2       0       0       0       0      72       1       0       0       2       0       0       0      72       1
   47.000    61724.576      14    5090     700       0       0       0       5       0       0       0       0      76       1       0       0       2       0       0       0      76       1
   48.000    62864.608      14    5184     700       0       0       0       5       0       0       0       0      80       1       0       0       2       0       0       0      80       1
   49.000    64404.864      14    5311     700       0       0       0       2       0       0       0       0      81       1       0       0       2       0       0       0      81       1
   50.000    64853.600      14    5348     700       0       0       0       2       0       0       0       0      83       1       0       0       2       0       0       0      83       1
   51.000    67242.816      15    5545     700       0       0       0       5       0       0       0       0      87       1       0       0       2       0       0       0      87       1
   52.000    70396.096      16    5805     700       0       0       0       2       0       0       0       0      90       1       0       0       2       0       0       0      90       1
   53.000    73682.784      16    6076     700       0       0       0       3       0       0       0       0      92       1       0       0       2       0       0       0      92       1
   54.000    73076.384      16    6026     700       0       0       0       2       0       0       0       0      95       1       0       0       2       0       0       0      95       1
   55.000    73088.512      16    6027     700       0       0       0       3       0       0       0       0      98       1       0       0       2       0       0       0      98       1
   56.000    73937.472      16    6097     700       0       0       0       1       0       0       0       0     100       1       0       0       2       0       0       0     100       1
   57.000    74822.816      17    6170     700       0       0       0       3       0       0       0       0     101       1       0       0       2       0       0       0     101       1
   58.000    79601.248      18    6564     700       0       0       0       3       0       0       0       0     103       1       0       0       2       0       0       0     103       1
   59.000    81675.136      18    6735     700       0       0       0       4       0       0       0       0     106       1       0       0       2       0       0       0     106       1
   60.000    79831.680      18    6583     700       0       0       0       2       0       0       0       0     108       1       0       0       2       0       0       0     108       1
   61.000    80328.928      18    6624     700       0       0       0       2       0       0       0       0     109       1       0       0       2       0       0       0     109       1
   62.000    81650.880      18    6733     700       0       0       0       2       0       0       0       0     109       1       0       0       2       0       0       0     109       1
   63.000    81153.632      18    6692     700       0       0       0       2       0       0       0       0     108       1       0       0       2       0       0       0     108       1
   64.000    79492.096      18    6555     700       0       0       0       4       0       0       0       0     112       1       0       0       2       0       0       0     112       1
   65.000    80001.472      18    6597     700       0       0       0       1       0       0       0       0     113       1       0       0       2       0       0       0     113       1
   66.000    79698.272      18    6572     700       0       0       0       1       0       0       0       0     112       1       0       0       2       0       0       0     112       1
   67.000    80231.904      18    6616     700       0       0       0       3       0       0       0       0     113       1       0       0       2       0       0       0     113       1
   68.000    82123.872      18    6772     700       0       0       0       0       0       0       0       0     112       1       0       0       2       0       0       0     112       1
   69.000    81505.344      18    6721     700       0       0       0       2       0       0       0       0     109       1       0       0       2       0       0       0     109       1
   70.000    82330.048      18    6789     700       0       0       0       4       0       0       0       0     109       1       0       0       2       0       0       0     109       1
   71.000    84731.392      19    6987     700       0       0       0       0       0       0       0       0     111       1       0       0       2       0       0       0     111       1
   72.000    84234.144      19    6946     700       0       0       0       3       0       0       0       0     113       1       0       0       2       0       0       0     113       1
   73.000    85398.432      19    7042     700       0       0       0       3       0       0       0       0     115       1       0       0       2       0       0       0     115       1
   74.000    89558.336      20    7385     700       0       0       0       2       0       0       0       0     116       1       0       0       2       0       0       0     116       1
   75.000    92214.368      20    7604     700       0       0       0       2       0       0       0       0     114       1       0       0       2       0       0       0     114       1
   76.000    95598.080      21    7883     700       0       0       0       2       0       0       0       0     116       1       0       0       2       0       0       0     116       1
   77.000    94518.688      21    7794     700       0       0       0       3       0       0       0       0     119       1       0       0       2       0       0       0     119       1
   78.000    95488.928      21    7874     700       0       0       0       4       0       0       0       0     122       1       0       0       2       0       0       0     122       1
   79.000    97065.568      22    8004     700       0       0       0       3       0       0       0       0     121       1       0       0       2       0       0       0     121       1
   80.000    99345.632      22    8192     700       0       0       0       5       0       0       0       0     123       2       0       0       2       0       0       0     123       2
   81.000    96944.288      22    7994     700       0       0       0       3       0       0       0       0     125       2       0       0       2       0       0       0     125       2
   82.000    96095.328      21    7924     748       0       0       0       2       0       0       0       0     128       2       0       0       2       0       0       0     128       2
   83.000    97162.592      22    8012     794       0       0       0       2       0       0       0       0     130       2       0       0       2       0       0       0     130       2
   84.000    97356.640      22    8028     799       0       0       0       2       0       0       0       0     131       2       0       0       2       0       0       0     131       2
   85.000    98035.808      22    8084     799       0       0       0       4       0       0       0       0     134       2       0       0       2       0       0       0     134       2
   86.000    96713.856      21    7975     799       0       0       0       5       0       0       0       0     138       2       0       0       2       0       0       0     138       2
   87.000    94664.224      21    7806     799       0       0       0       3       0       0       0       0     140       2       0       0       2       0       0       0     140       2
   88.000    93560.576      21    7715     800       0       0       0       6       0       0       0       0     143       2       0       0       2       0       0       0     143       2
   89.000    92929.920      21    7663     800       0       0       0       2       0       0       0       0     146       2       0       0       2       0       0       0     146       2
   90.000    93293.760      21    7693     800       0       0       0       5       0       0       0       0     148       2       0       0       2       0       0       0     148       2
   91.000    93730.368      21    7729     800       0       0       0       4       0       0       0       0     152       2       0       0       2       0       0       0     152       2
   92.000    95319.136      21    7860     800       0       0       0       2       0       0       0       0     151       2       0       0       2       0       0       0     151       2
   93.000    94809.760      21    7818     800       0       0       0       6       0       0       0       0     155       2       0       0       2       0       0       0     155       2
   94.000    95925.536      21    7910     800       0       0       0       6       0       0       0       0     157       2       0       0       2       0       0       0     157       2
   95.000    98569.440      22    8128     800       0       0       0       3       0       0       0       0     159       2       0       0       2       0       0       0     159       2
   96.000    98290.496      22    8105     800       0       0       0       2       0       0       0       0     159       2       0       0       2       0       0       0     159       2
   97.000    96265.120      21    7938     800       0       0       0       4       0       0       0       0     157       2       0       0       2       0       0       0     157       2
   98.000    94773.376      21    7815     800       0       0       0       4       0       0       0       0     157       2       0       0       2       0       0       0     157       2
   99.000    90977.312      20    7502     800       0       0       0       2       0       0       0       0     157       2       0       0       2       0       0       0     157       2
  100.000    90831.776      20    7490     800       0       0       0       5       0       0       0       0     157       2       0       0       2       0       0       0     157       2
  101.000    89558.336      20    7385     800       0       0       0       4       0       0       0       0     158       2       0       0       2       0       0       0     158       2
  102.000    90552.832      20    7467     800       0       0       0       6       0       0       0       0     159       2       0       0       2       0       0       0     159       2
  103.000    90225.376      20    7440     800       0       0       0       2       0       0       0       0     156       2       0       0       2       0       0       0     156       2
  104.000    88187.872      20    7272     800       0       0       0       3       0       0       0       0     155       2       0       0       2       0       0       0     155       2
  105.000    89352.160      20    7368     800       0       0       0       3       0       0       0       0     157       2       0       0       2       0       0       0     157       2
  106.000    90164.736      20    7435     800       0       0       0       2       0       0       0       0     156       2       0       0       2       0       0       0     156       2
  107.000    89655.360      20    7393     800       0       0       0       3       0       0       0       0     156       2       0       0       2       0       0       0     156       2
  108.000    89303.648      20    7364     800       0       0       0       2       0       0       0       0     150       2       0       0       2       0       0       0     150       2
  109.000    90783.264      20    7486     800       0       0       0       4       0       0       0       0     150       2       0       0       2       0       0       0     150       2
  110.000    91207.744      20    7521     800       0       0       0       1       0       0       0       0     148       2       0       0       2       0       0       0     148       2
  111.000    90019.200      20    7423     800       0       0       0       3       0       0       0       0     147       2       0       0       2       0       0       0     147       2
  112.000    90091.968      20    7429     800       0       0       0       1       0       0       0       0     144       2       0       0       2       0       0       0     144       2
  113.000    89934.304      20    7416     800       0       0       0       2       0       0       0       0     141       2       0       0       2       0       0       0     141       2
  114.000    90601.344      20    7471     800       0       0       0       3       0       0       0       0     139       2       0       0       2       0       0       0     139       2
  115.000    90467.936      20    7460     800       0       0       0       5       0       0       0       0     138       2       0       0       2       0       0       0     138       2
  116.000    90104.096      20    7430     800       0       0       0       4       0       0       0       0     138       2       0       0       2       0       0       0     138       2
  117.000    92614.592      21    7637     800       0       0       0       3       0       0       0       0     136       2       0       0       2       0       0       0     136       2
  118.000    91329.024      20    7531     800       0       0       0       2       0       0       0       0     134       2       0       0       2       0       0       0     134       2
  119.000    92663.104      21    7641     800       0       0       0       5       0       0       0       0     132       2       0       0       2       0       0       0     132       2
  120.000    93609.088      21    7719     800       0       0       0       3       0       0       0       0     133       2       0       0       2       0       0       0     133       2
  121.000    91341.152      20    7532     800       0       0       0       5       0       0       0       0     136       2       0       0       2       0       0       0     136       2
  122.000    88466.816      20    7295     800       0       0       0       5       0       0       0       0     138       2       0       0       2       0       0       0     138       2
  123.000    84597.984      19    6976     800       0       0       0       5       0       0       0       0     141       2       0       0       2       0       0       0     141       2
  124.000    84088.608      19    6934     800       0       0       0       2       0       0       0       0     138       2       0       0       2       0       0       0     138       2
  125.000    83700.512      19    6902     800       0       0       0       2       0       0       0       0     139       2       0       0       2       0       0       0     139       2
  126.000    85289.280      19    7033     800       0       0       0       4       0       0       0       0     139       2       0       0       2       0       0       0     139       2
  127.000    80171.264      18    6611     800       0       0       0       4       0       0       0       0     142       2       0       0       2       0       0       0     142       2
  128.000    78558.240      17    6478     800       0       0       0       5       0       0       0       0     146       2       0       0       2       0       0       0     146       2
  129.000    80777.664      18    6661     800       0       0       0       6       0       0       0       0     148       2       0       0       2       0       0       0     148       2
  130.000    75586.880      17    6233     800       0       0       0       4       0       0       0       0     150       2       0       0       2       0       0       0     150       2
  131.000    75235.168      17    6204     800       0       0       0       4       0       0       0       0     147       2       0       0       2       0       0       0     147       2
  132.000    75599.008      17    6234     800       0       0       0       2       0       0       0       0     146       2       0       0       2       0       0       0     146       2
  133.000    76896.704      17    6341     800       0       0       0       3       0       0       0       0     145       2       0       0       2       0       0       0     145       2
  134.000    80231.904      18    6616     800       0       0       0       3       0       0       0       0     147       2       0       0       2       0       0       0     147       2
  135.000    82997.088      18    6844     800       0       0       0       4       0       0       0       0     146       2       0       0       2       0       0       0     146       2
  136.000    83227.520      18    6863     800       0       0       0       4       0       0       0       0     145       2       0       0       2       0       0       0     145       2
  137.000    82317.920      18    6788     800       0       0       0       3       0       0       0       0     144       2       0       0       2       0       0       0     144       2
  138.000    82136.000      18    6773     800       0       0       0       1       0       0       0       0     142       2       0       0       2       0       0       0     142       2
  139.000    82912.192      18    6837     800       0       0       0       6       0       0       0       0     142       2       0       0       2       0       0       0     142       2
  140.000    84755.648      19    6989     800       0       0       0       3       0       0       0       0     143       2       0       0       2       0       0       0     143       2
  141.000    85956.320      19    7088     800       0       0       0       4       0       0       0       0     144       2       0       0       2       0       0       0     144       2
  142.000    87059.968      19    7179     800       0       0       0       5       0       0       0       0     143       2       0       0       2       0       0       0     143       2
  143.000    88345.536      20    7285     800       0       0       0       3       0       0       0       0     141       2       0       0       2       0       0       0     141       2
  144.000    89643.232      20    7392     800       0       0       0       4       0       0       0       0     140       2       0       0       2       0       0       0     140       2
  145.000    89473.440      20    7378     800       0       0       0       0       0       0       0       0     134       2       0       0       2       0       0       0     134       2
  146.000    88757.888      20    7319     800       0       0       0       3       0       0       0       0     133       2       0       0       2       0       0       0     133       2
  147.000    88418.304      20    7291     800       0       0       0       5       0       0       0       0     135       2       0       0       2       0       0       0     135       2
  148.000    88721.504      20    7316     800       0       0       0       2       0       0       0       0     137       2       0       0       2       0       0       0     137       2
  149.000    86768.896      19    7155     800       0       0       0       6       0       0       0       0     142       2       0       0       2       0       0       0     142       2
  150.000    81747.904      18    6741     800       0       0       0       3       0       0       0       0     144       2       0       0       2       0       0       0     144       2
  151.000    81396.192      18    6712     800       0       0       0       2       0       0       0       0     144       2       0       0       2       0       0       0     144       2
  152.000    81650.880      18    6733     800       0       0       0       4       0       0       0       0     143       2       0       0       2       0       0       0     143       2
  153.000    82148.128      18    6774     800       0       0       0       3       0       0       0       0     143       2       0       0       2       0       0       0     143       2
  154.000    81929.824      18    6756     800       0       0       0       1       0       0       0       0     141       2       0       0       2       0       0       0     141       2
  155.000    80729.152      18    6657     800       0       0       0       3       0       0       0       0     140       2       0       0       2       0       0       0     140       2
  156.000    79407.200      18    6548     800       0       0       0       4       0       0       0       0     141       2       0       0       2       0       0       0     141       2
  157.000    79213.152      18    6532     800       0       0       0       5       0       0       0       0     141       2       0       0       2       0       0       0     141       2
  158.000    78109.504      17    6441     800       0       0       0       1       0       0       0       0     140       2       0       0       2       0       0       0     140       2
  159.000    79334.432      18    6542     800       0       0       0       3       0       0       0       0     138       2       0       0       2       0       0       0     138       2
  160.000    77624.384      17    6401     800       0       0       0       4       0       0       0       0     139       2       0       0       2       0       0       0     139       2
  161.000    74737.920      17    6163     800       0       0       0       2       0       0       0       0     140       2       0       0       2       0       0       0     140       2
  162.000    74277.056      17    6125     800       0       0       0       6       0       0       0       0     139       2       0       0       2       0       0       0     139       2
  163.000    75077.504      17    6191     800       0       0       0       4       0       0       0       0     138       2       0       0       2       0       0       0     138       2
  164.000    76011.360      17    6268     800       0       0       0       3       0       0       0       0     136       2       0       0       2       0       0       0     136       2
  165.000    77369.696      17    6380     800       0       0       0       4       0       0       0       0     134       2       0       0       2       0       0       0     134       2
  166.000    76241.792      17    6287     800       0       0       0       5       0       0       0       0     136       2       0       0       2       0       0       0     136       2
  167.000    77551.616      17    6395     800       0       0       0       2       0       0       0       0     137       2       0       0       2       0       0       0     137       2
  168.000    76702.656      17    6325     800       0       0       0       4       0       0       0       0     136       2       0       0       2       0       0       0     136       2
  169.000    77078.624      17    6356     800       0       0       0       2       0       0       0       0     136       2       0       0       2       0       0       0     136       2
  170.000    78958.464      18    6511     800       0       0       0       6       0       0       0       0     137       2       0       0       2       0       0       0     137       2
  171.000    80935.328      18    6674     800       0       0       0       4       0       0       0       0     137       2       0       0       2       0       0       0     137       2
  172.000    80826.176      18    6665     800       0       0       0       1       0       0       0       0     135       2       0       0       2       0       0       0     135       2
  173.000    81274.912      18    6702     800       0       0       0       5       0       0       0       0     135       2       0       0       2       0       0       0     135       2
  174.000    84027.968      19    6929     800       0       0       0       2       0       0       0       0     136       2       0       0       2       0       0       0     136       2
  175.000    84695.008      19    6984     800       0       0       0       3       0       0       0       0     135       2       0       0       2       0       0       0     135       2
  176.000    84124.992      19    6937     800       0       0       0       4       0       0       0       0     134       2       0       0       2       0       0       0     134       2
  177.000    85386.304      19    7041     800       0       0       0       2       0       0       0       0     131       2       0       0       2       0       0       0     131       2
  178.000    85131.616      19    7020     800       0       0       0       2       0       0       0       0     131       2       0       0       2       0       0       0     131       2
  179.000    85216.512      19    7027     723       0       0       0       4       0       0       0       0     128       2       0       0       2       0       0       0     128       2
  180.000    85398.432      19    7042     725       0       0       0       2       0       0       0       0     128       2       0       0       2       0       0       0     128       2
  181.000    88491.072      20    7297     702       0       0       0       1       0       0       0       0     124       2       0       0       2       0       0       0     124       2
  182.000    88612.352      20    7307     700       0       0       0       7       0       0       0       0     123       2       0       0       2       0       0       0     123       2
  183.000    89279.392      20    7362     700       0       0       0       4       0       0       0       0     126       2       0       0       2       0       0       0     126       2
  184.000    88454.688      20    7294     747       0       0       0       3       0       0       0       0     129       2       0       0       2       0       0       0     129       2
  185.000    86708.256      19    7150     711       0       0       0       2       0       0       0       0     126       2       0       0       2       0       0       0     126       2
  186.000    89946.432      20    7417     701       0       0       0       2       0       0       0       0     125       2       0       0       2       0       0       0     125       2
  187.000    88648.736      20    7310     700       0       0       0       4       0       0       0       0     126       2       0       0       2       0       0       0     126       2
  188.000    88782.144      20    7321     783       0       0       0       5       0       0       0       0     129       2       0       0       2       0       0       0     129       2
  189.000    88551.712      20    7302     798       0       0       0       3       0       0       0       0     132       2       0       0       2       0       0       0     132       2
  190.000    87266.144      19    7196     799       0       0       0       4       0       0       0       0     134       2       0       0       2       0       0       0     134       2
  191.000    84464.576      19    6965     799       0       0       0       7       0       0       0       0     137       2       0       0       2       0       0       0     137       2
  192.000    83433.696      19    6880     799       0       0       0       5       0       0       0       0     141       2       0       0       2       0       0       0     141       2
  193.000    86089.728      19    7099     800       0       0       0       3       0       0       0       0     142       2       0       0       2       0       0       0     142       2
  194.000    88527.456      20    7300     800       0       0       0       2       0       0       0       0     143       2       0       0       2       0       0       0     143       2
  195.000    91692.864      20    7561     800       0       0       0       5       0       0       0       0     147       2       0       0       2       0       0       0     147       2
  196.000    95003.808      21    7834     800       0       0       0       3       0       0       0       0     151       2       0       0       2       0       0       0     151       2
  197.000    95197.856      21    7850     800       0       0       0       3       0       0       0       0     149       2       0       0       2       0       0       0     149       2
  198.000    96762.368      22    7979     800       0       0       0       3       0       0       0       0     148       2       0       0       2       0       0       0     148       2
  199.000    97126.208      22    8009     800       0       0       0       3       0       0       0       0     146       2       0       0       2       0       0       0     146       2
  200.000    97599.200      22    8048     800       0       0       0       2       0       0       0       0     145       2       0       0       2       0       0       0     145       2
  201.000    97744.736      22    8060     800       0       0       0       1       0       0       0       0     144       2       0       0       2       0       0       0     144       2
  202.000    97635.584      22    8051     800       0       0       0       2       0       0       0       0     142       2       0       0       2       0       0       0     142       2
  203.000    97065.568      22    8004     800       0       0       0       9       0       0       0       0     145       2       0       0       2       0       0       0     145       2
  204.000    97841.760      22    8068     800       0       0       0       3       0       0       0       0     146       2       0       0       2       0       0       0     146       2
  205.000   100509.920      22    8288     800       0       0       0       4       0       0       0       0     146       2       0       0       2       0       0       0     146       2
  206.000   101698.464      23    8386     800       0       0       0       2       0       0       0       0     143       2       0       0       2       0       0       0     143       2
  207.000   103275.104      23    8516     800       0       0       0       2       0       0       0       0     140       2       0       0       2       0       0       0     140       2
  208.000   103820.864      23    8561     800       0       0       0       4       0       0       0       0     141       2       0       0       2       0       0       0     141       2
  209.000   103966.400      23    8573     800       0       0       0       4       0       0       0       0     144       2       0       0       2       0       0       0     144       2
  210.000   103226.592      23    8512     800       0       0       0       4       0       0       0       0     147       2       0       0       2       0       0       0     147       2
  211.000   106586.048      24    8789     800       0       0       0       2       0       0       0       0     148       2       0       0       2       0       0       0     148       2
  212.000   107483.520      24    8863     800       0       0       0       3       0       0       0       0     148       2       0       0       2       0       0       0     148       2
  213.000   107956.512      24    8902     800       0       0       0       4       0       0       0       0     148       2       0       0       2       0       0       0     148       2
  214.000   107447.136      24    8860     800       0       0       0       5       0       0       0       0     149       2       0       0       2       0       0       0     149       2
  215.000   103748.096      23    8555     800       0       0       0       5       0       0       0       0     152       2       0       0       2       0       0       0     152       2
  216.000    98108.576      22    8090     800       0       0       0       4       0       0       0       0     155       2       0       0       2       0       0       0     155       2
  217.000   101079.936      22    8335     800       0       0       0       4       0       0       0       0     158       2       0       0       2       0       0       0     158       2
  218.000   101455.904      23    8366     800       0       0       0       5       0       0       0       0     156       2       0       0       2       0       0       0     156       2
  219.000   102401.888      23    8444     800       0       0       0       2       0       0       0       0     158       2       0       0       2       0       0       0     158       2
  220.000    98508.800      22    8123     800       0       0       0       3       0       0       0       0     159       2       0       0       2       0       0       0     159       2
  221.000   100085.440      22    8253     800       0       0       0       5       0       0       0       0     160       2       0       0       2       0       0       0     160       2
  222.000   100522.048      22    8289     800       0       0       0       5       0       0       0       0     166       2       0       0       2       0       0       0     166       2
  223.000    99600.320      22    8213     800       0       0       0       6       0       0       0       0     167       2       0       0       2       0       0       0     167       2
  224.000    98678.592      22    8137     800       0       0       0       0       0       0       0       0     167       2       0       0       2       0       0       0     167       2
  225.000   100813.120      22    8313     800       0       0       0       3       0       0       0       0     165       2       0       0       2       0       0       0     165       2
  226.000   104487.904      23    8616     800       0       0       0       3       0       0       0       0     166       2       0       0       2       0       0       0     166       2
  227.000   105773.472      24    8722     800       0       0       0       3       0       0       0       0     167       2       0       0       2       0       0       0     167       2
  228.000   107010.528      24    8824     800       0       0       0       1       0       0       0       0     166       2       0       0       2       0       0       0     166       2
  229.000   109751.456      24    9050     800       0       0       0       2       0       0       0       0     165       2       0       0       2       0       0       0     165       2
  230.000   113256.448      25    9339     800       0       0       0       7       0       0       0       0     160       2       0       0       2       0       0       0     160       2
  231.000   113450.496      25    9355     800       0       0       0       3       0       0       0       0     158       2       0       0       2       0       0       0     158       2
  232.000   115245.440      26    9503     800       0       0       0       3       0       0       0       0     159       2       0       0       2       0       0       0     159       2
  233.000   118629.152      26    9782     800       0       0       0       3       0       0       0       0     157       2       0       0       2       0       0       0     157       2
  234.000   117658.912      26    9702     800       0       0       0       5       0       0       0       0     156       2       0       0       2       0       0       0     156       2
  235.000   118010.624      26    9731     800       0       0       0       4       0       0       0       0     157       2       0       0       2       0       0       0     157       2
  236.000   116931.232      26    9642     800       0       0       0       1       0       0       0       0     155       2       0       0       2       0       0       0     155       2
  237.000   116058.016      26    9570     800       0       0       0       4       0       0       0       0     151       2       0       0       2       0       0       0     151       2
  238.000   116227.808      26    9584     800       0       0       0       5       0       0       0       0     151       2       0       0       2       0       0       0     151       2
  239.000   117574.016      26    9695     800       0       0       0       7       0       0       0       0     154       2       0       0       2       0       0       0     154       2
  240.000   111473.632      25    9192     800       0       0       0       8       0       0       0       0     162       2       0       0       2       0       0       0     162       2
  241.000   110806.592      25    9137     800       0       0       0       2       0       0       0       0     165       2       0       0       2       0       0       0     165       2
  242.000   110867.232      25    9142     800       0       0       0       4       0       0       0       0     167       2       0       0       2       0       0       0     167       2
  243.000   111776.832      25    9217     800       0       0       0       4       0       0       0       0     169       2       0       0       2       0       0       0     169       2
  244.000   110539.776      25    9115     800       0       0       0       6       0       0       0       0     175       2       0       0       2       0       0       0     175       2
  245.000   113329.216      25    9345     800       0       0       0       5       0       0       0       0     177       2       0       0       2       0       0       0     177       2
  246.000   114602.656      25    9450     800       0       0       0       3       0       0       0       0     176       2       0       0       2       0       0       0     176       2
  247.000   118689.792      26    9787     800       0       0       0       2       0       0       0       0     176       2       0       0       2       0       0       0     176       2
  248.000   118847.456      26    9800     800       0       0       0       3       0       0       0       0     177       2       0       0       2       0       0       0     177       2
  249.000   122789.056      27   10125     800       0       0       0       5       0       0       0       0     176       2       0       0       2       0       0       0     176       2
  250.000   126742.784      28   10451     800       0       0       0       4       0       0       0       0     177       2       0       0       2       0       0       0     177       2
  251.000   125869.568      28   10379     800       0       0       0       5       0       0       0       0     177       2       0       0       2       0       0       0     177       2
  252.000   125760.416      28   10370     800       0       0       0       3       0       0       0       0     177       2       0       0       2       0       0       0     177       2
  253.000   126451.712      28   10427     800       0       0       0       5       0       0       0       0     176       2       0       0       2       0       0       0     176       2
  254.000   121151.776      27    9990     800       0       0       0       5       0       0       0       0     173       2       0       0       2       0       0       0     173       2
  255.000   120581.760      27    9943     800       0       0       0       3       0       0       0       0     164       2       0       0       2       0       0       0     164       2
  256.000   120630.272      27    9947     800       0       0       0       2       0       0       0       0     162       2       0       0       2       0       0       0     162       2
  257.000   118968.736      26    9810     800       0       0       0       5       0       0       0       0     161       2       0       0       2       0       0       0     161       2
  258.000   115560.768      26    9529     800       0       0       0       4       0       0       0       0     165       2       0       0       2       0       0       0     165       2
  259.000   116652.288      26    9619     800       0       0       0       3       0       0       0       0     163       2       0       0       2       0       0       0     163       2
  260.000   119599.392      27    9862     800       0       0       0       4       0       0       0       0     161       2       0       0       2       0       0       0     161       2
  261.000   123359.072      27   10172     800       0       0       0       4       0       0       0       0     162       2       0       0       2       0       0       0     162       2
  262.000   120108.768      27    9904     800       0       0       0       3       0       0       0       0     165       2       0       0       2       0       0       0     165       2
  263.000   118847.456      26    9800     800       0       0       0       0       0       0       0       0     164       2       0       0       2       0       0       0     164       2
  264.000   119708.544      27    9871     800       0       0       0       5       0       0       0       0     164       2       0       0       2       0       0       0     164       2
  265.000   115682.048      26    9539     800       0       0       0       6       0       0       0       0     167       2       0       0       2       0       0       0     167       2
  266.000   112468.128      25    9274     800       0       0       0       5       0       0       0       0     169       2       0       0       2       0       0       0     169       2
  267.000   118047.008      26    9734     800       0       0       0       2       0       0       0       0     167       2       0       0       2       0       0       0     167       2
  268.000   121855.200      27   10048     800       0       0       0       1       0       0       0       0     165       2       0       0       2       0       0       0     165       2
  269.000   121357.952      27   10007     800       0       0       0       0       0       0       0       0     159       2       0       0       2       0       0       0     159       2
  270.000   121297.312      27   10002     800       0       0       0       7       0       0       0       0     157       2       0       0       2       0       0       0     157       2
  271.000   119223.424      26    9831     800       0       0       0       5       0       0       0       0     159       2       0       0       2       0       0       0     159       2
  272.000   119696.416      27    9870     800       0       0       0       3       0       0       0       0     158       2       0       0       2       0       0       0     158       2
  273.000   120290.688      27    9919     800       0       0       0       1       0       0       0       0     155       2       0       0       2       0       0       0     155       2
  274.000   119841.952      27    9882     800       0       0       0       3       0       0       0       0     155       2       0       0       2       0       0       0     155       2
  275.000   121437.664      27   10013     800       0       0       0       4       0       0       0       0     156       2       0       0       2       0       0       0     156       2
