  TimeSec      LoaKbps LoaUsag Packets DlyUsec LoaDrps MetDrps TabDrps FloMods MetMods GroMods  PktsIn PktsOut FloEntr FloUsag MetEntr MetUsag GroEntr GroUsag BufPkts BufUsag  T0Entr  T0Usag
    1.000        0.000       0       0      34       0       0       0       4       0       0       0       0       3       0       0       0       0       0       0       0       3       0
    2.000     8645.504       0     714      70       0       0       0      10       0       0       0       0       9       0       0       0       0       0       0       0       9       0
    3.000    19657.728       0    1622      90       0       0       0       8       0       0       0       0      17       0       0       0       0       0       0       0      17       0
    4.000    24593.824       0    2029      99       0       0       0       4       0       0       0       0      23       0       0       0       0       0       0       0      23       0
    5.000    37522.272       0    3095     109       0       0       0      10       0       0       0       0      31       0       0       0       0       0       0       0      31       0
    6.000    50353.696       0    4153     118       0       0       0       9       0       0       0       0      40       0       0       0       0       0       0       0      40       0
    7.000    65028.576       0    5363     119       0       0       0      12       0       0       0       0      52       0       0       0       0       0       0       0      52       0
    8.000    75252.480       0    6206     129       0       0       0      13       0       0       0       0      64       0       0       0       0       0       0       0      64       0
    9.000    80067.296       0    6603     138       0       0       0       6       0       0       0       0      72       0       0       0       0       0       0       0      72       0
   10.000    86883.232       0    7165     139       0       0       0       6       0       0       0       0      80       0       0       0       0       0       0       0      80       0
   11.000    97483.104       0    8039     139       0       0       0      14       0       0       0       0      90       0       0       0       0       0       0       0      90       0
   12.000   113855.904       0    9389     139       0       0       0      89       0       0       0       0     101       0       0       0       0       0       0       0     101       0
   13.000   126942.016       0   10468     140       0       0       0       7       0       0       0       0     110       0       0       0       0       0       0       0     110       0
   14.000   137105.280       0   11306     140       0       0       0      10       0       0       0       0     119       0       0       0       0       0       0       0     119       0
   15.000   144139.520       0   11886     149       0       0       0       8       0       0       0       0     128       0       0       0       0       0       0       0     128       0
   16.000   157795.648       0   13012     158       0       0       0      13       0       0       0       0     138       0       0       0       0       0       0       0     138       0
   17.000   170044.928       0   14022     159       0       0       0      17       0       0       0       0     150       0       0       0       0       0       0       0     150       0
   18.000   180377.984       0   14874     159       0       0       0      13       0       0       0       0     156       0       0       0       0       0       0       0     156       0
   19.000   186636.032       0   15390     159       0       0       0       9       0       0       0       0     160       0       0       0       0       0       0       0     160       0
   20.000   194870.944       0   16069     160       0       0       0      14       0       0       0       0     162       0       0       0       0       0       0       0     162       0
   21.000   204828.032       0   16890     160       0       0       0       9       0       0       0       0     166       0       0       0       0       0       0       0     166       0
   22.000   218981.408       0   18057     160       0       0       0      30       0       0       0       0     164       0       0       0       0       0       0       0     164       0
   23.000   223359.616       0   18418     160       0       0       0       8       0       0       0       0     160       0       0       0       0       0       0       0     160       0
   24.000   229411.488       0   18917     160       0       0       0      10       0       0       0       0     160       0       0       0       0       0       0       0     160       0
   25.000   239477.728       0   19747     160       0       0       0       7       0       0       0       0     162       0       0       0       0       0       0       0     162       0
   26.000   250004.832       0   20615     160       0       0       0      12       0       0       0       0     163       0       0       0       0       0       0       0     163       0
   27.000   262751.360       0   21666     160       0       0       0      11       0       0       0       0     162       0       0       0       0       0       0       0     162       0
   28.000   273521.024       0   22554     160       0       0       0       8       0       0       0       0     164       0       0       0       0       0       0       0     164       0
   29.000   274418.496       0   22628     160       0       0       0      10       0       0       0       0     162       0       0       0       0       0       0       0     162       0
   30.000   279657.792       0   23060     160       0       0       0      10       0       0       0       0     164       0       0       0       0       0       0       0     164       0
   31.000   286861.824       0   23654     160       0       0       0      15       0       0       0       0     165       0       0       0       0       0       0       0     165       0
   32.000   293689.888       0   24217     160       0       0       0      51       0       0       0       0     161       0       0       0       0       0       0       0     161       0
   33.000   301039.456       0   24823     160       0       0       0       8       0       0       0       0     159       0       0       0       0       0       0       0     159       0
   34.000   303404.416       0   25018     160       0       0       0       7       0       0       0       0     154       0       0       0       0       0       0       0     154       0
   35.000   311408.896       0   25678     160       0       0       0       8       0       0       0       0     154       0       0       0       0       0       0       0     154       0
   36.000   308013.056       0   25398     160       0       0       0      10       0       0       0       0     149       0       0       0       0       0       0       0     149       0
   37.000   311821.248       0   25712     160       0       0       0       6       0       0       0       0     147       0       0       0       0       0       0       0     147       0
   38.000   317788.224       0   26204     160       0       0       0       6       0       0       0       0     145       0       0       0       0       0       0       0     145       0
   39.000   323658.176       0   26688     160       0       0       0       8       0       0       0       0     144       0       0       0       0       0       0       0     144       0
   40.000   330728.800       0   27271     160       0       0       0       9       0       0       0       0     144       0       0       0       0       0       0       0     144       0
   41.000   342844.672       0   28270     160       0       0       0      13       0       0       0       0     145       0       0       0       0       0       0       0     145       0
   42.000   357289.120       0   29461     160       0       0       0      27       0       0       0       0     147       0       0       0       0       0       0       0     147       0
   43.000   364214.208       0   30032     160       0       0       0       7       0       0       0       0     144       0       0       0       0       0       0       0     144       0
   44.000   369174.560       0   30441     160       0       0       0      12       0       0       0       0     148       0       0       0       0       0       0       0     148       0
   45.000   378319.072       0   31195     160       0       0       0      15       0       0       0       0     151       0       0       0       0       0       0       0     151       0
   46.000   393078.848       0   32412     160       0       0       0      12       0       0       0       0     153       0       0       0       0       0       0       0     153       0
   47.000   397384.288       0   32767     160       0       0       0      12       0       0       0       0     150       0       0       0       0       0       0       0     150       0
   48.000   408784.608       0   33707     160       0       0       0      11       0       0       0       0     151       0       0       0       0       0       0       0     151       0
   49.000   415600.544       0   34269     160       0       0       0       9       0       0       0       0     156       0       0       0       0       0       0       0     156       0
   50.000   418220.192       0   34485     160       0       0       0       6       0       0       0       0     153       0       0       0       0       0       0       0     153       0
   51.000   420451.744       0   34669     160       0       0       0       8       0       0       0       0     152       0       0       0       0       0       0       0     152       0
   52.000   423289.696       0   34903     160       0       0       0      36       0       0       0       0     153       0       0       0       0       0       0       0     153       0
   53.000   425654.656       0   35098     160       0       0       0      10       0       0       0       0     153       0       0       0       0       0       0       0     153       0
   54.000   433804.672       0   35770     160       0       0       0       6       0       0       0       0     155       0       0       0       0       0       0       0     155       0
   55.000   430384.576       0   35488     160       0       0       0      10       0       0       0       0     152       0       0       0       0       0       0       0     152       0
   56.000   433537.856       0   35748     160       0       0       0       8       0       0       0       0     150       0       0       0       0       0       0       0     150       0
   57.000   437552.224       0   36079     160       0       0       0      12       0       0       0       0     149       0       0       0       0       0       0       0     149       0
   58.000   448164.224       0   36954     160       0       0       0      13       0       0       0       0     154       0       0       0       0       0       0       0     154       0
   59.000   462390.368       0   38127     160       0       0       0      14       0       0       0       0     156       0       0       0       0       0       0       0     156       0
   60.000   469169.920       0   38686     160       0       0       0      10       0       0       0       0     155       0       0       0       0       0       0       0     155       0
   61.000   479224.032       0   39515     160       0       0       0      12       0       0       0       0     153       0       0       0       0       0       0       0     153       0
   62.000   482122.624       0   39754     160       0       0       0      28       0       0       0       0     155       0       0       0       0       0       0       0     155       0
   63.000   484912.064       0   39984     160       0       0       0       8       0       0       0       0     150       0       0       0       0       0       0       0     150       0
   64.000   490563.712       0   40450     160       0       0       0      13       0       0       0       0     152       0       0       0       0       0       0       0     152       0
   65.000   504523.040       1   41601     160       0       0       0      17       0       0       0       0     159       0       0       0       0       0       0       0     159       0
   66.000   520313.696       1   42903     160       0       0       0      15       0       0       0       0     170       0       0       0       0       0       0       0     170       0
   67.000   523564.000       1   43171     160       0       0       0       9       0       0       0       0     172       0       0       0       0       0       0       0     172       0
   68.000   521029.248       1   42962     160       0       0       0       8       0       0       0       0     174       0       0       0       0       0       0       0     174       0
   69.000   524182.528       1   43222     160       0       0       0      20       0       0       0       0     181       0       0       0       0       0       0       0     181       0
   70.000   534030.464       1   44034     160       0       0       0      10       0       0       0       0     187       0       0       0       0       0       0       0     187       0
   71.000   537414.176       1   44313     160       0       0       0      12       0       0       0       0     188       0       0       0       0       0       0       0     188       0
   72.000   540955.552       1   44605     160       0       0       0      33       0       0       0       0     189       0       0       0       0       0       0       0     189       0
   73.000   536140.736       1   44208     160       0       0       0      11       0       0       0       0     183       0       0       0       0       0       0       0     183       0
   74.000   535352.416       1   44143     160       0       0       0       9       0       0       0       0     184       0       0       0       0       0       0       0     184       0
   75.000   540130.848       1   44537     160       0       0       0      15       0       0       0       0     184       0       0       0       0       0       0       0     184       0
   76.000   547274.240       1   45126     160       0       0       0      10       0       0       0       0     184       0       0       0       0       0       0       0     184       0
   77.000   550839.872       1   45420     160       0       0       0      11       0       0       0       0     181       0       0       0       0       0       0       0     181       0
   78.000   566157.536       1   46683     160       0       0       0      13       0       0       0       0     187       0       0       0       0       0       0       0     187       0
   79.000   570778.304       1   47064     160       0       0       0       9       0       0       0       0     184       0       0       0       0       0       0       0     184       0
   80.000   569577.632       1   46965     160       0       0       0      10       0       0       0       0     178       0       0       0       0       0       0       0     178       0
   81.000   574101.376       1   47338     160       0       0       0      10       0       0       0       0     174       0       0       0       0       0       0       0     174       0
   82.000   578285.536       1   47683     160       0       0       0      36       0       0       0       0     176       0       0       0       0       0       0       0     176       0
   83.000   582991.200       1   48071     160       0       0       0      10       0       0       0       0     181       0       0       0       0       0       0       0     181       0
   84.000   583330.784       1   48099     160       0       0       0      16       0       0       0       0     180       0       0       0       0       0       0       0     180       0
   85.000   591298.880       1   48756     160       0       0       0      12       0       0       0       0     181       0       0       0       0       0       0       0     181       0
   86.000   597641.824       1   49279     160       0       0       0       6       0       0       0       0     178       0       0       0       0       0       0       0     178       0
   87.000   590073.952       1   48655     160       0       0       0      11       0       0       0       0     175       0       0       0       0       0       0       0     175       0
   88.000   591359.520       1   48761     160       0       0       0      13       0       0       0       0     180       0       0       0       0       0       0       0     180       0
   89.000   585489.568       1   48277     160       0       0       0      10       0       0       0       0     175       0       0       0       0       0       0       0     175       0
   90.000   582833.536       1   48058     160       0       0       0      10       0       0       0       0     176       0       0       0       0       0       0       0     176       0
   91.000   579740.896       1   47803     160       0       0       0      11       0       0       0       0     174       0       0       0       0       0       0       0     174       0
   92.000   588849.024       1   48554     160       0       0       0      33       0       0       0       0     177       0       0       0       0       0       0       0     177       0
   93.000   590462.048       1   48687     160       0       0       0      16       0       0       0       0     174       0       0       0       0       0       0       0     174       0
   94.000   597277.984       1   49249     160       0       0       0      13       0       0       0       0     178       0       0       0       0       0       0       0     178       0
   95.000   600491.904       1   49514     160       0       0       0       8       0       0       0       0     180       0       0       0       0       0       0       0     180       0
   96.000   598599.936       1   49358     160       0       0       0       9       0       0       0       0     176       0       0       0       0       0       0       0     176       0
   97.000   601947.264       1   49634     160       0       0       0      14       0       0       0       0     176       0       0       0       0       0       0       0     176       0
   98.000   603463.264       1   49759     160       0       0       0       9       0       0       0       0     173       0       0       0       0       0       0       0     173       0
   99.000   602189.824       1   49654     160       0       0       0      12       0       0       0       0     170       0       0       0       0       0       0       0     170       0
  100.000   584798.272       1   48220     160       0       0       0       6       0       0       0       0     165       0       0       0       0       0       0       0     165       0
  101.000   577303.168       1   47602     160       0       0       0      13       0       0       0       0     166       0       0       0       0       0       0       0     166       0
  102.000   585962.560       1   48316     160       0       0       0      31       0       0       0       0     169       0       0       0       0       0       0       0     169       0
  103.000   588897.536       1   48558     160       0       0       0       9       0       0       0       0     165       0       0       0       0       0       0       0     165       0
  104.000   598684.832       1   49365     160       0       0       0      15       0       0       0       0     169       0       0       0       0       0       0       0     169       0
  105.000   601898.752       1   49630     160       0       0       0      13       0       0       0       0     169       0       0       0       0       0       0       0     169       0
  106.000   601789.600       1   49621     160       0       0       0       6       0       0       0       0     170       0       0       0       0       0       0       0     170       0
  107.000   595143.456       1   49073     160       0       0       0       7       0       0       0       0     165       0       0       0       0       0       0       0     165       0
  108.000   593481.920       1   48936     160       0       0       0       4       0       0       0       0     158       0       0       0       0       0       0       0     158       0
  109.000   597459.904       1   49264     160       0       0       0      12       0       0       0       0     155       0       0       0       0       0       0       0     155       0
  110.000   598357.376       1   49338     160       0       0       0      12       0       0       0       0     156       0       0       0       0       0       0       0     156       0
  111.000   603742.208       1   49782     160       0       0       0      16       0       0       0       0     163       0       0       0       0       0       0       0     163       0
  112.000   594209.600       1   48996     160       0       0       0      35       0       0       0       0     160       0       0       0       0       0       0       0     160       0
  113.000   596914.144       1   49219     160       0       0       0      14       0       0       0       0     163       0       0       0       0       0       0       0     163       0
  114.000   596198.592       1   49160     160       0       0       0      12       0       0       0       0     163       0       0       0       0       0       0       0     163       0
  115.000   601365.120       1   49586     160       0       0       0      14       0       0       0       0     168       0       0       0       0       0       0       0     168       0
  116.000   602080.672       1   49645     160       0       0       0       7       0       0       0       0     167       0       0       0       0       0       0       0     167       0
  117.000   601510.656       1   49598     160       0       0       0      11       0       0       0       0     164       0       0       0       0       0       0       0     164       0
  118.000   600249.344       1   49494     160       0       0       0       8       0       0       0       0     162       0       0       0       0       0       0       0     162       0
  119.000   607174.432       1   50065     160       0       0       0      12       0       0       0       0     161       0       0       0       0       0       0       0     161       0
  120.000   615942.976       1   50788     160       0       0       0      17       0       0       0       0     165       0       0       0       0       0       0       0     165       0
  121.000   624905.568       1   51527     160       0       0       0      14       0       0       0       0     169       0       0       0       0       0       0       0     169       0
  122.000   629647.616       1   51918     160       0       0       0      38       0       0       0       0     176       0       0       0       0       0       0       0     176       0
  123.000   625487.712       1   51575     160       0       0       0      11       0       0       0       0     185       0       0       0       0       0       0       0     185       0
  124.000   619472.224       1   51079     160       0       0       0      10       0       0       0       0     184       0       0       0       0       0       0       0     184       0
  125.000   624432.576       1   51488     160       0       0       0       9       0       0       0       0     182       0       0       0       0       0       0       0     182       0
  126.000   628483.328       1   51822     160       0       0       0       6       0       0       0       0     174       0       0       0       0       0       0       0     174       0
  127.000   633613.472       1   52245     160       0       0       0      11       0       0       0       0     171       0       0       0       0       0       0       0     171       0
  128.000   637579.328       1   52572     160       0       0       0      12       0       0       0       0     169       0       0       0       0       0       0       0     169       0
  129.000   643776.736       1   53083     160       0       0       0      17       0       0       0       0     171       0       0       0       0       0       0       0     171       0
  130.000   649028.160       1   53516     160       0       0       0       8       0       0       0       0     173       0       0       0       0       0       0       0     173       0
  131.000   645195.712       1   53200     160       0       0       0      10       0       0       0       0     172       0       0       0       0       0       0       0     172       0
  132.000   642733.728       1   52997     160       0       0       0      36       0       0       0       0     171       0       0       0       0       0       0       0     171       0
  133.000   651635.680       1   53731     160       0       0       0      14       0       0       0       0     178       0       0       0       0       0       0       0     178       0
  134.000   655795.584       1   54074     160       0       0       0       8       0       0       0       0     176       0       0       0       0       0       0       0     176       0
  135.000   659179.296       1   54353     160       0       0       0       6       0       0       0       0     167       0       0       0       0       0       0       0     167       0
  136.000   654582.784       1   53974     160       0       0       0      11       0       0       0       0     161       0       0       0       0       0       0       0     161       0
  137.000   645183.584       1   53199     160       0       0       0       8       0       0       0       0     156       0       0       0       0       0       0       0     156       0
  138.000   640732.608       1   52832     160       0       0       0       7       0       0       0       0     150       0       0       0       0       0       0       0     150       0
  139.000   640538.560       1   52816     160       0       0       0       9       0       0       0       0     148       0       0       0       0       0       0       0     148       0
  140.000   651320.352       1   53705     160       0       0       0       8       0       0       0       0     149       0       0       0       0       0       0       0     149       0
  141.000   647087.680       1   53356     160       0       0       0      11       0       0       0       0     151       0       0       0       0       0       0       0     151       0
  142.000   643012.672       1   53020     160       0       0       0      35       0       0       0       0     154       0       0       0       0       0       0       0     154       0
  143.000   628665.248       1   51837     160       0       0       0       7       0       0       0       0     151       0       0       0       0       0       0       0     151       0
  144.000   631260.640       1   52051     160       0       0       0       9       0       0       0       0     146       0       0       0       0       0       0       0     146       0
  145.000   626397.312       1   51650     160       0       0       0       6       0       0       0       0     139       0       0       0       0       0       0       0     139       0
  146.000   625475.584       1   51574     160       0       0       0      10       0       0       0       0     138       0       0       0       0       0       0       0     138       0
  147.000   626251.776       1   51638     160       0       0       0       5       0       0       0       0     138       0       0       0       0       0       0       0     138       0
  148.000   621922.080       1   51281     160       0       0       0      12       0       0       0       0     132       0       0       0       0       0       0       0     132       0
  149.000   614245.056       1   50648     160       0       0       0      14       0       0       0       0     134       0       0       0       0       0       0       0     134       0
  150.000   620672.896       1   51178     160       0       0       0       9       0       0       0       0     139       0       0       0       0       0       0       0     139       0
  151.000   610351.968       1   50327     160       0       0       0       5       0       0       0       0     137       0       0       0       0       0       0       0     137       0
  152.000   612353.088       1   50492     160       0       0       0      29       0       0       0       0     136       0       0       0       0       0       0       0     136       0
  153.000   605221.824       1   49904     160       0       0       0       9       0       0       0       0     137       0       0       0       0       0       0       0     137       0
  154.000   602990.272       1   49720     160       0       0       0      12       0       0       0       0     138       0       0       0       0       0       0       0     138       0
  155.000   614075.264       1   50634     160       0       0       0      17       0       0       0       0     145       0       0       0       0       0       0       0     145       0
  156.000   621970.592       1   51285     160       0       0       0      10       0       0       0       0     148       0       0       0       0       0       0       0     148       0
  157.000   616852.576       1   50863     160       0       0       0       7       0       0       0       0     147       0       0       0       0       0       0       0     147       0
  158.000   613820.576       1   50613     160       0       0       0       9       0       0       0       0     146       0       0       0       0       0       0       0     146       0
  159.000   613359.712       1   50575     160       0       0       0      11       0       0       0       0     147       0       0       0       0       0       0       0     147       0
  160.000   610618.784       1   50349     160       0       0       0       9       0       0       0       0     149       0       0       0       0       0       0       0     149       0
  161.000   609612.160       1   50266     160       0       0       0      14       0       0       0       0     153       0       0       0       0       0       0       0     153       0
  162.000   608362.976       1   50163     160       0       0       0      38       0       0       0       0     157       0       0       0       0       0       0       0     157       0
  163.000   604300.096       1   49828     160       0       0       0      12       0       0       0       0     162       0       0       0       0       0       0       0     162       0
  164.000   612874.592       1   50535     160       0       0       0      17       0       0       0       0     166       0       0       0       0       0       0       0     166       0
  165.000   616694.912       1   50850     160       0       0       0       6       0       0       0       0     164       0       0       0       0       0       0       0     164       0
  166.000   615045.504       1   50714     160       0       0       0      11       0       0       0       0     168       0       0       0       0       0       0       0     168       0
  167.000   615094.016       1   50718     160       0       0       0      11       0       0       0       0     172       0       0       0       0       0       0       0     172       0
  168.000   600431.264       1   49509     160       0       0       0       8       0       0       0       0     172       0       0       0       0       0       0       0     172       0
  169.000   588727.744       1   48544     160       0       0       0       7       0       0       0       0     168       0       0       0       0       0       0       0     168       0
  170.000   579255.776       1   47763     160       0       0       0       8       0       0       0       0     161       0       0       0       0       0       0       0     161       0
  171.000   574841.184       1   47399     160       0       0       0      11       0       0       0       0     158       0       0       0       0       0       0       0     158       0
  172.000   568825.696       1   46903     160       0       0       0      33       0       0       0       0     161       0       0       0       0       0       0       0     161       0
  173.000   561779.328       1   46322     160       0       0       0      14       0       0       0       0     166       0       0       0       0       0       0       0     166       0
  174.000   565211.552       1   46605     160       0       0       0      11       0       0       0       0     169       0       0       0       0       0       0       0     169       0
  175.000   560833.344       1   46244     160       0       0       0       7       0       0       0       0     167       0       0       0       0       0       0       0     167       0
  176.000   556418.752       1   45880     160       0       0       0      11       0       0       0       0     165       0       0       0       0       0       0       0     165       0
  177.000   555327.232       1   45790     160       0       0       0      11       0       0       0       0     164       0       0       0       0       0       0       0     164       0
  178.000   553192.704       1   45614     160       0       0       0       5       0       0       0       0     158       0       0       0       0       0       0       0     158       0
  179.000   549384.512       1   45300     160       0       0       0       8       0       0       0       0     150       0       0       0       0       0       0       0     150       0
  180.000   545442.912       1   44975     160       0       0       0       8       0       0       0       0     145       0       0       0       0       0       0       0     145       0
  181.000   538505.696       1   44403     160       0       0       0       8       0       0       0       0     143       0       0       0       0       0       0       0     143       0
  182.000   535995.200       1   44196     160       0       0       0      37       0       0       0       0     142       0       0       0       0       0       0       0     142       0
  183.000   535582.848       1   44162     160       0       0       0       5       0       0       0       0     142       0       0       0       0       0       0       0     142       0
  184.000   537571.840       1   44326     160       0       0       0      12       0       0       0       0     144       0       0       0       0       0       0       0     144       0
  185.000   544496.928       1   44897     160       0       0       0       9       0       0       0       0     147       0       0       0       0       0       0       0     147       0
  186.000   543162.848       1   44787     160       0       0       0       9       0       0       0       0     145       0       0       0       0       0       0       0     145       0
  187.000   542447.296       1   44728     160       0       0       0      10       0       0       0       0     142       0       0       0       0       0       0       0     142       0
  188.000   535303.904       1   44139     160       0       0       0      11       0       0       0       0     139       0       0       0       0       0       0       0     139       0
  189.000   529919.072       1   43695     160       0       0       0       7       0       0       0       0     137       0       0       0       0       0       0       0     137       0
  190.000   523212.288       1   43142     160       0       0       0       8       0       0       0       0     136       0       0       0       0       0       0       0     136       0
  191.000   527578.368       1   43502     160       0       0       0      17       0       0       0       0     141       0       0       0       0       0       0       0     141       0
  192.000   531046.976       1   43788     160       0       0       0      37       0       0       0       0     143       0       0       0       0       0       0       0     143       0
  193.000   525468.096       1   43328     160       0       0       0       9       0       0       0       0     143       0       0       0       0       0       0       0     143       0
  194.000   526911.328       1   43447     160       0       0       0      15       0       0       0       0     148       0       0       0       0       0       0       0     148       0
  195.000   533496.832       1   43990     160       0       0       0       8       0       0       0       0     156       0       0       0       0       0       0       0     156       0
  196.000   536043.712       1   44200     160       0       0       0      11       0       0       0       0     157       0       0       0       0       0       0       0     157       0
  197.000   537305.024       1   44304     160       0       0       0       9       0       0       0       0     153       0       0       0       0       0       0       0     153       0
  198.000   541950.048       1   44687     160       0       0       0      11       0       0       0       0     156       0       0       0       0       0       0       0     156       0
  199.000   539196.992       1   44460     160       0       0       0      11       0       0       0       0     159       0       0       0       0       0       0       0     159       0
  200.000   541780.256       1   44673     160       0       0       0      13       0       0       0       0     161       0       0       0       0       0       0       0     161       0
  201.000   538554.208       1   44407     160       0       0       0      15       0       0       0       0     166       0       0       0       0       0       0       0     166       0
  202.000   545831.008       1   45007     160       0       0       0      30       0       0       0       0     169       0       0       0       0       0       0       0     169       0
  203.000   548195.968       1   45202     160       0       0       0      12       0       0       0       0     169       0       0       0       0       0       0       0     169       0
  204.000   540155.104       1   44539     160       0       0       0       7       0       0       0       0     167       0       0       0       0       0       0       0     167       0
  205.000   546534.432       1   45065     160       0       0       0       8       0       0       0       0     169       0       0       0       0       0       0       0     169       0
  206.000   537790.144       1   44344     160       0       0       0       7       0       0       0       0     161       0       0       0       0       0       0       0     161       0
  207.000   523770.176       1   43188     160       0       0       0       9       0       0       0       0     157       0       0       0       0       0       0       0     157       0
  208.000   521999.488       1   43042     160       0       0       0      12       0       0       0       0     159       0       0       0       0       0       0       0     159       0
  209.000   529640.128       1   43672     160       0       0       0      12       0       0       0       0     158       0       0       0       0       0       0       0     158       0
  210.000   532635.744       1   43919     160       0       0       0       5       0       0       0       0     153       0       0       0       0       0       0       0     153       0
  211.000   535279.648       1   44137     160       0       0       0       9       0       0       0       0     151       0       0       0       0       0       0       0     151       0
  212.000   538129.728       1   44372     160       0       0       0      44       0       0       0       0     154       0       0       0       0       0       0       0     154       0
  213.000   548050.432       1   45190     160       0       0       0       9       0       0       0       0     155       0       0       0       0       0       0       0     155       0
  214.000   549275.360       1   45291     160       0       0       0       9       0       0       0       0     153       0       0       0       0       0       0       0     153       0
  215.000   547359.136       1   45133     160       0       0       0      10       0       0       0       0     150       0       0       0       0       0       0       0     150       0
  216.000   545018.432       1   44940     160       0       0       0      15       0       0       0       0     148       0       0       0       0       0       0       0     148       0
  217.000   544145.216       1   44868     160       0       0       0       8       0       0       0       0     148       0       0       0       0       0       0       0     148       0
  218.000   544945.664       1   44934     160       0       0       0       8       0       0       0       0     146       0       0       0       0       0       0       0     146       0
  219.000   548838.752       1   45255     160       0       0       0      12       0       0       0       0     148       0       0       0       0       0       0       0     148       0
  220.000   546340.384       1   45049     160       0       0       0       8       0       0       0       0     147       0       0       0       0       0       0       0     147       0
  221.000   546558.688       1   45067     160       0       0       0      13       0       0       0       0     151       0       0       0       0       0       0       0     151       0
  222.000   545576.320       1   44986     160       0       0       0      35       0       0       0       0     157       0       0       0       0       0       0       0     157       0
  223.000   538796.768       1   44427     160       0       0       0       8       0       0       0       0     156       0       0       0       0       0       0       0     156       0
  224.000   540349.152       1   44555     160       0       0       0      14       0       0       0       0     155       0       0       0       0       0       0       0     155       0
  225.000   542689.856       1   44748     160       0       0       0      12       0       0       0       0     160       0       0       0       0       0       0       0     160       0
  226.000   540045.952       1   44530     160       0       0       0      10       0       0       0       0     163       0       0       0       0       0       0       0     163       0
  227.000   543041.568       1   44777     160       0       0       0       9       0       0       0       0     162       0       0       0       0       0       0       0     162       0
  228.000   548062.560       1   45191     160       0       0       0      15       0       0       0       0     163       0       0       0       0       0       0       0     163       0
  229.000   548159.584       1   45199     160       0       0       0       9       0       0       0       0     164       0       0       0       0       0       0       0     164       0
  230.000   547140.832       1   45115     160       0       0       0      12       0       0       0       0     167       0       0       0       0       0       0       0     167       0
  231.000   545649.088       1   44992     160       0       0       0      12       0       0       0       0     167       0       0       0       0       0       0       0     167       0
  232.000   541440.672       1   44645     160       0       0       0      34       0       0       0       0     165       0       0       0       0       0       0       0     165       0
  233.000   539318.272       1   44470     160       0       0       0       7       0       0       0       0     166       0       0       0       0       0       0       0     166       0
  234.000   533666.624       1   44004     160       0       0       0      13       0       0       0       0     165       0       0       0       0       0       0       0     165       0
  235.000   537583.968       1   44327     160       0       0       0       6       0       0       0       0     167       0       0       0       0       0       0       0     167       0
  236.000   533618.112       1   44000     160       0       0       0      13       0       0       0       0     164       0       0       0       0       0       0       0     164       0
  237.000   530501.216       1   43743     160       0       0       0       7       0       0       0       0     162       0       0       0       0       0       0       0     162       0
  238.000   520301.568       1   42902     160       0       0       0       9       0       0       0       0     160       0       0       0       0       0       0       0     160       0
  239.000   518445.984       1   42749     160       0       0       0       8       0       0       0       0     160       0       0       0       0       0       0       0     160       0
  240.000   519731.552       1   42855     160       0       0       0       9       0       0       0       0     154       0       0       0       0       0       0       0     154       0
  241.000   522496.736       1   43083     160       0       0       0      12       0       0       0       0     154       0       0       0       0       0       0       0     154       0
  242.000   520883.712       1   42950     160       0       0       0      33       0       0       0       0     152       0       0       0       0       0       0       0     152       0
  243.000   516735.936       1   42608     160       0       0       0      10       0       0       0       0     149       0       0       0       0       0       0       0     149       0
  244.000   520386.464       1   42909     160       0       0       0      15       0       0       0       0     151       0       0       0       0       0       0       0     151       0
  245.000   525686.400       1   43346     160       0       0       0      10       0       0       0       0     152       0       0       0       0       0       0       0     152       0
  246.000   523830.816       1   43193     160       0       0       0       9       0       0       0       0     149       0       0       0       0       0       0       0     149       0
  247.000   531022.720       1   43786     160       0       0       0      21       0       0       0       0     155       0       0       0       0       0       0       0     155       0
  248.000   530100.992       1   43710     160       0       0       0       6       0       0       0       0     159       0       0       0       0       0       0       0     159       0
  249.000   524679.776       1   43263     160       0       0       0       6       0       0       0       0     156       0       0       0       0       0       0       0     156       0
  250.000   518421.728       1   42747     160       0       0       0      11       0       0       0       0     154       0       0       0       0       0       0       0     154       0
  251.000   514625.664       1   42434     160       0       0       0       7       0       0       0       0     154       0       0       0       0       0       0       0     154       0
  252.000   507567.168       1   41852     160       0       0       0      31       0       0       0       0     150       0       0       0       0       0       0       0     150       0
  253.000   509653.184       1   42024     160       0       0       0      11       0       0       0       0     152       0       0       0       0       0       0       0     152       0
  254.000   508682.944       1   41944     160       0       0       0      13       0       0       0       0     153       0       0       0       0       0       0       0     153       0
  255.000   511423.872       1   42170     160       0       0       0       9       0       0       0       0     156       0       0       0       0       0       0       0     156       0
  256.000   517597.024       1   42679     160       0       0       0       7       0       0       0       0     155       0       0       0       0       0       0       0     155       0
  257.000   521126.272       1   42970     160       0       0       0      10       0       0       0       0     156       0       0       0       0       0       0       0     156       0
  258.000   524922.336       1   43283     160       0       0       0       9       0       0       0       0     156       0       0       0       0       0       0       0     156       0
  259.000   521647.776       1   43013     160       0       0       0      12       0       0       0       0     153       0       0       0       0       0       0       0     153       0
  260.000   520532.000       1   42921     160       0       0       0       7       0       0       0       0     149       0       0       0       0       0       0       0     149       0
  261.000   514589.280       1   42431     160       0       0       0       7       0       0       0       0     146       0       0       0       0       0       0       0     146       0
  262.000   513376.480       1   42331     160       0       0       0      36       0       0       0       0     140       0       0       0       0       0       0       0     140       0
  263.000   518627.904       1   42764     160       0       0       0      13       0       0       0       0     139       0       0       0       0       0       0       0     139       0
  264.000   519767.936       1   42858     160       0       0       0      10       0       0       0       0     144       0       0       0       0       0       0       0     144       0
  265.000   526923.456       1   43448     160       0       0       0      14       0       0       0       0     148       0       0       0       0       0       0       0     148       0
  266.000   530392.064       1   43734     160       0       0       0       9       0       0       0       0     151       0       0       0       0       0       0       0     151       0
  267.000   529446.080       1   43656     160       0       0       0      11       0       0       0       0     154       0       0       0       0       0       0       0     154       0
  268.000   530137.376       1   43713     160       0       0       0      11       0       0       0       0     155       0       0       0       0       0       0       0     155       0
  269.000   531738.272       1   43845     160       0       0       0      10       0       0       0       0     155       0       0       0       0       0       0       0     155       0
  270.000   533994.080       1   44031     160       0       0       0      15       0       0       0       0     157       0       0       0       0       0       0       0     157       0
  271.000   530404.192       1   43735     160       0       0       0      10       0       0       0       0     159       0       0       0       0       0       0       0     159       0
  272.000   526632.384       1   43424     160       0       0       0      30       0       0       0       0     158       0       0       0       0       0       0       0     158       0
  273.000   524388.704       1   43239     160       0       0       0       7       0       0       0       0     155       0       0       0       0       0       0       0     155       0
  274.000   528427.328       1   43572     160       0       0       0      10       0       0       0       0     154       0       0       0       0       0       0       0     154       0
  275.000   534650.752       1   44084     160       0       0       0      10       0       0       0       0     154       0       0       0       0       0       0       0     154       0
