  TimeSec      LoaKbps LoaUsag Packets DlyUsec LoaDrps MetDrps TabDrps FloMods MetMods GroMods  PktsIn PktsOut FloEntr FloUsag MetEntr MetUsag GroEntr GroUsag BufPkts BufUsag  T0Entr  T0Usag
    1.000        0.000       0       0      34       0       0       0       4       0       0       0       0       3       0       0       0       0       0       0       0       3       0
    2.000     8681.888       0     717      70       0       0       0      10       0       0      10      10       9       0       0       0       0       0       0       0       9       0
    3.000    19621.344       0    1619      90       0       0       0       8       0       0       8       8      17       0       0       0       0       0       0       0      17       0
    4.000    24605.952       0    2030      99       0       0       0       4       0       0       4       4      23       0       0       0       0       0       0       0      23       0
    5.000    37546.528       0    3097     109       0       0       0      10       0       0      10      10      31       0       0       0       0       0       0       0      31       0
    6.000    50365.824       0    4154     118       0       0       0       9       0       0       9       9      40       0       0       0       0       0       0       0      40       0
    7.000    65077.088       0    5367     119       0       0       0      12       0       0      12      12      52       0       0       0       0       0       0       0      52       0
    8.000    75276.736       0    6208     129       0       0       0      13       0       0      13      13      64       0       0       0       0       0       0       0      64       0
    9.000    79982.400       0    6596     138       0       0       0       6       0       0       6       6      72       0       0       0       0       0       0       0      72       0
   10.000    86895.360       0    7166     139       0       0       0       6       0       0       6       6      80       0       0       0       0       0       0       0      80       0
   11.000    97555.872       0    8045     139       0       0       0      92       0       0      14      14      90       0       0       0       0       0       0       0      90       0
   12.000   113819.520       0    9386     139       0       0       0      11       0       0      11      11     101       0       0       0       0       0       0       0     101       0
   13.000   126929.888       0   10467     140       0       0       0       7       0       0       7       7     110       0       0       0       0       0       0       0     110       0
   14.000   137141.664       0   11309     140       0       0       0      10       0       0      10      10     119       0       0       0       0       0       0       0     119       0
   15.000   144078.880       0   11881     149       0       0       0       8       0       0       8       8     128       0       0       0       0       0       0       0     128       0
   16.000   157832.032       0   13015     158       0       0       0      13       0       0      13      13     138       0       0       0       0       0       0       0     138       0
   17.000   170105.568       0   14027     159       0       0       0      17       0       0      17      17     155       0       0       0       0       0       0       0     155       0
   18.000   180353.728       0   14872     159       0       0       0      13       0       0      13      13     168       0       0       0       0       0       0       0     168       0
   19.000   186684.544       0   15394     159       0       0       0       9       0       0       9       9     179       0       0       0       0       0       0       0     179       0
   20.000   194870.944       0   16069     160       0       0       0      14       0       0      14      14     189       0       0       0       0       0       0       0     189       0
   21.000   204815.904       0   16889     160       0       0       0      29       0       0       9       9     202       0       0       0       0       0       0       0     202       0
   22.000   218896.512       0   18050     160       0       0       0      10       0       0      10      10     212       0       0       0       0       0       0       0     212       0
   23.000   223396.000       0   18421     160       0       0       0       8       0       0       8       8     220       0       0       0       0       0       0       0     220       0
   24.000   229423.616       0   18918     160       0       0       0      10       0       0      10      10     228       0       0       0       0       0       0       0     228       0
   25.000   239562.624       0   19754     160       0       0       0       7       0       0       7       7     237       0       0       0       0       0       0       0     237       0
   26.000   249992.704       0   20614     160       0       0       0      12       0       0      12      12     248       0       0       0       0       0       0       0     248       0
   27.000   262739.232       0   21665     174       0       0       0      11       0       0      11      11     259       0       0       0       0       0       0       0     259       0
   28.000   273666.560       0   22566     179       0       0       0       8       0       0       8       8     270       0       0       0       0       0       0       0     270       0
   29.000   274333.600       0   22621     179       0       0       0      10       0       0      10      10     276       0       0       0       0       0       0       0     276       0
   30.000   279585.024       0   23054     179       0       0       0      10       0       0      10      10     286       0       0       0       0       0       0       0     286       0
   31.000   286886.080       0   23656     179       0       0       0      55       0       0      15      15     297       0       0       0       0       0       0       0     297       0
   32.000   293665.632       0   24215     180       0       0       0      11       0       0      11      11     307       0       0       0       0       0       0       0     307       0
   33.000   301015.200       0   24821     180       0       0       0       8       0       0       8       8     318       0       0       0       0       0       0       0     318       0
   34.000   303452.928       0   25022     180       0       0       0       7       0       0       7       7     323       0       0       0       0       0       0       0     323       0
   35.000   311396.768       0   25677     180       0       0       0       8       0       0       8       8     332       1       0       0       0       0       0       0     332       1
   36.000   308049.440       0   25401     180       0       0       0      10       0       0      10      10     339       1       0       0       0       0       0       0     339       1
   37.000   311772.736       0   25708     180       0       0       0       6       0       0       6       6     344       1       0       0       0       0       0       0     344       1
   38.000   317836.736       0   26208     180       0       0       0       6       0       0       6       6     350       1       0       0       0       0       0       0     350       1
   39.000   323706.688       0   26692     180       0       0       0       8       0       0       8       8     356       1       0       0       0       0       0       0     356       1
   40.000   330777.312       0   27275     180       0       0       0       9       0       0       9       9     363       1       0       0       0       0       0       0     363       1
   41.000   342759.776       0   28263     180       0       0       0      27       0       0      13      13     375       1       0       0       0       0       0       0     375       1
   42.000   357301.248       0   29462     180       0       0       0      13       0       0      13      13     387       1       0       0       0       0       0       0     387       1
   43.000   364153.568       0   30027     180       0       0       0       7       0       0       7       7     392       1       0       0       0       0       0       0     392       1
   44.000   369223.072       0   30445     180       0       0       0      12       0       0      12      12     396       1       0       0       0       0       0       0     396       1
   45.000   378379.712       0   31200     180       0       0       0      15       0       0      15      15     407       1       0       0       0       0       0       0     407       1
   46.000   393006.080       0   32406     180       0       0       0      12       0       0      12      12     421       1       0       0       0       0       0       0     421       1
   47.000   397493.440       0   32776     180       0       0       0      12       0       0      12      12     427       1       0       0       0       0       0       0     427       1
   48.000   408796.736       0   33708     180       0       0       0      11       0       0      11      11     436       1       0       0       0       0       0       0     436       1
   49.000   415491.392       0   34260     180       0       0       0       9       0       0       9       9     445       1       0       0       0       0       0       0     445       1
   50.000   418256.576       0   34488     180       0       0       0       6       0       0       6       6     450       1       0       0       0       0       0       0     450       1
   51.000   420488.128       0   34672     180       0       0       0      37       0       0       8       8     451       1       0       0       0       0       0       0     451       1
   52.000   423229.056       0   34898     180       0       0       0       7       0       0       7       7     453       1       0       0       0       0       0       0     453       1
   53.000   425739.552       0   35105     180       0       0       0      10       0       0      10      10     456       1       0       0       0       0       0       0     456       1
   54.000   433901.696       0   35778     180       0       0       0       6       0       0       6       6     463       1       0       0       0       0       0       0     463       1
   55.000   430251.168       0   35477     180       0       0       0      10       0       0      10      10     466       1       0       0       0       0       0       0     466       1
   56.000   433477.216       0   35743     180       0       0       0       8       0       0       8       8     475       1       0       0       0       0       0       0     475       1
   57.000   437649.248       0   36087     180       0       0       0      12       0       0      12      12     485       1       0       0       0       0       0       0     485       1
   58.000   448139.968       0   36952     180       0       0       0      13       0       0      13      13     495       1       0       0       0       0       0       0     495       1
   59.000   462523.776       0   38138     180       0       0       0      14       0       0      14      14     502       1       0       0       0       0       0       0     502       1
   60.000   469048.640       0   38676     187       0       0       0      10       0       0      10      10     510       1       0       0       0       0       0       0     510       1
   61.000   479236.160       0   39516     198       0       0       0      27       0       0      12      12     519       1       0       0       0       0       0       0     519       1
   62.000   482146.880       0   39756     199       0       0       0      13       0       0      13      13     527       1       0       0       0       0       0       0     527       1
   63.000   484912.064       0   39984     199       0       0       0       8       0       0       8       8     532       1       0       0       0       0       0       0     532       1
   64.000   490600.096       0   40453     199       0       0       0      13       0       0      13      13     542       1       0       0       0       0       0       0     542       1
   65.000   504535.168       1   41602     200       0       0       0      17       0       0      17      17     552       1       0       0       0       0       0       0     552       1
   66.000   520350.080       1   42906     200       0       0       0      15       0       0      15      15     565       1       0       0       0       0       0       0     565       1
   67.000   523588.256       1   43173     200       0       0       0       9       0       0       9       9     570       1       0       0       0       0       0       0     570       1
   68.000   520956.480       1   42956     200       0       0       0       8       0       0       8       8     576       1       0       0       0       0       0       0     576       1
   69.000   524218.912       1   43225     200       0       0       0      20       0       0      20      20     588       1       0       0       0       0       0       0     588       1
   70.000   534151.744       1   44044     200       0       0       0      10       0       0      10      10     593       1       0       0       0       0       0       0     593       1
   71.000   537365.664       1   44309     200       0       0       0      34       0       0      12      12     596       1       0       0       0       0       0       0     596       1
   72.000   541016.192       1   44610     200       0       0       0      11       0       0      11      11     603       1       0       0       0       0       0       0     603       1
   73.000   535983.072       1   44195     200       0       0       0      11       0       0      11      11     607       1       0       0       0       0       0       0     607       1
   74.000   535449.440       1   44151     200       0       0       0       9       0       0       9       9     617       1       0       0       0       0       0       0     617       1
   75.000   540106.592       1   44535     200       0       0       0      15       0       0      15      15     622       1       0       0       0       0       0       0     622       1
   76.000   547274.240       1   45126     200       0       0       0      10       0       0      10      10     629       1       0       0       0       0       0       0     629       1
   77.000   550888.384       1   45424     200       0       0       0      11       0       0      11      11     634       1       0       0       0       0       0       0     634       1
   78.000   566072.640       1   46676     200       0       0       0      13       0       0      13      13     641       1       0       0       0       0       0       0     641       1
   79.000   570814.688       1   47067     200       0       0       0       9       0       0       9       9     645       1       0       0       0       0       0       0     645       1
   80.000   569747.424       1   46979     200       0       0       0      10       0       0      10      10     650       1       0       0       0       0       0       0     650       1
   81.000   573919.456       1   47323     200       0       0       0      28       0       0      10      10     659       1       0       0       0       0       0       0     659       1
   82.000   578370.432       1   47690     200       0       0       0      18       0       0      18      18     664       1       0       0       0       0       0       0     664       1
   83.000   583051.840       1   48076     200       0       0       0      10       0       0      10      10     671       1       0       0       0       0       0       0     671       1
   84.000   583197.376       1   48088     200       0       0       0      16       0       0      16      16     677       1       0       0       0       0       0       0     677       1
   85.000   591541.440       1   48776     200       0       0       0      12       0       0      12      12     681       1       0       0       0       0       0       0     681       1
   86.000   597508.416       1   49268     200       0       0       0       6       0       0       6       6     682       1       0       0       0       0       0       0     682       1
   87.000   590134.592       1   48660     200       0       0       0      11       0       0      11      11     682       1       0       0       0       0       0       0     682       1
   88.000   591274.624       1   48754     200       0       0       0      13       0       0      13      13     685       1       0       0       0       0       0       0     685       1
   89.000   585404.672       1   48270     200       0       0       0      10       0       0      10      10     682       1       0       0       0       0       0       0     682       1
   90.000   582845.664       1   48059     200       0       0       0      10       0       0      10      10     687       1       0       0       0       0       0       0     687       1
   91.000   579765.152       1   47805     200       0       0       0      34       0       0      11      11     689       1       0       0       0       0       0       0     689       1
   92.000   588691.360       1   48541     200       0       0       0      10       0       0      10      10     697       1       0       0       0       0       0       0     697       1
   93.000   590619.712       1   48700     200       0       0       0      16       0       0      16      16     705       1       0       0       0       0       0       0     705       1
   94.000   597277.984       1   49249     200       0       0       0      13       0       0      13      13     712       1       0       0       0       0       0       0     712       1
   95.000   600564.672       1   49520     200       0       0       0       8       0       0       8       8     714       1       0       0       0       0       0       0     714       1
   96.000   598515.040       1   49351     200       0       0       0       9       0       0       9       9     714       1       0       0       0       0       0       0     714       1
   97.000   601923.008       1   49632     200       0       0       0      14       0       0      14      14     719       1       0       0       0       0       0       0     719       1
   98.000   603681.568       1   49777     200       0       0       0       9       0       0       9       9     719       1       0       0       0       0       0       0     719       1
   99.000   601959.392       1   49635     200       0       0       0      12       0       0      12      12     723       1       0       0       0       0       0       0     723       1
  100.000   584846.784       1   48224     200       0       0       0       6       0       0       6       6     725       1       0       0       0       0       0       0     725       1
  101.000   577436.576       1   47613     200       0       0       0      33       0       0      13      13     726       1       0       0       0       0       0       0     726       1
  102.000   585792.768       1   48302     200       0       0       0      11       0       0      11      11     725       1       0       0       0       0       0       0     725       1
  103.000   588933.920       1   48561     200       0       0       0       9       0       0       9       9     723       1       0       0       0       0       0       0     723       1
  104.000   598769.728       1   49372     200       0       0       0      15       0       0      15      15     723       1       0       0       0       0       0       0     723       1
  105.000   601862.368       1   49627     200       0       0       0      13       0       0      13      13     721       1       0       0       0       0       0       0     721       1
  106.000   601777.472       1   49620     200       0       0       0       6       0       0       6       6     723       1       0       0       0       0       0       0     723       1
  107.000   595131.328       1   49072     200       0       0       0       7       0       0       7       7     723       1       0       0       0       0       0       0     723       1
  108.000   593457.664       1   48934     200       0       0       0       4       0       0       4       4     721       1       0       0       0       0       0       0     721       1
  109.000   597556.928       1   49272     200       0       0       0      12       0       0      12      12     725       1       0       0       0       0       0       0     725       1
  110.000   598381.632       1   49340     200       0       0       0      12       0       0      12      12     728       1       0       0       0       0       0       0     728       1
  111.000   603778.592       1   49785     200       0       0       0      42       0       0      16      16     733       1       0       0       0       0       0       0     733       1
  112.000   594076.192       1   48985     200       0       0       0       9       0       0       9       9     735       1       0       0       0       0       0       0     735       1
  113.000   596914.144       1   49219     200       0       0       0      14       0       0      14      14     738       1       0       0       0       0       0       0     738       1
  114.000   596247.104       1   49164     200       0       0       0      12       0       0      12      12     740       1       0       0       0       0       0       0     740       1
  115.000   601522.784       1   49599     200       0       0       0      14       0       0      14      14     740       1       0       0       0       0       0       0     740       1
  116.000   601704.704       1   49614     200       0       0       0       7       0       0       7       7     739       1       0       0       0       0       0       0     739       1
  117.000   601753.216       1   49618     200       0       0       0      11       0       0      11      11     737       1       0       0       0       0       0       0     737       1
  118.000   600091.680       1   49481     200       0       0       0       8       0       0       8       8     739       1       0       0       0       0       0       0     739       1
  119.000   607319.968       1   50077     200       0       0       0      12       0       0      12      12     745       1       0       0       0       0       0       0     745       1
  120.000   615942.976       1   50788     200       0       0       0      17       0       0      17      17     751       1       0       0       0       0       0       0     751       1
  121.000   624990.464       1   51534     200       0       0       0      39       0       0      14      14     753       1       0       0       0       0       0       0     753       1
  122.000   629380.800       1   51896     200       0       0       0      13       0       0      13      13     751       1       0       0       0       0       0       0     751       1
  123.000   625718.144       1   51594     200       0       0       0      11       0       0      11      11     754       1       0       0       0       0       0       0     754       1
  124.000   619302.432       1   51065     200       0       0       0      10       0       0      10      10     754       1       0       0       0       0       0       0     754       1
  125.000   624675.136       1   51508     200       0       0       0       9       0       0       9       9     750       1       0       0       0       0       0       0     750       1
  126.000   628289.280       1   51806     200       0       0       0       6       0       0       6       6     750       1       0       0       0       0       0       0     750       1
  127.000   633686.240       1   52251     200       0       0       0      11       0       0      11      11     747       1       0       0       0       0       0       0     747       1
  128.000   637542.944       1   52569     200       0       0       0      12       0       0      12      12     747       1       0       0       0       0       0       0     747       1
  129.000   643885.888       1   53092     200       0       0       0      17       0       0      17      17     751       1       0       0       0       0       0       0     751       1
  130.000   649028.160       1   53516     200       0       0       0       8       0       0       8       8     758       1       0       0       0       0       0       0     758       1
  131.000   645086.560       1   53191     200       0       0       0      37       0       0      10      10     758       1       0       0       0       0       0       0     758       1
  132.000   642660.960       1   52991     200       0       0       0       9       0       0       9       9     758       1       0       0       0       0       0       0     758       1
  133.000   651720.576       1   53738     200       0       0       0      14       0       0      14      14     761       1       0       0       0       0       0       0     761       1
  134.000   655844.096       1   54078     200       0       0       0       8       0       0       8       8     761       1       0       0       0       0       0       0     761       1
  135.000   659142.912       1   54350     200       0       0       0       6       0       0       6       6     757       1       0       0       0       0       0       0     757       1
  136.000   654643.424       1   53979     200       0       0       0      11       0       0      11      11     757       1       0       0       0       0       0       0     757       1
  137.000   645159.328       1   53197     200       0       0       0       8       0       0       8       8     756       1       0       0       0       0       0       0     756       1
  138.000   640671.968       1   52827     200       0       0       0       7       0       0       7       7     750       1       0       0       0       0       0       0     750       1
  139.000   640587.072       1   52820     200       0       0       0       9       0       0       9       9     744       1       0       0       0       0       0       0     744       1
  140.000   651308.224       1   53704     200       0       0       0       8       0       0       8       8     748       1       0       0       0       0       0       0     748       1
  141.000   647196.832       1   53365     200       0       0       0      35       0       0      11      11     750       1       0       0       0       0       0       0     750       1
  142.000   642867.136       1   53008     200       0       0       0      11       0       0      11      11     752       1       0       0       0       0       0       0     752       1
  143.000   628507.584       1   51824     200       0       0       0       7       0       0       7       7     751       1       0       0       0       0       0       0     751       1
  144.000   631418.304       1   52064     200       0       0       0       9       0       0       9       9     753       1       0       0       0       0       0       0     753       1
  145.000   626385.184       1   51649     200       0       0       0       6       0       0       6       6     749       1       0       0       0       0       0       0     749       1
  146.000   625475.584       1   51574     200       0       0       0      10       0       0      10      10     747       1       0       0       0       0       0       0     747       1
  147.000   626300.288       1   51642     200       0       0       0       5       0       0       5       5     746       1       0       0       0       0       0       0     746       1
  148.000   621849.312       1   51275     200       0       0       0      12       0       0      12      12     745       1       0       0       0       0       0       0     745       1
  149.000   614439.104       1   50664     200       0       0       0      14       0       0      14      14     742       1       0       0       0       0       0       0     742       1
  150.000   620357.568       1   51152     200       0       0       0       9       0       0       9       9     741       1       0       0       0       0       0       0     741       1
  151.000   610436.864       1   50334     200       0       0       0      27       0       0       5       5     737       1       0       0       0       0       0       0     737       1
  152.000   612377.344       1   50494     200       0       0       0       7       0       0       7       7     733       1       0       0       0       0       0       0     733       1
  153.000   605088.416       1   49893     200       0       0       0       9       0       0       9       9     729       1       0       0       0       0       0       0     729       1
  154.000   603147.936       1   49733     200       0       0       0      12       0       0      12      12     729       1       0       0       0       0       0       0     729       1
  155.000   613978.240       1   50626     200       0       0       0      17       0       0      17      17     738       1       0       0       0       0       0       0     738       1
  156.000   622067.616       1   51293     200       0       0       0      10       0       0      10      10     736       1       0       0       0       0       0       0     736       1
  157.000   616719.168       1   50852     200       0       0       0       7       0       0       7       7     732       1       0       0       0       0       0       0     732       1
  158.000   613941.856       1   50623     200       0       0       0       9       0       0       9       9     724       1       0       0       0       0       0       0     724       1
  159.000   613408.224       1   50579     200       0       0       0      11       0       0      11      11     725       1       0       0       0       0       0       0     725       1
  160.000   610582.400       1   50346     200       0       0       0       9       0       0       9       9     724       1       0       0       0       0       0       0     724       1
  161.000   609575.776       1   50263     200       0       0       0      38       0       0      14      14     725       1       0       0       0       0       0       0     725       1
  162.000   608278.080       1   50156     200       0       0       0      14       0       0      14      14     726       1       0       0       0       0       0       0     726       1
  163.000   604482.016       1   49843     200       0       0       0      12       0       0      12      12     726       1       0       0       0       0       0       0     726       1
  164.000   612862.464       1   50534     200       0       0       0      17       0       0      17      17     728       1       0       0       0       0       0       0     728       1
  165.000   616597.888       1   50842     200       0       0       0       6       0       0       6       6     730       1       0       0       0       0       0       0     730       1
  166.000   615009.120       1   50711     200       0       0       0      11       0       0      11      11     728       1       0       0       0       0       0       0     728       1
  167.000   615263.808       1   50732     200       0       0       0      11       0       0      11      11     731       1       0       0       0       0       0       0     731       1
  168.000   600358.496       1   49503     200       0       0       0       8       0       0       8       8     724       1       0       0       0       0       0       0     724       1
  169.000   588776.256       1   48548     200       0       0       0       7       0       0       7       7     716       1       0       0       0       0       0       0     716       1
  170.000   579292.160       1   47766     200       0       0       0       8       0       0       8       8     713       1       0       0       0       0       0       0     713       1
  171.000   574732.032       1   47390     200       0       0       0      32       0       0      11      11     715       1       0       0       0       0       0       0     715       1
  172.000   568801.440       1   46901     200       0       0       0      12       0       0      12      12     717       1       0       0       0       0       0       0     717       1
  173.000   561730.816       1   46318     200       0       0       0      14       0       0      14      14     720       1       0       0       0       0       0       0     720       1
  174.000   565223.680       1   46606     200       0       0       0      11       0       0      11      11     726       1       0       0       0       0       0       0     726       1
  175.000   560772.704       1   46239     200       0       0       0       7       0       0       7       7     723       1       0       0       0       0       0       0     723       1
  176.000   556467.264       1   45884     200       0       0       0      11       0       0      11      11     723       1       0       0       0       0       0       0     723       1
  177.000   555484.896       1   45803     200       0       0       0      11       0       0      11      11     718       1       0       0       0       0       0       0     718       1
  178.000   553083.552       1   45605     200       0       0       0       5       0       0       5       5     711       1       0       0       0       0       0       0     711       1
  179.000   549263.232       1   45290     200       0       0       0       8       0       0       8       8     709       1       0       0       0       0       0       0     709       1
  180.000   545527.808       1   44982     200       0       0       0       8       0       0       8       8     705       1       0       0       0       0       0       0     705       1
  181.000   538396.544       1   44394     200       0       0       0      34       0       0       8       8     704       1       0       0       0       0       0       0     704       1
  182.000   536007.328       1   44197     200       0       0       0      11       0       0      11      11     703       1       0       0       0       0       0       0     703       1
  183.000   535679.872       1   44170     200       0       0       0       5       0       0       5       5     695       1       0       0       0       0       0       0     695       1
  184.000   537620.352       1   44330     200       0       0       0      12       0       0      12      12     689       1       0       0       0       0       0       0     689       1
  185.000   544460.544       1   44894     200       0       0       0       9       0       0       9       9     685       1       0       0       0       0       0       0     685       1
  186.000   543235.616       1   44793     200       0       0       0       9       0       0       9       9     684       1       0       0       0       0       0       0     684       1
  187.000   542374.528       1   44722     200       0       0       0      10       0       0      10      10     680       1       0       0       0       0       0       0     680       1
  188.000   535303.904       1   44139     200       0       0       0      11       0       0      11      11     678       1       0       0       0       0       0       0     678       1
  189.000   529870.560       1   43691     200       0       0       0       7       0       0       7       7     681       1       0       0       0       0       0       0     681       1
  190.000   523272.928       1   43147     200       0       0       0       8       0       0       8       8     677       1       0       0       0       0       0       0     677       1
  191.000   527469.216       1   43493     200       0       0       0      44       0       0      17      17     680       1       0       0       0       0       0       0     680       1
  192.000   531095.488       1   43792     200       0       0       0      10       0       0      10      10     683       1       0       0       0       0       0       0     683       1
  193.000   525431.712       1   43325     200       0       0       0       9       0       0       9       9     683       1       0       0       0       0       0       0     683       1
  194.000   527044.736       1   43458     200       0       0       0      15       0       0      15      15     685       1       0       0       0       0       0       0     685       1
  195.000   533569.600       1   43996     200       0       0       0       8       0       0       8       8     686       1       0       0       0       0       0       0     686       1
  196.000   536043.712       1   44200     200       0       0       0      11       0       0      11      11     687       1       0       0       0       0       0       0     687       1
  197.000   537256.512       1   44300     200       0       0       0       9       0       0       9       9     680       1       0       0       0       0       0       0     680       1
  198.000   542010.688       1   44692     200       0       0       0      11       0       0      11      11     683       1       0       0       0       0       0       0     683       1
  199.000   539209.120       1   44461     200       0       0       0      11       0       0      11      11     688       1       0       0       0       0       0       0     688       1
  200.000   541646.848       1   44662     200       0       0       0      13       0       0      13      13     692       1       0       0       0       0       0       0     692       1
  201.000   538505.696       1   44403     200       0       0       0      38       0       0      15      15     694       1       0       0       0       0       0       0     694       1
  202.000   545855.264       1   45009     200       0       0       0       7       0       0       7       7     691       1       0       0       0       0       0       0     691       1
  203.000   548317.248       1   45212     200       0       0       0      12       0       0      12      12     688       1       0       0       0       0       0       0     688       1
  204.000   539985.312       1   44525     200       0       0       0       7       0       0       7       7     682       1       0       0       0       0       0       0     682       1
  205.000   546582.944       1   45069     200       0       0       0       8       0       0       8       8     679       1       0       0       0       0       0       0     679       1
  206.000   537838.656       1   44348     200       0       0       0       7       0       0       7       7     675       1       0       0       0       0       0       0     675       1
  207.000   523709.536       1   43183     200       0       0       0       9       0       0       9       9     670       1       0       0       0       0       0       0     670       1
  208.000   521987.360       1   43041     200       0       0       0      12       0       0      12      12     666       1       0       0       0       0       0       0     666       1
  209.000   529749.280       1   43681     200       0       0       0      12       0       0      12      12     669       1       0       0       0       0       0       0     669       1
  210.000   532538.720       1   43911     200       0       0       0       5       0       0       5       5     670       1       0       0       0       0       0       0     670       1
  211.000   535219.008       1   44132     200       0       0       0      40       0       0       9       9     669       1       0       0       0       0       0       0     669       1
  212.000   538178.240       1   44376     200       0       0       0      13       0       0      13      13     673       1       0       0       0       0       0       0     673       1
  213.000   548086.816       1   45193     200       0       0       0       9       0       0       9       9     678       1       0       0       0       0       0       0     678       1
  214.000   549311.744       1   45294     200       0       0       0       9       0       0       9       9     677       1       0       0       0       0       0       0     677       1
  215.000   547237.856       1   45123     200       0       0       0      10       0       0      10      10     675       1       0       0       0       0       0       0     675       1
  216.000   545054.816       1   44943     200       0       0       0      15       0       0      15      15     674       1       0       0       0       0       0       0     674       1
  217.000   544193.728       1   44872     200       0       0       0       8       0       0       8       8     678       1       0       0       0       0       0       0     678       1
  218.000   544909.280       1   44931     200       0       0       0       8       0       0       8       8     677       1       0       0       0       0       0       0     677       1
  219.000   548923.648       1   45262     200       0       0       0      12       0       0      12      12     675       1       0       0       0       0       0       0     675       1
  220.000   546352.512       1   45050     200       0       0       0       8       0       0       8       8     674       1       0       0       0       0       0       0     674       1
  221.000   546498.048       1   45062     200       0       0       0      37       0       0      13      13     671       1       0       0       0       0       0       0     671       1
  222.000   545685.472       1   44995     200       0       0       0      11       0       0      11      11     667       1       0       0       0       0       0       0     667       1
  223.000   538651.232       1   44415     200       0       0       0       8       0       0       8       8     665       1       0       0       0       0       0       0     665       1
  224.000   540397.664       1   44559     200       0       0       0      14       0       0      14      14     667       1       0       0       0       0       0       0     667       1
  225.000   542701.984       1   44749     200       0       0       0      12       0       0      12      12     671       1       0       0       0       0       0       0     671       1
  226.000   540033.824       1   44529     200       0       0       0      10       0       0      10      10     674       1       0       0       0       0       0       0     674       1
  227.000   542968.800       1   44771     200       0       0       0       9       0       0       9       9     671       1       0       0       0       0       0       0     671       1
  228.000   548305.120       1   45211     200       0       0       0      15       0       0      15      15     675       1       0       0       0       0       0       0     675       1
  229.000   548026.176       1   45188     200       0       0       0       9       0       0       9       9     675       1       0       0       0       0       0       0     675       1
  230.000   546958.912       1   45100     200       0       0       0      12       0       0      12      12     675       1       0       0       0       0       0       0     675       1
  231.000   545721.856       1   44998     200       0       0       0      37       0       0      12      12     676       1       0       0       0       0       0       0     676       1
  232.000   541561.952       1   44655     200       0       0       0       9       0       0       9       9     674       1       0       0       0       0       0       0     674       1
  233.000   539269.760       1   44466     200       0       0       0       7       0       0       7       7     678       1       0       0       0       0       0       0     678       1
  234.000   533715.136       1   44008     200       0       0       0      13       0       0      13      13     679       1       0       0       0       0       0       0     679       1
  235.000   537474.816       1   44318     200       0       0       0       6       0       0       6       6     682       1       0       0       0       0       0       0     682       1
  236.000   533618.112       1   44000     200       0       0       0      13       0       0      13      13     681       1       0       0       0       0       0       0     681       1
  237.000   530573.984       1   43749     200       0       0       0       7       0       0       7       7     681       1       0       0       0       0       0       0     681       1
  238.000   520313.696       1   42903     200       0       0       0       9       0       0       9       9     676       1       0       0       0       0       0       0     676       1
  239.000   518203.424       1   42729     200       0       0       0       8       0       0       8       8     678       1       0       0       0       0       0       0     678       1
  240.000   520046.880       1   42881     200       0       0       0       9       0       0       9       9     677       1       0       0       0       0       0       0     677       1
  241.000   522351.200       1   43071     200       0       0       0      38       0       0      12      12     676       1       0       0       0       0       0       0     676       1
  242.000   521017.120       1   42961     200       0       0       0       7       0       0       7       7     677       1       0       0       0       0       0       0     677       1
  243.000   516602.528       1   42597     200       0       0       0      10       0       0      10      10     678       1       0       0       0       0       0       0     678       1
  244.000   516287.200       1   42571     200       0       0       0       1       0       0       1       1     673       1       0       0       0       0       0       0     673       1
  245.000   511217.696       1   42153     200       0       0       0       0       0       0       0       0     661       1       0       0       0       0       0       0     661       1
  246.000   500836.128       1   41297     200       0       0       0       0       0       0       0       0     650       1       0       0       0       0       0       0     650       1
  247.000   494760.000       0   40796     200       0       0       0       0       0       0       0       0     639       1       0       0       0       0       0       0     639       1
  248.000   482607.744       0   39794     200       0       0       0       0       0       0       0       0     631       1       0       0       0       0       0       0     631       1
  249.000   475270.304       0   39189     200       0       0       0       0       0       0       0       0     619       1       0       0       0       0       0       0     619       1
  250.000   460534.784       0   37974     200       0       0       0       0       0       0       0       0     611       1       0       0       0       0       0       0     611       1
  251.000   451135.584       0   37199     200       0       0       0      25       0       0       0       0     601       1       0       0       0       0       0       0     601       1
  252.000   439759.520       0   36261     200       0       0       0       0       0       0       0       0     590       1       0       0       0       0       0       0     590       1
  253.000   433659.136       0   35758     200       0       0       0       0       0       0       0       0     576       1       0       0       0       0       0       0     576       1
  254.000   424769.312       0   35025     200       0       0       0       0       0       0       0       0     563       1       0       0       0       0       0       0     563       1
  255.000   416873.984       0   34374     200       0       0       0       0       0       0       0       0     551       1       0       0       0       0       0       0     551       1
  256.000   414011.776       0   34138     200       0       0       0       0       0       0       0       0     541       1       0       0       0       0       0       0     541       1
  257.000   411586.176       0   33938     200       0       0       0       0       0       0       0       0     529       1       0       0       0       0       0       0     529       1
  258.000   408699.712       0   33700     200       0       0       0       0       0       0       0       0     519       1       0       0       0       0       0       0     519       1
  259.000   401459.296       0   33103     186       0       0       0       0       0       0       0       0     512       1       0       0       0       0       0       0     512       1
  260.000   393964.192       0   32485     180       0       0       0       0       0       0       0       0     505       1       0       0       0       0       0       0     505       1
  261.000   381605.760       0   31466     180       0       0       0      26       0       0       0       0     495       1       0       0       0       0       0       0     495       1
  262.000   376087.520       0   31011     180       0       0       0       0       0       0       0       0     489       1       0       0       0       0       0       0     489       1
  263.000   370714.816       0   30568     180       0       0       0       0       0       0       0       0     478       1       0       0       0       0       0       0     478       1
  264.000   364080.800       0   30021     180       0       0       0       0       0       0       0       0     471       1       0       0       0       0       0       0     471       1
  265.000   357264.864       0   29459     180       0       0       0       0       0       0       0       0     460       1       0       0       0       0       0       0     460       1
  266.000   345888.800       0   28521     180       0       0       0       0       0       0       0       0     448       1       0       0       0       0       0       0     448       1
  267.000   335361.696       0   27653     180       0       0       0       0       0       0       0       0     432       1       0       0       0       0       0       0     432       1
  268.000   326641.664       0   26934     180       0       0       0       0       0       0       0       0     422       1       0       0       0       0       0       0     422       1
  269.000   319716.576       0   26363     180       0       0       0       0       0       0       0       0     411       1       0       0       0       0       0       0     411       1
  270.000   312367.008       0   25757     180       0       0       0       0       0       0       0       0     402       1       0       0       0       0       0       0     402       1
  271.000   302482.688       0   24942     180       0       0       0      25       0       0       0       0     397       1       0       0       0       0       0       0     397       1
  272.000   291773.664       0   24059     180       0       0       0       0       0       0       0       0     393       1       0       0       0       0       0       0     393       1
  273.000   284860.704       0   23489     180       0       0       0       0       0       0       0       0     388       1       0       0       0       0       0       0     388       1
  274.000   279196.928       0   23022     180       0       0       0       0       0       0       0       0     381       1       0       0       0       0       0       0     381       1
  275.000   272199.072       0   22445     180       0       0       0       0       0       0       0       0     374       1       0       0       0       0       0       0     374       1
  276.000   261029.184       0   21524     180       0       0       0       0       0       0       0       0     364       1       0       0       0       0       0       0     364       1
  277.000   250562.720       0   20661     180       0       0       0       0       0       0       0       0     358       1       0       0       0       0       0       0     358       1
  278.000   242436.960       0   19991     180       0       0       0       0       0       0       0       0     352       1       0       0       0       0       0       0     352       1
  279.000   234359.712       0   19325     180       0       0       0       0       0       0       0       0     343       1       0       0       0       0       0       0     343       1
  280.000   225178.816       0   18568     180       0       0       0       0       0       0       0       0     335       1       0       0       0       0       0       0     335       1
  281.000   216422.400       0   17846     180       0       0       0      23       0       0       0       0     324       0       0       0       0       0       0       0     324       0
  282.000   201844.544       0   16644     180       0       0       0       0       0       0       0       0     314       0       0       0       0       0       0       0     314       0
  283.000   189340.576       0   15613     180       0       0       0       0       0       0       0       0     306       0       0       0       0       0       0       0     306       0
  284.000   186454.112       0   15375     180       0       0       0       0       0       0       0       0     300       0       0       0       0       0       0       0     300       0
  285.000   182488.256       0   15048     180       0       0       0       0       0       0       0       0     293       0       0       0       0       0       0       0     293       0
  286.000   180644.800       0   14896     180       0       0       0       0       0       0       0       0     283       0       0       0       0       0       0       0     283       0
  287.000   175769.344       0   14494     180       0       0       0       0       0       0       0       0     276       0       0       0       0       0       0       0     276       0
  288.000   173270.976       0   14288     180       0       0       0       0       0       0       0       0     270       0       0       0       0       0       0       0     270       0
  289.000   169280.864       0   13959     180       0       0       0       0       0       0       0       0     265       0       0       0       0       0       0       0     265       0
  290.000   164502.432       0   13565     180       0       0       0       0       0       0       0       0     259       0       0       0       0       0       0       0     259       0
  291.000   158547.584       0   13074     162       0       0       0      30       0       0       0       0     250       0       0       0       0       0       0       0     250       0
  292.000   150021.600       0   12371     160       0       0       0       0       0       0       0       0     241       0       0       0       0       0       0       0     241       0
  293.000   139761.312       0   11525     160       0       0       0       0       0       0       0       0     232       0       0       0       0       0       0       0     232       0
  294.000   134364.352       0   11080     160       0       0       0       0       0       0       0       0     225       0       0       0       0       0       0       0     225       0
  295.000   131817.472       0   10870     160       0       0       0       0       0       0       0       0     218       0       0       0       0       0       0       0     218       0
  296.000   122600.192       0   10110     160       0       0       0       0       0       0       0       0     207       0       0       0       0       0       0       0     207       0
  297.000   121484.416       0   10018     160       0       0       0       0       0       0       0       0     198       0       0       0       0       0       0       0     198       0
  298.000   120829.504       0    9964     160       0       0       0       0       0       0       0       0     190       0       0       0       0       0       0       0     190       0
  299.000   115481.056       0    9523     160       0       0       0       0       0       0       0       0     187       0       0       0       0       0       0       0     187       0
  300.000   109344.288       0    9017     160       0       0       0       0       0       0       0       0     183       0       0       0       0       0       0       0     183       0
  301.000   106591.232       0    8790     160       0       0       0      28       0       0       0       0     179       0       0       0       0       0       0       0     179       0
  302.000   103353.056       0    8523     160       0       0       0       0       0       0       0       0     172       0       0       0       0       0       0       0     172       0
  303.000   100357.440       0    8276     160       0       0       0       0       0       0       0       0     168       0       0       0       0       0       0       0     168       0
  304.000    91309.952       0    7530     160       0       0       0       0       0       0       0       0     163       0       0       0       0       0       0       0     163       0
  305.000    84857.856       0    6998     160       0       0       0       0       0       0       0       0     155       0       0       0       0       0       0       0     155       0
  306.000    81425.632       0    6715     160       0       0       0       0       0       0       0       0     151       0       0       0       0       0       0       0     151       0
  307.000    76380.384       0    6299     160       0       0       0       0       0       0       0       0     143       0       0       0       0       0       0       0     143       0
  308.000    75094.816       0    6193     160       0       0       0       0       0       0       0       0     138       0       0       0       0       0       0       0     138       0
  309.000    69734.240       0    5751     160       0       0       0       0       0       0       0       0     132       0       0       0       0       0       0       0     132       0
  310.000    60977.824       0    5029     142       0       0       0       0       0       0       0       0     127       0       0       0       0       0       0       0     127       0
  311.000    58115.616       0    4793     140       0       0       0      95       0       0       0       0     119       0       0       0       0       0       0       0     119       0
  312.000    56097.184       0    4626     140       0       0       0     163       0       0       0       0     118       0       0       0       0       0       0       0     118       0
  313.000    49608.704       0    4091     140       0       0       0     161       0       0       0       0     116       0       0       0       0       0       0       0     116       0
  314.000    47013.312       0    3877     140       0       0       0     164       0       0       0       0     113       0       0       0       0       0       0       0     113       0
  315.000    44842.400       0    3698     140       0       0       0     158       0       0       0       0     109       0       0       0       0       0       0       0     109       0
  316.000    41325.280       0    3408     140       0       0       0     134       0       0       0       0     106       0       0       0       0       0       0       0     106       0
  317.000    40245.888       0    3319     140       0       0       0     121       0       0       0       0     102       0       0       0       0       0       0       0     102       0
  318.000    39154.368       0    3229     140       0       0       0     113       0       0       0       0      97       0       0       0       0       0       0       0      97       0
  319.000    36668.128       0    3024     140       0       0       0     101       0       0       0       0      90       0       0       0       0       0       0       0      90       0
  320.000    34157.632       0    2817     140       0       0       0     101       0       0       0       0      87       0       0       0       0       0       0       0      87       0
  321.000    31574.368       0    2604     140       0       0       0     103       0       0       0       0      85       0       0       0       0       0       0       0      85       0
  322.000    27378.080       0    2258     140       0       0       0     101       0       0       0       0      81       0       0       0       0       0       0       0      81       0
  323.000    24042.880       0    1983     140       0       0       0     100       0       0       0       0      78       0       0       0       0       0       0       0      78       0
  324.000    19203.808       0    1584     140       0       0       0      90       0       0       0       0      71       0       0       0       0       0       0       0      71       0
  325.000    15856.480       0    1308     128       0       0       0      90       0       0       0       0      65       0       0       0       0       0       0       0      65       0
  326.000    15432.000       0    1273     120       0       0       0      91       0       0       0       0      63       0       0       0       0       0       0       0      63       0
  327.000    15432.000       0    1273     120       0       0       0      90       0       0       0       0      61       0       0       0       0       0       0       0      61       0
  328.000    15262.208       0    1259     120       0       0       0      76       0       0       0       0      58       0       0       0       0       0       0       0      58       0
  329.000    14886.240       0    1228     120       0       0       0      44       0       0       0       0      56       0       0       0       0       0       0       0      56       0
  330.000    13612.800       0    1123     120       0       0       0      44       0       0       0       0      53       0       0       0       0       0       0       0      53       0
  331.000    12606.176       0    1040     120       0       0       0      31       0       0       0       0      49       0       0       0       0       0       0       0      49       0
  332.000    11563.168       0     954     120       0       0       0      10       0       0       0       0      46       0       0       0       0       0       0       0      46       0
  333.000    10702.080       0     883     120       0       0       0      10       0       0       0       0      43       0       0       0       0       0       0       0      43       0
  334.000     8979.904       0     741     120       0       0       0      11       0       0       0       0      40       0       0       0       0       0       0       0      40       0
  335.000     6554.304       0     541     120       0       0       0      10       0       0       0       0      39       0       0       0       0       0       0       0      39       0
  336.000     6214.720       0     513     120       0       0       0      10       0       0       0       0      35       0       0       0       0       0       0       0      35       0
  337.000     6154.080       0     508     103       0       0       0      10       0       0       0       0      31       0       0       0       0       0       0       0      31       0
  338.000     5644.704       0     466     100       0       0       0       1       0       0       0       0      28       0       0       0       0       0       0       0      28       0
  339.000     5644.704       0     466     100       0       0       0       1       0       0       0       0      24       0       0       0       0       0       0       0      24       0
  340.000     2479.296       0     205     100       0       0       0       1       0       0       0       0      20       0       0       0       0       0       0       0      20       0
  341.000       17.312       0       2     100       0       0       0       2       0       0       0       0      19       0       0       0       0       0       0       0      19       0
  342.000       17.312       0       2     100       0       0       0       1       0       0       0       0      19       0       0       0       0       0       0       0      19       0
  343.000       17.312       0       2     100       0       0       0       1       0       0       0       0      19       0       0       0       0       0       0       0      19       0
  344.000       17.312       0       2     100       0       0       0       1       0       0       0       0      18       0       0       0       0       0       0       0      18       0
  345.000       17.312       0       2      85       0       0       0       1       0       0       0       0      16       0       0       0       0       0       0       0      16       0
  346.000       17.312       0       2      80       0       0       0       1       0       0       0       0      14       0       0       0       0       0       0       0      14       0
  347.000       17.312       0       2      80       0       0       0       1       0       0       0       0      12       0       0       0       0       0       0       0      12       0
  348.000       17.312       0       2      80       0       0       0       1       0       0       0       0      12       0       0       0       0       0       0       0      12       0
  349.000       17.312       0       2      80       0       0       0       1       0       0       0       0      11       0       0       0       0       0       0       0      11       0
  350.000       17.312       0       2      80       0       0       0       1       0       0       0       0       9       0       0       0       0       0       0       0       9       0
  351.000       17.312       0       2      80       0       0       0       2       0       0       0       0       9       0       0       0       0       0       0       0       9       0
  352.000       17.312       0       2      76       0       0       0       1       0       0       0       0       9       0       0       0       0       0       0       0       9       0
  353.000       17.312       0       2      61       0       0       0       1       0       0       0       0       7       0       0       0       0       0       0       0       7       0
  354.000       17.312       0       2      60       0       0       0       1       0       0       0       0       7       0       0       0       0       0       0       0       7       0
  355.000       17.312       0       2      60       0       0       0       1       0       0       0       0       6       0       0       0       0       0       0       0       6       0
  356.000       17.312       0       2      60       0       0       0       1       0       0       0       0       5       0       0       0       0       0       0       0       5       0
  357.000       17.312       0       2      60       0       0       0       1       0       0       0       0       5       0       0       0       0       0       0       0       5       0
  358.000       17.312       0       2      60       0       0       0       1       0       0       0       0       5       0       0       0       0       0       0       0       5       0
  359.000       17.312       0       2      60       0       0       0       1       0       0       0       0       5       0       0       0       0       0       0       0       5       0
  360.000       17.312       0       2      60       0       0       0       1       0       0       0       0       5       0       0       0       0       0       0       0       5       0
  361.000       17.312       0       2      60       0       0       0       2       0       0       0       0       5       0       0       0       0       0       0       0       5       0
  362.000       17.312       0       2      60       0       0       0       1       0       0       0       0       5       0       0       0       0       0       0       0       5       0
  363.000       17.312       0       2      60       0       0       0       1       0       0       0       0       5       0       0       0       0       0       0       0       5       0
  364.000       17.312       0       2      60       0       0       0       1       0       0       0       0       5       0       0       0       0       0       0       0       5       0
  365.000       17.312       0       2      60       0       0       0       1       0       0       0       0       5       0       0       0       0       0       0       0       5       0
  366.000       17.312       0       2      60       0       0       0       1       0       0       0       0       5       0       0       0       0       0       0       0       5       0
  367.000       17.312       0       2      60       0       0       0       1       0       0       0       0       5       0       0       0       0       0       0       0       5       0
  368.000       17.312       0       2      60       0       0       0       1       0       0       0       0       5       0       0       0       0       0       0       0       5       0
  369.000       17.312       0       2      60       0       0       0       1       0       0       0       0       5       0       0       0       0       0       0       0       5       0
  370.000       17.312       0       2      60       0       0       0       1       0       0       0       0       5       0       0       0       0       0       0       0       5       0
  371.000       17.312       0       2      60       0       0       0       2       0       0       0       0       5       0       0       0       0       0       0       0       5       0
  372.000       17.312       0       2      60       0       0       0       1       0       0       0       0       5       0       0       0       0       0       0       0       5       0
  373.000       17.312       0       2      60       0       0       0       1       0       0       0       0       5       0       0       0       0       0       0       0       5       0
  374.000       17.312       0       2      60       0       0       0       1       0       0       0       0       5       0       0       0       0       0       0       0       5       0
  375.000       17.312       0       2      60       0       0       0       1       0       0       0       0       5       0       0       0       0       0       0       0       5       0
  376.000       17.312       0       2      60       0       0       0       1       0       0       0       0       5       0       0       0       0       0       0       0       5       0
  377.000       17.312       0       2      60       0       0       0       1       0       0       0       0       5       0       0       0       0       0       0       0       5       0
  378.000       17.312       0       2      60       0       0       0       1       0       0       0       0       5       0       0       0       0       0       0       0       5       0
  379.000       17.312       0       2      60       0       0       0       1       0       0       0       0       5       0       0       0       0       0       0       0       5       0
  380.000       17.312       0       2      60       0       0       0       1       0       0       0       0       5       0       0       0       0       0       0       0       5       0
  381.000       17.312       0       2      60       0       0       0       2       0       0       0       0       5       0       0       0       0       0       0       0       5       0
  382.000       17.312       0       2      60       0       0       0       1       0       0       0       0       5       0       0       0       0       0       0       0       5       0
  383.000       17.312       0       2      60       0       0       0       1       0       0       0       0       5       0       0       0       0       0       0       0       5       0
  384.000       17.312       0       2      60       0       0       0       1       0       0       0       0       5       0       0       0       0       0       0       0       5       0
  385.000       17.312       0       2      60       0       0       0       1       0       0       0       0       5       0       0       0       0       0       0       0       5       0
  386.000       17.312       0       2      60       0       0       0       1       0       0       0       0       5       0       0       0       0       0       0       0       5       0
  387.000       17.312       0       2      60       0       0       0       1       0       0       0       0       5       0       0       0       0       0       0       0       5       0
  388.000       17.312       0       2      60       0       0       0       1       0       0       0       0       5       0       0       0       0       0       0       0       5       0
  389.000       17.312       0       2      60       0       0       0       1       0       0       0       0       5       0       0       0       0       0       0       0       5       0
  390.000       17.312       0       2      60       0       0       0       1       0       0       0       0       5       0       0       0       0       0       0       0       5       0
  391.000       17.312       0       2      60       0       0       0       2       0       0       0       0       5       0       0       0       0       0       0       0       5       0
  392.000       17.312       0       2      60       0       0       0       1       0       0       0       0       5       0       0       0       0       0       0       0       5       0
  393.000       17.312       0       2      60       0       0       0       1       0       0       0       0       5       0       0       0       0       0       0       0       5       0
  394.000       17.312       0       2      60       0       0       0       1       0       0       0       0       5       0       0       0       0       0       0       0       5       0
  395.000       17.312       0       2      60       0       0       0       1       0       0       0       0       5       0       0       0       0       0       0       0       5       0
  396.000       17.312       0       2      60       0       0       0       1       0       0       0       0       5       0       0       0       0       0       0       0       5       0
  397.000       17.312       0       2      60       0       0       0       1       0       0       0       0       5       0       0       0       0       0       0       0       5       0
  398.000       17.312       0       2      60       0       0       0       1       0       0       0       0       5       0       0       0       0       0       0       0       5       0
  399.000       17.312       0       2      60       0       0       0       1       0       0       0       0       5       0       0       0       0       0       0       0       5       0
  400.000       17.312       0       2      60       0       0       0       1       0       0       0       0       5       0       0       0       0       0       0       0       5       0
  401.000       17.312       0       2      60       0       0       0       2       0       0       0       0       5       0       0       0       0       0       0       0       5       0
  402.000       17.312       0       2      60       0       0       0       1       0       0       0       0       5       0       0       0       0       0       0       0       5       0
  403.000       17.312       0       2      60       0       0       0       1       0       0       0       0       5       0       0       0       0       0       0       0       5       0
  404.000       17.312       0       2      60       0       0       0       1       0       0       0       0       5       0       0       0       0       0       0       0       5       0
  405.000       17.312       0       2      60       0       0       0       1       0       0       0       0       5       0       0       0       0       0       0       0       5       0
  406.000       17.312       0       2      60       0       0       0       1       0       0       0       0       5       0       0       0       0       0       0       0       5       0
  407.000       17.312       0       2      60       0       0       0       1       0       0       0       0       5       0       0       0       0       0       0       0       5       0
  408.000       17.312       0       2      60       0       0       0       1       0       0       0       0       5       0       0       0       0       0       0       0       5       0
  409.000       17.312       0       2      60       0       0       0       1       0       0       0       0       5       0       0       0       0       0       0       0       5       0
  410.000       17.312       0       2      60       0       0       0       1       0       0       0       0       5       0       0       0       0       0       0       0       5       0
  411.000       17.312       0       2      60       0       0       0       2       0       0       0       0       5       0       0       0       0       0       0       0       5       0
  412.000       17.312       0       2      60       0       0       0       1       0       0       0       0       5       0       0       0       0       0       0       0       5       0
  413.000       17.312       0       2      60       0       0       0       1       0       0       0       0       5       0       0       0       0       0       0       0       5       0
  414.000       17.312       0       2      60       0       0       0       1       0       0       0       0       5       0       0       0       0       0       0       0       5       0
  415.000       17.312       0       2      60       0       0       0       1       0       0       0       0       5       0       0       0       0       0       0       0       5       0
  416.000       17.312       0       2      60       0       0       0       1       0       0       0       0       5       0       0       0       0       0       0       0       5       0
  417.000       17.312       0       2      60       0       0       0       1       0       0       0       0       5       0       0       0       0       0       0       0       5       0
  418.000       17.312       0       2      60       0       0       0       1       0       0       0       0       5       0       0       0       0       0       0       0       5       0
  419.000       17.312       0       2      60       0       0       0       1       0       0       0       0       5       0       0       0       0       0       0       0       5       0
  420.000       17.312       0       2      60       0       0       0       1       0       0       0       0       5       0       0       0       0       0       0       0       5       0
  421.000       17.312       0       2      60       0       0       0       2       0       0       0       0       5       0       0       0       0       0       0       0       5       0
  422.000       17.312       0       2      60       0       0       0       1       0       0       0       0       5       0       0       0       0       0       0       0       5       0
  423.000       17.312       0       2      60       0       0       0       1       0       0       0       0       5       0       0       0       0       0       0       0       5       0
  424.000       17.312       0       2      60       0       0       0       1       0       0       0       0       5       0       0       0       0       0       0       0       5       0
  425.000       17.312       0       2      60       0       0       0       1       0       0       0       0       5       0       0       0       0       0       0       0       5       0
  426.000       17.312       0       2      60       0       0       0       1       0       0       0       0       5       0       0       0       0       0       0       0       5       0
  427.000       17.312       0       2      60       0       0       0       1       0       0       0       0       5       0       0       0       0       0       0       0       5       0
  428.000       17.312       0       2      60       0       0       0       1       0       0       0       0       5       0       0       0       0       0       0       0       5       0
  429.000       17.312       0       2      60       0       0       0       1       0       0       0       0       5       0       0       0       0       0       0       0       5       0
  430.000       17.312       0       2      60       0       0       0       1       0       0       0       0       5       0       0       0       0       0       0       0       5       0
  431.000       17.312       0       2      60       0       0       0       2       0       0       0       0       5       0       0       0       0       0       0       0       5       0
  432.000       17.312       0       2      60       0       0       0       1       0       0       0       0       5       0       0       0       0       0       0       0       5       0
  433.000       17.312       0       2      60       0       0       0       1       0       0       0       0       5       0       0       0       0       0       0       0       5       0
  434.000       17.312       0       2      60       0       0       0       1       0       0       0       0       5       0       0       0       0       0       0       0       5       0
  435.000       17.312       0       2      60       0       0       0       1       0       0       0       0       5       0       0       0       0       0       0       0       5       0
  436.000       17.312       0       2      60       0       0       0       1       0       0       0       0       5       0       0       0       0       0       0       0       5       0
  437.000       17.312       0       2      60       0       0       0       1       0       0       0       0       5       0       0       0       0       0       0       0       5       0
  438.000       17.312       0       2      60       0       0       0       1       0       0       0       0       5       0       0       0       0       0       0       0       5       0
  439.000       17.312       0       2      60       0       0       0       1       0       0       0       0       5       0       0       0       0       0       0       0       5       0
  440.000       17.312       0       2      60       0       0       0       1       0       0       0       0       5       0       0       0       0       0       0       0       5       0
  441.000       17.312       0       2      60       0       0       0       2       0       0       0       0       5       0       0       0       0       0       0       0       5       0
  442.000       17.312       0       2      60       0       0       0       1       0       0       0       0       5       0       0       0       0       0       0       0       5       0
  443.000       17.312       0       2      60       0       0       0       1       0       0       0       0       5       0       0       0       0       0       0       0       5       0
  444.000       17.312       0       2      60       0       0       0       1       0       0       0       0       5       0       0       0       0       0       0       0       5       0
  445.000       17.312       0       2      60       0       0       0       1       0       0       0       0       5       0       0       0       0       0       0       0       5       0
  446.000       17.312       0       2      60       0       0       0       1       0       0       0       0       5       0       0       0       0       0       0       0       5       0
  447.000       17.312       0       2      60       0       0       0       1       0       0       0       0       5       0       0       0       0       0       0       0       5       0
  448.000       17.312       0       2      60       0       0       0       1       0       0       0       0       5       0       0       0       0       0       0       0       5       0
  449.000       17.312       0       2      60       0       0       0       1       0       0       0       0       5       0       0       0       0       0       0       0       5       0
  450.000       17.312       0       2      60       0       0       0       1       0       0       0       0       5       0       0       0       0       0       0       0       5       0
  451.000       17.312       0       2      60       0       0       0       2       0       0       0       0       5       0       0       0       0       0       0       0       5       0
  452.000       17.312       0       2      60       0       0       0       1       0       0       0       0       5       0       0       0       0       0       0       0       5       0
  453.000       17.312       0       2      60       0       0       0       1       0       0       0       0       5       0       0       0       0       0       0       0       5       0
  454.000       17.312       0       2      60       0       0       0       1       0       0       0       0       5       0       0       0       0       0       0       0       5       0
  455.000       17.312       0       2      60       0       0       0       1       0       0       0       0       5       0       0       0       0       0       0       0       5       0
  456.000       17.312       0       2      60       0       0       0       1       0       0       0       0       5       0       0       0       0       0       0       0       5       0
  457.000       17.312       0       2      60       0       0       0       1       0       0       0       0       5       0       0       0       0       0       0       0       5       0
  458.000       17.312       0       2      60       0       0       0       1       0       0       0       0       5       0       0       0       0       0       0       0       5       0
  459.000       17.312       0       2      60       0       0       0       1       0       0       0       0       5       0       0       0       0       0       0       0       5       0
  460.000       17.312       0       2      60       0       0       0       1       0       0       0       0       5       0       0       0       0       0       0       0       5       0
  461.000       17.312       0       2      60       0       0       0       2       0       0       0       0       5       0       0       0       0       0       0       0       5       0
  462.000       17.312       0       2      60       0       0       0       1       0       0       0       0       5       0       0       0       0       0       0       0       5       0
  463.000       17.312       0       2      60       0       0       0       1       0       0       0       0       5       0       0       0       0       0       0       0       5       0
  464.000       17.312       0       2      60       0       0       0       1       0       0       0       0       5       0       0       0       0       0       0       0       5       0
  465.000       17.312       0       2      60       0       0       0       1       0       0       0       0       5       0       0       0       0       0       0       0       5       0
  466.000       17.312       0       2      60       0       0       0       1       0       0       0       0       5       0       0       0       0       0       0       0       5       0
  467.000       17.312       0       2      60       0       0       0       1       0       0       0       0       5       0       0       0       0       0       0       0       5       0
  468.000       17.312       0       2      60       0       0       0       1       0       0       0       0       5       0       0       0       0       0       0       0       5       0
  469.000       17.312       0       2      60       0       0       0       1       0       0       0       0       5       0       0       0       0       0       0       0       5       0
  470.000       17.312       0       2      60       0       0       0       1       0       0       0       0       5       0       0       0       0       0       0       0       5       0
  471.000       17.312       0       2      60       0       0       0       2       0       0       0       0       5       0       0       0       0       0       0       0       5       0
  472.000       17.312       0       2      60       0       0       0       1       0       0       0       0       5       0       0       0       0       0       0       0       5       0
  473.000       17.312       0       2      60       0       0       0       1       0       0       0       0       5       0       0       0       0       0       0       0       5       0
  474.000       17.312       0       2      60       0       0       0       1       0       0       0       0       5       0       0       0       0       0       0       0       5       0
  475.000       17.312       0       2      60       0       0       0       1       0       0       0       0       5       0       0       0       0       0       0       0       5       0
  476.000       17.312       0       2      60       0       0       0       1       0       0       0       0       5       0       0       0       0       0       0       0       5       0
  477.000       17.312       0       2      60       0       0       0       1       0       0       0       0       5       0       0       0       0       0       0       0       5       0
  478.000       17.312       0       2      60       0       0       0       1       0       0       0       0       5       0       0       0       0       0       0       0       5       0
  479.000       17.312       0       2      60       0       0       0       1       0       0       0       0       5       0       0       0       0       0       0       0       5       0
  480.000       17.312       0       2      60       0       0       0       1       0       0       0       0       5       0       0       0       0       0       0       0       5       0
  481.000       17.312       0       2      60       0       0       0       2       0       0       0       0       5       0       0       0       0       0       0       0       5       0
  482.000       17.312       0       2      60       0       0       0       1       0       0       0       0       5       0       0       0       0       0       0       0       5       0
  483.000       17.312       0       2      60       0       0       0       1       0       0       0       0       5       0       0       0       0       0       0       0       5       0
  484.000       17.312       0       2      60       0       0       0       1       0       0       0       0       5       0       0       0       0       0       0       0       5       0
  485.000       17.312       0       2      60       0       0       0       1       0       0       0       0       5       0       0       0       0       0       0       0       5       0
  486.000       17.312       0       2      60       0       0       0       1       0       0       0       0       5       0       0       0       0       0       0       0       5       0
  487.000       17.312       0       2      60       0       0       0       1       0       0       0       0       5       0       0       0       0       0       0       0       5       0
  488.000       17.312       0       2      60       0       0       0       1       0       0       0       0       5       0       0       0       0       0       0       0       5       0
  489.000       17.312       0       2      60       0       0       0       1       0       0       0       0       5       0       0       0       0       0       0       0       5       0
  490.000       17.312       0       2      60       0       0       0       1       0       0       0       0       5       0       0       0       0       0       0       0       5       0
  491.000       17.312       0       2      60       0       0       0       2       0       0       0       0       5       0       0       0       0       0       0       0       5       0
  492.000       17.312       0       2      60       0       0       0       1       0       0       0       0       5       0       0       0       0       0       0       0       5       0
  493.000       17.312       0       2      60       0       0       0       1       0       0       0       0       5       0       0       0       0       0       0       0       5       0
  494.000       17.312       0       2      60       0       0       0       1       0       0       0       0       5       0       0       0       0       0       0       0       5       0
  495.000       17.312       0       2      60       0       0       0       1       0       0       0       0       5       0       0       0       0       0       0       0       5       0
  496.000       17.312       0       2      60       0       0       0       1       0       0       0       0       5       0       0       0       0       0       0       0       5       0
  497.000       17.312       0       2      60       0       0       0       1       0       0       0       0       5       0       0       0       0       0       0       0       5       0
  498.000       17.312       0       2      60       0       0       0       1       0       0       0       0       5       0       0       0       0       0       0       0       5       0
  499.000       17.312       0       2      60       0       0       0       1       0       0       0       0       5       0       0       0       0       0       0       0       5       0
  500.000        0.000       0       0      60       0       0       0       0       0       0       0       0       5       0       0       0       0       0       0       0       5       0
