  TimeSec      LoaKbps LoaUsag Packets DlyUsec LoaDrps MetDrps TabDrps FloMods MetMods GroMods  PktsIn PktsOut FloEntr FloUsag MetEntr MetUsag GroEntr GroUsag BufPkts BufUsag  T0Entr  T0Usag
    1.000        0.000       0       0      34       0       0       0       3       0       2       0       0       3       2       0       0       2       0       0       0       3       2
    2.000       17.312       0       2      39       0       0       0       0       0       0       0       0       3       2       0       0       2       0       0       0       3       2
    3.000       17.312       0       2      39       0       0       0       0       0       0       0       0       3       2       0       0       2       0       0       0       3       2
    4.000       17.312       0       2      39       0       0       0       0       0       0       0       0       3       2       0       0       2       0       0       0       3       2
    5.000       17.312       0       2      39       0       0       0       0       0       0       0       0       3       2       0       0       2       0       0       0       3       2
    6.000       17.312       0       2      40       0       0       0       0       0       0       0       0       3       2       0       0       2       0       0       0       3       2
    7.000       17.312       0       2      40       0       0       0       0       0       0       0       0       3       2       0       0       2       0       0       0       3       2
    8.000       17.312       0       2      40       0       0       0       0       0       0       0       0       3       2       0       0       2       0       0       0       3       2
    9.000       17.312       0       2      40       0       0       0       0       0       0       0       0       3       2       0       0       2       0       0       0       3       2
   10.000       17.312       0       2      40       0       0       0       0       0       0       0       0       3       2       0       0       2       0       0       0       3       2
   11.000       17.312       0       2      75       0       0       0      23       0       0       0       0      17       9       0       0       2       0       0       0      17       9
   12.000    11732.960       1     968      97       0       0       0       0       0       0       0       0      25      13       0       0       2       0       0       0      25      13
   13.000    23400.096       2    1930      99       0       0       0       0       0       0       0       0      26      13       0       0       2       0       0       0      26      13
   14.000    23412.224       2    1931      99       0       0       0       0       0       0       0       0      26      13       0       0       2       0       0       0      26      13
   15.000    23412.224       2    1931      99       0       0       0       0       0       0       0       0      26      13       0       0       2       0       0       0      26      13
   16.000    23375.840       2    1928     100       0       0       0       0       0       0       0       0      26      13       0       0       2       0       0       0      26      13
   17.000    23412.224       2    1931     100       0       0       0       0       0       0       0       0      26      13       0       0       2       0       0       0      26      13
   18.000    23375.840       2    1928     100       0       0       0       0       0       0       0       0      26      13       0       0       2       0       0       0      26      13
   19.000    23363.712       2    1927     100       0       0       0       0       0       0       0       0      26      13       0       0       2       0       0       0      26      13
   20.000    23412.224       2    1931     100       0       0       0       0       0       0       0       0      26      13       0       0       2       0       0       0      26      13
   21.000    23351.584       2    1926     111       0       0       0      35       0       0       0       0      47      24       0       0       2       0       0       0      47      24
   22.000    36098.112       4    2977     119       0       0       0       0       0       0       0       0      59      30       0       0       2       0       0       0      59      30
   23.000    48868.896       5    4030     119       0       0       0       0       0       0       0       0      61      31       0       0       2       0       0       0      61      31
   24.000    48771.872       5    4022     119       0       0       0       0       0       0       0       0      61      31       0       0       2       0       0       0      61      31
   25.000    48298.880       5    3983     119       0       0       0       0       0       0       0       0      61      31       0       0       2       0       0       0      61      31
   26.000    45363.904       5    3741     120       0       0       0       0       0       0       0       0      61      31       0       0       2       0       0       0      61      31
   27.000    43326.400       4    3573     120       0       0       0       0       0       0       0       0      61      31       0       0       2       0       0       0      61      31
   28.000    43023.200       4    3548     120       0       0       0       0       0       0       0       0      61      31       0       0       2       0       0       0      61      31
   29.000    42647.232       4    3517     120       0       0       0       0       0       0       0       0      61      31       0       0       2       0       0       0      61      31
   30.000    42356.160       4    3493     120       0       0       0       0       0       0       0       0      61      31       0       0       2       0       0       0      61      31
   31.000    40791.648       4    3364     131       0       0       0      48       0       0       0       0      89      45       0       0       2       0       0       0      89      45
   32.000    62282.464       6    5136     139       0       0       0       0       0       0       0       0     106      53       0       0       2       0       0       0     106      53
   33.000    83797.536       8    6910     139       0       0       0       0       0       0       0       0     108      54       0       0       2       0       0       0     108      54
   34.000    82317.920       8    6788     139       0       0       0       0       0       0       0       0     108      54       0       0       2       0       0       0     108      54
   35.000    81008.096       8    6680     139       0       0       0       0       0       0       0       0     108      54       0       0       2       0       0       0     108      54
   36.000    78145.888       8    6444     140       0       0       0       0       0       0       0       0     107      54       0       0       2       0       0       0     107      54
   37.000    77248.416       8    6370     140       0       0       0       0       0       0       0       0     106      53       0       0       2       0       0       0     106      53
   38.000    76023.488       8    6269     140       0       0       0       0       0       0       0       0     106      53       0       0       2       0       0       0     106      53
   39.000    74543.872       7    6147     140       0       0       0       0       0       0       0       0     106      53       0       0       2       0       0       0     106      53
   40.000    74325.568       7    6129     140       0       0       0       0       0       0       0       0     106      53       0       0       2       0       0       0     106      53
   41.000    73913.216       7    6095     151       0       0       0      38       0       0       0       0     126      63       0       0       2       0       0       0     126      63
   42.000    94639.968       9    7804     159       0       0       0       0       0       0       0       0     138      69       0       0       2       0       0       0     138      69
   43.000   116494.624      12    9606     159       0       0       0       0       0       0       0       0     139      70       0       0       2       0       0       0     139      70
   44.000   114166.048      11    9414     159       0       0       0       0       0       0       0       0     138      69       0       0       2       0       0       0     138      69
   45.000   113547.520      11    9363     159       0       0       0       0       0       0       0       0     138      69       0       0       2       0       0       0     138      69
   46.000   113547.520      11    9363     148       0       0       0       0       0       0       0       0     130      65       0       0       2       0       0       0     130      65
   47.000   112928.992      11    9312     140       0       0       0       0       0       0       0       0     126      63       0       0       2       0       0       0     126      63
   48.000   111097.664      11    9161     140       0       0       0       0       0       0       0       0     126      63       0       0       2       0       0       0     126      63
   49.000   110879.360      11    9143     140       0       0       0       0       0       0       0       0     125      63       0       0       2       0       0       0     125      63
   50.000   110697.440      11    9128     140       0       0       0       0       0       0       0       0     125      63       0       0       2       0       0       0     125      63
   51.000   108732.704      11    8966     151       0       0       0      40       0       0       0       0     146      73       0       0       2       0       0       0     146      73
   52.000   124329.312      12   10252     159       0       0       0       0       0       0       0       0     160      80       0       0       2       0       0       0     160      80
   53.000   140580.832      14   11592     159       0       0       0       0       0       0       0       0     161      81       0       0       2       0       0       0     161      81
   54.000   140495.936      14   11585     159       0       0       0       0       0       0       0       0     160      80       0       0       2       0       0       0     160      80
   55.000   139780.384      14   11526     159       0       0       0       0       0       0       0       0     160      80       0       0       2       0       0       0     160      80
   56.000   138179.488      14   11394     160       0       0       0       0       0       0       0       0     155      78       0       0       2       0       0       0     155      78
   57.000   136760.512      14   11277     160       0       0       0       0       0       0       0       0     149      75       0       0       2       0       0       0     149      75
   58.000   134359.168      13   11079     160       0       0       0       0       0       0       0       0     148      74       0       0       2       0       0       0     148      74
   59.000   131375.680      13   10833     160       0       0       0       0       0       0       0       0     146      73       0       0       2       0       0       0     146      73
   60.000   129277.536      13   10660     160       0       0       0       0       0       0       0       0     146      73       0       0       2       0       0       0     146      73
   61.000   127579.616      13   10520     160       0       0       0      54       0       0       0       0     178      89       0       0       2       0       0       0     178      89
   62.000   142145.344      14   11721     160       0       0       0       0       0       0       0       0     197      99       0       0       2       0       0       0     197      99
   63.000   154988.896      15   12780     160       0       0       0       0       0       0       0       0     198      99       0       0       2       0       0       0     198      99
   64.000   151969.024      15   12531     160       0       0       0       0       0       0       0       0     197      99       0       0       2       0       0       0     197      99
   65.000   149858.752      15   12357     160       0       0       0       0       0       0       0       0     196      98       0       0       2       0       0       0     196      98
   66.000   148597.440      15   12253     160       0       0       0       0       0       0       0       0     187      94       0       0       2       0       0       0     187      94
   67.000   144401.152      14   11907     160       0       0       0       0       0       0       0       0     182      91       0       0       2       0       0       0     182      91
   68.000   140920.416      14   11620     160       0       0       0       0       0       0       0       0     181      91       0       0       2       0       0       0     181      91
   69.000   140180.608      14   11559     160       0       0       0       0       0       0       0       0     181      91       0       0       2       0       0       0     181      91
   70.000   137245.632      14   11317     160       0       0       0       0       0       0       0       0     179      90       0       0       2       0       0       0     179      90
   71.000   135996.448      14   11214     160       0       0       0      22       0       0       0       0     190      95       0       0       2       0       0       0     190      95
   72.000   148124.448      15   12214     160       0       0       0       0       0       0       0       0     197      99       0       0       2       0       0       0     197      99
   73.000   163417.856      16   13475     160       0       0       0       0       0       0       0       0     195      98       0       0       2       0       0       0     195      98
   74.000   162799.328      16   13424     160       0       0       0       0       0       0       0       0     194      97       0       0       2       0       0       0     194      97
   75.000   159646.048      16   13164     160       0       0       0       0       0       0       0       0     190      95       0       0       2       0       0       0     190      95
   76.000   157681.312      16   13002     160       0       0       0       0       0       0       0       0     179      90       0       0       2       0       0       0     179      90
   77.000   157317.472      16   12972     160       0       0       0       0       0       0       0       0     171      86       0       0       2       0       0       0     171      86
   78.000   156480.640      16   12903     160       0       0       0       0       0       0       0       0     169      85       0       0       2       0       0       0     169      85
   79.000   154758.464      15   12761     160       0       0       0       0       0       0       0       0     165      83       0       0       2       0       0       0     165      83
   80.000   154103.552      15   12707     160       0       0       0       0       0       0       0       0     163      82       0       0       2       0       0       0     163      82
   81.000   150258.976      15   12390     160       0       0       0      37       0       0       0       0     183      92       0       0       2       0       0       0     183      92
   82.000   160858.848      16   13264     160       0       0       0       0       0       0       0       0     194      97       0       0       2       0       0       0     194      97
   83.000   169566.752      17   13982     160       0       0       0       0       0       0       0       0     192      96       0       0       2       0       0       0     192      96
   84.000   162350.592      16   13387     160       0       0       0       0       0       0       0       0     191      96       0       0       2       0       0       0     191      96
   85.000   154758.464      15   12761     160       0       0       0       0       0       0       0       0     189      95       0       0       2       0       0       0     189      95
   86.000   152987.776      15   12615     160       0       0       0       0       0       0       0       0     189      95       0       0       2       0       0       0     189      95
   87.000   151774.976      15   12515     160       0       0       0       0       0       0       0       0     186      93       0       0       2       0       0       0     186      93
   88.000   150222.592      15   12387     160       0       0       0       0       0       0       0       0     183      92       0       0       2       0       0       0     183      92
   89.000   147663.584      15   12176     160       0       0       0       0       0       0       0       0     181      91       0       0       2       0       0       0     181      91
   90.000   146086.944      15   12046     160       0       0       0       0       0       0       0       0     178      89       0       0       2       0       0       0     178      89
   91.000   144134.336      14   11885     160       0       0       0      23       0       0       0       0     189      95       0       0       2       0       0       0     189      95
   92.000   157560.032      16   12992     160       0       0       0       0       0       0       0       0     197      99       0       0       2       0       0       0     197      99
   93.000   169130.144      17   13946     160       0       0       0       0       0       0       0       0     196      98       0       0       2       0       0       0     196      98
   94.000   167116.896      17   13780     160       0       0       0       0       0       0       0       0     192      96       0       0       2       0       0       0     192      96
   95.000   164994.496      16   13605     160       0       0       0       0       0       0       0       0     190      95       0       0       2       0       0       0     190      95
   96.000   163757.440      16   13503     160       0       0       0       0       0       0       0       0     183      92       0       0       2       0       0       0     183      92
   97.000   160713.312      16   13252     160       0       0       0       0       0       0       0       0     177      89       0       0       2       0       0       0     177      89
   98.000   158700.064      16   13086     160       0       0       0       0       0       0       0       0     174      87       0       0       2       0       0       0     174      87
   99.000   153994.400      15   12698     160       0       0       0       0       0       0       0       0     170      85       0       0       2       0       0       0     170      85
  100.000   151629.440      15   12503     160       0       0       0       0       0       0       0       0     166      83       0       0       2       0       0       0     166      83
  101.000   149907.264      15   12361     160       0       0       0      35       0       0       0       0     184      92       0       0       2       0       0       0     184      92
  102.000   170245.920      17   14038     160       0       0       0       0       0       0       0       0     195      98       0       0       2       0       0       0     195      98
  103.000   190851.392      19   15737     160       0       0       0       0       0       0       0       0     195      98       0       0       2       0       0       0     195      98
  104.000   186024.448      19   15339     160       0       0       0       0       0       0       0       0     191      96       0       0       2       0       0       0     191      96
  105.000   180445.568      18   14879     160       0       0       0       0       0       0       0       0     188      94       0       0       2       0       0       0     188      94
  106.000   177838.048      18   14664     160       0       0       0       0       0       0       0       0     184      92       0       0       2       0       0       0     184      92
  107.000   170646.144      17   14071     160       0       0       0       0       0       0       0       0     180      90       0       0       2       0       0       0     180      90
  108.000   164194.048      16   13539     160       0       0       0       0       0       0       0       0     176      88       0       0       2       0       0       0     176      88
  109.000   158566.656      16   13075     160       0       0       0       0       0       0       0       0     174      87       0       0       2       0       0       0     174      87
  110.000   157463.008      16   12984     160       0       0       0       0       0       0       0       0     172      86       0       0       2       0       0       0     172      86
  111.000   155158.688      16   12794     160       0       0       0      29       0       0       0       0     187      94       0       0       2       0       0       0     187      94
  112.000   172695.776      17   14240     160       0       0       0       0       0       0       0       0     195      98       0       0       2       0       0       0     195      98
  113.000   190669.472      19   15722     160       0       0       0       0       0       0       0       0     195      98       0       0       2       0       0       0     195      98
  114.000   189299.008      19   15609     160       0       0       0       0       0       0       0       0     193      97       0       0       2       0       0       0     193      97
  115.000   183768.640      18   15153     160       0       0       0       0       0       0       0       0     191      96       0       0       2       0       0       0     191      96
  116.000   181015.584      18   14926     160       0       0       0       0       0       0       0       0     187      94       0       0       2       0       0       0     187      94
  117.000   177498.464      18   14636     160       0       0       0       0       0       0       0       0     183      92       0       0       2       0       0       0     183      92
  118.000   176115.872      18   14522     160       0       0       0       0       0       0       0       0     181      91       0       0       2       0       0       0     181      91
  119.000   170900.832      17   14092     160       0       0       0       0       0       0       0       0     178      89       0       0       2       0       0       0     178      89
  120.000   167468.608      17   13809     160       0       0       0       0       0       0       0       0     175      88       0       0       2       0       0       0     175      88
  121.000   165552.384      17   13651     160       0       0       0      26       0       0       0       0     187      94       0       0       2       0       0       0     187      94
  122.000   176200.768      18   14529     160       0       0       0       0       0       0       0       0     194      97       0       0       2       0       0       0     194      97
  123.000   182883.296      18   15080     160       0       0       0       0       0       0       0       0     193      97       0       0       2       0       0       0     193      97
  124.000   178420.192      18   14712     160       0       0       0       0       0       0       0       0     190      95       0       0       2       0       0       0     190      95
  125.000   177377.184      18   14626     160       0       0       0       0       0       0       0       0     189      95       0       0       2       0       0       0     189      95
  126.000   175982.464      18   14511     160       0       0       0       0       0       0       0       0     188      94       0       0       2       0       0       0     188      94
  127.000   166183.040      17   13703     160       0       0       0       0       0       0       0       0     185      93       0       0       2       0       0       0     185      93
  128.000   160034.144      16   13196     160       0       0       0       0       0       0       0       0     182      91       0       0       2       0       0       0     182      91
  129.000   158384.736      16   13060     160       0       0       0       0       0       0       0       0     181      91       0       0       2       0       0       0     181      91
  130.000   155886.368      16   12854     160       0       0       0       0       0       0       0       0     176      88       0       0       2       0       0       0     176      88
  131.000   153812.480      15   12683     160       0       0       0      25       0       0       0       0     189      95       0       0       2       0       0       0     189      95
  132.000   167420.096      17   13805     160       0       0       0       0       0       0       0       0     195      98       0       0       2       0       0       0     195      98
  133.000   176406.944      18   14546     160       0       0       0       0       0       0       0       0     195      98       0       0       2       0       0       0     195      98
  134.000   172695.776      17   14240     160       0       0       0       0       0       0       0       0     192      96       0       0       2       0       0       0     192      96
  135.000   169578.880      17   13983     160       0       0       0       0       0       0       0       0     188      94       0       0       2       0       0       0     188      94
  136.000   163563.392      16   13487     160       0       0       0       0       0       0       0       0     184      92       0       0       2       0       0       0     184      92
  137.000   156177.440      16   12878     160       0       0       0       0       0       0       0       0     181      91       0       0       2       0       0       0     181      91
  138.000   150841.120      15   12438     160       0       0       0       0       0       0       0       0     176      88       0       0       2       0       0       0     176      88
  139.000   148088.064      15   12211     160       0       0       0       0       0       0       0       0     172      86       0       0       2       0       0       0     172      86
  140.000   144898.400      14   11948     160       0       0       0       0       0       0       0       0     171      86       0       0       2       0       0       0     171      86
  141.000   139040.576      14   11465     160       0       0       0      29       0       0       0       0     187      94       0       0       2       0       0       0     187      94
  142.000   153654.816      15   12670     160       0       0       0       0       0       0       0       0     192      96       0       0       2       0       0       0     192      96
  143.000   168172.032      17   13867     160       0       0       0       0       0       0       0       0     191      96       0       0       2       0       0       0     191      96
  144.000   163332.960      16   13468     160       0       0       0       0       0       0       0       0     187      94       0       0       2       0       0       0     187      94
  145.000   160228.192      16   13212     160       0       0       0       0       0       0       0       0     184      92       0       0       2       0       0       0     184      92
  146.000   152187.328      15   12549     160       0       0       0       0       0       0       0       0     180      90       0       0       2       0       0       0     180      90
  147.000   150792.608      15   12434     160       0       0       0       0       0       0       0       0     178      89       0       0       2       0       0       0     178      89
  148.000   150574.304      15   12416     160       0       0       0       0       0       0       0       0     175      88       0       0       2       0       0       0     175      88
  149.000   145298.624      15   11981     160       0       0       0       0       0       0       0       0     172      86       0       0       2       0       0       0     172      86
  150.000   140059.328      14   11549     160       0       0       0       0       0       0       0       0     169      85       0       0       2       0       0       0     169      85
  151.000   135523.456      14   11175     160       0       0       0      32       0       0       0       0     183      92       0       0       2       0       0       0     183      92
  152.000   148512.544      15   12246     160       0       0       0       0       0       0       0       0     190      95       0       0       2       0       0       0     190      95
  153.000   162205.056      16   13375     160       0       0       0       0       0       0       0       0     187      94       0       0       2       0       0       0     187      94
  154.000   156953.632      16   12942     160       0       0       0       0       0       0       0       0     185      93       0       0       2       0       0       0     185      93
  155.000   156116.800      16   12873     160       0       0       0       0       0       0       0       0     181      91       0       0       2       0       0       0     181      91
  156.000   153024.160      15   12618     160       0       0       0       0       0       0       0       0     176      88       0       0       2       0       0       0     176      88
  157.000   151993.280      15   12533     160       0       0       0       0       0       0       0       0     174      87       0       0       2       0       0       0     174      87
  158.000   150089.184      15   12376     160       0       0       0       0       0       0       0       0     172      86       0       0       2       0       0       0     172      86
  159.000   147833.376      15   12190     160       0       0       0       0       0       0       0       0     168      84       0       0       2       0       0       0     168      84
  160.000   147214.848      15   12139     160       0       0       0       0       0       0       0       0     164      82       0       0       2       0       0       0     164      82
  161.000   147045.056      15   12125     160       0       0       0      37       0       0       0       0     182      91       0       0       2       0       0       0     182      91
  162.000   169445.472      17   13972     160       0       0       0       0       0       0       0       0     194      97       0       0       2       0       0       0     194      97
  163.000   193313.376      19   15940     160       0       0       0       0       0       0       0       0     195      98       0       0       2       0       0       0     195      98
  164.000   192173.344      19   15846     160       0       0       0       0       0       0       0       0     192      96       0       0       2       0       0       0     192      96
  165.000   190329.888      19   15694     160       0       0       0       0       0       0       0       0     187      94       0       0       2       0       0       0     187      94
  166.000   184229.504      18   15191     160       0       0       0       0       0       0       0       0     184      92       0       0       2       0       0       0     184      92
  167.000   181937.312      18   15002     160       0       0       0       0       0       0       0       0     179      90       0       0       2       0       0       0     179      90
  168.000   180105.984      18   14851     160       0       0       0       0       0       0       0       0     176      88       0       0       2       0       0       0     176      88
  169.000   178383.808      18   14709     160       0       0       0       0       0       0       0       0     173      87       0       0       2       0       0       0     173      87
  170.000   172465.344      17   14221     160       0       0       0       0       0       0       0       0     171      86       0       0       2       0       0       0     171      86
  171.000   170027.616      17   14020     160       0       0       0      29       0       0       0       0     186      93       0       0       2       0       0       0     186      93
  172.000   193204.224      19   15931     160       0       0       0       0       0       0       0       0     196      98       0       0       2       0       0       0     196      98
  173.000   215762.304      22   17791     160       0       0       0       0       0       0       0       0     193      97       0       0       2       0       0       0     193      97
  174.000   213615.648      21   17614     160       0       0       0       0       0       0       0       0     191      96       0       0       2       0       0       0     191      96
  175.000   208521.888      21   17194     160       0       0       0       0       0       0       0       0     190      95       0       0       2       0       0       0     190      95
  176.000   204834.976      20   16890     160       0       0       0       0       0       0       0       0     189      95       0       0       2       0       0       0     189      95
  177.000   202724.704      20   16716     160       0       0       0       0       0       0       0       0     185      93       0       0       2       0       0       0     185      93
  178.000   197376.256      20   16275     160       0       0       0       0       0       0       0       0     183      92       0       0       2       0       0       0     183      92
  179.000   194259.360      19   16018     160       0       0       0       0       0       0       0       0     181      91       0       0       2       0       0       0     181      91
  180.000   192379.520      19   15863     160       0       0       0       0       0       0       0       0     179      90       0       0       2       0       0       0     179      90
  181.000   188862.400      19   15573     160       0       0       0      22       0       0       0       0     190      95       0       0       2       0       0       0     190      95
  182.000   198637.568      20   16379     160       0       0       0       0       0       0       0       0     194      97       0       0       2       0       0       0     194      97
  183.000   210632.160      21   17368     160       0       0       0       0       0       0       0       0     194      97       0       0       2       0       0       0     194      97
  184.000   203318.976      20   16765     160       0       0       0       0       0       0       0       0     194      97       0       0       2       0       0       0     194      97
  185.000   199753.344      20   16471     160       0       0       0       0       0       0       0       0     190      95       0       0       2       0       0       0     190      95
  186.000   191518.432      19   15792     160       0       0       0       0       0       0       0       0     188      94       0       0       2       0       0       0     188      94
  187.000   189978.176      19   15665     160       0       0       0       0       0       0       0       0     187      94       0       0       2       0       0       0     187      94
  188.000   188146.848      19   15514     160       0       0       0       0       0       0       0       0     185      93       0       0       2       0       0       0     185      93
  189.000   179244.896      18   14780     160       0       0       0       0       0       0       0       0     182      91       0       0       2       0       0       0     182      91
  190.000   171155.520      17   14113     160       0       0       0       0       0       0       0       0     179      90       0       0       2       0       0       0     179      90
  191.000   168851.200      17   13923     160       0       0       0      22       0       0       0       0     190      95       0       0       2       0       0       0     190      95
  192.000   181500.704      18   14966     160       0       0       0       0       0       0       0       0     195      98       0       0       2       0       0       0     195      98
  193.000   194404.896      19   16030     160       0       0       0       0       0       0       0       0     191      96       0       0       2       0       0       0     191      96
  194.000   189541.568      19   15629     160       0       0       0       0       0       0       0       0     188      94       0       0       2       0       0       0     188      94
  195.000   184666.112      18   15227     160       0       0       0       0       0       0       0       0     186      93       0       0       2       0       0       0     186      93
  196.000   179354.048      18   14789     160       0       0       0       0       0       0       0       0     184      92       0       0       2       0       0       0     184      92
  197.000   176358.432      18   14542     160       0       0       0       0       0       0       0       0     179      90       0       0       2       0       0       0     179      90
  198.000   173035.360      17   14268     160       0       0       0       0       0       0       0       0     174      87       0       0       2       0       0       0     174      87
  199.000   169603.136      17   13985     160       0       0       0       0       0       0       0       0     170      85       0       0       2       0       0       0     170      85
  200.000   166777.312      17   13752     160       0       0       0       0       0       0       0       0     168      84       0       0       2       0       0       0     168      84
  201.000   162605.280      16   13408     160       0       0       0      33       0       0       0       0     182      91       0       0       2       0       0       0     182      91
  202.000   175133.504      18   14441     160       0       0       0       0       0       0       0       0     193      97       0       0       2       0       0       0     193      97
  203.000   188826.016      19   15570     160       0       0       0       0       0       0       0       0     194      97       0       0       2       0       0       0     194      97
  204.000   182604.352      18   15057     160       0       0       0       0       0       0       0       0     188      94       0       0       2       0       0       0     188      94
  205.000   178662.752      18   14732     160       0       0       0       0       0       0       0       0     184      92       0       0       2       0       0       0     184      92
  206.000   177498.464      18   14636     160       0       0       0       0       0       0       0       0     183      92       0       0       2       0       0       0     183      92
  207.000   174587.744      17   14396     160       0       0       0       0       0       0       0       0     182      91       0       0       2       0       0       0     182      91
  208.000   169894.208      17   14009     160       0       0       0       0       0       0       0       0     177      89       0       0       2       0       0       0     177      89
  209.000   166377.088      17   13719     160       0       0       0       0       0       0       0       0     173      87       0       0       2       0       0       0     173      87
  210.000   163405.728      16   13474     160       0       0       0       0       0       0       0       0     169      85       0       0       2       0       0       0     169      85
  211.000   158930.496      16   13105     160       0       0       0      34       0       0       0       0     186      93       0       0       2       0       0       0     186      93
  212.000   169954.848      17   14014     160       0       0       0       0       0       0       0       0     196      98       0       0       2       0       0       0     196      98
  213.000   178602.112      18   14727     160       0       0       0       0       0       0       0       0     196      98       0       0       2       0       0       0     196      98
  214.000   175097.120      18   14438     160       0       0       0       0       0       0       0       0     195      98       0       0       2       0       0       0     195      98
  215.000   172586.624      17   14231     160       0       0       0       0       0       0       0       0     192      96       0       0       2       0       0       0     192      96
  216.000   167492.864      17   13811     160       0       0       0       0       0       0       0       0     188      94       0       0       2       0       0       0     188      94
  217.000   159961.376      16   13190     160       0       0       0       0       0       0       0       0     185      93       0       0       2       0       0       0     185      93
  218.000   157547.904      16   12991     160       0       0       0       0       0       0       0       0     181      91       0       0       2       0       0       0     181      91
  219.000   155522.528      16   12824     160       0       0       0       0       0       0       0       0     176      88       0       0       2       0       0       0     176      88
  220.000   153012.032      15   12617     160       0       0       0       0       0       0       0       0     174      87       0       0       2       0       0       0     174      87
  221.000   147069.312      15   12127     160       0       0       0      27       0       0       0       0     187      94       0       0       2       0       0       0     187      94
  222.000   155631.680      16   12833     160       0       0       0       0       0       0       0       0     193      97       0       0       2       0       0       0     193      97
  223.000   165079.392      17   13612     160       0       0       0       0       0       0       0       0     190      95       0       0       2       0       0       0     190      95
  224.000   161986.752      16   13357     160       0       0       0       0       0       0       0       0     187      94       0       0       2       0       0       0     187      94
  225.000   156359.360      16   12893     160       0       0       0       0       0       0       0       0     184      92       0       0       2       0       0       0     184      92
  226.000   149895.136      15   12360     160       0       0       0       0       0       0       0       0     179      90       0       0       2       0       0       0     179      90
  227.000   147372.512      15   12152     160       0       0       0       0       0       0       0       0     176      88       0       0       2       0       0       0     176      88
  228.000   142011.936      14   11710     160       0       0       0       0       0       0       0       0     174      87       0       0       2       0       0       0     174      87
  229.000   136141.984      14   11226     160       0       0       0       0       0       0       0       0     170      85       0       0       2       0       0       0     170      85
  230.000   131982.080      13   10883     160       0       0       0       0       0       0       0       0     166      83       0       0       2       0       0       0     166      83
  231.000   128137.504      13   10566     160       0       0       0      35       0       0       0       0     183      92       0       0       2       0       0       0     183      92
  232.000   142982.176      14   11790     160       0       0       0       0       0       0       0       0     192      96       0       0       2       0       0       0     192      96
  233.000   158372.608      16   13059     160       0       0       0       0       0       0       0       0     192      96       0       0       2       0       0       0     192      96
  234.000   151350.496      15   12480     160       0       0       0       0       0       0       0       0     190      95       0       0       2       0       0       0     190      95
  235.000   149713.216      15   12345     160       0       0       0       0       0       0       0       0     187      94       0       0       2       0       0       0     187      94
  236.000   146038.432      15   12042     160       0       0       0       0       0       0       0       0     181      91       0       0       2       0       0       0     181      91
  237.000   141987.680      14   11708     160       0       0       0       0       0       0       0       0     177      89       0       0       2       0       0       0     177      89
  238.000   139646.976      14   11515     160       0       0       0       0       0       0       0       0     173      87       0       0       2       0       0       0     173      87
  239.000   136893.920      14   11288     160       0       0       0       0       0       0       0       0     171      86       0       0       2       0       0       0     171      86
  240.000   131108.864      13   10811     160       0       0       0       0       0       0       0       0     167      84       0       0       2       0       0       0     167      84
  241.000   127834.304      13   10541     160       0       0       0      37       0       0       0       0     185      93       0       0       2       0       0       0     185      93
  242.000   144049.440      14   11878     160       0       0       0       0       0       0       0       0     195      98       0       0       2       0       0       0     195      98
  243.000   160034.144      16   13196     160       0       0       0       0       0       0       0       0     193      97       0       0       2       0       0       0     193      97
  244.000   158954.752      16   13107     160       0       0       0       0       0       0       0       0     191      96       0       0       2       0       0       0     191      96
  245.000   155073.792      16   12787     160       0       0       0       0       0       0       0       0     187      94       0       0       2       0       0       0     187      94
  246.000   152866.496      15   12605     160       0       0       0       0       0       0       0       0     185      93       0       0       2       0       0       0     185      93
  247.000   147675.712      15   12177     160       0       0       0       0       0       0       0       0     183      92       0       0       2       0       0       0     183      92
  248.000   144255.616      14   11895     160       0       0       0       0       0       0       0       0     181      91       0       0       2       0       0       0     181      91
  249.000   143261.120      14   11813     160       0       0       0       0       0       0       0       0     178      89       0       0       2       0       0       0     178      89
  250.000   139610.592      14   11512     160       0       0       0       0       0       0       0       0     176      88       0       0       2       0       0       0     176      88
  251.000   135208.128      14   11149     160       0       0       0      25       0       0       0       0     188      94       0       0       2       0       0       0     188      94
  252.000   152078.176      15   12540     160       0       0       0       0       0       0       0       0     194      97       0       0       2       0       0       0     194      97
  253.000   169736.544      17   13996     160       0       0       0       0       0       0       0       0     192      96       0       0       2       0       0       0     192      96
  254.000   164970.240      16   13603     160       0       0       0       0       0       0       0       0     189      95       0       0       2       0       0       0     189      95
  255.000   160943.744      16   13271     160       0       0       0       0       0       0       0       0     185      93       0       0       2       0       0       0     185      93
  256.000   158809.216      16   13095     160       0       0       0       0       0       0       0       0     182      91       0       0       2       0       0       0     182      91
  257.000   157390.240      16   12978     160       0       0       0       0       0       0       0       0     179      90       0       0       2       0       0       0     179      90
  258.000   154564.416      15   12745     160       0       0       0       0       0       0       0       0     177      89       0       0       2       0       0       0     177      89
  259.000   149494.912      15   12327     160       0       0       0       0       0       0       0       0     175      88       0       0       2       0       0       0     175      88
  260.000   147384.640      15   12153     160       0       0       0       0       0       0       0       0     173      87       0       0       2       0       0       0     173      87
  261.000   145868.640      15   12028     160       0       0       0      28       0       0       0       0     187      94       0       0       2       0       0       0     187      94
  262.000   161865.472      16   13347     160       0       0       0       0       0       0       0       0     191      96       0       0       2       0       0       0     191      96
  263.000   178541.472      18   14722     160       0       0       0       0       0       0       0       0     189      95       0       0       2       0       0       0     189      95
  264.000   177328.672      18   14622     160       0       0       0       0       0       0       0       0     187      94       0       0       2       0       0       0     187      94
  265.000   175303.296      18   14455     160       0       0       0       0       0       0       0       0     183      92       0       0       2       0       0       0     183      92
  266.000   171034.240      17   14103     160       0       0       0       0       0       0       0       0     180      90       0       0       2       0       0       0     180      90
  267.000   168438.848      17   13889     160       0       0       0       0       0       0       0       0     177      89       0       0       2       0       0       0     177      89
  268.000   162799.328      16   13424     160       0       0       0       0       0       0       0       0     175      88       0       0       2       0       0       0     175      88
  269.000   160203.936      16   13210     160       0       0       0       0       0       0       0       0     171      86       0       0       2       0       0       0     171      86
  270.000   158687.936      16   13085     160       0       0       0       0       0       0       0       0     169      85       0       0       2       0       0       0     169      85
  271.000   153533.536      15   12660     160       0       0       0      31       0       0       0       0     183      92       0       0       2       0       0       0     183      92
  272.000   170585.504      17   14066     160       0       0       0       0       0       0       0       0     191      96       0       0       2       0       0       0     191      96
  273.000   188801.760      19   15568     160       0       0       0       0       0       0       0       0     188      94       0       0       2       0       0       0     188      94
  274.000   183926.304      18   15166     160       0       0       0       0       0       0       0       0     185      93       0       0       2       0       0       0     185      93
  275.000   181944.256      18   15002     160       0       0       0       0       0       0       0       0     182      91       0       0       2       0       0       0     182      91
