  TimeSec      LoaKbps LoaUsag Packets DlyUsec LoaDrps MetDrps TabDrps FloMods MetMods GroMods  PktsIn PktsOut FloEntr FloUsag MetEntr MetUsag GroEntr GroUsag BufPkts BufUsag  T0Entr  T0Usag
    1.000        0.000       0       0     173       0       0       0       3       0       2       0       0       3       0       0       0       2       0       0       0       3       0
    2.000     2442.912       1     202     270       0       0       0       4       0       0       0       0       6       0       0       0       2       0       0       0       6       0
    3.000     8870.752       2     732     370       0       0       0       6       0       0       0       0      10       0       0       0       2       0       0       0      10       0
    4.000    16535.648       4    1364     455       0       0       0       5       0       0       0       0      16       0       0       0       2       0       0       0      16       0
    5.000    18427.616       4    1520     495       0       0       0       1       0       0       0       0      18       0       0       0       2       0       0       0      18       0
    6.000    19761.696       4    1630     499       0       0       0       2       0       0       0       0      20       0       0       0       2       0       0       0      20       0
    7.000    22696.672       5    1872     499       0       0       0       3       0       0       0       0      23       0       0       0       2       0       0       0      23       0
    8.000    24722.048       5    2039     499       0       0       0       4       0       0       0       0      26       0       0       0       2       0       0       0      26       0
    9.000    30834.560       7    2543     567       0       0       0       6       0       0       0       0      32       0       0       0       2       0       0       0      32       0
   10.000    33308.672       7    2747     596       0       0       0       3       0       0       0       0      36       0       0       0       2       0       0       0      36       0
   11.000    33999.968       8    2804     599       0       0       0       1       0       0       0       0      38       0       0       0       2       0       0       0      38       0
   12.000    18221.440       4    1503     599       0       0       0       4       0       0       0       0      40       0       0       0       2       0       0       0      40       0
   13.000     2915.904       1     241     426       0       0       0      37       0       0       0       0      14       0       0       0       2       0       0       0      14       0
   14.000     7027.296       2     580     402       0       0       0       4       0       0       0       0      14       0       0       0       2       0       0       0      14       0
   15.000    12424.256       3    1025     400       0       0       0       1       0       0       0       0      16       0       0       0       2       0       0       0      16       0
   16.000    14158.560       3    1168     459       0       0       0       3       0       0       0       0      17       0       0       0       2       0       0       0      17       0
   17.000    17881.856       4    1475     495       0       0       0       2       0       0       0       0      20       0       0       0       2       0       0       0      20       0
   18.000    21702.176       5    1790     499       0       0       0       6       0       0       0       0      25       0       0       0       2       0       0       0      25       0
   19.000    25898.464       6    2136     499       0       0       0       3       0       0       0       0      29       0       0       0       2       0       0       0      29       0
   20.000    29100.256       6    2400     519       0       0       0       4       0       0       0       0      32       0       0       0       2       0       0       0      32       0
   21.000    34569.984       8    2851     591       0       0       0       2       0       0       0       0      35       0       0       0       2       0       0       0      35       0
   22.000    18221.440       4    1503     599       0       0       0       3       0       0       0       0      37       0       0       0       2       0       0       0      37       0
   23.000     1775.872       0     147     426       0       0       0      33       0       0       0       0      13       0       0       0       2       0       0       0      13       0
   24.000     3425.280       1     283     422       0       0       0       7       0       0       0       0      15       0       0       0       2       0       0       0      15       0
   25.000     5947.904       1     491     491       0       0       0       6       0       0       0       0      20       0       0       0       2       0       0       0      20       0
   26.000     9392.256       2     775     499       0       0       0       4       0       0       0       0      24       0       0       0       2       0       0       0      24       0
   27.000    11247.840       2     928     499       0       0       0       2       0       0       0       0      28       0       0       0       2       0       0       0      28       0
   28.000    12448.512       3    1027     573       0       0       0       5       0       0       0       0      33       0       0       0       2       0       0       0      33       0
   29.000    14934.752       3    1232     597       0       0       0       8       0       0       0       0      38       0       0       0       2       0       0       0      38       0
   30.000    26359.328       6    2174     599       0       0       0       4       0       0       0       0      45       1       0       0       2       0       0       0      45       1
   31.000    27390.208       6    2259     599       0       0       0       2       0       0       0       0      47       1       0       0       2       0       0       0      47       1
   32.000    21023.008       5    1734     599       0       0       0       4       0       0       0       0      51       1       0       0       2       0       0       0      51       1
   33.000    10229.088       2     844     426       0       0       0      46       0       0       0       0      16       0       0       0       2       0       0       0      16       0
   34.000    12654.688       3    1044     402       0       0       0       4       0       0       0       0      15       0       0       0       2       0       0       0      15       0
   35.000    15492.640       3    1278     486       0       0       0       5       0       0       0       0      20       0       0       0       2       0       0       0      20       0
   36.000    15783.712       4    1302     498       0       0       0       2       0       0       0       0      22       0       0       0       2       0       0       0      22       0
   37.000    19652.544       4    1621     519       0       0       0      10       0       0       0       0      29       0       0       0       2       0       0       0      29       0
   38.000    23157.536       5    1910     591       0       0       0       4       0       0       0       0      36       0       0       0       2       0       0       0      36       0
   39.000    23824.576       5    1965     599       0       0       0       4       0       0       0       0      39       0       0       0       2       0       0       0      39       0
   40.000    28493.856       6    2350     599       0       0       0      11       0       0       0       0      47       1       0       0       2       0       0       0      47       1
   41.000    32035.232       7    2642     599       0       0       0       2       0       0       0       0      52       1       0       0       2       0       0       0      52       1
   42.000    17311.840       4    1428     599       0       0       0       2       0       0       0       0      55       1       0       0       2       0       0       0      55       1
   43.000     2297.376       1     190     419       0       0       0      54       0       0       0       0      16       0       0       0       2       0       0       0      16       0
   44.000     4868.512       1     402     402       0       0       0       5       0       0       0       0      15       0       0       0       2       0       0       0      15       0
   45.000     5584.064       1     461     489       0       0       0       4       0       0       0       0      18       0       0       0       2       0       0       0      18       0
   46.000     7051.552       2     582     498       0       0       0       4       0       0       0       0      23       0       0       0       2       0       0       0      23       0
   47.000     9756.096       2     805     499       0       0       0       4       0       0       0       0      27       0       0       0       2       0       0       0      27       0
   48.000    13867.488       3    1144     567       0       0       0       6       0       0       0       0      33       0       0       0       2       0       0       0      33       0
   49.000    18403.360       4    1518     596       0       0       0       6       0       0       0       0      38       0       0       0       2       0       0       0      38       0
   50.000    20501.504       5    1691     599       0       0       0       4       0       0       0       0      43       1       0       0       2       0       0       0      43       1
   51.000    22902.848       5    1889     599       0       0       0       4       0       0       0       0      46       1       0       0       2       0       0       0      46       1
   52.000    14934.752       3    1232     599       0       0       0       4       0       0       0       0      50       1       0       0       2       0       0       0      50       1
   53.000     4892.768       1     404     426       0       0       0      44       0       0       0       0      18       0       0       0       2       0       0       0      18       0
   54.000     7439.648       2     614     461       0       0       0       6       0       0       0       0      17       0       0       0       2       0       0       0      17       0
   55.000     8882.880       2     733     495       0       0       0       5       0       0       0       0      21       0       0       0       2       0       0       0      21       0
   56.000    10653.568       2     879     499       0       0       0       3       0       0       0       0      25       0       0       0       2       0       0       0      25       0
   57.000    10544.416       2     870     499       0       0       0       6       0       0       0       0      29       0       0       0       2       0       0       0      29       0
   58.000    13164.064       3    1086     589       0       0       0       5       0       0       0       0      35       0       0       0       2       0       0       0      35       0
   59.000    18063.776       4    1490     598       0       0       0       5       0       0       0       0      41       1       0       0       2       0       0       0      41       1
   60.000    20283.200       5    1673     599       0       0       0       5       0       0       0       0      45       1       0       0       2       0       0       0      45       1
   61.000    22817.952       5    1882     599       0       0       0       5       0       0       0       0      50       1       0       0       2       0       0       0      50       1
   62.000    15638.176       3    1290     599       0       0       0       3       0       0       0       0      55       1       0       0       2       0       0       0      55       1
   63.000    12266.592       3    1012     426       0       0       0      47       0       0       0       0      18       0       0       0       2       0       0       0      18       0
   64.000    13612.800       3    1123     402       0       0       0       2       0       0       0       0      15       0       0       0       2       0       0       0      15       0
   65.000    14340.480       3    1183     467       0       0       0       3       0       0       0       0      17       0       0       0       2       0       0       0      17       0
   66.000    15989.888       4    1319     496       0       0       0       3       0       0       0       0      20       0       0       0       2       0       0       0      20       0
   67.000    18791.456       4    1550     499       0       0       0       5       0       0       0       0      23       0       0       0       2       0       0       0      23       0
   68.000    20161.920       4    1663     499       0       0       0       6       0       0       0       0      28       0       0       0       2       0       0       0      28       0
   69.000    21229.184       5    1751     567       0       0       0       2       0       0       0       0      32       0       0       0       2       0       0       0      32       0
   70.000    23157.536       5    1910     596       0       0       0      10       0       0       0       0      40       0       0       0       2       0       0       0      40       0
   71.000    26711.040       6    2203     599       0       0       0       6       0       0       0       0      48       1       0       0       2       0       0       0      48       1
   72.000    20222.560       4    1668     599       0       0       0       5       0       0       0       0      53       1       0       0       2       0       0       0      53       1
   73.000    11648.064       3     961     513       0       0       0      41       0       0       0       0      23       0       0       0       2       0       0       0      23       0
   74.000    15177.312       3    1252     501       0       0       0       8       0       0       0       0      22       0       0       0       2       0       0       0      22       0
   75.000    16232.448       4    1339     500       0       0       0       2       0       0       0       0      26       0       0       0       2       0       0       0      26       0
   76.000    18864.224       4    1556     500       0       0       0       5       0       0       0       0      30       0       0       0       2       0       0       0      30       0
   77.000    22429.856       5    1850     573       0       0       0       6       0       0       0       0      34       0       0       0       2       0       0       0      34       0
   78.000    27669.152       6    2282     597       0       0       0       4       0       0       0       0      38       0       0       0       2       0       0       0      38       0
   79.000    26577.632       6    2192     599       0       0       0       4       0       0       0       0      44       1       0       0       2       0       0       0      44       1
   80.000    29985.600       7    2473     599       0       0       0      10       0       0       0       0      49       1       0       0       2       0       0       0      49       1
   81.000    33939.328       8    2799     599       0       0       0       3       0       0       0       0      56       1       0       0       2       0       0       0      56       1
   82.000    21714.304       5    1791     600       0       0       0       2       0       0       0       0      59       1       0       0       2       0       0       0      59       1
   83.000     6141.952       1     507     513       0       0       0      38       0       0       0       0      32       0       0       0       2       0       0       0      32       0
   84.000     7694.336       2     635     537       0       0       0       9       0       0       0       0      32       0       0       0       2       0       0       0      32       0
   85.000    14267.712       3    1177     593       0       0       0       6       0       0       0       0      40       0       0       0       2       0       0       0      40       0
   86.000    20283.200       5    1673     599       0       0       0       8       0       0       1       1      47       1       0       0       2       0       0       0      47       1
   87.000    25437.600       6    2098     599       0       0       0       6       0       0       0       0      53       1       0       0       2       0       0       0      53       1
   88.000    29755.168       7    2454     599       0       0       0       5       0       0       0       0      57       1       0       0       2       0       0       0      57       1
   89.000    35928.320       8    2963     673       0       0       0       7       0       0       0       0      64       1       0       0       2       0       0       0      64       1
   90.000    37274.528       8    3074     697       0       0       0       3       0       0       0       0      66       1       0       0       2       0       0       0      66       1
   91.000    38147.744       8    3146     699       0       0       0       2       0       0       0       0      66       1       0       0       2       0       0       0      66       1
   92.000    21544.512       5    1777     699       0       0       0       8       0       0       0       0      69       1       0       0       2       0       0       0      69       1
   93.000    10495.904       2     866     613       0       0       0      41       0       0       0       0      45       1       0       0       2       0       0       0      45       1
   94.000    16099.040       4    1328     601       0       0       0       8       0       0       0       0      45       1       0       0       2       0       0       0      45       1
   95.000    23315.200       5    1923     600       0       0       0       9       0       0       0       0      54       1       0       0       2       0       0       0      54       1
   96.000    29197.280       6    2408     600       0       0       0       6       0       0       0       0      58       1       0       0       2       0       0       0      58       1
   97.000    36619.616       8    3020     679       0       0       0      12       0       0       1       1      65       1       0       0       2       0       0       0      65       1
   98.000    47268.000      11    3898     697       0       0       0       9       0       0       0       0      76       1       0       0       2       0       0       0      76       1
   99.000    50348.512      11    4152     699       0       0       0       5       0       0       0       0      80       1       0       0       2       0       0       0      80       1
  100.000    58061.920      13    4788     699       0       0       0      10       0       0       0       0      84       1       0       0       2       0       0       0      84       1
  101.000    64671.680      14    5333     699       0       0       0      10       0       0       0       0      92       1       0       0       2       0       0       0      92       1
  102.000    40694.624       9    3356     700       0       0       0       8       0       0       1       1      98       1       0       0       2       0       0       0      98       1
  103.000    14388.992       3    1187     700       0       0       0      26       0       0       0       0      78       1       0       0       2       0       0       0      78       1
  104.000    20404.480       5    1683     700       0       0       0       8       0       0       0       0      80       1       0       0       2       0       0       0      80       1
  105.000    26686.784       6    2201     700       0       0       0       6       0       0       0       0      87       1       0       0       2       0       0       0      87       1
  106.000    29937.088       7    2469     700       0       0       0       2       0       0       0       0      91       1       0       0       2       0       0       0      91       1
  107.000    30313.056       7    2500     700       0       0       0       3       0       0       0       0      89       1       0       0       2       0       0       0      89       1
  108.000    32726.528       7    2699     700       0       0       0       9       0       0       0       0      92       1       0       0       2       0       0       0      92       1
  109.000    33163.136       7    2735     700       0       0       0       6       0       0       0       0      94       1       0       0       2       0       0       0      94       1
  110.000    33053.984       7    2726     700       0       0       0       5       0       0       1       1      96       1       0       0       2       0       0       0      96       1
  111.000    34970.208       8    2884     700       0       0       0       6       0       0       0       0      99       1       0       0       2       0       0       0      99       1
  112.000    19312.960       4    1593     700       0       0       0       4       0       0       0       0     101       1       0       0       2       0       0       0     101       1
  113.000     4783.616       1     395     692       0       0       0      43       0       0       0       0      73       1       0       0       2       0       0       0      73       1
  114.000     8130.944       2     671     699       0       0       0       4       0       0       0       0      71       1       0       0       2       0       0       0      71       1
  115.000    10313.984       2     851     699       0       0       0      11       0       0       1       1      78       1       0       0       2       0       0       0      78       1
  116.000    12630.432       3    1042     699       0       0       0       7       0       0       1       1      82       1       0       0       2       0       0       0      82       1
  117.000    12594.048       3    1039     699       0       0       0       1       0       0       0       0      82       1       0       0       2       0       0       0      82       1
  118.000    12715.328       3    1049     700       0       0       0       5       0       0       0       0      84       1       0       0       2       0       0       0      84       1
  119.000    13552.160       3    1118     700       0       0       0       5       0       0       0       0      87       1       0       0       2       0       0       0      87       1
  120.000    16838.848       4    1389     700       0       0       0       4       0       0       0       0      90       1       0       0       2       0       0       0      90       1
  121.000    20792.576       5    1715     700       0       0       0       4       0       0       0       0      94       1       0       0       2       0       0       0      94       1
  122.000    13467.264       3    1111     700       0       0       0       3       0       0       0       0      96       1       0       0       2       0       0       0      96       1
  123.000     6069.184       1     501     700       0       0       0      32       0       0       0       0      73       1       0       0       2       0       0       0      73       1
  124.000     8458.400       2     698     700       0       0       0       7       0       0       0       0      75       1       0       0       2       0       0       0      75       1
  125.000    11247.840       2     928     700       0       0       0       4       0       0       0       0      75       1       0       0       2       0       0       0      75       1
  126.000    14037.280       3    1158     700       0       0       0       7       0       0       0       0      75       1       0       0       2       0       0       0      75       1
  127.000    16620.544       4    1371     700       0       0       0       5       0       0       0       0      76       1       0       0       2       0       0       0      76       1
  128.000    20222.560       4    1668     700       0       0       0       5       0       0       0       0      78       1       0       0       2       0       0       0      78       1
  129.000    23642.656       5    1950     700       0       0       0       2       0       0       0       0      80       1       0       0       2       0       0       0      80       1
  130.000    27196.160       6    2243     700       0       0       0       8       0       0       0       0      79       1       0       0       2       0       0       0      79       1
  131.000    37771.776       8    3115     700       0       0       0      12       0       0       0       0      83       1       0       0       2       0       0       0      83       1
  132.000    23412.224       5    1931     700       0       0       0       7       0       0       0       0      88       1       0       0       2       0       0       0      88       1
  133.000    10313.984       2     851     613       0       0       0      43       0       0       0       0      62       1       0       0       2       0       0       0      62       1
  134.000    15553.280       3    1283     667       0       0       0       7       0       0       0       0      64       1       0       0       2       0       0       0      64       1
  135.000    16196.064       4    1336     696       0       0       0       2       0       0       0       0      66       1       0       0       2       0       0       0      66       1
  136.000    20901.728       5    1724     699       0       0       0       7       0       0       0       0      68       1       0       0       2       0       0       0      68       1
  137.000    25583.136       6    2110     699       0       0       0      11       0       0       0       0      75       1       0       0       2       0       0       0      75       1
  138.000    35564.480       8    2933     699       0       0       0       9       0       0       0       0      84       1       0       0       2       0       0       0      84       1
  139.000    39894.176       9    3290     700       0       0       0       5       0       0       0       0      87       1       0       0       2       0       0       0      87       1
  140.000    50809.376      11    4190     700       0       0       0       8       0       0       0       0      95       1       0       0       2       0       0       0      95       1
  141.000    51670.464      11    4261     700       0       0       0       6       0       0       0       0      97       1       0       0       2       0       0       0      97       1
  142.000    31368.192       7    2587     700       0       0       0       9       0       0       0       0     102       1       0       0       2       0       0       0     102       1
  143.000    12242.336       3    1010     700       0       0       0      30       0       0       0       0      89       1       0       0       2       0       0       0      89       1
  144.000    15504.768       3    1279     700       0       0       0       9       0       0       0       0      92       1       0       0       2       0       0       0      92       1
  145.000    19203.808       4    1584     700       0       0       0       7       0       0       0       0      99       1       0       0       2       0       0       0      99       1
  146.000    20525.760       5    1693     700       0       0       0       5       0       0       0       0     100       1       0       0       2       0       0       0     100       1
  147.000    28978.976       6    2390     700       0       0       0      13       0       0       0       0     106       1       0       0       2       0       0       0     106       1
  148.000    34933.824       8    2881     700       0       0       0       4       0       0       0       0     110       1       0       0       2       0       0       0     110       1
  149.000    37177.504       8    3066     700       0       0       0       8       0       0       0       0     113       1       0       0       2       0       0       0     113       1
  150.000    40767.392       9    3362     700       0       0       0       8       0       0       0       0     120       1       0       0       2       0       0       0     120       1
  151.000    41810.400       9    3448     700       0       0       0       8       0       0       0       0     125       2       0       0       2       0       0       0     125       2
  152.000    27402.336       6    2260     766       0       0       0      13       0       0       1       1     129       2       0       0       2       0       0       0     129       2
  153.000    17166.304       4    1416     709       0       0       0      32       0       0       0       0     116       1       0       0       2       0       0       0     116       1
  154.000    19519.136       4    1610     701       0       0       0      10       0       0       1       1     119       1       0       0       2       0       0       0     119       1
  155.000    23582.016       5    1945     700       0       0       0       5       0       0       0       0     122       1       0       0       2       0       0       0     122       1
  156.000    26225.920       6    2163     700       0       0       0       6       0       0       0       0     124       2       0       0       2       0       0       0     124       2
  157.000    26977.856       6    2225     700       0       0       0       6       0       0       0       0     123       2       0       0       2       0       0       0     123       2
  158.000    28505.984       6    2351     700       0       0       0       3       0       0       1       1     124       2       0       0       2       0       0       0     124       2
  159.000    32762.912       7    2702     767       0       0       0      15       0       0       1       1     132       2       0       0       2       0       0       0     132       2
  160.000    38353.920       9    3163     796       0       0       0       8       0       0       0       0     136       2       0       0       2       0       0       0     136       2
  161.000    47122.464      10    3886     799       0       0       0      10       0       0       0       0     145       2       0       0       2       0       0       0     145       2
  162.000    33660.384       7    2776     799       0       0       0      10       0       0       1       1     148       2       0       0       2       0       0       0     148       2
  163.000    20634.912       5    1702     713       0       0       0      42       0       0       1       1     123       2       0       0       2       0       0       0     123       2
  164.000    22199.424       5    1831     701       0       0       0       6       0       0       0       0     123       2       0       0       2       0       0       0     123       2
  165.000    24758.432       6    2042     700       0       0       0       2       0       0       0       0     123       2       0       0       2       0       0       0     123       2
  166.000    25134.400       6    2073     700       0       0       0       1       0       0       0       0     120       1       0       0       2       0       0       0     120       1
  167.000    30325.184       7    2501     700       0       0       0       8       0       0       0       0     120       1       0       0       2       0       0       0     120       1
  168.000    32884.192       7    2712     700       0       0       0       4       0       0       0       0     121       1       0       0       2       0       0       0     121       1
  169.000    35103.616       8    2895     700       0       0       0       8       0       0       0       0     124       2       0       0       2       0       0       0     124       2
  170.000    38038.592       8    3137     700       0       0       0       4       0       0       0       0     125       2       0       0       2       0       0       0     125       2
  171.000    42453.184       9    3501     736       0       0       0      11       0       0       1       1     128       2       0       0       2       0       0       0     128       2
  172.000    28008.736       6    2310     793       0       0       0       4       0       0       0       0     132       2       0       0       2       0       0       0     132       2
  173.000    13091.296       3    1080     712       0       0       0      44       0       0       1       1     106       1       0       0       2       0       0       0     106       1
  174.000    15383.488       3    1269     701       0       0       0       6       0       0       0       0     100       1       0       0       2       0       0       0     100       1
  175.000    15553.280       3    1283     700       0       0       0       3       0       0       0       0      98       1       0       0       2       0       0       0      98       1
  176.000    16814.592       4    1387     700       0       0       0      10       0       0       1       1      99       1       0       0       2       0       0       0      99       1
  177.000    18330.592       4    1512     700       0       0       0       6       0       0       0       0     102       1       0       0       2       0       0       0     102       1
  178.000    21180.672       5    1747     700       0       0       0       2       0       0       0       0     101       1       0       0       2       0       0       0     101       1
  179.000    23169.664       5    1911     700       0       0       0       7       0       0       0       0     100       1       0       0       2       0       0       0     100       1
  180.000    26747.424       6    2206     700       0       0       0      14       0       0       1       1     111       1       0       0       2       0       0       0     111       1
  181.000    27111.264       6    2236     700       0       0       0       6       0       0       1       1     119       1       0       0       2       0       0       0     119       1
  182.000    15080.288       3    1244     700       0       0       0       5       0       0       0       0     124       2       0       0       2       0       0       0     124       2
  183.000     3522.304       1     291     700       0       0       0      37       0       0       0       0     101       1       0       0       2       0       0       0     101       1
  184.000     5014.048       1     414     700       0       0       0       6       0       0       0       0     100       1       0       0       2       0       0       0     100       1
  185.000     6906.016       2     570     700       0       0       0       5       0       0       0       0     102       1       0       0       2       0       0       0     102       1
  186.000    11927.008       3     984     700       0       0       0       7       0       0       0       0     105       1       0       0       2       0       0       0     105       1
  187.000    19228.064       4    1586     700       0       0       0       8       0       0       0       0     109       1       0       0       2       0       0       0     109       1
  188.000    23303.072       5    1922     700       0       0       0      12       0       0       0       0     116       1       0       0       2       0       0       0     116       1
  189.000    27341.696       6    2255     700       0       0       0       6       0       0       0       0     121       1       0       0       2       0       0       0     121       1
  190.000    34485.088       8    2844     700       0       0       0       5       0       0       0       0     122       1       0       0       2       0       0       0     122       1
  191.000    38790.528       9    3199     700       0       0       0       9       0       0       0       0     125       2       0       0       2       0       0       0     125       2
  192.000    27353.824       6    2256     748       0       0       0       8       0       0       0       0     128       2       0       0       2       0       0       0     128       2
  193.000    15904.992       4    1312     707       0       0       0      27       0       0       0       0     115       1       0       0       2       0       0       0     115       1
  194.000    19312.960       4    1593     700       0       0       0      14       0       0       1       1     120       1       0       0       2       0       0       0     120       1
  195.000    23303.072       5    1922     700       0       0       0       4       0       0       0       0     120       1       0       0       2       0       0       0     120       1
  196.000    24879.712       6    2052     700       0       0       0       3       0       0       0       0     116       1       0       0       2       0       0       0     116       1
  197.000    25510.368       6    2104     700       0       0       0       4       0       0       0       0     114       1       0       0       2       0       0       0     114       1
  198.000    29755.168       7    2454     700       0       0       0      11       0       0       0       0     118       1       0       0       2       0       0       0     118       1
  199.000    31489.472       7    2597     700       0       0       0       4       0       0       0       0     121       1       0       0       2       0       0       0     121       1
  200.000    32399.072       7    2672     700       0       0       0       3       0       0       0       0     121       1       0       0       2       0       0       0     121       1
  201.000    34012.096       8    2805     700       0       0       0       7       0       0       0       0     121       1       0       0       2       0       0       0     121       1
  202.000    24588.640       5    2028     700       0       0       0       2       0       0       0       0     123       2       0       0       2       0       0       0     123       2
  203.000    10313.984       2     851     700       0       0       0      44       0       0       0       0      97       1       0       0       2       0       0       0      97       1
  204.000    11635.936       3     960     700       0       0       0       5       0       0       0       0      96       1       0       0       2       0       0       0      96       1
  205.000    13406.624       3    1106     700       0       0       0       4       0       0       0       0      99       1       0       0       2       0       0       0      99       1
  206.000    17142.048       4    1414     700       0       0       0       8       0       0       0       0     102       1       0       0       2       0       0       0     102       1
  207.000    24321.824       5    2006     700       0       0       0      10       0       0       0       0     105       1       0       0       2       0       0       0     105       1
  208.000    28881.952       6    2382     700       0       0       0       7       0       0       0       0     109       1       0       0       2       0       0       0     109       1
  209.000    32556.736       7    2685     700       0       0       0       8       0       0       0       0     108       1       0       0       2       0       0       0     108       1
  210.000    37662.624       8    3106     700       0       0       0       3       0       0       0       0     109       1       0       0       2       0       0       0     109       1
  211.000    40876.544       9    3371     700       0       0       0       8       0       0       0       0     112       1       0       0       2       0       0       0     112       1
  212.000    26068.256       6    2150     700       0       0       0       7       0       0       0       0     118       1       0       0       2       0       0       0     118       1
  213.000     9549.920       2     788     700       0       0       0      30       0       0       0       0      97       1       0       0       2       0       0       0      97       1
  214.000    12824.480       3    1058     700       0       0       0       6       0       0       0       0      96       1       0       0       2       0       0       0      96       1
  215.000    14376.864       3    1186     700       0       0       0      11       0       0       1       1     103       1       0       0       2       0       0       0     103       1
  216.000    19337.216       4    1595     700       0       0       0       6       0       0       1       1     106       1       0       0       2       0       0       0     106       1
  217.000    24370.336       5    2010     700       0       0       0      10       0       0       0       0     114       1       0       0       2       0       0       0     114       1
  218.000    31137.760       7    2568     700       0       0       0      10       0       0       0       0     117       1       0       0       2       0       0       0     117       1
  219.000    36971.328       8    3049     700       0       0       0       7       0       0       0       0     118       1       0       0       2       0       0       0     118       1
  220.000    41592.096       9    3430     700       0       0       0       9       0       0       0       0     124       2       0       0       2       0       0       0     124       2
  221.000    42538.080       9    3508     759       0       0       0       7       0       0       1       1     128       2       0       0       2       0       0       0     128       2
  222.000    25619.520       6    2113     788       0       0       0       6       0       0       0       0     130       2       0       0       2       0       0       0     130       2
  223.000     8797.984       2     726     712       0       0       0      35       0       0       0       0     112       1       0       0       2       0       0       0     112       1
  224.000    10301.856       2     850     701       0       0       0       5       0       0       0       0     114       1       0       0       2       0       0       0     114       1
  225.000    11296.352       3     932     700       0       0       0       6       0       0       0       0     118       1       0       0       2       0       0       0     118       1
  226.000    12666.816       3    1045     700       0       0       0       3       0       0       0       0     117       1       0       0       2       0       0       0     117       1
  227.000    15116.672       3    1247     700       0       0       0      10       0       0       0       0     118       1       0       0       2       0       0       0     118       1
  228.000    25837.824       6    2131     700       0       0       0      10       0       0       0       0     123       2       0       0       2       0       0       0     123       2
  229.000    29743.040       7    2453     744       0       0       0       6       0       0       0       0     128       2       0       0       2       0       0       0     128       2
  230.000    33757.408       8    2784     766       0       0       0      13       0       0       0       0     132       2       0       0       2       0       0       0     132       2
  231.000    36619.616       8    3020     796       0       0       0       5       0       0       0       0     137       2       0       0       2       0       0       0     137       2
  232.000    22672.416       5    1870     799       0       0       0       4       0       0       0       0     137       2       0       0       2       0       0       0     137       2
  233.000     9016.288       2     744     713       0       0       0      36       0       0       0       0     112       1       0       0       2       0       0       0     112       1
  234.000    10168.448       2     839     701       0       0       0       5       0       0       0       0     108       1       0       0       2       0       0       0     108       1
  235.000    12872.992       3    1062     700       0       0       0       3       0       0       0       0     106       1       0       0       2       0       0       0     106       1
  236.000    15492.640       3    1278     700       0       0       0       5       0       0       0       0     105       1       0       0       2       0       0       0     105       1
  237.000    16220.320       4    1338     700       0       0       0       6       0       0       0       0     104       1       0       0       2       0       0       0     104       1
  238.000    21750.688       5    1794     700       0       0       0       9       0       0       0       0     107       1       0       0       2       0       0       0     107       1
  239.000    26359.328       6    2174     700       0       0       0       2       0       0       0       0     107       1       0       0       2       0       0       0     107       1
  240.000    27499.360       6    2268     700       0       0       0       6       0       0       0       0     107       1       0       0       2       0       0       0     107       1
  241.000    28251.296       6    2330     700       0       0       0       5       0       0       0       0     110       1       0       0       2       0       0       0     110       1
  242.000    21496.000       5    1773     700       0       0       0       7       0       0       1       1     115       1       0       0       2       0       0       0     115       1
  243.000    12848.736       3    1060     700       0       0       0      42       0       0       0       0      84       1       0       0       2       0       0       0      84       1
  244.000    14510.272       3    1197     700       0       0       0       3       0       0       0       0      79       1       0       0       2       0       0       0      79       1
  245.000    16972.256       4    1400     700       0       0       0       7       0       0       0       0      77       1       0       0       2       0       0       0      77       1
  246.000    17566.528       4    1449     700       0       0       0       4       0       0       0       0      79       1       0       0       2       0       0       0      79       1
  247.000    21762.816       5    1795     700       0       0       0      10       0       0       0       0      81       1       0       0       2       0       0       0      81       1
  248.000    25340.576       6    2090     700       0       0       0       8       0       0       0       0      86       1       0       0       2       0       0       0      86       1
  249.000    26056.128       6    2149     700       0       0       0       8       0       0       0       0      91       1       0       0       2       0       0       0      91       1
  250.000    27899.584       6    2301     700       0       0       0       7       0       0       0       0      95       1       0       0       2       0       0       0      95       1
  251.000    34485.088       8    2844     700       0       0       0       8       0       0       0       0     103       1       0       0       2       0       0       0     103       1
  252.000    23424.352       5    1932     700       0       0       0      10       0       0       1       1     108       1       0       0       2       0       0       0     108       1
  253.000    10277.600       2     848     700       0       0       0      31       0       0       0       0      86       1       0       0       2       0       0       0      86       1
  254.000    12048.288       3     994     700       0       0       0       4       0       0       0       0      85       1       0       0       2       0       0       0      85       1
  255.000    15395.616       3    1270     700       0       0       0       8       0       0       0       0      89       1       0       0       2       0       0       0      89       1
  256.000    21823.456       5    1800     700       0       0       0       3       0       0       0       0      92       1       0       0       2       0       0       0      92       1
  257.000    25583.136       6    2110     700       0       0       0       8       0       0       1       1      95       1       0       0       2       0       0       0      95       1
  258.000    28712.160       6    2368     700       0       0       0       6       0       0       0       0      98       1       0       0       2       0       0       0      98       1
  259.000    29585.376       7    2440     700       0       0       0       2       0       0       0       0     101       1       0       0       2       0       0       0     101       1
  260.000    30858.816       7    2545     700       0       0       0       5       0       0       0       0     102       1       0       0       2       0       0       0     102       1
  261.000    32010.976       7    2640     700       0       0       0       5       0       0       0       0     105       1       0       0       2       0       0       0     105       1
  262.000    18985.504       4    1566     700       0       0       0       8       0       0       1       1     110       1       0       0       2       0       0       0     110       1
  263.000     9040.544       2     746     700       0       0       0      35       0       0       1       1      93       1       0       0       2       0       0       0      93       1
  264.000    17457.376       4    1440     700       0       0       0       8       0       0       0       0      90       1       0       0       2       0       0       0      90       1
  265.000    23727.552       5    1957     700       0       0       0       3       0       0       0       0      92       1       0       0       2       0       0       0      92       1
  266.000    25061.632       6    2067     700       0       0       0       2       0       0       0       0      91       1       0       0       2       0       0       0      91       1
  267.000    26213.792       6    2162     700       0       0       0       7       0       0       0       0      91       1       0       0       2       0       0       0      91       1
  268.000    29949.216       7    2470     700       0       0       0       8       0       0       1       1      95       1       0       0       2       0       0       0      95       1
  269.000    31489.472       7    2597     700       0       0       0       8       0       0       0       0     102       1       0       0       2       0       0       0     102       1
  270.000    33830.176       8    2790     700       0       0       0       5       0       0       0       0     106       1       0       0       2       0       0       0     106       1
  271.000    34861.056       8    2875     700       0       0       0       5       0       0       0       0     108       1       0       0       2       0       0       0     108       1
  272.000    29124.512       6    2402     700       0       0       0      13       0       0       0       0     113       1       0       0       2       0       0       0     113       1
  273.000    21423.232       5    1767     700       0       0       0      41       0       0       1       1      91       1       0       0       2       0       0       0      91       1
  274.000    22563.264       5    1861     700       0       0       0       7       0       0       0       0      92       1       0       0       2       0       0       0      92       1
  275.000    24134.720       5    1990     700       0       0       0       5       0       0       0       0      97       1       0       0       2       0       0       0      97       1
