  TimeSec      LoaKbps LoaUsag Packets DlyUsec LoaDrps MetDrps TabDrps FloMods MetMods GroMods  PktsIn PktsOut FloEntr FloUsag MetEntr MetUsag GroEntr GroUsag BufPkts BufUsag  T0Entr  T0Usag
    1.000        0.000       0       0      34       0       0       0       4       0       0       0       0       3       0       0       0       0       0       0       0       3       0
    2.000     4109.632       0     340      39       0       0       0       0       0       0       0       0       4       0       0       0       0       0       0       0       4       0
    3.000    17062.336       0    1408      39       0       0       0       0       0       0       0       0       4       0       0       0       0       0       0       0       4       0
    4.000    29942.272       0    2470      39       0       0       0       0       0       0       0       0       4       0       0       0       0       0       0       0       4       0
    5.000    49310.688       0    4067      39       0       0       0       0       0       0       0       0       4       0       0       0       0       0       0       0       4       0
    6.000    61111.232       0    5040      40       0       0       0       0       0       0       0       0       4       0       0       0       0       0       0       0       4       0
    7.000    71262.368       0    5877      40       0       0       0       0       0       0       0       0       4       0       0       0       0       0       0       0       4       0
    8.000    79642.816       0    6568      40       0       0       0       0       0       0       0       0       4       0       0       0       0       0       0       0       4       0
    9.000    89042.016       0    7343      40       0       0       0       0       0       0       0       0       4       0       0       0       0       0       0       0       4       0
   10.000   104165.632       0    8590      40       0       0       0       0       0       0       0       0       4       0       0       0       0       0       0       0       4       0
   11.000   120392.896       0    9928      44       0       0       0       1       0       0       1       1       4       0       0       0       0       0       0       0       4       0
   12.000   132436.000       0   10921      58       0       0       0       1       0       0       1       1       5       0       0       0       0       0       0       0       5       0
   13.000   139870.464       0   11534      59       0       0       0       1       0       0       1       1       6       0       0       0       0       0       0       0       6       0
   14.000   148869.440       0   12276      59       0       0       0       0       0       0       0       0       7       0       0       0       0       0       0       0       7       0
   15.000   160694.240       0   13251      59       0       0       0       1       0       0       1       1       8       0       0       0       0       0       0       0       8       0
   16.000   169947.904       0   14014      77       0       0       0       2       0       0       2       2       9       0       0       0       0       0       0       0       9       0
   17.000   181154.176       0   14938      79       0       0       0       0       0       0       0       0      10       0       0       0       0       0       0       0      10       0
   18.000   196981.216       0   16243      79       0       0       0       0       0       0       0       0      10       0       0       0       0       0       0       0      10       0
   19.000   211304.384       0   17424      79       0       0       0       0       0       0       0       0      10       0       0       0       0       0       0       0      10       0
   20.000   234068.640       0   19301      80       0       0       0       3       0       0       3       3      12       0       0       0       0       0       0       0      12       0
   21.000   238992.608       0   19707      80       0       0       0       1       0       0       1       1      13       0       0       0       0       0       0       0      13       0
   22.000   240411.584       0   19824      84       0       0       0       3       0       0       3       3      15       0       0       0       0       0       0       0      15       0
   23.000   254395.168       0   20977      98       0       0       0       2       0       0       2       2      18       0       0       0       0       0       0       0      18       0
   24.000   267990.656       0   22098      99       0       0       0       2       0       0       2       2      20       0       0       0       0       0       0       0      20       0
   25.000   274648.928       0   22647      99       0       0       0       1       0       0       1       1      22       0       0       0       0       0       0       0      22       0
   26.000   277596.032       0   22890      99       0       0       0       4       0       0       4       4      24       0       0       0       0       0       0       0      24       0
   27.000   281816.576       0   23238     100       0       0       0       1       0       0       1       1      25       0       0       0       0       0       0       0      25       0
   28.000   286219.040       0   23601     100       0       0       0       4       0       0       4       4      27       0       0       0       0       0       0       0      27       0
   29.000   286134.144       0   23594     100       0       0       0       2       0       0       2       2      29       0       0       0       0       0       0       0      29       0
   30.000   292671.136       0   24133     104       0       0       0       6       0       0       6       6      32       0       0       0       0       0       0       0      32       0
   31.000   297558.720       0   24536     118       0       0       0       6       0       0       6       6      36       0       0       0       0       0       0       0      36       0
   32.000   304920.416       0   25143     119       0       0       0       2       0       0       2       2      40       0       0       0       0       0       0       0      40       0
   33.000   312197.216       0   25743     119       0       0       0       0       0       0       0       0      41       0       0       0       0       0       0       0      41       0
   34.000   317206.080       0   26156     119       0       0       0       2       0       0       2       2      41       0       0       0       0       0       0       0      41       0
   35.000   318164.192       0   26235     120       0       0       0       3       0       0       3       3      43       0       0       0       0       0       0       0      43       0
   36.000   328278.944       0   27069     120       0       0       0       3       0       0       3       3      44       0       0       0       0       0       0       0      44       0
   37.000   332487.360       0   27416     120       0       0       0       2       0       0       2       2      44       0       0       0       0       0       0       0      44       0
   38.000   338527.104       0   27914     120       0       0       0       3       0       0       3       3      45       0       0       0       0       0       0       0      45       0
   39.000   345609.856       0   28498     120       0       0       0       1       0       0       1       1      44       0       0       0       0       0       0       0      44       0
   40.000   358550.432       0   29565     120       0       0       0       3       0       0       3       2      45       0       0       0       0       0       0       0      45       0
   41.000   359702.592       0   29660     120       0       0       0       5       0       0       5       4      47       0       0       0       0       0       2       1      47       0
   42.000   369271.584       0   30449     120       0       0       0       9       0       0       9       6      53       0       0       0       0       0       4       2      53       0
   43.000   375396.224       0   30954     120       0       0       0       3       0       0       3       2      54       0       0       0       0       0       4       2      54       0
   44.000   376378.592       0   31035     120       0       0       0       6       0       0       6       2      57       0       0       0       0       0       4       2      57       0
   45.000   380477.856       0   31373     120       0       0       0       4       0       0       4       4      57       0       0       0       0       0       4       2      57       0
   46.000   380708.288       0   31392     120       0       0       0       5       0       0       5       3      57       0       0       0       0       0       3       1      57       0
   47.000   388931.072       0   32070     120       0       0       0       1       0       0       1       0      54       0       0       0       0       0       3       1      54       0
   48.000   388918.944       0   32069     120       0       0       0      11       0       0      11       6      59       0       0       0       0       0       3       1      59       0
   49.000   378986.112       0   31250     133       0       0       0       1       0       0       1       0      65       0       0       0       0       0       6       2      65       0
   50.000   382782.176       0   31563     134       0       0       0       6       0       0       6       5      65       0       0       0       0       0       5       2      65       0
   51.000   387718.272       0   31970     139       0       0       0       3       0       0       3       2      67       0       0       0       0       0       2       1      67       0
   52.000   392496.704       0   32364     139       0       0       0       3       0       0       3       2      67       0       0       0       0       0       3       1      67       0
   53.000   393758.016       0   32468     139       0       0       0       6       0       0       6       3      70       0       0       0       0       0       4       2      70       0
   54.000   397044.704       0   32739     139       0       0       0       3       0       0       3       3      71       0       0       0       0       0       3       1      71       0
   55.000   393636.736       0   32458     140       0       0       0       6       0       0       6       3      75       0       0       0       0       0       2       1      75       0
   56.000   398487.936       0   32858     140       0       0       0       7       0       0       7       4      77       0       0       0       0       0       4       2      77       0
   57.000   400598.208       0   33032     140       0       0       0       4       0       0       4       4      74       0       0       0       0       0       4       2      74       0
   58.000   410725.088       0   33867     140       0       0       0       6       0       0       6       4      74       0       0       0       0       0       3       1      74       0
   59.000   409342.496       0   33753     140       0       0       0       8       0       0       8       7      74       0       0       0       0       0       2       1      74       0
   60.000   406177.088       0   33492     140       0       0       0       4       0       0       4       3      78       0       0       0       0       0       3       1      78       0
   61.000   415746.080       0   34281     140       0       0       0       7       0       0       7       6      79       0       0       0       0       0       2       1      79       0
   62.000   421324.960       0   34741     140       0       0       0       5       0       0       5       3      82       0       0       0       0       0       3       1      82       0
   63.000   421773.696       0   34778     140       0       0       0       6       0       0       6       3      83       0       0       0       0       0       5       2      83       0
   64.000   428031.744       0   35294     140       0       0       0       3       0       0       3       3      80       0       0       0       0       0       4       2      80       0
   65.000   436654.752       0   36005     140       0       0       0       3       0       0       3       3      78       0       0       0       0       0       1       0      78       0
   66.000   438752.896       0   36178     140       0       0       0       9       0       0       9       6      82       0       0       0       0       0       2       1      82       0
   67.000   440353.792       0   36310     140       0       0       0       3       0       0       3       3      84       0       0       0       0       0       3       1      84       0
   68.000   447776.128       0   36922     140       0       0       0       2       0       0       2       2      82       0       0       0       0       0       1       0      82       0
   69.000   447994.432       0   36940     140       0       0       0       5       0       0       5       4      82       0       0       0       0       0       1       0      82       0
   70.000   449049.568       0   37027     140       0       0       0       4       0       0       4       3      81       0       0       0       0       0       2       1      81       0
   71.000   455477.408       0   37557     140       0       0       0       7       0       0       7       4      79       0       0       0       0       0       2       1      79       0
   72.000   453828.000       0   37421     140       0       0       0       4       0       0       4       3      80       0       0       0       0       0       4       2      80       0
   73.000   454689.088       0   37492     140       0       0       0       9       0       0       9       6      83       0       0       0       0       0       5       2      83       0
   74.000   454240.352       0   37455     140       0       0       0       7       0       0       7       6      86       0       0       0       0       0       5       2      86       0
   75.000   447679.104       0   36914     140       0       0       0       8       0       0       8       8      85       0       0       0       0       0       3       1      85       0
   76.000   442464.064       0   36484     140       0       0       0       6       0       0       6       4      85       0       0       0       0       0       2       1      85       0
   77.000   446987.808       0   36857     140       0       0       0       7       0       0       7       7      86       0       0       0       0       0       2       1      86       0
   78.000   454094.816       0   37443     140       0       0       0      11       0       0      11       9      88       0       0       0       0       0       1       0      88       0
   79.000   455877.632       0   37590     140       0       0       0       4       0       0       4       2      93       0       0       0       0       0       4       2      93       0
   80.000   462972.512       0   38175     140       0       0       0       5       0       0       5       4      96       0       0       0       0       0       4       2      96       0
   81.000   464318.720       0   38286     140       0       0       0       9       0       0       9       9      95       0       0       0       0       0       1       0      95       0
   82.000   468187.552       0   38605     140       0       0       0       9       0       0       9       6      97       0       0       0       0       0       1       0      97       0
   83.000   466586.656       0   38473     140       0       0       0      10       0       0      10       4     104       0       0       0       0       0       6       2     104       0
   84.000   462147.808       0   38107     140       0       0       0       6       0       0       6       6     108       0       0       0       0       0       8       3     108       0
   85.000   470795.072       0   38820     140       0       0       0       3       0       0       3       2     108       0       0       0       0       0       4       2     108       0
   86.000   465786.208       0   38407     140       0       0       0      16       0       0      16      12     116       0       0       0       0       0       4       2     116       0
   87.000   462487.392       0   38135     140       0       0       0       6       0       0       6       4     119       0       0       0       0       0       6       2     119       0
   88.000   455816.992       0   37585     140       0       0       0      11       0       0      11       6     120       0       0       0       0       0       6       2     120       0
   89.000   449607.456       0   37073     140       0       0       0       8       0       0       8       3     121       0       0       0       0       0       9       4     121       0
   90.000   447278.880       0   36881     140       0       0       0      11       0       0      11       6     125       0       0       0       0       0      10       4     125       0
   91.000   457381.504       0   37714     144       0       0       0       9       0       0       9       8     128       0       0       0       0       0       7       3     128       0
   92.000   460255.840       0   37951     145       0       0       0       8       0       0       8       6     128       0       0       0       0       0       4       2     128       0
   93.000   454143.328       0   37447     154       0       0       0       7       0       0       7       4     129       0       0       0       0       0       4       2     129       0
   94.000   446793.760       0   36841     143       0       0       0       7       0       0       7       4     127       0       0       0       0       0       6       2     127       0
   95.000   442633.856       0   36498     158       0       0       0       9       0       0       9       5     130       0       0       0       0       0       5       2     130       0
   96.000   442063.840       0   36451     159       0       0       0       8       0       0       8       3     133       0       0       0       0       0       9       4     133       0
   97.000   446223.744       0   36794     159       0       0       0       8       0       0       8       8     133       0       0       0       0       0       8       3     133       0
   98.000   449425.536       0   37058     155       0       0       0       6       0       0       6       2     130       0       0       0       0       0       3       1     130       0
   99.000   455659.328       0   37572     153       0       0       0       8       0       0       8       3     129       0       0       0       0       0       7       3     129       0
  100.000   457818.112       0   37750     159       0       0       0       7       0       0       7       4     132       0       0       0       0       0       9       4     132       0
  101.000   460668.192       0   37985     144       0       0       0       4       0       0       4       4     124       0       0       0       0       0       5       2     124       0
  102.000   455307.616       0   37543     140       0       0       0      10       0       0      10       9     124       0       0       0       0       0       2       1     124       0
  103.000   462766.336       0   38158     140       0       0       0       8       0       0       8       8     123       0       0       0       0       0       1       0     123       0
  104.000   469218.432       0   38690     140       0       0       0       6       0       0       6       5     120       0       0       0       0       0       0       0     120       0
  105.000   461492.896       0   38053     140       0       0       0      12       0       0      12       8     121       0       0       0       0       0       4       2     121       0
  106.000   457769.600       0   37746     140       0       0       0       4       0       0       4       2     118       0       0       0       0       0       7       3     118       0
  107.000   463033.152       0   38180     140       0       0       0       3       0       0       3       3     115       0       0       0       0       0       3       1     115       0
  108.000   466720.064       0   38484     140       0       0       0      13       0       0      13      12     114       0       0       0       0       0       1       0     114       0
  109.000   467314.336       0   38533     140       0       0       0       7       0       0       7       5     118       0       0       0       0       0       2       1     118       0
  110.000   459261.344       0   37869     140       0       0       0      15       0       0      15       7     122       0       0       0       0       0       8       3     122       0
  111.000   445217.120       0   36711     147       0       0       0      16       0       0      16      14     127       0       0       0       0       0       9       4     127       0
  112.000   441615.104       0   36414     158       0       0       0      13       0       0      13       9     132       0       0       0       0       0       5       2     132       0
  113.000   446357.152       0   36805     159       0       0       0       6       0       0       6       4     135       0       0       0       0       0       6       2     135       0
  114.000   450529.184       0   37149     159       0       0       0      10       0       0      10       7     136       0       0       0       0       0       7       3     136       0
  115.000   447230.368       0   36877     159       0       0       0      10       0       0      10       7     141       0       0       0       0       0       7       3     141       0
  116.000   451948.160       0   37266     160       0       0       0       7       0       0       7       4     144       0       0       0       0       0       6       2     144       0
  117.000   448600.832       0   36990     160       0       0       0      18       0       0      18      13     149       0       0       0       0       0       8       3     149       0
  118.000   440086.976       0   36288     160       0       0       0      18       0       0      18      12     158       0       0       0       0       0      11       4     158       0
  119.000   431051.616       0   35543     160       0       0       0      12       0       0      12       8     166       0       0       0       0       0       9       4     166       0
  120.000   433889.568       0   35777     160       0       0       0      14       0       0      14      11     167       0       0       0       0       0       6       2     167       0
  121.000   430445.216       0   35493     160       0       0       0      10       0       0      10       5     173       0       0       0       0       0       7       3     173       0
  122.000   432579.744       0   35669     160       0       0       0      16       0       0      16      10     182       0       0       0       0       0      10       4     182       0
  123.000   428371.328       0   35322     160       0       0       0      10       0       0      10       9     188       0       0       0       0       0       9       4     188       0
  124.000   426758.304       0   35189     160       0       0       0      11       0       0      11       6     186       0       0       0       0       0       7       3     186       0
  125.000   423301.824       0   34904     160       0       0       0      14       0       0      14      14     186       0       0       0       0       0       6       2     186       0
  126.000   419335.968       0   34577     160       0       0       0      10       0       0      10       7     186       0       0       0       0       0       6       2     186       0
  127.000   430990.976       0   35538     160       0       0       0       8       0       0       8       7     181       0       0       0       0       0       4       2     181       0
  128.000   428347.072       0   35320     160       0       0       0      10       0       0      10       6     182       0       0       0       0       0       4       2     182       0
  129.000   432397.824       0   35654     160       0       0       0      11       0       0      11       6     183       0       0       0       0       0       7       3     183       0
  130.000   431815.680       0   35606     160       0       0       0      14       0       0      14       9     184       0       0       0       0       0       9       4     184       0
  131.000   424914.848       0   35037     160       0       0       0      15       0       0      15       7     191       0       0       0       0       0      13       5     191       0
  132.000   421519.008       0   34757     160       0       0       0      12       0       0      12      10     189       0       0       0       0       0      12       5     189       0
  133.000   412459.392       0   34010     160       0       0       0      15       0       0      15      12     188       0       0       0       0       0       7       3     188       0
  134.000   410021.664       0   33809     160       0       0       0      11       0       0      11       6     187       0       0       0       0       0       7       3     187       0
  135.000   412944.512       0   34050     160       0       0       0       7       0       0       7       2     184       0       0       0       0       0       9       4     184       0
  136.000   419263.200       0   34571     160       0       0       0      10       0       0      10      10     178       0       0       0       0       0       6       2     178       0
  137.000   424623.776       0   35013     160       0       0       0       8       0       0       8       5     174       0       0       0       0       0       2       1     174       0
  138.000   422380.096       0   34828     160       0       0       0      11       0       0      11      10     172       0       0       0       0       0       4       2     172       0
  139.000   420912.608       0   34707     160       0       0       0      11       0       0      11      10     173       0       0       0       0       0       4       2     173       0
  140.000   421506.880       0   34756     160       0       0       0       6       0       0       6       6     168       0       0       0       0       0       1       0     168       0
  141.000   417492.512       0   34425     160       0       0       0       6       0       0       6       5     160       0       0       0       0       0       1       0     160       0
  142.000   420197.056       0   34648     160       0       0       0       6       0       0       6       4     158       0       0       0       0       0       2       1     158       0
  143.000   421858.592       0   34785     160       0       0       0      10       0       0      10       5     156       0       0       0       0       0       5       2     156       0
  144.000   419323.840       0   34576     160       0       0       0       7       0       0       7       7     154       0       0       0       0       0       6       2     154       0
  145.000   414533.280       0   34181     160       0       0       0      14       0       0      14      11     154       0       0       0       0       0       4       2     154       0
  146.000   413223.456       0   34073     160       0       0       0       5       0       0       5       4     147       0       0       0       0       0       4       2     147       0
  147.000   415770.336       0   34283     160       0       0       0       9       0       0       9       7     142       0       0       0       0       0       4       2     142       0
  148.000   418244.448       0   34487     160       0       0       0      12       0       0      12      12     137       0       0       0       0       0       2       1     137       0
  149.000   422343.712       0   34825     160       0       0       0       9       0       0       9       9     134       0       0       0       0       0       1       0     134       0
  150.000   425351.456       0   35073     160       0       0       0      10       0       0      10      10     134       0       0       0       0       0       0       0     134       0
  151.000   426964.480       0   35206     160       0       0       0       9       0       0       9       9     136       0       0       0       0       0       0       0     136       0
  152.000   430178.400       0   35471     160       0       0       0      10       0       0      10      10     138       0       0       0       0       0       0       0     138       0
  153.000   429014.112       0   35375     160       0       0       0      12       0       0      12      10     136       0       0       0       0       0       0       0     136       0
  154.000   422865.216       0   34868     160       0       0       0       6       0       0       6       6     135       0       0       0       0       0       2       1     135       0
  155.000   418450.624       0   34504     160       0       0       0      12       0       0      12       9     138       0       0       0       0       0       4       2     138       0
  156.000   415200.320       0   34236     160       0       0       0      13       0       0      13       4     143       0       0       0       0       0       8       3     143       0
  157.000   409851.872       0   33795     160       0       0       0       6       0       0       6       3     148       0       0       0       0       0      11       4     148       0
  158.000   410482.528       0   33847     160       0       0       0       5       0       0       5       4     146       0       0       0       0       0       8       3     146       0
  159.000   408153.952       0   33655     160       0       0       0       9       0       0       9       7     145       0       0       0       0       0       4       2     145       0
  160.000   409281.856       0   33748     160       0       0       0       9       0       0       9       8     142       0       0       0       0       0       3       1     142       0
  161.000   412665.568       0   34027     160       0       0       0      13       0       0      13       9     147       0       0       0       0       0       4       2     147       0
  162.000   416546.528       0   34347     160       0       0       0       9       0       0       9       7     149       0       0       0       0       0       6       2     149       0
  163.000   415758.208       0   34282     160       0       0       0      11       0       0      11      11     149       0       0       0       0       0       3       1     149       0
  164.000   416692.064       0   34359     160       0       0       0      12       0       0      12      12     149       0       0       0       0       0       1       0     149       0
  165.000   413635.808       0   34107     160       0       0       0      12       0       0      12       8     151       0       0       0       0       0       2       1     151       0
  166.000   406977.536       0   33558     160       0       0       0      14       0       0      14      11     155       0       0       0       0       0       4       2     155       0
  167.000   403666.592       0   33285     160       0       0       0       4       0       0       4       4     154       0       0       0       0       0       5       2     154       0
  168.000   406346.880       0   33506     160       0       0       0      10       0       0      10       6     152       0       0       0       0       0       5       2     152       0
  169.000   412774.720       0   34036     160       0       0       0       7       0       0       7       4     151       0       0       0       0       0       5       2     151       0
  170.000   416873.984       0   34374     160       0       0       0      11       0       0      11       9     151       0       0       0       0       0       5       2     151       0
  171.000   418208.064       0   34484     160       0       0       0       7       0       0       7       7     146       0       0       0       0       0       4       2     146       0
  172.000   419881.728       0   34622     160       0       0       0       6       0       0       6       5     143       0       0       0       0       0       2       1     143       0
  173.000   420621.536       0   34683     160       0       0       0      13       0       0      13       6     149       0       0       0       0       0       6       2     149       0
  174.000   424223.552       0   34980     160       0       0       0      11       0       0      11       4     152       0       0       0       0       0      12       5     152       0
  175.000   424745.056       0   35023     160       0       0       0       9       0       0       9       5     153       0       0       0       0       0      11       4     153       0
  176.000   431451.840       0   35576     160       0       0       0      12       0       0      12       6     151       0       0       0       0       0      11       4     151       0
  177.000   427558.752       0   35255     160       0       0       0       8       0       0       8       7     150       0       0       0       0       0       9       4     150       0
  178.000   425036.128       0   35047     160       0       0       0      11       0       0      11       5     149       0       0       0       0       0       6       2     149       0
  179.000   423083.520       0   34886     160       0       0       0       9       0       0       9       7     149       0       0       0       0       0       8       3     149       0
  180.000   431500.352       0   35580     160       0       0       0      11       0       0      11       9     147       0       0       0       0       0       6       2     147       0
  181.000   423216.928       0   34897     160       0       0       0      18       0       0      18      11     149       0       0       0       0       0       7       3     149       0
  182.000   408469.280       0   33681     160       0       0       0      11       0       0      11       8     154       0       0       0       0       0       8       3     154       0
  183.000   408772.480       0   33706     160       0       0       0      12       0       0      12       6     159       0       0       0       0       0      10       4     159       0
  184.000   408311.616       0   33668     160       0       0       0      13       0       0      13      10     164       0       0       0       0       0      11       4     164       0
  185.000   401204.608       0   33082     160       0       0       0       9       0       0       9       7     165       0       0       0       0       0       6       2     165       0
  186.000   408529.920       0   33686     160       0       0       0       9       0       0       9       7     166       0       0       0       0       0       4       2     166       0
  187.000   415042.656       0   34223     160       0       0       0       8       0       0       8       6     168       0       0       0       0       0       4       2     168       0
  188.000   415370.112       0   34250     160       0       0       0      13       0       0      13      11     167       0       0       0       0       0       4       2     167       0
  189.000   413672.192       0   34110     160       0       0       0      12       0       0      12      10     168       0       0       0       0       0       3       1     168       0
  190.000   413150.688       0   34067     160       0       0       0      12       0       0      12       4     171       0       0       0       0       0       8       3     171       0
  191.000   408469.280       0   33681     160       0       0       0      14       0       0      14       7     174       0       0       0       0       0      14       5     174       0
  192.000   399336.896       0   32928     160       0       0       0      15       0       0      15      12     179       0       0       0       0       0      11       4     179       0
  193.000   394922.304       0   32564     160       0       0       0      10       0       0      10       8     181       0       0       0       0       0       6       2     181       0
  194.000   395225.504       0   32589     160       0       0       0      11       0       0      11       9     182       0       0       0       0       0       4       2     182       0
  195.000   398754.752       0   32880     160       0       0       0       7       0       0       7       5     181       0       0       0       0       0       5       2     181       0
  196.000   398645.600       0   32871     160       0       0       0      11       0       0      11      11     175       0       0       0       0       0       4       2     175       0
  197.000   402963.168       0   33227     160       0       0       0      14       0       0      14      14     174       0       0       0       0       0       0       0     174       0
  198.000   399858.400       0   32971     160       0       0       0       9       0       0       9       8     171       0       0       0       0       0       0       0     171       0
  199.000   402138.464       0   33159     160       0       0       0      13       0       0      13       6     169       0       0       0       0       0       4       2     169       0
  200.000   402987.424       0   33229     160       0       0       0      13       0       0      13       6     170       0       0       0       0       0       9       4     170       0
  201.000   400319.264       0   33009     160       0       0       0      18       0       0      18      12     180       0       0       0       0       0      14       5     180       0
  202.000   397384.288       0   32767     160       0       0       0       6       0       0       6       3     181       0       0       0       0       0      13       5     181       0
  203.000   397687.488       0   32792     160       0       0       0      10       0       0      10       7     181       0       0       0       0       0       8       3     181       0
  204.000   397323.648       0   32762     160       0       0       0      10       0       0      10      10     178       0       0       0       0       0       5       2     178       0
  205.000   391101.984       0   32249     160       0       0       0      13       0       0      13      13     177       0       0       0       0       0       2       1     177       0
  206.000   385329.056       0   31773     160       0       0       0      16       0       0      16      14     177       0       0       0       0       0       1       0     177       0
  207.000   383036.864       0   31584     160       0       0       0       6       0       0       6       5     175       0       0       0       0       0       3       1     175       0
  208.000   384516.480       0   31706     160       0       0       0       9       0       0       9       7     170       0       0       0       0       0       2       1     170       0
  209.000   386735.904       0   31889     160       0       0       0       7       0       0       7       4     168       0       0       0       0       0       4       2     168       0
  210.000   383291.552       0   31605     160       0       0       0       8       0       0       8       6     167       0       0       0       0       0       6       2     167       0
  211.000   393103.104       0   32414     160       0       0       0       8       0       0       8       6     165       0       0       0       0       0       4       2     165       0
  212.000   406989.664       0   33559     160       0       0       0      14       0       0      14      11     162       0       0       0       0       0       4       2     162       0
  213.000   408250.976       0   33663     160       0       0       0       9       0       0       9       7     163       0       0       0       0       0       5       2     163       0
  214.000   404042.560       0   33316     160       0       0       0      10       0       0      10      10     163       0       0       0       0       0       3       1     163       0
  215.000   400161.600       0   32996     160       0       0       0       9       0       0       9       4     161       0       0       0       0       0       4       2     161       0
  216.000   400513.312       0   33025     160       0       0       0      11       0       0      11      11     153       0       0       0       0       0       5       2     153       0
  217.000   405000.672       0   33395     160       0       0       0       9       0       0       9       7     152       0       0       0       0       0       3       1     152       0
  218.000   405243.232       0   33415     160       0       0       0      11       0       0      11       8     153       0       0       0       0       0       4       2     153       0
  219.000   406067.936       0   33483     160       0       0       0      10       0       0      10       5     153       0       0       0       0       0       6       2     153       0
  220.000   401143.968       0   33077     160       0       0       0       9       0       0       9       9     152       0       0       0       0       0       6       2     152       0
  221.000   410737.216       0   33868     160       0       0       0      11       0       0      11      11     148       0       0       0       0       0       3       1     148       0
  222.000   416704.192       0   34360     160       0       0       0      11       0       0      11       8     148       0       0       0       0       0       2       1     148       0
  223.000   416122.048       0   34312     160       0       0       0      12       0       0      12      12     151       0       0       0       0       0       3       1     151       0
  224.000   414715.200       0   34196     160       0       0       0      10       0       0      10       9     154       0       0       0       0       0       2       1     154       0
  225.000   417055.904       0   34389     160       0       0       0       7       0       0       7       4     153       0       0       0       0       0       3       1     153       0
  226.000   409354.624       0   33754     160       0       0       0       8       0       0       8       3     156       0       0       0       0       0       7       3     156       0
  227.000   412289.600       0   33996     160       0       0       0       8       0       0       8       6     154       0       0       0       0       0       7       3     154       0
  228.000   416740.576       0   34363     160       0       0       0       3       0       0       3       3     147       0       0       0       0       0       3       1     147       0
  229.000   414982.016       0   34218     160       0       0       0       6       0       0       6       6     141       0       0       0       0       0       1       0     141       0
  230.000   411246.592       0   33910     160       0       0       0      14       0       0      14      13     142       0       0       0       0       0       1       0     142       0
  231.000   417832.096       0   34453     160       0       0       0       5       0       0       5       4     142       0       0       0       0       0       2       1     142       0
  232.000   419602.784       0   34599     160       0       0       0      10       0       0      10       8     139       0       0       0       0       0       3       1     139       0
  233.000   416316.096       0   34328     160       0       0       0       7       0       0       7       2     138       0       0       0       0       0       6       2     138       0
  234.000   418123.168       0   34477     160       0       0       0      11       0       0      11      10     136       0       0       0       0       0       6       2     136       0
  235.000   420645.792       0   34685     160       0       0       0       4       0       0       4       3     134       0       0       0       0       0       3       1     134       0
  236.000   426831.072       0   35195     153       0       0       0      11       0       0      11       7     130       0       0       0       0       0       3       1     130       0
  237.000   427304.064       0   35234     159       0       0       0      11       0       0      11       8     132       0       0       0       0       0       6       2     132       0
  238.000   425121.024       0   35054     159       0       0       0      11       0       0      11       5     132       0       0       0       0       0       9       4     132       0
  239.000   426964.480       0   35206     148       0       0       0       8       0       0       8       8     128       0       0       0       0       0       7       3     128       0
  240.000   414739.456       0   34198     158       0       0       0      11       0       0      11       6     132       0       0       0       0       0       5       2     132       0
  241.000   412459.392       0   34010     159       0       0       0      16       0       0      16       7     135       0       0       0       0       0       9       4     135       0
  242.000   408105.440       0   33651     159       0       0       0      12       0       0      12       7     142       0       0       0       0       0      14       5     142       0
  243.000   410797.856       0   33873     159       0       0       0       6       0       0       6       4     145       0       0       0       0       0      10       4     145       0
  244.000   409973.152       0   33805     160       0       0       0      12       0       0      12       5     150       0       0       0       0       0       8       3     150       0
  245.000   407414.144       0   33594     160       0       0       0      10       0       0      10       8     149       0       0       0       0       0       9       4     149       0
  246.000   406904.768       0   33552     160       0       0       0       4       0       0       4       3     148       0       0       0       0       0       6       2     148       0
  247.000   409354.624       0   33754     160       0       0       0       8       0       0       8       4     146       0       0       0       0       0       4       2     146       0
  248.000   407123.072       0   33570     160       0       0       0      17       0       0      17      13     151       0       0       0       0       0       6       2     151       0
  249.000   392448.192       0   32360     160       0       0       0      12       0       0      12       8     157       0       0       0       0       0       9       4     157       0
  250.000   389622.368       0   32127     160       0       0       0      12       0       0      12       6     160       0       0       0       0       0       9       4     160       0
  251.000   392520.960       0   32366     160       0       0       0      13       0       0      13       9     165       0       0       0       0       0       8       3     165       0
  252.000   390083.232       0   32165     160       0       0       0       8       0       0       8       6     164       0       0       0       0       0       8       3     164       0
  253.000   386711.648       0   31887     160       0       0       0       9       0       0       9       7     163       0       0       0       0       0       5       2     163       0
  254.000   382151.520       0   31511     160       0       0       0      14       0       0      14       9     165       0       0       0       0       0       6       2     165       0
  255.000   378173.536       0   31183     160       0       0       0      13       0       0      13       8     169       0       0       0       0       0      10       4     169       0
  256.000   377797.568       0   31152     160       0       0       0      12       0       0      12      10     168       0       0       0       0       0       9       4     168       0
  257.000   384201.152       0   31680     160       0       0       0       8       0       0       8       8     164       0       0       0       0       0       3       1     164       0
  258.000   390083.232       0   32165     160       0       0       0       9       0       0       9       7     164       0       0       0       0       0       1       0     164       0
  259.000   391332.416       0   32268     160       0       0       0      10       0       0      10       8     163       0       0       0       0       0       3       1     163       0
  260.000   388009.344       0   31994     160       0       0       0      10       0       0      10       6     164       0       0       0       0       0       5       2     164       0
  261.000   384807.552       0   31730     160       0       0       0       9       0       0       9       6     165       0       0       0       0       0       7       3     165       0
  262.000   384892.448       0   31737     160       0       0       0      11       0       0      11       6     170       0       0       0       0       0       8       3     170       0
  263.000   386044.608       0   31832     160       0       0       0       7       0       0       7       6     165       0       0       0       0       0       6       2     165       0
  264.000   387560.608       0   31957     160       0       0       0       2       0       0       2       2     154       0       0       0       0       0       3       1     154       0
  265.000   395649.984       0   32624     160       0       0       0       8       0       0       8       6     150       0       0       0       0       0       1       0     150       0
  266.000   397675.360       0   32791     160       0       0       0       8       0       0       8       3     146       0       0       0       0       0       6       2     146       0
  267.000   395164.864       0   32584     160       0       0       0       9       0       0       9       8     141       0       0       0       0       0       6       2     141       0
  268.000   383885.824       0   31654     160       0       0       0      12       0       0      12      11     145       0       0       0       0       0       3       1     145       0
  269.000   385037.984       0   31749     160       0       0       0      10       0       0      10       8     145       0       0       0       0       0       3       1     145       0
  270.000   385050.112       0   31750     160       0       0       0       9       0       0       9       7     139       0       0       0       0       0       4       2     139       0
  271.000   386517.600       0   31871     160       0       0       0      11       0       0      11      11     138       0       0       0       0       0       3       1     138       0
  272.000   381072.128       0   31422     160       0       0       0       8       0       0       8       8     138       0       0       0       0       0       0       0     138       0
  273.000   397978.560       0   32816     160       0       0       0      11       0       0      11       4     138       0       0       0       0       0       4       2     138       0
  274.000   399106.464       0   32909     160       0       0       0       9       0       0       9       8     139       0       0       0       0       0       7       3     139       0
  275.000   402152.352       0   33159     160       0       0       0      12       0       0      12       8     141       0       0       0       0       0       6       2     141       0
