  TimeSec      LoaKbps LoaUsag Packets DlyUsec LoaDrps MetDrps TabDrps FloMods MetMods GroMods  PktsIn PktsOut FloEntr FloUsag MetEntr MetUsag GroEntr GroUsag BufPkts BufUsag  T0Entr  T0Usag
    1.000        0.000       0       0      34       0       0       0       4       0       0       0       0       3       0       0       0       0       0       0       0       3       0
    2.000     4109.632       0     340      39       0       0       0       0       0       0       0       0       4       0       0       0       0       0       0       0       4       0
    3.000    17062.336       0    1408      39       0       0       0       0       0       0       0       0       4       0       0       0       0       0       0       0       4       0
    4.000    29942.272       0    2470      39       0       0       0       0       0       0       0       0       4       0       0       0       0       0       0       0       4       0
    5.000    49298.560       0    4066      39       0       0       0       0       0       0       0       0       4       0       0       0       0       0       0       0       4       0
    6.000    61086.976       0    5038      40       0       0       0       0       0       0       0       0       4       0       0       0       0       0       0       0       4       0
    7.000    71286.624       0    5879      40       0       0       0       0       0       0       0       0       4       0       0       0       0       0       0       0       4       0
    8.000    79642.816       0    6568      40       0       0       0       0       0       0       0       0       4       0       0       0       0       0       0       0       4       0
    9.000    89029.888       0    7342      40       0       0       0       0       0       0       0       0       4       0       0       0       0       0       0       0       4       0
   10.000   104092.864       0    8584      40       0       0       0       0       0       0       0       0       4       0       0       0       0       0       0       0       4       0
   11.000   120465.664       0    9934      44       0       0       0       1       0       0       1       1       4       0       0       0       0       0       0       0       4       0
   12.000   132448.128       0   10922      58       0       0       0      94       0       0       1       1       5       0       0       0       0       0       0       0       5       0
   13.000   139882.592       0   11535      59       0       0       0       1       0       0       1       1       6       0       0       0       0       0       0       0       6       0
   14.000   148930.080       0   12281      59       0       0       0       0       0       0       0       0       7       0       0       0       0       0       0       0       7       0
   15.000   160657.856       0   13248      59       0       0       0       1       0       0       1       1       8       0       0       0       0       0       0       0       8       0
   16.000   169947.904       0   14014      77       0       0       0       2       0       0       2       2       9       0       0       0       0       0       0       0       9       0
   17.000   181154.176       0   14938      79       0       0       0       0       0       0       0       0      10       0       0       0       0       0       0       0      10       0
   18.000   196956.960       0   16241      79       0       0       0       0       0       0       0       0      10       0       0       0       0       0       0       0      10       0
   19.000   211316.512       0   17425      79       0       0       0       0       0       0       0       0      10       0       0       0       0       0       0       0      10       0
   20.000   234056.512       0   19300      80       0       0       0       3       0       0       3       3      12       0       0       0       0       0       0       0      12       0
   21.000   238931.968       0   19702      80       0       0       0       1       0       0       1       1      13       0       0       0       0       0       0       0      13       0
   22.000   240520.736       0   19833      84       0       0       0     107       0       0       3       3      15       0       0       0       0       0       0       0      15       0
   23.000   254370.912       0   20975      98       0       0       0       2       0       0       2       2      18       0       0       0       0       0       0       0      18       0
   24.000   268014.912       0   22100      99       0       0       0       2       0       0       2       2      20       0       0       0       0       0       0       0      20       0
   25.000   274697.440       0   22651      99       0       0       0       1       0       0       1       1      22       0       0       0       0       0       0       0      22       0
   26.000   277559.648       0   22887      99       0       0       0       4       0       0       4       4      24       0       0       0       0       0       0       0      24       0
   27.000   281828.704       0   23239     100       0       0       0       1       0       0       1       1      25       0       0       0       0       0       0       0      25       0
   28.000   286231.168       0   23602     100       0       0       0       5       0       0       4       4      28       0       0       0       0       0       0       0      28       0
   29.000   286085.632       0   23590     100       0       0       0       2       0       0       2       2      30       0       0       0       0       0       0       0      30       0
   30.000   292683.264       0   24134     113       0       0       0       6       0       0       6       6      33       0       0       0       0       0       0       0      33       0
   31.000   297570.848       0   24537     119       0       0       0       6       0       0       6       6      37       0       0       0       0       0       0       0      37       0
   32.000   304847.648       0   25137     119       0       0       0       6       0       0       2       2      41       0       0       0       0       0       0       0      41       0
   33.000   312257.856       0   25748     119       0       0       0       0       0       0       0       0      42       0       0       0       0       0       0       0      42       0
   34.000   317133.312       0   26150     119       0       0       0       3       0       0       2       2      43       0       0       0       0       0       0       0      43       0
   35.000   318200.576       0   26238     120       0       0       0       4       0       0       3       3      46       0       0       0       0       0       0       0      46       0
   36.000   328230.432       0   27065     120       0       0       0       3       0       0       3       3      47       0       0       0       0       0       0       0      47       0
   37.000   332499.488       0   27417     120       0       0       0       2       0       0       2       2      47       0       0       0       0       0       0       0      47       0
   38.000   338527.104       0   27914     120       0       0       0       3       0       0       3       3      48       0       0       0       0       0       0       0      48       0
   39.000   345706.880       0   28506     120       0       0       0       1       0       0       1       1      47       0       0       0       0       0       0       0      47       0
   40.000   359836.000       0   29671     120       0       0       0       3       0       0       3       3      48       0       0       0       0       0       0       0      48       0
   41.000   362928.640       0   29926     120       0       0       0       5       0       0       5       5      50       0       0       0       0       0       0       0      50       0
   42.000   375626.656       0   30973     120       0       0       0      29       0       0       9       9      56       0       0       0       0       0       0       0      56       0
   43.000   384298.176       0   31688     120       0       0       0       3       0       0       3       3      57       0       0       0       0       0       0       0      57       0
   44.000   392011.584       0   32324     120       0       0       0       6       0       0       6       6      59       0       0       0       0       0       0       0      59       0
   45.000   400598.208       0   33032     120       0       0       0       4       0       0       4       4      59       0       0       0       0       0       0       0      59       0
   46.000   403108.704       0   33239     120       0       0       0       5       0       0       5       5      59       0       0       0       0       0       0       0      59       0
   47.000   411489.152       0   33930     120       0       0       0       1       0       0       1       1      56       0       0       0       0       0       0       0      56       0
   48.000   413999.648       0   34137     124       0       0       0      11       0       0      11      11      61       0       0       0       0       0       0       0      61       0
   49.000   405485.792       0   33435     138       0       0       0       1       0       0       1       1      67       0       0       0       0       0       0       0      67       0
   50.000   410276.352       0   33830     135       0       0       0       6       0       0       6       6      65       0       0       0       0       0       0       0      65       0
   51.000   414897.120       0   34211     139       0       0       0       3       0       0       3       3      67       0       0       0       0       0       0       0      67       0
   52.000   422853.088       0   34867     139       0       0       0      31       0       0       3       3      67       0       0       0       0       0       0       0      67       0
   53.000   432046.112       0   35625     139       0       0       0       7       0       0       6       6      71       0       0       0       0       0       0       0      71       0
   54.000   437855.424       0   36104     139       0       0       0       4       0       0       3       3      72       0       0       0       0       0       0       0      72       0
   55.000   436557.728       0   35997     140       0       0       0       7       0       0       6       6      78       0       0       0       0       0       0       0      78       0
   56.000   445132.224       0   36704     140       0       0       0       7       0       0       7       7      80       0       0       0       0       0       0       0      80       0
   57.000   447982.304       0   36939     140       0       0       0       4       0       0       4       4      77       0       0       0       0       0       0       0      77       0
   58.000   467350.720       0   38536     140       0       0       0       6       0       0       6       6      77       0       0       0       0       0       0       0      77       0
   59.000   468466.496       0   38628     140       0       0       0       8       0       0       8       8      77       0       0       0       0       0       0       0      77       0
   60.000   466356.224       0   38454     140       0       0       0       4       0       0       4       4      81       0       0       0       0       0       0       0      81       0
   61.000   479975.968       0   39577     140       0       0       0       8       0       0       7       7      82       0       0       0       0       0       0       0      82       0
   62.000   490114.976       0   40413     140       0       0       0      29       0       0       5       5      86       0       0       0       0       0       0       0      86       0
   63.000   489860.288       0   40392     140       0       0       0       6       0       0       6       6      87       0       0       0       0       0       0       0      87       0
   64.000   498798.624       0   41129     140       0       0       0       3       0       0       3       3      84       0       0       0       0       0       0       0      84       0
   65.000   510938.752       1   42130     140       0       0       0       3       0       0       3       3      82       0       0       0       0       0       0       0      82       0
   66.000   516784.448       1   42612     140       0       0       0       9       0       0       9       9      86       0       0       0       0       0       0       0      86       0
   67.000   523006.112       1   43125     140       0       0       0       3       0       0       3       3      88       0       0       0       0       0       0       0      88       0
   68.000   535643.488       1   44167     140       0       0       0       2       0       0       2       2      85       0       0       0       0       0       0       0      85       0
   69.000   537656.736       1   44333     140       0       0       0       5       0       0       5       5      85       0       0       0       0       0       0       0      85       0
   70.000   540785.760       1   44591     140       0       0       0       4       0       0       4       4      82       0       0       0       0       0       0       0      82       0
   71.000   551907.136       1   45508     140       0       0       0       7       0       0       7       7      80       0       0       0       0       0       0       0      80       0
   72.000   548608.320       1   45236     140       0       0       0      30       0       0       4       4      81       0       0       0       0       0       0       0      81       0
   73.000   552040.544       1   45519     140       0       0       0       9       0       0       9       9      84       0       0       0       0       0       0       0      84       0
   74.000   550403.264       1   45384     140       0       0       0       8       0       0       7       7      88       0       0       0       0       0       0       0      88       0
   75.000   547771.488       1   45167     140       0       0       0       8       0       0       8       8      87       0       0       0       0       0       0       0      87       0
   76.000   542398.784       1   44724     140       0       0       0       6       0       0       6       6      87       0       0       0       0       0       0       0      87       0
   77.000   546886.144       1   45094     140       0       0       0       7       0       0       7       7      87       0       0       0       0       0       0       0      87       0
   78.000   554866.368       1   45752     140       0       0       0      11       0       0      11      11      89       0       0       0       0       0       0       0      89       0
   79.000   561027.392       1   46260     140       0       0       0       4       0       0       4       4      94       0       0       0       0       0       0       0      94       0
   80.000   568546.752       1   46880     140       0       0       0       5       0       0       5       5      97       0       0       0       0       0       0       0      97       0
   81.000   568110.144       1   46844     140       0       0       0       9       0       0       9       9      96       0       0       0       0       0       0       0      96       0
   82.000   572730.912       1   47225     140       0       0       0      35       0       0       9       9      98       0       0       0       0       0       0       0      98       0
   83.000   571554.496       1   47128     140       0       0       0      10       0       0      10      10     105       0       0       0       0       0       0       0     105       0
   84.000   572791.552       1   47230     140       0       0       0       6       0       0       6       6     109       0       0       0       0       0       0       0     109       0
   85.000   585986.816       1   48318     140       0       0       0       3       0       0       3       3     109       0       0       0       0       0       0       0     109       0
   86.000   583294.400       1   48096     140       0       0       0      17       0       0      16      16     118       0       0       0       0       0       0       0     118       0
   87.000   582190.752       1   48005     140       0       0       0       7       0       0       6       6     122       0       0       0       0       0       0       0     122       0
   88.000   575617.376       1   47463     140       0       0       0      12       0       0      11      11     124       0       0       0       0       0       0       0     124       0
   89.000   569371.456       1   46948     140       0       0       0       8       0       0       8       8     124       0       0       0       0       0       0       0     124       0
   90.000   568279.936       1   46858     151       0       0       0      11       0       0      11      11     128       0       0       0       0       0       0       0     128       0
   91.000   577994.464       1   47659     159       0       0       0       9       0       0       9       9     131       0       0       0       0       0       0       0     131       0
   92.000   585307.648       1   48262     159       0       0       0      27       0       0       8       8     131       0       0       0       0       0       0       0     131       0
   93.000   586702.368       1   48377     159       0       0       0       7       0       0       7       7     133       0       0       0       0       0       0       0     133       0
   94.000   584264.640       1   48176     159       0       0       0       7       0       0       7       7     131       0       0       0       0       0       0       0     131       0
   95.000   582869.920       1   48061     160       0       0       0       9       0       0       9       9     134       0       0       0       0       0       0       0     134       0
   96.000   582748.640       1   48051     160       0       0       0       8       0       0       8       8     137       0       0       0       0       0       0       0     137       0
   97.000   587806.016       1   48468     160       0       0       0       8       0       0       8       8     137       0       0       0       0       0       0       0     137       0
   98.000   591505.056       1   48773     160       0       0       0       6       0       0       6       6     134       0       0       0       0       0       0       0     134       0
   99.000   595664.960       1   49116     160       0       0       0       8       0       0       8       8     133       0       0       0       0       0       0       0     133       0
  100.000   602408.128       1   49672     160       0       0       0       8       0       0       7       7     137       0       0       0       0       0       0       0     137       0
  101.000   610800.704       1   50364     146       0       0       0       5       0       0       4       4     129       0       0       0       0       0       0       0     129       0
  102.000   606095.040       1   49976     148       0       0       0      41       0       0      10      10     128       0       0       0       0       0       0       0     128       0
  103.000   615372.960       1   50741     146       0       0       0       8       0       0       8       8     127       0       0       0       0       0       0       0     127       0
  104.000   622880.192       1   51360     140       0       0       0       6       0       0       6       6     123       0       0       0       0       0       0       0     123       0
  105.000   615761.056       1   50773     140       0       0       0      13       0       0      12      12     124       0       0       0       0       0       0       0     124       0
  106.000   610315.584       1   50324     140       0       0       0       4       0       0       4       4     122       0       0       0       0       0       0       0     122       0
  107.000   614366.336       1   50658     140       0       0       0       3       0       0       3       3     119       0       0       0       0       0       0       0     119       0
  108.000   621388.448       1   51237     140       0       0       0      13       0       0      13      13     117       0       0       0       0       0       0       0     117       0
  109.000   624929.824       1   51529     140       0       0       0       7       0       0       7       7     121       0       0       0       0       0       0       0     121       0
  110.000   625038.976       1   51538     140       0       0       0      15       0       0      15      15     125       0       0       0       0       0       0       0     125       0
  111.000   611710.304       1   50439     153       0       0       0      16       0       0      16      16     130       0       0       0       0       0       0       0     130       0
  112.000   607623.168       1   50102     159       0       0       0      55       0       0      13      13     135       0       0       0       0       0       0       0     135       0
  113.000   610630.912       1   50350     159       0       0       0       6       0       0       6       6     138       0       0       0       0       0       0       0     138       0
  114.000   618089.632       1   50965     159       0       0       0      10       0       0      10      10     139       0       0       0       0       0       0       0     139       0
  115.000   615942.976       1   50788     159       0       0       0      11       0       0      10      10     144       0       0       0       0       0       0       0     144       0
  116.000   619933.088       1   51117     160       0       0       0       7       0       0       7       7     146       0       0       0       0       0       0       0     146       0
  117.000   610618.784       1   50349     160       0       0       0      19       0       0      18      18     151       0       0       0       0       0       0       0     151       0
  118.000   605925.248       1   49962     160       0       0       0      18       0       0      18      18     161       0       0       0       0       0       0       0     161       0
  119.000   599667.200       1   49446     160       0       0       0      12       0       0      12      12     169       0       0       0       0       0       0       0     169       0
  120.000   607574.656       1   50098     160       0       0       0      14       0       0      14      14     169       0       0       0       0       0       0       0     169       0
  121.000   606483.136       1   50008     160       0       0       0      10       0       0      10      10     175       0       0       0       0       0       0       0     175       0
  122.000   612195.424       1   50479     160       0       0       0      46       0       0      16      16     184       0       0       0       0       0       0       0     184       0
  123.000   609030.016       1   50218     160       0       0       0      11       0       0      10      10     191       0       0       0       0       0       0       0     191       0
  124.000   609284.704       1   50239     160       0       0       0      11       0       0      11      11     189       0       0       0       0       0       0       0     189       0
  125.000   607125.920       1   50061     160       0       0       0      14       0       0      14      14     189       0       0       0       0       0       0       0     189       0
  126.000   601983.648       1   49637     160       0       0       0      10       0       0      10      10     189       0       0       0       0       0       0       0     189       0
  127.000   616003.616       1   50793     160       0       0       0       8       0       0       8       8     184       0       0       0       0       0       0       0     184       0
  128.000   616015.744       1   50794     160       0       0       0      12       0       0      10      10     186       0       0       0       0       0       0       0     186       0
  129.000   619593.504       1   51089     160       0       0       0      11       0       0      11      11     188       0       0       0       0       0       0       0     188       0
  130.000   617507.488       1   50917     160       0       0       0      15       0       0      14      14     189       0       0       0       0       0       0       0     189       0
  131.000   603475.392       1   49760     160       0       0       0      17       0       0      15      15     198       0       0       0       0       0       0       0     198       0
  132.000   597896.512       1   49300     160       0       0       0      53       0       0      12      12     195       0       0       0       0       0       0       0     195       0
  133.000   580880.928       1   47897     160       0       0       0      15       0       0      15      15     195       0       0       0       0       0       0       0     195       0
  134.000   578649.376       1   47713     160       0       0       0      11       0       0      11      11     194       0       0       0       0       0       0       0     194       0
  135.000   579013.216       1   47743     160       0       0       0       7       0       0       7       7     191       0       0       0       0       0       0       0     191       0
  136.000   582287.776       1   48013     160       0       0       0      10       0       0      10      10     185       0       0       0       0       0       0       0     185       0
  137.000   588327.520       1   48511     160       0       0       0       8       0       0       8       8     181       0       0       0       0       0       0       0     181       0
  138.000   586277.888       1   48342     160       0       0       0      11       0       0      11      11     178       0       0       0       0       0       0       0     178       0
  139.000   585744.256       1   48298     160       0       0       0      11       0       0      11      11     179       0       0       0       0       0       0       0     179       0
  140.000   585598.720       1   48286     160       0       0       0       6       0       0       6       6     174       0       0       0       0       0       0       0     174       0
  141.000   582178.624       1   48004     160       0       0       0       6       0       0       6       6     166       0       0       0       0       0       0       0     166       0
  142.000   590850.144       1   48719     160       0       0       0      35       0       0       6       6     164       0       0       0       0       0       0       0     164       0
  143.000   596586.688       1   49192     160       0       0       0      10       0       0      10      10     161       0       0       0       0       0       0       0     161       0
  144.000   599169.952       1   49405     160       0       0       0       7       0       0       7       7     158       0       0       0       0       0       0       0     158       0
  145.000   593081.696       1   48903     160       0       0       0      15       0       0      14      14     158       0       0       0       0       0       0       0     158       0
  146.000   589067.328       1   48572     160       0       0       0       5       0       0       5       5     150       0       0       0       0       0       0       0     150       0
  147.000   590292.256       1   48673     160       0       0       0       9       0       0       9       9     144       0       0       0       0       0       0       0     144       0
  148.000   591274.624       1   48754     160       0       0       0      12       0       0      12      12     138       0       0       0       0       0       0       0     138       0
  149.000   589212.864       1   48584     160       0       0       0       9       0       0       9       9     135       0       0       0       0       0       0       0     135       0
  150.000   590522.688       1   48692     160       0       0       0      10       0       0      10      10     135       0       0       0       0       0       0       0     135       0
  151.000   592329.760       1   48841     160       0       0       0       9       0       0       9       9     137       0       0       0       0       0       0       0     137       0
  152.000   597775.232       1   49290     160       0       0       0      42       0       0      10      10     139       0       0       0       0       0       0       0     139       0
  153.000   593918.528       1   48972     160       0       0       0      12       0       0      12      12     137       0       0       0       0       0       0       0     137       0
  154.000   581923.936       1   47983     160       0       0       0       7       0       0       6       6     136       0       0       0       0       0       0       0     136       0
  155.000   576660.384       1   47549     160       0       0       0      14       0       0      12      12     140       0       0       0       0       0       0       0     140       0
  156.000   570438.720       1   47036     160       0       0       0      13       0       0      13      13     147       0       0       0       0       0       0       0     147       0
  157.000   567831.200       1   46821     160       0       0       0       6       0       0       6       6     152       0       0       0       0       0       0       0     152       0
  158.000   569759.552       1   46980     160       0       0       0       5       0       0       5       5     150       0       0       0       0       0       0       0     150       0
  159.000   570475.104       1   47039     160       0       0       0      10       0       0       9       9     150       0       0       0       0       0       0       0     150       0
  160.000   577230.400       1   47596     160       0       0       0       9       0       0       9       9     146       0       0       0       0       0       0       0     146       0
  161.000   584216.128       1   48172     160       0       0       0      13       0       0      13      13     151       0       0       0       0       0       0       0     151       0
  162.000   592487.424       1   48854     160       0       0       0      36       0       0       9       9     153       0       0       0       0       0       0       0     153       0
  163.000   590207.360       1   48666     160       0       0       0      11       0       0      11      11     153       0       0       0       0       0       0       0     153       0
  164.000   588788.384       1   48549     160       0       0       0      12       0       0      12      12     153       0       0       0       0       0       0       0     153       0
  165.000   584676.992       1   48210     160       0       0       0      13       0       0      12      12     155       0       0       0       0       0       0       0     155       0
  166.000   577169.760       1   47591     160       0       0       0      15       0       0      14      14     160       0       0       0       0       0       0       0     160       0
  167.000   575580.992       1   47460     160       0       0       0       4       0       0       4       4     160       0       0       0       0       0       0       0     160       0
  168.000   573046.240       1   47251     160       0       0       0      10       0       0      10      10     158       0       0       0       0       0       0       0     158       0
  169.000   576611.872       1   47545     160       0       0       0       7       0       0       7       7     157       0       0       0       0       0       0       0     157       0
  170.000   580517.088       1   47867     160       0       0       0      11       0       0      11      11     155       0       0       0       0       0       0       0     155       0
  171.000   582481.824       1   48029     160       0       0       0       7       0       0       7       7     149       0       0       0       0       0       0       0     149       0
  172.000   584034.208       1   48157     160       0       0       0      34       0       0       6       6     146       0       0       0       0       0       0       0     146       0
  173.000   585247.008       1   48257     160       0       0       0      13       0       0      13      13     152       0       0       0       0       0       0       0     152       0
  174.000   593518.304       1   48939     160       0       0       0      11       0       0      11      11     155       0       0       0       0       0       0       0     155       0
  175.000   599351.872       1   49420     160       0       0       0       9       0       0       9       9     155       0       0       0       0       0       0       0     155       0
  176.000   599715.712       1   49450     160       0       0       0      14       0       0      12      12     154       0       0       0       0       0       0       0     154       0
  177.000   594427.904       1   49014     160       0       0       0       9       0       0       8       8     154       0       0       0       0       0       0       0     154       0
  178.000   591019.936       1   48733     160       0       0       0      11       0       0      11      11     154       0       0       0       0       0       0       0     154       0
  179.000   594124.704       1   48989     160       0       0       0       9       0       0       9       9     154       0       0       0       0       0       0       0     154       0
  180.000   599521.664       1   49434     160       0       0       0      11       0       0      11      11     152       0       0       0       0       0       0       0     152       0
  181.000   590183.104       1   48664     160       0       0       0      20       0       0      18      18     154       0       0       0       0       0       0       0     154       0
  182.000   576429.952       1   47530     160       0       0       0      47       0       0      11      11     159       0       0       0       0       0       0       0     159       0
  183.000   580517.088       1   47867     160       0       0       0      12       0       0      12      12     164       0       0       0       0       0       0       0     164       0
  184.000   582409.056       1   48023     160       0       0       0      13       0       0      13      13     169       0       0       0       0       0       0       0     169       0
  185.000   576999.968       1   47577     160       0       0       0       9       0       0       9       9     170       0       0       0       0       0       0       0     170       0
  186.000   586314.272       1   48345     160       0       0       0       9       0       0       9       9     171       0       0       0       0       0       0       0     171       0
  187.000   592475.296       1   48853     160       0       0       0       8       0       0       8       8     173       0       0       0       0       0       0       0     173       0
  188.000   594791.744       1   49044     160       0       0       0      13       0       0      13      13     172       0       0       0       0       0       0       0     172       0
  189.000   591905.280       1   48806     160       0       0       0      12       0       0      12      12     173       0       0       0       0       0       0       0     173       0
  190.000   588485.184       1   48524     160       0       0       0      12       0       0      12      12     176       0       0       0       0       0       0       0     176       0
  191.000   581487.328       1   47947     160       0       0       0      14       0       0      14      14     177       0       0       0       0       0       0       0     177       0
  192.000   571978.976       1   47163     160       0       0       0      38       0       0      15      15     182       0       0       0       0       0       0       0     182       0
  193.000   568134.400       1   46846     160       0       0       0      10       0       0      10      10     185       0       0       0       0       0       0       0     185       0
  194.000   566472.864       1   46709     160       0       0       0      12       0       0      11      11     186       0       0       0       0       0       0       0     186       0
  195.000   566351.584       1   46699     160       0       0       0       7       0       0       7       7     185       0       0       0       0       0       0       0     185       0
  196.000   566024.128       1   46672     160       0       0       0      11       0       0      11      11     178       0       0       0       0       0       0       0     178       0
  197.000   564993.248       1   46587     160       0       0       0      14       0       0      14      14     176       0       0       0       0       0       0       0     176       0
  198.000   557813.472       1   45995     160       0       0       0      10       0       0       9       9     174       0       0       0       0       0       0       0     174       0
  199.000   558880.736       1   46083     160       0       0       0      13       0       0      13      13     172       0       0       0       0       0       0       0     172       0
  200.000   557910.496       1   46003     160       0       0       0      13       0       0      13      13     173       0       0       0       0       0       0       0     173       0
  201.000   548135.328       1   45197     160       0       0       0      20       0       0      18      18     184       0       0       0       0       0       0       0     184       0
  202.000   545200.352       1   44955     160       0       0       0      45       0       0       6       6     186       0       0       0       0       0       0       0     186       0
  203.000   544545.440       1   44901     160       0       0       0      10       0       0      10      10     186       0       0       0       0       0       0       0     186       0
  204.000   541016.192       1   44610     160       0       0       0      11       0       0      10      10     184       0       0       0       0       0       0       0     184       0
  205.000   530573.984       1   43749     160       0       0       0      15       0       0      13      13     185       0       0       0       0       0       0       0     185       0
  206.000   522278.432       1   43065     160       0       0       0      16       0       0      16      16     185       0       0       0       0       0       0       0     185       0
  207.000   520240.928       1   42897     160       0       0       0       6       0       0       6       6     182       0       0       0       0       0       0       0     182       0
  208.000   525019.360       1   43291     160       0       0       0       9       0       0       9       9     177       0       0       0       0       0       0       0     177       0
  209.000   528342.432       1   43565     160       0       0       0       7       0       0       7       7     174       0       0       0       0       0       0       0     174       0
  210.000   521587.136       1   43008     160       0       0       0       8       0       0       8       8     173       0       0       0       0       0       0       0     173       0
  211.000   533254.272       1   43970     160       0       0       0       8       0       0       8       8     171       0       0       0       0       0       0       0     171       0
  212.000   545345.888       1   44967     160       0       0       0      51       0       0      14      14     168       0       0       0       0       0       0       0     168       0
  213.000   546364.640       1   45051     160       0       0       0      10       0       0       9       9     169       0       0       0       0       0       0       0     169       0
  214.000   542520.064       1   44734     160       0       0       0      10       0       0      10      10     169       0       0       0       0       0       0       0     169       0
  215.000   537074.592       1   44285     160       0       0       0       9       0       0       9       9     167       0       0       0       0       0       0       0     167       0
  216.000   536844.160       1   44266     160       0       0       0      11       0       0      11      11     158       0       0       0       0       0       0       0     158       0
  217.000   542592.832       1   44740     160       0       0       0       9       0       0       9       9     156       0       0       0       0       0       0       0     156       0
  218.000   543599.456       1   44823     160       0       0       0      11       0       0      11      11     157       0       0       0       0       0       0       0     157       0
  219.000   541840.896       1   44678     160       0       0       0      10       0       0      10      10     156       0       0       0       0       0       0       0     156       0
  220.000   540337.024       1   44554     160       0       0       0       9       0       0       9       9     154       0       0       0       0       0       0       0     154       0
  221.000   550852.000       1   45421     160       0       0       0      11       0       0      11      11     149       0       0       0       0       0       0       0     149       0
  222.000   551579.680       1   45481     160       0       0       0      41       0       0      11      11     149       0       0       0       0       0       0       0     149       0
  223.000   550852.000       1   45421     160       0       0       0      12       0       0      12      12     152       0       0       0       0       0       0       0     152       0
  224.000   548656.832       1   45240     160       0       0       0      10       0       0      10      10     155       0       0       0       0       0       0       0     155       0
  225.000   550924.768       1   45427     160       0       0       0       7       0       0       7       7     154       0       0       0       0       0       0       0     154       0
  226.000   544860.768       1   44927     160       0       0       0       8       0       0       8       8     157       0       0       0       0       0       0       0     157       0
  227.000   549311.744       1   45294     160       0       0       0       8       0       0       8       8     155       0       0       0       0       0       0       0     155       0
  228.000   553229.088       1   45617     160       0       0       0       3       0       0       3       3     148       0       0       0       0       0       0       0     148       0
  229.000   550075.808       1   45357     160       0       0       0       6       0       0       6       6     141       0       0       0       0       0       0       0     141       0
  230.000   544375.648       1   44887     160       0       0       0      14       0       0      14      14     142       0       0       0       0       0       0       0     142       0
  231.000   549918.144       1   45344     160       0       0       0       5       0       0       5       5     142       0       0       0       0       0       0       0     142       0
  232.000   550742.848       1   45412     160       0       0       0      39       0       0      10      10     140       0       0       0       0       0       0       0     140       0
  233.000   543732.864       1   44834     160       0       0       0       7       0       0       7       7     139       0       0       0       0       0       0       0     139       0
  234.000   545151.840       1   44951     160       0       0       0      11       0       0      11      11     137       0       0       0       0       0       0       0     137       0
  235.000   546025.056       1   45023     160       0       0       0       4       0       0       4       4     135       0       0       0       0       0       0       0     135       0
  236.000   551882.880       1   45506     156       0       0       0      12       0       0      11      11     131       0       0       0       0       0       0       0     131       0
  237.000   550075.808       1   45357     159       0       0       0      11       0       0      11      11     134       0       0       0       0       0       0       0     134       0
  238.000   546073.568       1   45027     159       0       0       0      11       0       0      11      11     134       0       0       0       0       0       0       0     134       0
  239.000   548717.472       1   45245     152       0       0       0       9       0       0       8       8     130       0       0       0       0       0       0       0     130       0
  240.000   540907.040       1   44601     159       0       0       0      12       0       0      11      11     136       0       0       0       0       0       0       0     136       0
  241.000   546073.568       1   45027     159       0       0       0      16       0       0      16      16     139       0       0       0       0       0       0       0     139       0
  242.000   543247.744       1   44794     159       0       0       0      36       0       0      12      12     146       0       0       0       0       0       0       0     146       0
  243.000   546667.840       1   45076     159       0       0       0       6       0       0       6       6     149       0       0       0       0       0       0       0     149       0
  244.000   541137.472       1   44620     160       0       0       0      13       0       0      12      12     155       0       0       0       0       0       0       0     155       0
  245.000   534636.864       1   44084     160       0       0       0      10       0       0      10      10     154       0       0       0       0       0       0       0     154       0
  246.000   530828.672       1   43770     160       0       0       0       4       0       0       4       4     153       0       0       0       0       0       0       0     153       0
  247.000   533812.160       1   44016     160       0       0       0       8       0       0       8       8     151       0       0       0       0       0       0       0     151       0
  248.000   529021.600       1   43621     160       0       0       0      17       0       0      17      17     155       0       0       0       0       0       0       0     155       0
  249.000   512139.424       1   42229     160       0       0       0      12       0       0      12      12     161       0       0       0       0       0       0       0     161       0
  250.000   512539.648       1   42262     160       0       0       0      12       0       0      12      12     164       0       0       0       0       0       0       0     164       0
  251.000   517415.104       1   42664     160       0       0       0      13       0       0      13      13     169       0       0       0       0       0       0       0     169       0
  252.000   512381.984       1   42249     160       0       0       0      39       0       0       8       8     168       0       0       0       0       0       0       0     168       0
  253.000   511108.544       1   42144     160       0       0       0       9       0       0       9       9     166       0       0       0       0       0       0       0     166       0
  254.000   506985.024       1   41804     160       0       0       0      14       0       0      14      14     168       0       0       0       0       0       0       0     168       0
  255.000   503152.576       1   41488     160       0       0       0      13       0       0      13      13     170       0       0       0       0       0       0       0     170       0
  256.000   502012.544       1   41394     160       0       0       0      12       0       0      12      12     169       0       0       0       0       0       0       0     169       0
  257.000   507130.560       1   41816     160       0       0       0       9       0       0       8       8     165       0       0       0       0       0       0       0     165       0
  258.000   512272.832       1   42240     160       0       0       0       9       0       0       9       9     166       0       0       0       0       0       0       0     166       0
  259.000   515850.592       1   42535     160       0       0       0      10       0       0      10      10     165       0       0       0       0       0       0       0     165       0
  260.000   510526.400       1   42096     160       0       0       0      10       0       0      10      10     165       0       0       0       0       0       0       0     165       0
  261.000   507603.552       1   41855     160       0       0       0       9       0       0       9       9     166       0       0       0       0       0       0       0     166       0
  262.000   509228.704       1   41989     160       0       0       0      43       0       0      11      11     171       0       0       0       0       0       0       0     171       0
  263.000   514759.072       1   42445     160       0       0       0       8       0       0       7       7     167       0       0       0       0       0       0       0     167       0
  264.000   516008.256       1   42548     160       0       0       0       2       0       0       2       2     156       0       0       0       0       0       0       0     156       0
  265.000   523127.392       1   43135     160       0       0       0       8       0       0       8       8     152       0       0       0       0       0       0       0     152       0
  266.000   524970.848       1   43287     160       0       0       0       8       0       0       8       8     148       0       0       0       0       0       0       0     148       0
  267.000   521186.912       1   42975     160       0       0       0       9       0       0       9       9     143       0       0       0       0       0       0       0     143       0
  268.000   508416.128       1   41922     160       0       0       0      12       0       0      12      12     147       0       0       0       0       0       0       0     147       0
  269.000   509143.808       1   41982     160       0       0       0      10       0       0      10      10     147       0       0       0       0       0       0       0     147       0
  270.000   513218.816       1   42318     160       0       0       0       9       0       0       9       9     141       0       0       0       0       0       0       0     141       0
  271.000   513995.008       1   42382     160       0       0       0      11       0       0      11      11     140       0       0       0       0       0       0       0     140       0
  272.000   507749.088       1   41867     160       0       0       0      42       0       0       8       8     140       0       0       0       0       0       0       0     140       0
  273.000   520447.104       1   42914     160       0       0       0      11       0       0      11      11     139       0       0       0       0       0       0       0     139       0
  274.000   521017.120       1   42961     160       0       0       0       9       0       0       9       9     140       0       0       0       0       0       0       0     140       0
  275.000   520145.664       1   42888     160       0       0       0      13       0       0      12      12     142       0       0       0       0       0       0       0     142       0
