  TimeSec      LoaKbps LoaUsag Packets DlyUsec LoaDrps MetDrps TabDrps FloMods MetMods GroMods  PktsIn PktsOut FloEntr FloUsag MetEntr MetUsag GroEntr GroUsag BufPkts BufUsag  T0Entr  T0Usag
    1.000        0.000       0       0      34       0       0       0       3       0       2       0       0       3       2       0       0       2       0       0       0       3       2
    2.000      793.504       0      66      46       0       0       0       2       0       0       0       0       4       2       0       0       2       0       0       0       4       2
    3.000     1848.640       0     153      58       0       0       0       1       0       0       0       0       6       3       0       0       2       0       0       0       6       3
    4.000     3328.256       0     275      67       0       0       0       3       0       0       0       0       8       4       0       0       2       0       0       0       8       4
    5.000     4917.024       0     406      78       0       0       0       0       0       0       0       0       9       5       0       0       2       0       0       0       9       5
    6.000     5074.688       1     419      79       0       0       0       2       0       0       0       0      10       5       0       0       2       0       0       0      10       5
    7.000     7269.856       1     600      79       0       0       0       2       0       0       0       0      12       6       0       0       2       0       0       0      12       6
    8.000     9283.104       1     766      79       0       0       0       0       0       0       0       0      13       7       0       0       2       0       0       0      13       7
    9.000     9307.360       1     768      80       0       0       0       0       0       0       0       0      13       7       0       0       2       0       0       0      13       7
   10.000     9938.016       1     820      80       0       0       0       2       0       0       0       0      14       7       0       0       2       0       0       0      14       7
   11.000    11805.728       1     974      80       0       0       0       1       0       0       0       0      16       8       0       0       2       0       0       0      16       8
   12.000    14886.240       1    1228      97       0       0       0       2       0       0       0       0      17       9       0       0       2       0       0       0      17       9
   13.000    15953.504       2    1316      99       0       0       0       2       0       0       0       0      19      10       0       0       2       0       0       0      19      10
   14.000    16329.472       2    1347      99       0       0       0       0       0       0       0       0      20      10       0       0       2       0       0       0      20      10
   15.000    16390.112       2    1352      99       0       0       0       2       0       0       0       0      21      11       0       0       2       0       0       0      21      11
   16.000    17336.096       2    1430     100       0       0       0       3       0       0       0       0      23      12       0       0       2       0       0       0      23      12
   17.000    20113.408       2    1659     100       0       0       0       3       0       0       0       0      26      13       0       0       2       0       0       0      26      13
   18.000    22272.192       2    1837     100       0       0       0       0       0       0       0       0      28      14       0       0       2       0       0       0      28      14
   19.000    22599.648       2    1864     100       0       0       0       2       0       0       0       0      29      15       0       0       2       0       0       0      29      15
   20.000    22890.720       2    1888     113       0       0       0       4       0       0       0       0      32      16       0       0       2       0       0       0      32      16
   21.000    25959.104       3    2141     119       0       0       0       2       0       0       0       0      35      18       0       0       2       0       0       0      35      18
   22.000    27644.896       3    2280     119       0       0       0       2       0       0       0       0      37      19       0       0       2       0       0       0      37      19
   23.000    30216.032       3    2492     119       0       0       0       2       0       0       0       0      39      20       0       0       2       0       0       0      39      20
   24.000    30385.824       3    2506     119       0       0       0       1       0       0       0       0      41      21       0       0       2       0       0       0      41      21
   25.000    30494.976       3    2515     120       0       0       0       2       0       0       0       0      42      21       0       0       2       0       0       0      42      21
   26.000    31901.824       3    2631     120       0       0       0       2       0       0       0       0      44      22       0       0       2       0       0       0      44      22
   27.000    32496.096       3    2680     120       0       0       0       2       0       0       0       0      46      23       0       0       2       0       0       0      46      23
   28.000    32095.872       3    2647     120       0       0       0       2       0       0       0       0      48      24       0       0       2       0       0       0      48      24
   29.000    32690.144       3    2696     120       0       0       0       2       0       0       0       0      50      25       0       0       2       0       0       0      50      25
   30.000    34375.936       3    2835     120       0       0       0       2       0       0       0       0      52      26       0       0       2       0       0       0      52      26
   31.000    35200.640       4    2903     120       0       0       0       3       0       0       0       0      55      28       0       0       2       0       0       0      55      28
   32.000    37262.400       4    3073     120       0       0       0       1       0       0       0       0      57      29       0       0       2       0       0       0      57      29
   33.000    39105.856       4    3225     120       0       0       0       4       0       0       0       0      59      30       0       0       2       0       0       0      59      30
   34.000    41167.616       4    3395     120       0       0       0       2       0       0       0       0      62      31       0       0       2       0       0       0      62      31
   35.000    42926.176       4    3540     120       0       0       0       1       0       0       0       0      61      31       0       0       2       0       0       0      61      31
   36.000    43108.096       4    3555     120       0       0       0       2       0       0       0       0      61      31       0       0       2       0       0       0      61      31
   37.000    43411.296       4    3580     120       0       0       0       1       0       0       0       0      63      32       0       0       2       0       0       0      63      32
   38.000    45145.600       5    3723     124       0       0       0       3       0       0       0       0      64      32       0       0       2       0       0       0      64      32
   39.000    46746.496       5    3855     132       0       0       0       2       0       0       0       0      65      33       0       0       2       0       0       0      65      33
   40.000    48383.776       5    3990     135       0       0       0       2       0       0       0       0      65      33       0       0       2       0       0       0      65      33
   41.000    49632.960       5    4093     139       0       0       0       0       0       0       0       0      66      33       0       0       2       0       0       0      66      33
   42.000    51646.208       5    4259     139       0       0       0       2       0       0       0       0      65      33       0       0       2       0       0       0      65      33
   43.000    53429.024       5    4406     138       0       0       0       1       0       0       0       0      65      33       0       0       2       0       0       0      65      33
   44.000    53986.912       5    4452     139       0       0       0       2       0       0       0       0      66      33       0       0       2       0       0       0      66      33
   45.000    57164.448       6    4714     139       0       0       0       3       0       0       0       0      68      34       0       0       2       0       0       0      68      34
   46.000    59432.384       6    4901     139       0       0       0       4       0       0       0       0      68      34       0       0       2       0       0       0      68      34
   47.000    65423.616       7    5395     140       0       0       0       2       0       0       0       0      71      36       0       0       2       0       0       0      71      36
   48.000    69401.600       7    5723     140       0       0       0       5       0       0       0       0      75      38       0       0       2       0       0       0      75      38
   49.000    72324.448       7    5964     140       0       0       0       1       0       0       0       0      78      39       0       0       2       0       0       0      78      39
   50.000    75392.832       8    6217     140       0       0       0       3       0       0       0       0      80      40       0       0       2       0       0       0      80      40
   51.000    76726.912       8    6327     140       0       0       0       4       0       0       0       0      83      42       0       0       2       0       0       0      83      42
   52.000    78133.760       8    6443     140       0       0       0       3       0       0       0       0      85      43       0       0       2       0       0       0      85      43
   53.000    79831.680       8    6583     140       0       0       0       2       0       0       0       0      86      43       0       0       2       0       0       0      86      43
   54.000    80244.032       8    6617     140       0       0       0       2       0       0       0       0      87      44       0       0       2       0       0       0      87      44
   55.000    79734.656       8    6575     140       0       0       0       5       0       0       0       0      91      46       0       0       2       0       0       0      91      46
   56.000    81529.600       8    6723     140       0       0       0       2       0       0       0       0      93      47       0       0       2       0       0       0      93      47
   57.000    81456.832       8    6717     140       0       0       0       3       0       0       0       0      95      48       0       0       2       0       0       0      95      48
   58.000    84306.912       8    6952     140       0       0       0       3       0       0       0       0     100      50       0       0       2       0       0       0     100      50
   59.000    81565.984       8    6726     140       0       0       0       9       0       0       0       0     107      54       0       0       2       0       0       0     107      54
   60.000    75089.632       8    6192     140       0       0       0       3       0       0       0       0     111      56       0       0       2       0       0       0     111      56
   61.000    76569.248       8    6314     140       0       0       0       5       0       0       0       0     113      57       0       0       2       0       0       0     113      57
   62.000    78085.248       8    6439     140       0       0       0       4       0       0       0       0     116      58       0       0       2       0       0       0     116      58
   63.000    75999.232       8    6267     140       0       0       0       4       0       0       0       0     120      60       0       0       2       0       0       0     120      60
   64.000    73985.984       7    6101     140       0       0       0       4       0       0       0       0     124      62       0       0       2       0       0       0     124      62
   65.000    74046.624       7    6106     140       0       0       0       1       0       0       0       0     125      63       0       0       2       0       0       0     125      63
   66.000    73500.864       7    6061     140       0       0       0       2       0       0       0       0     126      63       0       0       2       0       0       0     126      63
   67.000    76278.176       8    6290     140       0       0       0       3       0       0       0       0     127      64       0       0       2       0       0       0     127      64
   68.000    77939.712       8    6427     149       0       0       0       1       0       0       0       0     128      64       0       0       2       0       0       0     128      64
   69.000    75744.544       8    6246     156       0       0       0       4       0       0       0       0     129      65       0       0       2       0       0       0     129      65
   70.000    76508.608       8    6309     141       0       0       0       4       0       0       0       0     127      64       0       0       2       0       0       0     127      64
   71.000    78461.216       8    6470     147       0       0       0       2       0       0       0       0     128      64       0       0       2       0       0       0     128      64
   72.000    79067.616       8    6520     140       0       0       0       1       0       0       0       0     127      64       0       0       2       0       0       0     127      64
   73.000    82038.976       8    6765     140       0       0       0       3       0       0       0       0     126      63       0       0       2       0       0       0     126      63
   74.000    84998.208       8    7009     140       0       0       0       2       0       0       0       0     121      61       0       0       2       0       0       0     121      61
   75.000    86489.952       9    7132     140       0       0       0       1       0       0       0       0     116      58       0       0       2       0       0       0     116      58
   76.000    87156.992       9    7187     140       0       0       0       2       0       0       0       0     111      56       0       0       2       0       0       0     111      56
   77.000    88733.632       9    7317     140       0       0       0       0       0       0       0       0     110      55       0       0       2       0       0       0     110      55
   78.000    89740.256       9    7400     140       0       0       0       3       0       0       0       0     104      52       0       0       2       0       0       0     104      52
   79.000    91122.848       9    7514     140       0       0       0       4       0       0       0       0     103      52       0       0       2       0       0       0     103      52
   80.000    95112.960      10    7843     140       0       0       0       3       0       0       0       0     104      52       0       0       2       0       0       0     104      52
   81.000    95488.928      10    7874     140       0       0       0       2       0       0       0       0     105      53       0       0       2       0       0       0     105      53
   82.000    94761.248       9    7814     140       0       0       0       1       0       0       0       0     105      53       0       0       2       0       0       0     105      53
   83.000    92614.592       9    7637     140       0       0       0       4       0       0       0       0     108      54       0       0       2       0       0       0     108      54
   84.000    90916.672       9    7497     140       0       0       0       1       0       0       0       0     104      52       0       0       2       0       0       0     104      52
   85.000    89606.848       9    7389     140       0       0       0       4       0       0       0       0     105      53       0       0       2       0       0       0     105      53
   86.000    88066.592       9    7262     140       0       0       0       2       0       0       0       0     106      53       0       0       2       0       0       0     106      53
   87.000    92469.056       9    7625     140       0       0       0       3       0       0       0       0     108      54       0       0       2       0       0       0     108      54
   88.000    92153.728       9    7599     140       0       0       0       7       0       0       0       0     113      57       0       0       2       0       0       0     113      57
   89.000    93111.840       9    7678     140       0       0       0       1       0       0       0       0     117      59       0       0       2       0       0       0     117      59
   90.000    93281.632       9    7692     140       0       0       0       4       0       0       0       0     119      60       0       0       2       0       0       0     119      60
   91.000    94591.456       9    7800     140       0       0       0       3       0       0       0       0     123      62       0       0       2       0       0       0     123      62
   92.000    94615.712       9    7802     140       0       0       0       4       0       0       0       0     126      63       0       0       2       0       0       0     126      63
   93.000    95319.136      10    7860     154       0       0       0       2       0       0       0       0     129      65       0       0       2       0       0       0     129      65
   94.000    97198.976      10    8015     159       0       0       0       6       0       0       0       0     133      67       0       0       2       0       0       0     133      67
   95.000    98047.936      10    8085     159       0       0       0       3       0       0       0       0     135      68       0       0       2       0       0       0     135      68
   96.000    96665.344      10    7971     159       0       0       0       1       0       0       0       0     134      67       0       0       2       0       0       0     134      67
   97.000    91486.688       9    7544     159       0       0       0       3       0       0       0       0     134      67       0       0       2       0       0       0     134      67
   98.000    90916.672       9    7497     160       0       0       0       3       0       0       0       0     134      67       0       0       2       0       0       0     134      67
   99.000    91050.080       9    7508     160       0       0       0       2       0       0       0       0     134      67       0       0       2       0       0       0     134      67
  100.000    91535.200       9    7548     160       0       0       0       3       0       0       0       0     136      68       0       0       2       0       0       0     136      68
  101.000    92857.152       9    7657     160       0       0       0       4       0       0       0       0     135      68       0       0       2       0       0       0     135      68
  102.000    94045.696       9    7755     160       0       0       0       2       0       0       0       0     136      68       0       0       2       0       0       0     136      68
  103.000    93633.344       9    7721     156       0       0       0       1       0       0       0       0     131      66       0       0       2       0       0       0     131      66
  104.000    94870.400       9    7823     153       0       0       0       2       0       0       0       0     129      65       0       0       2       0       0       0     129      65
  105.000    99382.016      10    8195     159       0       0       0       2       0       0       0       0     130      65       0       0       2       0       0       0     130      65
  106.000   101019.296      10    8330     159       0       0       0       2       0       0       0       0     131      66       0       0       2       0       0       0     131      66
  107.000    99539.680      10    8208     159       0       0       0       1       0       0       0       0     130      65       0       0       2       0       0       0     130      65
  108.000    99830.752      10    8232     149       0       0       0       2       0       0       0       0     128      64       0       0       2       0       0       0     128      64
  109.000    99964.160      10    8243     158       0       0       0       5       0       0       0       0     129      65       0       0       2       0       0       0     129      65
  110.000    99770.112      10    8227     159       0       0       0       3       0       0       0       0     130      65       0       0       2       0       0       0     130      65
  111.000    98508.800      10    8123     159       0       0       0       6       0       0       0       0     133      67       0       0       2       0       0       0     133      67
  112.000    96798.752      10    7982     159       0       0       0       2       0       0       0       0     134      67       0       0       2       0       0       0     134      67
  113.000    95391.904      10    7866     158       0       0       0       5       0       0       0       0     131      66       0       0       2       0       0       0     131      66
  114.000    95076.576      10    7840     159       0       0       0       4       0       0       0       0     134      67       0       0       2       0       0       0     134      67
  115.000    93827.392       9    7737     159       0       0       0       3       0       0       0       0     135      68       0       0       2       0       0       0     135      68
  116.000    93512.064       9    7711     159       0       0       0       3       0       0       0       0     134      67       0       0       2       0       0       0     134      67
  117.000    92056.704       9    7591     160       0       0       0       4       0       0       0       0     136      68       0       0       2       0       0       0     136      68
  118.000    88612.352       9    7307     160       0       0       0       3       0       0       0       0     139      70       0       0       2       0       0       0     139      70
  119.000    87278.272       9    7197     160       0       0       0       7       0       0       0       0     143      72       0       0       2       0       0       0     143      72
  120.000    89400.672       9    7372     160       0       0       0       3       0       0       0       0     148      74       0       0       2       0       0       0     148      74
  121.000    87351.040       9    7203     160       0       0       0       3       0       0       0       0     151      76       0       0       2       0       0       0     151      76
  122.000    84743.520       8    6988     160       0       0       0       4       0       0       0       0     153      77       0       0       2       0       0       0     153      77
  123.000    86332.288       9    7119     160       0       0       0       4       0       0       0       0     155      78       0       0       2       0       0       0     155      78
  124.000    87096.352       9    7182     160       0       0       0       5       0       0       0       0     156      78       0       0       2       0       0       0     156      78
  125.000    85798.656       9    7075     160       0       0       0       1       0       0       0       0     152      76       0       0       2       0       0       0     152      76
  126.000    85228.640       9    7028     160       0       0       0       5       0       0       0       0     150      75       0       0       2       0       0       0     150      75
  127.000    85083.104       9    7016     160       0       0       0       0       0       0       0       0     145      73       0       0       2       0       0       0     145      73
  128.000    84937.568       8    7004     160       0       0       0       6       0       0       0       0     143      72       0       0       2       0       0       0     143      72
  129.000    84961.824       8    7006     160       0       0       0       2       0       0       0       0     141      71       0       0       2       0       0       0     141      71
  130.000    85980.576       9    7090     160       0       0       0       2       0       0       0       0     139      70       0       0       2       0       0       0     139      70
  131.000    88951.936       9    7335     160       0       0       0       3       0       0       0       0     140      70       0       0       2       0       0       0     140      70
  132.000    93305.888       9    7694     160       0       0       0       2       0       0       0       0     136      68       0       0       2       0       0       0     136      68
  133.000    94445.920       9    7788     160       0       0       0       6       0       0       0       0     136      68       0       0       2       0       0       0     136      68
  134.000    95343.392      10    7862     160       0       0       0       5       0       0       0       0     135      68       0       0       2       0       0       0     135      68
  135.000    96556.192      10    7962     160       0       0       0       3       0       0       0       0     136      68       0       0       2       0       0       0     136      68
  136.000    97902.400      10    8073     160       0       0       0       3       0       0       0       0     137      69       0       0       2       0       0       0     137      69
  137.000    99576.064      10    8211     160       0       0       0       2       0       0       0       0     135      68       0       0       2       0       0       0     135      68
  138.000   100085.440      10    8253     160       0       0       0       1       0       0       0       0     134      67       0       0       2       0       0       0     134      67
  139.000   103444.896      10    8530     160       0       0       0       6       0       0       0       0     131      66       0       0       2       0       0       0     131      66
  140.000   103590.432      10    8542     160       0       0       0       3       0       0       0       0     133      67       0       0       2       0       0       0     133      67
  141.000   103723.840      10    8553     160       0       0       0       4       0       0       0       0     132      66       0       0       2       0       0       0     132      66
  142.000   101953.152      10    8407     160       0       0       0       3       0       0       0       0     134      67       0       0       2       0       0       0     134      67
  143.000    97950.912      10    8077     160       0       0       0       5       0       0       0       0     135      68       0       0       2       0       0       0     135      68
  144.000    98448.160      10    8118     160       0       0       0       4       0       0       0       0     137      69       0       0       2       0       0       0     137      69
  145.000    98193.472      10    8097     160       0       0       0       1       0       0       0       0     139      70       0       0       2       0       0       0     139      70
  146.000    99078.816      10    8170     160       0       0       0       1       0       0       0       0     140      70       0       0       2       0       0       0     140      70
  147.000   100085.440      10    8253     160       0       0       0       4       0       0       0       0     141      71       0       0       2       0       0       0     141      71
  148.000    97708.352      10    8057     160       0       0       0       4       0       0       0       0     140      70       0       0       2       0       0       0     140      70
  149.000    96301.504      10    7941     160       0       0       0       4       0       0       0       0     140      70       0       0       2       0       0       0     140      70
  150.000    95998.304      10    7916     160       0       0       0       0       0       0       0       0     138      69       0       0       2       0       0       0     138      69
  151.000    96713.856      10    7975     160       0       0       0       4       0       0       0       0     138      69       0       0       2       0       0       0     138      69
  152.000    98787.744      10    8146     160       0       0       0       3       0       0       0       0     141      71       0       0       2       0       0       0     141      71
  153.000   100400.768      10    8279     160       0       0       0       1       0       0       0       0     142      71       0       0       2       0       0       0     142      71
  154.000   100218.848      10    8264     160       0       0       0       2       0       0       0       0     144      72       0       0       2       0       0       0     144      72
  155.000    96665.344      10    7971     160       0       0       0       6       0       0       0       0     144      72       0       0       2       0       0       0     144      72
  156.000    96847.264      10    7986     160       0       0       0       4       0       0       0       0     143      72       0       0       2       0       0       0     143      72
  157.000    95440.416      10    7870     160       0       0       0       3       0       0       0       0     144      72       0       0       2       0       0       0     144      72
  158.000    94518.688       9    7794     160       0       0       0       4       0       0       0       0     141      71       0       0       2       0       0       0     141      71
  159.000    92056.704       9    7591     160       0       0       0       3       0       0       0       0     141      71       0       0       2       0       0       0     141      71
  160.000    90795.392       9    7487     160       0       0       0       3       0       0       0       0     141      71       0       0       2       0       0       0     141      71
  161.000    90528.576       9    7465     160       0       0       0       1       0       0       0       0     143      72       0       0       2       0       0       0     143      72
  162.000    92105.216       9    7595     160       0       0       0       2       0       0       0       0     142      71       0       0       2       0       0       0     142      71
  163.000    93863.776       9    7740     160       0       0       0       4       0       0       0       0     138      69       0       0       2       0       0       0     138      69
  164.000    94421.664       9    7786     160       0       0       0       1       0       0       0       0     136      68       0       0       2       0       0       0     136      68
  165.000    96616.832      10    7967     160       0       0       0       5       0       0       0       0     138      69       0       0       2       0       0       0     138      69
  166.000    92032.448       9    7589     160       0       0       0       4       0       0       0       0     139      70       0       0       2       0       0       0     139      70
  167.000    92202.240       9    7603     160       0       0       0       4       0       0       0       0     139      70       0       0       2       0       0       0     139      70
  168.000    93026.944       9    7671     160       0       0       0       5       0       0       0       0     142      71       0       0       2       0       0       0     142      71
  169.000    92529.696       9    7630     160       0       0       0       1       0       0       0       0     143      72       0       0       2       0       0       0     143      72
  170.000    91559.456       9    7550     160       0       0       0       9       0       0       0       0     140      70       0       0       2       0       0       0     140      70
  171.000    89303.648       9    7364     160       0       0       0       3       0       0       0       0     142      71       0       0       2       0       0       0     142      71
  172.000    90395.168       9    7454     160       0       0       0       1       0       0       0       0     140      70       0       0       2       0       0       0     140      70
  173.000    91426.048       9    7539     160       0       0       0       5       0       0       0       0     139      70       0       0       2       0       0       0     139      70
  174.000    97296.000      10    8023     160       0       0       0       3       0       0       0       0     137      69       0       0       2       0       0       0     137      69
  175.000    98533.056      10    8125     160       0       0       0       8       0       0       0       0     140      70       0       0       2       0       0       0     140      70
  176.000    98217.728      10    8099     160       0       0       0       2       0       0       0       0     143      72       0       0       2       0       0       0     143      72
  177.000    97089.824      10    8006     160       0       0       0       3       0       0       0       0     146      73       0       0       2       0       0       0     146      73
  178.000    99879.264      10    8236     160       0       0       0       1       0       0       0       0     147      74       0       0       2       0       0       0     147      74
  179.000   104027.040      10    8578     160       0       0       0       4       0       0       0       0     147      74       0       0       2       0       0       0     147      74
  180.000   104985.152      10    8657     160       0       0       0       2       0       0       0       0     145      73       0       0       2       0       0       0     145      73
  181.000   105251.968      11    8679     160       0       0       0       2       0       0       0       0     142      71       0       0       2       0       0       0     142      71
  182.000   108914.624      11    8981     160       0       0       0       3       0       0       0       0     143      72       0       0       2       0       0       0     143      72
  183.000   107422.880      11    8858     160       0       0       0       6       0       0       0       0     145      73       0       0       2       0       0       0     145      73
  184.000   107471.392      11    8862     160       0       0       0       3       0       0       0       0     143      72       0       0       2       0       0       0     143      72
  185.000   106125.184      11    8751     160       0       0       0       2       0       0       0       0     138      69       0       0       2       0       0       0     138      69
  186.000   107980.768      11    8904     160       0       0       0       2       0       0       0       0     136      68       0       0       2       0       0       0     136      68
  187.000   107168.192      11    8837     160       0       0       0       5       0       0       0       0     138      69       0       0       2       0       0       0     138      69
  188.000   105555.168      11    8704     160       0       0       0       3       0       0       0       0     140      70       0       0       2       0       0       0     140      70
  189.000   106064.544      11    8746     160       0       0       0       3       0       0       0       0     142      71       0       0       2       0       0       0     142      71
  190.000   107823.104      11    8891     160       0       0       0       4       0       0       0       0     136      68       0       0       2       0       0       0     136      68
  191.000   106040.288      11    8744     160       0       0       0       6       0       0       0       0     138      69       0       0       2       0       0       0     138      69
  192.000   110454.880      11    9108     160       0       0       0       3       0       0       0       0     139      70       0       0       2       0       0       0     139      70
  193.000   112698.560      11    9293     160       0       0       0       2       0       0       0       0     141      71       0       0       2       0       0       0     141      71
  194.000   115985.248      12    9564     160       0       0       0       3       0       0       0       0     143      72       0       0       2       0       0       0     143      72
  195.000   116555.264      12    9611     160       0       0       0       6       0       0       0       0     147      74       0       0       2       0       0       0     147      74
  196.000   121685.408      12   10034     160       0       0       0       1       0       0       0       0     149      75       0       0       2       0       0       0     149      75
  197.000   123735.040      12   10203     160       0       0       0       1       0       0       0       0     149      75       0       0       2       0       0       0     149      75
  198.000   121527.744      12   10021     160       0       0       0       7       0       0       0       0     148      74       0       0       2       0       0       0     148      74
  199.000   119660.032      12    9867     160       0       0       0       2       0       0       0       0     149      75       0       0       2       0       0       0     149      75
  200.000   119708.544      12    9871     160       0       0       0       2       0       0       0       0     148      74       0       0       2       0       0       0     148      74
  201.000   118374.464      12    9761     160       0       0       0       4       0       0       0       0     149      75       0       0       2       0       0       0     149      75
  202.000   116712.928      12    9624     160       0       0       0       3       0       0       0       0     149      75       0       0       2       0       0       0     149      75
  203.000   122752.672      12   10122     160       0       0       0       5       0       0       0       0     149      75       0       0       2       0       0       0     149      75
  204.000   125311.680      13   10333     160       0       0       0       2       0       0       0       0     149      75       0       0       2       0       0       0     149      75
  205.000   128246.656      13   10575     160       0       0       0       3       0       0       0       0     150      75       0       0       2       0       0       0     150      75
  206.000   129277.536      13   10660     160       0       0       0       3       0       0       0       0     147      74       0       0       2       0       0       0     147      74
  207.000   129993.088      13   10719     160       0       0       0       3       0       0       0       0     148      74       0       0       2       0       0       0     148      74
  208.000   127761.536      13   10535     160       0       0       0       8       0       0       0       0     151      76       0       0       2       0       0       0     151      76
  209.000   119065.760      12    9818     160       0       0       0       7       0       0       0       0     159      80       0       0       2       0       0       0     159      80
  210.000   112286.208      11    9259     160       0       0       0       3       0       0       0       0     162      81       0       0       2       0       0       0     162      81
  211.000   111619.168      11    9204     160       0       0       0       4       0       0       0       0     165      83       0       0       2       0       0       0     165      83
  212.000   113001.760      11    9318     160       0       0       0       7       0       0       0       0     170      85       0       0       2       0       0       0     170      85
  213.000   113365.600      11    9348     160       0       0       0       1       0       0       0       0     168      84       0       0       2       0       0       0     168      84
  214.000   112880.480      11    9308     160       0       0       0       7       0       0       0       0     168      84       0       0       2       0       0       0     168      84
  215.000   109848.480      11    9058     160       0       0       0       1       0       0       0       0     169      85       0       0       2       0       0       0     169      85
  216.000   112613.664      11    9286     160       0       0       0       6       0       0       0       0     170      85       0       0       2       0       0       0     170      85
  217.000   113887.104      11    9391     160       0       0       0       4       0       0       0       0     168      84       0       0       2       0       0       0     168      84
  218.000   114238.816      11    9420     160       0       0       0       5       0       0       0       0     172      86       0       0       2       0       0       0     172      86
  219.000   113802.208      11    9384     160       0       0       0       5       0       0       0       0     178      89       0       0       2       0       0       0     178      89
  220.000   113026.016      11    9320     160       0       0       0       2       0       0       0       0     180      90       0       0       2       0       0       0     180      90
  221.000   111837.472      11    9222     160       0       0       0       5       0       0       0       0     182      91       0       0       2       0       0       0     182      91
  222.000   110830.848      11    9139     160       0       0       0       5       0       0       0       0     185      93       0       0       2       0       0       0     185      93
  223.000   110612.544      11    9121     160       0       0       0       4       0       0       0       0     184      92       0       0       2       0       0       0     184      92
  224.000   109399.744      11    9021     160       0       0       0       5       0       0       0       0     177      89       0       0       2       0       0       0     177      89
  225.000   109921.248      11    9064     160       0       0       0       5       0       0       0       0     175      88       0       0       2       0       0       0     175      88
  226.000   111097.664      11    9161     160       0       0       0       1       0       0       0       0     175      88       0       0       2       0       0       0     175      88
  227.000   110479.136      11    9110     160       0       0       0       4       0       0       0       0     173      87       0       0       2       0       0       0     173      87
  228.000   106598.176      11    8790     160       0       0       0       2       0       0       0       0     172      86       0       0       2       0       0       0     172      86
  229.000   107677.568      11    8879     160       0       0       0       5       0       0       0       0     168      84       0       0       2       0       0       0     168      84
  230.000   109266.336      11    9010     160       0       0       0       3       0       0       0       0     167      84       0       0       2       0       0       0     167      84
  231.000   112468.128      11    9274     160       0       0       0       3       0       0       0       0     167      84       0       0       2       0       0       0     167      84
  232.000   116579.520      12    9613     160       0       0       0       2       0       0       0       0     165      83       0       0       2       0       0       0     165      83
  233.000   114069.024      11    9406     160       0       0       0       3       0       0       0       0     161      81       0       0       2       0       0       0     161      81
  234.000   113826.464      11    9386     160       0       0       0       3       0       0       0       0     157      79       0       0       2       0       0       0     157      79
  235.000   114141.792      11    9412     160       0       0       0       5       0       0       0       0     159      80       0       0       2       0       0       0     159      80
  236.000   111922.368      11    9229     160       0       0       0       1       0       0       0       0     156      78       0       0       2       0       0       0     156      78
  237.000   110782.336      11    9135     160       0       0       0       5       0       0       0       0     155      78       0       0       2       0       0       0     155      78
  238.000   104597.056      10    8625     160       0       0       0       6       0       0       0       0     156      78       0       0       2       0       0       0     156      78
  239.000   102511.040      10    8453     160       0       0       0       4       0       0       0       0     155      78       0       0       2       0       0       0     155      78
  240.000   102559.552      10    8457     160       0       0       0       2       0       0       0       0     154      77       0       0       2       0       0       0     154      77
  241.000   102947.648      10    8489     160       0       0       0       5       0       0       0       0     156      78       0       0       2       0       0       0     156      78
  242.000   102086.560      10    8418     160       0       0       0       3       0       0       0       0     155      78       0       0       2       0       0       0     155      78
  243.000   102620.192      10    8462     160       0       0       0       9       0       0       0       0     158      79       0       0       2       0       0       0     158      79
  244.000   102292.736      10    8435     160       0       0       0       5       0       0       0       0     162      81       0       0       2       0       0       0     162      81
  245.000   101965.280      10    8408     160       0       0       0       4       0       0       0       0     164      82       0       0       2       0       0       0     164      82
  246.000   102644.448      10    8464     160       0       0       0       3       0       0       0       0     167      84       0       0       2       0       0       0     167      84
  247.000   101492.288      10    8369     160       0       0       0       4       0       0       0       0     169      85       0       0       2       0       0       0     169      85
  248.000   103190.208      10    8509     160       0       0       0       2       0       0       0       0     168      84       0       0       2       0       0       0     168      84
  249.000   104305.984      10    8601     160       0       0       0       8       0       0       0       0     171      86       0       0       2       0       0       0     171      86
  250.000   104354.496      10    8605     160       0       0       0       3       0       0       0       0     173      87       0       0       2       0       0       0     173      87
  251.000   105021.536      11    8660     160       0       0       0       2       0       0       0       0     173      87       0       0       2       0       0       0     173      87
  252.000   105761.344      11    8721     160       0       0       0       4       0       0       0       0     173      87       0       0       2       0       0       0     173      87
  253.000   105397.504      11    8691     160       0       0       0       6       0       0       0       0     172      86       0       0       2       0       0       0     172      86
  254.000   106331.360      11    8768     160       0       0       0       3       0       0       0       0     170      85       0       0       2       0       0       0     170      85
  255.000   106210.080      11    8758     160       0       0       0       3       0       0       0       0     170      85       0       0       2       0       0       0     170      85
  256.000   103335.744      10    8521     160       0       0       0       1       0       0       0       0     166      83       0       0       2       0       0       0     166      83
  257.000   103869.376      10    8565     160       0       0       0       2       0       0       0       0     164      82       0       0       2       0       0       0     164      82
  258.000   107277.344      11    8846     160       0       0       0       2       0       0       0       0     160      80       0       0       2       0       0       0     160      80
  259.000   110442.752      11    9107     160       0       0       0       5       0       0       0       0     159      80       0       0       2       0       0       0     159      80
  260.000   112395.360      11    9268     160       0       0       0       4       0       0       0       0     156      78       0       0       2       0       0       0     156      78
  261.000   113729.440      11    9378     160       0       0       0       5       0       0       0       0     157      79       0       0       2       0       0       0     157      79
  262.000   112589.408      11    9284     160       0       0       0       2       0       0       0       0     157      79       0       0       2       0       0       0     157      79
  263.000   111619.168      11    9204     160       0       0       0       2       0       0       0       0     157      79       0       0       2       0       0       0     157      79
  264.000   111364.480      11    9183     160       0       0       0       6       0       0       0       0     158      79       0       0       2       0       0       0     158      79
  265.000   109290.592      11    9012     160       0       0       0       5       0       0       0       0     158      79       0       0       2       0       0       0     158      79
  266.000   107071.168      11    8829     160       0       0       0       5       0       0       0       0     162      81       0       0       2       0       0       0     162      81
  267.000   105834.112      11    8727     160       0       0       0       5       0       0       0       0     165      83       0       0       2       0       0       0     165      83
  268.000   105530.912      11    8702     160       0       0       0       1       0       0       0       0     161      81       0       0       2       0       0       0     161      81
  269.000   105567.296      11    8705     160       0       0       0       3       0       0       0       0     158      79       0       0       2       0       0       0     158      79
  270.000   107143.936      11    8835     160       0       0       0       2       0       0       0       0     158      79       0       0       2       0       0       0     158      79
  271.000   107835.232      11    8892     160       0       0       0       4       0       0       0       0     157      79       0       0       2       0       0       0     157      79
  272.000   107216.704      11    8841     160       0       0       0       8       0       0       0       0     163      82       0       0       2       0       0       0     163      82
  273.000   105409.632      11    8692     160       0       0       0       4       0       0       0       0     168      84       0       0       2       0       0       0     168      84
  274.000   104548.544      10    8621     160       0       0       0       4       0       0       0       0     167      84       0       0       2       0       0       0     167      84
  275.000   102530.112      10    8454     160       0       0       0       3       0       0       0       0     168      84       0       0       2       0       0       0     168      84
