  TimeSec      LoaKbps LoaUsag Packets DlyUsec LoaDrps MetDrps TabDrps FloMods MetMods GroMods  PktsIn PktsOut FloEntr FloUsag MetEntr MetUsag GroEntr GroUsag BufPkts BufUsag  T0Entr  T0Usag
    1.000        0.000       0       0     173       0       0       0       3       0       2       0       0       3       0       0       0       2       0       0       0       3       0
    2.000       77.952       0       7     197       0       0       0       2       0       0       0       0       4       0       0       0       2       0       0       0       4       0
    3.000     1302.880       0     108     288       0       0       0       1       0       0       0       0       5       0       0       0       2       0       0       0       5       0
    4.000     3413.152       1     282     357       0       0       0       6       0       0       0       0       9       0       0       0       2       0       0       0       9       0
    5.000     5474.912       1     452     395       0       0       0       3       0       0       0       0      13       0       0       0       2       0       0       0      13       0
    6.000     7573.056       2     625     478       0       0       0       3       0       0       0       0      17       0       0       0       2       0       0       0      17       0
    7.000     9707.584       2     801     497       0       0       0       2       0       0       0       0      19       0       0       0       2       0       0       0      19       0
    8.000    13248.960       3    1093     499       0       0       0       3       0       0       0       0      21       0       0       0       2       0       0       0      21       0
    9.000    15371.360       3    1268     499       0       0       0       4       0       0       0       0      24       0       0       0       2       0       0       0      24       0
   10.000    19021.888       4    1569     499       0       0       0       3       0       0       0       0      29       0       0       0       2       0       0       0      29       0
   11.000    22260.064       5    1836     559       0       0       0       6       0       0       0       0      32       0       0       0       2       0       0       0      32       0
   12.000    17602.912       4    1452     595       0       0       0       0       0       0       0       0      36       0       0       0       2       0       0       0      36       0
   13.000    12339.360       3    1018     446       0       0       0      37       0       0       0       0      18       0       0       0       2       0       0       0      18       0
   14.000    20380.224       5    1681     494       0       0       0       6       0       0       0       0      22       0       0       0       2       0       0       0      22       0
   15.000    25837.824       6    2131     499       0       0       0       5       0       0       0       0      27       0       0       0       2       0       0       0      27       0
   16.000    33345.056       7    2750     578       0       0       0       6       0       0       0       0      33       0       0       0       2       0       0       0      33       0
   17.000    38681.376       9    3190     597       0       0       0       4       0       0       0       0      38       0       0       0       2       0       0       0      38       0
   18.000    45849.024      10    3781     599       0       0       0       5       0       0       0       0      43       1       0       0       2       0       0       0      43       1
   19.000    49511.680      11    4083     599       0       0       0      10       0       0       0       0      51       1       0       0       2       0       0       0      51       1
   20.000    56327.616      13    4645     599       0       0       0       5       0       0       0       0      58       1       0       0       2       0       0       0      58       1
   21.000    61542.656      14    5075     648       0       0       0      10       0       0       0       0      64       1       0       0       2       0       0       0      64       1
   22.000    40500.576       9    3340     694       0       0       0      13       0       0       0       0      77       1       0       0       2       0       0       0      77       1
   23.000    18779.328       4    1549     526       0       0       0      62       0       0       0       0      36       0       0       0       2       0       0       0      36       0
   24.000    23630.528       5    1949     581       0       0       0       8       0       0       1       1      36       0       0       0       2       0       0       0      36       0
   25.000    25049.504       6    2066     598       0       0       0       0       0       0       0       0      39       0       0       0       2       0       0       0      39       0
   26.000    25243.552       6    2082     599       0       0       0       3       0       0       0       0      40       0       0       0       2       0       0       0      40       0
   27.000    27305.312       6    2252     599       0       0       0       3       0       0       0       0      44       1       0       0       2       0       0       0      44       1
   28.000    32738.656       7    2700     599       0       0       0       7       0       0       0       0      49       1       0       0       2       0       0       0      49       1
   29.000    39033.088       9    3219     600       0       0       0      10       0       0       0       0      58       1       0       0       2       0       0       0      58       1
   30.000    49390.400      11    4073     659       0       0       0       8       0       0       0       0      66       1       0       0       2       0       0       0      66       1
   31.000    56655.072      13    4672     695       0       0       0       5       0       0       0       0      73       1       0       0       2       0       0       0      73       1
   32.000    30822.432       7    2542     699       0       0       0       8       0       0       0       0      79       1       0       0       2       0       0       0      79       1
   33.000     9986.528       2     824     526       0       0       0      75       0       0       0       0      29       0       0       0       2       0       0       0      29       0
   34.000    12278.720       3    1013     502       0       0       0       3       0       0       0       0      26       0       0       0       2       0       0       0      26       0
   35.000    17712.064       4    1461     520       0       0       0       6       0       0       0       0      31       0       0       0       2       0       0       0      31       0
   36.000    29573.248       7    2439     591       0       0       0      11       0       0       0       0      40       0       0       0       2       0       0       0      40       0
   37.000    37941.568       8    3129     599       0       0       0       5       0       0       0       0      47       1       0       0       2       0       0       0      47       1
   38.000    43326.400      10    3573     599       0       0       0       6       0       0       0       0      52       1       0       0       2       0       0       0      52       1
   39.000    46588.832      10    3842     599       0       0       0       2       0       0       0       0      56       1       0       0       2       0       0       0      56       1
   40.000    50906.400      11    4198     619       0       0       0      10       0       0       0       0      62       1       0       0       2       0       0       0      62       1
   41.000    59626.432      13    4917     691       0       0       0       5       0       0       0       0      69       1       0       0       2       0       0       0      69       1
   42.000    35528.096       8    2930     699       0       0       0       5       0       0       0       0      75       1       0       0       2       0       0       0      75       1
   43.000    14401.120       3    1188     526       0       0       0      70       0       0       0       0      28       0       0       0       2       0       0       0      28       0
   44.000    19094.656       4    1575     502       0       0       0       7       0       0       0       0      30       0       0       0       2       0       0       0      30       0
   45.000    24455.232       5    2017     586       0       0       0       9       0       0       0       0      36       0       0       0       2       0       0       0      36       0
   46.000    30798.176       7    2540     598       0       0       0       6       0       0       0       0      42       1       0       0       2       0       0       0      42       1
   47.000    34388.064       8    2836     599       0       0       0       3       0       0       0       0      47       1       0       0       2       0       0       0      47       1
   48.000    44502.816      10    3670     599       0       0       0       7       0       0       0       0      54       1       0       0       2       0       0       0      54       1
   49.000    48517.184      11    4001     599       0       0       0       4       0       0       0       0      59       1       0       0       2       0       0       0      59       1
   50.000    49802.752      11    4107     600       0       0       0       4       0       0       0       0      62       1       0       0       2       0       0       0      62       1
   51.000    55114.816      12    4545     686       0       0       0       8       0       0       0       0      69       1       0       0       2       0       0       0      69       1
   52.000    48505.056      11    4000     698       0       0       0       8       0       0       0       0      77       1       0       0       2       0       0       0      77       1
   53.000    37128.992       8    3062     613       0       0       0      30       0       0       0       0      59       1       0       0       2       0       0       0      59       1
   54.000    43775.136      10    3610     601       0       0       0       7       0       0       0       0      62       1       0       0       2       0       0       0      62       1
   55.000    47886.528      11    3949     689       0       0       0       7       0       0       0       0      69       1       0       0       2       0       0       0      69       1
   56.000    50057.440      11    4128     698       0       0       0       5       0       0       0       0      73       1       0       0       2       0       0       0      73       1
   57.000    51512.800      11    4248     699       0       0       0       3       0       0       0       0      77       1       0       0       2       0       0       0      77       1
   58.000    54860.128      12    4524     699       0       0       0       9       0       0       0       0      83       1       0       0       2       0       0       0      83       1
   59.000    58340.864      13    4811     699       0       0       0       3       0       0       1       1      83       1       0       0       2       0       0       0      83       1
   60.000    59771.968      13    4929     700       0       0       0       5       0       0       0       0      88       1       0       0       2       0       0       0      88       1
   61.000    65387.232      15    5392     700       0       0       0       7       0       0       0       0      91       1       0       0       2       0       0       0      91       1
   62.000    62864.608      14    5184     700       0       0       0       6       0       0       0       0      98       1       0       0       2       0       0       0      98       1
   63.000    60317.728      13    4974     700       0       0       0      36       0       0       0       0      83       1       0       0       2       0       0       0      83       1
   64.000    62888.864      14    5186     700       0       0       0       6       0       0       0       0      86       1       0       0       2       0       0       0      86       1
   65.000    65496.384      15    5401     700       0       0       0       8       0       0       0       0      93       1       0       0       2       0       0       0      93       1
   66.000    66563.648      15    5489     700       0       0       0       9       0       0       1       1     100       1       0       0       2       0       0       0     100       1
   67.000    68103.904      15    5616     700       0       0       0       4       0       0       0       0     103       1       0       0       2       0       0       0     103       1
   68.000    69959.488      16    5769     700       0       0       0       6       0       0       1       1     105       1       0       0       2       0       0       0     105       1
   69.000    74580.256      17    6150     700       0       0       0      12       0       0       0       0     114       1       0       0       2       0       0       0     114       1
   70.000    79819.552      18    6582     700       0       0       0       6       0       0       1       1     118       1       0       0       2       0       0       0     118       1
   71.000    83336.672      19    6872     700       0       0       0       8       0       0       0       0     125       2       0       0       2       0       0       0     125       2
   72.000    80789.792      18    6662     789       0       0       0       6       0       0       0       0     133       2       0       0       2       0       0       0     133       2
   73.000    82548.352      18    6807     712       0       0       0      40       0       0       0       0     117       1       0       0       2       0       0       0     117       1
   74.000    85883.552      19    7082     701       0       0       0       5       0       0       0       0     119       1       0       0       2       0       0       0     119       1
   75.000    85653.120      19    7063     700       0       0       0       7       0       0       0       0     125       2       0       0       2       0       0       0     125       2
   76.000    96968.544      22    7996     789       0       0       0      14       0       0       0       0     137       2       0       0       2       0       0       0     137       2
   77.000   112043.648      25    9239     798       0       0       0      17       0       0       0       0     149       2       0       0       2       0       0       0     149       2
   78.000   118422.976      26    9765     799       0       0       0       9       0       0       0       0     159       2       0       0       2       0       0       0     159       2
   79.000   121236.672      27    9997     799       0       0       0       8       0       0       0       0     167       2       0       0       2       0       0       0     167       2
   80.000   124802.304      28   10291     799       0       0       0       6       0       0       0       0     170       2       0       0       2       0       0       0     170       2
   81.000   127761.536      28   10535     800       0       0       0       9       0       0       0       0     172       2       0       0       2       0       0       0     172       2
   82.000   123225.664      27   10161     800       0       0       0      11       0       0       0       0     179       2       0       0       2       0       0       0     179       2
   83.000   124474.848      28   10264     800       0       0       0      34       0       0       0       0     171       2       0       0       2       0       0       0     171       2
   84.000   128780.288      29   10619     800       0       0       0      10       0       0       0       0     179       2       0       0       2       0       0       0     179       2
   85.000   130866.304      29   10791     800       0       0       0      13       0       0       0       0     191       2       0       0       2       0       0       0     191       2
   86.000   133158.496      30   10980     800       0       0       0       7       0       0       0       0     200       2       0       0       2       0       0       0     200       2
   87.000   134250.016      30   11070     800       0       0       0      12       0       0       0       0     203       2       0       0       2       0       0       0     203       2
   88.000   136396.672      30   11247     800       0       0       0      10       0       0       0       0     214       3       0       0       2       0       0       0     214       3
   89.000   138130.976      31   11390     800       0       0       0      11       0       0       0       0     224       3       0       0       2       0       0       0     224       3
   90.000   138191.616      31   11395     800       0       0       0       6       0       0       0       0     228       3       0       0       2       0       0       0     228       3
   91.000   136372.416      30   11245     800       0       0       0       6       0       0       0       0     226       3       0       0       2       0       0       0     226       3
   92.000   129144.128      29   10649     800       0       0       0      11       0       0       0       0     233       3       0       0       2       0       0       0     233       3
   93.000   126924.704      28   10466     800       0       0       0      43       0       0       0       0     212       3       0       0       2       0       0       0     212       3
   94.000   129253.280      29   10658     800       0       0       0       6       0       0       0       0     214       3       0       0       2       0       0       0     214       3
   95.000   132952.320      30   10963     800       0       0       0       9       0       0       0       0     219       3       0       0       2       0       0       0     219       3
   96.000   135935.808      30   11209     800       0       0       0       7       0       0       0       0     222       3       0       0       2       0       0       0     222       3
   97.000   138312.896      31   11405     800       0       0       0       8       0       0       0       0     223       3       0       0       2       0       0       0     223       3
   98.000   140568.704      31   11591     800       0       0       0       6       0       0       0       0     227       3       0       0       2       0       0       0     227       3
   99.000   142181.728      32   11724     800       0       0       0       3       0       0       0       0     225       3       0       0       2       0       0       0     225       3
  100.000   143479.424      32   11831     800       0       0       0       6       0       0       1       1     218       3       0       0       2       0       0       0     218       3
  101.000   146002.048      32   12039     800       0       0       0       7       0       0       1       1     220       3       0       0       2       0       0       0     220       3
  102.000   140835.520      31   11613     800       0       0       0      11       0       0       0       0     222       3       0       0       2       0       0       0     222       3
  103.000   143697.728      32   11849     800       0       0       0      47       0       0       0       0     199       2       0       0       2       0       0       0     199       2
  104.000   148937.024      33   12281     800       0       0       0       8       0       0       0       0     204       2       0       0       2       0       0       0     204       2
  105.000   148924.896      33   12280     800       0       0       0      12       0       0       0       0     210       3       0       0       2       0       0       0     210       3
  106.000   153145.440      34   12628     800       0       0       0       8       0       0       0       0     218       3       0       0       2       0       0       0     218       3
  107.000   155401.248      35   12814     800       0       0       0       7       0       0       0       0     215       3       0       0       2       0       0       0     215       3
  108.000   157851.104      35   13016     800       0       0       0      11       0       0       0       0     218       3       0       0       2       0       0       0     218       3
  109.000   159500.512      35   13152     800       0       0       0      10       0       0       0       0     222       3       0       0       2       0       0       0     222       3
  110.000   168184.160      37   13868     800       0       0       0       8       0       0       0       0     226       3       0       0       2       0       0       0     226       3
  111.000   169639.520      38   13988     800       0       0       0       5       0       0       0       0     233       3       0       0       2       0       0       0     233       3
  112.000   156541.280      35   12908     800       0       0       0      12       0       0       0       0     239       3       0       0       2       0       0       0     239       3
  113.000   140932.544      31   11621     800       0       0       0      66       0       0       0       0     202       2       0       0       2       0       0       0     202       2
  114.000   146693.344      33   12096     800       0       0       0      11       0       0       0       0     207       3       0       0       2       0       0       0     207       3
  115.000   152769.472      34   12597     800       0       0       0      15       0       0       0       0     219       3       0       0       2       0       0       0     219       3
  116.000   153266.720      34   12638     800       0       0       0       7       0       0       0       0     225       3       0       0       2       0       0       0     225       3
  117.000   154249.088      34   12719     800       0       0       0      11       0       0       0       0     228       3       0       0       2       0       0       0     228       3
  118.000   159391.360      35   13143     800       0       0       0      15       0       0       0       0     233       3       0       0       2       0       0       0     233       3
  119.000   162399.104      36   13391     800       0       0       0      10       0       0       0       0     242       3       0       0       2       0       0       0     242       3
  120.000   165297.696      37   13630     800       0       0       0      12       0       0       0       0     245       3       0       0       2       0       0       0     245       3
  121.000   169069.504      38   13941     836       0       0       0      11       0       0       0       0     255       3       0       0       2       0       0       0     255       3
  122.000   157365.984      35   12976     893       0       0       0      10       0       0       0       0     264       3       0       0       2       0       0       0     264       3
  123.000   150828.992      34   12437     812       0       0       0      53       0       0       0       0     237       3       0       0       2       0       0       0     237       3
  124.000   158299.840      35   13053     801       0       0       0      10       0       0       0       0     237       3       0       0       2       0       0       0     237       3
  125.000   162496.128      36   13399     800       0       0       0       8       0       0       0       0     245       3       0       0       2       0       0       0     245       3
  126.000   163890.848      36   13514     800       0       0       0       8       0       0       0       0     249       3       0       0       2       0       0       0     249       3
  127.000   172356.192      38   14212     870       0       0       0      11       0       0       0       0     256       3       0       0       2       0       0       0     256       3
  128.000   173835.808      39   14334     869       0       0       0      19       0       0       0       0     260       3       0       0       2       0       0       0     260       3
  129.000   173180.896      38   14280     896       0       0       0      10       0       0       0       0     267       3       0       0       2       0       0       0     267       3
  130.000   171070.624      38   14106     899       0       0       0      11       0       0       1       1     270       3       0       0       2       0       0       0     270       3
  131.000   169966.976      38   14015     899       0       0       0       9       0       0       0       0     272       3       0       0       2       0       0       0     272       3
  132.000   162859.968      36   13429     899       0       0       0       6       0       0       0       0     272       3       0       0       2       0       0       0     272       3
  133.000   150756.224      34   12431     813       0       0       0      60       0       0       1       1     241       3       0       0       2       0       0       0     241       3
  134.000   150622.816      33   12420     801       0       0       0      11       0       0       0       0     240       3       0       0       2       0       0       0     240       3
  135.000   158202.816      35   13045     800       0       0       0      15       0       0       0       0     250       3       0       0       2       0       0       0     250       3
  136.000   166837.952      37   13757     884       0       0       0      12       0       0       0       0     258       3       0       0       2       0       0       0     258       3
  137.000   169688.032      38   13992     898       0       0       0      10       0       0       0       0     260       3       0       0       2       0       0       0     260       3
  138.000   174903.072      39   14422     899       0       0       0       9       0       0       0       0     259       3       0       0       2       0       0       0     259       3
  139.000   181719.008      40   14984     899       0       0       0       9       0       0       0       0     264       3       0       0       2       0       0       0     264       3
  140.000   179341.920      40   14788     899       0       0       0       6       0       0       0       0     262       3       0       0       2       0       0       0     262       3
  141.000   177656.128      39   14649     900       0       0       0      11       0       0       0       0     266       3       0       0       2       0       0       0     266       3
  142.000   172841.312      38   14252     900       0       0       0      12       0       0       0       0     272       3       0       0       2       0       0       0     272       3
  143.000   163478.496      36   13480     813       0       0       0      50       0       0       0       0     232       3       0       0       2       0       0       0     232       3
  144.000   163054.016      36   13445     801       0       0       0      10       0       0       0       0     229       3       0       0       2       0       0       0     229       3
  145.000   167092.640      37   13778     800       0       0       0      12       0       0       0       0     236       3       0       0       2       0       0       0     236       3
  146.000   168499.488      37   13894     800       0       0       0       9       0       0       0       0     242       3       0       0       2       0       0       0     242       3
  147.000   169275.680      38   13958     800       0       0       0       6       0       0       0       0     242       3       0       0       2       0       0       0     242       3
  148.000   175727.776      39   14490     800       0       0       0       4       0       0       0       0     235       3       0       0       2       0       0       0     235       3
  149.000   181246.016      40   14945     800       0       0       0      15       0       0       0       0     237       3       0       0       2       0       0       0     237       3
  150.000   182107.104      40   15016     800       0       0       0       7       0       0       0       0     239       3       0       0       2       0       0       0     239       3
  151.000   182192.000      40   15023     800       0       0       0       8       0       0       0       0     239       3       0       0       2       0       0       0     239       3
  152.000   169772.928      38   13999     800       0       0       0      12       0       0       0       0     243       3       0       0       2       0       0       0     243       3
  153.000   165588.768      37   13654     800       0       0       0      56       0       0       0       0     212       3       0       0       2       0       0       0     212       3
  154.000   166704.544      37   13746     800       0       0       0      15       0       0       0       0     216       3       0       0       2       0       0       0     216       3
  155.000   172986.848      38   14264     800       0       0       0      16       0       0       0       0     230       3       0       0       2       0       0       0     230       3
  156.000   171616.384      38   14151     800       0       0       0      10       0       0       0       0     232       3       0       0       2       0       0       0     232       3
  157.000   171640.640      38   14153     800       0       0       0      15       0       0       0       0     238       3       0       0       2       0       0       0     238       3
  158.000   172489.600      38   14223     800       0       0       0       8       0       0       0       0     245       3       0       0       2       0       0       0     245       3
  159.000   174357.312      39   14377     800       0       0       0      11       0       0       0       0     248       3       0       0       2       0       0       0     248       3
  160.000   178408.064      40   14711     800       0       0       0       9       0       0       0       0     253       3       0       0       2       0       0       0     253       3
  161.000   177171.008      39   14609     836       0       0       0       9       0       0       0       0     256       3       0       0       2       0       0       0     256       3
  162.000   173314.304      39   14291     893       0       0       0       9       0       0       0       0     265       3       0       0       2       0       0       0     265       3
  163.000   168075.008      37   13859     812       0       0       0      47       0       0       0       0     237       3       0       0       2       0       0       0     237       3
  164.000   176261.408      39   14534     801       0       0       0      16       0       0       0       0     241       3       0       0       2       0       0       0     241       3
  165.000   185272.512      41   15277     800       0       0       0       8       0       0       0       0     247       3       0       0       2       0       0       0     247       3
  166.000   192549.312      43   15877     800       0       0       0      11       0       0       0       0     253       3       0       0       2       0       0       0     253       3
  167.000   193931.904      43   15991     864       0       0       0      10       0       0       0       0     257       3       0       0       2       0       0       0     257       3
  168.000   194174.464      43   16011     896       0       0       0      10       0       0       0       0     260       3       0       0       2       0       0       0     260       3
  169.000   194792.992      43   16062     899       0       0       0      10       0       0       1       1     262       3       0       0       2       0       0       0     262       3
  170.000   195908.768      44   16154     899       0       0       0       8       0       0       0       0     260       3       0       0       2       0       0       0     260       3
  171.000   194489.792      43   16037     887       0       0       0       9       0       0       0       0     258       3       0       0       2       0       0       0     258       3
  172.000   186837.024      42   15406     898       0       0       0      10       0       0       1       1     263       3       0       0       2       0       0       0     263       3
  173.000   180979.200      40   14923     813       0       0       0      51       0       0       1       1     237       3       0       0       2       0       0       0     237       3
  174.000   177146.752      39   14607     801       0       0       0      15       0       0       1       1     243       3       0       0       2       0       0       0     243       3
  175.000   175812.672      39   14497     836       0       0       0      14       0       0       0       0     254       3       0       0       2       0       0       0     254       3
  176.000   178820.416      40   14745     893       0       0       0      12       0       0       0       0     260       3       0       0       2       0       0       0     260       3
  177.000   182119.232      40   15017     899       0       0       0       9       0       0       0       0     264       3       0       0       2       0       0       0     264       3
  178.000   186727.872      41   15397     899       0       0       0      15       0       0       0       0     271       3       0       0       2       0       0       0     271       3
  179.000   194320.000      43   16023     899       0       0       0      10       0       0       0       0     278       3       0       0       2       0       0       0     278       3
  180.000   193859.136      43   15985     899       0       0       0       9       0       0       0       0     284       3       0       0       2       0       0       0     284       3
  181.000   194659.584      43   16051     900       0       0       0       4       0       0       0       0     283       3       0       0       2       0       0       0     283       3
  182.000   179463.200      40   14798     900       0       0       0       6       0       0       0       0     285       3       0       0       2       0       0       0     285       3
  183.000   164800.448      37   13589     813       0       0       0      56       0       0       0       0     245       3       0       0       2       0       0       0     245       3
  184.000   164048.512      36   13527     801       0       0       0      17       0       0       0       0     250       3       0       0       2       0       0       0     250       3
  185.000   163187.424      36   13456     883       0       0       0      10       0       0       0       0     260       3       0       0       2       0       0       0     260       3
  186.000   166692.416      37   13745     878       0       0       0       6       0       0       0       0     260       3       0       0       2       0       0       0     260       3
  187.000   170743.168      38   14079     844       0       0       0      14       0       0       0       0     256       3       0       0       2       0       0       0     256       3
  188.000   176661.632      39   14567     826       0       0       0       5       0       0       0       0     254       3       0       0       2       0       0       0     254       3
  189.000   177619.744      39   14646     802       0       0       0      10       0       0       0       0     247       3       0       0       2       0       0       0     247       3
  190.000   178941.696      40   14755     800       0       0       0      14       0       0       0       0     249       3       0       0       2       0       0       0     249       3
  191.000   180591.104      40   14891     800       0       0       0      11       0       0       0       0     251       3       0       0       2       0       0       0     251       3
  192.000   175497.344      39   14471     873       0       0       0      10       0       0       0       0     257       3       0       0       2       0       0       0     257       3
  193.000   163975.744      36   13521     810       0       0       0      60       0       0       1       1     231       3       0       0       2       0       0       0     231       3
  194.000   166886.464      37   13761     801       0       0       0       9       0       0       0       0     235       3       0       0       2       0       0       0     235       3
  195.000   166837.952      37   13757     800       0       0       0      10       0       0       1       1     242       3       0       0       2       0       0       0     242       3
  196.000   168645.024      37   13906     800       0       0       0      12       0       0       0       0     252       3       0       0       2       0       0       0     252       3
  197.000   173981.344      39   14346     859       0       0       0      12       0       0       0       0     257       3       0       0       2       0       0       0     257       3
  198.000   180821.536      40   14910     895       0       0       0      10       0       0       0       0     262       3       0       0       2       0       0       0     262       3
  199.000   183950.560      41   15168     899       0       0       0      15       0       0       0       0     265       3       0       0       2       0       0       0     265       3
  200.000   184047.584      41   15176     899       0       0       0      17       0       0       1       1     266       3       0       0       2       0       0       0     266       3
  201.000   188716.864      42   15561     899       0       0       0       4       0       0       0       0     275       3       0       0       2       0       0       0     275       3
  202.000   176030.976      39   14515     899       0       0       0       5       0       0       0       0     279       3       0       0       2       0       0       0     279       3
  203.000   163357.216      36   13470     813       0       0       0      57       0       0       0       0     242       3       0       0       2       0       0       0     242       3
  204.000   157232.576      35   12965     801       0       0       0      12       0       0       0       0     244       3       0       0       2       0       0       0     244       3
  205.000   158784.960      35   13093     800       0       0       0      10       0       0       0       0     249       3       0       0       2       0       0       0     249       3
  206.000   163102.528      36   13449     879       0       0       0      10       0       0       0       0     258       3       0       0       2       0       0       0     258       3
  207.000   162059.520      36   13363     897       0       0       0       7       0       0       0       0     260       3       0       0       2       0       0       0     260       3
  208.000   165285.568      37   13629     816       0       0       0       9       0       0       0       0     253       3       0       0       2       0       0       0     253       3
  209.000   165055.136      37   13610     801       0       0       0       9       0       0       1       1     252       3       0       0       2       0       0       0     252       3
  210.000   162023.136      36   13360     800       0       0       0      11       0       0       0       0     254       3       0       0       2       0       0       0     254       3
  211.000   174806.048      39   14414     889       0       0       0      13       0       0       1       1     260       3       0       0       2       0       0       0     260       3
  212.000   163163.168      36   13454     898       0       0       0      11       0       0       0       0     264       3       0       0       2       0       0       0     264       3
  213.000   156225.952      35   12882     813       0       0       0      49       0       0       0       0     240       3       0       0       2       0       0       0     240       3
  214.000   163102.528      36   13449     801       0       0       0       9       0       0       0       0     239       3       0       0       2       0       0       0     239       3
  215.000   162920.608      36   13434     800       0       0       0      10       0       0       0       0     245       3       0       0       2       0       0       0     245       3
  216.000   163017.632      36   13442     800       0       0       0      10       0       0       0       0     253       3       0       0       2       0       0       0     253       3
  217.000   166280.064      37   13711     848       0       0       0      13       0       0       0       0     256       3       0       0       2       0       0       0     256       3
  218.000   176309.920      39   14538     894       0       0       0      15       0       0       0       0     270       3       0       0       2       0       0       0     270       3
  219.000   183259.264      41   15111     899       0       0       0      14       0       0       0       0     271       3       0       0       2       0       0       0     271       3
  220.000   184860.160      41   15243     899       0       0       0      10       0       0       0       0     278       3       0       0       2       0       0       0     278       3
  221.000   187467.680      42   15458     899       0       0       0       9       0       0       1       1     277       3       0       0       2       0       0       0     277       3
  222.000   169809.312      38   14002     899       0       0       0       5       0       0       0       0     279       3       0       0       2       0       0       0     279       3
  223.000   151083.680      34   12458     813       0       0       0      57       0       0       0       0     245       3       0       0       2       0       0       0     245       3
  224.000   149094.688      33   12294     801       0       0       0      10       0       0       0       0     244       3       0       0       2       0       0       0     244       3
  225.000   153715.456      34   12675     820       0       0       0      13       0       0       0       0     252       3       0       0       2       0       0       0     252       3
  226.000   154770.592      34   12762     833       0       0       0      11       0       0       1       1     256       3       0       0       2       0       0       0     256       3
  227.000   156274.464      35   12886     892       0       0       0       9       0       0       0       0     259       3       0       0       2       0       0       0     259       3
  228.000   163175.296      36   13455     887       0       0       0       7       0       0       0       0     258       3       0       0       2       0       0       0     258       3
  229.000   162217.184      36   13376     898       0       0       0       6       0       0       0       0     262       3       0       0       2       0       0       0     262       3
  230.000   163393.600      36   13473     899       0       0       0      12       0       0       0       0     267       3       0       0       2       0       0       0     267       3
  231.000   166401.344      37   13721     899       0       0       0      12       0       0       1       1     269       3       0       0       2       0       0       0     269       3
  232.000   155267.840      35   12803     899       0       0       0      11       0       0       0       0     275       3       0       0       2       0       0       0     275       3
  233.000   146232.480      32   12058     813       0       0       0      45       0       0       0       0     246       3       0       0       2       0       0       0     246       3
  234.000   152211.584      34   12551     801       0       0       0      12       0       0       0       0     250       3       0       0       2       0       0       0     250       3
  235.000   160701.184      36   13251     820       0       0       0      10       0       0       0       0     255       3       0       0       2       0       0       0     255       3
  236.000   164654.912      37   13577     891       0       0       0       9       0       0       0       0     259       3       0       0       2       0       0       0     259       3
  237.000   168705.664      37   13911     899       0       0       0      12       0       0       0       0     262       3       0       0       2       0       0       0     262       3
  238.000   174514.976      39   14390     899       0       0       0       9       0       0       0       0     263       3       0       0       2       0       0       0     263       3
  239.000   179790.656      40   14825     899       0       0       0       9       0       0       0       0     260       3       0       0       2       0       0       0     260       3
  240.000   187892.160      42   15493     899       0       0       0      10       0       0       0       0     263       3       0       0       2       0       0       0     263       3
  241.000   188559.200      42   15548     900       0       0       0       7       0       0       0       0     263       3       0       0       2       0       0       0     263       3
  242.000   169190.784      38   13951     900       0       0       0      10       0       0       0       0     270       3       0       0       2       0       0       0     270       3
  243.000   152551.168      34   12579     813       0       0       0      63       0       0       0       0     239       3       0       0       2       0       0       0     239       3
  244.000   154455.264      34   12736     801       0       0       0       7       0       0       0       0     241       3       0       0       2       0       0       0     241       3
  245.000   158506.016      35   13070     800       0       0       0      12       0       0       0       0     247       3       0       0       2       0       0       0     247       3
  246.000   156892.992      35   12937     800       0       0       0       7       0       0       0       0     248       3       0       0       2       0       0       0     248       3
  247.000   163672.544      36   13496     800       0       0       0       7       0       0       0       0     247       3       0       0       2       0       0       0     247       3
  248.000   165855.584      37   13676     800       0       0       0       7       0       0       0       0     250       3       0       0       2       0       0       0     250       3
  249.000   172647.264      38   14236     800       0       0       0      12       0       0       0       0     253       3       0       0       2       0       0       0     253       3
  250.000   176867.808      39   14584     883       0       0       0       9       0       0       0       0     259       3       0       0       2       0       0       0     259       3
  251.000   178383.808      40   14709     898       0       0       0       9       0       0       0       0     262       3       0       0       2       0       0       0     262       3
  252.000   166267.936      37   13710     899       0       0       0      10       0       0       0       0     266       3       0       0       2       0       0       0     266       3
  253.000   156056.160      35   12868     813       0       0       0      54       0       0       0       0     238       3       0       0       2       0       0       0     238       3
  254.000   162750.816      36   13420     801       0       0       0      14       0       0       0       0     244       3       0       0       2       0       0       0     244       3
  255.000   161598.656      36   13325     820       0       0       0      10       0       0       0       0     254       3       0       0       2       0       0       0     254       3
  256.000   161283.328      36   13299     891       0       0       0      10       0       0       0       0     260       3       0       0       2       0       0       0     260       3
  257.000   167456.480      37   13808     899       0       0       0      13       0       0       0       0     262       3       0       0       2       0       0       0     262       3
  258.000   172380.448      38   14214     899       0       0       0      13       0       0       0       0     267       3       0       0       2       0       0       0     267       3
  259.000   171555.744      38   14146     899       0       0       0       4       0       0       0       0     266       3       0       0       2       0       0       0     266       3
  260.000   174308.800      39   14373     899       0       0       0      14       0       0       0       0     272       3       0       0       2       0       0       0     272       3
  261.000   174369.440      39   14378     900       0       0       0      11       0       0       0       0     279       3       0       0       2       0       0       0     279       3
  262.000   165164.288      37   13619     900       0       0       0      11       0       0       0       0     287       4       0       0       2       0       0       0     287       4
  263.000   159148.800      35   13123     839       0       0       0      53       0       0       0       0     260       3       0       0       2       0       0       0     260       3
  264.000   161186.304      36   13291     893       0       0       0       7       0       0       0       0     262       3       0       0       2       0       0       0     262       3
  265.000   162447.616      36   13395     899       0       0       0      12       0       0       1       1     268       3       0       0       2       0       0       0     268       3
  266.000   170803.808      38   14084     899       0       0       0      16       0       0       0       0     273       3       0       0       2       0       0       0     273       3
  267.000   180894.304      40   14916     899       0       0       0      13       0       0       0       0     283       3       0       0       2       0       0       0     283       3
  268.000   180785.152      40   14907     899       0       0       0      12       0       0       0       0     284       3       0       0       2       0       0       0     284       3
  269.000   182640.736      41   15060     900       0       0       0      16       0       0       0       0     291       4       0       0       2       0       0       0     291       4
  270.000   188425.792      42   15537     900       0       0       0       9       0       0       0       0     291       4       0       0       2       0       0       0     291       4
  271.000   193276.992      43   15937     900       0       0       0       9       0       0       0       0     290       4       0       0       2       0       0       0     290       4
  272.000   185163.360      41   15268     900       0       0       0       5       0       0       0       0     293       4       0       0       2       0       0       0     293       4
  273.000   178116.992      40   14687     833       0       0       0      49       0       0       0       0     259       3       0       0       2       0       0       0     259       3
  274.000   183720.128      41   15149     890       0       0       0      12       0       0       0       0     263       3       0       0       2       0       0       0     263       3
  275.000   184103.040      41   15180     898       0       0       0      10       0       0       0       0     268       3       0       0       2       0       0       0     268       3
