  TimeSec      LoaKbps LoaUsag Packets DlyUsec LoaDrps MetDrps TabDrps FloMods MetMods GroMods  PktsIn PktsOut FloEntr FloUsag MetEntr MetUsag GroEntr GroUsag BufPkts BufUsag  T0Entr  T0Usag
    1.000        0.000       0       0      34       0       0       0       4       0       0       0       0       3       0       0       0       0       0       0       0       3       0
    2.000       95.264       0       9      39       0       0       0       0       0       0       0       0       4       0       0       0       0       0       0       0       4       0
    3.000     1320.192       0     110      39       0       0       0       0       0       0       0       0       4       0       0       0       0       0       0       0       4       0
    4.000     3418.336       0     283      39       0       0       0       0       0       0       0       0       4       0       0       0       0       0       0       0       4       0
    5.000     5504.352       0     455      39       0       0       0       0       0       0       0       0       4       0       0       0       0       0       0       0       4       0
    6.000     7578.240       0     626      40       0       0       0       0       0       0       0       0       4       0       0       0       0       0       0       0       4       0
    7.000     9737.024       0     804      40       0       0       0       0       0       0       0       0       4       0       0       0       0       0       0       0       4       0
    8.000    13229.888       0    1092      40       0       0       0       0       0       0       0       0       4       0       0       0       0       0       0       0       4       0
    9.000    15388.672       0    1270      40       0       0       0       0       0       0       0       0       4       0       0       0       0       0       0       0       4       0
   10.000    19075.584       0    1574      40       0       0       0       0       0       0       0       0       4       0       0       0       0       0       0       0       4       0
   11.000    22253.120       0    1836      40       0       0       0       0       0       0       0       0       4       0       0       0       0       0       0       0       4       0
   12.000    27856.256       0    2298      40       0       0       0      27       0       0       0       0       4       0       0       0       0       0       0       0       4       0
   13.000    32743.840       0    2701      40       0       0       0       0       0       0       0       0       4       0       0       0       0       0       0       0       4       0
   14.000    38807.840       0    3201      56       0       0       0       1       0       0       1       1       5       0       0       0       0       0       0       0       5       0
   15.000    43828.832       0    3615      59       0       0       0       0       0       0       0       0       5       0       0       0       0       0       0       0       5       0
   16.000    51336.064       0    4234      59       0       0       0       1       0       0       1       1       5       0       0       0       0       0       0       0       5       0
   17.000    56163.008       0    4632      59       0       0       0       1       0       0       1       1       7       0       0       0       0       0       0       0       7       0
   18.000    62760.640       0    5176      60       0       0       0       1       0       0       1       1       8       0       0       0       0       0       0       0       8       0
   19.000    66289.888       0    5467      60       0       0       0       0       0       0       0       0       8       0       0       0       0       0       0       0       8       0
   20.000    72948.160       0    6016      71       0       0       0       1       0       0       1       1       9       0       0       0       0       0       0       0       9       0
   21.000    78054.048       0    6437      79       0       0       0       1       0       0       1       1       9       0       0       0       0       0       0       0       9       0
   22.000    85306.592       0    7035      79       0       0       0      59       0       0       2       2      11       0       0       0       0       0       0       0      11       0
   23.000    91807.200       0    7571      79       0       0       0       0       0       0       0       0      12       0       0       0       0       0       0       0      12       0
   24.000    95190.912       0    7850      79       0       0       0       3       0       0       2       2      13       0       0       0       0       0       0       0      13       0
   25.000    94232.800       0    7771      80       0       0       0       0       0       0       0       0      15       0       0       0       0       0       0       0      15       0
   26.000    94390.464       0    7784      80       0       0       0       1       0       0       1       1      16       0       0       0       0       0       0       0      16       0
   27.000    96367.328       0    7947      80       0       0       0       0       0       0       0       0      16       0       0       0       0       0       0       0      16       0
   28.000   101800.672       0    8395      80       0       0       0       1       0       0       1       1      16       0       0       0       0       0       0       0      16       0
   29.000   107876.800       0    8896      97       0       0       0       2       0       0       2       2      17       0       0       0       0       0       0       0      17       0
   30.000   118052.192       0    9735      99       0       0       0       1       0       0       1       1      18       0       0       0       0       0       0       0      18       0
   31.000   124395.136       0   10258      99       0       0       0       3       0       0       3       3      21       0       0       0       0       0       0       0      21       0
   32.000   121156.960       0    9991      99       0       0       0      71       0       0       4       4      22       0       0       0       0       0       0       0      22       0
   33.000   117651.968       0    9702     100       0       0       0       2       0       0       2       2      25       0       0       0       0       0       0       0      25       0
   34.000   119264.992       0    9835     100       0       0       0       1       0       0       1       1      26       0       0       0       0       0       0       0      26       0
   35.000   124734.720       0   10286     100       0       0       0       0       0       0       0       0      25       0       0       0       0       0       0       0      25       0
   36.000   135176.928       0   11147     100       0       0       0       2       0       0       2       2      26       0       0       0       0       0       0       0      26       0
   37.000   142271.808       0   11732     100       0       0       0       0       0       0       0       0      25       0       0       0       0       0       0       0      25       0
   38.000   147486.848       0   12162     100       0       0       0       0       0       0       0       0      24       0       0       0       0       0       0       0      24       0
   39.000   150373.312       0   12400     100       0       0       0       1       0       0       1       1      23       0       0       0       0       0       0       0      23       0
   40.000   153259.776       0   12638     100       0       0       0       2       0       0       2       2      24       0       0       0       0       0       0       0      24       0
   41.000   159166.112       0   13125     100       0       0       0       1       0       0       1       1      24       0       0       0       0       0       0       0      24       0
   42.000   162283.008       0   13382     100       0       0       0      62       0       0       1       1      25       0       0       0       0       0       0       0      25       0
   43.000   167886.144       0   13844     100       0       0       0       2       0       0       2       2      25       0       0       0       0       0       0       0      25       0
   44.000   169523.424       0   13979     100       0       0       0       2       0       0       2       2      26       0       0       0       0       0       0       0      26       0
   45.000   173380.128       0   14297     100       0       0       0       3       0       0       3       3      27       0       0       0       0       0       0       0      27       0
   46.000   178510.272       0   14720     100       0       0       0       2       0       0       2       2      27       0       0       0       0       0       0       0      27       0
   47.000   179298.592       0   14785     100       0       0       0       3       0       0       3       3      26       0       0       0       0       0       0       0      26       0
   48.000   185981.120       0   15336     100       0       0       0       1       0       0       1       1      25       0       0       0       0       0       0       0      25       0
   49.000   188867.584       0   15574     100       0       0       0       2       0       0       2       2      25       0       0       0       0       0       0       0      25       0
   50.000   190104.640       0   15676     100       0       0       0       0       0       0       0       0      26       0       0       0       0       0       0       0      26       0
   51.000   193815.808       0   15982     100       0       0       0       2       0       0       2       2      26       0       0       0       0       0       0       0      26       0
   52.000   198363.808       0   16357     100       0       0       0      28       0       0       2       2      27       0       0       0       0       0       0       0      27       0
   53.000   200340.672       0   16520     100       0       0       0       2       0       0       2       2      29       0       0       0       0       0       0       0      29       0
   54.000   206028.704       0   16989     100       0       0       0       3       0       0       3       3      30       0       0       0       0       0       0       0      30       0
   55.000   207981.312       0   17150     105       0       0       0       3       0       0       3       3      32       0       0       0       0       0       0       0      32       0
   56.000   208223.872       0   17170     114       0       0       0       2       0       0       2       2      33       0       0       0       0       0       0       0      33       0
   57.000   209363.904       0   17264     119       0       0       0       0       0       0       0       0      33       0       0       0       0       0       0       0      33       0
   58.000   212929.536       0   17558     119       0       0       0       1       0       0       1       1      33       0       0       0       0       0       0       0      33       0
   59.000   215949.408       0   17807     102       0       0       0       2       0       0       1       1      31       0       0       0       0       0       0       0      31       0
   60.000   213402.528       0   17597     100       0       0       0       1       0       0       1       1      31       0       0       0       0       0       0       0      31       0
   61.000   218302.240       0   18001     100       0       0       0       2       0       0       2       2      30       0       0       0       0       0       0       0      30       0
   62.000   221673.824       0   18279     100       0       0       0      28       0       0       1       1      29       0       0       0       0       0       0       0      29       0
   63.000   226949.504       0   18714     100       0       0       0       2       0       0       2       2      28       0       0       0       0       0       0       0      28       0
   64.000   228077.408       0   18807     100       0       0       0       2       0       0       2       2      28       0       0       0       0       0       0       0      28       0
   65.000   225579.040       0   18601     100       0       0       0       3       0       0       3       3      31       0       0       0       0       0       0       0      31       0
   66.000   221831.488       0   18292     116       0       0       0       6       0       0       5       5      34       0       0       0       0       0       0       0      34       0
   67.000   218144.576       0   17988     119       0       0       0       2       0       0       2       2      35       0       0       0       0       0       0       0      35       0
   68.000   218253.728       0   17997     119       0       0       0       5       0       0       4       4      37       0       0       0       0       0       0       0      37       0
   69.000   218241.600       0   17996     119       0       0       0       3       0       0       3       3      40       0       0       0       0       0       0       0      40       0
   70.000   222389.376       0   18338     120       0       0       0       3       0       0       2       2      38       0       0       0       0       0       0       0      38       0
   71.000   224439.008       0   18507     120       0       0       0       1       0       0       1       1      38       0       0       0       0       0       0       0      38       0
   72.000   225991.392       0   18635     120       0       0       0      33       0       0       4       4      41       0       0       0       0       0       0       0      41       0
   73.000   233644.160       0   19266     120       0       0       0       3       0       0       3       3      42       0       0       0       0       0       0       0      42       0
   74.000   234468.864       0   19334     120       0       0       0       1       0       0       1       1      44       0       0       0       0       0       0       0      44       0
   75.000   232977.120       0   19211     120       0       0       0       3       0       0       3       3      44       0       0       0       0       0       0       0      44       0
   76.000   238167.904       0   19639     120       0       0       0       5       0       0       5       5      48       0       0       0       0       0       0       0      48       0
   77.000   251642.112       0   20750     120       0       0       0       3       0       0       3       3      48       0       0       0       0       0       0       0      48       0
   78.000   255438.176       0   21063     120       0       0       0       3       0       0       3       3      50       0       0       0       0       0       0       0      50       0
   79.000   257014.816       0   21193     120       0       0       0       2       0       0       2       2      52       0       0       0       0       0       0       0      52       0
   80.000   260459.168       0   21477     120       0       0       0       3       0       0       3       3      50       0       0       0       0       0       0       0      50       0
   81.000   261211.104       0   21539     120       0       0       0       7       0       0       7       7      50       0       0       0       0       0       0       0      50       0
   82.000   258021.440       0   21276     120       0       0       0      25       0       0       2       2      52       0       0       0       0       0       0       0      52       0
   83.000   267153.824       0   22029     120       0       0       0       4       0       0       4       4      52       0       0       0       0       0       0       0      52       0
   84.000   270573.920       0   22311     120       0       0       0       4       0       0       4       4      51       0       0       0       0       0       0       0      51       0
   85.000   269652.192       0   22235     120       0       0       0       7       0       0       7       7      56       0       0       0       0       0       0       0      56       0
   86.000   269640.064       0   22234     120       0       0       0       4       0       0       4       4      58       0       0       0       0       0       0       0      58       0
   87.000   269688.576       0   22238     120       0       0       0       9       0       0       9       9      59       0       0       0       0       0       0       0      59       0
   88.000   269567.296       0   22228     137       0       0       0       7       0       0       7       7      66       0       0       0       0       0       0       0      66       0
   89.000   264982.912       0   21850     139       0       0       0       7       0       0       7       7      72       0       0       0       0       0       0       0      72       0
   90.000   260920.032       0   21515     139       0       0       0       3       0       0       3       3      74       0       0       0       0       0       0       0      74       0
   91.000   257718.240       0   21251     139       0       0       0       5       0       0       5       5      72       0       0       0       0       0       0       0      72       0
   92.000   252139.360       0   20791     140       0       0       0      40       0       0       6       6      76       0       0       0       0       0       0       0      76       0
   93.000   249859.296       0   20603     140       0       0       0       5       0       0       5       5      79       0       0       0       0       0       0       0      79       0
   94.000   251035.712       0   20700     140       0       0       0       3       0       0       3       3      79       0       0       0       0       0       0       0      79       0
   95.000   253594.720       0   20911     140       0       0       0       4       0       0       4       4      80       0       0       0       0       0       0       0      80       0
   96.000   254007.072       0   20945     140       0       0       0       4       0       0       4       4      79       0       0       0       0       0       0       0      79       0
   97.000   255329.024       0   21054     140       0       0       0       2       0       0       2       2      78       0       0       0       0       0       0       0      78       0
   98.000   256808.640       0   21176     140       0       0       0       5       0       0       5       5      79       0       0       0       0       0       0       0      79       0
   99.000   255765.632       0   21090     140       0       0       0       1       0       0       1       1      78       0       0       0       0       0       0       0      78       0
  100.000   256408.416       0   21143     140       0       0       0       4       0       0       3       3      72       0       0       0       0       0       0       0      72       0
  101.000   253800.896       0   20928     140       0       0       0       5       0       0       4       4      73       0       0       0       0       0       0       0      73       0
  102.000   248937.568       0   20527     140       0       0       0      41       0       0       7       7      75       0       0       0       0       0       0       0      75       0
  103.000   256238.624       0   21129     140       0       0       0       5       0       0       5       5      71       0       0       0       0       0       0       0      71       0
  104.000   258482.304       0   21314     140       0       0       0       3       0       0       3       3      67       0       0       0       0       0       0       0      67       0
  105.000   255729.248       0   21087     140       0       0       0       7       0       0       7       7      68       0       0       0       0       0       0       0      68       0
  106.000   253061.088       0   20867     140       0       0       0       3       0       0       3       3      70       0       0       0       0       0       0       0      70       0
  107.000   253776.640       0   20926     140       0       0       0       3       0       0       3       3      67       0       0       0       0       0       0       0      67       0
  108.000   255680.736       0   21083     140       0       0       0       5       0       0       5       5      66       0       0       0       0       0       0       0      66       0
  109.000   257342.272       0   21220     140       0       0       0       3       0       0       3       3      66       0       0       0       0       0       0       0      66       0
  110.000   265734.848       0   21912     128       0       0       0       3       0       0       3       3      64       0       0       0       0       0       0       0      64       0
  111.000   263187.968       0   21702     126       0       0       0       2       0       0       2       2      65       0       0       0       0       0       0       0      65       0
  112.000   266195.712       0   21950     120       0       0       0      58       0       0       4       4      63       0       0       0       0       0       0       0      63       0
  113.000   265637.824       0   21904     137       0       0       0       8       0       0       8       8      66       0       0       0       0       0       0       0      66       0
  114.000   266523.168       0   21977     139       0       0       0       4       0       0       4       4      69       0       0       0       0       0       0       0      69       0
  115.000   268839.616       0   22168     139       0       0       0       7       0       0       7       7      74       0       0       0       0       0       0       0      74       0
  116.000   266717.216       0   21993     139       0       0       0       5       0       0       5       5      73       0       0       0       0       0       0       0      73       0
  117.000   264303.744       0   21794     140       0       0       0       6       0       0       6       6      72       0       0       0       0       0       0       0      72       0
  118.000   262921.152       0   21680     140       0       0       0       9       0       0       9       9      74       0       0       0       0       0       0       0      74       0
  119.000   264000.544       0   21769     140       0       0       0       6       0       0       6       6      78       0       0       0       0       0       0       0      78       0
  120.000   264461.408       0   21807     140       0       0       0       4       0       0       4       4      78       0       0       0       0       0       0       0      78       0
  121.000   265552.928       0   21897     140       0       0       0       6       0       0       6       6      77       0       0       0       0       0       0       0      77       0
  122.000   263491.168       0   21727     140       0       0       0      48       0       0       5       5      80       0       0       0       0       0       0       0      80       0
  123.000   266365.504       0   21964     140       0       0       0       5       0       0       5       5      81       0       0       0       0       0       0       0      81       0
  124.000   273545.280       0   22556     140       0       0       0       5       0       0       5       5      80       0       0       0       0       0       0       0      80       0
  125.000   273836.352       0   22580     140       0       0       0       3       0       0       3       3      84       0       0       0       0       0       0       0      84       0
  126.000   275109.792       0   22685     140       0       0       0       4       0       0       4       4      83       0       0       0       0       0       0       0      83       0
  127.000   283271.936       0   23358     140       0       0       0       4       0       0       4       4      84       0       0       0       0       0       0       0      84       0
  128.000   281646.784       0   23224     140       0       0       0      10       0       0      10      10      85       0       0       0       0       0       0       0      85       0
  129.000   276371.104       0   22789     140       0       0       0       7       0       0       7       7      88       0       0       0       0       0       0       0      88       0
  130.000   270719.456       0   22323     140       0       0       0       6       0       0       5       5      88       0       0       0       0       0       0       0      88       0
  131.000   267493.408       0   22057     140       0       0       0       3       0       0       3       3      88       0       0       0       0       0       0       0      88       0
  132.000   269724.960       0   22241     140       0       0       0      50       0       0       4       4      86       0       0       0       0       0       0       0      86       0
  133.000   264097.568       0   21777     140       0       0       0      11       0       0      10      10      87       0       0       0       0       0       0       0      87       0
  134.000   258712.736       0   21333     140       0       0       0       4       0       0       4       4      85       0       0       0       0       0       0       0      85       0
  135.000   264898.016       0   21843     140       0       0       0       7       0       0       7       7      86       0       0       0       0       0       0       0      86       0
  136.000   270780.096       0   22328     140       0       0       0       6       0       0       6       6      88       0       0       0       0       0       0       0      88       0
  137.000   271277.344       0   22369     140       0       0       0       6       0       0       6       6      89       0       0       0       0       0       0       0      89       0
  138.000   270210.080       0   22281     140       0       0       0       3       0       0       3       3      88       0       0       0       0       0       0       0      88       0
  139.000   273775.712       0   22575     140       0       0       0       4       0       0       4       4      88       0       0       0       0       0       0       0      88       0
  140.000   269470.272       0   22220     140       0       0       0       5       0       0       5       5      88       0       0       0       0       0       0       0      88       0
  141.000   267893.632       0   22090     140       0       0       0       6       0       0       6       6      90       0       0       0       0       0       0       0      90       0
  142.000   276201.312       0   22775     140       0       0       0      50       0       0       4       4      91       0       0       0       0       0       0       0      91       0
  143.000   277244.320       0   22861     140       0       0       0       3       0       0       3       3      85       0       0       0       0       0       0       0      85       0
  144.000   276152.800       0   22771     140       0       0       0       3       0       0       3       3      81       0       0       0       0       0       0       0      81       0
  145.000   279451.616       0   23043     140       0       0       0       6       0       0       6       6      79       0       0       0       0       0       0       0      79       0
  146.000   280082.272       0   23095     140       0       0       0       4       0       0       4       4      79       0       0       0       0       0       0       0      79       0
  147.000   280276.320       0   23111     140       0       0       0       2       0       0       2       2      79       0       0       0       0       0       0       0      79       0
  148.000   285927.968       0   23577     140       0       0       0       2       0       0       2       2      72       0       0       0       0       0       0       0      72       0
  149.000   285843.072       0   23570     140       0       0       0       7       0       0       7       7      71       0       0       0       0       0       0       0      71       0
  150.000   284460.480       0   23456     140       0       0       0       4       0       0       4       4      71       0       0       0       0       0       0       0      71       0
  151.000   284181.536       0   23433     140       0       0       0       3       0       0       3       3      68       0       0       0       0       0       0       0      68       0
  152.000   286437.344       0   23619     131       0       0       0      53       0       0       6       6      65       0       0       0       0       0       0       0      65       0
  153.000   296673.376       0   24463     138       0       0       0       4       0       0       4       4      66       0       0       0       0       0       0       0      66       0
  154.000   296903.808       0   24482     139       0       0       0       4       0       0       4       4      66       0       0       0       0       0       0       0      66       0
  155.000   300129.856       0   24748     139       0       0       0       8       0       0       8       8      69       0       0       0       0       0       0       0      69       0
  156.000   298359.168       0   24602     139       0       0       0       5       0       0       5       5      68       0       0       0       0       0       0       0      68       0
  157.000   296891.680       0   24481     140       0       0       0       6       0       0       6       6      71       0       0       0       0       0       0       0      71       0
  158.000   293665.632       0   24215     140       0       0       0       5       0       0       5       5      73       0       0       0       0       0       0       0      73       0
  159.000   291749.408       0   24057     140       0       0       0       4       0       0       4       4      74       0       0       0       0       0       0       0      74       0
  160.000   293762.656       0   24223     140       0       0       0       6       0       0       6       6      75       0       0       0       0       0       0       0      75       0
  161.000   289420.832       0   23865     140       0       0       0       5       0       0       5       5      75       0       0       0       0       0       0       0      75       0
  162.000   293738.400       0   24221     140       0       0       0      43       0       0       3       3      76       0       0       0       0       0       0       0      76       0
  163.000   297243.392       0   24510     140       0       0       0       4       0       0       4       4      79       0       0       0       0       0       0       0      79       0
  164.000   303416.544       0   25019     140       0       0       0       6       0       0       6       6      79       0       0       0       0       0       0       0      79       0
  165.000   311057.184       0   25649     140       0       0       0       4       0       0       4       4      77       0       0       0       0       0       0       0      77       0
  166.000   317691.200       0   26196     140       0       0       0       4       0       0       4       4      77       0       0       0       0       0       0       0      77       0
  167.000   319219.328       0   26322     140       0       0       0       6       0       0       6       6      78       0       0       0       0       0       0       0      78       0
  168.000   317945.888       0   26217     140       0       0       0       4       0       0       4       4      78       0       0       0       0       0       0       0      78       0
  169.000   315010.912       0   25975     140       0       0       0       7       0       0       6       6      80       0       0       0       0       0       0       0      80       0
  170.000   312973.408       0   25807     140       0       0       0       3       0       0       3       3      77       0       0       0       0       0       0       0      77       0
  171.000   308813.504       0   25464     140       0       0       0       8       0       0       8       8      77       0       0       0       0       0       0       0      77       0
  172.000   302761.632       0   24965     140       0       0       0      47       0       0       7       7      81       0       0       0       0       0       0       0      81       0
  173.000   299377.920       0   24686     140       0       0       0       9       0       0       8       8      83       0       0       0       0       0       0       0      83       0
  174.000   292561.984       0   24124     140       0       0       0      12       0       0      11      11      88       0       0       0       0       0       0       0      88       0
  175.000   287735.040       0   23726     140       0       0       0       6       0       0       6       6      93       0       0       0       0       0       0       0      93       0
  176.000   287795.680       0   23731     140       0       0       0       6       0       0       6       6      93       0       0       0       0       0       0       0      93       0
  177.000   289226.784       0   23849     140       0       0       0       1       0       0       1       1      91       0       0       0       0       0       0       0      91       0
  178.000   290742.784       0   23974     140       0       0       0       6       0       0       6       6      93       0       0       0       0       0       0       0      93       0
  179.000   295169.504       0   24339     140       0       0       0       4       0       0       4       4      93       0       0       0       0       0       0       0      93       0
  180.000   293604.992       0   24210     140       0       0       0       6       0       0       6       6      93       0       0       0       0       0       0       0      93       0
  181.000   292537.728       0   24122     140       0       0       0       3       0       0       3       3      93       0       0       0       0       0       0       0      93       0
  182.000   290136.384       0   23924     140       0       0       0      51       0       0       3       3      92       0       0       0       0       0       0       0      92       0
  183.000   290403.200       0   23946     140       0       0       0       7       0       0       7       7      91       0       0       0       0       0       0       0      91       0
  184.000   280882.720       0   23161     140       0       0       0       9       0       0       9       9      94       0       0       0       0       0       0       0      94       0
  185.000   274782.336       0   22658     140       0       0       0       4       0       0       4       4      97       0       0       0       0       0       0       0      97       0
  186.000   277693.056       0   22898     140       0       0       0       1       0       0       1       1      93       0       0       0       0       0       0       0      93       0
  187.000   281307.200       0   23196     140       0       0       0       4       0       0       4       4      86       0       0       0       0       0       0       0      86       0
  188.000   284448.352       0   23455     140       0       0       0       4       0       0       4       4      82       0       0       0       0       0       0       0      82       0
  189.000   284314.944       0   23444     140       0       0       0       5       0       0       5       5      76       0       0       0       0       0       0       0      76       0
  190.000   285394.336       0   23533     140       0       0       0       3       0       0       3       3      72       0       0       0       0       0       0       0      72       0
  191.000   286934.592       0   23660     140       0       0       0       4       0       0       4       4      68       0       0       0       0       0       0       0      68       0
  192.000   292804.544       0   24144     140       0       0       0      49       0       0       4       4      69       0       0       0       0       0       0       0      69       0
  193.000   285988.608       0   23582     140       0       0       0      10       0       0       9       9      74       0       0       0       0       0       0       0      74       0
  194.000   286061.376       0   23588     140       0       0       0       6       0       0       6       6      76       0       0       0       0       0       0       0      76       0
  195.000   278093.280       0   22931     140       0       0       0       6       0       0       5       5      76       0       0       0       0       0       0       0      76       0
  196.000   273836.352       0   22580     140       0       0       0       5       0       0       5       5      79       0       0       0       0       0       0       0      79       0
  197.000   278820.960       0   22991     140       0       0       0       2       0       0       2       2      78       0       0       0       0       0       0       0      78       0
  198.000   283065.760       0   23341     140       0       0       0       6       0       0       6       6      77       0       0       0       0       0       0       0      77       0
  199.000   283817.696       0   23403     140       0       0       0       9       0       0       9       9      78       0       0       0       0       0       0       0      78       0
  200.000   281355.712       0   23200     140       0       0       0       8       0       0       7       7      77       0       0       0       0       0       0       0      77       0
  201.000   282629.152       0   23305     140       0       0       0       3       0       0       3       3      82       0       0       0       0       0       0       0      82       0
  202.000   284387.712       0   23450     140       0       0       0      52       0       0       3       3      83       0       0       0       0       0       0       0      83       0
  203.000   285200.288       0   23517     140       0       0       0       3       0       0       3       3      81       0       0       0       0       0       0       0      81       0
  204.000   277183.680       0   22856     140       0       0       0       7       0       0       7       7      84       0       0       0       0       0       0       0      84       0
  205.000   278044.768       0   22927     140       0       0       0       5       0       0       5       5      83       0       0       0       0       0       0       0      83       0
  206.000   279888.224       0   23079     140       0       0       0       6       0       0       6       6      87       0       0       0       0       0       0       0      87       0
  207.000   278032.640       0   22926     140       0       0       0       1       0       0       1       1      87       0       0       0       0       0       0       0      87       0
  208.000   279851.840       0   23076     140       0       0       0       6       0       0       6       6      80       0       0       0       0       0       0       0      80       0
  209.000   279463.744       0   23044     140       0       0       0       7       0       0       6       6      79       0       0       0       0       0       0       0      79       0
  210.000   273399.744       0   22544     140       0       0       0       5       0       0       5       5      81       0       0       0       0       0       0       0      81       0
  211.000   284302.816       0   23443     140       0       0       0       7       0       0       6       6      82       0       0       0       0       0       0       0      82       0
  212.000   282083.392       0   23260     140       0       0       0      46       0       0       6       6      83       0       0       0       0       0       0       0      83       0
  213.000   280664.416       0   23143     140       0       0       0       3       0       0       3       3      86       0       0       0       0       0       0       0      86       0
  214.000   285527.744       0   23544     140       0       0       0       2       0       0       2       2      79       0       0       0       0       0       0       0      79       0
  215.000   279924.608       0   23082     140       0       0       0       4       0       0       4       4      76       0       0       0       0       0       0       0      76       0
  216.000   275546.400       0   22721     140       0       0       0       6       0       0       6       6      76       0       0       0       0       0       0       0      76       0
  217.000   275485.760       0   22716     140       0       0       0       9       0       0       9       9      77       0       0       0       0       0       0       0      77       0
  218.000   278069.024       0   22929     140       0       0       0       5       0       0       5       5      82       0       0       0       0       0       0       0      82       0
  219.000   279112.032       0   23015     140       0       0       0       7       0       0       7       7      81       0       0       0       0       0       0       0      81       0
  220.000   279682.048       0   23062     140       0       0       0       5       0       0       5       5      84       0       0       0       0       0       0       0      84       0
  221.000   281537.632       0   23215     140       0       0       0       6       0       0       5       5      82       0       0       0       0       0       0       0      82       0
  222.000   281222.304       0   23189     140       0       0       0      50       0       0       3       3      83       0       0       0       0       0       0       0      83       0
  223.000   278772.448       0   22987     140       0       0       0       8       0       0       8       8      87       0       0       0       0       0       0       0      87       0
  224.000   273302.720       0   22536     140       0       0       0       5       0       0       5       5      88       0       0       0       0       0       0       0      88       0
  225.000   276856.224       0   22829     140       0       0       0       3       0       0       3       3      84       0       0       0       0       0       0       0      84       0
  226.000   276019.392       0   22760     140       0       0       0       9       0       0       8       8      83       0       0       0       0       0       0       0      83       0
  227.000   270489.024       0   22304     140       0       0       0       4       0       0       4       4      85       0       0       0       0       0       0       0      85       0
  228.000   276904.736       0   22833     140       0       0       0       2       0       0       2       2      82       0       0       0       0       0       0       0      82       0
  229.000   274127.424       0   22604     140       0       0       0       5       0       0       5       5      85       0       0       0       0       0       0       0      85       0
  230.000   273181.440       0   22526     140       0       0       0       4       0       0       4       4      85       0       0       0       0       0       0       0      85       0
  231.000   274964.256       0   22673     140       0       0       0       9       0       0       8       8      86       0       0       0       0       0       0       0      86       0
  232.000   271992.896       0   22428     140       0       0       0      43       0       0       5       5      87       0       0       0       0       0       0       0      87       0
  233.000   273205.696       0   22528     140       0       0       0       1       0       0       1       1      82       0       0       0       0       0       0       0      82       0
  234.000   277547.520       0   22886     140       0       0       0       5       0       0       5       5      81       0       0       0       0       0       0       0      81       0
  235.000   283199.168       0   23352     140       0       0       0       6       0       0       6       6      78       0       0       0       0       0       0       0      78       0
  236.000   281986.368       0   23252     140       0       0       0       5       0       0       5       5      79       0       0       0       0       0       0       0      79       0
  237.000   283769.184       0   23399     140       0       0       0       6       0       0       6       6      81       0       0       0       0       0       0       0      81       0
  238.000   286849.696       0   23653     140       0       0       0       5       0       0       5       5      81       0       0       0       0       0       0       0      81       0
  239.000   290815.552       0   23980     140       0       0       0       2       0       0       2       2      76       0       0       0       0       0       0       0      76       0
  240.000   297886.176       0   24563     140       0       0       0       5       0       0       5       5      75       0       0       0       0       0       0       0      75       0
  241.000   294648.000       0   24296     140       0       0       0       3       0       0       3       3      73       0       0       0       0       0       0       0      73       0
  242.000   290888.320       0   23986     140       0       0       0      52       0       0       4       4      72       0       0       0       0       0       0       0      72       0
  243.000   292307.296       0   24103     140       0       0       0       8       0       0       8       8      75       0       0       0       0       0       0       0      75       0
  244.000   293326.048       0   24187     140       0       0       0       2       0       0       2       2      75       0       0       0       0       0       0       0      75       0
  245.000   296042.720       0   24411     140       0       0       0       6       0       0       6       6      74       0       0       0       0       0       0       0      74       0
  246.000   293410.944       0   24194     140       0       0       0       3       0       0       3       3      72       0       0       0       0       0       0       0      72       0
  247.000   298929.184       0   24649     140       0       0       0       3       0       0       3       3      69       0       0       0       0       0       0       0      69       0
  248.000   299935.808       0   24732     140       0       0       0       3       0       0       3       3      69       0       0       0       0       0       0       0      69       0
  249.000   305272.128       0   25172     140       0       0       0       5       0       0       5       5      69       0       0       0       0       0       0       0      69       0
  250.000   308498.176       0   25438     140       0       0       0       5       0       0       5       5      71       0       0       0       0       0       0       0      71       0
  251.000   306024.064       0   25234     140       0       0       0       6       0       0       6       6      70       0       0       0       0       0       0       0      70       0
  252.000   308546.688       0   25442     140       0       0       0      50       0       0       7       7      70       0       0       0       0       0       0       0      70       0
  253.000   309359.264       0   25509     140       0       0       0       5       0       0       5       5      70       0       0       0       0       0       0       0      70       0
  254.000   313931.520       0   25886     140       0       0       0       7       0       0       7       7      73       0       0       0       0       0       0       0      73       0
  255.000   309456.288       0   25517     140       0       0       0       7       0       0       7       7      77       0       0       0       0       0       0       0      77       0
  256.000   306715.360       0   25291     140       0       0       0       3       0       0       3       3      79       0       0       0       0       0       0       0      79       0
  257.000   311408.896       0   25678     140       0       0       0       5       0       0       5       5      76       0       0       0       0       0       0       0      76       0
  258.000   310802.496       0   25628     140       0       0       0       8       0       0       8       8      77       0       0       0       0       0       0       0      77       0
  259.000   304908.288       0   25142     140       0       0       0       1       0       0       1       1      78       0       0       0       0       0       0       0      78       0
  260.000   306193.856       0   25248     140       0       0       0      10       0       0      10      10      80       0       0       0       0       0       0       0      80       0
  261.000   305708.736       0   25208     140       0       0       0       2       0       0       2       2      81       0       0       0       0       0       0       0      81       0
  262.000   307564.320       0   25361     140       0       0       0      48       0       0       6       6      82       0       0       0       0       0       0       0      82       0
  263.000   308764.992       0   25460     140       0       0       0       4       0       0       4       4      84       0       0       0       0       0       0       0      84       0
  264.000   308752.864       0   25459     140       0       0       0       5       0       0       5       5      85       0       0       0       0       0       0       0      85       0
  265.000   306897.280       0   25306     140       0       0       0       4       0       0       3       3      84       0       0       0       0       0       0       0      84       0
  266.000   312864.256       0   25798     140       0       0       0      10       0       0      10      10      86       0       0       0       0       0       0       0      86       0
  267.000   314938.144       0   25969     140       0       0       0       6       0       0       6       6      89       0       0       0       0       0       0       0      89       0
  268.000   311954.656       0   25723     140       0       0       0       8       0       0       8       8      89       0       0       0       0       0       0       0      89       0
  269.000   312063.808       0   25732     140       0       0       0       5       0       0       5       5      90       0       0       0       0       0       0       0      90       0
  270.000   316866.496       0   26128     140       0       0       0       3       0       0       3       3      87       0       0       0       0       0       0       0      87       0
  271.000   320735.328       0   26447     140       0       0       0       6       0       0       6       6      85       0       0       0       0       0       0       0      85       0
  272.000   319995.520       0   26386     140       0       0       0      44       0       0       2       2      86       0       0       0       0       0       0       0      86       0
  273.000   322360.480       0   26581     140       0       0       0       4       0       0       4       4      84       0       0       0       0       0       0       0      84       0
  274.000   325683.552       0   26855     140       0       0       0       5       0       0       5       5      83       0       0       0       0       0       0       0      83       0
  275.000   324108.672       0   26724     140       0       0       0       7       0       0       7       7      83       0       0       0       0       0       0       0      83       0
