  TimeSec      LoaKbps LoaUsag Packets DlyUsec LoaDrps MetDrps TabDrps FloMods MetMods GroMods  PktsIn PktsOut FloEntr FloUsag MetEntr MetUsag GroEntr GroUsag BufPkts BufUsag  T0Entr  T0Usag
    1.000        0.000       0       0     173       0       0       0       3       0       2       0       0       3       0       0       0       2       0       0       0       3       0
    2.000     2382.272       1     197     270       0       0       0       5       0       0       0       0       5       0       0       0       2       0       0       0       5       0
    3.000     5523.424       1     456     355       0       0       0       2       0       0       0       0       8       0       0       0       2       0       0       0       8       0
    4.000     7500.288       2     619     395       0       0       0       3       0       0       0       0      12       0       0       0       2       0       0       0      12       0
    5.000    10192.704       2     841     448       0       0       0       5       0       0       0       0      16       0       0       0       2       0       0       0      16       0
    6.000    15359.232       3    1267     494       0       0       0       6       0       0       0       0      20       0       0       0       2       0       0       0      20       0
    7.000    22260.064       5    1836     499       0       0       0       5       0       0       0       0      27       0       0       0       2       0       0       0      27       0
    8.000    29670.272       7    2447     548       0       0       0       6       0       0       0       0      32       0       0       0       2       0       0       0      32       0
    9.000    33332.928       7    2749     594       0       0       0       3       0       0       0       0      37       0       0       0       2       0       0       0      37       0
   10.000    35528.096       8    2930     599       0       0       0       4       0       0       0       0      40       0       0       0       2       0       0       0      40       0
   11.000    37335.168       8    3079     599       0       0       0       6       0       0       0       0      46       1       0       0       2       0       0       0      46       1
   12.000    41361.664       9    3411     599       0       0       0       6       0       0       0       0      51       1       0       0       2       0       0       0      51       1
   13.000    48650.592      11    4012     599       0       0       0       5       0       0       0       0      56       1       0       0       2       0       0       0      56       1
   14.000    51900.896      12    4280     600       0       0       0       6       0       0       0       0      61       1       0       0       2       0       0       0      61       1
   15.000    57552.544      13    4746     689       0       0       0       4       0       0       0       0      66       1       0       0       2       0       0       0      66       1
   16.000    63022.272      14    5197     698       0       0       0       6       0       0       0       0      71       1       0       0       2       0       0       0      71       1
   17.000    67727.936      15    5585     699       0       0       0       9       0       0       0       0      80       1       0       0       2       0       0       0      80       1
   18.000    72930.848      16    6014     699       0       0       0       7       0       0       0       0      88       1       0       0       2       0       0       0      88       1
   19.000    82997.088      18    6844     699       0       0       0       4       0       0       0       0      92       1       0       0       2       0       0       0      92       1
   20.000    87508.704      19    7216     700       0       0       0       8       0       0       0       0      99       1       0       0       2       0       0       0      99       1
   21.000    96374.272      21    7947     700       0       0       0       5       0       0       0       0     105       1       0       0       2       0       0       0     105       1
   22.000    99430.528      22    8199     700       0       0       0       6       0       0       0       0     110       1       0       0       2       0       0       0     110       1
   23.000    99430.528      22    8199     700       0       0       0       5       0       0       0       0     115       1       0       0       2       0       0       0     115       1
   24.000   101734.848      23    8389     700       0       0       0       5       0       0       0       0     120       1       0       0       2       0       0       0     120       1
   25.000   104330.240      23    8603     720       0       0       0       6       0       0       0       0     126       2       0       0       2       0       0       0     126       2
   26.000   109424.000      24    9023     791       0       0       0       5       0       0       0       0     132       2       0       0       2       0       0       0     132       2
   27.000   116118.656      26    9575     799       0       0       0       7       0       0       0       0     138       2       0       0       2       0       0       0     138       2
   28.000   125651.264      28   10361     799       0       0       0       4       0       0       0       0     144       2       0       0       2       0       0       0     144       2
   29.000   130102.240      29   10728     799       0       0       0       3       0       0       0       0     146       2       0       0       2       0       0       0     146       2
   30.000   133643.616      30   11020     799       0       0       0       8       0       0       0       0     149       2       0       0       2       0       0       0     149       2
   31.000   135923.680      30   11208     800       0       0       0       9       0       0       0       0     157       2       0       0       2       0       0       0     157       2
   32.000   142606.208      32   11759     800       0       0       0       6       0       0       0       0     164       2       0       0       2       0       0       0     164       2
   33.000   147991.040      33   12203     800       0       0       0       3       0       0       0       0     169       2       0       0       2       0       0       0     169       2
   34.000   149021.920      33   12288     800       0       0       0       3       0       0       0       0     172       2       0       0       2       0       0       0     172       2
   35.000   150877.504      34   12441     800       0       0       0       9       0       0       0       0     179       2       0       0       2       0       0       0     179       2
   36.000   153242.464      34   12636     800       0       0       0       5       0       0       0       0     183       2       0       0       2       0       0       0     183       2
   37.000   155983.392      35   12862     800       0       0       0       3       0       0       0       0     187       2       0       0       2       0       0       0     187       2
   38.000   156698.944      35   12921     800       0       0       0       7       0       0       0       0     189       2       0       0       2       0       0       0     189       2
   39.000   157414.496      35   12980     800       0       0       0       6       0       0       0       0     194       2       0       0       2       0       0       0     194       2
   40.000   161671.424      36   13331     800       0       0       0       5       0       0       0       0     199       2       0       0       2       0       0       0     199       2
   41.000   166680.288      37   13744     800       0       0       0       9       0       0       0       0     204       2       0       0       2       0       0       0     204       2
   42.000   167529.248      37   13814     800       0       0       0       7       0       0       0       0     211       3       0       0       2       0       0       0     211       3
   43.000   169651.648      38   13989     800       0       0       0       4       0       0       0       0     214       3       0       0       2       0       0       0     214       3
   44.000   174818.176      39   14415     800       0       0       0       8       0       0       0       0     220       3       0       0       2       0       0       0     220       3
   45.000   178529.344      40   14721     800       0       0       0       7       0       0       0       0     226       3       0       0       2       0       0       0     226       3
   46.000   185684.864      41   15311     800       0       0       0       8       0       0       0       0     231       3       0       0       2       0       0       0     231       3
   47.000   187261.504      42   15441     800       0       0       0       8       0       0       0       0     237       3       0       0       2       0       0       0     237       3
   48.000   193034.432      43   15917     800       0       0       0       8       0       0       0       0     246       3       0       0       2       0       0       0     246       3
   49.000   200250.592      45   16512     800       0       0       0       7       0       0       0       0     254       3       0       0       2       0       0       0     254       3
   50.000   200493.152      45   16532     826       0       0       0       6       0       0       0       0     255       3       0       0       2       0       0       0     255       3
   51.000   198637.568      44   16379     889       0       0       0       6       0       0       0       0     259       3       0       0       2       0       0       0     259       3
   52.000   200820.608      45   16559     898       0       0       0       7       0       0       0       0     265       3       0       0       2       0       0       0     265       3
   53.000   201342.112      45   16602     899       0       0       0       8       0       0       0       0     267       3       0       0       2       0       0       0     267       3
   54.000   203112.800      45   16748     899       0       0       0       3       0       0       0       0     269       3       0       0       2       0       0       0     269       3
   55.000   204992.640      46   16903     899       0       0       0       7       0       0       0       0     270       3       0       0       2       0       0       0     270       3
   56.000   211747.936      47   17460     900       0       0       0       7       0       0       0       0     274       3       0       0       2       0       0       0     274       3
   57.000   216950.848      48   17889     900       0       0       0       8       0       0       0       0     277       3       0       0       2       0       0       0     277       3
   58.000   219497.728      49   18099     900       0       0       0      10       0       0       0       0     287       4       0       0       2       0       0       0     287       4
   59.000   219679.648      49   18114     900       0       0       0      14       0       0       0       0     296       4       0       0       2       0       0       0     296       4
   60.000   220189.024      49   18156     900       0       0       0       9       0       0       0       0     306       4       0       0       2       0       0       0     306       4
   61.000   220298.176      49   18165     900       0       0       0      14       0       0       0       0     318       4       0       0       2       0       0       0     318       4
   62.000   222578.240      49   18353     900       0       0       0      10       0       0       0       0     324       4       0       0       2       0       0       0     324       4
   63.000   224749.152      50   18532     900       0       0       0       5       0       0       0       0     325       4       0       0       2       0       0       0     325       4
   64.000   226604.736      50   18685     900       0       0       0      12       0       0       0       0     332       4       0       0       2       0       0       0     332       4
   65.000   230825.280      51   19033     900       0       0       0      10       0       0       0       0     337       4       0       0       2       0       0       0     337       4
   66.000   238623.584      53   19676     900       0       0       0      11       0       0       0       0     340       4       0       0       2       0       0       0     340       4
   67.000   243001.792      54   20037     900       0       0       0       7       0       0       0       0     344       4       0       0       2       0       0       0     344       4
   68.000   244141.824      54   20131     900       0       0       0       5       0       0       0       0     346       4       0       0       2       0       0       0     346       4
   69.000   247634.688      55   20419     900       0       0       0      12       0       0       0       0     350       4       0       0       2       0       0       0     350       4
   70.000   252958.880      56   20858     900       0       0       0       8       0       0       0       0     356       4       0       0       2       0       0       0     356       4
   71.000   258428.608      57   21309     900       0       0       0       6       0       0       0       0     361       4       0       0       2       0       0       0     361       4
   72.000   261642.528      58   21574     900       0       0       0      10       0       0       0       0     366       4       0       0       2       0       0       0     366       4
   73.000   260817.824      58   21506     900       0       0       0       9       0       0       0       0     368       4       0       0       2       0       0       0     368       4
   74.000   260660.160      58   21493     900       0       0       0       9       0       0       0       0     368       4       0       0       2       0       0       0     368       4
   75.000   265669.024      59   21906     900       0       0       0       8       0       0       0       0     364       4       0       0       2       0       0       0     364       4
   76.000   268919.328      60   22174     900       0       0       0      12       0       0       0       0     359       4       0       0       2       0       0       0     359       4
   77.000   271757.280      60   22408     900       0       0       0       7       0       0       0       0     361       4       0       0       2       0       0       0     361       4
   78.000   278233.632      62   22942     900       0       0       0      10       0       0       0       0     364       4       0       0       2       0       0       0     364       4
   79.000   278100.224      62   22931     900       0       0       0      15       0       0       0       0     368       4       0       0       2       0       0       0     368       4
   80.000   278670.240      62   22978     900       0       0       0      10       0       0       0       0     373       5       0       0       2       0       0       0     373       5
   81.000   281762.880      63   23233     900       0       0       0      11       0       0       0       0     381       5       0       0       2       0       0       0     381       5
   82.000   279143.232      62   23017     900       0       0       0      15       0       0       0       0     388       5       0       0       2       0       0       0     388       5
   83.000   283412.288      63   23369     900       0       0       0      10       0       0       0       0     396       5       0       0       2       0       0       0     396       5
   84.000   290446.528      65   23949     900       0       0       0      13       0       0       0       0     404       5       0       0       2       0       0       0     404       5
   85.000   294751.968      66   24304     900       0       0       0      11       0       0       0       0     412       5       0       0       2       0       0       0     412       5
   86.000   297492.896      66   24530     900       0       0       0       8       0       0       0       0     419       5       0       0       2       0       0       0     419       5
   87.000   299494.016      67   24695     900       0       0       0      11       0       0       0       0     421       5       0       0       2       0       0       0     421       5
   88.000   300888.736      67   24810     900       0       0       0      12       0       0       0       0     425       5       0       0       2       0       0       0     425       5
   89.000   298863.360      66   24643     900       0       0       0      11       0       0       0       0     426       5       0       0       2       0       0       0     426       5
   90.000   304042.016      68   25070     900       0       0       0       6       0       0       0       0     429       5       0       0       2       0       0       0     429       5
   91.000   308359.584      69   25426     900       0       0       0       5       0       0       0       0     429       5       0       0       2       0       0       0     429       5
   92.000   304806.080      68   25133     900       0       0       0      14       0       0       0       0     431       5       0       0       2       0       0       0     431       5
   93.000   300573.408      67   24784     900       0       0       0      12       0       0       0       0     438       5       0       0       2       0       0       0     438       5
   94.000   300088.288      67   24744     900       0       0       0       8       0       0       0       0     431       5       0       0       2       0       0       0     431       5
   95.000   302210.688      67   24919     900       0       0       0       8       0       0       0       0     429       5       0       0       2       0       0       0     429       5
   96.000   304187.552      68   25082     900       0       0       0       7       0       0       0       0     424       5       0       0       2       0       0       0     424       5
   97.000   305194.176      68   25165     900       0       0       0      12       0       0       0       0     421       5       0       0       2       0       0       0     421       5
   98.000   305303.328      68   25174     900       0       0       0       9       0       0       0       0     418       5       0       0       2       0       0       0     418       5
   99.000   303314.336      67   25010     900       0       0       0      10       0       0       0       0     420       5       0       0       2       0       0       0     420       5
  100.000   297844.608      66   24559     900       0       0       0      11       0       0       0       0     422       5       0       0       2       0       0       0     422       5
  101.000   293442.144      65   24196     900       0       0       0      12       0       0       0       0     421       5       0       0       2       0       0       0     421       5
  102.000   294388.128      65   24274     900       0       0       0      11       0       0       0       0     425       5       0       0       2       0       0       0     425       5
  103.000   296546.912      66   24452     900       0       0       0       6       0       0       0       0     422       5       0       0       2       0       0       0     422       5
  104.000   297104.800      66   24498     900       0       0       0      20       0       0       0       0     424       5       0       0       2       0       0       0     424       5
  105.000   301858.976      67   24890     900       0       0       0      12       0       0       0       0     432       5       0       0       2       0       0       0     432       5
  106.000   305436.736      68   25185     900       0       0       0      10       0       0       0       0     443       5       0       0       2       0       0       0     443       5
  107.000   301774.080      67   24883     900       0       0       0       8       0       0       0       0     441       5       0       0       2       0       0       0     441       5
  108.000   301737.696      67   24880     900       0       0       0       5       0       0       0       0     433       5       0       0       2       0       0       0     433       5
  109.000   302295.584      67   24926     900       0       0       0      12       0       0       0       0     438       5       0       0       2       0       0       0     438       5
  110.000   304599.904      68   25116     900       0       0       0       6       0       0       0       0     441       5       0       0       2       0       0       0     441       5
  111.000   312507.360      69   25768     900       0       0       0      14       0       0       0       0     448       5       0       0       2       0       0       0     448       5
  112.000   316752.160      70   26118     900       0       0       0      13       0       0       0       0     453       6       0       0       2       0       0       0     453       6
  113.000   309014.496      69   25480     900       0       0       0      15       0       0       0       0     458       6       0       0       2       0       0       0     458       6
  114.000   308953.856      69   25475     900       0       0       0      11       0       0       0       0     464       6       0       0       2       0       0       0     464       6
  115.000   313004.608      70   25809     900       0       0       0      13       0       0       0       0     461       6       0       0       2       0       0       0     461       6
  116.000   315042.112      70   25977     900       0       0       0       5       0       0       0       0     459       6       0       0       2       0       0       0     459       6
  117.000   313938.464      70   25886     900       0       0       0       8       0       0       0       0     452       6       0       0       2       0       0       0     452       6
  118.000   308881.088      69   25469     900       0       0       0      10       0       0       0       0     452       6       0       0       2       0       0       0     452       6
  119.000   309366.208      69   25509     900       0       0       0       8       0       0       0       0     444       5       0       0       2       0       0       0     444       5
  120.000   312010.112      69   25727     900       0       0       0      11       0       0       0       0     442       5       0       0       2       0       0       0     442       5
  121.000   310494.112      69   25602     900       0       0       0      15       0       0       0       0     441       5       0       0       2       0       0       0     441       5
  122.000   302986.880      67   24983     900       0       0       0       9       0       0       0       0     443       5       0       0       2       0       0       0     443       5
  123.000   307292.320      68   25338     900       0       0       0      12       0       0       0       0     450       5       0       0       2       0       0       0     450       5
  124.000   307437.856      68   25350     900       0       0       0      13       0       0       0       0     448       5       0       0       2       0       0       0     448       5
  125.000   306128.032      68   25242     900       0       0       0       8       0       0       0       0     453       6       0       0       2       0       0       0     453       6
  126.000   306479.744      68   25271     900       0       0       0       8       0       0       0       0     454       6       0       0       2       0       0       0     454       6
  127.000   305933.984      68   25226     900       0       0       0      11       0       0       0       0     449       5       0       0       2       0       0       0     449       5
  128.000   305291.200      68   25173     900       0       0       0      10       0       0       0       0     443       5       0       0       2       0       0       0     443       5
  129.000   311015.616      69   25645     900       0       0       0      11       0       0       0       0     441       5       0       0       2       0       0       0     441       5
  130.000   315757.664      70   26036     900       0       0       0       9       0       0       0       0     443       5       0       0       2       0       0       0     443       5
  131.000   314472.096      70   25930     900       0       0       0       6       0       0       0       0     441       5       0       0       2       0       0       0     441       5
  132.000   317989.216      71   26220     900       0       0       0      10       0       0       0       0     443       5       0       0       2       0       0       0     443       5
  133.000   319772.032      71   26367     900       0       0       0      14       0       0       0       0     449       5       0       0       2       0       0       0     449       5
  134.000   318583.488      71   26269     900       0       0       0       7       0       0       0       0     452       6       0       0       2       0       0       0     452       6
  135.000   314520.608      70   25934     900       0       0       0      12       0       0       0       0     458       6       0       0       2       0       0       0     458       6
  136.000   309063.008      69   25484     900       0       0       0      10       0       0       0       0     457       6       0       0       2       0       0       0     457       6
  137.000   303484.128      67   25024     900       0       0       0      10       0       0       0       0     457       6       0       0       2       0       0       0     457       6
  138.000   300270.208      67   24759     900       0       0       0       9       0       0       0       0     455       6       0       0       2       0       0       0     455       6
  139.000   299954.880      67   24733     900       0       0       0      12       0       0       0       0     453       6       0       0       2       0       0       0     453       6
  140.000   298560.160      66   24618     900       0       0       0       8       0       0       0       0     451       6       0       0       2       0       0       0     451       6
  141.000   297674.816      66   24545     900       0       0       0      10       0       0       0       0     451       6       0       0       2       0       0       0     451       6
  142.000   298426.752      66   24607     900       0       0       0      10       0       0       0       0     451       6       0       0       2       0       0       0     451       6
  143.000   294909.632      66   24317     900       0       0       0      10       0       0       0       0     453       6       0       0       2       0       0       0     453       6
  144.000   295770.720      66   24388     900       0       0       0       7       0       0       0       0     454       6       0       0       2       0       0       0     454       6
  145.000   295673.696      66   24380     900       0       0       0       8       0       0       0       0     452       6       0       0       2       0       0       0     452       6
  146.000   298451.008      66   24609     900       0       0       0       9       0       0       0       0     456       6       0       0       2       0       0       0     456       6
  147.000   300161.056      67   24750     900       0       0       0       9       0       0       0       0     459       6       0       0       2       0       0       0     459       6
  148.000   300282.336      67   24760     900       0       0       0      11       0       0       0       0     455       6       0       0       2       0       0       0     455       6
  149.000   296025.408      66   24409     900       0       0       0      16       0       0       0       0     459       6       0       0       2       0       0       0     459       6
  150.000   291853.376      65   24065     900       0       0       0       9       0       0       0       0     458       6       0       0       2       0       0       0     458       6
  151.000   287220.480      64   23683     900       0       0       0      15       0       0       0       0     459       6       0       0       2       0       0       0     459       6
  152.000   284697.856      63   23475     900       0       0       0      12       0       0       0       0     461       6       0       0       2       0       0       0     461       6
  153.000   283012.064      63   23336     900       0       0       0       8       0       0       0       0     461       6       0       0       2       0       0       0     461       6
  154.000   285692.352      63   23557     900       0       0       0       7       0       0       0       0     455       6       0       0       2       0       0       0     455       6
  155.000   287693.472      64   23722     900       0       0       0      12       0       0       0       0     452       6       0       0       2       0       0       0     452       6
  156.000   289330.752      64   23857     900       0       0       0       9       0       0       0       0     454       6       0       0       2       0       0       0     454       6
  157.000   288324.128      64   23774     900       0       0       0       9       0       0       0       0     455       6       0       0       2       0       0       0     455       6
  158.000   288469.664      64   23786     900       0       0       0      11       0       0       0       0     450       5       0       0       2       0       0       0     450       5
  159.000   288299.872      64   23772     900       0       0       0      13       0       0       0       0     457       6       0       0       2       0       0       0     457       6
  160.000   287596.448      64   23714     900       0       0       0      13       0       0       0       0     462       6       0       0       2       0       0       0     462       6
  161.000   286359.392      64   23612     900       0       0       0      15       0       0       0       0     468       6       0       0       2       0       0       0     468       6
  162.000   284819.136      63   23485     900       0       0       0       9       0       0       0       0     467       6       0       0       2       0       0       0     467       6
  163.000   285158.720      63   23513     900       0       0       0      18       0       0       0       0     474       6       0       0       2       0       0       0     474       6
  164.000   291016.544      65   23996     900       0       0       0      11       0       0       0       0     471       6       0       0       2       0       0       0     471       6
  165.000   288481.792      64   23787     900       0       0       0      10       0       0       0       0     466       6       0       0       2       0       0       0     466       6
  166.000   286456.416      64   23620     900       0       0       0       5       0       0       0       0     457       6       0       0       2       0       0       0     457       6
  167.000   291052.928      65   23999     900       0       0       0      10       0       0       0       0     447       5       0       0       2       0       0       0     447       5
  168.000   291331.872      65   24022     900       0       0       0       9       0       0       0       0     440       5       0       0       2       0       0       0     440       5
  169.000   290276.736      65   23935     900       0       0       0       6       0       0       0       0     445       5       0       0       2       0       0       0     445       5
  170.000   287438.784      64   23701     900       0       0       0      16       0       0       0       0     450       5       0       0       2       0       0       0     450       5
  171.000   284515.936      63   23460     900       0       0       0      10       0       0       0       0     456       6       0       0       2       0       0       0     456       6
  172.000   284685.728      63   23474     900       0       0       0      12       0       0       0       0     458       6       0       0       2       0       0       0     458       6
  173.000   283909.536      63   23410     900       0       0       0      21       0       0       0       0     465       6       0       0       2       0       0       0     465       6
  174.000   284879.776      63   23490     900       0       0       0      13       0       0       0       0     469       6       0       0       2       0       0       0     469       6
  175.000   281168.608      62   23184     900       0       0       0      10       0       0       0       0     465       6       0       0       2       0       0       0     465       6
  176.000   277966.816      62   22920     900       0       0       0       9       0       0       0       0     458       6       0       0       2       0       0       0     458       6
  177.000   272533.472      61   22472     900       0       0       0       9       0       0       0       0     454       6       0       0       2       0       0       0     454       6
  178.000   268798.048      60   22164     900       0       0       0       6       0       0       0       0     444       5       0       0       2       0       0       0     444       5
  179.000   270993.216      60   22345     900       0       0       0      12       0       0       0       0     442       5       0       0       2       0       0       0     442       5
  180.000   262770.432      58   21667     900       0       0       0      11       0       0       0       0     444       5       0       0       2       0       0       0     444       5
  181.000   265462.848      59   21889     900       0       0       0       6       0       0       0       0     445       5       0       0       2       0       0       0     445       5
  182.000   266736.288      59   21994     900       0       0       0      12       0       0       0       0     450       5       0       0       2       0       0       0     450       5
  183.000   267439.712      59   22052     900       0       0       0       7       0       0       0       0     451       6       0       0       2       0       0       0     451       6
  184.000   267949.088      60   22094     900       0       0       0      11       0       0       0       0     451       6       0       0       2       0       0       0     451       6
  185.000   268688.896      60   22155     900       0       0       0      10       0       0       0       0     448       5       0       0       2       0       0       0     448       5
  186.000   265535.616      59   21895     900       0       0       0      12       0       0       0       0     439       5       0       0       2       0       0       0     439       5
  187.000   263898.336      59   21760     900       0       0       0       7       0       0       0       0     436       5       0       0       2       0       0       0     436       5
  188.000   260914.848      58   21514     900       0       0       0      10       0       0       0       0     423       5       0       0       2       0       0       0     423       5
  189.000   263085.760      58   21693     900       0       0       0       9       0       0       0       0     415       5       0       0       2       0       0       0     415       5
  190.000   262782.560      58   21668     900       0       0       0      10       0       0       0       0     411       5       0       0       2       0       0       0     411       5
  191.000   267391.200      59   22048     900       0       0       0      13       0       0       0       0     415       5       0       0       2       0       0       0     415       5
  192.000   275007.584      61   22676     900       0       0       0       5       0       0       0       0     414       5       0       0       2       0       0       0     414       5
  193.000   279373.664      62   23036     900       0       0       0      10       0       0       0       0     415       5       0       0       2       0       0       0     415       5
  194.000   284855.520      63   23488     900       0       0       0      12       0       0       0       0     416       5       0       0       2       0       0       0     416       5
  195.000   291222.720      65   24013     900       0       0       0       6       0       0       0       0     408       5       0       0       2       0       0       0     408       5
  196.000   295673.696      66   24380     900       0       0       0       8       0       0       0       0     412       5       0       0       2       0       0       0     412       5
  197.000   299651.680      67   24708     900       0       0       0       8       0       0       0       0     409       5       0       0       2       0       0       0     409       5
  198.000   300852.352      67   24807     900       0       0       0      13       0       0       0       0     409       5       0       0       2       0       0       0     409       5
  199.000   301628.544      67   24871     900       0       0       0      12       0       0       0       0     410       5       0       0       2       0       0       0     410       5
  200.000   302707.936      67   24960     900       0       0       0      10       0       0       0       0     413       5       0       0       2       0       0       0     413       5
  201.000   303423.488      67   25019     900       0       0       0      14       0       0       0       0     412       5       0       0       2       0       0       0     412       5
  202.000   302113.664      67   24911     900       0       0       0       9       0       0       0       0     416       5       0       0       2       0       0       0     416       5
  203.000   298996.768      66   24654     900       0       0       0      12       0       0       0       0     418       5       0       0       2       0       0       0     418       5
  204.000   297044.160      66   24493     900       0       0       0       6       0       0       0       0     416       5       0       0       2       0       0       0     416       5
  205.000   302307.712      67   24927     900       0       0       0       7       0       0       0       0     414       5       0       0       2       0       0       0     414       5
  206.000   303253.696      67   25005     900       0       0       0      11       0       0       0       0     410       5       0       0       2       0       0       0     410       5
  207.000   302283.456      67   24925     900       0       0       0      11       0       0       0       0     418       5       0       0       2       0       0       0     418       5
  208.000   299275.712      67   24677     900       0       0       0       9       0       0       0       0     422       5       0       0       2       0       0       0     422       5
  209.000   298851.232      66   24642     900       0       0       0      16       0       0       0       0     425       5       0       0       2       0       0       0     425       5
  210.000   295892.000      66   24398     900       0       0       0       8       0       0       0       0     429       5       0       0       2       0       0       0     429       5
  211.000   295600.928      66   24374     900       0       0       0       8       0       0       0       0     432       5       0       0       2       0       0       0     432       5
  212.000   298050.784      66   24576     900       0       0       0      12       0       0       0       0     435       5       0       0       2       0       0       0     435       5
  213.000   299760.832      67   24717     900       0       0       0      10       0       0       0       0     436       5       0       0       2       0       0       0     436       5
  214.000   294630.688      65   24294     900       0       0       0      12       0       0       0       0     437       5       0       0       2       0       0       0     437       5
  215.000   294848.992      66   24312     900       0       0       0       6       0       0       0       0     431       5       0       0       2       0       0       0     431       5
  216.000   296061.792      66   24412     900       0       0       0      13       0       0       0       0     432       5       0       0       2       0       0       0     432       5
  217.000   299069.536      66   24660     900       0       0       0       7       0       0       0       0     430       5       0       0       2       0       0       0     430       5
  218.000   298693.568      66   24629     900       0       0       0       9       0       0       0       0     427       5       0       0       2       0       0       0     427       5
  219.000   302926.240      67   24978     900       0       0       0       7       0       0       0       0     425       5       0       0       2       0       0       0     425       5
  220.000   302962.624      67   24981     900       0       0       0       9       0       0       0       0     427       5       0       0       2       0       0       0     427       5
  221.000   305630.784      68   25201     900       0       0       0      10       0       0       0       0     425       5       0       0       2       0       0       0     425       5
  222.000   311622.016      69   25695     900       0       0       0      13       0       0       0       0     427       5       0       0       2       0       0       0     427       5
  223.000   307644.032      68   25367     900       0       0       0      12       0       0       0       0     425       5       0       0       2       0       0       0     425       5
  224.000   303835.840      68   25053     900       0       0       0      12       0       0       0       0     425       5       0       0       2       0       0       0     425       5
  225.000   302513.888      67   24944     900       0       0       0      10       0       0       0       0     420       5       0       0       2       0       0       0     420       5
  226.000   300330.848      67   24764     900       0       0       0      11       0       0       0       0     422       5       0       0       2       0       0       0     422       5
  227.000   295334.112      66   24352     900       0       0       0      14       0       0       0       0     426       5       0       0       2       0       0       0     426       5
  228.000   292847.872      65   24147     900       0       0       0      12       0       0       0       0     426       5       0       0       2       0       0       0     426       5
  229.000   288918.400      64   23823     900       0       0       0       9       0       0       0       0     423       5       0       0       2       0       0       0     423       5
  230.000   288130.080      64   23758     900       0       0       0      14       0       0       0       0     430       5       0       0       2       0       0       0     430       5
  231.000   289148.832      64   23842     900       0       0       0      14       0       0       0       0     434       5       0       0       2       0       0       0     434       5
  232.000   290786.112      65   23977     900       0       0       0       7       0       0       0       0     437       5       0       0       2       0       0       0     437       5
  233.000   290895.264      65   23986     900       0       0       0      10       0       0       0       0     440       5       0       0       2       0       0       0     440       5
  234.000   285777.248      64   23564     900       0       0       0      12       0       0       0       0     446       5       0       0       2       0       0       0     446       5
  235.000   286201.728      64   23599     900       0       0       0       7       0       0       0       0     447       5       0       0       2       0       0       0     447       5
  236.000   287911.776      64   23740     900       0       0       0      13       0       0       0       0     449       5       0       0       2       0       0       0     449       5
  237.000   290858.880      65   23983     900       0       0       0      10       0       0       0       0     448       5       0       0       2       0       0       0     448       5
  238.000   290470.784      65   23951     900       0       0       0       7       0       0       0       0     446       5       0       0       2       0       0       0     446       5
  239.000   293975.776      65   24240     900       0       0       0       5       0       0       0       0     436       5       0       0       2       0       0       0     436       5
  240.000   294497.280      65   24283     900       0       0       0       8       0       0       0       0     433       5       0       0       2       0       0       0     433       5
  241.000   297129.056      66   24500     900       0       0       0      10       0       0       0       0     430       5       0       0       2       0       0       0     430       5
  242.000   294897.504      66   24316     900       0       0       0      12       0       0       0       0     425       5       0       0       2       0       0       0     425       5
  243.000   291137.824      65   24006     900       0       0       0       9       0       0       0       0     425       5       0       0       2       0       0       0     425       5
  244.000   289706.720      64   23888     900       0       0       0      16       0       0       0       0     426       5       0       0       2       0       0       0     426       5
  245.000   286044.064      64   23586     900       0       0       0      11       0       0       0       0     426       5       0       0       2       0       0       0     426       5
  246.000   282272.256      63   23275     900       0       0       0      14       0       0       0       0     427       5       0       0       2       0       0       0     427       5
  247.000   291380.384      65   24026     900       0       0       0      13       0       0       0       0     428       5       0       0       2       0       0       0     428       5
  248.000   295528.160      66   24368     900       0       0       0      10       0       0       0       0     429       5       0       0       2       0       0       0     429       5
  249.000   286359.392      64   23612     900       0       0       0      11       0       0       0       0     427       5       0       0       2       0       0       0     427       5
  250.000   284625.088      63   23469     900       0       0       0      10       0       0       0       0     430       5       0       0       2       0       0       0     430       5
  251.000   282078.208      63   23259     900       0       0       0       9       0       0       0       0     430       5       0       0       2       0       0       0     430       5
  252.000   283472.928      63   23374     900       0       0       0       5       0       0       0       0     425       5       0       0       2       0       0       0     425       5
  253.000   287159.840      64   23678     900       0       0       0       9       0       0       0       0     420       5       0       0       2       0       0       0     420       5
  254.000   284794.880      63   23483     900       0       0       0      12       0       0       0       0     428       5       0       0       2       0       0       0     428       5
  255.000   281156.480      62   23183     900       0       0       0       7       0       0       0       0     433       5       0       0       2       0       0       0     433       5
  256.000   278730.880      62   22983     900       0       0       0      11       0       0       0       0     437       5       0       0       2       0       0       0     437       5
  257.000   271175.136      60   22360     900       0       0       0      10       0       0       0       0     434       5       0       0       2       0       0       0     434       5
  258.000   266651.392      59   21987     900       0       0       0       7       0       0       0       0     429       5       0       0       2       0       0       0     429       5
  259.000   268021.856      60   22100     900       0       0       0      13       0       0       0       0     427       5       0       0       2       0       0       0     427       5
  260.000   266530.112      59   21977     900       0       0       0       9       0       0       0       0     424       5       0       0       2       0       0       0     424       5
  261.000   270459.584      60   22301     900       0       0       0       6       0       0       0       0     413       5       0       0       2       0       0       0     413       5
  262.000   272278.784      61   22451     900       0       0       0      16       0       0       0       0     418       5       0       0       2       0       0       0     418       5
  263.000   273976.704      61   22591     900       0       0       0       9       0       0       0       0     418       5       0       0       2       0       0       0     418       5
  264.000   272254.528      61   22449     900       0       0       0      13       0       0       0       0     412       5       0       0       2       0       0       0     412       5
  265.000   272921.568      61   22504     900       0       0       0      14       0       0       0       0     416       5       0       0       2       0       0       0     416       5
  266.000   271393.440      60   22378     900       0       0       0      12       0       0       0       0     416       5       0       0       2       0       0       0     416       5
  267.000   266687.776      59   21990     900       0       0       0      11       0       0       0       0     423       5       0       0       2       0       0       0     423       5
  268.000   265935.840      59   21928     900       0       0       0       9       0       0       0       0     427       5       0       0       2       0       0       0     427       5
  269.000   265511.360      59   21893     900       0       0       0      16       0       0       0       0     435       5       0       0       2       0       0       0     435       5
  270.000   265402.208      59   21884     900       0       0       0      15       0       0       0       0     439       5       0       0       2       0       0       0     439       5
  271.000   260162.912      58   21452     900       0       0       0       8       0       0       0       0     439       5       0       0       2       0       0       0     439       5
  272.000   253662.304      56   20916     900       0       0       0      10       0       0       0       0     438       5       0       0       2       0       0       0     438       5
  273.000   253941.248      56   20939     900       0       0       0      10       0       0       0       0     436       5       0       0       2       0       0       0     436       5
  274.000   253322.720      56   20888     900       0       0       0       7       0       0       0       0     434       5       0       0       2       0       0       0     434       5
  275.000   255500.576      57   21067     900       0       0       0      10       0       0       0       0     433       5       0       0       2       0       0       0     433       5
