  TimeSec      LoaKbps LoaUsag Packets DlyUsec LoaDrps MetDrps TabDrps FloMods MetMods GroMods  PktsIn PktsOut FloEntr FloUsag MetEntr MetUsag GroEntr GroUsag BufPkts BufUsag  T0Entr  T0Usag
    1.000        0.000       0       0      34       0       0       0       4       0       0       0       0       3       0       0       0       0       0       0       0       3       0
    2.000      701.664       0      59      39       0       0       0       0       0       0       0       0       4       0       0       0       0       0       0       0       4       0
    3.000     4412.832       0     365      39       0       0       0       0       0       0       0       0       4       0       0       0       0       0       0       0       4       0
    4.000     8645.504       0     714      39       0       0       0       0       0       0       0       0       4       0       0       0       0       0       0       0       4       0
    5.000    14297.152       0    1180      39       0       0       0       0       0       0       0       0       4       0       0       0       0       0       0       0       4       0
    6.000    20640.096       0    1703      40       0       0       0       0       0       0       0       0       4       0       0       0       0       0       0       0       4       0
    7.000    30245.472       0    2495      40       0       0       0       0       0       0       0       0       4       0       0       0       0       0       0       0       4       0
    8.000    43513.504       0    3589      40       0       0       0       0       0       0       0       0       4       0       0       0       0       0       0       0       4       0
    9.000    56466.208       0    4657      40       0       0       0       0       0       0       0       0       4       0       0       0       0       0       0       0       4       0
   10.000    68048.448       0    5612      40       0       0       0       0       0       0       0       0       4       0       0       0       0       0       0       0       4       0
   11.000    77435.520       0    6386      55       0       0       0       1       0       0       1       1       5       0       0       0       0       0       0       0       5       0
   12.000    92377.216       0    7618      59       0       0       0      75       0       0       1       1       5       0       0       0       0       0       0       0       5       0
   13.000   101558.112       0    8375      59       0       0       0       0       0       0       0       0       6       0       0       0       0       0       0       0       6       0
   14.000   103571.360       0    8541      59       0       0       0       0       0       0       0       0       6       0       0       0       0       0       0       0       6       0
   15.000   113200.992       0    9335      59       0       0       0       1       0       0       1       1       6       0       0       0       0       0       0       0       6       0
   16.000   131356.608       0   10832      60       0       0       0       1       0       0       1       1       7       0       0       0       0       0       0       0       7       0
   17.000   138124.032       0   11390      77       0       0       0       2       0       0       2       2      10       0       0       0       0       0       0       0      10       0
   18.000   143157.152       0   11805      79       0       0       0       2       0       0       1       1      12       0       0       0       0       0       0       0      12       0
   19.000   160039.328       0   13197      79       0       0       0       4       0       0       4       4      14       0       0       0       0       0       0       0      14       0
   20.000   168504.672       0   13895      93       0       0       0       2       0       0       2       2      17       0       0       0       0       0       0       0      17       0
   21.000   177540.032       0   14640      99       0       0       0       1       0       0       1       1      18       0       0       0       0       0       0       0      18       0
   22.000   184052.768       0   15177      99       0       0       0     120       0       0       4       4      22       0       0       0       0       0       0       0      22       0
   23.000   193670.272       0   15970      99       0       0       0       0       0       0       0       0      23       0       0       0       0       0       0       0      23       0
   24.000   206283.392       0   17010      99       0       0       0       0       0       0       0       0      23       0       0       0       0       0       0       0      23       0
   25.000   219612.064       0   18109     100       0       0       0       3       0       0       3       3      24       0       0       0       0       0       0       0      24       0
   26.000   224050.912       0   18475     100       0       0       0       0       0       0       0       0      25       0       0       0       0       0       0       0      25       0
   27.000   234238.432       0   19315     100       0       0       0       4       0       0       4       4      27       0       0       0       0       0       0       0      27       0
   28.000   239053.248       0   19712     100       0       0       0       0       0       0       0       0      28       0       0       0       0       0       0       0      28       0
   29.000   241369.696       0   19903     104       0       0       0       5       0       0       5       5      31       0       0       0       0       0       0       0      31       0
   30.000   246645.376       0   20338     118       0       0       0       1       0       0       1       1      33       0       0       0       0       0       0       0      33       0
   31.000   248901.184       0   20524     119       0       0       0       4       0       0       4       4      35       0       0       0       0       0       0       0      35       0
   32.000   255268.384       0   21049     119       0       0       0      14       0       0       3       3      36       0       0       0       0       0       0       0      36       0
   33.000   257912.288       0   21267     119       0       0       0       2       0       0       2       2      36       0       0       0       0       0       0       0      36       0
   34.000   259937.664       0   21434     120       0       0       0       4       0       0       4       4      37       0       0       0       0       0       0       0      37       0
   35.000   262399.648       0   21637     120       0       0       0       3       0       0       3       3      38       0       0       0       0       0       0       0      38       0
   36.000   270392.000       0   22296     120       0       0       0       3       0       0       3       3      39       0       0       0       0       0       0       0      39       0
   37.000   278772.448       0   22987     120       0       0       0       1       0       0       1       1      37       0       0       0       0       0       0       0      37       0
   38.000   283890.464       0   23409     120       0       0       0       2       0       0       2       2      38       0       0       0       0       0       0       0      38       0
   39.000   302228.000       0   24921     120       0       0       0       2       0       0       2       2      40       0       0       0       0       0       0       0      40       0
   40.000   317679.072       0   26195     120       0       0       0       2       0       0       2       2      42       0       0       0       0       0       0       0      42       0
   41.000   325768.448       0   26862     120       0       0       0       4       0       0       4       4      43       0       0       0       0       0       0       0      43       0
   42.000   335349.568       0   27652     120       0       0       0      31       0       0       1       1      43       0       0       0       0       0       0       0      43       0
   43.000   348278.016       0   28718     120       0       0       0       3       0       0       2       2      43       0       0       0       0       0       0       0      43       0
   44.000   348290.144       0   28719     120       0       0       0       3       0       0       3       3      43       0       0       0       0       0       0       0      43       0
   45.000   349721.248       0   28837     120       0       0       0       6       0       0       6       6      46       0       0       0       0       0       0       0      46       0
   46.000   351322.144       0   28969     120       0       0       0       2       0       0       2       2      45       0       0       0       0       0       0       0      45       0
   47.000   353638.592       0   29160     120       0       0       0       6       0       0       6       6      45       0       0       0       0       0       0       0      45       0
   48.000   355360.768       0   29302     120       0       0       0       4       0       0       4       4      49       0       0       0       0       0       0       0      49       0
   49.000   358041.056       0   29523     120       0       0       0       7       0       0       6       6      51       0       0       0       0       0       0       0      51       0
   50.000   357822.752       0   29505     120       0       0       0       5       0       0       5       5      52       0       0       0       0       0       0       0      52       0
   51.000   358999.168       0   29602     120       0       0       0       1       0       0       1       1      55       0       0       0       0       0       0       0      55       0
   52.000   365815.104       0   30164     120       0       0       0      29       0       0       5       5      57       0       0       0       0       0       0       0      57       0
   53.000   375335.584       0   30949     120       0       0       0       3       0       0       3       3      57       0       0       0       0       0       0       0      57       0
   54.000   381751.296       0   31478     120       0       0       0       4       0       0       4       4      60       0       0       0       0       0       0       0      60       0
   55.000   389125.120       0   32086     120       0       0       0       4       0       0       4       4      61       0       0       0       0       0       0       0      61       0
   56.000   399130.720       0   32911     133       0       0       0       9       0       0       9       9      65       0       0       0       0       0       0       0      65       0
   57.000   403072.320       0   33236     139       0       0       0       3       0       0       3       3      68       0       0       0       0       0       0       0      68       0
   58.000   412228.960       0   33991     139       0       0       0       7       0       0       7       7      70       0       0       0       0       0       0       0      70       0
   59.000   410991.904       0   33889     139       0       0       0       7       0       0       7       7      75       0       0       0       0       0       0       0      75       0
   60.000   417856.352       0   34455     139       0       0       0       2       0       0       2       2      74       0       0       0       0       0       0       0      74       0
   61.000   427085.760       0   35216     140       0       0       0       5       0       0       3       3      74       0       0       0       0       0       0       0      74       0
   62.000   425363.584       0   35074     140       0       0       0      26       0       0       8       8      79       0       0       0       0       0       0       0      79       0
   63.000   435696.640       0   35926     140       0       0       0       4       0       0       4       4      79       0       0       0       0       0       0       0      79       0
   64.000   443713.248       0   36587     140       0       0       0       3       0       0       3       3      76       0       0       0       0       0       0       0      76       0
   65.000   454846.752       0   37505     140       0       0       0       7       0       0       7       7      77       0       0       0       0       0       0       0      77       0
   66.000   456762.976       0   37663     140       0       0       0       9       0       0       9       9      80       0       0       0       0       0       0       0      80       0
   67.000   456302.112       0   37625     140       0       0       0       7       0       0       7       7      85       0       0       0       0       0       0       0      85       0
   68.000   462402.496       0   38128     140       0       0       0       6       0       0       6       6      87       0       0       0       0       0       0       0      87       0
   69.000   479393.824       0   39529     140       0       0       0       2       0       0       2       2      88       0       0       0       0       0       0       0      88       0
   70.000   487458.944       0   40194     140       0       0       0      11       0       0      11      11      91       0       0       0       0       0       0       0      91       0
   71.000   489460.064       0   40359     140       0       0       0       2       0       0       2       2      89       0       0       0       0       0       0       0      89       0
   72.000   496979.424       0   40979     140       0       0       0      22       0       0       8       8      90       0       0       0       0       0       0       0      90       0
   73.000   496785.376       0   40963     140       0       0       0       8       0       0       8       8      92       0       0       0       0       0       0       0      92       0
   74.000   497513.056       0   41023     140       0       0       0       8       0       0       8       8      93       0       0       0       0       0       0       0      93       0
   75.000   503273.856       1   41498     140       0       0       0      10       0       0      10      10      99       0       0       0       0       0       0       0      99       0
   76.000   504947.520       1   41636     140       0       0       0       4       0       0       4       4     102       0       0       0       0       0       0       0     102       0
   77.000   513691.808       1   42357     140       0       0       0       5       0       0       5       5      99       0       0       0       0       0       0       0      99       0
   78.000   526608.128       1   43422     140       0       0       0       3       0       0       3       3      98       0       0       0       0       0       0       0      98       0
   79.000   534636.864       1   44084     140       0       0       0       8       0       0       7       7     100       0       0       0       0       0       0       0     100       0
   80.000   538299.520       1   44386     140       0       0       0       7       0       0       6       6     102       0       0       0       0       0       0       0     102       0
   81.000   542556.448       1   44737     140       0       0       0       7       0       0       7       7     102       0       0       0       0       0       0       0     102       0
   82.000   550767.104       1   45414     140       0       0       0      35       0       0       9       9     102       0       0       0       0       0       0       0     102       0
   83.000   562422.112       1   46375     140       0       0       0       8       0       0       8       8     105       0       0       0       0       0       0       0     105       0
   84.000   570935.968       1   47077     140       0       0       0      10       0       0      10      10     109       0       0       0       0       0       0       0     109       0
   85.000   569711.040       1   46976     140       0       0       0       8       0       0       8       8     110       0       0       0       0       0       0       0     110       0
   86.000   569711.040       1   46976     140       0       0       0       5       0       0       5       5     112       0       0       0       0       0       0       0     112       0
   87.000   568037.376       1   46838     140       0       0       0       8       0       0       8       8     114       0       0       0       0       0       0       0     114       0
   88.000   569262.304       1   46939     140       0       0       0       6       0       0       6       6     114       0       0       0       0       0       0       0     114       0
   89.000   571481.728       1   47122     140       0       0       0       7       0       0       7       7     111       0       0       0       0       0       0       0     111       0
   90.000   582530.336       1   48033     140       0       0       0       6       0       0       6       6     108       0       0       0       0       0       0       0     108       0
   91.000   585914.048       1   48312     140       0       0       0      10       0       0      10      10     109       0       0       0       0       0       0       0     109       0
   92.000   583342.912       1   48100     140       0       0       0      36       0       0       5       5     112       0       0       0       0       0       0       0     112       0
   93.000   583973.568       1   48152     140       0       0       0      16       0       0      16      16     118       0       0       0       0       0       0       0     118       0
   94.000   583500.576       1   48113     140       0       0       0       8       0       0       8       8     125       0       0       0       0       0       0       0     125       0
   95.000   583694.624       1   48129     140       0       0       0      11       0       0      11      11     126       0       0       0       0       0       0       0     126       0
   96.000   577885.312       1   47650     157       0       0       0      14       0       0      14      14     133       0       0       0       0       0       0       0     133       0
   97.000   579158.752       1   47755     159       0       0       0       8       0       0       8       8     135       0       0       0       0       0       0       0     135       0
   98.000   590643.968       1   48702     156       0       0       0       5       0       0       5       5     131       0       0       0       0       0       0       0     131       0
   99.000   584155.488       1   48167     159       0       0       0      10       0       0      10      10     132       0       0       0       0       0       0       0     132       0
  100.000   586872.160       1   48391     159       0       0       0      11       0       0      11      11     134       0       0       0       0       0       0       0     134       0
  101.000   587041.952       1   48405     159       0       0       0      13       0       0      13      13     140       0       0       0       0       0       0       0     140       0
  102.000   576090.368       1   47502     160       0       0       0      45       0       0      19      19     148       0       0       0       0       0       0       0     148       0
  103.000   563998.752       1   46505     160       0       0       0      16       0       0      16      16     159       0       0       0       0       0       0       0     159       0
  104.000   561160.800       1   46271     160       0       0       0       7       0       0       7       7     163       0       0       0       0       0       0       0     163       0
  105.000   557316.224       1   45954     160       0       0       0      11       0       0      11      11     166       0       0       0       0       0       0       0     166       0
  106.000   563913.856       1   46498     160       0       0       0       7       0       0       7       7     167       0       0       0       0       0       0       0     167       0
  107.000   570851.072       1   47070     160       0       0       0       9       0       0       8       8     167       0       0       0       0       0       0       0     167       0
  108.000   572003.232       1   47165     160       0       0       0      17       0       0      17      17     169       0       0       0       0       0       0       0     169       0
  109.000   566945.856       1   46748     160       0       0       0      16       0       0      16      16     173       0       0       0       0       0       0       0     173       0
  110.000   578176.384       1   47674     160       0       0       0       9       0       0       7       7     175       0       0       0       0       0       0       0     175       0
  111.000   579389.184       1   47774     160       0       0       0      10       0       0      10      10     173       0       0       0       0       0       0       0     173       0
  112.000   569262.304       1   46939     160       0       0       0      43       0       0      10      10     174       0       0       0       0       0       0       0     174       0
  113.000   566970.112       1   46750     160       0       0       0      13       0       0      11      11     178       0       0       0       0       0       0       0     178       0
  114.000   563465.120       1   46461     160       0       0       0      10       0       0       9       9     182       0       0       0       0       0       0       0     182       0
  115.000   568413.344       1   46869     160       0       0       0      12       0       0      12      12     181       0       0       0       0       0       0       0     181       0
  116.000   562385.728       1   46372     160       0       0       0       9       0       0       9       9     180       0       0       0       0       0       0       0     180       0
  117.000   565272.192       1   46610     160       0       0       0      11       0       0      11      11     174       0       0       0       0       0       0       0     174       0
  118.000   572439.840       1   47201     160       0       0       0       7       0       0       7       7     166       0       0       0       0       0       0       0     166       0
  119.000   567455.232       1   46790     160       0       0       0      11       0       0      11      11     165       0       0       0       0       0       0       0     165       0
  120.000   562228.064       1   46359     160       0       0       0      11       0       0      11      11     166       0       0       0       0       0       0       0     166       0
  121.000   569868.704       1   46989     160       0       0       0       6       0       0       6       6     167       0       0       0       0       0       0       0     167       0
  122.000   572088.128       1   47172     160       0       0       0      51       0       0       6       6     163       0       0       0       0       0       0       0     163       0
  123.000   576090.368       1   47502     160       0       0       0      13       0       0      13      13     160       0       0       0       0       0       0       0     160       0
  124.000   580844.544       1   47894     160       0       0       0      10       0       0       9       9     156       0       0       0       0       0       0       0     156       0
  125.000   583088.224       1   48079     160       0       0       0      14       0       0      14      14     157       0       0       0       0       0       0       0     157       0
  126.000   581414.560       1   47941     160       0       0       0      11       0       0      10      10     158       0       0       0       0       0       0       0     158       0
  127.000   581159.872       1   47920     160       0       0       0      10       0       0       8       8     157       0       0       0       0       0       0       0     157       0
  128.000   580650.496       1   47878     160       0       0       0       8       0       0       7       7     157       0       0       0       0       0       0       0     157       0
  129.000   580031.968       1   47827     160       0       0       0       8       0       0       8       8     151       0       0       0       0       0       0       0     151       0
  130.000   583524.832       1   48115     160       0       0       0      12       0       0      12      12     151       0       0       0       0       0       0       0     151       0
  131.000   579098.112       1   47750     160       0       0       0      11       0       0      11      11     152       0       0       0       0       0       0       0     152       0
  132.000   585841.280       1   48306     160       0       0       0      50       0       0      10      10     152       0       0       0       0       0       0       0     152       0
  133.000   586156.608       1   48332     160       0       0       0      10       0       0      10      10     154       0       0       0       0       0       0       0     154       0
  134.000   585853.408       1   48307     160       0       0       0       5       0       0       5       5     151       0       0       0       0       0       0       0     151       0
  135.000   588849.024       1   48554     160       0       0       0      10       0       0      10      10     148       0       0       0       0       0       0       0     148       0
  136.000   593069.568       1   48902     160       0       0       0      11       0       0      11      11     150       0       0       0       0       0       0       0     150       0
  137.000   596137.952       1   49155     160       0       0       0       9       0       0       7       7     156       0       0       0       0       0       0       0     156       0
  138.000   601074.048       1   49562     160       0       0       0      13       0       0      13      13     156       0       0       0       0       0       0       0     156       0
  139.000   592548.064       1   48859     160       0       0       0       7       0       0       7       7     155       0       0       0       0       0       0       0     155       0
  140.000   583076.096       1   48078     160       0       0       0      10       0       0      10      10     152       0       0       0       0       0       0       0     152       0
  141.000   582215.008       1   48007     160       0       0       0      11       0       0      11      11     150       0       0       0       0       0       0       0     150       0
  142.000   575750.784       1   47474     160       0       0       0      34       0       0      12      12     152       0       0       0       0       0       0       0     152       0
  143.000   565805.824       1   46654     160       0       0       0       7       0       0       7       7     152       0       0       0       0       0       0       0     152       0
  144.000   575144.384       1   47424     160       0       0       0       7       0       0       7       7     152       0       0       0       0       0       0       0     152       0
  145.000   581620.736       1   47958     160       0       0       0       8       0       0       8       8     148       0       0       0       0       0       0       0     148       0
  146.000   588473.056       1   48523     160       0       0       0      12       0       0      12      12     147       0       0       0       0       0       0       0     147       0
  147.000   593930.656       1   48973     160       0       0       0       7       0       0       6       6     144       0       0       0       0       0       0       0     144       0
  148.000   595895.392       1   49135     160       0       0       0      13       0       0      12      12     145       0       0       0       0       0       0       0     145       0
  149.000   590195.232       1   48665     160       0       0       0      12       0       0      12      12     150       0       0       0       0       0       0       0     150       0
  150.000   585853.408       1   48307     160       0       0       0      12       0       0      12      12     153       0       0       0       0       0       0       0     153       0
  151.000   577048.480       1   47581     160       0       0       0      11       0       0      10      10     153       0       0       0       0       0       0       0     153       0
  152.000   569031.872       1   46920     160       0       0       0      41       0       0      14      14     157       0       0       0       0       0       0       0     157       0
  153.000   556952.384       1   45924     160       0       0       0      12       0       0      12      12     159       0       0       0       0       0       0       0     159       0
  154.000   553592.928       1   45647     160       0       0       0      10       0       0      10      10     162       0       0       0       0       0       0       0     162       0
  155.000   559074.784       1   46099     160       0       0       0       6       0       0       6       6     159       0       0       0       0       0       0       0     159       0
  156.000   564204.928       1   46522     160       0       0       0      11       0       0      10      10     158       0       0       0       0       0       0       0     158       0
  157.000   563744.064       1   46484     160       0       0       0       7       0       0       7       7     154       0       0       0       0       0       0       0     154       0
  158.000   564047.264       1   46509     160       0       0       0      12       0       0      12      12     155       0       0       0       0       0       0       0     155       0
  159.000   560918.240       1   46251     160       0       0       0      12       0       0      12      12     159       0       0       0       0       0       0       0     159       0
  160.000   553629.312       1   45650     160       0       0       0       8       0       0       7       7     161       0       0       0       0       0       0       0     161       0
  161.000   551373.504       1   45464     160       0       0       0       9       0       0       9       9     160       0       0       0       0       0       0       0     160       0
  162.000   545345.888       1   44967     160       0       0       0      42       0       0      12      12     166       0       0       0       0       0       0       0     166       0
  163.000   539245.504       1   44464     160       0       0       0      12       0       0      12      12     165       0       0       0       0       0       0       0     165       0
  164.000   532478.080       1   43906     160       0       0       0      15       0       0      14      14     167       0       0       0       0       0       0       0     167       0
  165.000   529822.048       1   43687     160       0       0       0       7       0       0       7       7     165       0       0       0       0       0       0       0     165       0
  166.000   527505.600       1   43496     160       0       0       0       9       0       0       9       9     162       0       0       0       0       0       0       0     162       0
  167.000   527602.624       1   43504     160       0       0       0       6       0       0       6       6     157       0       0       0       0       0       0       0     157       0
  168.000   531216.768       1   43802     160       0       0       0       6       0       0       6       6     150       0       0       0       0       0       0       0     150       0
  169.000   531908.064       1   43859     160       0       0       0       8       0       0       8       8     145       0       0       0       0       0       0       0     145       0
  170.000   536104.352       1   44205     160       0       0       0       7       0       0       7       7     145       0       0       0       0       0       0       0     145       0
  171.000   537547.584       1   44324     160       0       0       0      13       0       0      12      12     146       0       0       0       0       0       0       0     146       0
  172.000   540531.072       1   44570     160       0       0       0      49       0       0      14      14     151       0       0       0       0       0       0       0     151       0
  173.000   542993.056       1   44773     160       0       0       0       8       0       0       8       8     152       0       0       0       0       0       0       0     152       0
  174.000   542326.016       1   44718     160       0       0       0      10       0       0      10      10     151       0       0       0       0       0       0       0     151       0
  175.000   544290.752       1   44880     160       0       0       0      13       0       0      13      13     153       0       0       0       0       0       0       0     153       0
  176.000   542398.784       1   44724     160       0       0       0       9       0       0       9       9     154       0       0       0       0       0       0       0     154       0
  177.000   545891.648       1   45012     160       0       0       0       4       0       0       4       4     148       0       0       0       0       0       0       0     148       0
  178.000   549711.968       1   45327     160       0       0       0       7       0       0       7       7     142       0       0       0       0       0       0       0     142       0
  179.000   542034.944       1   44694     160       0       0       0      11       0       0      11      11     138       0       0       0       0       0       0       0     138       0
  180.000   546352.512       1   45050     160       0       0       0       8       0       0       8       8     137       0       0       0       0       0       0       0     137       0
  181.000   554223.584       1   45699     160       0       0       0       7       0       0       7       7     138       0       0       0       0       0       0       0     138       0
  182.000   560881.856       1   46248     160       0       0       0      43       0       0      11      11     137       0       0       0       0       0       0       0     137       0
  183.000   557716.448       1   45987     160       0       0       0      13       0       0      12      12     144       0       0       0       0       0       0       0     144       0
  184.000   551470.528       1   45472     160       0       0       0       9       0       0       9       9     147       0       0       0       0       0       0       0     147       0
  185.000   552113.312       1   45525     160       0       0       0       6       0       0       6       6     148       0       0       0       0       0       0       0     148       0
  186.000   554017.408       1   45682     160       0       0       0      14       0       0      14      14     149       0       0       0       0       0       0       0     149       0
  187.000   557680.064       1   45984     160       0       0       0      12       0       0      12      12     147       0       0       0       0       0       0       0     147       0
  188.000   565478.368       1   46627     160       0       0       0      14       0       0      13      13     150       0       0       0       0       0       0       0     150       0
  189.000   562458.496       1   46378     160       0       0       0      12       0       0      12      12     153       0       0       0       0       0       0       0     153       0
  190.000   559062.656       1   46098     160       0       0       0      10       0       0       9       9     153       0       0       0       0       0       0       0     153       0
  191.000   553301.856       1   45623     160       0       0       0      13       0       0      13      13     154       0       0       0       0       0       0       0     154       0
  192.000   558128.800       1   46021     160       0       0       0      33       0       0      13      13     158       0       0       0       0       0       0       0     158       0
  193.000   563174.048       1   46437     160       0       0       0       8       0       0       8       8     164       0       0       0       0       0       0       0     164       0
  194.000   559741.824       1   46154     160       0       0       0      11       0       0      11      11     164       0       0       0       0       0       0       0     164       0
  195.000   556843.232       1   45915     160       0       0       0      10       0       0      10      10     167       0       0       0       0       0       0       0     167       0
  196.000   556673.440       1   45901     160       0       0       0      12       0       0      12      12     168       0       0       0       0       0       0       0     168       0
  197.000   554635.936       1   45733     160       0       0       0       6       0       0       6       6     169       0       0       0       0       0       0       0     169       0
  198.000   559438.624       1   46129     160       0       0       0      10       0       0      10      10     164       0       0       0       0       0       0       0     164       0
  199.000   561694.432       1   46315     160       0       0       0      12       0       0      12      12     166       0       0       0       0       0       0       0     166       0
  200.000   566448.608       1   46707     160       0       0       0      13       0       0      13      13     168       0       0       0       0       0       0       0     168       0
  201.000   554890.624       1   45754     160       0       0       0      10       0       0       9       9     171       0       0       0       0       0       0       0     171       0
  202.000   550876.256       1   45423     160       0       0       0      34       0       0       7       7     167       0       0       0       0       0       0       0     167       0
  203.000   549238.976       1   45288     160       0       0       0       9       0       0       9       9     162       0       0       0       0       0       0       0     162       0
  204.000   549445.152       1   45305     160       0       0       0      15       0       0      15      15     163       0       0       0       0       0       0       0     163       0
  205.000   552258.848       1   45537     160       0       0       0      10       0       0      10      10     161       0       0       0       0       0       0       0     161       0
  206.000   552368.000       1   45546     160       0       0       0       9       0       0       9       9     160       0       0       0       0       0       0       0     160       0
  207.000   551422.016       1   45468     160       0       0       0       7       0       0       7       7     157       0       0       0       0       0       0       0     157       0
  208.000   540725.120       1   44586     160       0       0       0      13       0       0      12      12     158       0       0       0       0       0       0       0     158       0
  209.000   536468.192       1   44235     160       0       0       0      13       0       0      13      13     159       0       0       0       0       0       0       0     159       0
  210.000   535182.624       1   44129     160       0       0       0       6       0       0       6       6     158       0       0       0       0       0       0       0     158       0
  211.000   538639.104       1   44414     160       0       0       0      11       0       0      11      11     157       0       0       0       0       0       0       0     157       0
  212.000   545455.040       1   44976     160       0       0       0      37       0       0       4       4     153       0       0       0       0       0       0       0     153       0
  213.000   551009.664       1   45434     160       0       0       0       7       0       0       7       7     152       0       0       0       0       0       0       0     152       0
  214.000   556406.624       1   45879     160       0       0       0       8       0       0       8       8     150       0       0       0       0       0       0       0     150       0
  215.000   558844.352       1   46080     160       0       0       0       8       0       0       8       8     146       0       0       0       0       0       0       0     146       0
  216.000   560675.680       1   46231     160       0       0       0       6       0       0       6       6     138       0       0       0       0       0       0       0     138       0
  217.000   564896.224       1   46579     160       0       0       0       9       0       0       8       8     138       0       0       0       0       0       0       0     138       0
  218.000   569529.120       1   46961     160       0       0       0       8       0       0       7       7     139       0       0       0       0       0       0       0     139       0
  219.000   560857.600       1   46246     160       0       0       0      23       0       0      22      22     143       0       0       0       0       0       0       0     143       0
  220.000   552707.584       1   45574     160       0       0       0      14       0       0      14      14     149       0       0       0       0       0       0       0     149       0
  221.000   555642.560       1   45816     160       0       0       0      18       0       0      18      18     157       0       0       0       0       0       0       0     157       0
  222.000   553362.496       1   45628     160       0       0       0      44       0       0      13      13     164       0       0       0       0       0       0       0     164       0
  223.000   552040.544       1   45519     160       0       0       0      10       0       0      10      10     162       0       0       0       0       0       0       0     162       0
  224.000   551434.144       1   45469     160       0       0       0      10       0       0      10      10     161       0       0       0       0       0       0       0     161       0
  225.000   552222.464       1   45534     160       0       0       0      11       0       0      11      11     161       0       0       0       0       0       0       0     161       0
  226.000   556054.912       1   45850     160       0       0       0       8       0       0       6       6     163       0       0       0       0       0       0       0     163       0
  227.000   551046.048       1   45437     160       0       0       0      11       0       0      11      11     167       0       0       0       0       0       0       0     167       0
  228.000   544339.264       1   44884     160       0       0       0      10       0       0      10      10     170       0       0       0       0       0       0       0     170       0
  229.000   535121.984       1   44124     160       0       0       0       7       0       0       6       6     170       0       0       0       0       0       0       0     170       0
  230.000   541877.280       1   44681     160       0       0       0      14       0       0      14      14     172       0       0       0       0       0       0       0     172       0
  231.000   538699.744       1   44419     160       0       0       0      13       0       0      13      13     181       0       0       0       0       0       0       0     181       0
  232.000   544193.728       1   44872     160       0       0       0      29       0       0       8       8     186       0       0       0       0       0       0       0     186       0
  233.000   547310.624       1   45129     160       0       0       0       7       0       0       7       7     181       0       0       0       0       0       0       0     181       0
  234.000   548826.624       1   45254     160       0       0       0       5       0       0       5       5     172       0       0       0       0       0       0       0     172       0
  235.000   550961.152       1   45430     160       0       0       0      10       0       0      10      10     162       0       0       0       0       0       0       0     162       0
  236.000   546619.328       1   45072     160       0       0       0       8       0       0       8       8     154       0       0       0       0       0       0       0     154       0
  237.000   540142.976       1   44538     160       0       0       0      12       0       0      12      12     149       0       0       0       0       0       0       0     149       0
  238.000   525213.408       1   43307     160       0       0       0      10       0       0      10      10     150       0       0       0       0       0       0       0     150       0
  239.000   529603.744       1   43669     160       0       0       0       8       0       0       8       8     148       0       0       0       0       0       0       0     148       0
  240.000   537062.464       1   44284     160       0       0       0       9       0       0       9       9     144       0       0       0       0       0       0       0     144       0
  241.000   540434.048       1   44562     160       0       0       0      10       0       0      10      10     144       0       0       0       0       0       0       0     144       0
  242.000   537171.616       1   44293     160       0       0       0      50       0       0      13      13     149       0       0       0       0       0       0       0     149       0
  243.000   539985.312       1   44525     160       0       0       0       8       0       0       7       7     148       0       0       0       0       0       0       0     148       0
  244.000   537535.456       1   44323     160       0       0       0       8       0       0       8       8     147       0       0       0       0       0       0       0     147       0
  245.000   536298.400       1   44221     160       0       0       0      10       0       0      10      10     147       0       0       0       0       0       0       0     147       0
  246.000   525831.936       1   43358     160       0       0       0      15       0       0      14      14     145       0       0       0       0       0       0       0     145       0
  247.000   516129.536       1   42558     160       0       0       0      13       0       0      13      13     146       0       0       0       0       0       0       0     146       0
  248.000   507312.480       1   41831     160       0       0       0      12       0       0      12      12     154       0       0       0       0       0       0       0     154       0
  249.000   502534.048       1   41437     160       0       0       0       9       0       0       9       9     156       0       0       0       0       0       0       0     156       0
  250.000   502546.176       1   41438     160       0       0       0      15       0       0      15      15     161       0       0       0       0       0       0       0     161       0
  251.000   496724.736       0   40958     160       0       0       0       8       0       0       8       8     164       0       0       0       0       0       0       0     164       0
  252.000   504001.536       1   41558     160       0       0       0      40       0       0       6       6     160       0       0       0       0       0       0       0     160       0
  253.000   504292.608       1   41582     160       0       0       0       8       0       0       8       8     156       0       0       0       0       0       0       0     156       0
  254.000   510247.456       1   42073     160       0       0       0       8       0       0       8       8     157       0       0       0       0       0       0       0     157       0
  255.000   509810.848       1   42037     160       0       0       0       8       0       0       8       8     157       0       0       0       0       0       0       0     157       0
  256.000   504438.144       1   41594     160       0       0       0      14       0       0      14      14     160       0       0       0       0       0       0       0     160       0
  257.000   506075.424       1   41729     160       0       0       0      10       0       0      10      10     154       0       0       0       0       0       0       0     154       0
  258.000   501503.168       1   41352     160       0       0       0      11       0       0      11      11     158       0       0       0       0       0       0       0     158       0
  259.000   502133.824       1   41404     160       0       0       0      14       0       0      14      14     161       0       0       0       0       0       0       0     161       0
  260.000   493207.616       0   40668     160       0       0       0       8       0       0       8       8     164       0       0       0       0       0       0       0     164       0
  261.000   493656.352       0   40705     160       0       0       0       9       0       0       9       9     159       0       0       0       0       0       0       0     159       0
  262.000   495803.008       0   40882     160       0       0       0      40       0       0       9       9     154       0       0       0       0       0       0       0     154       0
  263.000   488453.440       0   40276     160       0       0       0      10       0       0      10      10     152       0       0       0       0       0       0       0     152       0
  264.000   480364.064       0   39609     160       0       0       0      10       0       0      10      10     153       0       0       0       0       0       0       0     153       0
  265.000   479769.792       0   39560     160       0       0       0       6       0       0       6       6     147       0       0       0       0       0       0       0     147       0
  266.000   481079.616       0   39668     160       0       0       0      15       0       0      14      14     145       0       0       0       0       0       0       0     145       0
  267.000   469606.528       0   38722     160       0       0       0      14       0       0      14      14     153       0       0       0       0       0       0       0     153       0
  268.000   462487.392       0   38135     160       0       0       0      10       0       0      10      10     159       0       0       0       0       0       0       0     159       0
  269.000   452845.632       0   37340     160       0       0       0      10       0       0      10      10     161       0       0       0       0       0       0       0     161       0
  270.000   449146.592       0   37035     160       0       0       0      10       0       0      10      10     165       0       0       0       0       0       0       0     165       0
  271.000   444537.952       0   36655     160       0       0       0      11       0       0      10      10     160       0       0       0       0       0       0       0     160       0
  272.000   437673.504       0   36089     160       0       0       0      44       0       0      11      11     162       0       0       0       0       0       0       0     162       0
  273.000   442767.264       0   36509     160       0       0       0       3       0       0       3       3     158       0       0       0       0       0       0       0     158       0
  274.000   445593.088       0   36742     160       0       0       0       9       0       0       9       9     154       0       0       0       0       0       0       0     154       0
  275.000   442647.744       0   36498     160       0       0       0       5       0       0       5       5     147       0       0       0       0       0       0       0     147       0
