  TimeSec      LoaKbps LoaUsag Packets DlyUsec LoaDrps MetDrps TabDrps FloMods MetMods GroMods  PktsIn PktsOut FloEntr FloUsag MetEntr MetUsag GroEntr GroUsag BufPkts BufUsag  T0Entr  T0Usag
    1.000        0.000       0       0     173       0       0       0       3       0       2       0       0       3       0       0       0       2       0       0       0       3       0
    2.000      247.744       0      21     197       0       0       0       1       0       0       0       0       3       0       0       0       2       0       0       0       3       0
    3.000     4456.160       1     368     286       0       0       0       4       0       0       0       0       7       0       0       0       2       0       0       0       7       0
    4.000     6275.360       1     518     298       0       0       0       0       0       0       0       0       8       0       0       0       2       0       0       0       8       0
    5.000     8882.880       2     733     386       0       0       0       3       0       0       0       0      10       0       0       0       2       0       0       0      10       0
    6.000    13394.496       3    1105     398       0       0       0       5       0       0       0       0      13       0       0       0       2       0       0       0      13       0
    7.000    21459.616       5    1770     473       0       0       0       3       0       0       0       0      18       0       0       0       2       0       0       0      18       0
    8.000    23327.328       5    1924     497       0       0       0       4       0       0       0       0      21       0       0       0       2       0       0       0      21       0
    9.000    25777.184       6    2126     499       0       0       0       2       0       0       0       0      23       0       0       0       2       0       0       0      23       0
   10.000    29294.304       7    2416     499       0       0       0       2       0       0       0       0      26       0       0       0       2       0       0       0      26       0
   11.000    30604.128       7    2524     499       0       0       0       1       0       0       0       0      28       0       0       0       2       0       0       0      28       0
   12.000    32083.744       7    2646     500       0       0       0       1       0       0       0       0      29       0       0       0       2       0       0       0      29       0
   13.000    33915.072       8    2797     500       0       0       0       3       0       0       0       0      31       0       0       0       2       0       0       0      31       0
   14.000    34885.312       8    2877     586       0       0       0       2       0       0       0       0      33       0       0       0       2       0       0       0      33       0
   15.000    34800.416       8    2870     598       0       0       0       3       0       0       0       0      36       0       0       0       2       0       0       0      36       0
   16.000    36668.128       8    3024     599       0       0       0       3       0       0       0       0      38       0       0       0       2       0       0       0      38       0
   17.000    42950.432      10    3542     599       0       0       0       3       0       0       0       0      42       1       0       0       2       0       0       0      42       1
   18.000    44745.376      10    3690     599       0       0       0       1       0       0       0       0      43       1       0       0       2       0       0       0      43       1
   19.000    46370.528      10    3824     600       0       0       0       4       0       0       0       0      46       1       0       0       2       0       0       0      46       1
   20.000    49499.552      11    4082     600       0       0       0       3       0       0       0       0      50       1       0       0       2       0       0       0      50       1
   21.000    50772.992      11    4187     600       0       0       0       2       0       0       0       0      52       1       0       0       2       0       0       0      52       1
   22.000    51718.976      11    4265     600       0       0       0       2       0       0       0       0      54       1       0       0       2       0       0       0      54       1
   23.000    52968.160      12    4368     600       0       0       0       2       0       0       0       0      56       1       0       0       2       0       0       0      56       1
   24.000    55151.200      12    4548     600       0       0       0       3       0       0       0       0      58       1       0       0       2       0       0       0      58       1
   25.000    54957.152      12    4532     600       0       0       0       3       0       0       0       0      62       1       0       0       2       0       0       0      62       1
   26.000    55696.960      12    4593     600       0       0       0       1       0       0       0       0      63       1       0       0       2       0       0       0      63       1
   27.000    55842.496      12    4605     686       0       0       0       3       0       0       0       0      66       1       0       0       2       0       0       0      66       1
   28.000    59602.176      13    4915     698       0       0       0       1       0       0       0       0      68       1       0       0       2       0       0       0      68       1
   29.000    63361.856      14    5225     699       0       0       0       4       0       0       0       0      71       1       0       0       2       0       0       0      71       1
   30.000    66976.000      15    5523     699       0       0       0       5       0       0       0       0      73       1       0       0       2       0       0       0      73       1
   31.000    72651.904      16    5991     699       0       0       0       6       0       0       0       0      78       1       0       0       2       0       0       0      78       1
   32.000    78194.400      17    6448     700       0       0       0       5       0       0       0       0      84       1       0       0       2       0       0       0      84       1
   33.000    82354.304      18    6791     700       0       0       0       2       0       0       0       0      87       1       0       0       2       0       0       0      87       1
   34.000    86283.776      19    7115     700       0       0       0       5       0       0       0       0      91       1       0       0       2       0       0       0      91       1
   35.000    90904.544      20    7496     700       0       0       0       4       0       0       0       0      95       1       0       0       2       0       0       0      95       1
   36.000    91717.120      20    7563     700       0       0       0       3       0       0       0       0      99       1       0       0       2       0       0       0      99       1
   37.000    92068.832      20    7592     700       0       0       0       2       0       0       0       0     101       1       0       0       2       0       0       0     101       1
   38.000    95319.136      21    7860     700       0       0       0       3       0       0       0       0     104       1       0       0       2       0       0       0     104       1
   39.000    95913.408      21    7909     700       0       0       0       4       0       0       0       0     106       1       0       0       2       0       0       0     106       1
   40.000    99297.120      22    8188     700       0       0       0       3       0       0       0       0     107       1       0       0       2       0       0       0     107       1
   41.000   101346.752      23    8357     700       0       0       0       2       0       0       0       0     109       1       0       0       2       0       0       0     109       1
   42.000   101649.952      23    8382     700       0       0       0       2       0       0       0       0     109       1       0       0       2       0       0       0     109       1
   43.000   101686.336      23    8385     700       0       0       0       5       0       0       0       0     112       1       0       0       2       0       0       0     112       1
   44.000   104160.448      23    8589     700       0       0       0       2       0       0       0       0     116       1       0       0       2       0       0       0     116       1
   45.000   106028.160      24    8743     700       0       0       0       3       0       0       0       0     119       1       0       0       2       0       0       0     119       1
   46.000   100800.992      22    8312     700       0       0       0       5       0       0       0       0     121       1       0       0       2       0       0       0     121       1
   47.000   100267.360      22    8268     700       0       0       0       5       0       0       0       0     123       2       0       0       2       0       0       0     123       2
   48.000    99515.424      22    8206     700       0       0       0       1       0       0       0       0     126       2       0       0       2       0       0       0     126       2
   49.000    99879.264      22    8236     783       0       0       0       3       0       0       0       0     129       2       0       0       2       0       0       0     129       2
   50.000   101334.624      23    8356     794       0       0       0       2       0       0       0       0     129       2       0       0       2       0       0       0     129       2
   51.000   104027.040      23    8578     789       0       0       0       4       0       0       0       0     131       2       0       0       2       0       0       0     131       2
   52.000   105688.576      23    8715     798       0       0       0       1       0       0       0       0     132       2       0       0       2       0       0       0     132       2
   53.000   110418.496      25    9105     799       0       0       0       4       0       0       0       0     134       2       0       0       2       0       0       0     134       2
   54.000   111716.192      25    9212     799       0       0       0       2       0       0       0       0     135       2       0       0       2       0       0       0     135       2
   55.000   113074.528      25    9324     799       0       0       0       4       0       0       0       0     136       2       0       0       2       0       0       0     136       2
   56.000   115706.304      26    9541     800       0       0       0       6       0       0       0       0     140       2       0       0       2       0       0       0     140       2
   57.000   114808.832      26    9467     800       0       0       0       2       0       0       0       0     143       2       0       0       2       0       0       0     143       2
   58.000   115936.736      26    9560     800       0       0       0       2       0       0       0       0     142       2       0       0       2       0       0       0     142       2
   59.000   119538.752      27    9857     800       0       0       0       3       0       0       0       0     142       2       0       0       2       0       0       0     142       2
   60.000   118980.864      26    9811     800       0       0       0       3       0       0       0       0     143       2       0       0       2       0       0       0     143       2
   61.000   115548.640      26    9528     800       0       0       0       7       0       0       0       0     144       2       0       0       2       0       0       0     144       2
   62.000   115439.488      26    9519     800       0       0       0       5       0       0       0       0     143       2       0       0       2       0       0       0     143       2
   63.000   121612.640      27   10028     800       0       0       0       3       0       0       0       0     144       2       0       0       2       0       0       0     144       2
   64.000   124996.352      28   10307     800       0       0       0       2       0       0       0       0     143       2       0       0       2       0       0       0     143       2
   65.000   128659.008      29   10609     800       0       0       0       3       0       0       0       0     146       2       0       0       2       0       0       0     146       2
   66.000   130466.080      29   10758     800       0       0       0       4       0       0       0       0     146       2       0       0       2       0       0       0     146       2
   67.000   132976.576      30   10965     800       0       0       0       3       0       0       0       0     149       2       0       0       2       0       0       0     149       2
   68.000   132345.920      29   10913     800       0       0       0       5       0       0       0       0     152       2       0       0       2       0       0       0     152       2
   69.000   128404.320      29   10588     800       0       0       0       4       0       0       0       0     155       2       0       0       2       0       0       0     155       2
   70.000   126682.144      28   10446     800       0       0       0       7       0       0       0       0     161       2       0       0       2       0       0       0     161       2
   71.000   126706.400      28   10448     800       0       0       0       4       0       0       0       0     162       2       0       0       2       0       0       0     162       2
   72.000   127045.984      28   10476     800       0       0       0       5       0       0       0       0     163       2       0       0       2       0       0       0     163       2
   73.000   129896.064      29   10711     800       0       0       0       6       0       0       0       0     168       2       0       0       2       0       0       0     168       2
   74.000   137063.712      30   11302     800       0       0       0       3       0       0       0       0     170       2       0       0       2       0       0       0     170       2
   75.000   139283.136      31   11485     800       0       0       0       5       0       0       0       0     172       2       0       0       2       0       0       0     172       2
   76.000   134116.608      30   11059     800       0       0       0       8       0       0       0       0     174       2       0       0       2       0       0       0     174       2
   77.000   130429.696      29   10755     800       0       0       0       6       0       0       0       0     174       2       0       0       2       0       0       0     174       2
   78.000   132442.944      29   10921     800       0       0       0       5       0       0       0       0     178       2       0       0       2       0       0       0     178       2
   79.000   135790.272      30   11197     800       0       0       0       4       0       0       0       0     181       2       0       0       2       0       0       0     181       2
   80.000   135996.448      30   11214     800       0       0       0       4       0       0       0       0     185       2       0       0       2       0       0       0     185       2
   81.000   138082.464      31   11386     800       0       0       0       4       0       0       0       0     187       2       0       0       2       0       0       0     187       2
   82.000   139659.104      31   11516     800       0       0       0       2       0       0       0       0     189       2       0       0       2       0       0       0     189       2
   83.000   138446.304      31   11416     800       0       0       0       4       0       0       0       0     187       2       0       0       2       0       0       0     187       2
   84.000   139537.824      31   11506     800       0       0       0       3       0       0       0       0     185       2       0       0       2       0       0       0     185       2
   85.000   139768.256      31   11525     800       0       0       0       6       0       0       0       0     182       2       0       0       2       0       0       0     182       2
   86.000   139719.744      31   11521     800       0       0       0       6       0       0       0       0     183       2       0       0       2       0       0       0     183       2
   87.000   139562.080      31   11508     800       0       0       0       3       0       0       0       0     184       2       0       0       2       0       0       0     184       2
   88.000   137864.160      31   11368     800       0       0       0       3       0       0       0       0     185       2       0       0       2       0       0       0     185       2
   89.000   133340.416      30   10995     800       0       0       0       8       0       0       0       0     189       2       0       0       2       0       0       0     189       2
   90.000   133485.952      30   11007     800       0       0       0       5       0       0       0       0     195       2       0       0       2       0       0       0     195       2
   91.000   133061.472      30   10972     800       0       0       0       3       0       0       0       0     189       2       0       0       2       0       0       0     189       2
   92.000   128913.696      29   10630     800       0       0       0       7       0       0       0       0     186       2       0       0       2       0       0       0     186       2
   93.000   124717.408      28   10284     800       0       0       0       6       0       0       0       0     188       2       0       0       2       0       0       0     188       2
   94.000   126791.296      28   10455     800       0       0       0       5       0       0       0       0     190       2       0       0       2       0       0       0     190       2
   95.000   127179.392      28   10487     800       0       0       0       6       0       0       0       0     192       2       0       0       2       0       0       0     192       2
   96.000   127640.256      28   10525     800       0       0       0       7       0       0       0       0     196       2       0       0       2       0       0       0     196       2
   97.000   128234.528      28   10574     800       0       0       0       4       0       0       0       0     199       2       0       0       2       0       0       0     199       2
   98.000   128477.088      29   10594     800       0       0       0       3       0       0       0       0     199       2       0       0       2       0       0       0     199       2
   99.000   128004.096      28   10555     800       0       0       0       5       0       0       0       0     202       2       0       0       2       0       0       0     202       2
  100.000   127082.368      28   10479     800       0       0       0       3       0       0       0       0     202       2       0       0       2       0       0       0     202       2
  101.000   129968.832      29   10717     800       0       0       0       4       0       0       0       0     199       2       0       0       2       0       0       0     199       2
  102.000   125226.784      28   10326     800       0       0       0       6       0       0       0       0     202       2       0       0       2       0       0       0     202       2
  103.000   122340.320      27   10088     800       0       0       0       4       0       0       0       0     205       3       0       0       2       0       0       0     205       3
  104.000   120618.144      27    9946     800       0       0       0       3       0       0       0       0     201       2       0       0       2       0       0       0     201       2
  105.000   118532.128      26    9774     800       0       0       0       2       0       0       0       0     197       2       0       0       2       0       0       0     197       2
  106.000   120157.280      27    9908     800       0       0       0       8       0       0       0       0     201       2       0       0       2       0       0       0     201       2
  107.000   119732.800      27    9873     800       0       0       0       5       0       0       0       0     203       2       0       0       2       0       0       0     203       2
  108.000   121151.776      27    9990     800       0       0       0       4       0       0       0       0     198       2       0       0       2       0       0       0     198       2
  109.000   123698.656      27   10200     800       0       0       0       7       0       0       0       0     200       2       0       0       2       0       0       0     200       2
  110.000   125481.472      28   10347     800       0       0       0       4       0       0       0       0     199       2       0       0       2       0       0       0     199       2
  111.000   127421.952      28   10507     800       0       0       0       5       0       0       0       0     197       2       0       0       2       0       0       0     197       2
  112.000   127567.488      28   10519     800       0       0       0       7       0       0       0       0     198       2       0       0       2       0       0       0     198       2
  113.000   127882.816      28   10545     800       0       0       0       5       0       0       0       0     200       2       0       0       2       0       0       0     200       2
  114.000   126888.320      28   10463     800       0       0       0       3       0       0       0       0     198       2       0       0       2       0       0       0     198       2
  115.000   129010.720      29   10638     800       0       0       0       4       0       0       0       0     197       2       0       0       2       0       0       0     197       2
  116.000   128598.368      29   10604     800       0       0       0       7       0       0       0       0     202       2       0       0       2       0       0       0     202       2
  117.000   125457.216      28   10345     800       0       0       0       5       0       0       0       0     201       2       0       0       2       0       0       0     201       2
  118.000   122279.680      27   10083     800       0       0       0       3       0       0       0       0     198       2       0       0       2       0       0       0     198       2
  119.000   125263.168      28   10329     800       0       0       0       3       0       0       0       0     198       2       0       0       2       0       0       0     198       2
  120.000   126827.680      28   10458     800       0       0       0       2       0       0       0       0     196       2       0       0       2       0       0       0     196       2
  121.000   128998.592      29   10637     800       0       0       0       9       0       0       0       0     197       2       0       0       2       0       0       0     197       2
  122.000   130550.976      29   10765     800       0       0       0       7       0       0       0       0     198       2       0       0       2       0       0       0     198       2
  123.000   134541.088      30   11094     800       0       0       0       4       0       0       0       0     200       2       0       0       2       0       0       0     200       2
  124.000   135499.200      30   11173     800       0       0       0       4       0       0       0       0     200       2       0       0       2       0       0       0     200       2
  125.000   133498.080      30   11008     800       0       0       0       4       0       0       0       0     202       2       0       0       2       0       0       0     202       2
  126.000   134613.856      30   11100     800       0       0       0       4       0       0       0       0     203       2       0       0       2       0       0       0     203       2
  127.000   131327.168      29   10829     800       0       0       0       5       0       0       0       0     202       2       0       0       2       0       0       0     202       2
  128.000   132794.656      30   10950     800       0       0       0       6       0       0       0       0     201       2       0       0       2       0       0       0     201       2
  129.000   134007.456      30   11050     800       0       0       0       0       0       0       0       0     200       2       0       0       2       0       0       0     200       2
  130.000   132734.016      29   10945     800       0       0       0       8       0       0       0       0     201       2       0       0       2       0       0       0     201       2
  131.000   129968.832      29   10717     800       0       0       0       6       0       0       0       0     202       2       0       0       2       0       0       0     202       2
  132.000   128962.208      29   10634     800       0       0       0       6       0       0       0       0     197       2       0       0       2       0       0       0     197       2
  133.000   125578.496      28   10355     800       0       0       0       4       0       0       0       0     198       2       0       0       2       0       0       0     198       2
  134.000   125117.632      28   10317     800       0       0       0       6       0       0       0       0     203       2       0       0       2       0       0       0     203       2
  135.000   127458.336      28   10510     800       0       0       0       7       0       0       0       0     207       3       0       0       2       0       0       0     207       3
  136.000   127021.728      28   10474     800       0       0       0       8       0       0       0       0     207       3       0       0       2       0       0       0     207       3
  137.000   121394.336      27   10010     800       0       0       0       4       0       0       0       0     207       3       0       0       2       0       0       0     207       3
  138.000   130199.264      29   10736     800       0       0       0       2       0       0       0       0     207       3       0       0       2       0       0       0     207       3
  139.000   133789.152      30   11032     800       0       0       0       8       0       0       0       0     210       3       0       0       2       0       0       0     210       3
  140.000   134662.368      30   11104     800       0       0       0       5       0       0       0       0     211       3       0       0       2       0       0       0     211       3
  141.000   136093.472      30   11222     800       0       0       0       4       0       0       0       0     213       3       0       0       2       0       0       0     213       3
  142.000   138434.176      31   11415     800       0       0       0       6       0       0       0       0     212       3       0       0       2       0       0       0     212       3
  143.000   145601.824      32   12006     800       0       0       0       3       0       0       0       0     214       3       0       0       2       0       0       0     214       3
  144.000   144534.560      32   11918     800       0       0       0       2       0       0       0       0     213       3       0       0       2       0       0       0     213       3
  145.000   143103.456      32   11800     800       0       0       0       4       0       0       0       0     211       3       0       0       2       0       0       0     211       3
  146.000   143855.392      32   11862     800       0       0       0       2       0       0       0       0     206       3       0       0       2       0       0       0     206       3
  147.000   146378.016      33   12070     800       0       0       0       4       0       0       0       0     204       2       0       0       2       0       0       0     204       2
  148.000   150064.928      33   12374     800       0       0       0       4       0       0       0       0     200       2       0       0       2       0       0       0     200       2
  149.000   151107.936      34   12460     800       0       0       0       5       0       0       0       0     197       2       0       0       2       0       0       0     197       2
  150.000   155413.376      35   12815     800       0       0       0       6       0       0       0       0     200       2       0       0       2       0       0       0     200       2
  151.000   153836.736      34   12685     800       0       0       0       7       0       0       0       0     200       2       0       0       2       0       0       0     200       2
  152.000   150513.664      33   12411     800       0       0       0       5       0       0       0       0     198       2       0       0       2       0       0       0     198       2
  153.000   148100.192      33   12212     800       0       0       0       5       0       0       0       0     202       2       0       0       2       0       0       0     202       2
  154.000   147602.944      33   12171     800       0       0       0       5       0       0       0       0     197       2       0       0       2       0       0       0     197       2
  155.000   144461.792      32   11912     800       0       0       0       9       0       0       0       0     201       2       0       0       2       0       0       0     201       2
  156.000   143103.456      32   11800     800       0       0       0       5       0       0       0       0     203       2       0       0       2       0       0       0     203       2
  157.000   142254.496      32   11730     800       0       0       0       7       0       0       0       0     203       2       0       0       2       0       0       0     203       2
  158.000   140981.056      31   11625     800       0       0       0       5       0       0       0       0     211       3       0       0       2       0       0       0     211       3
  159.000   142957.920      32   11788     800       0       0       0       7       0       0       0       0     214       3       0       0       2       0       0       0     214       3
  160.000   143164.096      32   11805     800       0       0       0       4       0       0       0       0     217       3       0       0       2       0       0       0     217       3
  161.000   142497.056      32   11750     800       0       0       0       4       0       0       0       0     216       3       0       0       2       0       0       0     216       3
  162.000   142011.936      32   11710     800       0       0       0       6       0       0       0       0     222       3       0       0       2       0       0       0     222       3
  163.000   139222.496      31   11480     800       0       0       0       3       0       0       0       0     225       3       0       0       2       0       0       0     225       3
  164.000   137985.440      31   11378     800       0       0       0       4       0       0       0       0     225       3       0       0       2       0       0       0     225       3
  165.000   136954.560      30   11293     800       0       0       0       2       0       0       0       0     221       3       0       0       2       0       0       0     221       3
  166.000   136251.136      30   11235     800       0       0       0       4       0       0       0       0     214       3       0       0       2       0       0       0     214       3
  167.000   132285.280      29   10908     800       0       0       0       7       0       0       0       0     213       3       0       0       2       0       0       0     213       3
  168.000   131897.184      29   10876     800       0       0       0       4       0       0       0       0     211       3       0       0       2       0       0       0     211       3
  169.000   129750.528      29   10699     800       0       0       0       8       0       0       0       0     211       3       0       0       2       0       0       0     211       3
  170.000   131205.888      29   10819     800       0       0       0       2       0       0       0       0     206       3       0       0       2       0       0       0     206       3
  171.000   134031.712      30   11052     800       0       0       0       7       0       0       0       0     207       3       0       0       2       0       0       0     207       3
  172.000   136433.056      30   11250     800       0       0       0       5       0       0       0       0     210       3       0       0       2       0       0       0     210       3
  173.000   137245.632      30   11317     800       0       0       0       3       0       0       0       0     207       3       0       0       2       0       0       0     207       3
  174.000   137779.264      31   11361     800       0       0       0       6       0       0       0       0     206       3       0       0       2       0       0       0     206       3
  175.000   139792.512      31   11527     800       0       0       0       4       0       0       0       0     207       3       0       0       2       0       0       0     207       3
  176.000   141029.568      31   11629     800       0       0       0       4       0       0       0       0     208       3       0       0       2       0       0       0     208       3
  177.000   143455.168      32   11829     800       0       0       0       4       0       0       0       0     203       2       0       0       2       0       0       0     203       2
  178.000   142666.848      32   11764     800       0       0       0       4       0       0       0       0     202       2       0       0       2       0       0       0     202       2
  179.000   147020.800      33   12123     800       0       0       0       4       0       0       0       0     201       2       0       0       2       0       0       0     201       2
  180.000   149967.904      33   12366     800       0       0       0       4       0       0       0       0     204       2       0       0       2       0       0       0     204       2
  181.000   151799.232      34   12517     800       0       0       0       6       0       0       0       0     207       3       0       0       2       0       0       0     207       3
  182.000   152599.680      34   12583     800       0       0       0       4       0       0       0       0     201       2       0       0       2       0       0       0     201       2
  183.000   150477.280      33   12408     800       0       0       0       5       0       0       0       0     201       2       0       0       2       0       0       0     201       2
  184.000   147057.184      33   12126     800       0       0       0       4       0       0       0       0     198       2       0       0       2       0       0       0     198       2
  185.000   146717.600      33   12098     800       0       0       0       4       0       0       0       0     196       2       0       0       2       0       0       0     196       2
  186.000   142218.112      32   11727     800       0       0       0       5       0       0       0       0     197       2       0       0       2       0       0       0     197       2
  187.000   141975.552      32   11707     800       0       0       0       3       0       0       0       0     198       2       0       0       2       0       0       0     198       2
  188.000   140750.624      31   11606     800       0       0       0       7       0       0       0       0     201       2       0       0       2       0       0       0     201       2
  189.000   135196.000      30   11148     800       0       0       0       0       0       0       0       0     201       2       0       0       2       0       0       0     201       2
  190.000   135390.048      30   11164     800       0       0       0       4       0       0       0       0     201       2       0       0       2       0       0       0     201       2
  191.000   138228.000      31   11398     800       0       0       0       6       0       0       0       0     201       2       0       0       2       0       0       0     201       2
  192.000   142557.696      32   11755     800       0       0       0       4       0       0       0       0     205       3       0       0       2       0       0       0     205       3
  193.000   142181.728      32   11724     800       0       0       0       4       0       0       0       0     205       3       0       0       2       0       0       0     205       3
  194.000   142751.744      32   11771     800       0       0       0       6       0       0       0       0     208       3       0       0       2       0       0       0     208       3
  195.000   137197.120      30   11313     800       0       0       0       6       0       0       0       0     210       3       0       0       2       0       0       0     210       3
  196.000   133267.648      30   10989     800       0       0       0       5       0       0       0       0     209       3       0       0       2       0       0       0     209       3
  197.000   132782.528      30   10949     800       0       0       0       5       0       0       0       0     209       3       0       0       2       0       0       0     209       3
  198.000   131872.928      29   10874     800       0       0       0       4       0       0       0       0     209       3       0       0       2       0       0       0     209       3
  199.000   133291.904      30   10991     800       0       0       0       3       0       0       0       0     206       3       0       0       2       0       0       0     206       3
  200.000   132709.760      29   10943     800       0       0       0       2       0       0       0       0     205       3       0       0       2       0       0       0     205       3
  201.000   133570.848      30   11014     800       0       0       0      12       0       0       0       0     204       2       0       0       2       0       0       0     204       2
  202.000   131048.224      29   10806     800       0       0       0       3       0       0       0       0     208       3       0       0       2       0       0       0     208       3
  203.000   134977.696      30   11130     800       0       0       0       4       0       0       0       0     208       3       0       0       2       0       0       0     208       3
  204.000   134807.904      30   11116     800       0       0       0       5       0       0       0       0     207       3       0       0       2       0       0       0     207       3
  205.000   130684.384      29   10776     800       0       0       0       4       0       0       0       0     206       3       0       0       2       0       0       0     206       3
  206.000   132831.040      30   10953     800       0       0       0       4       0       0       0       0     208       3       0       0       2       0       0       0     208       3
  207.000   134019.584      30   11051     800       0       0       0       8       0       0       0       0     209       3       0       0       2       0       0       0     209       3
  208.000   138700.992      31   11437     800       0       0       0       5       0       0       0       0     212       3       0       0       2       0       0       0     212       3
  209.000   139392.288      31   11494     800       0       0       0       3       0       0       0       0     215       3       0       0       2       0       0       0     215       3
  210.000   139865.280      31   11533     800       0       0       0       6       0       0       0       0     209       3       0       0       2       0       0       0     209       3
  211.000   142678.976      32   11765     800       0       0       0       4       0       0       0       0     208       3       0       0       2       0       0       0     208       3
  212.000   144862.016      32   11945     800       0       0       0       2       0       0       0       0     207       3       0       0       2       0       0       0     207       3
  213.000   145905.024      32   12031     800       0       0       0       9       0       0       0       0     205       3       0       0       2       0       0       0     205       3
  214.000   147214.848      33   12139     800       0       0       0       4       0       0       0       0     208       3       0       0       2       0       0       0     208       3
  215.000   150938.144      34   12446     800       0       0       0       5       0       0       0       0     211       3       0       0       2       0       0       0     211       3
  216.000   147457.408      33   12159     800       0       0       0       3       0       0       0       0     208       3       0       0       2       0       0       0     208       3
  217.000   147226.976      33   12140     800       0       0       0       6       0       0       0       0     204       2       0       0       2       0       0       0     204       2
  218.000   148500.416      33   12245     800       0       0       0       2       0       0       0       0     205       3       0       0       2       0       0       0     205       3
  219.000   147615.072      33   12172     800       0       0       0       7       0       0       0       0     203       2       0       0       2       0       0       0     203       2
  220.000   145286.496      32   11980     800       0       0       0       7       0       0       0       0     204       2       0       0       2       0       0       0     204       2
  221.000   141441.920      31   11663     800       0       0       0       5       0       0       0       0     209       3       0       0       2       0       0       0     209       3
  222.000   136469.440      30   11253     800       0       0       0       4       0       0       0       0     211       3       0       0       2       0       0       0     211       3
  223.000   139671.232      31   11517     800       0       0       0       7       0       0       0       0     210       3       0       0       2       0       0       0     210       3
  224.000   141284.256      31   11650     800       0       0       0       8       0       0       0       0     211       3       0       0       2       0       0       0     211       3
  225.000   137512.448      31   11339     800       0       0       0       2       0       0       0       0     211       3       0       0       2       0       0       0     211       3
  226.000   135062.592      30   11137     800       0       0       0       6       0       0       0       0     213       3       0       0       2       0       0       0     213       3
  227.000   132261.024      29   10906     800       0       0       0       7       0       0       0       0     217       3       0       0       2       0       0       0     217       3
  228.000   138094.592      31   11387     800       0       0       0       4       0       0       0       0     216       3       0       0       2       0       0       0     216       3
  229.000   137827.776      31   11365     800       0       0       0       2       0       0       0       0     216       3       0       0       2       0       0       0     216       3
  230.000   138725.248      31   11439     800       0       0       0       7       0       0       0       0     217       3       0       0       2       0       0       0     217       3
  231.000   138276.512      31   11402     800       0       0       0       8       0       0       0       0     219       3       0       0       2       0       0       0     219       3
  232.000   137827.776      31   11365     800       0       0       0       4       0       0       0       0     219       3       0       0       2       0       0       0     219       3
  233.000   137585.216      31   11345     800       0       0       0       6       0       0       0       0     222       3       0       0       2       0       0       0     222       3
  234.000   135753.888      30   11194     800       0       0       0       8       0       0       0       0     223       3       0       0       2       0       0       0     223       3
  235.000   134528.960      30   11093     800       0       0       0       3       0       0       0       0     220       3       0       0       2       0       0       0     220       3
  236.000   133194.880      30   10983     800       0       0       0       4       0       0       0       0     217       3       0       0       2       0       0       0     217       3
  237.000   128574.112      29   10602     800       0       0       0       8       0       0       0       0     217       3       0       0       2       0       0       0     217       3
  238.000   125893.824      28   10381     800       0       0       0       4       0       0       0       0     219       3       0       0       2       0       0       0     219       3
  239.000   123771.424      28   10206     800       0       0       0       5       0       0       0       0     218       3       0       0       2       0       0       0     218       3
  240.000   119041.504      26    9816     800       0       0       0       7       0       0       0       0     220       3       0       0       2       0       0       0     220       3
  241.000   123225.664      27   10161     800       0       0       0       7       0       0       0       0     218       3       0       0       2       0       0       0     218       3
  242.000   122316.064      27   10086     800       0       0       0       7       0       0       0       0     218       3       0       0       2       0       0       0     218       3
  243.000   120593.888      27    9944     800       0       0       0       3       0       0       0       0     217       3       0       0       2       0       0       0     217       3
  244.000   121515.616      27   10020     800       0       0       0       3       0       0       0       0     217       3       0       0       2       0       0       0     217       3
  245.000   123516.736      27   10185     800       0       0       0       4       0       0       0       0     217       3       0       0       2       0       0       0     217       3
  246.000   124450.592      28   10262     800       0       0       0       3       0       0       0       0     211       3       0       0       2       0       0       0     211       3
  247.000   124074.624      28   10231     800       0       0       0       4       0       0       0       0     212       3       0       0       2       0       0       0     212       3
  248.000   123177.152      27   10157     800       0       0       0       5       0       0       0       0     212       3       0       0       2       0       0       0     212       3
  249.000   125651.264      28   10361     800       0       0       0       3       0       0       0       0     208       3       0       0       2       0       0       0     208       3
  250.000   126585.120      28   10438     800       0       0       0       7       0       0       0       0     206       3       0       0       2       0       0       0     206       3
  251.000   126815.552      28   10457     800       0       0       0       3       0       0       0       0     208       3       0       0       2       0       0       0     208       3
  252.000   126015.104      28   10391     800       0       0       0       4       0       0       0       0     203       2       0       0       2       0       0       0     203       2
  253.000   124644.640      28   10278     800       0       0       0       3       0       0       0       0     197       2       0       0       2       0       0       0     197       2
  254.000   117695.296      26    9705     800       0       0       0       7       0       0       0       0     197       2       0       0       2       0       0       0     197       2
  255.000   117792.320      26    9713     800       0       0       0       1       0       0       0       0     191       2       0       0       2       0       0       0     191       2
  256.000   117076.768      26    9654     800       0       0       0       5       0       0       0       0     191       2       0       0       2       0       0       0     191       2
  257.000   116446.112      26    9602     800       0       0       0       4       0       0       0       0     189       2       0       0       2       0       0       0     189       2
  258.000   115815.456      26    9550     800       0       0       0       7       0       0       0       0     189       2       0       0       2       0       0       0     189       2
  259.000   115342.464      26    9511     800       0       0       0       6       0       0       0       0     192       2       0       0       2       0       0       0     192       2
  260.000   117865.088      26    9719     800       0       0       0       5       0       0       0       0     195       2       0       0       2       0       0       0     195       2
  261.000   118168.288      26    9744     800       0       0       0       4       0       0       0       0     198       2       0       0       2       0       0       0     198       2
  262.000   114772.448      26    9464     800       0       0       0       3       0       0       0       0     196       2       0       0       2       0       0       0     196       2
  263.000   117610.400      26    9698     800       0       0       0       5       0       0       0       0     196       2       0       0       2       0       0       0     196       2
  264.000   122631.392      27   10112     800       0       0       0       5       0       0       0       0     199       2       0       0       2       0       0       0     199       2
  265.000   123977.600      28   10223     800       0       0       0       2       0       0       0       0     198       2       0       0       2       0       0       0     198       2
  266.000   122109.888      27   10069     800       0       0       0       6       0       0       0       0     199       2       0       0       2       0       0       0     199       2
  267.000   122376.704      27   10091     800       0       0       0       4       0       0       0       0     199       2       0       0       2       0       0       0     199       2
  268.000   124232.288      28   10244     800       0       0       0       2       0       0       0       0     197       2       0       0       2       0       0       0     197       2
  269.000   127143.008      28   10484     800       0       0       0       5       0       0       0       0     191       2       0       0       2       0       0       0     191       2
  270.000   130538.848      29   10764     800       0       0       0       6       0       0       0       0     192       2       0       0       2       0       0       0     192       2
  271.000   132006.336      29   10885     800       0       0       0       8       0       0       0       0     195       2       0       0       2       0       0       0     195       2
  272.000   133449.568      30   11004     800       0       0       0       5       0       0       0       0     195       2       0       0       2       0       0       0     195       2
  273.000   133813.408      30   11034     800       0       0       0       3       0       0       0       0     192       2       0       0       2       0       0       0     192       2
  274.000   133097.856      30   10975     800       0       0       0       3       0       0       0       0     189       2       0       0       2       0       0       0     189       2
  275.000   133032.032      30   10969     800       0       0       0       5       0       0       0       0     189       2       0       0       2       0       0       0     189       2
