  TimeSec      LoaKbps LoaUsag Packets DlyUsec LoaDrps MetDrps TabDrps FloMods MetMods GroMods  PktsIn PktsOut FloEntr FloUsag MetEntr MetUsag GroEntr GroUsag BufPkts BufUsag  T0Entr  T0Usag
    1.000        0.000       0       0      34       0       0       0       3       0       2       0       0       3       2       0       0       2       0       0       0       3       2
    2.000       17.312       0       2      39       0       0       0       0       0       0       0       0       3       2       0       0       2       0       0       0       3       2
    3.000       17.312       0       2      39       0       0       0       0       0       0       0       0       3       2       0       0       2       0       0       0       3       2
    4.000       17.312       0       2      39       0       0       0       0       0       0       0       0       3       2       0       0       2       0       0       0       3       2
    5.000       17.312       0       2      39       0       0       0       0       0       0       0       0       3       2       0       0       2       0       0       0       3       2
    6.000       17.312       0       2      40       0       0       0       0       0       0       0       0       3       2       0       0       2       0       0       0       3       2
    7.000       17.312       0       2      40       0       0       0       0       0       0       0       0       3       2       0       0       2       0       0       0       3       2
    8.000       17.312       0       2      40       0       0       0       0       0       0       0       0       3       2       0       0       2       0       0       0       3       2
    9.000       17.312       0       2      40       0       0       0       0       0       0       0       0       3       2       0       0       2       0       0       0       3       2
   10.000       17.312       0       2      40       0       0       0       0       0       0       0       0       3       2       0       0       2       0       0       0       3       2
   11.000    41822.528       4    3449     142       0       0       0     176       0       0       0       0     149      75       0       0       2       0       0       0     149      75
   12.000    83627.744       8    6896     158       0       0       0       0       0       0       0       0     176      88       0       0       2       0       0       0     176      88
   13.000    82936.448       8    6839     159       0       0       0       0       0       0       0       0     179      90       0       0       2       0       0       0     179      90
   14.000    82960.704       8    6841     159       0       0       0       0       0       0       0       0     179      90       0       0       2       0       0       0     179      90
   15.000    82269.408       8    6784     159       0       0       0       0       0       0       0       0     179      90       0       0       2       0       0       0     179      90
   16.000    81541.728       8    6724     160       0       0       0       0       0       0       0       0     179      90       0       0       2       0       0       0     179      90
   17.000    81432.576       8    6715     160       0       0       0       0       0       0       0       0     179      90       0       0       2       0       0       0     179      90
   18.000    80474.464       8    6636     160       0       0       0       0       0       0       0       0     179      90       0       0       2       0       0       0     179      90
   19.000    78412.704       8    6466     160       0       0       0       0       0       0       0       0     179      90       0       0       2       0       0       0     179      90
   20.000    78352.064       8    6461     160       0       0       0       0       0       0       0       0     179      90       0       0       2       0       0       0     179      90
   21.000    93257.376       9    7690     160       0       0       0      20       0       0       0       0     196      98       0       0       2       0       0       0     196      98
   22.000   107956.512      11    8902     160       0       0       0       0       0       0       0       0     199     100       0       0       2       0       0       0     199     100
   23.000   107701.824      11    8881     160       0       0       0       0       0       0       0       0     199     100       0       0       2       0       0       0     199     100
   24.000   106925.632      11    8817     160       0       0       0       0       0       0       0       0     199     100       0       0       2       0       0       0     199     100
   25.000   104718.336      10    8635     160       0       0       0       0       0       0       0       0     199     100       0       0       2       0       0       0     199     100
   26.000   103202.336      10    8510     144       0       0       0       0       0       0       0       0     125      63       0       0       2       0       0       0     125      63
   27.000   103153.824      10    8506     140       0       0       0       0       0       0       0       0     111      56       0       0       2       0       0       0     111      56
   28.000   102935.520      10    8488     140       0       0       0       0       0       0       0       0     108      54       0       0       2       0       0       0     108      54
   29.000   102571.680      10    8458     140       0       0       0       0       0       0       0       0     108      54       0       0       2       0       0       0     108      54
   30.000   100861.632      10    8317     140       0       0       0       0       0       0       0       0     107      54       0       0       2       0       0       0     107      54
   31.000   146753.984      15   12101     157       0       0       0      94       0       0       0       0     187      94       0       0       2       0       0       0     187      94
   32.000   193349.760      19   15943     159       0       0       0       0       0       0       0       0     198      99       0       0       2       0       0       0     198      99
   33.000   192403.776      19   15865     159       0       0       0       0       0       0       0       0     198      99       0       0       2       0       0       0     198      99
   34.000   187419.168      19   15454     159       0       0       0       0       0       0       0       0     197      99       0       0       2       0       0       0     197      99
   35.000   186533.824      19   15381     160       0       0       0       0       0       0       0       0     197      99       0       0       2       0       0       0     197      99
   36.000   183283.520      18   15113     160       0       0       0       0       0       0       0       0     188      94       0       0       2       0       0       0     188      94
   37.000   183162.240      18   15103     160       0       0       0       0       0       0       0       0     187      94       0       0       2       0       0       0     187      94
   38.000   181391.552      18   14957     160       0       0       0       0       0       0       0       0     185      93       0       0       2       0       0       0     185      93
   39.000   180967.072      18   14922     160       0       0       0       0       0       0       0       0     183      92       0       0       2       0       0       0     183      92
   40.000   180591.104      18   14891     160       0       0       0       0       0       0       0       0     182      91       0       0       2       0       0       0     182      91
   41.000   197267.104      20   16266     160       0       0       0      18       0       0       0       0     197      99       0       0       2       0       0       0     197      99
   42.000   214197.792      21   17662     160       0       0       0       0       0       0       0       0     199     100       0       0       2       0       0       0     199     100
   43.000   212681.792      21   17537     160       0       0       0       0       0       0       0       0     198      99       0       0       2       0       0       0     198      99
   44.000   208230.816      21   17170     160       0       0       0       0       0       0       0       0     197      99       0       0       2       0       0       0     197      99
   45.000   206629.920      21   17038     160       0       0       0       0       0       0       0       0     195      98       0       0       2       0       0       0     195      98
   46.000   195860.256      20   16150     160       0       0       0       0       0       0       0       0     151      76       0       0       2       0       0       0     151      76
   47.000   190050.944      19   15671     160       0       0       0       0       0       0       0       0     145      73       0       0       2       0       0       0     145      73
   48.000   187188.736      19   15435     160       0       0       0       0       0       0       0       0     144      72       0       0       2       0       0       0     144      72
   49.000   187212.992      19   15437     160       0       0       0       0       0       0       0       0     142      71       0       0       2       0       0       0     142      71
   50.000   187273.632      19   15442     160       0       0       0       0       0       0       0       0     141      71       0       0       2       0       0       0     141      71
   51.000   222735.904      22   18366     160       0       0       0      60       0       0       0       0     191      96       0       0       2       0       0       0     191      96
   52.000   258562.016      26   21320     160       0       0       0       0       0       0       0       0     198      99       0       0       2       0       0       0     198      99
   53.000   257810.080      26   21258     160       0       0       0       0       0       0       0       0     198      99       0       0       2       0       0       0     198      99
   54.000   257324.960      26   21218     160       0       0       0       0       0       0       0       0     197      99       0       0       2       0       0       0     197      99
   55.000   257409.856      26   21225     160       0       0       0       0       0       0       0       0     197      99       0       0       2       0       0       0     197      99
   56.000   256209.184      26   21126     160       0       0       0       0       0       0       0       0     187      94       0       0       2       0       0       0     187      94
   57.000   252049.280      25   20783     160       0       0       0       0       0       0       0       0     184      92       0       0       2       0       0       0     184      92
   58.000   251552.032      25   20742     160       0       0       0       0       0       0       0       0     182      91       0       0       2       0       0       0     182      91
   59.000   241158.336      24   19885     160       0       0       0       0       0       0       0       0     179      90       0       0       2       0       0       0     179      90
   60.000   235458.176      24   19415     160       0       0       0       0       0       0       0       0     177      89       0       0       2       0       0       0     177      89
   61.000   250982.016      25   20695     160       0       0       0      24       0       0       0       0     194      97       0       0       2       0       0       0     194      97
   62.000   267160.768      27   22029     160       0       0       0       0       0       0       0       0     195      98       0       0       2       0       0       0     195      98
   63.000   262515.744      26   21646     160       0       0       0       0       0       0       0       0     194      97       0       0       2       0       0       0     194      97
   64.000   260660.160      26   21493     160       0       0       0       0       0       0       0       0     194      97       0       0       2       0       0       0     194      97
   65.000   257276.448      26   21214     160       0       0       0       0       0       0       0       0     194      97       0       0       2       0       0       0     194      97
   66.000   253092.288      25   20869     160       0       0       0       0       0       0       0       0     166      83       0       0       2       0       0       0     166      83
   67.000   250217.952      25   20632     160       0       0       0       0       0       0       0       0     162      81       0       0       2       0       0       0     162      81
   68.000   243753.728      24   20099     160       0       0       0       0       0       0       0       0     161      81       0       0       2       0       0       0     161      81
   69.000   234936.672      23   19372     160       0       0       0       0       0       0       0       0     160      80       0       0       2       0       0       0     160      80
   70.000   230315.904      23   18991     160       0       0       0       0       0       0       0       0     160      80       0       0       2       0       0       0     160      80
   71.000   257458.368      26   21229     160       0       0       0      40       0       0       0       0     193      97       0       0       2       0       0       0     193      97
   72.000   283800.384      28   23401     160       0       0       0       0       0       0       0       0     196      98       0       0       2       0       0       0     196      98
   73.000   282502.688      28   23294     160       0       0       0       0       0       0       0       0     196      98       0       0       2       0       0       0     196      98
   74.000   282708.864      28   23311     160       0       0       0       0       0       0       0       0     191      96       0       0       2       0       0       0     191      96
   75.000   280477.312      28   23127     160       0       0       0       0       0       0       0       0     189      95       0       0       2       0       0       0     189      95
   76.000   278415.552      28   22957     160       0       0       0       0       0       0       0       0     176      88       0       0       2       0       0       0     176      88
   77.000   274655.872      27   22647     160       0       0       0       0       0       0       0       0     173      87       0       0       2       0       0       0     173      87
   78.000   270556.608      27   22309     160       0       0       0       0       0       0       0       0     171      86       0       0       2       0       0       0     171      86
   79.000   269174.016      27   22195     160       0       0       0       0       0       0       0       0     169      85       0       0       2       0       0       0     169      85
   80.000   265402.208      27   21884     160       0       0       0       0       0       0       0       0     167      84       0       0       2       0       0       0     167      84
   81.000   276584.224      28   22806     160       0       0       0      32       0       0       0       0     194      97       0       0       2       0       0       0     194      97
   82.000   291040.800      29   23998     160       0       0       0       0       0       0       0       0     196      98       0       0       2       0       0       0     196      98
   83.000   286335.136      29   23610     160       0       0       0       0       0       0       0       0     194      97       0       0       2       0       0       0     194      97
   84.000   280501.568      28   23129     160       0       0       0       0       0       0       0       0     191      96       0       0       2       0       0       0     191      96
   85.000   272909.440      27   22503     160       0       0       0       0       0       0       0       0     189      95       0       0       2       0       0       0     189      95
   86.000   266251.168      27   21954     160       0       0       0       0       0       0       0       0     171      86       0       0       2       0       0       0     171      86
   87.000   257531.136      26   21235     160       0       0       0       0       0       0       0       0     166      83       0       0       2       0       0       0     166      83
   88.000   243402.016      24   20070     160       0       0       0       0       0       0       0       0     165      83       0       0       2       0       0       0     165      83
   89.000   235276.256      24   19400     160       0       0       0       0       0       0       0       0     165      83       0       0       2       0       0       0     165      83
   90.000   234039.200      23   19298     160       0       0       0       0       0       0       0       0     162      81       0       0       2       0       0       0     162      81
   91.000   258804.576      26   21340     160       0       0       0      38       0       0       0       0     193      97       0       0       2       0       0       0     193      97
   92.000   280174.112      28   23102     160       0       0       0       0       0       0       0       0     193      97       0       0       2       0       0       0     193      97
   93.000   272812.416      27   22495     160       0       0       0       0       0       0       0       0     190      95       0       0       2       0       0       0     190      95
   94.000   265001.984      27   21851     160       0       0       0       0       0       0       0       0     189      95       0       0       2       0       0       0     189      95
   95.000   258768.192      26   21337     160       0       0       0       0       0       0       0       0     187      94       0       0       2       0       0       0     187      94
   96.000   255335.968      26   21054     160       0       0       0       0       0       0       0       0     171      86       0       0       2       0       0       0     171      86
   97.000   254062.528      25   20949     160       0       0       0       0       0       0       0       0     168      84       0       0       2       0       0       0     168      84
   98.000   253201.440      25   20878     160       0       0       0       0       0       0       0       0     166      83       0       0       2       0       0       0     166      83
   99.000   241316.000      24   19898     160       0       0       0       0       0       0       0       0     163      82       0       0       2       0       0       0     163      82
  100.000   233153.856      23   19225     160       0       0       0       0       0       0       0       0     160      80       0       0       2       0       0       0     160      80
  101.000   250302.848      25   20639     160       0       0       0      40       0       0       0       0     191      96       0       0       2       0       0       0     191      96
  102.000   261824.448      26   21589     160       0       0       0       0       0       0       0       0     192      96       0       0       2       0       0       0     192      96
  103.000   254838.720      25   21013     160       0       0       0       0       0       0       0       0     186      93       0       0       2       0       0       0     186      93
  104.000   248289.600      25   20473     160       0       0       0       0       0       0       0       0     182      91       0       0       2       0       0       0     182      91
  105.000   244990.784      24   20201     160       0       0       0       0       0       0       0       0     180      90       0       0       2       0       0       0     180      90
  106.000   235737.120      24   19438     160       0       0       0       0       0       0       0       0     163      82       0       0       2       0       0       0     163      82
  107.000   229430.560      23   18918     160       0       0       0       0       0       0       0       0     156      78       0       0       2       0       0       0     156      78
  108.000   227368.800      23   18748     160       0       0       0       0       0       0       0       0     152      76       0       0       2       0       0       0     152      76
  109.000   218309.184      22   18001     160       0       0       0       0       0       0       0       0     148      74       0       0       2       0       0       0     148      74
  110.000   211747.936      21   17460     160       0       0       0       0       0       0       0       0     146      73       0       0       2       0       0       0     146      73
  111.000   228630.112      23   18852     160       0       0       0      54       0       0       0       0     191      96       0       0       2       0       0       0     191      96
  112.000   244578.432      24   20167     160       0       0       0       0       0       0       0       0     196      98       0       0       2       0       0       0     196      98
  113.000   234839.648      23   19364     160       0       0       0       0       0       0       0       0     197      99       0       0       2       0       0       0     197      99
  114.000   233493.440      23   19253     160       0       0       0       0       0       0       0       0     192      96       0       0       2       0       0       0     192      96
  115.000   226726.016      23   18695     160       0       0       0       0       0       0       0       0     188      94       0       0       2       0       0       0     188      94
  116.000   218248.544      22   17996     160       0       0       0       0       0       0       0       0     167      84       0       0       2       0       0       0     167      84
  117.000   210826.208      21   17384     160       0       0       0       0       0       0       0       0     159      80       0       0       2       0       0       0     159      80
  118.000   208715.936      21   17210     160       0       0       0       0       0       0       0       0     157      79       0       0       2       0       0       0     157      79
  119.000   202906.624      20   16731     160       0       0       0       0       0       0       0       0     155      78       0       0       2       0       0       0     155      78
  120.000   195108.320      20   16088     160       0       0       0       0       0       0       0       0     153      77       0       0       2       0       0       0     153      77
  121.000   207782.080      21   17133     160       0       0       0      48       0       0       0       0     189      95       0       0       2       0       0       0     189      95
  122.000   222323.552      22   18332     160       0       0       0       0       0       0       0       0     192      96       0       0       2       0       0       0     192      96
  123.000   220358.816      22   18170     160       0       0       0       0       0       0       0       0     191      96       0       0       2       0       0       0     191      96
  124.000   218090.880      22   17983     160       0       0       0       0       0       0       0       0     187      94       0       0       2       0       0       0     187      94
  125.000   218103.008      22   17984     160       0       0       0       0       0       0       0       0     185      93       0       0       2       0       0       0     185      93
  126.000   214937.600      21   17723     160       0       0       0       0       0       0       0       0     155      78       0       0       2       0       0       0     155      78
  127.000   208436.992      21   17187     160       0       0       0       0       0       0       0       0     147      74       0       0       2       0       0       0     147      74
  128.000   199086.304      20   16416     160       0       0       0       0       0       0       0       0     143      72       0       0       2       0       0       0     143      72
  129.000   194065.312      19   16002     160       0       0       0       0       0       0       0       0     142      71       0       0       2       0       0       0     142      71
  130.000   188607.712      19   15552     160       0       0       0       0       0       0       0       0     140      70       0       0       2       0       0       0     140      70
  131.000   223269.536      22   18410     160       0       0       0      60       0       0       0       0     188      94       0       0       2       0       0       0     188      94
  132.000   260150.784      26   21451     160       0       0       0       0       0       0       0       0     192      96       0       0       2       0       0       0     192      96
  133.000   246749.344      25   20346     160       0       0       0       0       0       0       0       0     192      96       0       0       2       0       0       0     192      96
  134.000   244069.056      24   20125     160       0       0       0       0       0       0       0       0     188      94       0       0       2       0       0       0     188      94
  135.000   237968.672      24   19622     160       0       0       0       0       0       0       0       0     185      93       0       0       2       0       0       0     185      93
  136.000   228169.248      23   18814     160       0       0       0       0       0       0       0       0     160      80       0       0       2       0       0       0     160      80
  137.000   222178.016      22   18320     160       0       0       0       0       0       0       0       0     156      78       0       0       2       0       0       0     156      78
  138.000   211177.920      21   17413     160       0       0       0       0       0       0       0       0     154      77       0       0       2       0       0       0     154      77
  139.000   208909.984      21   17226     160       0       0       0       0       0       0       0       0     154      77       0       0       2       0       0       0     154      77
  140.000   203318.976      20   16765     160       0       0       0       0       0       0       0       0     154      77       0       0       2       0       0       0     154      77
  141.000   219703.904      22   18116     160       0       0       0      46       0       0       0       0     191      96       0       0       2       0       0       0     191      96
  142.000   236586.080      24   19508     160       0       0       0       0       0       0       0       0     194      97       0       0       2       0       0       0     194      97
  143.000   229733.760      23   18943     160       0       0       0       0       0       0       0       0     191      96       0       0       2       0       0       0     191      96
  144.000   227065.600      23   18723     160       0       0       0       0       0       0       0       0     189      95       0       0       2       0       0       0     189      95
  145.000   217169.152      22   17907     160       0       0       0       0       0       0       0       0     186      93       0       0       2       0       0       0     186      93
  146.000   212803.072      21   17547     160       0       0       0       0       0       0       0       0     156      78       0       0       2       0       0       0     156      78
  147.000   211202.176      21   17415     160       0       0       0       0       0       0       0       0     150      75       0       0       2       0       0       0     150      75
  148.000   205356.480      21   16933     160       0       0       0       0       0       0       0       0     144      72       0       0       2       0       0       0     144      72
  149.000   197982.656      20   16325     160       0       0       0       0       0       0       0       0     142      71       0       0       2       0       0       0     142      71
  150.000   190184.352      19   15682     160       0       0       0       0       0       0       0       0     139      70       0       0       2       0       0       0     139      70
  151.000   219788.800      22   18123     160       0       0       0      62       0       0       0       0     190      95       0       0       2       0       0       0     190      95
  152.000   250278.592      25   20637     160       0       0       0       0       0       0       0       0     195      98       0       0       2       0       0       0     195      98
  153.000   242492.416      24   19995     160       0       0       0       0       0       0       0       0     193      97       0       0       2       0       0       0     193      97
  154.000   240612.576      24   19840     160       0       0       0       0       0       0       0       0     192      96       0       0       2       0       0       0     192      96
  155.000   238841.888      24   19694     160       0       0       0       0       0       0       0       0     190      95       0       0       2       0       0       0     190      95
  156.000   236076.704      24   19466     160       0       0       0       0       0       0       0       0     164      82       0       0       2       0       0       0     164      82
  157.000   229285.024      23   18906     160       0       0       0       0       0       0       0       0     158      79       0       0       2       0       0       0     158      79
  158.000   226689.632      23   18692     160       0       0       0       0       0       0       0       0     156      78       0       0       2       0       0       0     156      78
  159.000   225125.120      23   18563     160       0       0       0       0       0       0       0       0     155      78       0       0       2       0       0       0     155      78
  160.000   224640.000      22   18523     160       0       0       0       0       0       0       0       0     151      76       0       0       2       0       0       0     151      76
  161.000   247804.480      25   20433     160       0       0       0      50       0       0       0       0     192      96       0       0       2       0       0       0     192      96
  162.000   269816.800      27   22248     160       0       0       0       0       0       0       0       0     197      99       0       0       2       0       0       0     197      99
  163.000   261011.872      26   21522     160       0       0       0       0       0       0       0       0     196      98       0       0       2       0       0       0     196      98
  164.000   252146.304      25   20791     160       0       0       0       0       0       0       0       0     193      97       0       0       2       0       0       0     193      97
  165.000   251091.168      25   20704     160       0       0       0       0       0       0       0       0     189      95       0       0       2       0       0       0     189      95
  166.000   246773.600      25   20348     160       0       0       0       0       0       0       0       0     159      80       0       0       2       0       0       0     159      80
  167.000   242407.520      24   19988     160       0       0       0       0       0       0       0       0     154      77       0       0       2       0       0       0     154      77
  168.000   235943.296      24   19455     160       0       0       0       0       0       0       0       0     152      76       0       0       2       0       0       0     152      76
  169.000   233372.160      23   19243     160       0       0       0       0       0       0       0       0     150      75       0       0       2       0       0       0     150      75
  170.000   230473.568      23   19004     160       0       0       0       0       0       0       0       0     149      75       0       0       2       0       0       0     149      75
  171.000   256342.592      26   21137     160       0       0       0      52       0       0       0       0     193      97       0       0       2       0       0       0     193      97
  172.000   283703.360      28   23393     160       0       0       0       0       0       0       0       0     197      99       0       0       2       0       0       0     197      99
  173.000   282454.176      28   23290     160       0       0       0       0       0       0       0       0     196      98       0       0       2       0       0       0     196      98
  174.000   276572.096      28   22805     160       0       0       0       0       0       0       0       0     196      98       0       0       2       0       0       0     196      98
  175.000   269901.696      27   22255     160       0       0       0       0       0       0       0       0     195      98       0       0       2       0       0       0     195      98
  176.000   260793.568      26   21504     160       0       0       0       0       0       0       0       0     170      85       0       0       2       0       0       0     170      85
  177.000   253468.256      25   20900     160       0       0       0       0       0       0       0       0     166      83       0       0       2       0       0       0     166      83
  178.000   248325.984      25   20476     160       0       0       0       0       0       0       0       0     162      81       0       0       2       0       0       0     162      81
  179.000   241655.584      24   19926     160       0       0       0       0       0       0       0       0     158      79       0       0       2       0       0       0     158      79
  180.000   239169.344      24   19721     160       0       0       0       0       0       0       0       0     157      79       0       0       2       0       0       0     157      79
  181.000   255602.784      26   21076     160       0       0       0      44       0       0       0       0     193      97       0       0       2       0       0       0     193      97
  182.000   274401.184      27   22626     160       0       0       0       0       0       0       0       0     197      99       0       0       2       0       0       0     197      99
  183.000   264068.128      26   21774     160       0       0       0       0       0       0       0       0     195      98       0       0       2       0       0       0     195      98
  184.000   261230.176      26   21540     160       0       0       0       0       0       0       0       0     194      97       0       0       2       0       0       0     194      97
  185.000   254911.488      25   21019     160       0       0       0       0       0       0       0       0     192      96       0       0       2       0       0       0     192      96
  186.000   251455.008      25   20734     160       0       0       0       0       0       0       0       0     164      82       0       0       2       0       0       0     164      82
  187.000   248568.544      25   20496     160       0       0       0       0       0       0       0       0     158      79       0       0       2       0       0       0     158      79
  188.000   245633.568      25   20254     160       0       0       0       0       0       0       0       0     157      79       0       0       2       0       0       0     157      79
  189.000   242916.896      24   20030     160       0       0       0       0       0       0       0       0     155      78       0       0       2       0       0       0     155      78
  190.000   237386.528      24   19574     160       0       0       0       0       0       0       0       0     152      76       0       0       2       0       0       0     152      76
  191.000   262418.720      26   21638     160       0       0       0      48       0       0       0       0     190      95       0       0       2       0       0       0     190      95
  192.000   284394.656      28   23450     160       0       0       0       0       0       0       0       0     193      97       0       0       2       0       0       0     193      97
  193.000   271466.208      27   22384     160       0       0       0       0       0       0       0       0     190      95       0       0       2       0       0       0     190      95
  194.000   260247.808      26   21459     160       0       0       0       0       0       0       0       0     187      94       0       0       2       0       0       0     187      94
  195.000   245160.576      25   20215     160       0       0       0       0       0       0       0       0     185      93       0       0       2       0       0       0     185      93
  196.000   242637.952      24   20007     160       0       0       0       0       0       0       0       0     162      81       0       0       2       0       0       0     162      81
  197.000   237847.392      24   19612     160       0       0       0       0       0       0       0       0     155      78       0       0       2       0       0       0     155      78
  198.000   236246.496      24   19480     160       0       0       0       0       0       0       0       0     152      76       0       0       2       0       0       0     152      76
  199.000   235567.328      24   19424     160       0       0       0       0       0       0       0       0     150      75       0       0       2       0       0       0     150      75
  200.000   234475.808      23   19334     160       0       0       0       0       0       0       0       0     147      74       0       0       2       0       0       0     147      74
  201.000   259932.480      26   21433     160       0       0       0      54       0       0       0       0     191      96       0       0       2       0       0       0     191      96
  202.000   291028.672      29   23997     160       0       0       0       0       0       0       0       0     196      98       0       0       2       0       0       0     196      98
  203.000   286965.792      29   23662     160       0       0       0       0       0       0       0       0     195      98       0       0       2       0       0       0     195      98
  204.000   284273.376      28   23440     160       0       0       0       0       0       0       0       0     195      98       0       0       2       0       0       0     195      98
  205.000   275868.672      28   22747     160       0       0       0       0       0       0       0       0     194      97       0       0       2       0       0       0     194      97
  206.000   267148.640      27   22028     160       0       0       0       0       0       0       0       0     168      84       0       0       2       0       0       0     168      84
  207.000   263886.208      26   21759     160       0       0       0       0       0       0       0       0     161      81       0       0       2       0       0       0     161      81
  208.000   253019.520      25   20863     160       0       0       0       0       0       0       0       0     156      78       0       0       2       0       0       0     156      78
  209.000   245342.496      25   20230     160       0       0       0       0       0       0       0       0     152      76       0       0       2       0       0       0     152      76
  210.000   239739.360      24   19768     160       0       0       0       0       0       0       0       0     148      74       0       0       2       0       0       0     148      74
  211.000   259520.128      26   21399     160       0       0       0      52       0       0       0       0     191      96       0       0       2       0       0       0     191      96
  212.000   285971.296      29   23580     160       0       0       0       0       0       0       0       0     195      98       0       0       2       0       0       0     195      98
  213.000   281593.088      28   23219     160       0       0       0       0       0       0       0       0     194      97       0       0       2       0       0       0     194      97
  214.000   279203.872      28   23022     160       0       0       0       0       0       0       0       0     194      97       0       0       2       0       0       0     194      97
  215.000   273054.976      27   22515     160       0       0       0       0       0       0       0       0     193      97       0       0       2       0       0       0     193      97
  216.000   266348.192      27   21962     160       0       0       0       0       0       0       0       0     166      83       0       0       2       0       0       0     166      83
  217.000   261363.584      26   21551     160       0       0       0       0       0       0       0       0     161      81       0       0       2       0       0       0     161      81
  218.000   259410.976      26   21390     160       0       0       0       0       0       0       0       0     159      80       0       0       2       0       0       0     159      80
  219.000   257761.568      26   21254     160       0       0       0       0       0       0       0       0     157      79       0       0       2       0       0       0     157      79
  220.000   254256.576      25   20965     160       0       0       0       0       0       0       0       0     155      78       0       0       2       0       0       0     155      78
  221.000   274267.776      27   22615     160       0       0       0      46       0       0       0       0     192      96       0       0       2       0       0       0     192      96
  222.000   294400.256      29   24275     160       0       0       0       0       0       0       0       0     196      98       0       0       2       0       0       0     196      98
  223.000   291052.928      29   23999     160       0       0       0       0       0       0       0       0     192      96       0       0       2       0       0       0     192      96
  224.000   283630.592      28   23387     160       0       0       0       0       0       0       0       0     190      95       0       0       2       0       0       0     190      95
  225.000   275468.448      28   22714     160       0       0       0       0       0       0       0       0     189      95       0       0       2       0       0       0     189      95
  226.000   271441.952      27   22382     160       0       0       0       0       0       0       0       0     161      81       0       0       2       0       0       0     161      81
  227.000   262273.184      26   21626     160       0       0       0       0       0       0       0       0     157      79       0       0       2       0       0       0     157      79
  228.000   250703.072      25   20672     160       0       0       0       0       0       0       0       0     154      77       0       0       2       0       0       0     154      77
  229.000   243753.728      24   20099     160       0       0       0       0       0       0       0       0     153      77       0       0       2       0       0       0     153      77
  230.000   235943.296      24   19455     160       0       0       0       0       0       0       0       0     150      75       0       0       2       0       0       0     150      75
  231.000   256645.792      26   21162     160       0       0       0      50       0       0       0       0     191      96       0       0       2       0       0       0     191      96
  232.000   277724.256      28   22900     160       0       0       0       0       0       0       0       0     194      97       0       0       2       0       0       0     194      97
  233.000   266675.648      27   21989     160       0       0       0       0       0       0       0       0     194      97       0       0       2       0       0       0     194      97
  234.000   264177.280      26   21783     160       0       0       0       0       0       0       0       0     192      96       0       0       2       0       0       0     192      96
  235.000   259532.256      26   21400     160       0       0       0       0       0       0       0       0     191      96       0       0       2       0       0       0     191      96
  236.000   257397.728      26   21224     160       0       0       0       0       0       0       0       0     165      83       0       0       2       0       0       0     165      83
  237.000   253249.952      25   20882     160       0       0       0       0       0       0       0       0     161      81       0       0       2       0       0       0     161      81
  238.000   244263.104      24   20141     160       0       0       0       0       0       0       0       0     159      80       0       0       2       0       0       0     159      80
  239.000   236088.832      24   19467     160       0       0       0       0       0       0       0       0     156      78       0       0       2       0       0       0     156      78
  240.000   226398.560      23   18668     160       0       0       0       0       0       0       0       0     153      77       0       0       2       0       0       0     153      77
  241.000   239751.488      24   19769     160       0       0       0      48       0       0       0       0     193      97       0       0       2       0       0       0     193      97
  242.000   253941.248      25   20939     160       0       0       0       0       0       0       0       0     196      98       0       0       2       0       0       0     196      98
  243.000   246288.480      25   20308     160       0       0       0       0       0       0       0       0     193      97       0       0       2       0       0       0     193      97
  244.000   235312.640      24   19403     160       0       0       0       0       0       0       0       0     190      95       0       0       2       0       0       0     190      95
  245.000   231407.424      23   19081     160       0       0       0       0       0       0       0       0     186      93       0       0       2       0       0       0     186      93
  246.000   226265.152      23   18657     160       0       0       0       0       0       0       0       0     159      80       0       0       2       0       0       0     159      80
  247.000   219473.472      22   18097     160       0       0       0       0       0       0       0       0     154      77       0       0       2       0       0       0     154      77
  248.000   214937.600      21   17723     160       0       0       0       0       0       0       0       0     148      74       0       0       2       0       0       0     148      74
  249.000   200917.632      20   16567     160       0       0       0       0       0       0       0       0     147      74       0       0       2       0       0       0     147      74
  250.000   194417.024      19   16031     160       0       0       0       0       0       0       0       0     145      73       0       0       2       0       0       0     145      73
  251.000   219048.992      22   18062     160       0       0       0      54       0       0       0       0     191      96       0       0       2       0       0       0     191      96
  252.000   245439.520      25   20238     160       0       0       0       0       0       0       0       0     196      98       0       0       2       0       0       0     196      98
  253.000   242516.672      24   19997     160       0       0       0       0       0       0       0       0     193      97       0       0       2       0       0       0     193      97
  254.000   236331.392      24   19487     160       0       0       0       0       0       0       0       0     191      96       0       0       2       0       0       0     191      96
  255.000   236040.320      24   19463     160       0       0       0       0       0       0       0       0     187      94       0       0       2       0       0       0     187      94
  256.000   235567.328      24   19424     160       0       0       0       0       0       0       0       0     161      81       0       0       2       0       0       0     161      81
  257.000   224239.776      22   18490     160       0       0       0       0       0       0       0       0     153      77       0       0       2       0       0       0     153      77
  258.000   215847.200      22   17798     160       0       0       0       0       0       0       0       0     150      75       0       0       2       0       0       0     150      75
  259.000   206144.800      21   16998     160       0       0       0       0       0       0       0       0     146      73       0       0       2       0       0       0     146      73
  260.000   193410.400      19   15948     160       0       0       0       0       0       0       0       0     143      72       0       0       2       0       0       0     143      72
  261.000   211335.584      21   17426     160       0       0       0      58       0       0       0       0     191      96       0       0       2       0       0       0     191      96
  262.000   228666.496      23   18855     160       0       0       0       0       0       0       0       0     196      98       0       0       2       0       0       0     196      98
  263.000   217435.968      22   17929     160       0       0       0       0       0       0       0       0     193      97       0       0       2       0       0       0     193      97
  264.000   208182.304      21   17166     160       0       0       0       0       0       0       0       0     188      94       0       0       2       0       0       0     188      94
  265.000   205805.216      21   16970     160       0       0       0       0       0       0       0       0     186      93       0       0       2       0       0       0     186      93
  266.000   203282.592      20   16762     160       0       0       0       0       0       0       0       0     159      80       0       0       2       0       0       0     159      80
  267.000   191093.952      19   15757     160       0       0       0       0       0       0       0       0     155      78       0       0       2       0       0       0     155      78
  268.000   182119.232      18   15017     160       0       0       0       0       0       0       0       0     154      77       0       0       2       0       0       0     154      77
  269.000   172162.144      17   14196     160       0       0       0       0       0       0       0       0     152      76       0       0       2       0       0       0     152      76
  270.000   166789.440      17   13753     160       0       0       0       0       0       0       0       0     151      76       0       0       2       0       0       0     151      76
  271.000   179730.016      18   14820     160       0       0       0      48       0       0       0       0     192      96       0       0       2       0       0       0     192      96
  272.000   192003.552      19   15832     160       0       0       0       0       0       0       0       0     194      97       0       0       2       0       0       0     194      97
  273.000   190972.672      19   15747     160       0       0       0       0       0       0       0       0     192      96       0       0       2       0       0       0     192      96
  274.000   190196.480      19   15683     160       0       0       0       0       0       0       0       0     189      95       0       0       2       0       0       0     189      95
  275.000   184314.400      18   15198     160       0       0       0       0       0       0       0       0     182      91       0       0       2       0       0       0     182      91
  276.000   181597.728      18   14974     160       0       0       0       0       0       0       0       0     150      75       0       0       2       0       0       0     150      75
  277.000   178226.144      18   14696     160       0       0       0       0       0       0       0       0     142      71       0       0       2       0       0       0     142      71
  278.000   177498.464      18   14636     160       0       0       0       0       0       0       0       0     138      69       0       0       2       0       0       0     138      69
  279.000   175655.008      18   14484     160       0       0       0       0       0       0       0       0     135      68       0       0       2       0       0       0     135      68
  280.000   168778.432      17   13917     160       0       0       0       0       0       0       0       0     133      67       0       0       2       0       0       0     133      67
  281.000   178614.240      18   14728     160       0       0       0      68       0       0       0       0     190      95       0       0       2       0       0       0     190      95
  282.000   190269.248      19   15689     160       0       0       0       0       0       0       0       0     195      98       0       0       2       0       0       0     195      98
  283.000   185187.616      19   15270     160       0       0       0       0       0       0       0       0     193      97       0       0       2       0       0       0     193      97
  284.000   178250.400      18   14698     160       0       0       0       0       0       0       0       0     189      95       0       0       2       0       0       0     189      95
  285.000   170888.704      17   14091     160       0       0       0       0       0       0       0       0     187      94       0       0       2       0       0       0     187      94
  286.000   160458.624      16   13231     160       0       0       0       0       0       0       0       0     162      81       0       0       2       0       0       0     162      81
  287.000   155085.920      16   12788     160       0       0       0       0       0       0       0       0     157      79       0       0       2       0       0       0     157      79
  288.000   152102.432      15   12542     160       0       0       0       0       0       0       0       0     155      78       0       0       2       0       0       0     155      78
  289.000   145844.384      15   12026     160       0       0       0       0       0       0       0       0     154      77       0       0       2       0       0       0     154      77
  290.000   144061.568      14   11879     160       0       0       0       0       0       0       0       0     152      76       0       0       2       0       0       0     152      76
  291.000   149410.016      15   12320     160       0       0       0      48       0       0       0       0     191      96       0       0       2       0       0       0     191      96
  292.000   148185.088      15   12219     160       0       0       0       0       0       0       0       0     194      97       0       0       2       0       0       0     194      97
  293.000   144267.744      14   11896     160       0       0       0       0       0       0       0       0     194      97       0       0       2       0       0       0     194      97
  294.000   139064.832      14   11467     160       0       0       0       0       0       0       0       0     192      96       0       0       2       0       0       0     192      96
  295.000   131642.496      13   10855     160       0       0       0       0       0       0       0       0     190      95       0       0       2       0       0       0     190      95
  296.000   122546.496      12   10105     160       0       0       0       0       0       0       0       0     151      76       0       0       2       0       0       0     151      76
  297.000   122000.736      12   10060     160       0       0       0       0       0       0       0       0     144      72       0       0       2       0       0       0     144      72
  298.000   121236.672      12    9997     160       0       0       0       0       0       0       0       0     141      71       0       0       2       0       0       0     141      71
  299.000   118338.080      12    9758     160       0       0       0       0       0       0       0       0     138      69       0       0       2       0       0       0     138      69
  300.000   109157.184      11    9001     160       0       0       0       0       0       0       0       0     134      67       0       0       2       0       0       0     134      67
  301.000   102050.176      10    8415     160       0       0       0      66       0       0       0       0     186      93       0       0       2       0       0       0     186      93
  302.000   101722.720      10    8388     160       0       0       0       0       0       0       0       0     192      96       0       0       2       0       0       0     192      96
  303.000    95100.832      10    7842     160       0       0       0       0       0       0       0       0     191      96       0       0       2       0       0       0     191      96
  304.000    87023.584       9    7176     160       0       0       0       0       0       0       0       0     189      95       0       0       2       0       0       0     189      95
  305.000    82790.912       8    6827     160       0       0       0       0       0       0       0       0     186      93       0       0       2       0       0       0     186      93
  306.000    80304.672       8    6622     160       0       0       0       0       0       0       0       0     158      79       0       0       2       0       0       0     158      79
  307.000    74992.608       7    6184     160       0       0       0       0       0       0       0       0     151      76       0       0       2       0       0       0     151      76
  308.000    73743.424       7    6081     160       0       0       0       0       0       0       0       0     149      75       0       0       2       0       0       0     149      75
  309.000    72591.264       7    5986     160       0       0       0       0       0       0       0       0     145      73       0       0       2       0       0       0     145      73
  310.000    71705.920       7    5913     160       0       0       0       0       0       0       0       0     140      70       0       0       2       0       0       0     140      70
  311.000    75441.344       8    6221     160       0       0       0      62       0       0       0       0     190      95       0       0       2       0       0       0     190      95
  312.000    78497.600       8    6473     160       0       0       0       0       0       0       0       0     196      98       0       0       2       0       0       0     196      98
  313.000    76557.120       8    6313     160       0       0       0       0       0       0       0       0     196      98       0       0       2       0       0       0     196      98
  314.000    74095.136       7    6110     160       0       0       0       0       0       0       0       0     194      97       0       0       2       0       0       0     194      97
  315.000    68637.536       7    5660     160       0       0       0       0       0       0       0       0     189      95       0       0       2       0       0       0     189      95
  316.000    65811.712       7    5427     160       0       0       0       0       0       0       0       0     143      72       0       0       2       0       0       0     143      72
  317.000    63749.952       6    5257     160       0       0       0       0       0       0       0       0     134      67       0       0       2       0       0       0     134      67
  318.000    61833.728       6    5099     152       0       0       0       0       0       0       0       0     130      65       0       0       2       0       0       0     130      65
  319.000    59832.608       6    4934     141       0       0       0       0       0       0       0       0     125      63       0       0       2       0       0       0     125      63
  320.000    57770.848       6    4764     140       0       0       0       0       0       0       0       0     122      61       0       0       2       0       0       0     122      61
  321.000    53526.048       5    4414     157       0       0       0      34       0       0       0       0     150      75       0       0       2       0       0       0     150      75
  322.000    53853.504       5    4441     159       0       0       0       0       0       0       0       0     151      76       0       0       2       0       0       0     151      76
  323.000    49390.400       5    4073     159       0       0       0       0       0       0       0       0     150      75       0       0       2       0       0       0     150      75
  324.000    44854.528       4    3699     159       0       0       0       0       0       0       0       0     148      74       0       0       2       0       0       0     148      74
  325.000    42380.416       4    3495     160       0       0       0       0       0       0       0       0     148      74       0       0       2       0       0       0     148      74
  326.000    41482.944       4    3421     142       0       0       0       0       0       0       0       0     110      55       0       0       2       0       0       0     110      55
  327.000    39093.728       4    3224     140       0       0       0       0       0       0       0       0     101      51       0       0       2       0       0       0     101      51
  328.000    35018.720       4    2888     140       0       0       0       0       0       0       0       0      99      50       0       0       2       0       0       0      99      50
  329.000    29973.472       3    2472     140       0       0       0       0       0       0       0       0      97      49       0       0       2       0       0       0      97      49
  330.000    29633.888       3    2444     140       0       0       0       0       0       0       0       0      93      47       0       0       2       0       0       0      93      47
  331.000    29646.016       3    2445     140       0       0       0      12       0       0       6       6     101      51       0       0       2       0       0       0     101      51
  332.000    28809.184       3    2376     140       0       0       0       0       0       0      12      12      99      50       0       0       2       0       0       0      99      50
  333.000    26080.384       3    2151     140       0       0       0       0       0       0      12      12      96      48       0       0       2       0       0       0      96      48
  334.000    24406.720       2    2013     140       0       0       0       0       0       0      12      12      93      47       0       0       2       0       0       0      93      47
  335.000    21981.120       2    1813     140       0       0       0       0       0       0      13      13      91      46       0       0       2       0       0       0      91      46
  336.000    19361.472       2    1597     122       0       0       0       0       0       0      12      12      61      31       0       0       2       0       0       0      61      31
  337.000    19373.600       2    1598     120       0       0       0       0       0       0      12      12      57      29       0       0       2       0       0       0      57      29
  338.000    18912.736       2    1560     120       0       0       0       0       0       0      12      12      52      26       0       0       2       0       0       0      52      26
  339.000    10641.440       1     878     120       0       0       0       0       0       0      12      12      49      25       0       0       2       0       0       0      49      25
  340.000     9659.072       1     797     120       0       0       0       0       0       0      12      12      47      24       0       0       2       0       0       0      47      24
  341.000     9634.816       1     795     120       0       0       0       6       0       0       1       1      50      25       0       0       2       0       0       0      50      25
  342.000     8834.368       1     729     120       0       0       0       0       0       0       1       1      48      24       0       0       2       0       0       0      48      24
  343.000     4880.640       0     403     120       0       0       0       0       0       0       1       1      46      23       0       0       2       0       0       0      46      23
  344.000     4880.640       0     403     120       0       0       0       0       0       0       1       1      42      21       0       0       2       0       0       0      42      21
  345.000     3340.384       0     276     120       0       0       0       0       0       0       1       1      41      21       0       0       2       0       0       0      41      21
  346.000     2430.784       0     201     102       0       0       0       0       0       0       1       1      30      15       0       0       2       0       0       0      30      15
  347.000     1036.064       0      86     100       0       0       0       0       0       0       1       1      28      14       0       0       2       0       0       0      28      14
  348.000      781.376       0      65     100       0       0       0       0       0       0       1       1      26      13       0       0       2       0       0       0      26      13
  349.000      247.744       0      21     100       0       0       0       0       0       0       1       1      25      13       0       0       2       0       0       0      25      13
  350.000       17.312       0       2     100       0       0       0       0       0       0       1       1      22      11       0       0       2       0       0       0      22      11
  351.000       17.312       0       2     100       0       0       0       2       0       0       1       1      20      10       0       0       2       0       0       0      20      10
  352.000       17.312       0       2     100       0       0       0       0       0       0       1       1      20      10       0       0       2       0       0       0      20      10
  353.000       17.312       0       2     100       0       0       0       0       0       0       1       1      19      10       0       0       2       0       0       0      19      10
  354.000       17.312       0       2      88       0       0       0       0       0       0       1       1      17       9       0       0       2       0       0       0      17       9
  355.000       17.312       0       2      80       0       0       0       0       0       0       1       1      16       8       0       0       2       0       0       0      16       8
  356.000       17.312       0       2      80       0       0       0       0       0       0       1       1      13       7       0       0       2       0       0       0      13       7
  357.000       17.312       0       2      80       0       0       0       0       0       0       1       1      12       6       0       0       2       0       0       0      12       6
  358.000       17.312       0       2      80       0       0       0       0       0       0       1       1      11       6       0       0       2       0       0       0      11       6
  359.000       17.312       0       2      80       0       0       0       0       0       0       1       1      11       6       0       0       2       0       0       0      11       6
  360.000       17.312       0       2      80       0       0       0       0       0       0       1       1      10       5       0       0       2       0       0       0      10       5
  361.000       17.312       0       2      65       0       0       0       2       0       0       1       1       8       4       0       0       2       0       0       0       8       4
  362.000       17.312       0       2      60       0       0       0       0       0       0       1       1       7       4       0       0       2       0       0       0       7       4
  363.000       17.312       0       2      60       0       0       0       0       0       0       1       1       6       3       0       0       2       0       0       0       6       3
  364.000       17.312       0       2      60       0       0       0       0       0       0       1       1       5       3       0       0       2       0       0       0       5       3
  365.000       17.312       0       2      60       0       0       0       0       0       0       1       1       5       3       0       0       2       0       0       0       5       3
  366.000       17.312       0       2      60       0       0       0       0       0       0       1       1       5       3       0       0       2       0       0       0       5       3
  367.000       17.312       0       2      60       0       0       0       0       0       0       1       1       5       3       0       0       2       0       0       0       5       3
  368.000       17.312       0       2      60       0       0       0       0       0       0       1       1       5       3       0       0       2       0       0       0       5       3
  369.000       17.312       0       2      60       0       0       0       0       0       0       1       1       5       3       0       0       2       0       0       0       5       3
  370.000       17.312       0       2      60       0       0       0       0       0       0       1       1       5       3       0       0       2       0       0       0       5       3
  371.000       17.312       0       2      60       0       0       0       2       0       0       1       1       5       3       0       0       2       0       0       0       5       3
  372.000       17.312       0       2      60       0       0       0       0       0       0       1       1       5       3       0       0       2       0       0       0       5       3
  373.000       17.312       0       2      60       0       0       0       0       0       0       1       1       5       3       0       0       2       0       0       0       5       3
  374.000       17.312       0       2      60       0       0       0       0       0       0       1       1       5       3       0       0       2       0       0       0       5       3
  375.000       17.312       0       2      60       0       0       0       0       0       0       1       1       5       3       0       0       2       0       0       0       5       3
  376.000       17.312       0       2      60       0       0       0       0       0       0       1       1       5       3       0       0       2       0       0       0       5       3
  377.000       17.312       0       2      60       0       0       0       0       0       0       1       1       5       3       0       0       2       0       0       0       5       3
  378.000       17.312       0       2      60       0       0       0       0       0       0       1       1       5       3       0       0       2       0       0       0       5       3
  379.000       17.312       0       2      60       0       0       0       0       0       0       1       1       5       3       0       0       2       0       0       0       5       3
  380.000       17.312       0       2      60       0       0       0       0       0       0       1       1       5       3       0       0       2       0       0       0       5       3
  381.000       17.312       0       2      60       0       0       0       2       0       0       1       1       5       3       0       0       2       0       0       0       5       3
  382.000       17.312       0       2      60       0       0       0       0       0       0       1       1       5       3       0       0       2       0       0       0       5       3
  383.000       17.312       0       2      60       0       0       0       0       0       0       1       1       5       3       0       0       2       0       0       0       5       3
  384.000       17.312       0       2      60       0       0       0       0       0       0       1       1       5       3       0       0       2       0       0       0       5       3
  385.000       17.312       0       2      60       0       0       0       0       0       0       1       1       5       3       0       0       2       0       0       0       5       3
  386.000       17.312       0       2      60       0       0       0       0       0       0       1       1       5       3       0       0       2       0       0       0       5       3
  387.000       17.312       0       2      60       0       0       0       0       0       0       1       1       5       3       0       0       2       0       0       0       5       3
  388.000       17.312       0       2      60       0       0       0       0       0       0       1       1       5       3       0       0       2       0       0       0       5       3
  389.000       17.312       0       2      60       0       0       0       0       0       0       1       1       5       3       0       0       2       0       0       0       5       3
  390.000       17.312       0       2      60       0       0       0       0       0       0       1       1       5       3       0       0       2       0       0       0       5       3
  391.000       17.312       0       2      60       0       0       0       2       0       0       1       1       5       3       0       0       2       0       0       0       5       3
  392.000       17.312       0       2      60       0       0       0       0       0       0       1       1       5       3       0       0       2       0       0       0       5       3
  393.000       17.312       0       2      60       0       0       0       0       0       0       1       1       5       3       0       0       2       0       0       0       5       3
  394.000       17.312       0       2      60       0       0       0       0       0       0       1       1       5       3       0       0       2       0       0       0       5       3
  395.000       17.312       0       2      60       0       0       0       0       0       0       1       1       5       3       0       0       2       0       0       0       5       3
  396.000       17.312       0       2      60       0       0       0       0       0       0       1       1       5       3       0       0       2       0       0       0       5       3
  397.000       17.312       0       2      60       0       0       0       0       0       0       1       1       5       3       0       0       2       0       0       0       5       3
  398.000       17.312       0       2      60       0       0       0       0       0       0       1       1       5       3       0       0       2       0       0       0       5       3
  399.000       17.312       0       2      60       0       0       0       0       0       0       1       1       5       3       0       0       2       0       0       0       5       3
  400.000       17.312       0       2      60       0       0       0       0       0       0       1       1       5       3       0       0       2       0       0       0       5       3
  401.000       17.312       0       2      60       0       0       0       2       0       0       1       1       5       3       0       0       2       0       0       0       5       3
  402.000       17.312       0       2      60       0       0       0       0       0       0       1       1       5       3       0       0       2       0       0       0       5       3
  403.000       17.312       0       2      60       0       0       0       0       0       0       1       1       5       3       0       0       2       0       0       0       5       3
  404.000       17.312       0       2      60       0       0       0       0       0       0       1       1       5       3       0       0       2       0       0       0       5       3
  405.000       17.312       0       2      60       0       0       0       0       0       0       1       1       5       3       0       0       2       0       0       0       5       3
  406.000       17.312       0       2      60       0       0       0       0       0       0       1       1       5       3       0       0       2       0       0       0       5       3
  407.000       17.312       0       2      60       0       0       0       0       0       0       1       1       5       3       0       0       2       0       0       0       5       3
  408.000       17.312       0       2      60       0       0       0       0       0       0       1       1       5       3       0       0       2       0       0       0       5       3
  409.000       17.312       0       2      60       0       0       0       0       0       0       1       1       5       3       0       0       2       0       0       0       5       3
  410.000       17.312       0       2      60       0       0       0       0       0       0       1       1       5       3       0       0       2       0       0       0       5       3
  411.000       17.312       0       2      60       0       0       0       2       0       0       1       1       5       3       0       0       2       0       0       0       5       3
  412.000       17.312       0       2      60       0       0       0       0       0       0       1       1       5       3       0       0       2       0       0       0       5       3
  413.000       17.312       0       2      60       0       0       0       0       0       0       1       1       5       3       0       0       2       0       0       0       5       3
  414.000       17.312       0       2      60       0       0       0       0       0       0       1       1       5       3       0       0       2       0       0       0       5       3
  415.000       17.312       0       2      60       0       0       0       0       0       0       1       1       5       3       0       0       2       0       0       0       5       3
  416.000       17.312       0       2      60       0       0       0       0       0       0       1       1       5       3       0       0       2       0       0       0       5       3
  417.000       17.312       0       2      60       0       0       0       0       0       0       1       1       5       3       0       0       2       0       0       0       5       3
  418.000       17.312       0       2      60       0       0       0       0       0       0       1       1       5       3       0       0       2       0       0       0       5       3
  419.000       17.312       0       2      60       0       0       0       0       0       0       1       1       5       3       0       0       2       0       0       0       5       3
  420.000       17.312       0       2      60       0       0       0       0       0       0       1       1       5       3       0       0       2       0       0       0       5       3
  421.000       17.312       0       2      60       0       0       0       2       0       0       1       1       5       3       0       0       2       0       0       0       5       3
  422.000       17.312       0       2      60       0       0       0       0       0       0       1       1       5       3       0       0       2       0       0       0       5       3
  423.000       17.312       0       2      60       0       0       0       0       0       0       1       1       5       3       0       0       2       0       0       0       5       3
  424.000       17.312       0       2      60       0       0       0       0       0       0       1       1       5       3       0       0       2       0       0       0       5       3
  425.000       17.312       0       2      60       0       0       0       0       0       0       1       1       5       3       0       0       2       0       0       0       5       3
  426.000       17.312       0       2      60       0       0       0       0       0       0       1       1       5       3       0       0       2       0       0       0       5       3
  427.000       17.312       0       2      60       0       0       0       0       0       0       1       1       5       3       0       0       2       0       0       0       5       3
  428.000       17.312       0       2      60       0       0       0       0       0       0       1       1       5       3       0       0       2       0       0       0       5       3
  429.000       17.312       0       2      60       0       0       0       0       0       0       1       1       5       3       0       0       2       0       0       0       5       3
  430.000       17.312       0       2      60       0       0       0       0       0       0       1       1       5       3       0       0       2       0       0       0       5       3
  431.000       17.312       0       2      60       0       0       0       2       0       0       1       1       5       3       0       0       2       0       0       0       5       3
  432.000       17.312       0       2      60       0       0       0       0       0       0       1       1       5       3       0       0       2       0       0       0       5       3
  433.000       17.312       0       2      60       0       0       0       0       0       0       1       1       5       3       0       0       2       0       0       0       5       3
  434.000       17.312       0       2      60       0       0       0       0       0       0       1       1       5       3       0       0       2       0       0       0       5       3
  435.000       17.312       0       2      60       0       0       0       0       0       0       1       1       5       3       0       0       2       0       0       0       5       3
  436.000       17.312       0       2      60       0       0       0       0       0       0       1       1       5       3       0       0       2       0       0       0       5       3
  437.000       17.312       0       2      60       0       0       0       0       0       0       1       1       5       3       0       0       2       0       0       0       5       3
  438.000       17.312       0       2      60       0       0       0       0       0       0       1       1       5       3       0       0       2       0       0       0       5       3
  439.000       17.312       0       2      60       0       0       0       0       0       0       1       1       5       3       0       0       2       0       0       0       5       3
  440.000       17.312       0       2      60       0       0       0       0       0       0       1       1       5       3       0       0       2       0       0       0       5       3
  441.000       17.312       0       2      60       0       0       0       2       0       0       1       1       5       3       0       0       2       0       0       0       5       3
  442.000       17.312       0       2      60       0       0       0       0       0       0       1       1       5       3       0       0       2       0       0       0       5       3
  443.000       17.312       0       2      60       0       0       0       0       0       0       1       1       5       3       0       0       2       0       0       0       5       3
  444.000       17.312       0       2      60       0       0       0       0       0       0       1       1       5       3       0       0       2       0       0       0       5       3
  445.000       17.312       0       2      60       0       0       0       0       0       0       1       1       5       3       0       0       2       0       0       0       5       3
  446.000       17.312       0       2      60       0       0       0       0       0       0       1       1       5       3       0       0       2       0       0       0       5       3
  447.000       17.312       0       2      60       0       0       0       0       0       0       1       1       5       3       0       0       2       0       0       0       5       3
  448.000       17.312       0       2      60       0       0       0       0       0       0       1       1       5       3       0       0       2       0       0       0       5       3
  449.000       17.312       0       2      60       0       0       0       0       0       0       1       1       5       3       0       0       2       0       0       0       5       3
  450.000       17.312       0       2      60       0       0       0       0       0       0       1       1       5       3       0       0       2       0       0       0       5       3
  451.000       17.312       0       2      60       0       0       0       2       0       0       1       1       5       3       0       0       2       0       0       0       5       3
  452.000       17.312       0       2      60       0       0       0       0       0       0       1       1       5       3       0       0       2       0       0       0       5       3
  453.000       17.312       0       2      60       0       0       0       0       0       0       1       1       5       3       0       0       2       0       0       0       5       3
  454.000       17.312       0       2      60       0       0       0       0       0       0       1       1       5       3       0       0       2       0       0       0       5       3
  455.000       17.312       0       2      60       0       0       0       0       0       0       1       1       5       3       0       0       2       0       0       0       5       3
  456.000       17.312       0       2      60       0       0       0       0       0       0       1       1       5       3       0       0       2       0       0       0       5       3
  457.000       17.312       0       2      60       0       0       0       0       0       0       1       1       5       3       0       0       2       0       0       0       5       3
  458.000       17.312       0       2      60       0       0       0       0       0       0       1       1       5       3       0       0       2       0       0       0       5       3
  459.000       17.312       0       2      60       0       0       0       0       0       0       1       1       5       3       0       0       2       0       0       0       5       3
  460.000       17.312       0       2      60       0       0       0       0       0       0       1       1       5       3       0       0       2       0       0       0       5       3
  461.000       17.312       0       2      60       0       0       0       2       0       0       1       1       5       3       0       0       2       0       0       0       5       3
  462.000       17.312       0       2      60       0       0       0       0       0       0       1       1       5       3       0       0       2       0       0       0       5       3
  463.000       17.312       0       2      60       0       0       0       0       0       0       1       1       5       3       0       0       2       0       0       0       5       3
  464.000       17.312       0       2      60       0       0       0       0       0       0       1       1       5       3       0       0       2       0       0       0       5       3
  465.000       17.312       0       2      60       0       0       0       0       0       0       1       1       5       3       0       0       2       0       0       0       5       3
  466.000       17.312       0       2      60       0       0       0       0       0       0       1       1       5       3       0       0       2       0       0       0       5       3
  467.000       17.312       0       2      60       0       0       0       0       0       0       1       1       5       3       0       0       2       0       0       0       5       3
  468.000       17.312       0       2      60       0       0       0       0       0       0       1       1       5       3       0       0       2       0       0       0       5       3
  469.000       17.312       0       2      60       0       0       0       0       0       0       1       1       5       3       0       0       2       0       0       0       5       3
  470.000       17.312       0       2      60       0       0       0       0       0       0       1       1       5       3       0       0       2       0       0       0       5       3
  471.000       17.312       0       2      60       0       0       0       2       0       0       1       1       5       3       0       0       2       0       0       0       5       3
  472.000       17.312       0       2      60       0       0       0       0       0       0       1       1       5       3       0       0       2       0       0       0       5       3
  473.000       17.312       0       2      60       0       0       0       0       0       0       1       1       5       3       0       0       2       0       0       0       5       3
  474.000       17.312       0       2      60       0       0       0       0       0       0       1       1       5       3       0       0       2       0       0       0       5       3
  475.000       17.312       0       2      60       0       0       0       0       0       0       1       1       5       3       0       0       2       0       0       0       5       3
  476.000       17.312       0       2      60       0       0       0       0       0       0       1       1       5       3       0       0       2       0       0       0       5       3
  477.000       17.312       0       2      60       0       0       0       0       0       0       1       1       5       3       0       0       2       0       0       0       5       3
  478.000       17.312       0       2      60       0       0       0       0       0       0       1       1       5       3       0       0       2       0       0       0       5       3
  479.000       17.312       0       2      60       0       0       0       0       0       0       1       1       5       3       0       0       2       0       0       0       5       3
  480.000       17.312       0       2      60       0       0       0       0       0       0       1       1       5       3       0       0       2       0       0       0       5       3
  481.000       17.312       0       2      60       0       0       0       2       0       0       1       1       5       3       0       0       2       0       0       0       5       3
  482.000       17.312       0       2      60       0       0       0       0       0       0       1       1       5       3       0       0       2       0       0       0       5       3
  483.000       17.312       0       2      60       0       0       0       0       0       0       1       1       5       3       0       0       2       0       0       0       5       3
  484.000       17.312       0       2      60       0       0       0       0       0       0       1       1       5       3       0       0       2       0       0       0       5       3
  485.000       17.312       0       2      60       0       0       0       0       0       0       1       1       5       3       0       0       2       0       0       0       5       3
  486.000       17.312       0       2      60       0       0       0       0       0       0       1       1       5       3       0       0       2       0       0       0       5       3
  487.000       17.312       0       2      60       0       0       0       0       0       0       1       1       5       3       0       0       2       0       0       0       5       3
  488.000       17.312       0       2      60       0       0       0       0       0       0       1       1       5       3       0       0       2       0       0       0       5       3
  489.000       17.312       0       2      60       0       0       0       0       0       0       1       1       5       3       0       0       2       0       0       0       5       3
  490.000       17.312       0       2      60       0       0       0       0       0       0       1       1       5       3       0       0       2       0       0       0       5       3
  491.000       17.312       0       2      60       0       0       0       2       0       0       1       1       5       3       0       0       2       0       0       0       5       3
  492.000       17.312       0       2      60       0       0       0       0       0       0       1       1       5       3       0       0       2       0       0       0       5       3
  493.000       17.312       0       2      60       0       0       0       0       0       0       1       1       5       3       0       0       2       0       0       0       5       3
  494.000       17.312       0       2      60       0       0       0       0       0       0       1       1       5       3       0       0       2       0       0       0       5       3
  495.000       17.312       0       2      60       0       0       0       0       0       0       1       1       5       3       0       0       2       0       0       0       5       3
  496.000       17.312       0       2      60       0       0       0       0       0       0       1       1       5       3       0       0       2       0       0       0       5       3
  497.000       17.312       0       2      60       0       0       0       0       0       0       1       1       5       3       0       0       2       0       0       0       5       3
  498.000       17.312       0       2      60       0       0       0       0       0       0       1       1       5       3       0       0       2       0       0       0       5       3
  499.000       17.312       0       2      60       0       0       0       0       0       0       1       1       5       3       0       0       2       0       0       0       5       3
  500.000        0.000       0       0      60       0       0       0       0       0       0       0       0       5       3       0       0       2       0       0       0       5       3
