  TimeSec      LoaKbps LoaUsag Packets DlyUsec LoaDrps MetDrps TabDrps FloMods MetMods GroMods  PktsIn PktsOut FloEntr FloUsag MetEntr MetUsag GroEntr GroUsag BufPkts BufUsag  T0Entr  T0Usag
    1.000        0.000       0       0     173       0       0       0       3       0       2       0       0       3       0       0       0       2       0       0       0       3       0
    2.000     4007.424       1     331     339       0       0       0       8       0       0       0       0       8       0       0       0       2       0       0       0       8       0
    3.000     6639.200       1     548     393       0       0       0       5       0       0       0       0      13       0       0       0       2       0       0       0      13       0
    4.000     9198.208       2     759     482       0       0       0       5       0       0       0       0      18       0       0       0       2       0       0       0      18       0
    5.000    13309.600       3    1098     498       0       0       0       5       0       0       0       0      23       0       0       0       2       0       0       0      23       0
    6.000    21956.864       5    1811     499       0       0       0       6       0       0       0       0      28       0       0       0       2       0       0       0      28       0
    7.000    27814.688       6    2294     579       0       0       0       2       0       0       0       0      33       0       0       0       2       0       0       0      33       0
    8.000    28930.464       6    2386     597       0       0       0       1       0       0       0       0      35       0       0       0       2       0       0       0      35       0
    9.000    32083.744       7    2646     599       0       0       0       9       0       0       0       0      39       0       0       0       2       0       0       0      39       0
   10.000    34861.056       8    2875     599       0       0       0       3       0       0       0       0      45       1       0       0       2       0       0       0      45       1
   11.000    37504.960       8    3093     599       0       0       0       6       0       0       0       0      49       1       0       0       2       0       0       0      49       1
   12.000    24758.432       6    2042     600       0       0       0       5       0       0       0       0      55       1       0       0       2       0       0       0      55       1
   13.000    12994.272       3    1072     510       0       0       0      51       0       0       0       0      24       0       0       0       2       0       0       0      24       0
   14.000    18573.152       4    1532     501       0       0       0       6       0       0       0       0      25       0       0       0       2       0       0       0      25       0
   15.000    25316.320       6    2088     500       0       0       0       5       0       0       0       0      29       0       0       0       2       0       0       0      29       0
   16.000    30798.176       7    2540     583       0       0       0       2       0       0       0       0      33       0       0       0       2       0       0       0      33       0
   17.000    32205.024       7    2656     598       0       0       0       3       0       0       0       0      35       0       0       0       2       0       0       0      35       0
   18.000    34909.568       8    2879     599       0       0       0       4       0       0       0       0      39       0       0       0       2       0       0       0      39       0
   19.000    38814.784       9    3201     599       0       0       0       3       0       0       0       0      42       1       0       0       2       0       0       0      42       1
   20.000    47013.312      10    3877     599       0       0       0       8       0       0       0       0      48       1       0       0       2       0       0       0      48       1
   21.000    55187.584      12    4551     600       0       0       0       5       0       0       0       0      53       1       0       0       2       0       0       0      53       1
   22.000    32653.760       7    2693     600       0       0       0       3       0       0       0       0      59       1       0       0       2       0       0       0      59       1
   23.000     9331.616       2     770     426       0       0       0      54       0       0       0       0      20       0       0       0       2       0       0       0      20       0
   24.000    12205.952       3    1007     489       0       0       0       3       0       0       0       0      18       0       0       0       2       0       0       0      18       0
   25.000    12775.968       3    1054     498       0       0       0       2       0       0       0       0      20       0       0       0       2       0       0       0      20       0
   26.000    14946.880       3    1233     499       0       0       0       9       0       0       0       0      25       0       0       0       2       0       0       0      25       0
   27.000    18985.504       4    1566     573       0       0       0       6       0       0       0       0      33       0       0       0       2       0       0       0      33       0
   28.000    27390.208       6    2259     597       0       0       0       8       0       0       0       0      41       1       0       0       2       0       0       0      41       1
   29.000    32641.632       7    2692     599       0       0       0       9       0       0       0       0      48       1       0       0       2       0       0       0      48       1
   30.000    38560.096       9    3180     599       0       0       0       7       0       0       0       0      56       1       0       0       2       0       0       0      56       1
   31.000    42998.944      10    3546     659       0       0       0       9       0       0       0       0      64       1       0       0       2       0       0       0      64       1
   32.000    34836.800       8    2873     695       0       0       0      16       0       0       0       0      77       1       0       0       2       0       0       0      77       1
   33.000    25243.552       6    2082     526       0       0       0      62       0       0       0       0      37       0       0       0       2       0       0       0      37       0
   34.000    40549.088       9    3344     592       0       0       0       8       0       0       0       0      39       0       0       0       2       0       0       0      39       0
   35.000    45909.664      10    3786     599       0       0       0       9       0       0       0       0      45       1       0       0       2       0       0       0      45       1
   36.000    52046.432      12    4292     599       0       0       0       5       0       0       0       0      53       1       0       0       2       0       0       0      53       1
   37.000    56194.208      12    4634     599       0       0       0       8       0       0       0       0      60       1       0       0       2       0       0       0      60       1
   38.000    60802.848      14    5014     683       0       0       0       7       0       0       0       0      67       1       0       0       2       0       0       0      67       1
   39.000    65593.408      15    5409     698       0       0       0       6       0       0       0       0      74       1       0       0       2       0       0       0      74       1
   40.000    69292.448      15    5714     699       0       0       0       7       0       0       0       0      80       1       0       0       2       0       0       0      80       1
   41.000    71996.992      16    5937     699       0       0       0       3       0       0       0       0      84       1       0       0       2       0       0       0      84       1
   42.000    41689.120       9    3438     699       0       0       0       9       0       0       1       1      90       1       0       0       2       0       0       0      90       1
   43.000    10532.288       2     869     613       0       0       0      61       0       0       0       0      50       1       0       0       2       0       0       0      50       1
   44.000    19349.344       4    1596     601       0       0       0       9       0       0       0       0      52       1       0       0       2       0       0       0      52       1
   45.000    36983.456       8    3050     648       0       0       0      12       0       0       0       0      63       1       0       0       2       0       0       0      63       1
   46.000    42610.848       9    3514     694       0       0       0      12       0       0       0       0      71       1       0       0       2       0       0       0      71       1
   47.000    45654.976      10    3765     699       0       0       0       9       0       0       0       0      79       1       0       0       2       0       0       0      79       1
   48.000    50506.176      11    4165     699       0       0       0       3       0       0       0       0      84       1       0       0       2       0       0       0      84       1
   49.000    57540.416      13    4745     699       0       0       0      10       0       0       0       0      89       1       0       0       2       0       0       0      89       1
   50.000    63592.288      14    5244     699       0       0       0       8       0       0       0       0      97       1       0       0       2       0       0       0      97       1
   51.000    67921.984      15    5601     700       0       0       0       6       0       0       0       0     103       1       0       0       2       0       0       0     103       1
   52.000    48092.704      11    3966     700       0       0       0       5       0       0       0       0     106       1       0       0       2       0       0       0     106       1
   53.000    23751.808       5    1959     700       0       0       0      41       0       0       0       0      83       1       0       0       2       0       0       0      83       1
   54.000    31732.032       7    2617     700       0       0       0       8       0       0       0       0      86       1       0       0       2       0       0       0      86       1
   55.000    35819.168       8    2954     700       0       0       0       4       0       0       0       0      88       1       0       0       2       0       0       0      88       1
   56.000    38693.504       9    3191     700       0       0       0       7       0       0       0       0      93       1       0       0       2       0       0       0      93       1
   57.000    42671.488       9    3519     700       0       0       0       5       0       0       0       0      96       1       0       0       2       0       0       0      96       1
   58.000    49887.648      11    4114     700       0       0       0       7       0       0       0       0     100       1       0       0       2       0       0       0     100       1
   59.000    58037.664      13    4786     700       0       0       0      13       0       0       0       0     106       1       0       0       2       0       0       0     106       1
   60.000    66393.856      15    5475     700       0       0       0       6       0       0       0       0     112       1       0       0       2       0       0       0     112       1
   61.000    68261.568      15    5629     700       0       0       0       9       0       0       0       0     118       1       0       0       2       0       0       0     118       1
   62.000    49742.112      11    4102     700       0       0       0       4       0       0       0       0     119       1       0       0       2       0       0       0     119       1
   63.000    29306.432       7    2417     700       0       0       0      28       0       0       0       0     105       1       0       0       2       0       0       0     105       1
   64.000    32847.808       7    2709     700       0       0       0       3       0       0       0       0     108       1       0       0       2       0       0       0     108       1
   65.000    36413.440       8    3003     700       0       0       0       8       0       0       0       0     111       1       0       0       2       0       0       0     111       1
   66.000    44284.512      10    3652     700       0       0       0       9       0       0       0       0     117       1       0       0       2       0       0       0     117       1
   67.000    52689.216      12    4345     700       0       0       0       3       0       0       0       0     122       1       0       0       2       0       0       0     122       1
   68.000    54569.056      12    4500     700       0       0       0       6       0       0       0       0     124       2       0       0       2       0       0       0     124       2
   69.000    59687.072      13    4922     783       0       0       0      12       0       0       0       0     133       2       0       0       2       0       0       0     133       2
   70.000    64416.992      14    5312     798       0       0       0      11       0       0       0       0     142       2       0       0       2       0       0       0     142       2
   71.000    75538.368      17    6229     799       0       0       0       9       0       0       0       0     149       2       0       0       2       0       0       0     149       2
   72.000    61639.680      14    5083     799       0       0       0       9       0       0       0       0     157       2       0       0       2       0       0       0     157       2
   73.000    58789.600      13    4848     799       0       0       0      33       0       0       0       0     147       2       0       0       2       0       0       0     147       2
   74.000    66284.704      15    5466     800       0       0       0      13       0       0       0       0     152       2       0       0       2       0       0       0     152       2
   75.000    69510.752      15    5732     800       0       0       0       9       0       0       0       0     157       2       0       0       2       0       0       0     157       2
   76.000    71608.896      16    5905     800       0       0       0      12       0       0       0       0     161       2       0       0       2       0       0       0     161       2
   77.000    74277.056      17    6125     800       0       0       0       8       0       0       0       0     172       2       0       0       2       0       0       0     172       2
   78.000    78158.016      17    6445     800       0       0       0      16       0       0       1       1     180       2       0       0       2       0       0       0     180       2
   79.000    82730.272      18    6822     800       0       0       0      11       0       0       0       0     193       2       0       0       2       0       0       0     193       2
   80.000    80898.944      18    6671     800       0       0       0      13       0       0       0       0     204       2       0       0       2       0       0       0     204       2
   81.000    85980.576      19    7090     800       0       0       0       8       0       0       0       0     214       3       0       0       2       0       0       0     214       3
   82.000    69037.760      15    5693     800       0       0       0       8       0       0       0       0     218       3       0       0       2       0       0       0     218       3
   83.000    54860.128      12    4524     800       0       0       0      28       0       0       0       0     211       3       0       0       2       0       0       0     211       3
   84.000    63204.192      14    5212     800       0       0       0      16       0       0       1       1     215       3       0       0       2       0       0       0     215       3
   85.000    74604.512      17    6152     800       0       0       0      15       0       0       0       0     225       3       0       0       2       0       0       0     225       3
   86.000    75368.576      17    6215     800       0       0       0       6       0       0       0       0     228       3       0       0       2       0       0       0     228       3
   87.000    79104.000      18    6523     800       0       0       0      13       0       0       0       0     233       3       0       0       2       0       0       0     233       3
   88.000    87399.552      19    7207     800       0       0       0       6       0       0       0       0     239       3       0       0       2       0       0       0     239       3
   89.000    94033.568      21    7754     800       0       0       0       8       0       0       0       0     240       3       0       0       2       0       0       0     240       3
   90.000   103262.976      23    8515     800       0       0       0      10       0       0       0       0     244       3       0       0       2       0       0       0     244       3
   91.000   110163.808      24    9084     800       0       0       0       4       0       0       0       0     247       3       0       0       2       0       0       0     247       3
   92.000    88588.096      20    7305     800       0       0       0      11       0       0       0       0     248       3       0       0       2       0       0       0     248       3
   93.000    72300.192      16    5962     800       0       0       0      37       0       0       1       1     235       3       0       0       2       0       0       0     235       3
   94.000    82778.784      18    6826     800       0       0       0       8       0       0       0       0     232       3       0       0       2       0       0       0     232       3
   95.000    84707.136      19    6985     800       0       0       0       8       0       0       0       0     230       3       0       0       2       0       0       0     230       3
   96.000    87290.400      19    7198     800       0       0       0       8       0       0       0       0     230       3       0       0       2       0       0       0     230       3
   97.000    89946.432      20    7417     800       0       0       0      12       0       0       1       1     233       3       0       0       2       0       0       0     233       3
   98.000    92347.776      21    7615     800       0       0       0       8       0       0       0       0     236       3       0       0       2       0       0       0     236       3
   99.000    96216.608      21    7934     800       0       0       0       9       0       0       0       0     240       3       0       0       2       0       0       0     240       3
  100.000    97429.408      22    8034     800       0       0       0      10       0       0       0       0     241       3       0       0       2       0       0       0     241       3
  101.000    99745.856      22    8225     800       0       0       0      12       0       0       1       1     246       3       0       0       2       0       0       0     246       3
  102.000    76084.128      17    6274     800       0       0       0      11       0       0       0       0     251       3       0       0       2       0       0       0     251       3
  103.000    54447.776      12    4490     800       0       0       0      53       0       0       0       0     226       3       0       0       2       0       0       0     226       3
  104.000    63859.104      14    5266     800       0       0       0      11       0       0       1       1     229       3       0       0       2       0       0       0     229       3
  105.000    71887.840      16    5928     800       0       0       0      10       0       0       0       0     231       3       0       0       2       0       0       0     231       3
  106.000    79334.432      18    6542     800       0       0       0      11       0       0       0       0     240       3       0       0       2       0       0       0     240       3
  107.000    84222.016      19    6945     800       0       0       0       8       0       0       0       0     241       3       0       0       2       0       0       0     241       3
  108.000    88830.656      20    7325     800       0       0       0      11       0       0       0       0     245       3       0       0       2       0       0       0     245       3
  109.000    90746.880      20    7483     800       0       0       0      10       0       0       0       0     250       3       0       0       2       0       0       0     250       3
  110.000    93742.496      21    7730     859       0       0       0      15       0       0       1       1     257       3       0       0       2       0       0       0     257       3
  111.000    97647.712      22    8052     895       0       0       0      10       0       0       0       0     264       3       0       0       2       0       0       0     264       3
  112.000    76035.616      17    6270     899       0       0       0      11       0       0       0       0     265       3       0       0       2       0       0       0     265       3
  113.000    62864.608      14    5184     813       0       0       0      35       0       0       0       0     246       3       0       0       2       0       0       0     246       3
  114.000    65350.848      15    5389     801       0       0       0       8       0       0       0       0     244       3       0       0       2       0       0       0     244       3
  115.000    71984.864      16    5936     800       0       0       0      13       0       0       0       0     252       3       0       0       2       0       0       0     252       3
  116.000    77151.392      17    6362     800       0       0       0       7       0       0       0       0     249       3       0       0       2       0       0       0     249       3
  117.000    76702.656      17    6325     800       0       0       0       9       0       0       0       0     252       3       0       0       2       0       0       0     252       3
  118.000    79710.400      18    6573     855       0       0       0      12       0       0       0       0     256       3       0       0       2       0       0       0     256       3
  119.000    81384.064      18    6711     895       0       0       0       7       0       0       0       0     260       3       0       0       2       0       0       0     260       3
  120.000    83106.240      18    6853     899       0       0       0      15       0       0       0       0     267       3       0       0       2       0       0       0     267       3
  121.000    89303.648      20    7364     899       0       0       0       8       0       0       0       0     271       3       0       0       2       0       0       0     271       3
  122.000    75732.416      17    6245     899       0       0       0      11       0       0       0       0     277       3       0       0       2       0       0       0     277       3
  123.000    56691.456      13    4675     813       0       0       0      42       0       0       0       0     254       3       0       0       2       0       0       0     254       3
  124.000    58728.960      13    4843     801       0       0       0       5       0       0       0       0     250       3       0       0       2       0       0       0     250       3
  125.000    59032.160      13    4868     800       0       0       0       5       0       0       0       0     244       3       0       0       2       0       0       0     244       3
  126.000    60936.256      14    5025     800       0       0       0      10       0       0       0       0     242       3       0       0       2       0       0       0     242       3
  127.000    67679.424      15    5581     800       0       0       0      13       0       0       0       0     249       3       0       0       2       0       0       0     249       3
  128.000    74956.224      17    6181     848       0       0       0      12       0       0       0       0     255       3       0       0       2       0       0       0     255       3
  129.000    77854.816      17    6420     894       0       0       0      16       0       0       0       0     267       3       0       0       2       0       0       0     267       3
  130.000    84731.392      19    6987     899       0       0       0       8       0       0       0       0     269       3       0       0       2       0       0       0     269       3
  131.000    87690.624      19    7231     899       0       0       0       9       0       0       0       0     273       3       0       0       2       0       0       0     273       3
  132.000    63883.360      14    5268     899       0       0       0       8       0       0       0       0     273       3       0       0       2       0       0       0     273       3
  133.000    44575.584      10    3676     813       0       0       0      42       0       0       0       0     244       3       0       0       2       0       0       0     244       3
  134.000    49996.800      11    4123     801       0       0       0       6       0       0       0       0     241       3       0       0       2       0       0       0     241       3
  135.000    52943.904      12    4366     800       0       0       0      10       0       0       0       0     242       3       0       0       2       0       0       0     242       3
  136.000    58486.400      13    4823     800       0       0       0      10       0       0       0       0     244       3       0       0       2       0       0       0     244       3
  137.000    65932.992      15    5437     800       0       0       0      10       0       0       0       0     249       3       0       0       2       0       0       0     249       3
  138.000    73525.120      16    6063     800       0       0       0      11       0       0       0       0     254       3       0       0       2       0       0       0     254       3
  139.000    77854.816      17    6420     886       0       0       0      17       0       0       0       0     263       3       0       0       2       0       0       0     263       3
  140.000    88478.944      20    7296     898       0       0       0      10       0       0       0       0     270       3       0       0       2       0       0       0     270       3
  141.000    90552.832      20    7467     899       0       0       0       5       0       0       0       0     270       3       0       0       2       0       0       0     270       3
  142.000    65181.056      14    5375     899       0       0       0      10       0       0       1       1     270       3       0       0       2       0       0       0     270       3
  143.000    38232.640       8    3153     813       0       0       0      35       0       0       0       0     239       3       0       0       2       0       0       0     239       3
  144.000    37383.680       8    3083     801       0       0       0       5       0       0       0       0     222       3       0       0       2       0       0       0     222       3
  145.000    38693.504       9    3191     800       0       0       0       8       0       0       0       0     220       3       0       0       2       0       0       0     220       3
  146.000    40658.240       9    3353     800       0       0       0       5       0       0       0       0     224       3       0       0       2       0       0       0     224       3
  147.000    42756.384      10    3526     800       0       0       0      13       0       0       0       0     228       3       0       0       2       0       0       0     228       3
  148.000    49111.456      11    4050     800       0       0       0       8       0       0       0       0     233       3       0       0       2       0       0       0     233       3
  149.000    52422.400      12    4323     800       0       0       0      11       0       0       0       0     238       3       0       0       2       0       0       0     238       3
  150.000    54750.976      12    4515     800       0       0       0      11       0       0       0       0     242       3       0       0       2       0       0       0     242       3
  151.000    58765.344      13    4846     800       0       0       0      10       0       0       0       0     248       3       0       0       2       0       0       0     248       3
  152.000    49111.456      11    4050     800       0       0       0      12       0       0       0       0     253       3       0       0       2       0       0       0     253       3
  153.000    38560.096       9    3180     800       0       0       0      36       0       0       0       0     233       3       0       0       2       0       0       0     233       3
  154.000    41470.816       9    3420     800       0       0       0      10       0       0       0       0     225       3       0       0       2       0       0       0     225       3
  155.000    45812.640      10    3778     800       0       0       0      10       0       0       1       1     225       3       0       0       2       0       0       0     225       3
  156.000    48759.744      11    4021     800       0       0       0       6       0       0       0       0     227       3       0       0       2       0       0       0     227       3
  157.000    52446.656      12    4325     800       0       0       0       6       0       0       0       0     229       3       0       0       2       0       0       0     229       3
  158.000    54132.448      12    4464     800       0       0       0       8       0       0       0       0     228       3       0       0       2       0       0       0     228       3
  159.000    53962.656      12    4450     800       0       0       0       8       0       0       0       0     230       3       0       0       2       0       0       0     230       3
  160.000    61991.392      14    5112     800       0       0       0      11       0       0       0       0     236       3       0       0       2       0       0       0     236       3
  161.000    62985.888      14    5194     800       0       0       0      11       0       0       1       1     243       3       0       0       2       0       0       0     243       3
  162.000    46807.136      10    3860     800       0       0       0      10       0       0       0       0     244       3       0       0       2       0       0       0     244       3
  163.000    32799.296       7    2705     800       0       0       0      36       0       0       0       0     224       3       0       0       2       0       0       0     224       3
  164.000    34375.936       8    2835     800       0       0       0      15       0       0       0       0     223       3       0       0       2       0       0       0     223       3
  165.000    43338.528      10    3574     800       0       0       0       9       0       0       0       0     226       3       0       0       2       0       0       0     226       3
  166.000    44442.176      10    3665     800       0       0       0       5       0       0       0       0     225       3       0       0       2       0       0       0     225       3
  167.000    47328.640      11    3903     800       0       0       0      16       0       0       0       0     232       3       0       0       2       0       0       0     232       3
  168.000    51658.336      11    4260     800       0       0       0      11       0       0       0       0     234       3       0       0       2       0       0       0     234       3
  169.000    57649.568      13    4754     800       0       0       0      13       0       0       1       1     238       3       0       0       2       0       0       0     238       3
  170.000    71742.304      16    5916     800       0       0       0       9       0       0       1       1     244       3       0       0       2       0       0       0     244       3
  171.000    74216.416      16    6120     800       0       0       0      10       0       0       0       0     248       3       0       0       2       0       0       0     248       3
  172.000    51088.320      11    4213     859       0       0       0      11       0       0       0       0     255       3       0       0       2       0       0       0     255       3
  173.000    31841.184       7    2626     809       0       0       0      49       0       0       0       0     227       3       0       0       2       0       0       0     227       3
  174.000    39882.048       9    3289     800       0       0       0      10       0       0       0       0     221       3       0       0       2       0       0       0     221       3
  175.000    44223.872      10    3647     800       0       0       0       7       0       0       0       0     225       3       0       0       2       0       0       0     225       3
  176.000    47607.584      11    3926     800       0       0       0      12       0       0       0       0     220       3       0       0       2       0       0       0     220       3
  177.000    52749.856      12    4350     800       0       0       0       8       0       0       0       0     224       3       0       0       2       0       0       0     224       3
  178.000    56642.944      13    4671     800       0       0       0      15       0       0       0       0     224       3       0       0       2       0       0       0     224       3
  179.000    65047.648      14    5364     800       0       0       0       8       0       0       0       0     228       3       0       0       2       0       0       0     228       3
  180.000    66175.552      15    5457     800       0       0       0      11       0       0       1       1     228       3       0       0       2       0       0       0     228       3
  181.000    71718.048      16    5914     800       0       0       0      12       0       0       0       0     236       3       0       0       2       0       0       0     236       3
  182.000    56485.280      13    4658     800       0       0       0      10       0       0       0       0     238       3       0       0       2       0       0       0     238       3
  183.000    37092.608       8    3059     800       0       0       0      32       0       0       0       0     221       3       0       0       2       0       0       0     221       3
  184.000    40706.752       9    3357     800       0       0       0      14       0       0       0       0     222       3       0       0       2       0       0       0     222       3
  185.000    43690.240      10    3603     800       0       0       0       8       0       0       0       0     224       3       0       0       2       0       0       0     224       3
  186.000    50894.272      11    4197     800       0       0       0      14       0       0       0       0     232       3       0       0       2       0       0       0     232       3
  187.000    58813.856      13    4850     800       0       0       0      11       0       0       0       0     234       3       0       0       2       0       0       0     234       3
  188.000    62622.048      14    5164     800       0       0       0      10       0       0       0       0     238       3       0       0       2       0       0       0     238       3
  189.000    66090.656      15    5450     800       0       0       0      13       0       0       2       2     246       3       0       0       2       0       0       0     246       3
  190.000    68916.480      15    5683     800       0       0       0       8       0       0       1       1     249       3       0       0       2       0       0       0     249       3
  191.000    72579.136      16    5985     800       0       0       0      11       0       0       0       0     254       3       0       0       2       0       0       0     254       3
  192.000    60317.728      13    4974     860       0       0       0       9       0       0       0       0     256       3       0       0       2       0       0       0     256       3
  193.000    42804.896      10    3530     809       0       0       0      50       0       0       0       0     223       3       0       0       2       0       0       0     223       3
  194.000    53610.944      12    4421     800       0       0       0      14       0       0       0       0     223       3       0       0       2       0       0       0     223       3
  195.000    56812.736      13    4685     800       0       0       0      11       0       0       1       1     230       3       0       0       2       0       0       0     230       3
  196.000    59226.208      13    4884     800       0       0       0      13       0       0       0       0     229       3       0       0       2       0       0       0     229       3
  197.000    61797.344      14    5096     800       0       0       0      11       0       0       0       0     231       3       0       0       2       0       0       0     231       3
  198.000    65605.536      15    5410     800       0       0       0      12       0       0       0       0     236       3       0       0       2       0       0       0     236       3
  199.000    67594.528      15    5574     800       0       0       0      11       0       0       0       0     241       3       0       0       2       0       0       0     241       3
  200.000    69668.416      15    5745     800       0       0       0      15       0       0       0       0     246       3       0       0       2       0       0       0     246       3
  201.000    75198.784      17    6201     800       0       0       0      11       0       0       0       0     251       3       0       0       2       0       0       0     251       3
  202.000    55587.808      12    4584     800       0       0       0       8       0       0       0       0     253       3       0       0       2       0       0       0     253       3
  203.000    38826.912       9    3202     800       0       0       0      34       0       0       0       0     238       3       0       0       2       0       0       0     238       3
  204.000    43217.248      10    3564     800       0       0       0       9       0       0       0       0     240       3       0       0       2       0       0       0     240       3
  205.000    51088.320      11    4213     800       0       0       0      16       0       0       0       0     245       3       0       0       2       0       0       0     245       3
  206.000    57952.768      13    4779     800       0       0       0       5       0       0       0       0     249       3       0       0       2       0       0       0     249       3
  207.000    67376.224      15    5556     828       0       0       0      14       0       0       0       0     254       3       0       0       2       0       0       0     254       3
  208.000    71524.000      16    5898     879       0       0       0       9       0       0       0       0     258       3       0       0       2       0       0       0     258       3
  209.000    74931.968      17    6179     897       0       0       0       9       0       0       0       0     261       3       0       0       2       0       0       0     261       3
  210.000    84622.240      19    6978     899       0       0       0      12       0       0       0       0     263       3       0       0       2       0       0       0     263       3
  211.000    88891.296      20    7330     887       0       0       0      10       0       0       0       0     260       3       0       0       2       0       0       0     260       3
  212.000    70941.856      16    5850     898       0       0       0      13       0       0       0       0     264       3       0       0       2       0       0       0     264       3
  213.000    51997.920      12    4288     813       0       0       0      47       0       0       0       0     240       3       0       0       2       0       0       0     240       3
  214.000    55187.584      12    4551     801       0       0       0       7       0       0       0       0     239       3       0       0       2       0       0       0     239       3
  215.000    59238.336      13    4885     800       0       0       0       8       0       0       0       0     236       3       0       0       2       0       0       0     236       3
  216.000    65629.792      15    5412     800       0       0       0      10       0       0       0       0     230       3       0       0       2       0       0       0     230       3
  217.000    73755.552      16    6082     800       0       0       0      12       0       0       0       0     234       3       0       0       2       0       0       0     234       3
  218.000    81299.168      18    6704     800       0       0       0       8       0       0       0       0     238       3       0       0       2       0       0       0     238       3
  219.000    87836.160      20    7243     800       0       0       0       6       0       0       0       0     234       3       0       0       2       0       0       0     234       3
  220.000    91292.640      20    7528     800       0       0       0       8       0       0       0       0     228       3       0       0       2       0       0       0     228       3
  221.000   105761.344      24    8721     800       0       0       0      14       0       0       0       0     235       3       0       0       2       0       0       0     235       3
  222.000    87266.144      19    7196     800       0       0       0       9       0       0       0       0     242       3       0       0       2       0       0       0     242       3
  223.000    57249.344      13    4721     800       0       0       0      46       0       0       0       0     212       3       0       0       2       0       0       0     212       3
  224.000    57661.696      13    4755     800       0       0       0       5       0       0       0       0     211       3       0       0       2       0       0       0     211       3
  225.000    61809.472      14    5097     800       0       0       0      12       0       0       0       0     213       3       0       0       2       0       0       0     213       3
  226.000    69680.544      15    5746     800       0       0       0      11       0       0       0       0     220       3       0       0       2       0       0       0     220       3
  227.000    75611.136      17    6235     800       0       0       0       9       0       0       0       0     219       3       0       0       2       0       0       0     219       3
  228.000    83773.280      19    6908     800       0       0       0      10       0       0       0       0     223       3       0       0       2       0       0       0     223       3
  229.000    91935.424      20    7581     800       0       0       0      19       0       0       1       1     225       3       0       0       2       0       0       0     225       3
  230.000    96374.272      21    7947     800       0       0       0      10       0       0       0       0     234       3       0       0       2       0       0       0     234       3
  231.000   105991.776      24    8740     800       0       0       0      15       0       0       0       0     240       3       0       0       2       0       0       0     240       3
  232.000    87896.800      20    7248     800       0       0       0       6       0       0       0       0     245       3       0       0       2       0       0       0     245       3
  233.000    57625.312      13    4752     800       0       0       0      30       0       0       0       0     228       3       0       0       2       0       0       0     228       3
  234.000    58280.224      13    4806     800       0       0       0       6       0       0       1       1     230       3       0       0       2       0       0       0     230       3
  235.000    61154.560      14    5043     800       0       0       0      16       0       0       1       1     236       3       0       0       2       0       0       0     236       3
  236.000    67364.096      15    5555     800       0       0       0      11       0       0       0       0     243       3       0       0       2       0       0       0     243       3
  237.000    69474.368      15    5729     800       0       0       0      10       0       0       0       0     245       3       0       0       2       0       0       0     245       3
  238.000    68880.096      15    5680     800       0       0       0       9       0       0       0       0     252       3       0       0       2       0       0       0     252       3
  239.000    72360.832      16    5967     879       0       0       0      16       0       0       1       1     258       3       0       0       2       0       0       0     258       3
  240.000    76241.792      17    6287     897       0       0       0       7       0       0       0       0     263       3       0       0       2       0       0       0     263       3
  241.000    81590.240      18    6728     899       0       0       0      16       0       0       0       0     265       3       0       0       2       0       0       0     265       3
  242.000    70784.192      16    5837     899       0       0       0       9       0       0       0       0     271       3       0       0       2       0       0       0     271       3
  243.000    54848.000      12    4523     813       0       0       0      38       0       0       0       0     252       3       0       0       2       0       0       0     252       3
  244.000    60414.752      13    4982     801       0       0       0      11       0       0       0       0     251       3       0       0       2       0       0       0     251       3
  245.000    63652.928      14    5249     800       0       0       0       5       0       0       0       0     252       3       0       0       2       0       0       0     252       3
  246.000    64501.888      14    5319     800       0       0       0       9       0       0       0       0     252       3       0       0       2       0       0       0     252       3
  247.000    64550.400      14    5323     868       0       0       0      14       0       0       0       0     257       3       0       0       2       0       0       0     257       3
  248.000    66224.064      15    5461     896       0       0       0       9       0       0       1       1     262       3       0       0       2       0       0       0     262       3
  249.000    69656.288      15    5744     899       0       0       0      15       0       0       0       0     269       3       0       0       2       0       0       0     269       3
  250.000    73076.384      16    6026     899       0       0       0      10       0       0       1       1     271       3       0       0       2       0       0       0     271       3
  251.000    75683.904      17    6241     899       0       0       0       6       0       0       0       0     266       3       0       0       2       0       0       0     266       3
  252.000    59747.712      13    4927     900       0       0       0      10       0       0       0       0     267       3       0       0       2       0       0       0     267       3
  253.000    43532.576      10    3590     813       0       0       0      38       0       0       0       0     237       3       0       0       2       0       0       0     237       3
  254.000    46043.072      10    3797     801       0       0       0      16       0       0       1       1     234       3       0       0       2       0       0       0     234       3
  255.000    51476.416      11    4245     800       0       0       0       4       0       0       0       0     240       3       0       0       2       0       0       0     240       3
  256.000    59517.280      13    4908     800       0       0       0       9       0       0       0       0     242       3       0       0       2       0       0       0     242       3
  257.000    70808.448      16    5839     800       0       0       0      14       0       0       0       0     247       3       0       0       2       0       0       0     247       3
  258.000    74919.840      17    6178     800       0       0       0       9       0       0       0       0     248       3       0       0       2       0       0       0     248       3
  259.000    81068.736      18    6685     800       0       0       0      12       0       0       0       0     248       3       0       0       2       0       0       0     248       3
  260.000    88588.096      20    7305     859       0       0       0      13       0       0       0       0     257       3       0       0       2       0       0       0     257       3
  261.000    89267.264      20    7361     895       0       0       0      17       0       0       0       0     264       3       0       0       2       0       0       0     264       3
  262.000    66066.400      15    5448     899       0       0       0      12       0       0       0       0     269       3       0       0       2       0       0       0     269       3
  263.000    45667.104      10    3766     813       0       0       0      33       0       0       0       0     244       3       0       0       2       0       0       0     244       3
  264.000    49135.712      11    4052     801       0       0       0       9       0       0       0       0     241       3       0       0       2       0       0       0     241       3
  265.000    53635.200      12    4423     800       0       0       0       4       0       0       0       0     240       3       0       0       2       0       0       0     240       3
  266.000    56606.560      13    4668     800       0       0       0       9       0       0       0       0     240       3       0       0       2       0       0       0     240       3
  267.000    65472.128      15    5399     800       0       0       0      16       0       0       0       0     248       3       0       0       2       0       0       0     248       3
  268.000    67157.920      15    5538     800       0       0       0       7       0       0       0       0     253       3       0       0       2       0       0       0     253       3
  269.000    72081.888      16    5944     889       0       0       0      12       0       0       0       0     259       3       0       0       2       0       0       0     259       3
  270.000    71899.968      16    5929     898       0       0       0       6       0       0       1       1     260       3       0       0       2       0       0       0     260       3
  271.000    75914.336      17    6260     899       0       0       0      16       0       0       0       0     272       3       0       0       2       0       0       0     272       3
  272.000    58801.728      13    4849     899       0       0       0       8       0       0       1       1     275       3       0       0       2       0       0       0     275       3
  273.000    45691.360      10    3768     833       0       0       0      41       0       0       1       1     256       3       0       0       2       0       0       0     256       3
  274.000    49924.032      11    4117     892       0       0       0      13       0       0       0       0     260       3       0       0       2       0       0       0     260       3
  275.000    58541.856      13    4827     899       0       0       0      12       0       0       0       0     265       3       0       0       2       0       0       0     265       3
