   Time:s   IReque   IAccep   IBlock   IRelea    #Actv   TReque   TAccep   TBlock   TRelea
    1.000        0        0        0        0        0        0        0        0        0
    2.000        0        0        0        0        0        0        0        0        0
    3.000        0        0        0        0        0        0        0        0        0
    4.000        0        0        0        0        0        0        0        0        0
    5.000        0        0        0        0        0        0        0        0        0
    6.000        0        0        0        0        0        0        0        0        0
    7.000        0        0        0        0        0        0        0        0        0
    8.000        0        0        0        0        0        0        0        0        0
    9.000        0        0        0        0        0        0        0        0        0
   10.000        0        0        0        0        0        0        0        0        0
   11.000        0        0        0        0        0        0        0        0        0
   12.000        0        0        0        0        0        0        0        0        0
   13.000        0        0        0        0        0        0        0        0        0
   14.000        0        0        0        0        0        0        0        0        0
   15.000        0        0        0        0        0        0        0        0        0
   16.000        0        0        0        0        0        0        0        0        0
   17.000        0        0        0        0        0        0        0        0        0
   18.000        0        0        0        0        0        0        0        0        0
   19.000        0        0        0        0        0        0        0        0        0
   20.000        0        0        0        0        0        0        0        0        0
   21.000        0        0        0        0        0        0        0        0        0
   22.000        0        0        0        0        0        0        0        0        0
   23.000        0        0        0        0        0        0        0        0        0
   24.000        0        0        0        0        0        0        0        0        0
   25.000        0        0        0        0        0        0        0        0        0
   26.000        0        0        0        0        0        0        0        0        0
   27.000        0        0        0        0        0        0        0        0        0
   28.000        0        0        0        0        0        0        0        0        0
   29.000        0        0        0        0        0        0        0        0        0
   30.000        0        0        0        0        0        0        0        0        0
   31.000        0        0        0        0        0        0        0        0        0
   32.000        0        0        0        0        0        0        0        0        0
   33.000        0        0        0        0        0        0        0        0        0
   34.000        0        0        0        0        0        0        0        0        0
   35.000        0        0        0        0        0        0        0        0        0
   36.000        0        0        0        0        0        0        0        0        0
   37.000        0        0        0        0        0        0        0        0        0
   38.000        0        0        0        0        0        0        0        0        0
   39.000        0        0        0        0        0        0        0        0        0
   40.000        0        0        0        0        0        0        0        0        0
   41.000        0        0        0        0        0        0        0        0        0
   42.000        0        0        0        0        0        0        0        0        0
   43.000        0        0        0        0        0        0        0        0        0
   44.000        0        0        0        0        0        0        0        0        0
   45.000        0        0        0        0        0        0        0        0        0
   46.000        0        0        0        0        0        0        0        0        0
   47.000        0        0        0        0        0        0        0        0        0
   48.000        0        0        0        0        0        0        0        0        0
   49.000        0        0        0        0        0        0        0        0        0
   50.000        0        0        0        0        0        0        0        0        0
   51.000        0        0        0        0        0        0        0        0        0
   52.000        0        0        0        0        0        0        0        0        0
   53.000        0        0        0        0        0        0        0        0        0
   54.000        0        0        0        0        0        0        0        0        0
   55.000        0        0        0        0        0        0        0        0        0
   56.000        0        0        0        0        0        0        0        0        0
   57.000        0        0        0        0        0        0        0        0        0
   58.000        0        0        0        0        0        0        0        0        0
   59.000        0        0        0        0        0        0        0        0        0
   60.000        0        0        0        0        0        0        0        0        0
   61.000        0        0        0        0        0        0        0        0        0
   62.000        0        0        0        0        0        0        0        0        0
   63.000        0        0        0        0        0        0        0        0        0
   64.000        0        0        0        0        0        0        0        0        0
   65.000        0        0        0        0        0        0        0        0        0
   66.000        0        0        0        0        0        0        0        0        0
   67.000        0        0        0        0        0        0        0        0        0
   68.000        0        0        0        0        0        0        0        0        0
   69.000        0        0        0        0        0        0        0        0        0
   70.000        0        0        0        0        0        0        0        0        0
   71.000        0        0        0        0        0        0        0        0        0
   72.000        0        0        0        0        0        0        0        0        0
   73.000        0        0        0        0        0        0        0        0        0
   74.000        0        0        0        0        0        0        0        0        0
   75.000        0        0        0        0        0        0        0        0        0
   76.000        0        0        0        0        0        0        0        0        0
   77.000        0        0        0        0        0        0        0        0        0
   78.000        0        0        0        0        0        0        0        0        0
   79.000        0        0        0        0        0        0        0        0        0
   80.000        0        0        0        0        0        0        0        0        0
   81.000        0        0        0        0        0        0        0        0        0
   82.000        0        0        0        0        0        0        0        0        0
   83.000        0        0        0        0        0        0        0        0        0
   84.000        0        0        0        0        0        0        0        0        0
   85.000        0        0        0        0        0        0        0        0        0
   86.000        0        0        0        0        0        0        0        0        0
   87.000        0        0        0        0        0        0        0        0        0
   88.000        0        0        0        0        0        0        0        0        0
   89.000        0        0        0        0        0        0        0        0        0
   90.000        0        0        0        0        0        0        0        0        0
   91.000        0        0        0        0        0        0        0        0        0
   92.000        0        0        0        0        0        0        0        0        0
   93.000        0        0        0        0        0        0        0        0        0
   94.000        0        0        0        0        0        0        0        0        0
   95.000        0        0        0        0        0        0        0        0        0
   96.000        0        0        0        0        0        0        0        0        0
   97.000        0        0        0        0        0        0        0        0        0
   98.000        0        0        0        0        0        0        0        0        0
   99.000        0        0        0        0        0        0        0        0        0
  100.000        0        0        0        0        0        0        0        0        0
  101.000        0        0        0        0        0        0        0        0        0
  102.000        2        0        2        0        0        2        0        2        0
  103.000        0        0        0        0        0        2        0        2        0
  104.000        0        0        0        0        0        2        0        2        0
  105.000        0        0        0        0        0        2        0        2        0
  106.000        0        0        0        0        0        2        0        2        0
  107.000        0        0        0        0        0        2        0        2        0
  108.000        0        0        0        0        0        2        0        2        0
  109.000        0        0        0        0        0        2        0        2        0
  110.000        2        0        2        0        0        4        0        4        0
  111.000        0        0        0        0        0        4        0        4        0
  112.000        1        0        1        0        0        5        0        5        0
  113.000        0        0        0        0        0        5        0        5        0
  114.000        0        0        0        0        0        5        0        5        0
  115.000        0        0        0        0        0        5        0        5        0
  116.000        0        0        0        0        0        5        0        5        0
  117.000        0        0        0        0        0        5        0        5        0
  118.000        0        0        0        0        0        5        0        5        0
  119.000        0        0        0        0        0        5        0        5        0
  120.000        2        0        2        0        0        7        0        7        0
  121.000        2        0        2        0        0        9        0        9        0
  122.000        1        0        1        0        0       10        0       10        0
  123.000        1        0        1        0        0       11        0       11        0
  124.000        0        0        0        0        0       11        0       11        0
  125.000        0        0        0        0        0       11        0       11        0
  126.000        0        0        0        0        0       11        0       11        0
  127.000        0        0        0        0        0       11        0       11        0
  128.000        0        0        0        0        0       11        0       11        0
  129.000        0        0        0        0        0       11        0       11        0
  130.000        0        0        0        0        0       11        0       11        0
  131.000        1        0        1        0        0       12        0       12        0
  132.000        0        0        0        0        0       12        0       12        0
  133.000        0        0        0        0        0       12        0       12        0
  134.000        0        0        0        0        0       12        0       12        0
  135.000        0        0        0        0        0       12        0       12        0
  136.000        0        0        0        0        0       12        0       12        0
  137.000        0        0        0        0        0       12        0       12        0
  138.000        0        0        0        0        0       12        0       12        0
  139.000        0        0        0        0        0       12        0       12        0
  140.000        0        0        0        0        0       12        0       12        0
  141.000        0        0        0        0        0       12        0       12        0
  142.000        0        0        0        0        0       12        0       12        0
  143.000        0        0        0        0        0       12        0       12        0
  144.000        0        0        0        0        0       12        0       12        0
  145.000        0        0        0        0        0       12        0       12        0
  146.000        0        0        0        0        0       12        0       12        0
  147.000        0        0        0        0        0       12        0       12        0
  148.000        0        0        0        0        0       12        0       12        0
  149.000        0        0        0        0        0       12        0       12        0
  150.000        0        0        0        0        0       12        0       12        0
  151.000        0        0        0        0        0       12        0       12        0
  152.000        0        0        0        0        0       12        0       12        0
  153.000        0        0        0        0        0       12        0       12        0
  154.000        0        0        0        0        0       12        0       12        0
  155.000        0        0        0        0        0       12        0       12        0
  156.000        0        0        0        0        0       12        0       12        0
  157.000        0        0        0        0        0       12        0       12        0
  158.000        0        0        0        0        0       12        0       12        0
  159.000        0        0        0        0        0       12        0       12        0
  160.000        0        0        0        0        0       12        0       12        0
  161.000        0        0        0        0        0       12        0       12        0
  162.000        0        0        0        0        0       12        0       12        0
  163.000        1        0        1        0        0       13        0       13        0
  164.000        0        0        0        0        0       13        0       13        0
  165.000        0        0        0        0        0       13        0       13        0
  166.000        0        0        0        0        0       13        0       13        0
  167.000        0        0        0        0        0       13        0       13        0
  168.000        0        0        0        0        0       13        0       13        0
  169.000        0        0        0        0        0       13        0       13        0
  170.000        0        0        0        0        0       13        0       13        0
  171.000        3        0        3        0        0       16        0       16        0
  172.000        0        0        0        0        0       16        0       16        0
  173.000        0        0        0        0        0       16        0       16        0
  174.000        2        0        2        0        0       18        0       18        0
  175.000        3        0        3        0        0       21        0       21        0
  176.000        0        0        0        0        0       21        0       21        0
  177.000        0        0        0        0        0       21        0       21        0
  178.000        0        0        0        0        0       21        0       21        0
  179.000        0        0        0        0        0       21        0       21        0
  180.000        0        0        0        0        0       21        0       21        0
  181.000        1        0        1        0        0       22        0       22        0
  182.000        1        0        1        0        0       23        0       23        0
  183.000        0        0        0        0        0       23        0       23        0
  184.000        0        0        0        0        0       23        0       23        0
  185.000        0        0        0        0        0       23        0       23        0
  186.000        0        0        0        0        0       23        0       23        0
  187.000        0        0        0        0        0       23        0       23        0
  188.000        0        0        0        0        0       23        0       23        0
  189.000        0        0        0        0        0       23        0       23        0
  190.000        0        0        0        0        0       23        0       23        0
  191.000        0        0        0        0        0       23        0       23        0
  192.000        0        0        0        0        0       23        0       23        0
  193.000        0        0        0        0        0       23        0       23        0
  194.000        0        0        0        0        0       23        0       23        0
  195.000        0        0        0        0        0       23        0       23        0
  196.000        0        0        0        0        0       23        0       23        0
  197.000        0        0        0        0        0       23        0       23        0
  198.000        0        0        0        0        0       23        0       23        0
  199.000        0        0        0        0        0       23        0       23        0
  200.000        0        0        0        0        0       23        0       23        0
  201.000        0        0        0        0        0       23        0       23        0
  202.000        0        0        0        0        0       23        0       23        0
  203.000        0        0        0        0        0       23        0       23        0
  204.000        0        0        0        0        0       23        0       23        0
  205.000        0        0        0        0        0       23        0       23        0
  206.000        0        0        0        0        0       23        0       23        0
  207.000        0        0        0        0        0       23        0       23        0
  208.000        0        0        0        0        0       23        0       23        0
  209.000        0        0        0        0        0       23        0       23        0
  210.000        0        0        0        0        0       23        0       23        0
  211.000        0        0        0        0        0       23        0       23        0
  212.000        0        0        0        0        0       23        0       23        0
  213.000        0        0        0        0        0       23        0       23        0
  214.000        0        0        0        0        0       23        0       23        0
  215.000        0        0        0        0        0       23        0       23        0
  216.000        0        0        0        0        0       23        0       23        0
  217.000        0        0        0        0        0       23        0       23        0
  218.000        0        0        0        0        0       23        0       23        0
  219.000        0        0        0        0        0       23        0       23        0
  220.000        0        0        0        0        0       23        0       23        0
  221.000        0        0        0        0        0       23        0       23        0
  222.000        0        0        0        0        0       23        0       23        0
  223.000        0        0        0        0        0       23        0       23        0
  224.000        0        0        0        0        0       23        0       23        0
  225.000        0        0        0        0        0       23        0       23        0
  226.000        0        0        0        0        0       23        0       23        0
  227.000        0        0        0        0        0       23        0       23        0
  228.000        0        0        0        0        0       23        0       23        0
  229.000        0        0        0        0        0       23        0       23        0
  230.000        0        0        0        0        0       23        0       23        0
  231.000        0        0        0        0        0       23        0       23        0
  232.000        0        0        0        0        0       23        0       23        0
  233.000        0        0        0        0        0       23        0       23        0
  234.000        0        0        0        0        0       23        0       23        0
  235.000        0        0        0        0        0       23        0       23        0
  236.000        0        0        0        0        0       23        0       23        0
  237.000        0        0        0        0        0       23        0       23        0
  238.000        0        0        0        0        0       23        0       23        0
  239.000        0        0        0        0        0       23        0       23        0
  240.000        0        0        0        0        0       23        0       23        0
  241.000        0        0        0        0        0       23        0       23        0
  242.000        0        0        0        0        0       23        0       23        0
  243.000        0        0        0        0        0       23        0       23        0
  244.000        0        0        0        0        0       23        0       23        0
  245.000        0        0        0        0        0       23        0       23        0
  246.000        0        0        0        0        0       23        0       23        0
  247.000        0        0        0        0        0       23        0       23        0
  248.000        0        0        0        0        0       23        0       23        0
  249.000        0        0        0        0        0       23        0       23        0
  250.000        0        0        0        0        0       23        0       23        0
  251.000        0        0        0        0        0       23        0       23        0
  252.000        0        0        0        0        0       23        0       23        0
  253.000        0        0        0        0        0       23        0       23        0
  254.000        0        0        0        0        0       23        0       23        0
  255.000        0        0        0        0        0       23        0       23        0
  256.000        0        0        0        0        0       23        0       23        0
  257.000        0        0        0        0        0       23        0       23        0
  258.000        0        0        0        0        0       23        0       23        0
  259.000        0        0        0        0        0       23        0       23        0
  260.000        0        0        0        0        0       23        0       23        0
  261.000        0        0        0        0        0       23        0       23        0
  262.000        2        0        2        0        0       25        0       25        0
  263.000        0        0        0        0        0       25        0       25        0
  264.000        2        0        2        0        0       27        0       27        0
  265.000        1        0        1        0        0       28        0       28        0
  266.000        1        0        1        0        0       29        0       29        0
  267.000        2        0        2        0        0       31        0       31        0
  268.000        0        0        0        0        0       31        0       31        0
  269.000        0        0        0        0        0       31        0       31        0
  270.000        1        0        1        0        0       32        0       32        0
  271.000        1        0        1        0        0       33        0       33        0
  272.000        3        0        3        0        0       36        0       36        0
  273.000        0        0        0        0        0       36        0       36        0
  274.000        0        0        0        0        0       36        0       36        0
  275.000        0        0        0        0        0       36        0       36        0
  276.000        0        0        0        0        0       36        0       36        0
  277.000        0        0        0        0        0       36        0       36        0
  278.000        0        0        0        0        0       36        0       36        0
  279.000        0        0        0        0        0       36        0       36        0
  280.000        0        0        0        0        0       36        0       36        0
  281.000        0        0        0        0        0       36        0       36        0
  282.000        0        0        0        0        0       36        0       36        0
  283.000        1        0        1        0        0       37        0       37        0
  284.000        0        0        0        0        0       37        0       37        0
  285.000        0        0        0        0        0       37        0       37        0
  286.000        0        0        0        0        0       37        0       37        0
  287.000        2        0        2        0        0       39        0       39        0
  288.000        0        0        0        0        0       39        0       39        0
  289.000        1        0        1        0        0       40        0       40        0
  290.000        0        0        0        0        0       40        0       40        0
  291.000        0        0        0        0        0       40        0       40        0
  292.000        0        0        0        0        0       40        0       40        0
  293.000        0        0        0        0        0       40        0       40        0
  294.000        3        0        3        0        0       43        0       43        0
  295.000        0        0        0        0        0       43        0       43        0
  296.000        0        0        0        0        0       43        0       43        0
  297.000        0        0        0        0        0       43        0       43        0
  298.000        0        0        0        0        0       43        0       43        0
  299.000        0        0        0        0        0       43        0       43        0
  300.000        0        0        0        0        0       43        0       43        0
  301.000        0        0        0        0        0       43        0       43        0
  302.000        0        0        0        0        0       43        0       43        0
  303.000        0        0        0        0        0       43        0       43        0
  304.000        0        0        0        0        0       43        0       43        0
  305.000        0        0        0        0        0       43        0       43        0
  306.000        0        0        0        0        0       43        0       43        0
  307.000        0        0        0        0        0       43        0       43        0
  308.000        0        0        0        0        0       43        0       43        0
  309.000        0        0        0        0        0       43        0       43        0
  310.000        0        0        0        0        0       43        0       43        0
  311.000        0        0        0        0        0       43        0       43        0
  312.000        0        0        0        0        0       43        0       43        0
  313.000        0        0        0        0        0       43        0       43        0
  314.000        0        0        0        0        0       43        0       43        0
  315.000        0        0        0        0        0       43        0       43        0
  316.000        0        0        0        0        0       43        0       43        0
  317.000        1        0        1        0        0       44        0       44        0
  318.000        0        0        0        0        0       44        0       44        0
  319.000        0        0        0        0        0       44        0       44        0
  320.000        0        0        0        0        0       44        0       44        0
  321.000        0        0        0        0        0       44        0       44        0
  322.000        1        0        1        0        0       45        0       45        0
  323.000        1        0        1        0        0       46        0       46        0
  324.000        0        0        0        0        0       46        0       46        0
  325.000        0        0        0        0        0       46        0       46        0
  326.000        0        0        0        0        0       46        0       46        0
  327.000        2        0        2        0        0       48        0       48        0
  328.000        0        0        0        0        0       48        0       48        0
  329.000        2        0        2        0        0       50        0       50        0
  330.000        0        0        0        0        0       50        0       50        0
  331.000        0        0        0        0        0       50        0       50        0
  332.000        0        0        0        0        0       50        0       50        0
  333.000        0        0        0        0        0       50        0       50        0
  334.000        0        0        0        0        0       50        0       50        0
  335.000        3        0        3        0        0       53        0       53        0
  336.000        0        0        0        0        0       53        0       53        0
  337.000        0        0        0        0        0       53        0       53        0
  338.000        1        0        1        0        0       54        0       54        0
  339.000        0        0        0        0        0       54        0       54        0
  340.000        0        0        0        0        0       54        0       54        0
  341.000        1        0        1        0        0       55        0       55        0
  342.000        0        0        0        0        0       55        0       55        0
  343.000        0        0        0        0        0       55        0       55        0
  344.000        0        0        0        0        0       55        0       55        0
  345.000        0        0        0        0        0       55        0       55        0
  346.000        0        0        0        0        0       55        0       55        0
  347.000        0        0        0        0        0       55        0       55        0
  348.000        0        0        0        0        0       55        0       55        0
  349.000        0        0        0        0        0       55        0       55        0
  350.000        0        0        0        0        0       55        0       55        0
  351.000        0        0        0        0        0       55        0       55        0
  352.000        0        0        0        0        0       55        0       55        0
  353.000        0        0        0        0        0       55        0       55        0
  354.000        0        0        0        0        0       55        0       55        0
  355.000        0        0        0        0        0       55        0       55        0
  356.000        0        0        0        0        0       55        0       55        0
  357.000        1        0        1        0        0       56        0       56        0
  358.000        0        0        0        0        0       56        0       56        0
  359.000        1        0        1        0        0       57        0       57        0
  360.000        0        0        0        0        0       57        0       57        0
  361.000        0        0        0        0        0       57        0       57        0
  362.000        0        0        0        0        0       57        0       57        0
  363.000        0        0        0        0        0       57        0       57        0
  364.000        0        0        0        0        0       57        0       57        0
  365.000        0        0        0        0        0       57        0       57        0
  366.000        0        0        0        0        0       57        0       57        0
  367.000        0        0        0        0        0       57        0       57        0
  368.000        0        0        0        0        0       57        0       57        0
  369.000        1        0        1        0        0       58        0       58        0
  370.000        0        0        0        0        0       58        0       58        0
  371.000        0        0        0        0        0       58        0       58        0
  372.000        0        0        0        0        0       58        0       58        0
  373.000        0        0        0        0        0       58        0       58        0
  374.000        0        0        0        0        0       58        0       58        0
  375.000        1        0        1        0        0       59        0       59        0
  376.000        1        0        1        0        0       60        0       60        0
  377.000        3        0        3        0        0       63        0       63        0
  378.000        0        0        0        0        0       63        0       63        0
  379.000        0        0        0        0        0       63        0       63        0
  380.000        1        0        1        0        0       64        0       64        0
  381.000        0        0        0        0        0       64        0       64        0
  382.000        0        0        0        0        0       64        0       64        0
  383.000        0        0        0        0        0       64        0       64        0
  384.000        0        0        0        0        0       64        0       64        0
  385.000        0        0        0        0        0       64        0       64        0
  386.000        0        0        0        0        0       64        0       64        0
  387.000        1        0        1        0        0       65        0       65        0
  388.000        0        0        0        0        0       65        0       65        0
  389.000        0        0        0        0        0       65        0       65        0
  390.000        0        0        0        0        0       65        0       65        0
  391.000        0        0        0        0        0       65        0       65        0
  392.000        0        0        0        0        0       65        0       65        0
  393.000        0        0        0        0        0       65        0       65        0
  394.000        0        0        0        0        0       65        0       65        0
  395.000        0        0        0        0        0       65        0       65        0
  396.000        0        0        0        0        0       65        0       65        0
  397.000        0        0        0        0        0       65        0       65        0
  398.000        0        0        0        0        0       65        0       65        0
  399.000        0        0        0        0        0       65        0       65        0
  400.000        0        0        0        0        0       65        0       65        0
  401.000        0        0        0        0        0       65        0       65        0
  402.000        0        0        0        0        0       65        0       65        0
  403.000        0        0        0        0        0       65        0       65        0
  404.000        0        0        0        0        0       65        0       65        0
  405.000        0        0        0        0        0       65        0       65        0
  406.000        0        0        0        0        0       65        0       65        0
  407.000        0        0        0        0        0       65        0       65        0
  408.000        0        0        0        0        0       65        0       65        0
  409.000        0        0        0        0        0       65        0       65        0
  410.000        0        0        0        0        0       65        0       65        0
  411.000        1        0        1        0        0       66        0       66        0
  412.000        1        0        1        0        0       67        0       67        0
  413.000        0        0        0        0        0       67        0       67        0
  414.000        0        0        0        0        0       67        0       67        0
  415.000        1        0        1        0        0       68        0       68        0
  416.000        0        0        0        0        0       68        0       68        0
  417.000        0        0        0        0        0       68        0       68        0
  418.000        0        0        0        0        0       68        0       68        0
  419.000        0        0        0        0        0       68        0       68        0
  420.000        0        0        0        0        0       68        0       68        0
  421.000        0        0        0        0        0       68        0       68        0
  422.000        0        0        0        0        0       68        0       68        0
  423.000        0        0        0        0        0       68        0       68        0
  424.000        0        0        0        0        0       68        0       68        0
  425.000        0        0        0        0        0       68        0       68        0
  426.000        0        0        0        0        0       68        0       68        0
  427.000        0        0        0        0        0       68        0       68        0
  428.000        0        0        0        0        0       68        0       68        0
  429.000        0        0        0        0        0       68        0       68        0
  430.000        0        0        0        0        0       68        0       68        0
  431.000        1        0        1        0        0       69        0       69        0
  432.000        0        0        0        0        0       69        0       69        0
  433.000        2        0        2        0        0       71        0       71        0
  434.000        0        0        0        0        0       71        0       71        0
  435.000        1        0        1        0        0       72        0       72        0
  436.000        1        0        1        0        0       73        0       73        0
  437.000        1        0        1        0        0       74        0       74        0
  438.000        1        0        1        0        0       75        0       75        0
  439.000        0        0        0        0        0       75        0       75        0
  440.000        0        0        0        0        0       75        0       75        0
  441.000        0        0        0        0        0       75        0       75        0
  442.000        0        0        0        0        0       75        0       75        0
  443.000        0        0        0        0        0       75        0       75        0
  444.000        0        0        0        0        0       75        0       75        0
  445.000        0        0        0        0        0       75        0       75        0
  446.000        0        0        0        0        0       75        0       75        0
  447.000        0        0        0        0        0       75        0       75        0
  448.000        0        0        0        0        0       75        0       75        0
  449.000        0        0        0        0        0       75        0       75        0
  450.000        0        0        0        0        0       75        0       75        0
  451.000        0        0        0        0        0       75        0       75        0
  452.000        0        0        0        0        0       75        0       75        0
  453.000        0        0        0        0        0       75        0       75        0
  454.000        0        0        0        0        0       75        0       75        0
  455.000        0        0        0        0        0       75        0       75        0
  456.000        0        0        0        0        0       75        0       75        0
  457.000        0        0        0        0        0       75        0       75        0
  458.000        0        0        0        0        0       75        0       75        0
  459.000        0        0        0        0        0       75        0       75        0
  460.000        0        0        0        0        0       75        0       75        0
  461.000        0        0        0        0        0       75        0       75        0
  462.000        0        0        0        0        0       75        0       75        0
  463.000        0        0        0        0        0       75        0       75        0
  464.000        0        0        0        0        0       75        0       75        0
  465.000        0        0        0        0        0       75        0       75        0
  466.000        0        0        0        0        0       75        0       75        0
  467.000        0        0        0        0        0       75        0       75        0
  468.000        0        0        0        0        0       75        0       75        0
  469.000        0        0        0        0        0       75        0       75        0
  470.000        0        0        0        0        0       75        0       75        0
  471.000        0        0        0        0        0       75        0       75        0
  472.000        0        0        0        0        0       75        0       75        0
  473.000        0        0        0        0        0       75        0       75        0
  474.000        0        0        0        0        0       75        0       75        0
  475.000        0        0        0        0        0       75        0       75        0
  476.000        0        0        0        0        0       75        0       75        0
  477.000        0        0        0        0        0       75        0       75        0
  478.000        0        0        0        0        0       75        0       75        0
  479.000        0        0        0        0        0       75        0       75        0
  480.000        0        0        0        0        0       75        0       75        0
  481.000        0        0        0        0        0       75        0       75        0
  482.000        0        0        0        0        0       75        0       75        0
  483.000        0        0        0        0        0       75        0       75        0
  484.000        0        0        0        0        0       75        0       75        0
  485.000        0        0        0        0        0       75        0       75        0
  486.000        0        0        0        0        0       75        0       75        0
  487.000        1        0        1        0        0       76        0       76        0
  488.000        0        0        0        0        0       76        0       76        0
  489.000        2        0        2        0        0       78        0       78        0
  490.000        0        0        0        0        0       78        0       78        0
  491.000        0        0        0        0        0       78        0       78        0
  492.000        0        0        0        0        0       78        0       78        0
  493.000        0        0        0        0        0       78        0       78        0
  494.000        0        0        0        0        0       78        0       78        0
  495.000        0        0        0        0        0       78        0       78        0
  496.000        0        0        0        0        0       78        0       78        0
  497.000        0        0        0        0        0       78        0       78        0
  498.000        0        0        0        0        0       78        0       78        0
  499.000        0        0        0        0        0       78        0       78        0
  500.000        0        0        0        0        0       78        0       78        0
  501.000        0        0        0        0        0       78        0       78        0
  502.000        0        0        0        0        0       78        0       78        0
  503.000        0        0        0        0        0       78        0       78        0
  504.000        0        0        0        0        0       78        0       78        0
  505.000        0        0        0        0        0       78        0       78        0
  506.000        0        0        0        0        0       78        0       78        0
  507.000        0        0        0        0        0       78        0       78        0
  508.000        0        0        0        0        0       78        0       78        0
  509.000        0        0        0        0        0       78        0       78        0
  510.000        0        0        0        0        0       78        0       78        0
  511.000        0        0        0        0        0       78        0       78        0
  512.000        0        0        0        0        0       78        0       78        0
  513.000        0        0        0        0        0       78        0       78        0
  514.000        0        0        0        0        0       78        0       78        0
  515.000        0        0        0        0        0       78        0       78        0
  516.000        0        0        0        0        0       78        0       78        0
  517.000        0        0        0        0        0       78        0       78        0
  518.000        0        0        0        0        0       78        0       78        0
  519.000        0        0        0        0        0       78        0       78        0
  520.000        0        0        0        0        0       78        0       78        0
  521.000        0        0        0        0        0       78        0       78        0
  522.000        0        0        0        0        0       78        0       78        0
  523.000        0        0        0        0        0       78        0       78        0
  524.000        0        0        0        0        0       78        0       78        0
  525.000        0        0        0        0        0       78        0       78        0
  526.000        0        0        0        0        0       78        0       78        0
  527.000        0        0        0        0        0       78        0       78        0
  528.000        0        0        0        0        0       78        0       78        0
  529.000        0        0        0        0        0       78        0       78        0
  530.000        0        0        0        0        0       78        0       78        0
  531.000        0        0        0        0        0       78        0       78        0
  532.000        0        0        0        0        0       78        0       78        0
  533.000        0        0        0        0        0       78        0       78        0
  534.000        0        0        0        0        0       78        0       78        0
  535.000        0        0        0        0        0       78        0       78        0
  536.000        0        0        0        0        0       78        0       78        0
  537.000        0        0        0        0        0       78        0       78        0
  538.000        0        0        0        0        0       78        0       78        0
  539.000        0        0        0        0        0       78        0       78        0
  540.000        0        0        0        0        0       78        0       78        0
  541.000        0        0        0        0        0       78        0       78        0
  542.000        0        0        0        0        0       78        0       78        0
  543.000        0        0        0        0        0       78        0       78        0
  544.000        0        0        0        0        0       78        0       78        0
  545.000        0        0        0        0        0       78        0       78        0
  546.000        0        0        0        0        0       78        0       78        0
  547.000        0        0        0        0        0       78        0       78        0
  548.000        0        0        0        0        0       78        0       78        0
  549.000        0        0        0        0        0       78        0       78        0
  550.000        0        0        0        0        0       78        0       78        0
  551.000        0        0        0        0        0       78        0       78        0
  552.000        0        0        0        0        0       78        0       78        0
  553.000        0        0        0        0        0       78        0       78        0
  554.000        0        0        0        0        0       78        0       78        0
  555.000        0        0        0        0        0       78        0       78        0
  556.000        0        0        0        0        0       78        0       78        0
  557.000        0        0        0        0        0       78        0       78        0
  558.000        0        0        0        0        0       78        0       78        0
  559.000        0        0        0        0        0       78        0       78        0
  560.000        0        0        0        0        0       78        0       78        0
  561.000        0        0        0        0        0       78        0       78        0
  562.000        0        0        0        0        0       78        0       78        0
  563.000        0        0        0        0        0       78        0       78        0
  564.000        0        0        0        0        0       78        0       78        0
  565.000        0        0        0        0        0       78        0       78        0
  566.000        0        0        0        0        0       78        0       78        0
  567.000        0        0        0        0        0       78        0       78        0
  568.000        0        0        0        0        0       78        0       78        0
  569.000        0        0        0        0        0       78        0       78        0
  570.000        0        0        0        0        0       78        0       78        0
  571.000        0        0        0        0        0       78        0       78        0
  572.000        0        0        0        0        0       78        0       78        0
  573.000        0        0        0        0        0       78        0       78        0
  574.000        0        0        0        0        0       78        0       78        0
  575.000        0        0        0        0        0       78        0       78        0
  576.000        0        0        0        0        0       78        0       78        0
  577.000        0        0        0        0        0       78        0       78        0
  578.000        0        0        0        0        0       78        0       78        0
  579.000        0        0        0        0        0       78        0       78        0
  580.000        0        0        0        0        0       78        0       78        0
  581.000        0        0        0        0        0       78        0       78        0
  582.000        0        0        0        0        0       78        0       78        0
  583.000        0        0        0        0        0       78        0       78        0
  584.000        0        0        0        0        0       78        0       78        0
  585.000        0        0        0        0        0       78        0       78        0
  586.000        0        0        0        0        0       78        0       78        0
  587.000        0        0        0        0        0       78        0       78        0
  588.000        0        0        0        0        0       78        0       78        0
  589.000        0        0        0        0        0       78        0       78        0
  590.000        0        0        0        0        0       78        0       78        0
  591.000        0        0        0        0        0       78        0       78        0
  592.000        0        0        0        0        0       78        0       78        0
  593.000        0        0        0        0        0       78        0       78        0
  594.000        0        0        0        0        0       78        0       78        0
  595.000        0        0        0        0        0       78        0       78        0
  596.000        0        0        0        0        0       78        0       78        0
  597.000        0        0        0        0        0       78        0       78        0
  598.000        0        0        0        0        0       78        0       78        0
  599.000        0        0        0        0        0       78        0       78        0
  600.000        0        0        0        0        0       78        0       78        0
  601.000        0        0        0        0        0       78        0       78        0
  602.000        0        0        0        0        0       78        0       78        0
  603.000        0        0        0        0        0       78        0       78        0
  604.000        0        0        0        0        0       78        0       78        0
  605.000        0        0        0        0        0       78        0       78        0
  606.000        0        0        0        0        0       78        0       78        0
  607.000        0        0        0        0        0       78        0       78        0
  608.000        0        0        0        0        0       78        0       78        0
  609.000        0        0        0        0        0       78        0       78        0
  610.000        0        0        0        0        0       78        0       78        0
  611.000        0        0        0        0        0       78        0       78        0
  612.000        0        0        0        0        0       78        0       78        0
  613.000        0        0        0        0        0       78        0       78        0
  614.000        0        0        0        0        0       78        0       78        0
  615.000        0        0        0        0        0       78        0       78        0
  616.000        0        0        0        0        0       78        0       78        0
  617.000        0        0        0        0        0       78        0       78        0
  618.000        0        0        0        0        0       78        0       78        0
  619.000        0        0        0        0        0       78        0       78        0
  620.000        0        0        0        0        0       78        0       78        0
  621.000        0        0        0        0        0       78        0       78        0
  622.000        0        0        0        0        0       78        0       78        0
  623.000        0        0        0        0        0       78        0       78        0
  624.000        0        0        0        0        0       78        0       78        0
  625.000        0        0        0        0        0       78        0       78        0
  626.000        0        0        0        0        0       78        0       78        0
  627.000        0        0        0        0        0       78        0       78        0
  628.000        0        0        0        0        0       78        0       78        0
  629.000        0        0        0        0        0       78        0       78        0
  630.000        0        0        0        0        0       78        0       78        0
  631.000        0        0        0        0        0       78        0       78        0
  632.000        0        0        0        0        0       78        0       78        0
  633.000        0        0        0        0        0       78        0       78        0
  634.000        0        0        0        0        0       78        0       78        0
  635.000        0        0        0        0        0       78        0       78        0
  636.000        0        0        0        0        0       78        0       78        0
  637.000        0        0        0        0        0       78        0       78        0
  638.000        0        0        0        0        0       78        0       78        0
  639.000        0        0        0        0        0       78        0       78        0
  640.000        0        0        0        0        0       78        0       78        0
  641.000        0        0        0        0        0       78        0       78        0
  642.000        0        0        0        0        0       78        0       78        0
  643.000        0        0        0        0        0       78        0       78        0
  644.000        0        0        0        0        0       78        0       78        0
  645.000        0        0        0        0        0       78        0       78        0
  646.000        0        0        0        0        0       78        0       78        0
  647.000        0        0        0        0        0       78        0       78        0
  648.000        0        0        0        0        0       78        0       78        0
  649.000        0        0        0        0        0       78        0       78        0
  650.000        0        0        0        0        0       78        0       78        0
  651.000        0        0        0        0        0       78        0       78        0
  652.000        0        0        0        0        0       78        0       78        0
  653.000        0        0        0        0        0       78        0       78        0
  654.000        0        0        0        0        0       78        0       78        0
  655.000        0        0        0        0        0       78        0       78        0
  656.000        0        0        0        0        0       78        0       78        0
  657.000        0        0        0        0        0       78        0       78        0
  658.000        0        0        0        0        0       78        0       78        0
  659.000        0        0        0        0        0       78        0       78        0
  660.000        0        0        0        0        0       78        0       78        0
  661.000        0        0        0        0        0       78        0       78        0
  662.000        0        0        0        0        0       78        0       78        0
  663.000        0        0        0        0        0       78        0       78        0
  664.000        0        0        0        0        0       78        0       78        0
  665.000        0        0        0        0        0       78        0       78        0
  666.000        0        0        0        0        0       78        0       78        0
  667.000        0        0        0        0        0       78        0       78        0
  668.000        0        0        0        0        0       78        0       78        0
  669.000        0        0        0        0        0       78        0       78        0
  670.000        0        0        0        0        0       78        0       78        0
  671.000        0        0        0        0        0       78        0       78        0
  672.000        0        0        0        0        0       78        0       78        0
  673.000        0        0        0        0        0       78        0       78        0
  674.000        0        0        0        0        0       78        0       78        0
  675.000        0        0        0        0        0       78        0       78        0
  676.000        0        0        0        0        0       78        0       78        0
  677.000        0        0        0        0        0       78        0       78        0
  678.000        0        0        0        0        0       78        0       78        0
  679.000        0        0        0        0        0       78        0       78        0
  680.000        0        0        0        0        0       78        0       78        0
  681.000        0        0        0        0        0       78        0       78        0
  682.000        0        0        0        0        0       78        0       78        0
  683.000        0        0        0        0        0       78        0       78        0
  684.000        0        0        0        0        0       78        0       78        0
  685.000        0        0        0        0        0       78        0       78        0
  686.000        0        0        0        0        0       78        0       78        0
  687.000        0        0        0        0        0       78        0       78        0
  688.000        0        0        0        0        0       78        0       78        0
  689.000        0        0        0        0        0       78        0       78        0
  690.000        0        0        0        0        0       78        0       78        0
  691.000        0        0        0        0        0       78        0       78        0
  692.000        0        0        0        0        0       78        0       78        0
  693.000        0        0        0        0        0       78        0       78        0
  694.000        0        0        0        0        0       78        0       78        0
  695.000        0        0        0        0        0       78        0       78        0
  696.000        0        0        0        0        0       78        0       78        0
  697.000        0        0        0        0        0       78        0       78        0
  698.000        0        0        0        0        0       78        0       78        0
  699.000        0        0        0        0        0       78        0       78        0
  700.000        0        0        0        0        0       78        0       78        0
  701.000        0        0        0        0        0       78        0       78        0
  702.000        0        0        0        0        0       78        0       78        0
  703.000        0        0        0        0        0       78        0       78        0
  704.000        0        0        0        0        0       78        0       78        0
  705.000        0        0        0        0        0       78        0       78        0
  706.000        0        0        0        0        0       78        0       78        0
  707.000        0        0        0        0        0       78        0       78        0
  708.000        0        0        0        0        0       78        0       78        0
  709.000        0        0        0        0        0       78        0       78        0
  710.000        0        0        0        0        0       78        0       78        0
  711.000        0        0        0        0        0       78        0       78        0
  712.000        0        0        0        0        0       78        0       78        0
  713.000        0        0        0        0        0       78        0       78        0
  714.000        0        0        0        0        0       78        0       78        0
  715.000        0        0        0        0        0       78        0       78        0
  716.000        0        0        0        0        0       78        0       78        0
  717.000        0        0        0        0        0       78        0       78        0
  718.000        0        0        0        0        0       78        0       78        0
  719.000        0        0        0        0        0       78        0       78        0
  720.000        0        0        0        0        0       78        0       78        0
  721.000        0        0        0        0        0       78        0       78        0
  722.000        0        0        0        0        0       78        0       78        0
  723.000        0        0        0        0        0       78        0       78        0
  724.000        0        0        0        0        0       78        0       78        0
  725.000        0        0        0        0        0       78        0       78        0
  726.000        0        0        0        0        0       78        0       78        0
  727.000        0        0        0        0        0       78        0       78        0
  728.000        0        0        0        0        0       78        0       78        0
  729.000        0        0        0        0        0       78        0       78        0
  730.000        0        0        0        0        0       78        0       78        0
  731.000        0        0        0        0        0       78        0       78        0
  732.000        0        0        0        0        0       78        0       78        0
  733.000        0        0        0        0        0       78        0       78        0
  734.000        0        0        0        0        0       78        0       78        0
  735.000        0        0        0        0        0       78        0       78        0
  736.000        0        0        0        0        0       78        0       78        0
  737.000        0        0        0        0        0       78        0       78        0
  738.000        0        0        0        0        0       78        0       78        0
  739.000        0        0        0        0        0       78        0       78        0
  740.000        0        0        0        0        0       78        0       78        0
  741.000        0        0        0        0        0       78        0       78        0
  742.000        0        0        0        0        0       78        0       78        0
  743.000        0        0        0        0        0       78        0       78        0
  744.000        0        0        0        0        0       78        0       78        0
  745.000        0        0        0        0        0       78        0       78        0
  746.000        0        0        0        0        0       78        0       78        0
  747.000        0        0        0        0        0       78        0       78        0
  748.000        0        0        0        0        0       78        0       78        0
  749.000        0        0        0        0        0       78        0       78        0
  750.000        0        0        0        0        0       78        0       78        0
  751.000        0        0        0        0        0       78        0       78        0
  752.000        0        0        0        0        0       78        0       78        0
  753.000        0        0        0        0        0       78        0       78        0
  754.000        0        0        0        0        0       78        0       78        0
  755.000        0        0        0        0        0       78        0       78        0
  756.000        0        0        0        0        0       78        0       78        0
  757.000        0        0        0        0        0       78        0       78        0
  758.000        0        0        0        0        0       78        0       78        0
  759.000        0        0        0        0        0       78        0       78        0
  760.000        0        0        0        0        0       78        0       78        0
  761.000        0        0        0        0        0       78        0       78        0
  762.000        0        0        0        0        0       78        0       78        0
  763.000        0        0        0        0        0       78        0       78        0
  764.000        0        0        0        0        0       78        0       78        0
  765.000        0        0        0        0        0       78        0       78        0
  766.000        0        0        0        0        0       78        0       78        0
  767.000        0        0        0        0        0       78        0       78        0
  768.000        0        0        0        0        0       78        0       78        0
  769.000        0        0        0        0        0       78        0       78        0
  770.000        0        0        0        0        0       78        0       78        0
  771.000        0        0        0        0        0       78        0       78        0
  772.000        0        0        0        0        0       78        0       78        0
  773.000        0        0        0        0        0       78        0       78        0
  774.000        0        0        0        0        0       78        0       78        0
  775.000        0        0        0        0        0       78        0       78        0
  776.000        0        0        0        0        0       78        0       78        0
  777.000        0        0        0        0        0       78        0       78        0
  778.000        0        0        0        0        0       78        0       78        0
  779.000        0        0        0        0        0       78        0       78        0
  780.000        0        0        0        0        0       78        0       78        0
  781.000        0        0        0        0        0       78        0       78        0
  782.000        0        0        0        0        0       78        0       78        0
  783.000        0        0        0        0        0       78        0       78        0
  784.000        0        0        0        0        0       78        0       78        0
  785.000        0        0        0        0        0       78        0       78        0
  786.000        0        0        0        0        0       78        0       78        0
  787.000        0        0        0        0        0       78        0       78        0
  788.000        0        0        0        0        0       78        0       78        0
  789.000        0        0        0        0        0       78        0       78        0
  790.000        0        0        0        0        0       78        0       78        0
  791.000        0        0        0        0        0       78        0       78        0
  792.000        0        0        0        0        0       78        0       78        0
  793.000        0        0        0        0        0       78        0       78        0
  794.000        0        0        0        0        0       78        0       78        0
  795.000        0        0        0        0        0       78        0       78        0
  796.000        0        0        0        0        0       78        0       78        0
  797.000        0        0        0        0        0       78        0       78        0
  798.000        0        0        0        0        0       78        0       78        0
  799.000        0        0        0        0        0       78        0       78        0
  800.000        0        0        0        0        0       78        0       78        0
