  TimeSec      LoaKbps LoaUsag Packets DlyUsec LoaDrps MetDrps TabDrps FloMods MetMods GroMods  PktsIn PktsOut FloEntr FloUsag MetEntr MetUsag GroEntr GroUsag BufPkts BufUsag  T0Entr  T0Usag
    1.000        0.000       0       0      34       0       0       0       4       0       0       0       0       3       0       0       0       0       0       0       0       3       0
    2.000      143.776       0      13      43       0       0       0       1       0       0       1       1       4       0       0       0       0       0       0       0       4       0
    3.000     3612.384       0     299      58       0       0       0       2       0       0       2       2       6       0       0       0       0       0       0       0       6       0
    4.000     7008.224       0     579      71       0       0       0       8       0       0       8       8      11       0       0       0       0       0       0       0      11       0
    5.000    14745.888       0    1217      92       0       0       0       4       0       0       4       4      16       0       0       0       0       0       0       0      16       0
    6.000    18032.576       0    1488      99       0       0       0       4       0       0       4       4      21       0       0       0       0       0       0       0      21       0
    7.000    19839.648       0    1637      99       0       0       0       3       0       0       3       3      25       0       0       0       0       0       0       0      25       0
    8.000    21222.240       0    1751      99       0       0       0       5       0       0       5       5      29       0       0       0       0       0       0       0      29       0
    9.000    23914.656       0    1973     116       0       0       0       7       0       0       7       7      34       0       0       0       0       0       0       0      34       0
   10.000    31033.792       0    2560     119       0       0       0       7       0       0       7       7      42       0       0       0       0       0       0       0      42       0
   11.000    37279.712       0    3075     119       0       0       0       6       0       0       6       6      49       0       0       0       0       0       0       0      49       0
   12.000    39171.680       0    3231     119       0       0       0       2       0       0       2       2      52       0       0       0       0       0       0       0      52       0
   13.000    42688.800       0    3521     120       0       0       0       5       0       0       5       5      56       0       0       0       0       0       0       0      56       0
   14.000    46484.864       0    3834     120       0       0       0       6       0       0       6       6      61       0       0       0       0       0       0       0      61       0
   15.000    52209.280       0    4306     136       0       0       0       5       0       0       5       5      67       0       0       0       0       0       0       0      67       0
   16.000    59207.136       0    4883     139       0       0       0       4       0       0       4       4      71       0       0       0       0       0       0       0      71       0
   17.000    63973.440       0    5276     139       0       0       0       6       0       0       6       6      75       0       0       0       0       0       0       0      75       0
   18.000    72560.064       0    5984     139       0       0       0       8       0       0       8       8      82       0       0       0       0       0       0       0      82       0
   19.000    78915.136       0    6508     140       0       0       0       5       0       0       5       5      90       0       0       0       0       0       0       0      90       0
   20.000    83293.344       0    6869     140       0       0       0       6       0       0       6       6      95       0       0       0       0       0       0       0      95       0
   21.000    86022.144       0    7094     140       0       0       0       7       0       0       7       7     101       0       0       0       0       0       0       0     101       0
   22.000    91782.944       0    7569     140       0       0       0       6       0       0       6       6     107       0       0       0       0       0       0       0     107       0
   23.000    98889.952       0    8155     140       0       0       0       5       0       0       5       5     113       0       0       0       0       0       0       0     113       0
   24.000   103789.664       0    8559     140       0       0       0       8       0       0       8       8     119       0       0       0       0       0       0       0     119       0
   25.000   110836.032       0    9140     140       0       0       0       3       0       0       3       3     126       0       0       0       0       0       0       0     126       0
   26.000   110872.416       0    9143     140       0       0       0       2       0       0       2       2     128       0       0       0       0       0       0       0     128       0
   27.000   111684.992       0    9210     157       0       0       0       3       0       0       3       3     130       0       0       0       0       0       0       0     130       0
   28.000   115468.928       0    9522     159       0       0       0       3       0       0       3       3     133       0       0       0       0       0       0       0     133       0
   29.000   122127.200       0   10071     159       0       0       0       6       0       0       6       6     139       0       0       0       0       0       0       0     139       0
   30.000   123655.328       0   10197     159       0       0       0       5       0       0       5       5     141       0       0       0       0       0       0       0     141       0
   31.000   125935.392       0   10385     160       0       0       0       4       0       0       4       4     145       0       0       0       0       0       0       0     145       0
   32.000   130531.904       0   10764     160       0       0       0       4       0       0       4       4     150       0       0       0       0       0       0       0     150       0
   33.000   131332.352       0   10830     160       0       0       0       3       0       0       3       3     153       0       0       0       0       0       0       0     153       0
   34.000   132484.512       0   10925     160       0       0       0       3       0       0       3       3     155       0       0       0       0       0       0       0     155       0
   35.000   138536.384       0   11424     160       0       0       0       7       0       0       7       7     159       0       0       0       0       0       0       0     159       0
   36.000   143678.656       0   11848     160       0       0       0       4       0       0       4       4     166       0       0       0       0       0       0       0     166       0
   37.000   145036.992       0   11960     160       0       0       0       3       0       0       3       3     169       0       0       0       0       0       0       0     169       0
   38.000   147753.664       0   12184     160       0       0       0       7       0       0       7       7     172       0       0       0       0       0       0       0     172       0
   39.000   153878.304       0   12689     160       0       0       0       4       0       0       4       4     176       0       0       0       0       0       0       0     176       0
   40.000   161397.664       0   13309     160       0       0       0       8       0       0       8       8     181       0       0       0       0       0       0       0     181       0
   41.000   170263.232       0   14040     160       0       0       0       6       0       0       6       6     186       0       0       0       0       0       0       0     186       0
   42.000   175344.864       0   14459     160       0       0       0       7       0       0       7       7     191       0       0       0       0       0       0       0     191       0
   43.000   181978.880       0   15006     160       0       0       0       4       0       0       4       4     197       0       0       0       0       0       0       0     197       0
   44.000   185277.696       0   15278     160       0       0       0       8       0       0       8       8     203       0       0       0       0       0       0       0     203       0
   45.000   187739.680       0   15481     160       0       0       0       3       0       0       3       3     206       0       0       0       0       0       0       0     206       0
   46.000   191875.328       0   15822     160       0       0       0       7       0       0       7       7     211       0       0       0       0       0       0       0     211       0
   47.000   192457.472       0   15870     160       0       0       0       0       0       0       0       0     213       0       0       0       0       0       0       0     213       0
   48.000   197842.304       0   16314     160       0       0       0       7       0       0       7       7     217       0       0       0       0       0       0       0     217       0
   49.000   201165.376       0   16588     160       0       0       0       2       0       0       2       2     219       0       0       0       0       0       0       0     219       0
   50.000   202002.208       0   16657     160       0       0       0       2       0       0       2       2     220       0       0       0       0       0       0       0     220       0
   51.000   199612.992       0   16460     160       0       0       0       7       0       0       7       7     223       0       0       0       0       0       0       0     223       0
   52.000   198691.264       0   16384     160       0       0       0       2       0       0       2       2     225       0       0       0       0       0       0       0     225       0
   53.000   197102.496       0   16253     160       0       0       0       1       0       0       1       1     225       0       0       0       0       0       0       0     225       0
   54.000   196059.488       0   16167     160       0       0       0       3       0       0       3       3     226       0       0       0       0       0       0       0     226       0
   55.000   200631.744       0   16544     160       0       0       0       8       0       0       8       8     232       0       0       0       0       0       0       0     232       0
   56.000   214105.952       0   17655     160       0       0       0       5       0       0       5       5     237       0       0       0       0       0       0       0     237       0
   57.000   215840.256       0   17798     160       0       0       0       7       0       0       7       7     241       0       0       0       0       0       0       0     241       0
   58.000   219102.688       0   18067     160       0       0       0       5       0       0       5       5     245       0       0       0       0       0       0       0     245       0
   59.000   221212.960       0   18241     160       0       0       0       3       0       0       3       3     246       0       0       0       0       0       0       0     246       0
   60.000   227119.296       0   18728     160       0       0       0      10       0       0      10      10     253       0       0       0       0       0       0       0     253       0
   61.000   227907.616       0   18793     160       0       0       0       2       0       0       2       2     254       0       0       0       0       0       0       0     254       0
   62.000   231000.256       0   19048     170       0       0       0       5       0       0       5       5     256       0       0       0       0       0       0       0     256       0
   63.000   240799.680       0   19856     177       0       0       0       9       0       0       9       9     261       0       0       0       0       0       0       0     261       0
   64.000   254007.072       0   20945     179       0       0       0       8       0       0       8       8     267       0       0       0       0       0       0       0     267       0
   65.000   253655.360       0   20916     179       0       0       0       4       0       0       4       4     269       0       0       0       0       0       0       0     269       0
   66.000   253230.880       0   20881     179       0       0       0       2       0       0       2       2     270       0       0       0       0       0       0       0     270       0
   67.000   261017.056       0   21523     180       0       0       0       7       0       0       7       7     273       0       0       0       0       0       0       0     273       0
   68.000   261550.688       0   21567     180       0       0       0       4       0       0       4       4     275       0       0       0       0       0       0       0     275       0
   69.000   262824.128       0   21672     180       0       0       0       6       0       0       6       6     278       0       0       0       0       0       0       0     278       0
   70.000   262072.192       0   21610     180       0       0       0       2       0       0       2       2     279       0       0       0       0       0       0       0     279       0
   71.000   261793.248       0   21587     180       0       0       0       3       0       0       3       3     282       0       0       0       0       0       0       0     282       0
   72.000   263855.008       0   21757     180       0       0       0       9       0       0       9       9     285       0       0       0       0       0       0       0     285       0
   73.000   268706.208       0   22157     180       0       0       0       6       0       0       6       6     289       0       0       0       0       0       0       0     289       0
   74.000   267845.120       0   22086     180       0       0       0       2       0       0       2       2     291       0       0       0       0       0       0       0     291       0
   75.000   270755.840       0   22326     180       0       0       0       5       0       0       5       5     292       0       0       0       0       0       0       0     292       0
   76.000   274054.656       0   22598     180       0       0       0       6       0       0       6       6     295       0       0       0       0       0       0       0     295       0
   77.000   274454.880       0   22631     180       0       0       0       4       0       0       4       4     298       0       0       0       0       0       0       0     298       0
   78.000   274382.112       0   22625     180       0       0       0       2       0       0       2       2     299       0       0       0       0       0       0       0     299       0
   79.000   276177.056       0   22773     180       0       0       0       6       0       0       6       6     302       0       0       0       0       0       0       0     302       0
   80.000   282180.416       0   23268     180       0       0       0       3       0       0       3       3     305       0       0       0       0       0       0       0     305       0
   81.000   283041.504       0   23339     180       0       0       0       4       0       0       4       4     306       0       0       0       0       0       0       0     306       0
   82.000   288280.800       0   23771     180       0       0       0       2       0       0       2       2     309       0       0       0       0       0       0       0     309       0
   83.000   290839.808       0   23982     180       0       0       0       6       0       0       6       6     310       0       0       0       0       0       0       0     310       0
   84.000   289796.800       0   23896     180       0       0       0       6       0       0       6       6     313       0       0       0       0       0       0       0     313       0
   85.000   291118.752       0   24005     180       0       0       0       5       0       0       5       5     313       0       0       0       0       0       0       0     313       0
   86.000   293313.920       0   24186     180       0       0       0       5       0       0       5       5     318       0       0       0       0       0       0       0     318       0
   87.000   293410.944       0   24194     180       0       0       0       1       0       0       1       1     318       0       0       0       0       0       0       0     318       0
   88.000   296976.576       0   24488     180       0       0       0       8       0       0       8       8     318       0       0       0       0       0       0       0     318       0
   89.000   296030.592       0   24410     180       0       0       0       6       0       0       6       6     321       0       0       0       0       0       0       0     321       0
   90.000   296333.792       0   24435     180       0       0       0       7       0       0       7       7     321       0       0       0       0       0       0       0     321       0
   91.000   293180.512       0   24175     180       0       0       0       3       0       0       3       3     322       0       0       0       0       0       0       0     322       0
   92.000   292137.504       0   24089     180       0       0       0       5       0       0       5       5     323       0       0       0       0       0       0       0     323       0
   93.000   294963.328       0   24322     180       0       0       0       3       0       0       3       3     322       0       0       0       0       0       0       0     322       0
   94.000   293738.400       0   24221     180       0       0       0       2       0       0       2       2     321       0       0       0       0       0       0       0     321       0
   95.000   292525.600       0   24121     180       0       0       0       4       0       0       4       4     322       0       0       0       0       0       0       0     322       0
   96.000   292186.016       0   24093     180       0       0       0       5       0       0       5       5     324       0       0       0       0       0       0       0     324       0
   97.000   292659.008       0   24132     180       0       0       0       3       0       0       3       3     325       0       0       0       0       0       0       0     325       0
   98.000   290657.888       0   23967     180       0       0       0       2       0       0       2       2     327       0       0       0       0       0       0       0     327       0
   99.000   290585.120       0   23961     180       0       0       0       4       0       0       4       4     326       0       0       0       0       0       0       0     326       0
  100.000   290124.256       0   23923     180       0       0       0       4       0       0       4       4     325       0       0       0       0       0       0       0     325       0
  101.000   289263.168       0   23852     180       0       0       0       6       0       0       6       6     324       0       0       0       0       0       0       0     324       0
  102.000   298868.544       0   24644     180       0       0       0      12       0       0      12      10     330       1       0       0       0       0       1       0     330       1
  103.000   303792.512       0   25050     180       0       0       0       6       0       0       6       6     333       1       0       0       0       0       2       1     333       1
  104.000   308752.864       0   25459     180       0       0       0       3       0       0       3       3     330       1       0       0       0       0       1       0     330       1
  105.000   312548.928       0   25772     180       0       0       0       3       0       0       3       3     329       1       0       0       0       0       0       0     329       1
  106.000   314307.488       0   25917     180       0       0       0       5       0       0       5       5     327       0       0       0       0       0       0       0     327       0
  107.000   317569.920       0   26186     180       0       0       0      10       0       0      10      10     330       1       0       0       0       0       0       0     330       1
  108.000   318722.080       0   26281     180       0       0       0       2       0       0       2       2     333       1       0       0       0       0       0       0     333       1
  109.000   317909.504       0   26214     180       0       0       0       9       0       0       9       9     334       1       0       0       0       0       0       0     334       1
  110.000   318819.104       0   26289     180       0       0       0       6       0       0       6       4     338       1       0       0       0       0       1       0     338       1
  111.000   319401.248       0   26337     180       0       0       0       8       0       0       8       8     340       1       0       0       0       0       2       1     340       1
  112.000   324288.832       0   26740     180       0       0       0       5       0       0       5       4     341       1       0       0       0       0       2       1     341       1
  113.000   323354.976       0   26663     180       0       0       0       5       0       0       5       5     340       1       0       0       0       0       1       0     340       1
  114.000   323403.488       0   26667     180       0       0       0       5       0       0       5       5     338       1       0       0       0       0       0       0     338       1
  115.000   323027.520       0   26636     180       0       0       0       4       0       0       4       4     338       1       0       0       0       0       0       0     338       1
  116.000   327745.312       0   27025     180       0       0       0       1       0       0       1       1     336       1       0       0       0       0       0       0     336       1
  117.000   329479.616       0   27168     180       0       0       0       7       0       0       7       7     336       1       0       0       0       0       0       0     336       1
  118.000   323985.632       0   26715     180       0       0       0       4       0       0       4       4     337       1       0       0       0       0       0       0     337       1
  119.000   320990.016       0   26468     180       0       0       0       4       0       0       4       4     337       1       0       0       0       0       0       0     337       1
  120.000   325259.072       0   26820     180       0       0       0      10       0       0      10       8     342       1       0       0       0       0       0       0     342       1
  121.000   335531.488       0   27667     180       0       0       0       8       0       0       8       6     347       1       0       0       0       0       2       1     347       1
  122.000   336950.464       0   27784     180       0       0       0       7       0       0       7       6     352       1       0       0       0       0       5       2     352       1
  123.000   333688.032       0   27515     180       0       0       0       6       0       0       6       5     355       1       0       0       0       0       3       1     355       1
  124.000   326750.816       0   26943     180       0       0       0       1       0       0       1       1     352       1       0       0       0       0       1       0     352       1
  125.000   321450.880       0   26506     180       0       0       0       4       0       0       4       4     349       1       0       0       0       0       0       0     349       1
  126.000   323209.440       0   26651     180       0       0       0       4       0       0       4       4     348       1       0       0       0       0       0       0     348       1
  127.000   321705.568       0   26527     180       0       0       0       8       0       0       8       8     349       1       0       0       0       0       0       0     349       1
  128.000   324397.984       0   26749     180       0       0       0       5       0       0       5       5     351       1       0       0       0       0       0       0     351       1
  129.000   322772.832       0   26615     180       0       0       0       4       0       0       4       4     350       1       0       0       0       0       0       0     350       1
  130.000   320262.336       0   26408     180       0       0       0       2       0       0       2       2     348       1       0       0       0       0       0       0     348       1
  131.000   323924.992       0   26710     180       0       0       0      11       0       0      11      10     351       1       0       0       0       0       0       0     351       1
  132.000   329770.688       0   27192     180       0       0       0       3       0       0       3       3     355       1       0       0       0       0       1       0     355       1
  133.000   327514.880       0   27006     180       0       0       0       4       0       0       4       4     353       1       0       0       0       0       1       0     353       1
  134.000   321208.320       0   26486     180       0       0       0       4       0       0       4       4     353       1       0       0       0       0       0       0     353       1
  135.000   315811.360       0   26041     180       0       0       0       1       0       0       1       1     351       1       0       0       0       0       0       0     351       1
  136.000   317388.000       0   26171     180       0       0       0       5       0       0       5       5     348       1       0       0       0       0       0       0     348       1
  137.000   317630.560       0   26191     180       0       0       0       2       0       0       2       2     346       1       0       0       0       0       0       0     346       1
  138.000   314271.104       0   25914     180       0       0       0       4       0       0       4       4     343       1       0       0       0       0       0       0     343       1
  139.000   307091.328       0   25322     180       0       0       0       2       0       0       2       2     340       1       0       0       0       0       0       0     340       1
  140.000   296685.504       0   24464     180       0       0       0       4       0       0       4       4     337       1       0       0       0       0       0       0     337       1
  141.000   292343.680       0   24106     180       0       0       0       6       0       0       6       6     339       1       0       0       0       0       0       0     339       1
  142.000   287638.016       0   23718     180       0       0       0       5       0       0       5       5     338       1       0       0       0       0       0       0     338       1
  143.000   285879.456       0   23573     180       0       0       0       2       0       0       2       2     338       1       0       0       0       0       0       0     338       1
  144.000   282459.360       0   23291     180       0       0       0       6       0       0       6       6     338       1       0       0       0       0       0       0     338       1
  145.000   283102.144       0   23344     180       0       0       0       4       0       0       4       4     339       1       0       0       0       0       0       0     339       1
  146.000   282653.408       0   23307     180       0       0       0       2       0       0       2       2     339       1       0       0       0       0       0       0     339       1
  147.000   282883.840       0   23326     180       0       0       0       5       0       0       5       5     339       1       0       0       0       0       0       0     339       1
  148.000   282980.864       0   23334     180       0       0       0       6       0       0       6       6     334       1       0       0       0       0       0       0     334       1
  149.000   286328.192       0   23610     180       0       0       0       7       0       0       7       7     333       1       0       0       0       0       0       0     333       1
  150.000   284678.784       0   23474     180       0       0       0       3       0       0       3       3     332       1       0       0       0       0       0       0     332       1
  151.000   281331.456       0   23198     180       0       0       0       4       0       0       4       4     333       1       0       0       0       0       0       0     333       1
  152.000   270234.336       0   22283     180       0       0       0       4       0       0       4       4     333       1       0       0       0       0       0       0     333       1
  153.000   271240.960       0   22366     180       0       0       0       8       0       0       8       8     334       1       0       0       0       0       0       0     334       1
  154.000   273120.800       0   22521     180       0       0       0       4       0       0       4       4     333       1       0       0       0       0       0       0     333       1
  155.000   275012.768       0   22677     180       0       0       0       4       0       0       4       4     331       1       0       0       0       0       0       0     331       1
  156.000   273836.352       0   22580     180       0       0       0       5       0       0       5       5     326       0       0       0       0       0       0       0     326       0
  157.000   268681.952       0   22155     180       0       0       0       4       0       0       4       4     325       0       0       0       0       0       0       0     325       0
  158.000   269227.712       0   22200     180       0       0       0       6       0       0       6       6     326       0       0       0       0       0       0       0     326       0
  159.000   268378.752       0   22130     180       0       0       0       7       0       0       7       7     327       0       0       0       0       0       0       0     327       0
  160.000   270913.504       0   22339     180       0       0       0       6       0       0       6       6     327       0       0       0       0       0       0       0     327       0
  161.000   279002.880       0   23006     180       0       0       0       3       0       0       3       3     330       1       0       0       0       0       0       0     330       1
  162.000   274030.400       0   22596     180       0       0       0       6       0       0       6       6     333       1       0       0       0       0       0       0     333       1
  163.000   275764.704       0   22739     180       0       0       0       5       0       0       5       4     334       1       0       0       0       0       1       0     334       1
  164.000   275206.816       0   22693     180       0       0       0       2       0       0       2       2     334       1       0       0       0       0       1       0     334       1
  165.000   275485.760       0   22716     180       0       0       0       6       0       0       6       6     335       1       0       0       0       0       0       0     335       1
  166.000   274467.008       0   22632     180       0       0       0       4       0       0       4       4     333       1       0       0       0       0       0       0     333       1
  167.000   273994.016       0   22593     180       0       0       0       3       0       0       3       3     329       1       0       0       0       0       0       0     329       1
  168.000   271350.112       0   22375     180       0       0       0       6       0       0       6       6     327       0       0       0       0       0       0       0     327       0
  169.000   277123.040       0   22851     180       0       0       0       8       0       0       8       8     332       1       0       0       0       0       0       0     332       1
  170.000   273763.584       0   22574     180       0       0       0       4       0       0       4       4     334       1       0       0       0       0       0       0     334       1
  171.000   276504.512       0   22800     180       0       0       0       8       0       0       8       5     338       1       0       0       0       0       2       1     338       1
  172.000   275158.304       0   22689     180       0       0       0       5       0       0       5       5     339       1       0       0       0       0       3       1     339       1
  173.000   276516.640       0   22801     180       0       0       0       3       0       0       3       3     339       1       0       0       0       0       1       0     339       1
  174.000   282556.384       0   23299     180       0       0       0      15       0       0      15      13     345       1       0       0       0       0       1       0     345       1
  175.000   299026.208       0   24657     180       0       0       0       8       0       0       8       5     354       1       0       0       0       0       4       2     354       1
  176.000   300129.856       0   24748     180       0       0       0       5       0       0       5       5     357       1       0       0       0       0       4       2     357       1
  177.000   299838.784       0   24724     180       0       0       0       5       0       0       5       5     354       1       0       0       0       0       1       0     354       1
  178.000   303186.112       0   25000     180       0       0       0       5       0       0       5       5     356       1       0       0       0       0       0       0     356       1
  179.000   301136.480       0   24831     180       0       0       0       2       0       0       2       2     355       1       0       0       0       0       0       0     355       1
  180.000   299329.408       0   24682     180       0       0       0       3       0       0       3       3     353       1       0       0       0       0       0       0     353       1
  181.000   298395.552       0   24605     180       0       0       0       8       0       0       8       7     356       1       0       0       0       0       1       0     356       1
  182.000   293896.064       0   24234     180       0       0       0       6       0       0       6       5     357       1       0       0       0       0       1       0     357       1
  183.000   291312.800       0   24021     180       0       0       0       4       0       0       4       4     353       1       0       0       0       0       1       0     353       1
  184.000   292756.032       0   24140     180       0       0       0       2       0       0       2       2     352       1       0       0       0       0       1       0     352       1
  185.000   288608.256       0   23798     180       0       0       0       4       0       0       4       4     347       1       0       0       0       0       0       0     347       1
  186.000   287165.024       0   23679     180       0       0       0       5       0       0       5       5     349       1       0       0       0       0       0       0     349       1
  187.000   281707.424       0   23229     180       0       0       0       3       0       0       3       3     346       1       0       0       0       0       0       0     346       1
  188.000   284302.816       0   23443     180       0       0       0       5       0       0       5       5     346       1       0       0       0       0       0       0     346       1
  189.000   287916.960       0   23741     180       0       0       0       8       0       0       8       8     345       1       0       0       0       0       0       0     345       1
  190.000   288984.224       0   23829     180       0       0       0       3       0       0       3       3     344       1       0       0       0       0       0       0     344       1
  191.000   287383.328       0   23697     180       0       0       0       3       0       0       3       3     343       1       0       0       0       0       0       0     343       1
  192.000   288038.240       0   23751     180       0       0       0       8       0       0       8       8     343       1       0       0       0       0       0       0     343       1
  193.000   280712.928       0   23147     180       0       0       0       3       0       0       3       3     346       1       0       0       0       0       0       0     346       1
  194.000   276650.048       0   22812     180       0       0       0       3       0       0       3       3     346       1       0       0       0       0       0       0     346       1
  195.000   275364.480       0   22706     180       0       0       0       6       0       0       6       6     345       1       0       0       0       0       0       0     345       1
  196.000   272441.632       0   22465     180       0       0       0       3       0       0       3       3     344       1       0       0       0       0       0       0     344       1
  197.000   269470.272       0   22220     180       0       0       0       3       0       0       3       3     338       1       0       0       0       0       0       0     338       1
  198.000   261841.760       0   21591     180       0       0       0       5       0       0       5       5     335       1       0       0       0       0       0       0     335       1
  199.000   261198.976       0   21538     180       0       0       0       6       0       0       6       6     338       1       0       0       0       0       0       0     338       1
  200.000   261089.824       0   21529     180       0       0       0       5       0       0       5       5     339       1       0       0       0       0       0       0     339       1
  201.000   257160.352       0   21205     180       0       0       0       2       0       0       2       2     336       1       0       0       0       0       0       0     336       1
  202.000   251836.160       0   20766     180       0       0       0       3       0       0       3       3     333       1       0       0       0       0       0       0     333       1
  203.000   249155.872       0   20545     180       0       0       0       3       0       0       3       3     332       1       0       0       0       0       0       0     332       1
  204.000   251872.544       0   20769     180       0       0       0       7       0       0       7       7     335       1       0       0       0       0       0       0     335       1
  205.000   250987.200       0   20696     180       0       0       0       2       0       0       2       2     333       1       0       0       0       0       0       0     333       1
  206.000   243674.016       0   20093     180       0       0       0       3       0       0       3       3     330       1       0       0       0       0       0       0     330       1
  207.000   236542.752       0   19505     180       0       0       0       6       0       0       6       6     330       1       0       0       0       0       0       0     330       1
  208.000   232516.256       0   19173     180       0       0       0       3       0       0       3       3     328       1       0       0       0       0       0       0     328       1
  209.000   230624.288       0   19017     180       0       0       0       1       0       0       1       1     323       0       0       0       0       0       0       0     323       0
  210.000   224426.880       0   18506     180       0       0       0       1       0       0       1       1     321       0       0       0       0       0       0       0     321       0
  211.000   221758.720       0   18286     180       0       0       0       7       0       0       7       7     319       0       0       0       0       0       0       0     319       0
  212.000   223917.504       0   18464     180       0       0       0       6       0       0       6       6     320       0       0       0       0       0       0       0     320       0
  213.000   223359.616       0   18418     180       0       0       0       5       0       0       5       5     317       0       0       0       0       0       0       0     317       0
  214.000   220230.592       0   18160     180       0       0       0       5       0       0       5       5     316       0       0       0       0       0       0       0     316       0
  215.000   221079.552       0   18230     180       0       0       0       3       0       0       3       3     315       0       0       0       0       0       0       0     315       0
  216.000   220230.592       0   18160     180       0       0       0       4       0       0       4       4     314       0       0       0       0       0       0       0     314       0
  217.000   214882.144       0   17719     180       0       0       0       1       0       0       1       1     312       0       0       0       0       0       0       0     312       0
  218.000   210043.072       0   17320     180       0       0       0       4       0       0       4       4     313       0       0       0       0       0       0       0     313       0
  219.000   209460.928       0   17272     180       0       0       0       2       0       0       2       2     310       0       0       0       0       0       0       0     310       0
  220.000   205725.504       0   16964     180       0       0       0       1       0       0       1       1     305       0       0       0       0       0       0       0     305       0
  221.000   203918.432       0   16815     180       0       0       0       3       0       0       3       3     301       0       0       0       0       0       0       0     301       0
  222.000   202450.944       0   16694     180       0       0       0       3       0       0       3       3     298       0       0       0       0       0       0       0     298       0
  223.000   202244.768       0   16677     180       0       0       0       3       0       0       3       3     293       0       0       0       0       0       0       0     293       0
  224.000   199261.280       0   16431     180       0       0       0       5       0       0       5       5     292       0       0       0       0       0       0       0     292       0
  225.000   205968.064       0   16984     180       0       0       0       7       0       0       7       7     292       0       0       0       0       0       0       0     292       0
  226.000   211170.976       0   17413     180       0       0       0       3       0       0       3       3     292       0       0       0       0       0       0       0     292       0
  227.000   213717.856       0   17623     180       0       0       0       3       0       0       3       3     292       0       0       0       0       0       0       0     292       0
  228.000   214651.712       0   17700     180       0       0       0       5       0       0       5       5     289       0       0       0       0       0       0       0     289       0
  229.000   221261.472       0   18245     180       0       0       0       9       0       0       9       9     290       0       0       0       0       0       0       0     290       0
  230.000   218520.544       0   18019     180       0       0       0       3       0       0       3       3     291       0       0       0       0       0       0       0     291       0
  231.000   215816.000       0   17796     180       0       0       0       3       0       0       3       3     292       0       0       0       0       0       0       0     292       0
  232.000   217028.800       0   17896     180       0       0       0       5       0       0       5       5     291       0       0       0       0       0       0       0     291       0
  233.000   217113.696       0   17903     180       0       0       0       6       0       0       6       6     289       0       0       0       0       0       0       0     289       0
  234.000   219199.712       0   18075     180       0       0       0       4       0       0       4       4     286       0       0       0       0       0       0       0     286       0
  235.000   216313.248       0   17837     180       0       0       0       3       0       0       3       3     285       0       0       0       0       0       0       0     285       0
  236.000   215306.624       0   17754     180       0       0       0       3       0       0       3       3     281       0       0       0       0       0       0       0     281       0
  237.000   212032.064       0   17484     180       0       0       0       7       0       0       7       7     283       0       0       0       0       0       0       0     283       0
  238.000   210867.776       0   17388     180       0       0       0       3       0       0       3       3     284       0       0       0       0       0       0       0     284       0
  239.000   213632.960       0   17616     180       0       0       0       9       0       0       9       9     286       0       0       0       0       0       0       0     286       0
  240.000   218071.808       0   17982     180       0       0       0       6       0       0       6       6     288       0       0       0       0       0       0       0     288       0
  241.000   218811.616       0   18043     180       0       0       0       3       0       0       3       3     288       0       0       0       0       0       0       0     288       0
  242.000   219696.960       0   18116     180       0       0       0       9       0       0       9       9     292       0       0       0       0       0       0       0     292       0
  243.000   220703.584       0   18199     180       0       0       0       4       0       0       4       4     293       0       0       0       0       0       0       0     293       0
  244.000   222292.352       0   18330     180       0       0       0       3       0       0       3       3     293       0       0       0       0       0       0       0     293       0
  245.000   224681.568       0   18527     180       0       0       0       9       0       0       9       9     293       0       0       0       0       0       0       0     293       0
  246.000   230769.824       0   19029     180       0       0       0       7       0       0       7       7     293       0       0       0       0       0       0       0     293       0
  247.000   236457.856       0   19498     180       0       0       0       4       0       0       4       4     292       0       0       0       0       0       0       0     292       0
  248.000   234274.816       0   19318     180       0       0       0       3       0       0       3       3     295       0       0       0       0       0       0       0     295       0
  249.000   231303.456       0   19073     180       0       0       0       5       0       0       5       5     295       0       0       0       0       0       0       0     295       0
  250.000   236445.728       0   19497     180       0       0       0       6       0       0       6       6     296       0       0       0       0       0       0       0     296       0
  251.000   243492.096       0   20078     180       0       0       0       7       0       0       7       7     300       0       0       0       0       0       0       0     300       0
  252.000   244171.264       0   20134     180       0       0       0       2       0       0       2       2     297       0       0       0       0       0       0       0     297       0
  253.000   246317.920       0   20311     180       0       0       0       6       0       0       6       6     297       0       0       0       0       0       0       0     297       0
  254.000   255268.384       0   21049     180       0       0       0       7       0       0       7       7     297       0       0       0       0       0       0       0     297       0
  255.000   261853.888       0   21592     180       0       0       0       6       0       0       6       6     297       0       0       0       0       0       0       0     297       0
  256.000   271216.704       0   22364     180       0       0       0       4       0       0       4       4     302       0       0       0       0       0       0       0     302       0
  257.000   278214.560       0   22941     180       0       0       0       5       0       0       5       5     303       0       0       0       0       0       0       0     303       0
  258.000   286279.680       0   23606     180       0       0       0       5       0       0       5       5     304       0       0       0       0       0       0       0     304       0
  259.000   289408.704       0   23864     180       0       0       0       3       0       0       3       3     305       0       0       0       0       0       0       0     305       0
  260.000   295739.520       0   24386     180       0       0       0       7       0       0       7       7     309       0       0       0       0       0       0       0     309       0
  261.000   302519.072       0   24945     180       0       0       0       9       0       0       9       9     313       0       0       0       0       0       0       0     313       0
  262.000   304896.160       0   25141     180       0       0       0      11       0       0      11       9     319       0       0       0       0       0       1       0     319       0
  263.000   307467.296       0   25353     180       0       0       0       4       0       0       4       4     318       0       0       0       0       0       2       1     318       0
  264.000   301888.416       0   24893     180       0       0       0       8       0       0       8       6     318       0       0       0       0       0       1       0     318       0
  265.000   302785.888       0   24967     180       0       0       0       9       0       0       9       8     323       0       0       0       0       0       2       1     323       0
  266.000   304993.184       0   25149     180       0       0       0       8       0       0       8       7     329       1       0       0       0       0       3       1     329       1
  267.000   306060.448       0   25237     180       0       0       0       4       0       0       4       2     332       1       0       0       0       0       4       2     332       1
  268.000   301876.288       0   24892     180       0       0       0       2       0       0       2       2     327       0       0       0       0       0       2       1     327       0
  269.000   302118.848       0   24912     180       0       0       0       7       0       0       7       7     327       0       0       0       0       0       0       0     327       0
  270.000   307382.400       0   25346     180       0       0       0       9       0       0       9       8     333       1       0       0       0       0       1       0     333       1
  271.000   304787.008       0   25132     180       0       0       0       6       0       0       6       5     339       1       0       0       0       0       2       1     339       1
  272.000   311069.312       0   25650     180       0       0       0       6       0       0       6       3     344       1       0       0       0       0       4       2     344       1
  273.000   309250.112       0   25500     180       0       0       0       3       0       0       3       3     343       1       0       0       0       0       3       1     343       1
  274.000   307176.224       0   25329     180       0       0       0       4       0       0       4       4     344       1       0       0       0       0       1       0     344       1
  275.000   300604.608       0   24786     180       0       0       0       7       0       0       7       7     347       1       0       0       0       0       0       0     347       1
