  TimeSec      LoaKbps LoaUsag Packets DlyUsec LoaDrps MetDrps TabDrps FloMods MetMods GroMods  PktsIn PktsOut FloEntr FloUsag MetEntr MetUsag GroEntr GroUsag BufPkts BufUsag  T0Entr  T0Usag
    1.000        0.000       0       0      34       0       0       0       4       0       0       0       0       3       0       0       0       0       0       0       0       3       0
    2.000      143.776       0      13      43       0       0       0       1       0       0       0       0       4       0       0       0       0       0       0       0       4       0
    3.000     3612.384       0     299      58       0       0       0       2       0       0       0       0       6       0       0       0       0       0       0       0       6       0
    4.000     6996.096       0     578      71       0       0       0       8       0       0       0       0      11       0       0       0       0       0       0       0      11       0
    5.000    14745.888       0    1217      92       0       0       0       4       0       0       0       0      16       0       0       0       0       0       0       0      16       0
    6.000    18044.704       0    1489      99       0       0       0       4       0       0       0       0      21       0       0       0       0       0       0       0      21       0
    7.000    19839.648       0    1637      99       0       0       0       3       0       0       0       0      25       0       0       0       0       0       0       0      25       0
    8.000    21222.240       0    1751      99       0       0       0       5       0       0       0       0      29       0       0       0       0       0       0       0      29       0
    9.000    23890.400       0    1971     116       0       0       0       7       0       0       0       0      34       0       0       0       0       0       0       0      34       0
   10.000    31045.920       0    2561     119       0       0       0       7       0       0       0       0      42       0       0       0       0       0       0       0      42       0
   11.000    37291.840       0    3076     119       0       0       0       6       0       0       0       0      49       0       0       0       0       0       0       0      49       0
   12.000    39147.424       0    3229     119       0       0       0       2       0       0       0       0      52       0       0       0       0       0       0       0      52       0
   13.000    42664.544       0    3519     120       0       0       0       5       0       0       0       0      56       0       0       0       0       0       0       0      56       0
   14.000    46521.248       0    3837     120       0       0       0       6       0       0       0       0      61       0       0       0       0       0       0       0      61       0
   15.000    52197.152       0    4305     136       0       0       0       5       0       0       0       0      67       0       0       0       0       0       0       0      67       0
   16.000    59170.752       0    4880     139       0       0       0       4       0       0       0       0      71       0       0       0       0       0       0       0      71       0
   17.000    63997.696       0    5278     139       0       0       0       6       0       0       0       0      75       0       0       0       0       0       0       0      75       0
   18.000    72560.064       0    5984     139       0       0       0       8       0       0       0       0      80       0       0       0       0       0       0       0      80       0
   19.000    78890.880       0    6506     140       0       0       0       5       0       0       0       0      83       0       0       0       0       0       0       0      83       0
   20.000    83293.344       0    6869     140       0       0       0       6       0       0       0       0      83       0       0       0       0       0       0       0      83       0
   21.000    86058.528       0    7097     140       0       0       0       7       0       0       0       0      84       0       0       0       0       0       0       0      84       0
   22.000    91746.560       0    7566     140       0       0       0       6       0       0       0       0      86       0       0       0       0       0       0       0      86       0
   23.000    98926.336       0    8158     140       0       0       0       5       0       0       0       0      88       0       0       0       0       0       0       0      88       0
   24.000   103753.280       0    8556     140       0       0       0       8       0       0       0       0      89       0       0       0       0       0       0       0      89       0
   25.000   110836.032       0    9140     140       0       0       0       3       0       0       0       0      88       0       0       0       0       0       0       0      88       0
   26.000   110836.032       0    9140     140       0       0       0       2       0       0       0       0      83       0       0       0       0       0       0       0      83       0
   27.000   111684.992       0    9210     140       0       0       0       3       0       0       0       0      82       0       0       0       0       0       0       0      82       0
   28.000   115481.056       0    9523     140       0       0       0       3       0       0       0       0      81       0       0       0       0       0       0       0      81       0
   29.000   122151.456       0   10073     140       0       0       0       6       0       0       0       0      83       0       0       0       0       0       0       0      83       0
   30.000   123643.200       0   10196     140       0       0       0       5       0       0       0       0      80       0       0       0       0       0       0       0      80       0
   31.000   125947.520       0   10386     140       0       0       0       4       0       0       0       0      80       0       0       0       0       0       0       0      80       0
   32.000   130531.904       0   10764     140       0       0       0       4       0       0       0       0      81       0       0       0       0       0       0       0      81       0
   33.000   131295.968       0   10827     140       0       0       0       3       0       0       0       0      78       0       0       0       0       0       0       0      78       0
   34.000   132472.384       0   10924     140       0       0       0       3       0       0       0       0      73       0       0       0       0       0       0       0      73       0
   35.000   138560.640       0   11426     140       0       0       0       7       0       0       0       0      72       0       0       0       0       0       0       0      72       0
   36.000   143654.400       0   11846     140       0       0       0       4       0       0       0       0      73       0       0       0       0       0       0       0      73       0
   37.000   145061.248       0   11962     140       0       0       0       3       0       0       0       0      70       0       0       0       0       0       0       0      70       0
   38.000   147741.536       0   12183     140       0       0       0       7       0       0       0       0      68       0       0       0       0       0       0       0      68       0
   39.000   153854.048       0   12687     140       0       0       0       4       0       0       0       0      68       0       0       0       0       0       0       0      68       0
   40.000   161397.664       0   13309     139       0       0       0       8       0       0       0       0      68       0       0       0       0       0       0       0      68       0
   41.000   170178.336       0   14033     139       0       0       0       6       0       0       0       0      73       0       0       0       0       0       0       0      73       0
   42.000   175417.632       0   14465     139       0       0       0       7       0       0       0       0      76       0       0       0       0       0       0       0      76       0
   43.000   181942.496       0   15003     139       0       0       0       4       0       0       0       0      79       0       0       0       0       0       0       0      79       0
   44.000   185338.336       0   15283     140       0       0       0       8       0       0       0       0      80       0       0       0       0       0       0       0      80       0
   45.000   187691.168       0   15477     140       0       0       0       3       0       0       0       0      80       0       0       0       0       0       0       0      80       0
   46.000   191948.096       0   15828     140       0       0       0       7       0       0       0       0      83       0       0       0       0       0       0       0      83       0
   47.000   192408.960       0   15866     140       0       0       0       0       0       0       0       0      79       0       0       0       0       0       0       0      79       0
   48.000   197854.432       0   16315     140       0       0       0       7       0       0       0       0      81       0       0       0       0       0       0       0      81       0
   49.000   201165.376       0   16588     140       0       0       0       2       0       0       0       0      81       0       0       0       0       0       0       0      81       0
   50.000   202014.336       0   16658     140       0       0       0       2       0       0       0       0      79       0       0       0       0       0       0       0      79       0
   51.000   199637.248       0   16462     140       0       0       0       7       0       0       0       0      76       0       0       0       0       0       0       0      76       0
   52.000   198654.880       0   16381     140       0       0       0       2       0       0       0       0      77       0       0       0       0       0       0       0      77       0
   53.000   197138.880       0   16256     140       0       0       0       1       0       0       0       0      76       0       0       0       0       0       0       0      76       0
   54.000   196035.232       0   16165     140       0       0       0       3       0       0       0       0      71       0       0       0       0       0       0       0      71       0
   55.000   200631.744       0   16544     140       0       0       0       8       0       0       0       0      70       0       0       0       0       0       0       0      70       0
   56.000   214093.824       0   17654     140       0       0       0       5       0       0       0       0      71       0       0       0       0       0       0       0      71       0
   57.000   215864.512       0   17800     140       0       0       0       7       0       0       0       0      70       0       0       0       0       0       0       0      70       0
   58.000   219017.792       0   18060     140       0       0       0       5       0       0       0       0      71       0       0       0       0       0       0       0      71       0
   59.000   221200.832       0   18240     140       0       0       0       3       0       0       0       0      67       0       0       0       0       0       0       0      67       0
   60.000   227155.680       0   18731     140       0       0       0      10       0       0       0       0      70       0       0       0       0       0       0       0      70       0
   61.000   227859.104       0   18789     140       0       0       0       2       0       0       0       0      69       0       0       0       0       0       0       0      69       0
   62.000   231036.640       0   19051     140       0       0       0       5       0       0       0       0      71       0       0       0       0       0       0       0      71       0
   63.000   240763.296       0   19853     140       0       0       0       9       0       0       0       0      73       0       0       0       0       0       0       0      73       0
   64.000   254043.456       0   20948     140       0       0       0       8       0       0       0       0      78       0       0       0       0       0       0       0      78       0
   65.000   253643.232       0   20915     140       0       0       0       4       0       0       0       0      81       0       0       0       0       0       0       0      81       0
   66.000   253206.624       0   20879     140       0       0       0       2       0       0       0       0      81       0       0       0       0       0       0       0      81       0
   67.000   261065.568       0   21527     140       0       0       0       7       0       0       0       0      82       0       0       0       0       0       0       0      82       0
   68.000   261635.584       0   21574     140       0       0       0       4       0       0       0       0      84       0       0       0       0       0       0       0      84       0
   69.000   262666.464       0   21659     140       0       0       0       6       0       0       0       0      88       0       0       0       0       0       0       0      88       0
   70.000   262120.704       0   21614     140       0       0       0       2       0       0       0       0      84       0       0       0       0       0       0       0      84       0
   71.000   261805.376       0   21588     140       0       0       0       3       0       0       0       0      82       0       0       0       0       0       0       0      82       0
   72.000   263830.752       0   21755     140       0       0       0       9       0       0       0       0      82       0       0       0       0       0       0       0      82       0
   73.000   268645.568       0   22152     140       0       0       0       6       0       0       0       0      83       0       0       0       0       0       0       0      83       0
   74.000   267942.144       0   22094     140       0       0       0       2       0       0       0       0      84       0       0       0       0       0       0       0      84       0
   75.000   270658.816       0   22318     140       0       0       0       5       0       0       0       0      81       0       0       0       0       0       0       0      81       0
   76.000   274018.272       0   22595     140       0       0       0       6       0       0       0       0      81       0       0       0       0       0       0       0      81       0
   77.000   274539.776       0   22638     140       0       0       0       4       0       0       0       0      82       0       0       0       0       0       0       0      82       0
   78.000   274406.368       0   22627     140       0       0       0       2       0       0       0       0      76       0       0       0       0       0       0       0      76       0
   79.000   276201.312       0   22775     140       0       0       0       6       0       0       0       0      73       0       0       0       0       0       0       0      73       0
   80.000   282095.520       0   23261     140       0       0       0       3       0       0       0       0      73       0       0       0       0       0       0       0      73       0
   81.000   283077.888       0   23342     140       0       0       0       4       0       0       0       0      72       0       0       0       0       0       0       0      72       0
   82.000   288183.776       0   23763     140       0       0       0       2       0       0       0       0      70       0       0       0       0       0       0       0      70       0
   83.000   290985.344       0   23994     140       0       0       0       6       0       0       0       0      70       0       0       0       0       0       0       0      70       0
   84.000   289627.008       0   23882     140       0       0       0       6       0       0       0       0      70       0       0       0       0       0       0       0      70       0
   85.000   291179.392       0   24010     140       0       0       0       5       0       0       0       0      72       0       0       0       0       0       0       0      72       0
   86.000   293350.304       0   24189     140       0       0       0       5       0       0       0       0      75       0       0       0       0       0       0       0      75       0
   87.000   293410.944       0   24194     140       0       0       0       1       0       0       0       0      71       0       0       0       0       0       0       0      71       0
   88.000   296964.448       0   24487     140       0       0       0       8       0       0       0       0      67       0       0       0       0       0       0       0      67       0
   89.000   296079.104       0   24414     140       0       0       0       6       0       0       0       0      71       0       0       0       0       0       0       0      71       0
   90.000   296285.280       0   24431     140       0       0       0       7       0       0       0       0      74       0       0       0       0       0       0       0      74       0
   91.000   293229.024       0   24179     140       0       0       0       3       0       0       0       0      73       0       0       0       0       0       0       0      73       0
   92.000   292088.992       0   24085     140       0       0       0       5       0       0       0       0      72       0       0       0       0       0       0       0      72       0
   93.000   294987.584       0   24324     140       0       0       0       3       0       0       0       0      74       0       0       0       0       0       0       0      74       0
   94.000   293786.912       0   24225     140       0       0       0       2       0       0       0       0      72       0       0       0       0       0       0       0      72       0
   95.000   292477.088       0   24117     140       0       0       0       4       0       0       0       0      70       0       0       0       0       0       0       0      70       0
   96.000   292222.400       0   24096     140       0       0       0       5       0       0       0       0      72       0       0       0       0       0       0       0      72       0
   97.000   292561.984       0   24124     140       0       0       0       3       0       0       0       0      72       0       0       0       0       0       0       0      72       0
   98.000   290791.296       0   23978     140       0       0       0       2       0       0       0       0      71       0       0       0       0       0       0       0      71       0
   99.000   290597.248       0   23962     140       0       0       0       4       0       0       0       0      69       0       0       0       0       0       0       0      69       0
  100.000   290027.232       0   23915     140       0       0       0       4       0       0       0       0      68       0       0       0       0       0       0       0      68       0
  101.000   289299.552       0   23855     136       0       0       0       6       0       0       0       0      65       0       0       0       0       0       0       0      65       0
  102.000   298613.856       0   24623     139       0       0       0      10       0       0       0       0      73       0       0       0       0       0       0       0      73       0
  103.000   303052.704       0   24989     139       0       0       0       6       0       0       0       0      75       0       0       0       0       0       0       0      75       0
  104.000   308097.952       0   25405     139       0       0       0       3       0       0       0       0      72       0       0       0       0       0       0       0      72       0
  105.000   311869.760       0   25716     139       0       0       0       3       0       0       0       0      69       0       0       0       0       0       0       0      69       0
  106.000   313482.784       0   25849     140       0       0       0       5       0       0       0       0      68       0       0       0       0       0       0       0      68       0
  107.000   316915.008       0   26132     140       0       0       0      10       0       0       0       0      71       0       0       0       0       0       0       0      71       0
  108.000   318115.680       0   26231     140       0       0       0       2       0       0       0       0      73       0       0       0       0       0       0       0      73       0
  109.000   317084.800       0   26146     140       0       0       0       9       0       0       0       0      78       0       0       0       0       0       0       0      78       0
  110.000   317169.696       0   26153     140       0       0       0       4       0       0       0       0      80       0       0       0       0       0       0       0      80       0
  111.000   316817.984       0   26124     140       0       0       0       8       0       0       0       0      81       0       0       0       0       0       0       0      81       0
  112.000   320553.408       0   26432     140       0       0       0       4       0       0       0       0      84       0       0       0       0       0       0       0      84       0
  113.000   319716.576       0   26363     140       0       0       0       5       0       0       0       0      85       0       0       0       0       0       0       0      85       0
  114.000   319643.808       0   26357     140       0       0       0       5       0       0       0       0      87       0       0       0       0       0       0       0      87       0
  115.000   319207.200       0   26321     140       0       0       0       4       0       0       0       0      87       0       0       0       0       0       0       0      87       0
  116.000   324034.144       0   26719     140       0       0       0       1       0       0       0       0      86       0       0       0       0       0       0       0      86       0
  117.000   325732.064       0   26859     140       0       0       0       7       0       0       0       0      81       0       0       0       0       0       0       0      81       0
  118.000   320262.336       0   26408     140       0       0       0       4       0       0       0       0      80       0       0       0       0       0       0       0      80       0
  119.000   317303.104       0   26164     140       0       0       0       4       0       0       0       0      80       0       0       0       0       0       0       0      80       0
  120.000   320626.176       0   26438     140       0       0       0       8       0       0       0       0      83       0       0       0       0       0       0       0      83       0
  121.000   323452.000       0   26671     140       0       0       0       6       0       0       0       0      85       0       0       0       0       0       0       0      85       0
  122.000   322033.024       0   26554     140       0       0       0       6       0       0       0       0      84       0       0       0       0       0       0       0      84       0
  123.000   318479.520       0   26261     140       0       0       0       5       0       0       0       0      83       0       0       0       0       0       0       0      83       0
  124.000   310693.344       0   25619     140       0       0       0       1       0       0       0       0      79       0       0       0       0       0       0       0      79       0
  125.000   305441.920       0   25186     140       0       0       0       4       0       0       0       0      75       0       0       0       0       0       0       0      75       0
  126.000   307176.224       0   25329     140       0       0       0       4       0       0       0       0      74       0       0       0       0       0       0       0      74       0
  127.000   306400.032       0   25265     140       0       0       0       8       0       0       0       0      74       0       0       0       0       0       0       0      74       0
  128.000   309650.336       0   25533     140       0       0       0       5       0       0       0       0      77       0       0       0       0       0       0       0      77       0
  129.000   307782.624       0   25379     140       0       0       0       4       0       0       0       0      75       0       0       0       0       0       0       0      75       0
  130.000   305514.688       0   25192     140       0       0       0       2       0       0       0       0      74       0       0       0       0       0       0       0      74       0
  131.000   310681.216       0   25618     140       0       0       0      10       0       0       0       0      78       0       0       0       0       0       0       0      78       0
  132.000   316502.656       0   26098     140       0       0       0       3       0       0       0       0      80       0       0       0       0       0       0       0      80       0
  133.000   314246.848       0   25912     140       0       0       0       4       0       0       0       0      79       0       0       0       0       0       0       0      79       0
  134.000   308025.184       0   25399     140       0       0       0       4       0       0       0       0      78       0       0       0       0       0       0       0      78       0
  135.000   302494.816       0   24943     140       0       0       0       1       0       0       0       0      74       0       0       0       0       0       0       0      74       0
  136.000   304144.224       0   25079     140       0       0       0       5       0       0       0       0      72       0       0       0       0       0       0       0      72       0
  137.000   304386.784       0   25099     140       0       0       0       2       0       0       0       0      67       0       0       0       0       0       0       0      67       0
  138.000   300978.816       0   24818     133       0       0       0       4       0       0       0       0      65       0       0       0       0       0       0       0      65       0
  139.000   293859.680       0   24231     139       0       0       0       2       0       0       0       0      65       0       0       0       0       0       0       0      65       0
  140.000   283356.832       0   23365     139       0       0       0       4       0       0       0       0      66       0       0       0       0       0       0       0      66       0
  141.000   279245.440       0   23026     138       0       0       0       6       0       0       0       0      68       0       0       0       0       0       0       0      68       0
  142.000   274285.088       0   22617     130       0       0       0       5       0       0       0       0      65       0       0       0       0       0       0       0      65       0
  143.000   272696.320       0   22486     121       0       0       0       2       0       0       0       0      62       0       0       0       0       0       0       0      62       0
  144.000   270719.456       0   22323     121       0       0       0       6       0       0       0       0      63       0       0       0       0       0       0       0      63       0
  145.000   273436.128       0   22547     137       0       0       0       4       0       0       0       0      65       0       0       0       0       0       0       0      65       0
  146.000   272829.728       0   22497     123       0       0       0       2       0       0       0       0      62       0       0       0       0       0       0       0      62       0
  147.000   273048.032       0   22515     120       0       0       0       5       0       0       0       0      60       0       0       0       0       0       0       0      60       0
  148.000   273278.464       0   22534     120       0       0       0       6       0       0       0       0      60       0       0       0       0       0       0       0      60       0
  149.000   276553.024       0   22804     131       0       0       0       7       0       0       0       0      64       0       0       0       0       0       0       0      64       0
  150.000   274915.744       0   22669     139       0       0       0       3       0       0       0       0      66       0       0       0       0       0       0       0      66       0
  151.000   271495.648       0   22387     139       0       0       0       4       0       0       0       0      67       0       0       0       0       0       0       0      67       0
  152.000   260507.680       0   21481     139       0       0       0       4       0       0       0       0      68       0       0       0       0       0       0       0      68       0
  153.000   261526.432       0   21565     139       0       0       0       8       0       0       0       0      72       0       0       0       0       0       0       0      72       0
  154.000   263333.504       0   21714     140       0       0       0       4       0       0       0       0      73       0       0       0       0       0       0       0      73       0
  155.000   265176.960       0   21866     140       0       0       0       4       0       0       0       0      74       0       0       0       0       0       0       0      74       0
  156.000   264291.616       0   21793     140       0       0       0       5       0       0       0       0      72       0       0       0       0       0       0       0      72       0
  157.000   259015.936       0   21358     140       0       0       0       4       0       0       0       0      73       0       0       0       0       0       0       0      73       0
  158.000   259622.336       0   21408     140       0       0       0       6       0       0       0       0      74       0       0       0       0       0       0       0      74       0
  159.000   258736.992       0   21335     140       0       0       0       7       0       0       0       0      76       0       0       0       0       0       0       0      76       0
  160.000   261259.616       0   21543     140       0       0       0       6       0       0       0       0      76       0       0       0       0       0       0       0      76       0
  161.000   269506.656       0   22223     140       0       0       0       3       0       0       0       0      78       0       0       0       0       0       0       0      78       0
  162.000   264376.512       0   21800     140       0       0       0       6       0       0       0       0      79       0       0       0       0       0       0       0      79       0
  163.000   265625.696       0   21903     140       0       0       0       4       0       0       0       0      81       0       0       0       0       0       0       0      81       0
  164.000   264400.768       0   21802     140       0       0       0       2       0       0       0       0      75       0       0       0       0       0       0       0      75       0
  165.000   264825.248       0   21837     140       0       0       0       6       0       0       0       0      76       0       0       0       0       0       0       0      76       0
  166.000   263697.344       0   21744     140       0       0       0       4       0       0       0       0      75       0       0       0       0       0       0       0      75       0
  167.000   263333.504       0   21714     140       0       0       0       3       0       0       0       0      75       0       0       0       0       0       0       0      75       0
  168.000   260471.296       0   21478     140       0       0       0       6       0       0       0       0      72       0       0       0       0       0       0       0      72       0
  169.000   266486.784       0   21974     140       0       0       0       8       0       0       0       0      77       0       0       0       0       0       0       0      77       0
  170.000   263018.176       0   21688     140       0       0       0       4       0       0       0       0      77       0       0       0       0       0       0       0      77       0
  171.000   266050.176       0   21938     140       0       0       0       5       0       0       0       0      79       0       0       0       0       0       0       0      79       0
  172.000   266911.264       0   22009     140       0       0       0       5       0       0       0       0      79       0       0       0       0       0       0       0      79       0
  173.000   268208.960       0   22116     140       0       0       0       3       0       0       0       0      78       0       0       0       0       0       0       0      78       0
  174.000   274139.552       0   22605     140       0       0       0      13       0       0       0       0      80       0       0       0       0       0       0       0      80       0
  175.000   286134.144       0   23594     140       0       0       0       5       0       0       0       0      83       0       0       0       0       0       0       0      83       0
  176.000   286243.296       0   23603     140       0       0       0       5       0       0       0       0      82       0       0       0       0       0       0       0      82       0
  177.000   285976.480       0   23581     140       0       0       0       5       0       0       0       0      81       0       0       0       0       0       0       0      81       0
  178.000   289360.192       0   23860     140       0       0       0       5       0       0       0       0      82       0       0       0       0       0       0       0      82       0
  179.000   287322.688       0   23692     140       0       0       0       2       0       0       0       0      83       0       0       0       0       0       0       0      83       0
  180.000   285636.896       0   23553     140       0       0       0       3       0       0       0       0      81       0       0       0       0       0       0       0      81       0
  181.000   285224.544       0   23519     140       0       0       0       7       0       0       0       0      83       0       0       0       0       0       0       0      83       0
  182.000   281755.936       0   23233     140       0       0       0       5       0       0       0       0      84       0       0       0       0       0       0       0      84       0
  183.000   278748.192       0   22985     140       0       0       0       4       0       0       0       0      84       0       0       0       0       0       0       0      84       0
  184.000   280203.552       0   23105     140       0       0       0       2       0       0       0       0      80       0       0       0       0       0       0       0      80       0
  185.000   276807.712       0   22825     140       0       0       0       4       0       0       0       0      78       0       0       0       0       0       0       0      78       0
  186.000   275922.368       0   22752     140       0       0       0       5       0       0       0       0      77       0       0       0       0       0       0       0      77       0
  187.000   270452.640       0   22301     140       0       0       0       3       0       0       0       0      76       0       0       0       0       0       0       0      76       0
  188.000   272938.880       0   22506     140       0       0       0       5       0       0       0       0      77       0       0       0       0       0       0       0      77       0
  189.000   276662.176       0   22813     140       0       0       0       8       0       0       0       0      73       0       0       0       0       0       0       0      73       0
  190.000   277571.776       0   22888     140       0       0       0       3       0       0       0       0      70       0       0       0       0       0       0       0      70       0
  191.000   276201.312       0   22775     140       0       0       0       3       0       0       0       0      70       0       0       0       0       0       0       0      70       0
  192.000   276625.792       0   22810     140       0       0       0       8       0       0       0       0      71       0       0       0       0       0       0       0      71       0
  193.000   269579.424       0   22229     140       0       0       0       3       0       0       0       0      70       0       0       0       0       0       0       0      70       0
  194.000   265334.624       0   21879     140       0       0       0       3       0       0       0       0      71       0       0       0       0       0       0       0      71       0
  195.000   264085.440       0   21776     140       0       0       0       6       0       0       0       0      71       0       0       0       0       0       0       0      71       0
  196.000   261150.464       0   21534     140       0       0       0       3       0       0       0       0      71       0       0       0       0       0       0       0      71       0
  197.000   258712.736       0   21333     140       0       0       0       3       0       0       0       0      69       0       0       0       0       0       0       0      69       0
  198.000   251156.992       0   20710     140       0       0       0       5       0       0       0       0      68       0       0       0       0       0       0       0      68       0
  199.000   250586.976       0   20663     140       0       0       0       6       0       0       0       0      70       0       0       0       0       0       0       0      70       0
  200.000   250502.080       0   20656     140       0       0       0       5       0       0       0       0      73       0       0       0       0       0       0       0      73       0
  201.000   246839.424       0   20354     140       0       0       0       2       0       0       0       0      71       0       0       0       0       0       0       0      71       0
  202.000   241490.976       0   19913     140       0       0       0       3       0       0       0       0      71       0       0       0       0       0       0       0      71       0
  203.000   238919.840       0   19701     140       0       0       0       3       0       0       0       0      68       0       0       0       0       0       0       0      68       0
  204.000   242085.248       0   19962     140       0       0       0       7       0       0       0       0      69       0       0       0       0       0       0       0      69       0
  205.000   241927.584       0   19949     140       0       0       0       2       0       0       0       0      68       0       0       0       0       0       0       0      68       0
  206.000   236142.528       0   19472     134       0       0       0       3       0       0       0       0      65       0       0       0       0       0       0       0      65       0
  207.000   229011.264       0   18884     133       0       0       0       6       0       0       0       0      65       0       0       0       0       0       0       0      65       0
  208.000   225093.920       0   18561     137       0       0       0       3       0       0       0       0      65       0       0       0       0       0       0       0      65       0
  209.000   223117.056       0   18398     121       0       0       0       1       0       0       0       0      62       0       0       0       0       0       0       0      62       0
  210.000   217004.544       0   17894     120       0       0       0       1       0       0       0       0      60       0       0       0       0       0       0       0      60       0
  211.000   214300.000       0   17671     120       0       0       0       7       0       0       0       0      59       0       0       0       0       0       0       0      59       0
  212.000   216458.784       0   17849     120       0       0       0       6       0       0       0       0      62       0       0       0       0       0       0       0      62       0
  213.000   216713.472       0   17870     129       0       0       0       5       0       0       0       0      65       0       0       0       0       0       0       0      65       0
  214.000   214688.096       0   17703     121       0       0       0       5       0       0       0       0      63       0       0       0       0       0       0       0      63       0
  215.000   215512.800       0   17771     120       0       0       0       3       0       0       0       0      62       0       0       0       0       0       0       0      62       0
  216.000   214639.584       0   17699     120       0       0       0       4       0       0       0       0      62       0       0       0       0       0       0       0      62       0
  217.000   209448.800       0   17271     120       0       0       0       1       0       0       0       0      61       0       0       0       0       0       0       0      61       0
  218.000   204403.552       0   16855     120       0       0       0       4       0       0       0       0      63       0       0       0       0       0       0       0      63       0
  219.000   203942.688       0   16817     120       0       0       0       2       0       0       0       0      59       0       0       0       0       0       0       0      59       0
  220.000   200183.008       0   16507     120       0       0       0       1       0       0       0       0      57       0       0       0       0       0       0       0      57       0
  221.000   198400.192       0   16360     120       0       0       0       3       0       0       0       0      57       0       0       0       0       0       0       0      57       0
  222.000   196908.448       0   16237     120       0       0       0       3       0       0       0       0      54       0       0       0       0       0       0       0      54       0
  223.000   196690.144       0   16219     120       0       0       0       3       0       0       0       0      53       0       0       0       0       0       0       0      53       0
  224.000   193718.784       0   15974     120       0       0       0       5       0       0       0       0      56       0       0       0       0       0       0       0      56       0
  225.000   200377.056       0   16523     120       0       0       0       7       0       0       0       0      59       0       0       0       0       0       0       0      59       0
  226.000   205640.608       0   16957     120       0       0       0       3       0       0       0       0      60       0       0       0       0       0       0       0      60       0
  227.000   208211.744       0   17169     120       0       0       0       3       0       0       0       0      57       0       0       0       0       0       0       0      57       0
  228.000   209097.088       0   17242     120       0       0       0       5       0       0       0       0      55       0       0       0       0       0       0       0      55       0
  229.000   218738.848       0   18037     120       0       0       0       9       0       0       0       0      58       0       0       0       0       0       0       0      58       0
  230.000   216810.496       0   17878     120       0       0       0       3       0       0       0       0      59       0       0       0       0       0       0       0      59       0
  231.000   214081.696       0   17653     120       0       0       0       3       0       0       0       0      60       0       0       0       0       0       0       0      60       0
  232.000   215270.240       0   17751     120       0       0       0       5       0       0       0       0      61       0       0       0       0       0       0       0      61       0
  233.000   215440.032       0   17765     127       0       0       0       6       0       0       0       0      63       0       0       0       0       0       0       0      63       0
  234.000   217380.512       0   17925     134       0       0       0       4       0       0       0       0      65       0       0       0       0       0       0       0      65       0
  235.000   214700.224       0   17704     139       0       0       0       3       0       0       0       0      68       0       0       0       0       0       0       0      68       0
  236.000   213475.296       0   17603     139       0       0       0       3       0       0       0       0      68       0       0       0       0       0       0       0      68       0
  237.000   210952.672       0   17395     139       0       0       0       7       0       0       0       0      71       0       0       0       0       0       0       0      71       0
  238.000   209582.208       0   17282     139       0       0       0       3       0       0       0       0      72       0       0       0       0       0       0       0      72       0
  239.000   212468.672       0   17520     140       0       0       0       9       0       0       0       0      75       0       0       0       0       0       0       0      75       0
  240.000   216931.776       0   17888     140       0       0       0       6       0       0       0       0      78       0       0       0       0       0       0       0      78       0
  241.000   217586.688       0   17942     140       0       0       0       3       0       0       0       0      76       0       0       0       0       0       0       0      76       0
  242.000   218508.416       0   18018     140       0       0       0       9       0       0       0       0      80       0       0       0       0       0       0       0      80       0
  243.000   219478.656       0   18098     140       0       0       0       4       0       0       0       0      83       0       0       0       0       0       0       0      83       0
  244.000   221152.320       0   18236     140       0       0       0       3       0       0       0       0      78       0       0       0       0       0       0       0      78       0
  245.000   223456.640       0   18426     140       0       0       0       9       0       0       0       0      80       0       0       0       0       0       0       0      80       0
  246.000   229484.256       0   18923     140       0       0       0       7       0       0       0       0      83       0       0       0       0       0       0       0      83       0
  247.000   235245.056       0   19398     140       0       0       0       4       0       0       0       0      84       0       0       0       0       0       0       0      84       0
  248.000   233183.296       0   19228     140       0       0       0       3       0       0       0       0      83       0       0       0       0       0       0       0      83       0
  249.000   230127.040       0   18976     140       0       0       0       5       0       0       0       0      81       0       0       0       0       0       0       0      81       0
  250.000   235511.872       0   19420     140       0       0       0       6       0       0       0       0      83       0       0       0       0       0       0       0      83       0
  251.000   242424.832       0   19990     140       0       0       0       7       0       0       0       0      89       0       0       0       0       0       0       0      89       0
  252.000   243055.488       0   20042     140       0       0       0       2       0       0       0       0      86       0       0       0       0       0       0       0      86       0
  253.000   245335.552       0   20230     140       0       0       0       6       0       0       0       0      88       0       0       0       0       0       0       0      88       0
  254.000   254188.992       0   20960     140       0       0       0       7       0       0       0       0      86       0       0       0       0       0       0       0      86       0
  255.000   260895.776       0   21513     140       0       0       0       6       0       0       0       0      83       0       0       0       0       0       0       0      83       0
  256.000   270222.208       0   22282     140       0       0       0       4       0       0       0       0      87       0       0       0       0       0       0       0      87       0
  257.000   277110.912       0   22850     140       0       0       0       5       0       0       0       0      83       0       0       0       0       0       0       0      83       0
  258.000   285188.160       0   23516     140       0       0       0       5       0       0       0       0      83       0       0       0       0       0       0       0      83       0
  259.000   288486.976       0   23788     140       0       0       0       3       0       0       0       0      83       0       0       0       0       0       0       0      83       0
  260.000   294563.104       0   24289     140       0       0       0       7       0       0       0       0      82       0       0       0       0       0       0       0      82       0
  261.000   301621.600       0   24871     140       0       0       0       9       0       0       0       0      82       0       0       0       0       0       0       0      82       0
  262.000   303744.000       0   25046     140       0       0       0       9       0       0       0       0      86       0       0       0       0       0       0       0      86       0
  263.000   306108.960       0   25241     140       0       0       0       4       0       0       0       0      88       0       0       0       0       0       0       0      88       0
  264.000   300263.264       0   24759     140       0       0       0       6       0       0       0       0      90       0       0       0       0       0       0       0      90       0
  265.000   300263.264       0   24759     140       0       0       0       8       0       0       0       0      92       0       0       0       0       0       0       0      92       0
  266.000   298177.248       0   24587     140       0       0       0       7       0       0       0       0      91       0       0       0       0       0       0       0      91       0
  267.000   297958.944       0   24569     140       0       0       0       2       0       0       0       0      92       0       0       0       0       0       0       0      92       0
  268.000   293714.144       0   24219     140       0       0       0       2       0       0       0       0      89       0       0       0       0       0       0       0      89       0
  269.000   293980.960       0   24241     140       0       0       0       7       0       0       0       0      87       0       0       0       0       0       0       0      87       0
  270.000   299001.952       0   24655     140       0       0       0       8       0       0       0       0      90       0       0       0       0       0       0       0      90       0
  271.000   295387.808       0   24357     140       0       0       0       5       0       0       0       0      89       0       0       0       0       0       0       0      89       0
  272.000   296309.536       0   24433     140       0       0       0       3       0       0       0       0      90       0       0       0       0       0       0       0      90       0
  273.000   293083.488       0   24167     140       0       0       0       3       0       0       0       0      88       0       0       0       0       0       0       0      88       0
  274.000   290924.704       0   23989     140       0       0       0       4       0       0       0       0      88       0       0       0       0       0       0       0      88       0
  275.000   284474.368       0   23456     140       0       0       0       7       0       0       0       0      87       0       0       0       0       0       0       0      87       0
