  TimeSec      LoaKbps LoaUsag Packets DlyUsec LoaDrps MetDrps TabDrps FloMods MetMods GroMods  PktsIn PktsOut FloEntr FloUsag MetEntr MetUsag GroEntr GroUsag BufPkts BufUsag  T0Entr  T0Usag
    1.000        0.000       0       0     173       0       0       0       3       0       2       0       0       3       0       0       0       2       0       0       0       3       0
    2.000     1472.672       0     122     280       0       0       0       3       0       0       0       0       5       0       0       0       2       0       0       0       5       0
    3.000     4662.336       1     385     297       0       0       0       2       0       0       0       0       7       0       0       0       2       0       0       0       7       0
    4.000     7003.040       2     578     382       0       0       0       6       0       0       0       0      11       0       0       0       2       0       0       0      11       0
    5.000     9452.896       2     780     398       0       0       0       0       0       0       0       0      14       0       0       0       2       0       0       0      14       0
    6.000    10253.344       2     846     399       0       0       0       3       0       0       0       0      15       0       0       0       2       0       0       0      15       0
    7.000    14073.664       3    1161     489       0       0       0       3       0       0       0       0      19       0       0       0       2       0       0       0      19       0
    8.000    16426.496       4    1355     498       0       0       0       1       0       0       0       0      21       0       0       0       2       0       0       0      21       0
    9.000    16790.336       4    1385     499       0       0       0       2       0       0       0       0      22       0       0       0       2       0       0       0      22       0
   10.000    17845.472       4    1472     499       0       0       0       3       0       0       0       0      25       0       0       0       2       0       0       0      25       0
   11.000    20052.768       4    1654     499       0       0       0       3       0       0       0       0      27       0       0       0       2       0       0       0      27       0
   12.000    14680.064       3    1211     500       0       0       0       4       0       0       0       0      31       0       0       0       2       0       0       0      31       0
   13.000     9137.568       2     754     416       0       0       0      26       0       0       0       0      15       0       0       0       2       0       0       0      15       0
   14.000    10119.936       2     835     401       0       0       0       2       0       0       0       0      13       0       0       0       2       0       0       0      13       0
   15.000    12812.352       3    1057     467       0       0       0       3       0       0       0       0      17       0       0       0       2       0       0       0      17       0
   16.000    14437.504       3    1191     496       0       0       0       7       0       0       0       0      21       0       0       0       2       0       0       0      21       0
   17.000    21629.408       5    1784     499       0       0       0       6       0       0       0       0      28       0       0       0       2       0       0       0      28       0
   18.000    24746.304       5    2041     499       0       0       0       1       0       0       0       0      31       0       0       0       2       0       0       0      31       0
   19.000    26626.144       6    2196     583       0       0       0       3       0       0       0       0      34       0       0       0       2       0       0       0      34       0
   20.000    32762.912       7    2702     598       0       0       0       6       0       0       0       0      39       0       0       0       2       0       0       0      39       0
   21.000    39227.136       9    3235     599       0       0       0       4       0       0       0       0      44       1       0       0       2       0       0       0      44       1
   22.000    24394.592       5    2012     599       0       0       0       5       0       0       0       0      48       1       0       0       2       0       0       0      48       1
   23.000    10289.728       2     849     426       0       0       0      41       0       0       0       0      19       0       0       0       2       0       0       0      19       0
   24.000    11526.784       3     951     422       0       0       0       2       0       0       0       0      16       0       0       0       2       0       0       0      16       0
   25.000    13248.960       3    1093     491       0       0       0       3       0       0       0       0      18       0       0       0       2       0       0       0      18       0
   26.000    15504.768       3    1279     499       0       0       0       3       0       0       0       0      22       0       0       0       2       0       0       0      22       0
   27.000    16353.728       4    1349     499       0       0       0       3       0       0       0       0      25       0       0       0       2       0       0       0      25       0
   28.000    16681.184       4    1376     499       0       0       0       3       0       0       0       0      27       0       0       0       2       0       0       0      27       0
   29.000    17881.856       4    1475     535       0       0       0       5       0       0       0       0      31       0       0       0       2       0       0       0      31       0
   30.000    20622.784       5    1701     593       0       0       0       5       0       0       0       0      37       0       0       0       2       0       0       0      37       0
   31.000    23351.584       5    1926     599       0       0       0       5       0       0       0       0      42       1       0       0       2       0       0       0      42       1
   32.000    15492.640       3    1278     599       0       0       0       2       0       0       0       0      45       1       0       0       2       0       0       0      45       1
   33.000     8446.272       2     697     462       0       0       0      44       0       0       0       0      19       0       0       0       2       0       0       0      19       0
   34.000    13151.936       3    1085     496       0       0       0       4       0       0       0       0      20       0       0       0       2       0       0       0      20       0
   35.000    19215.936       4    1585     499       0       0       0       2       0       0       0       0      23       0       0       0       2       0       0       0      23       0
   36.000    20744.064       5    1711     499       0       0       0       4       0       0       0       0      26       0       0       0       2       0       0       0      26       0
   37.000    22502.624       5    1856     499       0       0       0       2       0       0       0       0      29       0       0       0       2       0       0       0      29       0
   38.000    25789.312       6    2127     559       0       0       0       4       0       0       0       0      32       0       0       0       2       0       0       0      32       0
   39.000    28493.856       6    2350     595       0       0       0       4       0       0       0       0      36       0       0       0       2       0       0       0      36       0
   40.000    32205.024       7    2656     599       0       0       0       4       0       0       0       0      40       0       0       0       2       0       0       0      40       0
   41.000    35685.760       8    2943     599       0       0       0       1       0       0       0       0      42       1       0       0       2       0       0       0      42       1
   42.000    21629.408       5    1784     599       0       0       0       6       0       0       1       1      44       1       0       0       2       0       0       0      44       1
   43.000    10313.984       2     851     426       0       0       0      41       0       0       0       0      16       0       0       0       2       0       0       0      16       0
   44.000    11284.224       3     931     402       0       0       0       4       0       0       0       0      14       0       0       0       2       0       0       0      14       0
   45.000    15589.664       3    1286     483       0       0       0       6       0       0       0       0      18       0       0       0       2       0       0       0      18       0
   46.000    22381.344       5    1846     498       0       0       0       6       0       0       0       0      25       0       0       0       2       0       0       0      25       0
   47.000    31113.504       7    2566     548       0       0       0       7       0       0       0       0      31       0       0       0       2       0       0       0      31       0
   48.000    37323.040       8    3078     594       0       0       0      10       0       0       0       0      40       0       0       0       2       0       0       0      40       0
   49.000    41761.888       9    3444     599       0       0       0       3       0       0       0       0      46       1       0       0       2       0       0       0      46       1
   50.000    45315.392      10    3737     599       0       0       0       5       0       0       0       0      51       1       0       0       2       0       0       0      51       1
   51.000    49463.168      11    4079     599       0       0       0       9       0       0       0       0      58       1       0       0       2       0       0       0      58       1
   52.000    32932.704       7    2716     659       0       0       0       5       0       0       0       0      64       1       0       0       2       0       0       0      64       1
   53.000    16050.528       4    1324     522       0       0       0      55       0       0       0       0      25       0       0       0       2       0       0       0      25       0
   54.000    21532.384       5    1776     502       0       0       0       5       0       0       1       1      26       0       0       0       2       0       0       0      26       0
   55.000    23181.792       5    1912     559       0       0       0       8       0       0       0       0      32       0       0       0       2       0       0       0      32       0
   56.000    26868.704       6    2216     595       0       0       0       3       0       0       0       0      36       0       0       0       2       0       0       0      36       0
   57.000    28663.648       6    2364     599       0       0       0       6       0       0       0       0      39       0       0       0       2       0       0       0      39       0
   58.000    36692.384       8    3026     599       0       0       0       6       0       0       0       0      47       1       0       0       2       0       0       0      47       1
   59.000    41301.024       9    3406     599       0       0       0      13       0       0       0       0      58       1       0       0       2       0       0       0      58       1
   60.000    41507.200       9    3423     673       0       0       0       5       0       0       0       0      65       1       0       0       2       0       0       0      65       1
   61.000    45836.896      10    3780     697       0       0       0       7       0       0       0       0      72       1       0       0       2       0       0       0      72       1
   62.000    36061.728       8    2974     699       0       0       0       6       0       0       0       0      78       1       0       0       2       0       0       0      78       1
   63.000    23327.328       5    1924     613       0       0       0      49       0       0       0       0      46       1       0       0       2       0       0       0      46       1
   64.000    24855.456       6    2050     601       0       0       0       8       0       0       0       0      49       1       0       0       2       0       0       0      49       1
   65.000    26019.744       6    2146     600       0       0       0       2       0       0       0       0      53       1       0       0       2       0       0       0      53       1
   66.000    26347.200       6    2173     600       0       0       0       3       0       0       0       0      55       1       0       0       2       0       0       0      55       1
   67.000    30119.008       7    2484     600       0       0       0       6       0       0       0       0      58       1       0       0       2       0       0       0      58       1
   68.000    33551.232       7    2767     600       0       0       0       1       0       0       0       0      60       1       0       0       2       0       0       0      60       1
   69.000    33053.984       7    2726     600       0       0       0       6       0       0       0       0      61       1       0       0       2       0       0       0      61       1
   70.000    35612.992       8    2937     659       0       0       0       8       0       0       0       0      67       1       0       0       2       0       0       0      67       1
   71.000    40779.520       9    3363     695       0       0       0       2       0       0       0       0      70       1       0       0       2       0       0       0      70       1
   72.000    32496.096       7    2680     699       0       0       0       4       0       0       0       0      74       1       0       0       2       0       0       0      74       1
   73.000    28396.832       6    2342     613       0       0       0      33       0       0       0       0      55       1       0       0       2       0       0       0      55       1
   74.000    35697.888       8    2944     601       0       0       0       4       0       0       0       0      57       1       0       0       2       0       0       0      57       1
   75.000    39797.152       9    3282     600       0       0       0       3       0       0       0       0      59       1       0       0       2       0       0       0      59       1
   76.000    44187.488      10    3644     600       0       0       0       4       0       0       0       0      60       1       0       0       2       0       0       0      60       1
   77.000    47098.208      10    3884     600       0       0       0       3       0       0       0       0      63       1       0       0       2       0       0       0      63       1
   78.000    49632.960      11    4093     650       0       0       0       7       0       0       0       0      65       1       0       0       2       0       0       0      65       1
   79.000    54350.752      12    4482     684       0       0       0       8       0       0       1       1      66       1       0       0       2       0       0       0      66       1
   80.000    64465.504      14    5316     698       0       0       0       8       0       0       0       0      74       1       0       0       2       0       0       0      74       1
   81.000    67509.632      15    5567     699       0       0       0       5       0       0       0       0      80       1       0       0       2       0       0       0      80       1
   82.000    46479.680      10    3833     699       0       0       0       3       0       0       0       0      84       1       0       0       2       0       0       0      84       1
   83.000    28360.448       6    2339     613       0       0       0      51       0       0       1       1      52       1       0       0       2       0       0       0      52       1
   84.000    29730.912       7    2452     601       0       0       0       3       0       0       0       0      49       1       0       0       2       0       0       0      49       1
   85.000    32568.864       7    2686     600       0       0       0       8       0       0       0       0      54       1       0       0       2       0       0       0      54       1
   86.000    34739.776       8    2865     600       0       0       0       7       0       0       0       0      61       1       0       0       2       0       0       0      61       1
   87.000    40306.528       9    3324     686       0       0       0       6       0       0       0       0      66       1       0       0       2       0       0       0      66       1
   88.000    42368.288       9    3494     698       0       0       0      13       0       0       0       0      76       1       0       0       2       0       0       0      76       1
   89.000    44114.720      10    3638     699       0       0       0       3       0       0       0       0      82       1       0       0       2       0       0       0      82       1
   90.000    45291.136      10    3735     699       0       0       0       9       0       0       0       0      87       1       0       0       2       0       0       0      87       1
   91.000    49535.936      11    4085     699       0       0       0       7       0       0       0       0      96       1       0       0       2       0       0       0      96       1
   92.000    49899.776      11    4115     700       0       0       0       6       0       0       0       0     103       1       0       0       2       0       0       0     103       1
   93.000    47935.040      11    3953     700       0       0       0      28       0       0       1       1      95       1       0       0       2       0       0       0      95       1
   94.000    52034.304      12    4291     700       0       0       0      12       0       0       0       0     101       1       0       0       2       0       0       0     101       1
   95.000    58437.888      13    4819     700       0       0       0       6       0       0       0       0     110       1       0       0       2       0       0       0     110       1
   96.000    58498.528      13    4824     700       0       0       0       3       0       0       0       0     112       1       0       0       2       0       0       0     112       1
   97.000    54447.776      12    4490     700       0       0       0       7       0       0       0       0     113       1       0       0       2       0       0       0     113       1
   98.000    55696.960      12    4593     700       0       0       0       7       0       0       0       0     115       1       0       0       2       0       0       0     115       1
   99.000    56776.352      13    4682     700       0       0       0       4       0       0       0       0     118       1       0       0       2       0       0       0     118       1
  100.000    58728.960      13    4843     700       0       0       0       8       0       0       0       0     121       1       0       0       2       0       0       0     121       1
  101.000    60366.240      13    4978     720       0       0       0       8       0       0       0       0     126       2       0       0       2       0       0       0     126       2
  102.000    61615.424      14    5081     778       0       0       0       8       0       0       0       0     130       2       0       0       2       0       0       0     130       2
  103.000    59068.544      13    4871     711       0       0       0      31       0       0       0       0     106       1       0       0       2       0       0       0     106       1
  104.000    60596.672      13    4997     701       0       0       0       5       0       0       0       0     106       1       0       0       2       0       0       0     106       1
  105.000    67740.064      15    5586     700       0       0       0       5       0       0       0       0     111       1       0       0       2       0       0       0     111       1
  106.000    70383.968      16    5804     700       0       0       0       4       0       0       0       0     114       1       0       0       2       0       0       0     114       1
  107.000    71075.264      16    5861     700       0       0       0       4       0       0       0       0     116       1       0       0       2       0       0       0     116       1
  108.000    71524.000      16    5898     700       0       0       0       4       0       0       0       0     112       1       0       0       2       0       0       0     112       1
  109.000    75829.440      17    6253     700       0       0       0       9       0       0       0       0     116       1       0       0       2       0       0       0     116       1
  110.000    78461.216      17    6470     700       0       0       0       4       0       0       0       0     118       1       0       0       2       0       0       0     118       1
  111.000    80983.840      18    6678     700       0       0       0      10       0       0       1       1     124       2       0       0       2       0       0       0     124       2
  112.000    72154.656      16    5950     748       0       0       0       3       0       0       0       0     128       2       0       0       2       0       0       0     128       2
  113.000    61093.920      14    5038     707       0       0       0      48       0       0       0       0      97       1       0       0       2       0       0       0      97       1
  114.000    62209.696      14    5130     700       0       0       0       7       0       0       0       0      99       1       0       0       2       0       0       0      99       1
  115.000    65071.904      14    5366     700       0       0       0       8       0       0       0       0     103       1       0       0       2       0       0       0     103       1
  116.000    67206.432      15    5542     700       0       0       0       7       0       0       0       0     108       1       0       0       2       0       0       0     108       1
  117.000    69716.928      15    5749     700       0       0       0       7       0       0       0       0     112       1       0       0       2       0       0       0     112       1
  118.000    69365.216      15    5720     700       0       0       0       5       0       0       0       0     118       1       0       0       2       0       0       0     118       1
  119.000    72894.464      16    6011     748       0       0       0      13       0       0       1       1     127       2       0       0       2       0       0       0     127       2
  120.000    78679.520      17    6488     794       0       0       0       6       0       0       0       0     136       2       0       0       2       0       0       0     136       2
  121.000    80668.512      18    6652     799       0       0       0       8       0       0       0       0     142       2       0       0       2       0       0       0     142       2
  122.000    70650.784      16    5826     799       0       0       0       9       0       0       0       0     152       2       0       0       2       0       0       0     152       2
  123.000    61397.120      14    5063     713       0       0       0      55       0       0       0       0     119       1       0       0       2       0       0       0     119       1
  124.000    64138.048      14    5289     701       0       0       0       7       0       0       0       0     121       1       0       0       2       0       0       0     121       1
  125.000    64586.784      14    5326     700       0       0       0       3       0       0       0       0     123       2       0       0       2       0       0       0     123       2
  126.000    68419.232      15    5642     711       0       0       0       9       0       0       0       0     127       2       0       0       2       0       0       0     127       2
  127.000    68758.816      15    5670     705       0       0       0       4       0       0       0       0     127       2       0       0       2       0       0       0     127       2
  128.000    71802.944      16    5921     787       0       0       0      11       0       0       0       0     132       2       0       0       2       0       0       0     132       2
  129.000    75198.784      17    6201     798       0       0       0       8       0       0       0       0     133       2       0       0       2       0       0       0     133       2
  130.000    73294.688      16    6044     799       0       0       0       6       0       0       0       0     138       2       0       0       2       0       0       0     138       2
  131.000    75999.232      17    6267     799       0       0       0       7       0       0       0       0     144       2       0       0       2       0       0       0     144       2
  132.000    70129.280      16    5783     799       0       0       0       4       0       0       0       0     148       2       0       0       2       0       0       0     148       2
  133.000    63192.064      14    5211     713       0       0       0      59       0       0       0       0     110       1       0       0       2       0       0       0     110       1
  134.000    67909.856      15    5600     701       0       0       0       8       0       0       0       0     111       1       0       0       2       0       0       0     111       1
  135.000    74495.360      17    6143     700       0       0       0       8       0       0       1       1     118       1       0       0       2       0       0       0     118       1
  136.000    79540.608      18    6559     700       0       0       0       7       0       0       0       0     123       2       0       0       2       0       0       0     123       2
  137.000    82063.232      18    6767     700       0       0       0       5       0       0       0       0     124       2       0       0       2       0       0       0     124       2
  138.000    83094.112      18    6852     700       0       0       0       2       0       0       0       0     122       1       0       0       2       0       0       0     122       1
  139.000    87787.648      20    7239     720       0       0       0      12       0       0       0       0     126       2       0       0       2       0       0       0     126       2
  140.000    93111.840      21    7678     791       0       0       0       6       0       0       0       0     134       2       0       0       2       0       0       0     134       2
  141.000    96216.608      21    7934     799       0       0       0       8       0       0       0       0     139       2       0       0       2       0       0       0     139       2
  142.000    81941.952      18    6757     799       0       0       0       8       0       0       0       0     147       2       0       0       2       0       0       0     147       2
  143.000    68407.104      15    5641     713       0       0       0      59       0       0       0       0     110       1       0       0       2       0       0       0     110       1
  144.000    72251.680      16    5958     701       0       0       0       8       0       0       0       0     110       1       0       0       2       0       0       0     110       1
  145.000    73791.936      16    6085     700       0       0       0       1       0       0       0       0     111       1       0       0       2       0       0       0     111       1
  146.000    74713.664      17    6161     700       0       0       0       4       0       0       0       0     112       1       0       0       2       0       0       0     112       1
  147.000    77515.232      17    6392     700       0       0       0       9       0       0       0       0     115       1       0       0       2       0       0       0     115       1
  148.000    78606.752      17    6482     700       0       0       0       6       0       0       0       0     119       1       0       0       2       0       0       0     119       1
  149.000    79370.816      18    6545     720       0       0       0      10       0       0       0       0     126       2       0       0       2       0       0       0     126       2
  150.000    79116.128      18    6524     791       0       0       0       3       0       0       0       0     131       2       0       0       2       0       0       0     131       2
  151.000    80304.672      18    6622     799       0       0       0       6       0       0       0       0     136       2       0       0       2       0       0       0     136       2
  152.000    75720.288      17    6244     799       0       0       0       7       0       0       0       0     142       2       0       0       2       0       0       0     142       2
  153.000    69607.776      15    5740     713       0       0       0      49       0       0       0       0     107       1       0       0       2       0       0       0     107       1
  154.000    69886.720      16    5763     701       0       0       0       3       0       0       0       0     104       1       0       0       2       0       0       0     104       1
  155.000    70541.632      16    5817     700       0       0       0       9       0       0       0       0     109       1       0       0       2       0       0       0     109       1
  156.000    74956.224      17    6181     700       0       0       0       8       0       0       0       0     114       1       0       0       2       0       0       0     114       1
  157.000    76581.376      17    6315     700       0       0       0       8       0       0       0       0     118       1       0       0       2       0       0       0     118       1
  158.000    75999.232      17    6267     700       0       0       0       5       0       0       0       0     118       1       0       0       2       0       0       0     118       1
  159.000    76678.400      17    6323     700       0       0       0       6       0       0       0       0     124       2       0       0       2       0       0       0     124       2
  160.000    75514.112      17    6227     748       0       0       0       7       0       0       0       0     128       2       0       0       2       0       0       0     128       2
  161.000    75623.264      17    6236     794       0       0       0       3       0       0       0       0     134       2       0       0       2       0       0       0     134       2
  162.000    71293.568      16    5879     799       0       0       0       8       0       0       0       0     138       2       0       0       2       0       0       0     138       2
  163.000    67958.368      15    5604     713       0       0       0      50       0       0       0       0     105       1       0       0       2       0       0       0     105       1
  164.000    70881.216      16    5845     701       0       0       0       4       0       0       0       0     106       1       0       0       2       0       0       0     106       1
  165.000    77939.712      17    6427     700       0       0       0      10       0       0       1       1     111       1       0       0       2       0       0       0     111       1
  166.000    76387.328      17    6299     700       0       0       0       9       0       0       0       0     119       1       0       0       2       0       0       0     119       1
  167.000    78849.312      18    6502     700       0       0       0       6       0       0       0       0     121       1       0       0       2       0       0       0     121       1
  168.000    82172.384      18    6776     700       0       0       0       9       0       0       0       0     126       2       0       0       2       0       0       0     126       2
  169.000    84658.624      19    6981     755       0       0       0       3       0       0       0       0     129       2       0       0       2       0       0       0     129       2
  170.000    86174.624      19    7106     795       0       0       0      15       0       0       0       0     137       2       0       0       2       0       0       0     137       2
  171.000    89230.880      20    7358     799       0       0       0       7       0       0       0       0     147       2       0       0       2       0       0       0     147       2
  172.000    75962.848      17    6264     799       0       0       0       2       0       0       0       0     149       2       0       0       2       0       0       0     149       2
  173.000    62646.304      14    5166     713       0       0       0      66       0       0       0       0     105       1       0       0       2       0       0       0     105       1
  174.000    71742.304      16    5916     701       0       0       0       5       0       0       0       0     104       1       0       0       2       0       0       0     104       1
  175.000    75526.240      17    6228     700       0       0       0      11       0       0       0       0     111       1       0       0       2       0       0       0     111       1
  176.000    75999.232      17    6267     700       0       0       0       6       0       0       0       0     116       1       0       0       2       0       0       0     116       1
  177.000    76120.512      17    6277     700       0       0       0       5       0       0       0       0     119       1       0       0       2       0       0       0     119       1
  178.000    79589.120      18    6563     700       0       0       0       3       0       0       0       0     120       1       0       0       2       0       0       0     120       1
  179.000    85459.072      19    7047     700       0       0       0       8       0       0       0       0     121       1       0       0       2       0       0       0     121       1
  180.000    87096.352      19    7182     700       0       0       0       4       0       0       0       0     124       2       0       0       2       0       0       0     124       2
  181.000    90649.856      20    7475     700       0       0       0       3       0       0       0       0     125       2       0       0       2       0       0       0     125       2
  182.000    78279.296      17    6455     767       0       0       0      10       0       0       0       0     129       2       0       0       2       0       0       0     129       2
  183.000    64671.680      14    5333     709       0       0       0      57       0       0       0       0      99       1       0       0       2       0       0       0      99       1
  184.000    67376.224      15    5556     701       0       0       0       6       0       0       0       0      99       1       0       0       2       0       0       0      99       1
  185.000    67982.624      15    5606     700       0       0       0       4       0       0       0       0      99       1       0       0       2       0       0       0      99       1
  186.000    75841.568      17    6254     700       0       0       0       4       0       0       0       0     101       1       0       0       2       0       0       0     101       1
  187.000    75307.936      17    6210     700       0       0       0      10       0       0       1       1     105       1       0       0       2       0       0       0     105       1
  188.000    76969.472      17    6347     700       0       0       0       8       0       0       0       0     113       1       0       0       2       0       0       0     113       1
  189.000    77963.968      17    6429     700       0       0       0       6       0       0       0       0     118       1       0       0       2       0       0       0     118       1
  190.000    80547.232      18    6642     700       0       0       0       8       0       0       0       0     122       1       0       0       2       0       0       0     122       1
  191.000    84998.208      19    7009     779       0       0       0      13       0       0       0       0     131       2       0       0       2       0       0       0     131       2
  192.000    79868.064      18    6586     797       0       0       0       8       0       0       0       0     138       2       0       0       2       0       0       0     138       2
  193.000    72372.960      16    5968     713       0       0       0      52       0       0       0       0     104       1       0       0       2       0       0       0     104       1
  194.000    78048.864      17    6436     701       0       0       0       5       0       0       0       0     103       1       0       0       2       0       0       0     103       1
  195.000    84197.760      19    6943     700       0       0       0      11       0       0       0       0     111       1       0       0       2       0       0       0     111       1
  196.000    92954.176      21    7665     700       0       0       0       4       0       0       0       0     117       1       0       0       2       0       0       0     117       1
  197.000    96180.224      21    7931     700       0       0       0       4       0       0       0       0     117       1       0       0       2       0       0       0     117       1
  198.000    95840.640      21    7903     700       0       0       0      10       0       0       0       0     118       1       0       0       2       0       0       0     118       1
  199.000    95913.408      21    7909     700       0       0       0       5       0       0       0       0     123       2       0       0       2       0       0       0     123       2
  200.000    98144.960      22    8093     759       0       0       0       4       0       0       0       0     128       2       0       0       2       0       0       0     128       2
  201.000    99964.160      22    8243     795       0       0       0       5       0       0       0       0     133       2       0       0       2       0       0       0     133       2
  202.000    90188.992      20    7437     799       0       0       0       5       0       0       0       0     136       2       0       0       2       0       0       0     136       2
  203.000    86441.440      19    7128     713       0       0       0      44       0       0       0       0     120       1       0       0       2       0       0       0     120       1
  204.000    90346.656      20    7450     701       0       0       0       5       0       0       0       0     121       1       0       0       2       0       0       0     121       1
  205.000    96313.632      21    7942     748       0       0       0       7       0       0       0       0     127       2       0       0       2       0       0       0     127       2
  206.000    98751.360      22    8143     766       0       0       0       5       0       0       0       0     129       2       0       0       2       0       0       0     129       2
  207.000   101734.848      23    8389     785       0       0       0       5       0       0       0       0     129       2       0       0       2       0       0       0     129       2
  208.000   102971.904      23    8491     798       0       0       0      12       0       0       0       0     135       2       0       0       2       0       0       0     135       2
  209.000   101965.280      23    8408     799       0       0       0      12       0       0       1       1     148       2       0       0       2       0       0       0     148       2
  210.000    98047.936      22    8085     799       0       0       0       7       0       0       0       0     154       2       0       0       2       0       0       0     154       2
  211.000   102705.088      23    8469     799       0       0       0       6       0       0       0       0     159       2       0       0       2       0       0       0     159       2
  212.000    95695.104      21    7891     800       0       0       0      10       0       0       0       0     169       2       0       0       2       0       0       0     169       2
  213.000    87969.568      20    7254     755       0       0       0      49       0       0       0       0     134       2       0       0       2       0       0       0     134       2
  214.000    90625.600      20    7473     795       0       0       0      13       0       0       1       1     135       2       0       0       2       0       0       0     135       2
  215.000    91171.360      20    7518     799       0       0       0       6       0       0       0       0     144       2       0       0       2       0       0       0     144       2
  216.000    93778.880      21    7733     799       0       0       0      10       0       0       0       0     151       2       0       0       2       0       0       0     151       2
  217.000    98254.112      22    8102     799       0       0       0       8       0       0       0       0     154       2       0       0       2       0       0       0     154       2
  218.000   100958.656      22    8325     799       0       0       0      10       0       0       0       0     159       2       0       0       2       0       0       0     159       2
  219.000   104924.512      23    8652     800       0       0       0       7       0       0       0       0     167       2       0       0       2       0       0       0     167       2
  220.000   105749.216      23    8720     800       0       0       0       5       0       0       0       0     171       2       0       0       2       0       0       0     171       2
  221.000   107265.216      24    8845     800       0       0       0      10       0       0       0       0     178       2       0       0       2       0       0       0     178       2
  222.000   105203.456      23    8675     800       0       0       0      11       0       0       1       1     190       2       0       0       2       0       0       0     190       2
  223.000   100679.712      22    8302     800       0       0       0      42       0       0       0       0     170       2       0       0       2       0       0       0     170       2
  224.000   101116.320      22    8338     800       0       0       0       5       0       0       0       0     170       2       0       0       2       0       0       0     170       2
  225.000   104912.384      23    8651     800       0       0       0       8       0       0       0       0     173       2       0       0       2       0       0       0     173       2
  226.000   111461.504      25    9191     800       0       0       0       4       0       0       0       0     179       2       0       0       2       0       0       0     179       2
  227.000   113207.936      25    9335     800       0       0       0       7       0       0       0       0     180       2       0       0       2       0       0       0     180       2
  228.000   114032.640      25    9403     800       0       0       0       3       0       0       0       0     181       2       0       0       2       0       0       0     181       2
  229.000   117719.552      26    9707     800       0       0       0       7       0       0       0       0     179       2       0       0       2       0       0       0     179       2
  230.000   123383.328      27   10174     800       0       0       0      10       0       0       0       0     179       2       0       0       2       0       0       0     179       2
  231.000   128889.440      29   10628     800       0       0       0       6       0       0       0       0     179       2       0       0       2       0       0       0     179       2
  232.000   120472.608      27    9934     800       0       0       0       5       0       0       0       0     181       2       0       0       2       0       0       0     181       2
  233.000   110394.240      25    9103     800       0       0       0      59       0       0       0       0     139       2       0       0       2       0       0       0     139       2
  234.000   110842.976      25    9140     800       0       0       0       8       0       0       0       0     137       2       0       0       2       0       0       0     137       2
  235.000   112795.584      25    9301     800       0       0       0       9       0       0       0       0     145       2       0       0       2       0       0       0     145       2
  236.000   112116.416      25    9245     800       0       0       0       2       0       0       0       0     143       2       0       0       2       0       0       0     143       2
  237.000   112407.488      25    9269     800       0       0       0       9       0       0       0       0     142       2       0       0       2       0       0       0     142       2
  238.000   113171.552      25    9332     800       0       0       0      11       0       0       0       0     147       2       0       0       2       0       0       0     147       2
  239.000   117161.664      26    9661     800       0       0       0      11       0       0       0       0     158       2       0       0       2       0       0       0     158       2
  240.000   117319.328      26    9674     800       0       0       0      10       0       0       0       0     169       2       0       0       2       0       0       0     169       2
  241.000   118701.920      26    9788     800       0       0       0       7       0       0       0       0     178       2       0       0       2       0       0       0     178       2
  242.000   107544.160      24    8868     800       0       0       0       7       0       0       0       0     183       2       0       0       2       0       0       0     183       2
  243.000    99952.032      22    8242     800       0       0       0      58       0       0       0       0     153       2       0       0       2       0       0       0     153       2
  244.000   102135.072      23    8422     800       0       0       0      11       0       0       0       0     158       2       0       0       2       0       0       0     158       2
  245.000   107459.264      24    8861     800       0       0       0       9       0       0       0       0     166       2       0       0       2       0       0       0     166       2
  246.000   111170.432      25    9167     800       0       0       0       6       0       0       0       0     174       2       0       0       2       0       0       0     174       2
  247.000   114287.328      25    9424     800       0       0       0       6       0       0       0       0     178       2       0       0       2       0       0       0     178       2
  248.000   117258.688      26    9669     800       0       0       0       5       0       0       0       0     180       2       0       0       2       0       0       0     180       2
  249.000   123759.296      28   10205     800       0       0       0      13       0       0       0       0     185       2       0       0       2       0       0       0     185       2
  250.000   128768.160      29   10618     800       0       0       0       7       0       0       0       0     191       2       0       0       2       0       0       0     191       2
  251.000   128986.464      29   10636     800       0       0       0       7       0       0       0       0     196       2       0       0       2       0       0       0     196       2
  252.000   117489.120      26    9688     800       0       0       0       7       0       0       0       0     201       2       0       0       2       0       0       0     201       2
  253.000   103262.976      23    8515     800       0       0       0      55       0       0       1       1     171       2       0       0       2       0       0       0     171       2
  254.000   104439.392      23    8612     800       0       0       0       8       0       0       0       0     171       2       0       0       2       0       0       0     171       2
  255.000   104936.640      23    8653     800       0       0       0       6       0       0       0       0     173       2       0       0       2       0       0       0     173       2
  256.000   106185.824      24    8756     800       0       0       0       3       0       0       0       0     171       2       0       0       2       0       0       0     171       2
  257.000   107386.496      24    8855     800       0       0       0       8       0       0       1       1     169       2       0       0       2       0       0       0     169       2
  258.000   111255.328      25    9174     800       0       0       0       6       0       0       0       0     170       2       0       0       2       0       0       0     170       2
  259.000   115585.024      26    9531     800       0       0       0       8       0       0       0       0     171       2       0       0       2       0       0       0     171       2
  260.000   120848.576      27    9965     800       0       0       0       8       0       0       0       0     173       2       0       0       2       0       0       0     173       2
  261.000   126148.512      28   10402     800       0       0       0       9       0       0       0       0     179       2       0       0       2       0       0       0     179       2
  262.000   106767.968      24    8804     800       0       0       0       5       0       0       0       0     184       2       0       0       2       0       0       0     184       2
  263.000    88745.760      20    7318     800       0       0       0      55       0       0       0       0     141       2       0       0       2       0       0       0     141       2
  264.000    91365.408      20    7534     800       0       0       0      11       0       0       0       0     140       2       0       0       2       0       0       0     140       2
  265.000    91971.808      20    7584     800       0       0       0      12       0       0       1       1     147       2       0       0       2       0       0       0     147       2
  266.000    93354.400      21    7698     800       0       0       0      10       0       0       0       0     157       2       0       0       2       0       0       0     157       2
  267.000   100218.848      22    8264     800       0       0       0       7       0       0       0       0     160       2       0       0       2       0       0       0     160       2
  268.000   107544.160      24    8868     800       0       0       0       2       0       0       0       0     156       2       0       0       2       0       0       0     156       2
  269.000   107847.360      24    8893     800       0       0       0       3       0       0       0       0     156       2       0       0       2       0       0       0     156       2
  270.000   110188.064      24    9086     800       0       0       0       9       0       0       0       0     159       2       0       0       2       0       0       0     159       2
  271.000   112662.176      25    9290     800       0       0       0      10       0       0       1       1     167       2       0       0       2       0       0       0     167       2
  272.000   104851.744      23    8646     800       0       0       0      11       0       0       0       0     176       2       0       0       2       0       0       0     176       2
  273.000    93888.032      21    7742     800       0       0       0      37       0       0       0       0     156       2       0       0       2       0       0       0     156       2
  274.000    93245.248      21    7689     800       0       0       0       7       0       0       0       0     154       2       0       0       2       0       0       0     154       2
  275.000    95580.768      21    7881     800       0       0       0       7       0       0       0       0     160       2       0       0       2       0       0       0     160       2
