  TimeSec      LoaKbps LoaUsag Packets DlyUsec LoaDrps MetDrps TabDrps FloMods MetMods GroMods  PktsIn PktsOut FloEntr FloUsag MetEntr MetUsag GroEntr GroUsag BufPkts BufUsag  T0Entr  T0Usag
    1.000        0.000       0       0     173       0       0       0       3       0       2       0       0       3       0       0       0       2       0       0       0       3       0
    2.000     1060.320       0      88     256       0       0       0       3       0       0       0       0       4       0       0       0       2       0       0       0       4       0
    3.000     3231.232       1     267     295       0       0       0       3       0       0       0       0       7       0       0       0       2       0       0       0       7       0
    4.000     6493.664       1     536     388       0       0       0       1       0       0       0       0      10       0       0       0       2       0       0       0      10       0
    5.000     7985.408       2     659     398       0       0       0       2       0       0       0       0      11       0       0       0       2       0       0       0      11       0
    6.000     9173.952       2     757     399       0       0       0       3       0       0       0       0      13       0       0       0       2       0       0       0      13       0
    7.000    13673.440       3    1128     486       0       0       0       3       0       0       0       0      17       0       0       0       2       0       0       0      17       0
    8.000    15153.056       3    1250     498       0       0       0       5       0       0       0       0      21       0       0       0       2       0       0       0      21       0
    9.000    16972.256       4    1400     499       0       0       0       3       0       0       0       0      24       0       0       0       2       0       0       0      24       0
   10.000    23266.688       5    1919     499       0       0       0       3       0       0       0       0      28       0       0       0       2       0       0       0      28       0
   11.000    25098.016       6    2070     499       0       0       0       2       0       0       0       0      30       0       0       0       2       0       0       0      30       0
   12.000    15007.520       3    1238     559       0       0       0       2       0       0       0       0      32       0       0       0       2       0       0       0      32       0
   13.000     6627.072       1     547     414       0       0       0      30       0       0       0       0      13       0       0       0       2       0       0       0      13       0
   14.000    11065.920       2     913     401       0       0       0       2       0       0       0       0      13       0       0       0       2       0       0       0      13       0
   15.000    13588.544       3    1121     400       0       0       0       3       0       0       0       0      14       0       0       0       2       0       0       0      14       0
   16.000    21265.568       5    1754     486       0       0       0       2       0       0       0       0      17       0       0       0       2       0       0       0      17       0
   17.000    23460.736       5    1935     498       0       0       0       4       0       0       0       0      21       0       0       0       2       0       0       0      21       0
   18.000    26056.128       6    2149     499       0       0       0       5       0       0       0       0      25       0       0       0       2       0       0       0      25       0
   19.000    27329.568       6    2254     499       0       0       0       2       0       0       0       0      28       0       0       0       2       0       0       0      28       0
   20.000    28724.288       6    2369     559       0       0       0       5       0       0       0       0      32       0       0       0       2       0       0       0      32       0
   21.000    30325.184       7    2501     595       0       0       0       5       0       0       0       0      36       0       0       0       2       0       0       0      36       0
   22.000    20404.480       5    1683     599       0       0       0       4       0       0       0       0      41       1       0       0       2       0       0       0      41       1
   23.000     8252.224       2     681     426       0       0       0      34       0       0       0       0      18       0       0       0       2       0       0       0      18       0
   24.000     9052.672       2     747     486       0       0       0       6       0       0       0       0      18       0       0       0       2       0       0       0      18       0
   25.000    11454.016       3     945     498       0       0       0       4       0       0       0       0      24       0       0       0       2       0       0       0      24       0
   26.000    12472.768       3    1029     499       0       0       0       3       0       0       0       0      26       0       0       0       2       0       0       0      26       0
   27.000    15856.480       4    1308     548       0       0       0       6       0       0       0       0      31       0       0       0       2       0       0       0      31       0
   28.000    20295.328       5    1674     594       0       0       0       4       0       0       0       0      37       0       0       0       2       0       0       0      37       0
   29.000    31913.952       7    2632     599       0       0       0       7       0       0       0       0      42       1       0       0       2       0       0       0      42       1
   30.000    35661.504       8    2941     599       0       0       0       5       0       0       0       0      47       1       0       0       2       0       0       0      47       1
   31.000    37783.904       8    3116     599       0       0       0       5       0       0       0       0      53       1       0       0       2       0       0       0      53       1
   32.000    22830.080       5    1883     599       0       0       0       3       0       0       0       0      56       1       0       0       2       0       0       0      56       1
   33.000     5765.984       1     476     426       0       0       0      52       0       0       0       0      19       0       0       0       2       0       0       0      19       0
   34.000     7112.192       2     587     476       0       0       0       3       0       0       0       0      17       0       0       0       2       0       0       0      17       0
   35.000     8203.712       2     677     497       0       0       0       3       0       0       0       0      20       0       0       0       2       0       0       0      20       0
   36.000    15407.744       3    1271     499       0       0       0       8       0       0       0       0      27       0       0       0       2       0       0       0      27       0
   37.000    21277.696       5    1755     559       0       0       0       7       0       0       0       0      32       0       0       0       2       0       0       0      32       0
   38.000    26541.248       6    2189     595       0       0       0       6       0       0       0       0      40       0       0       0       2       0       0       0      40       0
   39.000    28130.016       6    2320     599       0       0       0       7       0       0       0       0      46       1       0       0       2       0       0       0      46       1
   40.000    29621.760       7    2443     599       0       0       0       2       0       0       0       0      50       1       0       0       2       0       0       0      50       1
   41.000    32071.616       7    2645     599       0       0       0       3       0       0       0       0      54       1       0       0       2       0       0       0      54       1
   42.000    16377.984       4    1351     599       0       0       0       0       0       0       0       0      55       1       0       0       2       0       0       0      55       1
   43.000     4201.472       1     347     407       0       0       0      54       0       0       0       0      16       0       0       0       2       0       0       0      16       0
   44.000    13673.440       3    1128     400       0       0       0       5       0       0       0       0      14       0       0       0       2       0       0       0      14       0
   45.000    17311.840       4    1428     479       0       0       0       2       0       0       0       0      17       0       0       0       2       0       0       0      17       0
   46.000    18755.072       4    1547     497       0       0       0       6       0       0       0       0      20       0       0       0       2       0       0       0      20       0
   47.000    24770.560       6    2043     499       0       0       0       5       0       0       0       0      27       0       0       0       2       0       0       0      27       0
   48.000    29039.616       6    2395     519       0       0       0       4       0       0       0       0      31       0       0       0       2       0       0       0      31       0
   49.000    30786.048       7    2539     591       0       0       0       6       0       0       0       0      37       0       0       0       2       0       0       0      37       0
   50.000    30191.776       7    2490     599       0       0       0       3       0       0       0       0      40       0       0       0       2       0       0       0      40       0
   51.000    33963.584       8    2801     599       0       0       0       5       0       0       0       0      44       1       0       0       2       0       0       0      44       1
   52.000    27353.824       6    2256     599       0       0       0       8       0       0       0       0      52       1       0       0       2       0       0       0      52       1
   53.000    18330.592       4    1512     500       0       0       0      43       0       0       0       0      23       0       0       0       2       0       0       0      23       0
   54.000    19373.600       4    1598     500       0       0       0       1       0       0       0       0      20       0       0       0       2       0       0       0      20       0
   55.000    23679.040       5    1953     500       0       0       0       7       0       0       0       0      25       0       0       0       2       0       0       0      25       0
   56.000    28724.288       6    2369     520       0       0       0       6       0       0       0       0      30       0       0       0       2       0       0       0      30       0
   57.000    30592.000       7    2523     591       0       0       0       7       0       0       0       0      38       0       0       0       2       0       0       0      38       0
   58.000    33951.456       8    2800     599       0       0       0       6       0       0       0       0      43       1       0       0       2       0       0       0      43       1
   59.000    36037.472       8    2972     599       0       0       0       4       0       0       0       0      49       1       0       0       2       0       0       0      49       1
   60.000    36959.200       8    3048     599       0       0       0       4       0       0       0       0      54       1       0       0       2       0       0       0      54       1
   61.000    38087.104       8    3141     599       0       0       0       3       0       0       0       0      56       1       0       0       2       0       0       0      56       1
   62.000    23472.864       5    1936     600       0       0       0       2       0       0       0       0      59       1       0       0       2       0       0       0      59       1
   63.000     8300.736       2     685     443       0       0       0      62       0       0       0       0      21       0       0       0       2       0       0       0      21       0
   64.000    17178.432       4    1417     493       0       0       0       7       0       0       0       0      23       0       0       0       2       0       0       0      23       0
   65.000    19446.368       4    1604     499       0       0       0       6       0       0       0       0      29       0       0       0       2       0       0       0      29       0
   66.000    21059.392       5    1737     578       0       0       0       6       0       0       0       0      35       0       0       0       2       0       0       0      35       0
   67.000    22842.208       5    1884     597       0       0       0       7       0       0       0       0      40       0       0       0       2       0       0       0      40       0
   68.000    26480.608       6    2184     599       0       0       0       4       0       0       0       0      46       1       0       0       2       0       0       0      46       1
   69.000    28105.760       6    2318     599       0       0       0       7       0       0       0       0      52       1       0       0       2       0       0       0      52       1
   70.000    34873.184       8    2876     599       0       0       0       7       0       0       0       0      58       1       0       0       2       0       0       0      58       1
   71.000    41640.608       9    3434     667       0       0       0       7       0       0       0       0      65       1       0       0       2       0       0       0      65       1
   72.000    34873.184       8    2876     696       0       0       0       3       0       0       1       1      70       1       0       0       2       0       0       0      70       1
   73.000    29937.088       7    2469     613       0       0       0      30       0       0       0       0      47       1       0       0       2       0       0       0      47       1
   74.000    30434.336       7    2510     601       0       0       0       4       0       0       0       0      46       1       0       0       2       0       0       0      46       1
   75.000    32083.744       7    2646     600       0       0       0       3       0       0       0       0      50       1       0       0       2       0       0       0      50       1
   76.000    32908.448       7    2714     600       0       0       0       5       0       0       0       0      53       1       0       0       2       0       0       0      53       1
   77.000    36170.880       8    2983     600       0       0       0       6       0       0       0       0      59       1       0       0       2       0       0       0      59       1
   78.000    38256.896       9    3155     600       0       0       0       5       0       0       0       0      59       1       0       0       2       0       0       0      59       1
   79.000    40051.840       9    3303     600       0       0       0       5       0       0       0       0      61       1       0       0       2       0       0       0      61       1
   80.000    50372.768      11    4154     663       0       0       0       7       0       0       0       0      65       1       0       0       2       0       0       0      65       1
   81.000    51270.240      11    4228     696       0       0       0       4       0       0       0       0      69       1       0       0       2       0       0       0      69       1
   82.000    39057.344       9    3221     699       0       0       0       8       0       0       0       0      74       1       0       0       2       0       0       0      74       1
   83.000    33320.800       7    2748     613       0       0       0      48       0       0       0       0      46       1       0       0       2       0       0       0      46       1
   84.000    37650.496       8    3105     601       0       0       0       8       0       0       0       0      47       1       0       0       2       0       0       0      47       1
   85.000    40063.968       9    3304     600       0       0       0       4       0       0       0       0      52       1       0       0       2       0       0       0      52       1
   86.000    41434.432       9    3417     600       0       0       0       9       0       0       0       0      60       1       0       0       2       0       0       0      60       1
   87.000    42259.136       9    3485     683       0       0       0       9       0       0       0       0      68       1       0       0       2       0       0       0      68       1
   88.000    42647.232       9    3517     698       0       0       0       2       0       0       1       1      72       1       0       0       2       0       0       0      72       1
   89.000    42974.688      10    3544     699       0       0       0       4       0       0       0       0      76       1       0       0       2       0       0       0      76       1
   90.000    47692.480      11    3933     699       0       0       0       7       0       0       0       0      81       1       0       0       2       0       0       0      81       1
   91.000    51464.288      11    4244     699       0       0       0       5       0       0       0       0      87       1       0       0       2       0       0       0      87       1
   92.000    47753.120      11    3938     700       0       0       0       2       0       0       0       0      90       1       0       0       2       0       0       0      90       1
   93.000    44684.736      10    3685     700       0       0       0      27       0       0       0       0      80       1       0       0       2       0       0       0      80       1
   94.000    46722.240      10    3853     700       0       0       0       9       0       0       0       0      85       1       0       0       2       0       0       0      85       1
   95.000    50530.432      11    4167     700       0       0       0       4       0       0       0       0      90       1       0       0       2       0       0       0      90       1
   96.000    54047.552      12    4457     700       0       0       0       3       0       0       0       0      93       1       0       0       2       0       0       0      93       1
   97.000    56085.056      12    4625     700       0       0       0       6       0       0       0       0      97       1       0       0       2       0       0       0      97       1
   98.000    56788.480      13    4683     700       0       0       0      10       0       0       0       0     100       1       0       0       2       0       0       0     100       1
   99.000    57564.672      13    4747     700       0       0       0       8       0       0       0       0     108       1       0       0       2       0       0       0     108       1
  100.000    59032.160      13    4868     700       0       0       0       4       0       0       0       0     110       1       0       0       2       0       0       0     110       1
  101.000    61603.296      14    5080     700       0       0       0       6       0       0       0       0     111       1       0       0       2       0       0       0     111       1
  102.000    62488.640      14    5153     700       0       0       0       8       0       0       0       0     115       1       0       0       2       0       0       0     115       1
  103.000    60147.936      13    4960     700       0       0       0      39       0       0       0       0      92       1       0       0       2       0       0       0      92       1
  104.000    61894.368      14    5104     700       0       0       0       3       0       0       0       0      91       1       0       0       2       0       0       0      91       1
  105.000    60584.544      13    4996     700       0       0       0       6       0       0       0       0      95       1       0       0       2       0       0       0      95       1
  106.000    62367.360      14    5143     700       0       0       0      13       0       0       0       0     101       1       0       0       2       0       0       0     101       1
  107.000    64198.688      14    5294     700       0       0       0       6       0       0       0       0     110       1       0       0       2       0       0       0     110       1
  108.000    68067.520      15    5613     700       0       0       0       9       0       0       0       0     114       1       0       0       2       0       0       0     114       1
  109.000    68710.304      15    5666     700       0       0       0       6       0       0       0       0     115       1       0       0       2       0       0       0     115       1
  110.000    69437.984      15    5726     700       0       0       0       6       0       0       0       0     120       1       0       0       2       0       0       0     120       1
  111.000    71257.184      16    5876     736       0       0       0       8       0       0       0       0     127       2       0       0       2       0       0       0     127       2
  112.000    72736.800      16    5998     793       0       0       0       6       0       0       0       0     134       2       0       0       2       0       0       0     134       2
  113.000    74046.624      16    6106     712       0       0       0      41       0       0       1       1     115       1       0       0       2       0       0       0     115       1
  114.000    76084.128      17    6274     701       0       0       0       9       0       0       0       0     119       1       0       0       2       0       0       0     119       1
  115.000    76447.968      17    6304     720       0       0       0       7       0       0       0       0     126       2       0       0       2       0       0       0     126       2
  116.000    78679.520      17    6488     791       0       0       0      10       0       0       0       0     134       2       0       0       2       0       0       0     134       2
  117.000    82596.864      18    6811     799       0       0       0      10       0       0       1       1     141       2       0       0       2       0       0       0     141       2
  118.000    88636.608      20    7309     799       0       0       0       7       0       0       0       0     145       2       0       0       2       0       0       0     145       2
  119.000    88636.608      20    7309     799       0       0       0       7       0       0       0       0     153       2       0       0       2       0       0       0     153       2
  120.000    89206.624      20    7356     799       0       0       0       6       0       0       0       0     154       2       0       0       2       0       0       0     154       2
  121.000    92796.512      21    7652     800       0       0       0       9       0       0       0       0     158       2       0       0       2       0       0       0     158       2
  122.000    84658.624      19    6981     800       0       0       0       9       0       0       0       0     162       2       0       0       2       0       0       0     162       2
  123.000    78533.984      17    6476     713       0       0       0      51       0       0       0       0     126       2       0       0       2       0       0       0     126       2
  124.000    83761.152      19    6907     721       0       0       0       6       0       0       0       0     127       2       0       0       2       0       0       0     127       2
  125.000    87411.680      19    7208     791       0       0       0       4       0       0       0       0     131       2       0       0       2       0       0       0     131       2
  126.000    89910.048      20    7414     799       0       0       0       6       0       0       0       0     135       2       0       0       2       0       0       0     135       2
  127.000    90613.472      20    7472     799       0       0       0       5       0       0       0       0     135       2       0       0       2       0       0       0     135       2
  128.000    96386.400      21    7948     799       0       0       0       5       0       0       0       0     135       2       0       0       2       0       0       0     135       2
  129.000   100291.616      22    8270     799       0       0       0       5       0       0       0       0     133       2       0       0       2       0       0       0     133       2
  130.000   103590.432      23    8542     800       0       0       0       6       0       0       0       0     131       2       0       0       2       0       0       0     131       2
  131.000   103311.488      23    8519     800       0       0       0       5       0       0       0       0     134       2       0       0       2       0       0       0     134       2
  132.000    82706.016      18    6820     800       0       0       0       8       0       0       0       0     140       2       0       0       2       0       0       0     140       2
  133.000    64865.728      14    5349     713       0       0       0      63       0       0       0       0      93       1       0       0       2       0       0       0      93       1
  134.000    66818.336      15    5510     701       0       0       0       8       0       0       0       0      92       1       0       0       2       0       0       0      92       1
  135.000    66466.624      15    5481     700       0       0       0       5       0       0       0       0      97       1       0       0       2       0       0       0      97       1
  136.000    67073.024      15    5531     700       0       0       0       5       0       0       0       0     100       1       0       0       2       0       0       0     100       1
  137.000    70117.152      16    5782     700       0       0       0       8       0       0       0       0     106       1       0       0       2       0       0       0     106       1
  138.000    74592.384      17    6151     700       0       0       0       6       0       0       0       0     112       1       0       0       2       0       0       0     112       1
  139.000    76314.560      17    6293     700       0       0       0       4       0       0       0       0     118       1       0       0       2       0       0       0     118       1
  140.000    76399.456      17    6300     700       0       0       0       7       0       0       0       0     123       2       0       0       2       0       0       0     123       2
  141.000    78339.936      17    6460     720       0       0       0       6       0       0       0       0     127       2       0       0       2       0       0       0     127       2
  142.000    73864.704      16    6091     791       0       0       0       4       0       0       0       0     133       2       0       0       2       0       0       0     133       2
  143.000    66163.424      15    5456     712       0       0       0      53       0       0       0       0      97       1       0       0       2       0       0       0      97       1
  144.000    70517.376      16    5815     701       0       0       0       6       0       0       0       0      96       1       0       0       2       0       0       0      96       1
  145.000    72300.192      16    5962     700       0       0       0       7       0       0       0       0     101       1       0       0       2       0       0       0     101       1
  146.000    76411.584      17    6301     700       0       0       0       6       0       0       0       0     106       1       0       0       2       0       0       0     106       1
  147.000    76266.048      17    6289     700       0       0       0       7       0       0       0       0     109       1       0       0       2       0       0       0     109       1
  148.000    74798.560      17    6168     700       0       0       0       9       0       0       1       1     115       1       0       0       2       0       0       0     115       1
  149.000    72858.080      16    6008     700       0       0       0       7       0       0       0       0     120       1       0       0       2       0       0       0     120       1
  150.000    78315.680      17    6458     700       0       0       0       4       0       0       0       0     123       2       0       0       2       0       0       0     123       2
  151.000    80013.600      18    6598     700       0       0       0       1       0       0       0       0     125       2       0       0       2       0       0       0     125       2
  152.000    69486.496      15    5730     783       0       0       0       6       0       0       0       0     129       2       0       0       2       0       0       0     129       2
  153.000    62852.480      14    5183     711       0       0       0      52       0       0       0       0      98       1       0       0       2       0       0       0      98       1
  154.000    68916.480      15    5683     701       0       0       0       9       0       0       0       0     103       1       0       0       2       0       0       0     103       1
  155.000    73804.064      16    6086     700       0       0       0       7       0       0       0       0     108       1       0       0       2       0       0       0     108       1
  156.000    77078.624      17    6356     700       0       0       0       3       0       0       0       0     111       1       0       0       2       0       0       0     111       1
  157.000    82354.304      18    6791     700       0       0       0       7       0       0       0       0     115       1       0       0       2       0       0       0     115       1
  158.000    84234.144      19    6946     700       0       0       0       7       0       0       0       0     120       1       0       0       2       0       0       0     120       1
  159.000    89946.432      20    7417     700       0       0       0       6       0       0       0       0     125       2       0       0       2       0       0       0     125       2
  160.000    91110.720      20    7513     700       0       0       0       3       0       0       0       0     127       2       0       0       2       0       0       0     127       2
  161.000    97211.104      22    8016     786       0       0       0       6       0       0       0       0     131       2       0       0       2       0       0       0     131       2
  162.000    78946.336      18    6510     798       0       0       0       8       0       0       0       0     134       2       0       0       2       0       0       0     134       2
  163.000    60487.520      13    4988     713       0       0       0      62       0       0       0       0      91       1       0       0       2       0       0       0      91       1
  164.000    64647.424      14    5331     701       0       0       0       7       0       0       0       0      91       1       0       0       2       0       0       0      91       1
  165.000    73064.256      16    6025     700       0       0       0      15       0       0       1       1      99       1       0       0       2       0       0       0      99       1
  166.000    88442.560      20    7293     700       0       0       0       4       0       0       0       0     109       1       0       0       2       0       0       0     109       1
  167.000    88672.992      20    7312     700       0       0       0       8       0       0       1       1     114       1       0       0       2       0       0       0     114       1
  168.000    88005.952      20    7257     700       0       0       0      10       0       0       1       1     121       1       0       0       2       0       0       0     121       1
  169.000    86562.720      19    7138     700       0       0       0       6       0       0       0       0     126       2       0       0       2       0       0       0     126       2
  170.000    85725.888      19    7069     779       0       0       0       5       0       0       0       0     130       2       0       0       2       0       0       0     130       2
  171.000    87181.248      19    7189     797       0       0       0       5       0       0       0       0     135       2       0       0       2       0       0       0     135       2
  172.000    74944.096      17    6180     799       0       0       0       8       0       0       0       0     140       2       0       0       2       0       0       0     140       2
  173.000    63301.216      14    5220     713       0       0       0      54       0       0       0       0     105       1       0       0       2       0       0       0     105       1
  174.000    68116.032      15    5617     701       0       0       0      10       0       0       0       0     106       1       0       0       2       0       0       0     106       1
  175.000    74143.648      16    6114     700       0       0       0       7       0       0       0       0     115       1       0       0       2       0       0       0     115       1
  176.000    76314.560      17    6293     700       0       0       0       5       0       0       0       0     117       1       0       0       2       0       0       0     117       1
  177.000    78485.472      17    6472     700       0       0       0       2       0       0       0       0     115       1       0       0       2       0       0       0     115       1
  178.000    80923.200      18    6673     700       0       0       0       3       0       0       0       0     112       1       0       0       2       0       0       0     112       1
  179.000    81493.216      18    6720     700       0       0       0       4       0       0       0       0     109       1       0       0       2       0       0       0     109       1
  180.000    81565.984      18    6726     700       0       0       0       8       0       0       0       0     114       1       0       0       2       0       0       0     114       1
  181.000    78145.888      17    6444     700       0       0       0       3       0       0       0       0     120       1       0       0       2       0       0       0     120       1
  182.000    67279.200      15    5548     700       0       0       0       5       0       0       0       0     122       1       0       0       2       0       0       0     122       1
  183.000    56679.328      13    4674     700       0       0       0      41       0       0       0       0      92       1       0       0       2       0       0       0      92       1
  184.000    58644.064      13    4836     700       0       0       0       6       0       0       0       0      90       1       0       0       2       0       0       0      90       1
  185.000    61057.536      14    5035     700       0       0       0       3       0       0       0       0      92       1       0       0       2       0       0       0      92       1
  186.000    62888.864      14    5186     700       0       0       0       7       0       0       0       0      96       1       0       0       2       0       0       0      96       1
  187.000    61688.192      14    5087     700       0       0       0       4       0       0       0       0      97       1       0       0       2       0       0       0      97       1
  188.000    60232.832      13    4967     700       0       0       0       4       0       0       1       1      97       1       0       0       2       0       0       0      97       1
  189.000    63046.528      14    5199     700       0       0       0       7       0       0       0       0      98       1       0       0       2       0       0       0      98       1
  190.000    67546.016      15    5570     700       0       0       0       3       0       0       0       0      99       1       0       0       2       0       0       0      99       1
  191.000    71475.488      16    5894     700       0       0       0       8       0       0       0       0     103       1       0       0       2       0       0       0     103       1
  192.000    64938.496      14    5355     700       0       0       0      13       0       0       0       0     115       1       0       0       2       0       0       0     115       1
  193.000    53974.784      12    4451     700       0       0       0      57       0       0       1       1      83       1       0       0       2       0       0       0      83       1
  194.000    54314.368      12    4479     700       0       0       0       4       0       0       1       1      84       1       0       0       2       0       0       0      84       1
  195.000    54326.496      12    4480     700       0       0       0       3       0       0       0       0      88       1       0       0       2       0       0       0      88       1
  196.000    54496.288      12    4494     700       0       0       0       5       0       0       0       0      90       1       0       0       2       0       0       0      90       1
  197.000    53865.632      12    4442     700       0       0       0      10       0       0       1       1      95       1       0       0       2       0       0       0      95       1
  198.000    54605.440      12    4503     700       0       0       0       3       0       0       0       0     100       1       0       0       2       0       0       0     100       1
  199.000    59650.688      13    4919     700       0       0       0       9       0       0       0       0     107       1       0       0       2       0       0       0     107       1
  200.000    63944.000      14    5273     700       0       0       0       3       0       0       0       0     113       1       0       0       2       0       0       0     113       1
  201.000    65726.816      15    5420     700       0       0       0       3       0       0       0       0     115       1       0       0       2       0       0       0     115       1
  202.000    59007.904      13    4866     700       0       0       0       5       0       0       0       0     118       1       0       0       2       0       0       0     118       1
  203.000    51828.128      12    4274     700       0       0       0      45       0       0       0       0      86       1       0       0       2       0       0       0      86       1
  204.000    52810.496      12    4355     700       0       0       0       8       0       0       0       0      84       1       0       0       2       0       0       0      84       1
  205.000    57115.936      13    4710     700       0       0       0       6       0       0       0       0      89       1       0       0       2       0       0       0      89       1
  206.000    60317.728      13    4974     700       0       0       0       3       0       0       0       0      94       1       0       0       2       0       0       0      94       1
  207.000    63944.000      14    5273     700       0       0       0       6       0       0       0       0      92       1       0       0       2       0       0       0      92       1
  208.000    67060.896      15    5530     700       0       0       0       7       0       0       0       0      92       1       0       0       2       0       0       0      92       1
  209.000    72773.184      16    6001     700       0       0       0       8       0       0       0       0      98       1       0       0       2       0       0       0      98       1
  210.000    71596.768      16    5904     700       0       0       0       4       0       0       0       0     102       1       0       0       2       0       0       0     102       1
  211.000    72821.696      16    6005     700       0       0       0       9       0       0       0       0     108       1       0       0       2       0       0       0     108       1
  212.000    62052.032      14    5117     700       0       0       0       4       0       0       0       0     113       1       0       0       2       0       0       0     113       1
  213.000    49269.120      11    4063     700       0       0       0      57       0       0       0       0      78       1       0       0       2       0       0       0      78       1
  214.000    48201.856      11    3975     700       0       0       0       4       0       0       0       0      78       1       0       0       2       0       0       0      78       1
  215.000    49790.624      11    4106     700       0       0       0       5       0       0       0       0      82       1       0       0       2       0       0       0      82       1
  216.000    51876.640      12    4278     700       0       0       0       6       0       0       0       0      86       1       0       0       2       0       0       0      86       1
  217.000    56642.944      13    4671     700       0       0       0       5       0       0       0       0      90       1       0       0       2       0       0       0      90       1
  218.000    57649.568      13    4754     700       0       0       0       2       0       0       0       0      90       1       0       0       2       0       0       0      90       1
  219.000    57261.472      13    4722     700       0       0       0       0       0       0       0       0      90       1       0       0       2       0       0       0      90       1
  220.000    59311.104      13    4891     700       0       0       0       7       0       0       0       0      93       1       0       0       2       0       0       0      93       1
  221.000    63968.256      14    5275     700       0       0       0       6       0       0       0       0      99       1       0       0       2       0       0       0      99       1
  222.000    54023.296      12    4455     700       0       0       0       9       0       0       0       0     107       1       0       0       2       0       0       0     107       1
  223.000    48747.616      11    4020     700       0       0       0      46       0       0       0       0      80       1       0       0       2       0       0       0      80       1
  224.000    52749.856      12    4350     700       0       0       0       8       0       0       0       0      84       1       0       0       2       0       0       0      84       1
  225.000    50797.248      11    4189     700       0       0       0       8       0       0       0       0      89       1       0       0       2       0       0       0      89       1
  226.000    52883.264      12    4361     700       0       0       0       5       0       0       0       0      93       1       0       0       2       0       0       0      93       1
  227.000    53780.736      12    4435     700       0       0       0       4       0       0       0       0      95       1       0       0       2       0       0       0      95       1
  228.000    54629.696      12    4505     700       0       0       0       5       0       0       0       0      98       1       0       0       2       0       0       0      98       1
  229.000    57237.216      13    4720     700       0       0       0      11       0       0       0       0     105       1       0       0       2       0       0       0     105       1
  230.000    58001.280      13    4783     700       0       0       0       5       0       0       0       0     112       1       0       0       2       0       0       0     112       1
  231.000    59141.312      13    4877     700       0       0       0       6       0       0       0       0     118       1       0       0       2       0       0       0     118       1
  232.000    55114.816      12    4545     700       0       0       0       7       0       0       0       0     124       2       0       0       2       0       0       0     124       2
  233.000    52664.960      12    4343     700       0       0       0      55       0       0       0       0      92       1       0       0       2       0       0       0      92       1
  234.000    58559.168      13    4829     700       0       0       0      10       0       0       1       1      94       1       0       0       2       0       0       0      94       1
  235.000    58425.760      13    4818     700       0       0       0       3       0       0       0       0      99       1       0       0       2       0       0       0      99       1
  236.000    56812.736      13    4685     700       0       0       0       6       0       0       0       0     102       1       0       0       2       0       0       0     102       1
  237.000    60172.192      13    4962     700       0       0       0       7       0       0       0       0     105       1       0       0       2       0       0       0     105       1
  238.000    72518.496      16    5980     700       0       0       0       8       0       0       0       0     109       1       0       0       2       0       0       0     109       1
  239.000    75938.592      17    6262     700       0       0       0       8       0       0       0       0     114       1       0       0       2       0       0       0     114       1
  240.000    78461.216      17    6470     700       0       0       0       9       0       0       0       0     118       1       0       0       2       0       0       0     118       1
  241.000    81250.656      18    6700     700       0       0       0       3       0       0       0       0     122       1       0       0       2       0       0       0     122       1
  242.000    70105.024      16    5781     700       0       0       0       3       0       0       0       0     125       2       0       0       2       0       0       0     125       2
  243.000    60572.416      13    4995     700       0       0       0      40       0       0       0       0     101       1       0       0       2       0       0       0     101       1
  244.000    64319.968      14    5304     700       0       0       0       5       0       0       0       0     101       1       0       0       2       0       0       0     101       1
  245.000    66381.728      15    5474     700       0       0       0       3       0       0       0       0     104       1       0       0       2       0       0       0     104       1
  246.000    67703.680      15    5583     700       0       0       0       6       0       0       0       0     105       1       0       0       2       0       0       0     105       1
  247.000    70953.984      16    5851     700       0       0       0       6       0       0       0       0     108       1       0       0       2       0       0       0     108       1
  248.000    70869.088      16    5844     700       0       0       0       3       0       0       0       0     108       1       0       0       2       0       0       0     108       1
  249.000    73064.256      16    6025     700       0       0       0       6       0       0       1       1     105       1       0       0       2       0       0       0     105       1
  250.000    74046.624      16    6106     700       0       0       0       5       0       0       0       0     107       1       0       0       2       0       0       0     107       1
  251.000    79140.384      18    6526     700       0       0       0       5       0       0       0       0     107       1       0       0       2       0       0       0     107       1
  252.000    67655.168      15    5579     700       0       0       0       6       0       0       0       0     111       1       0       0       2       0       0       0     111       1
  253.000    57637.440      13    4753     696       0       0       0      68       0       0       1       1      79       1       0       0       2       0       0       0      79       1
  254.000    60790.720      14    5013     699       0       0       0       8       0       0       0       0      83       1       0       0       2       0       0       0      83       1
  255.000    61239.456      14    5050     699       0       0       0      10       0       0       0       0      88       1       0       0       2       0       0       0      88       1
  256.000    65096.160      14    5368     699       0       0       0       7       0       0       1       1      97       1       0       0       2       0       0       0      97       1
  257.000    66102.784      15    5451     700       0       0       0       5       0       0       0       0     103       1       0       0       2       0       0       0     103       1
  258.000    68479.872      15    5647     700       0       0       0       7       0       0       0       0     108       1       0       0       2       0       0       0     108       1
  259.000    73949.600      16    6098     700       0       0       0       9       0       0       0       0     116       1       0       0       2       0       0       0     116       1
  260.000    74956.224      17    6181     700       0       0       0       6       0       0       0       0     124       2       0       0       2       0       0       0     124       2
  261.000    75320.064      17    6211     783       0       0       0      13       0       0       0       0     134       2       0       0       2       0       0       0     134       2
  262.000    67254.944      15    5546     798       0       0       0       2       0       0       0       0     140       2       0       0       2       0       0       0     140       2
  263.000    59953.888      13    4944     713       0       0       0      39       0       0       0       0     111       1       0       0       2       0       0       0     111       1
  264.000    60899.872      14    5022     701       0       0       0       5       0       0       0       0     110       1       0       0       2       0       0       0     110       1
  265.000    65362.976      15    5390     700       0       0       0      10       0       0       0       0     117       1       0       0       2       0       0       0     117       1
  266.000    69195.424      15    5706     700       0       0       0       6       0       0       0       0     122       1       0       0       2       0       0       0     122       1
  267.000    72748.928      16    5999     710       0       0       0       6       0       0       0       0     127       2       0       0       2       0       0       0     127       2
  268.000    76290.304      17    6291     713       0       0       0      13       0       0       0       0     126       2       0       0       2       0       0       0     126       2
  269.000    82451.328      18    6799     701       0       0       0       5       0       0       0       0     126       2       0       0       2       0       0       0     126       2
  270.000    84209.888      19    6944     700       0       0       0       4       0       0       0       0     125       2       0       0       2       0       0       0     125       2
  271.000    93063.328      21    7674     748       0       0       0       6       0       0       0       0     128       2       0       0       2       0       0       0     128       2
  272.000    83239.648      18    6864     794       0       0       0      10       0       0       0       0     136       2       0       0       2       0       0       0     136       2
  273.000    70711.424      16    5831     712       0       0       0      54       0       0       0       0      95       1       0       0       2       0       0       0      95       1
  274.000    73282.560      16    6043     701       0       0       0      10       0       0       0       0      93       1       0       0       2       0       0       0      93       1
  275.000    77643.456      17    6402     700       0       0       0       2       0       0       0       0      98       1       0       0       2       0       0       0      98       1
