  TimeSec      LoaKbps LoaUsag Packets DlyUsec LoaDrps MetDrps TabDrps FloMods MetMods GroMods  PktsIn PktsOut FloEntr FloUsag MetEntr MetUsag GroEntr GroUsag BufPkts BufUsag  T0Entr  T0Usag
    1.000        0.000       0       0     173       0       0       0       3       0       2       0       0       3       0       0       0       2       0       0       0       3       0
    2.000     2212.480       0     183     312       0       0       0       8       0       0       0       0       6       0       0       0       2       0       0       0       6       0
    3.000     7451.776       2     615     426       0       0       0       6       0       0       0       0      15       0       0       0       2       0       0       0      15       0
    4.000    10095.680       2     833     492       0       0       0      10       0       0       0       0      21       0       0       0       2       0       0       0      21       0
    5.000    14886.240       3    1228     499       0       0       0       2       0       0       0       0      28       0       0       0       2       0       0       0      28       0
    6.000    19749.568       4    1629     583       0       0       0      12       0       0       0       0      36       0       0       0       2       0       0       0      36       0
    7.000    27826.816       6    2295     598       0       0       0       8       0       0       0       0      45       1       0       0       2       0       0       0      45       1
    8.000    31453.088       7    2594     599       0       0       0       6       0       0       0       0      51       1       0       0       2       0       0       0      51       1
    9.000    34545.728       8    2849     599       0       0       0       4       0       0       0       0      56       1       0       0       2       0       0       0      56       1
   10.000    38293.280       9    3158     599       0       0       0       6       0       0       0       0      62       1       0       0       2       0       0       0      62       1
   11.000    40900.800       9    3373     689       0       0       0       8       0       0       0       0      68       1       0       0       2       0       0       0      68       1
   12.000    29451.968       7    2429     698       0       0       0      16       0       0       0       0      83       1       0       0       2       0       0       0      83       1
   13.000    12909.376       3    1065     526       0       0       0      33       0       0       0       0      36       0       0       0       2       0       0       0      36       0
   14.000    13734.080       3    1133     561       0       0       0       6       0       0       0       0      34       0       0       0       2       0       0       0      34       0
   15.000    15068.160       3    1243     595       0       0       0       4       0       0       0       0      38       0       0       0       2       0       0       0      38       0
   16.000    16911.616       4    1395     599       0       0       0      12       0       0       0       0      46       1       0       0       2       0       0       0      46       1
   17.000    21968.992       5    1812     599       0       0       0       6       0       0       0       0      54       1       0       0       2       0       0       0      54       1
   18.000    24443.104       5    2016     599       0       0       0       4       0       0       0       0      58       1       0       0       2       0       0       0      58       1
   19.000    26917.216       6    2220     659       0       0       0       6       0       0       0       0      64       1       0       0       2       0       0       0      64       1
   20.000    28505.984       6    2351     695       0       0       0       4       0       0       0       0      69       1       0       0       2       0       0       0      69       1
   21.000    34861.056       8    2875     699       0       0       0      12       0       0       0       0      77       1       0       0       2       0       0       0      77       1
   22.000    24661.408       5    2034     699       0       0       0       6       0       0       0       0      85       1       0       0       2       0       0       0      85       1
   23.000    11575.296       3     955     526       0       0       0      40       0       0       0       0      32       0       0       0       2       0       0       0      32       0
   24.000    12788.096       3    1055     502       0       0       0       0       0       0       0       0      27       0       0       0       2       0       0       0      27       0
   25.000    13212.576       3    1090     500       0       0       0       4       0       0       0       0      29       0       0       0       2       0       0       0      29       0
   26.000    15310.720       3    1263     559       0       0       0       8       0       0       0       0      34       0       0       0       2       0       0       0      34       0
   27.000    21132.160       5    1743     595       0       0       0      14       0       0       0       0      43       1       0       0       2       0       0       0      43       1
   28.000    26638.272       6    2197     599       0       0       0       6       0       0       0       0      54       1       0       0       2       0       0       0      54       1
   29.000    29488.352       7    2432     619       0       0       0       6       0       0       0       0      62       1       0       0       2       0       0       0      62       1
   30.000    34230.400       8    2823     691       0       0       0       8       0       0       0       0      70       1       0       0       2       0       0       0      70       1
   31.000    36377.056       8    3000     699       0       0       0       6       0       0       0       0      76       1       0       0       2       0       0       0      76       1
   32.000    22817.952       5    1882     699       0       0       0      10       0       0       0       0      85       1       0       0       2       0       0       0      85       1
   33.000     8616.064       2     711     526       0       0       0      41       0       0       0       0      32       0       0       0       2       0       0       0      32       0
   34.000    12436.384       3    1026     502       0       0       0       4       0       0       0       0      29       0       0       0       2       0       0       0      29       0
   35.000    13564.288       3    1119     500       0       0       0       2       0       0       0       0      31       0       0       0       2       0       0       0      31       0
   36.000    14316.224       3    1181     573       0       0       0       6       0       0       0       0      33       0       0       0       2       0       0       0      33       0
   37.000    16669.056       4    1375     597       0       0       0       6       0       0       0       0      42       1       0       0       2       0       0       0      42       1
   38.000    17833.344       4    1471     599       0       0       0       2       0       0       0       0      44       1       0       0       2       0       0       0      44       1
   39.000    22490.496       5    1855     599       0       0       0       4       0       0       0       0      47       1       0       0       2       0       0       0      47       1
   40.000    28857.696       6    2380     599       0       0       0       8       0       0       0       0      53       1       0       0       2       0       0       0      53       1
   41.000    35697.888       8    2944     659       0       0       0      12       0       0       0       0      64       1       0       0       2       0       0       0      64       1
   42.000    27875.328       6    2299     695       0       0       0       4       0       0       0       0      71       1       0       0       2       0       0       0      71       1
   43.000    17724.192       4    1462     526       0       0       0      35       0       0       0       0      32       0       0       0       2       0       0       0      32       0
   44.000    19240.192       4    1587     538       0       0       0       8       0       0       0       0      31       0       0       0       2       0       0       0      31       0
   45.000    21568.768       5    1779     593       0       0       0       0       0       0       0       0      35       0       0       0       2       0       0       0      35       0
   46.000    22320.704       5    1841     599       0       0       0       8       0       0       0       0      39       0       0       0       2       0       0       0      39       0
   47.000    23970.112       5    1977     599       0       0       0       6       0       0       0       0      47       1       0       0       2       0       0       0      47       1
   48.000    28505.984       6    2351     599       0       0       0      12       0       0       0       0      56       1       0       0       2       0       0       0      56       1
   49.000    30191.776       7    2490     599       0       0       0       2       0       0       0       0      61       1       0       0       2       0       0       0      61       1
   50.000    32083.744       7    2646     673       0       0       0      10       0       0       0       0      66       1       0       0       2       0       0       0      66       1
   51.000    38414.560       9    3168     697       0       0       0       4       0       0       0       0      74       1       0       0       2       0       0       0      74       1
   52.000    21411.104       5    1766     699       0       0       0       4       0       0       0       0      79       1       0       0       2       0       0       0      79       1
   53.000     5559.808       1     459     526       0       0       0      41       0       0       0       0      34       0       0       0       2       0       0       0      34       0
   54.000     8919.264       2     736     561       0       0       0      10       0       0       0       0      34       0       0       0       2       0       0       0      34       0
   55.000    17008.640       4    1403     595       0       0       0      10       0       0       0       0      45       1       0       0       2       0       0       0      45       1
   56.000    26929.344       6    2221     599       0       0       0      14       0       0       0       0      57       1       0       0       2       0       0       0      57       1
   57.000    29961.344       7    2471     599       0       0       0       0       0       0       0       0      62       1       0       0       2       0       0       0      62       1
   58.000    31804.800       7    2623     686       0       0       0       8       0       0       0       0      68       1       0       0       2       0       0       0      68       1
   59.000    35273.408       8    2909     698       0       0       0       6       0       0       0       0      72       1       0       0       2       0       0       0      72       1
   60.000    39324.160       9    3243     699       0       0       0       4       0       0       0       0      79       1       0       0       2       0       0       0      79       1
   61.000    39627.360       9    3268     699       0       0       0       0       0       0       0       0      79       1       0       0       2       0       0       0      79       1
   62.000    23339.456       5    1925     699       0       0       0       6       0       0       0       0      82       1       0       0       2       0       0       0      82       1
   63.000    12836.608       3    1059     613       0       0       0      23       0       0       0       0      58       1       0       0       2       0       0       0      58       1
   64.000    16814.592       4    1387     601       0       0       0       8       0       0       0       0      59       1       0       0       2       0       0       0      59       1
   65.000    20440.864       5    1686     683       0       0       0      10       0       0       0       0      66       1       0       0       2       0       0       0      66       1
   66.000    26905.088       6    2219     698       0       0       0      10       0       0       0       0      78       1       0       0       2       0       0       0      78       1
   67.000    30494.976       7    2515     699       0       0       0       8       0       0       0       0      83       1       0       0       2       0       0       0      83       1
   68.000    38547.968       9    3179     699       0       0       0       2       0       0       0       0      88       1       0       0       2       0       0       0      88       1
   69.000    39384.800       9    3248     699       0       0       0       8       0       0       0       0      88       1       0       0       2       0       0       0      88       1
   70.000    41531.456       9    3425     700       0       0       0       0       0       0       0       0      89       1       0       0       2       0       0       0      89       1
   71.000    43156.608      10    3559     700       0       0       0       6       0       0       0       0      92       1       0       0       2       0       0       0      92       1
   72.000    27560.000       6    2273     700       0       0       0       2       0       0       0       0      94       1       0       0       2       0       0       0      94       1
   73.000    10447.392       2     862     613       0       0       0      29       0       0       0       0      56       1       0       0       2       0       0       0      56       1
   74.000    10762.720       2     888     601       0       0       0       2       0       0       0       0      52       1       0       0       2       0       0       0      52       1
   75.000    10774.848       2     889     600       0       0       0       4       0       0       0       0      52       1       0       0       2       0       0       0      52       1
   76.000    11999.776       3     990     600       0       0       0       4       0       0       0       0      56       1       0       0       2       0       0       0      56       1
   77.000    14728.576       3    1215     600       0       0       0       4       0       0       0       0      58       1       0       0       2       0       0       0      58       1
   78.000    18949.120       4    1563     673       0       0       0       8       0       0       0       0      64       1       0       0       2       0       0       0      64       1
   79.000    21192.800       5    1748     697       0       0       0       6       0       0       0       0      69       1       0       0       2       0       0       0      69       1
   80.000    24528.000       5    2023     699       0       0       0       4       0       0       0       0      72       1       0       0       2       0       0       0      72       1
   81.000    29197.280       6    2408     699       0       0       0       6       0       0       0       0      74       1       0       0       2       0       0       0      74       1
   82.000    24794.816       6    2045     699       0       0       0      10       0       0       0       0      80       1       0       0       2       0       0       0      80       1
   83.000    20950.240       5    1728     613       0       0       0      21       0       0       0       0      62       1       0       0       2       0       0       0      62       1
   84.000    26068.256       6    2150     668       0       0       0       8       0       0       0       0      64       1       0       0       2       0       0       0      64       1
   85.000    29451.968       7    2429     696       0       0       0       4       0       0       0       0      68       1       0       0       2       0       0       0      68       1
   86.000    31792.672       7    2622     699       0       0       0       4       0       0       0       0      72       1       0       0       2       0       0       0      72       1
   87.000    35212.768       8    2904     699       0       0       0       8       0       0       0       0      77       1       0       0       2       0       0       0      77       1
   88.000    44357.280      10    3658     699       0       0       0      10       0       0       0       0      87       1       0       0       2       0       0       0      87       1
   89.000    48347.392      11    3987     700       0       0       0       6       0       0       0       0      93       1       0       0       2       0       0       0      93       1
   90.000    51985.792      12    4287     700       0       0       0      12       0       0       0       0     102       1       0       0       2       0       0       0     102       1
   91.000    56315.488      13    4644     700       0       0       0       8       0       0       0       0     110       1       0       0       2       0       0       0     110       1
   92.000    38972.448       9    3214     700       0       0       0       6       0       0       0       0     115       1       0       0       2       0       0       0     115       1
   93.000    20416.608       5    1684     700       0       0       0      23       0       0       0       0      78       1       0       0       2       0       0       0      78       1
   94.000    23230.304       5    1916     700       0       0       0       6       0       0       0       0      75       1       0       0       2       0       0       0      75       1
   95.000    30070.496       7    2480     700       0       0       0       6       0       0       0       0      79       1       0       0       2       0       0       0      79       1
   96.000    34339.552       8    2832     700       0       0       0      10       0       0       0       0      85       1       0       0       2       0       0       0      85       1
   97.000    36546.848       8    3014     700       0       0       0       2       0       0       0       0      92       1       0       0       2       0       0       0      92       1
   98.000    38402.432       9    3167     700       0       0       0       6       0       0       0       0      95       1       0       0       2       0       0       0      95       1
   99.000    41992.320       9    3463     700       0       0       0       4       0       0       0       0      99       1       0       0       2       0       0       0      99       1
  100.000    43896.416      10    3620     700       0       0       0       8       0       0       0       0     102       1       0       0       2       0       0       0     102       1
  101.000    48104.832      11    3967     700       0       0       0       8       0       0       0       0     108       1       0       0       2       0       0       0     108       1
  102.000    32653.760       7    2693     700       0       0       0       8       0       0       0       0     115       1       0       0       2       0       0       0     115       1
  103.000    17918.240       4    1478     700       0       0       0      28       0       0       0       0      90       1       0       0       2       0       0       0      90       1
  104.000    19555.520       4    1613     700       0       0       0      10       0       0       0       0      92       1       0       0       2       0       0       0      92       1
  105.000    23630.528       5    1949     700       0       0       0       4       0       0       0       0      95       1       0       0       2       0       0       0      95       1
  106.000    24855.456       6    2050     700       0       0       0       2       0       0       0       0      96       1       0       0       2       0       0       0      96       1
  107.000    25279.936       6    2085     700       0       0       0       4       0       0       0       0      99       1       0       0       2       0       0       0      99       1
  108.000    26674.656       6    2200     700       0       0       0      10       0       0       0       0     106       1       0       0       2       0       0       0     106       1
  109.000    28360.448       6    2339     700       0       0       0       4       0       0       0       0     109       1       0       0       2       0       0       0     109       1
  110.000    34533.600       8    2848     700       0       0       0       6       0       0       0       0     114       1       0       0       2       0       0       0     114       1
  111.000    37335.168       8    3079     700       0       0       0       4       0       0       0       0     120       1       0       0       2       0       0       0     120       1
  112.000    27378.080       6    2258     700       0       0       0       6       0       0       0       0     122       1       0       0       2       0       0       0     122       1
  113.000    17020.768       4    1404     700       0       0       0      21       0       0       0       0      97       1       0       0       2       0       0       0      97       1
  114.000    21690.048       5    1789     700       0       0       0       6       0       0       0       0     101       1       0       0       2       0       0       0     101       1
  115.000    24285.440       5    2003     700       0       0       0      12       0       0       0       0     107       1       0       0       2       0       0       0     107       1
  116.000    27996.608       6    2309     700       0       0       0      10       0       0       0       0     116       1       0       0       2       0       0       0     116       1
  117.000    34315.296       8    2830     700       0       0       0      10       0       0       0       0     124       2       0       0       2       0       0       0     124       2
  118.000    40876.544       9    3371     779       0       0       0      18       0       0       0       0     137       2       0       0       2       0       0       0     137       2
  119.000    44478.560      10    3668     797       0       0       0       4       0       0       0       0     142       2       0       0       2       0       0       0     142       2
  120.000    45097.088      10    3719     799       0       0       0       6       0       0       0       0     142       2       0       0       2       0       0       0     142       2
  121.000    48929.536      11    4035     799       0       0       0      10       0       0       0       0     148       2       0       0       2       0       0       0     148       2
  122.000    40258.016       9    3320     799       0       0       0      12       0       0       0       0     161       2       0       0       2       0       0       0     161       2
  123.000    26141.024       6    2156     713       0       0       0      21       0       0       0       0     126       2       0       0       2       0       0       0     126       2
  124.000    34727.648       8    2864     760       0       0       0      14       0       0       0       0     128       2       0       0       2       0       0       0     128       2
  125.000    44684.736      10    3685     795       0       0       0       6       0       0       0       0     135       2       0       0       2       0       0       0     135       2
  126.000    47898.656      11    3950     799       0       0       0      14       0       0       0       0     142       2       0       0       2       0       0       0     142       2
  127.000    56861.248      13    4689     799       0       0       0      10       0       0       0       0     152       2       0       0       2       0       0       0     152       2
  128.000    62949.504      14    5191     799       0       0       0       6       0       0       0       0     161       2       0       0       2       0       0       0     161       2
  129.000    68443.488      15    5644     799       0       0       0       8       0       0       0       0     163       2       0       0       2       0       0       0     163       2
  130.000    77115.008      17    6359     800       0       0       0      14       0       0       0       0     172       2       0       0       2       0       0       0     172       2
  131.000    80171.264      18    6611     800       0       0       0       8       0       0       0       0     177       2       0       0       2       0       0       0     177       2
  132.000    56836.992      13    4687     800       0       0       0       6       0       0       0       0     181       2       0       0       2       0       0       0     181       2
  133.000    36292.160       8    2993     800       0       0       0      32       0       0       0       0     143       2       0       0       2       0       0       0     143       2
  134.000    46043.072      10    3797     800       0       0       0      12       0       0       0       0     146       2       0       0       2       0       0       0     146       2
  135.000    47073.952      10    3882     800       0       0       0       0       0       0       0       0     147       2       0       0       2       0       0       0     147       2
  136.000    49159.968      11    4054     800       0       0       0       6       0       0       0       0     149       2       0       0       2       0       0       0     149       2
  137.000    50906.400      11    4198     800       0       0       0       8       0       0       0       0     151       2       0       0       2       0       0       0     151       2
  138.000    54180.960      12    4468     800       0       0       0       6       0       0       0       0     155       2       0       0       2       0       0       0     155       2
  139.000    56424.640      13    4653     800       0       0       0       6       0       0       0       0     159       2       0       0       2       0       0       0     159       2
  140.000    58146.816      13    4795     800       0       0       0      10       0       0       0       0     165       2       0       0       2       0       0       0     165       2
  141.000    59808.352      13    4932     800       0       0       0       2       0       0       0       0     165       2       0       0       2       0       0       0     165       2
  142.000    45752.000      10    3773     800       0       0       0       4       0       0       0       0     165       2       0       0       2       0       0       0     165       2
  143.000    34194.016       8    2820     713       0       0       0      25       0       0       0       0     131       2       0       0       2       0       0       0     131       2
  144.000    35964.704       8    2966     784       0       0       0       6       0       0       0       0     130       2       0       0       2       0       0       0     130       2
  145.000    39081.600       9    3223     731       0       0       0       0       0       0       0       0     128       2       0       0       2       0       0       0     128       2
  146.000    41446.560       9    3418     781       0       0       0       6       0       0       0       0     129       2       0       0       2       0       0       0     129       2
  147.000    47922.912      11    3952     797       0       0       0      18       0       0       0       0     138       2       0       0       2       0       0       0     138       2
  148.000    53768.608      12    4434     799       0       0       0       4       0       0       0       0     146       2       0       0       2       0       0       0     146       2
  149.000    56327.616      13    4645     799       0       0       0       6       0       0       0       0     149       2       0       0       2       0       0       0     149       2
  150.000    58923.008      13    4859     799       0       0       0       6       0       0       0       0     150       2       0       0       2       0       0       0     150       2
  151.000    61336.480      14    5058     800       0       0       0       4       0       0       0       0     155       2       0       0       2       0       0       0     155       2
  152.000    46637.344      10    3846     800       0       0       0       4       0       0       0       0     155       2       0       0       2       0       0       0     155       2
  153.000    31210.528       7    2574     762       0       0       0      39       0       0       0       0     131       2       0       0       2       0       0       0     131       2
  154.000    37456.448       8    3089     795       0       0       0      12       0       0       0       0     139       2       0       0       2       0       0       0     139       2
  155.000    41507.200       9    3423     799       0       0       0       8       0       0       0       0     142       2       0       0       2       0       0       0     142       2
  156.000    46140.096      10    3805     799       0       0       0      10       0       0       0       0     151       2       0       0       2       0       0       0     151       2
  157.000    50542.560      11    4168     799       0       0       0      10       0       0       0       0     158       2       0       0       2       0       0       0     158       2
  158.000    54993.536      12    4535     799       0       0       0       4       0       0       0       0     163       2       0       0       2       0       0       0     163       2
  159.000    57128.064      13    4711     800       0       0       0       4       0       0       0       0     166       2       0       0       2       0       0       0     166       2
  160.000    56315.488      13    4644     800       0       0       0       0       0       0       0       0     165       2       0       0       2       0       0       0     165       2
  161.000    57952.768      13    4779     800       0       0       0      10       0       0       0       0     169       2       0       0       2       0       0       0     169       2
  162.000    45327.520      10    3738     800       0       0       0       2       0       0       0       0     171       2       0       0       2       0       0       0     171       2
  163.000    34303.168       8    2829     800       0       0       0      31       0       0       0       0     142       2       0       0       2       0       0       0     142       2
  164.000    40876.544       9    3371     800       0       0       0       6       0       0       0       0     146       2       0       0       2       0       0       0     146       2
  165.000    42137.856       9    3475     800       0       0       0       6       0       0       0       0     147       2       0       0       2       0       0       0     147       2
  166.000    45982.432      10    3792     800       0       0       0       8       0       0       0       0     153       2       0       0       2       0       0       0     153       2
  167.000    48553.568      11    4004     800       0       0       0       4       0       0       0       0     155       2       0       0       2       0       0       0     155       2
  168.000    51148.960      11    4218     800       0       0       0       4       0       0       0       0     155       2       0       0       2       0       0       0     155       2
  169.000    55466.528      12    4574     800       0       0       0      18       0       0       0       0     159       2       0       0       2       0       0       0     159       2
  170.000    69231.808      15    5709     800       0       0       0       6       0       0       0       0     170       2       0       0       2       0       0       0     170       2
  171.000    74349.824      17    6131     800       0       0       0      12       0       0       0       0     175       2       0       0       2       0       0       0     175       2
  172.000    55830.368      12    4604     800       0       0       0       8       0       0       0       0     178       2       0       0       2       0       0       0     178       2
  173.000    37723.264       8    3111     800       0       0       0      29       0       0       0       0     147       2       0       0       2       0       0       0     147       2
  174.000    42174.240       9    3478     800       0       0       0       8       0       0       0       0     148       2       0       0       2       0       0       0     148       2
  175.000    44369.408      10    3659     800       0       0       0       4       0       0       0       0     150       2       0       0       2       0       0       0     150       2
  176.000    46188.608      10    3809     800       0       0       0       6       0       0       0       0     151       2       0       0       2       0       0       0     151       2
  177.000    47037.568      10    3879     800       0       0       0       2       0       0       0       0     150       2       0       0       2       0       0       0     150       2
  178.000    47413.536      11    3910     800       0       0       0       2       0       0       0       0     150       2       0       0       2       0       0       0     150       2
  179.000    50894.272      11    4197     800       0       0       0      12       0       0       0       0     151       2       0       0       2       0       0       0     151       2
  180.000    60912.000      14    5023     800       0       0       0      10       0       0       0       0     161       2       0       0       2       0       0       0     161       2
  181.000    63895.488      14    5269     800       0       0       0      10       0       0       0       0     166       2       0       0       2       0       0       0     166       2
  182.000    50348.512      11    4152     800       0       0       0       6       0       0       0       0     170       2       0       0       2       0       0       0     170       2
  183.000    35710.016       8    2945     800       0       0       0      21       0       0       0       0     143       2       0       0       2       0       0       0     143       2
  184.000    36704.512       8    3027     800       0       0       0       4       0       0       0       0     140       2       0       0       2       0       0       0     140       2
  185.000    38062.848       8    3139     800       0       0       0       8       0       0       0       0     143       2       0       0       2       0       0       0     143       2
  186.000    42489.568       9    3504     800       0       0       0       4       0       0       0       0     145       2       0       0       2       0       0       0     145       2
  187.000    46261.376      10    3815     800       0       0       0       8       0       0       0       0     146       2       0       0       2       0       0       0     146       2
  188.000    46989.056      10    3875     800       0       0       0       4       0       0       0       0     149       2       0       0       2       0       0       0     149       2
  189.000    50542.560      11    4168     800       0       0       0      10       0       0       0       0     155       2       0       0       2       0       0       0     155       2
  190.000    53986.912      12    4452     800       0       0       0       6       0       0       0       0     159       2       0       0       2       0       0       0     159       2
  191.000    57115.936      13    4710     800       0       0       0      10       0       0       0       0     161       2       0       0       2       0       0       0     161       2
  192.000    45958.176      10    3790     800       0       0       0      10       0       0       0       0     167       2       0       0       2       0       0       0     167       2
  193.000    33211.648       7    2739     800       0       0       0      24       0       0       0       0     135       2       0       0       2       0       0       0     135       2
  194.000    32908.448       7    2714     800       0       0       0       8       0       0       0       0     133       2       0       0       2       0       0       0     133       2
  195.000    34630.624       8    2856     800       0       0       0       4       0       0       0       0     132       2       0       0       2       0       0       0     132       2
  196.000    35819.168       8    2954     800       0       0       0       4       0       0       0       0     131       2       0       0       2       0       0       0     131       2
  197.000    38608.608       9    3184     800       0       0       0      10       0       0       0       0     136       2       0       0       2       0       0       0     136       2
  198.000    46164.352      10    3807     800       0       0       0      10       0       0       0       0     142       2       0       0       2       0       0       0     142       2
  199.000    59711.328      13    4924     800       0       0       0      16       0       0       0       0     156       2       0       0       2       0       0       0     156       2
  200.000    64623.168      14    5329     800       0       0       0       4       0       0       0       0     160       2       0       0       2       0       0       0     160       2
  201.000    64950.624      14    5356     800       0       0       0       4       0       0       0       0     161       2       0       0       2       0       0       0     161       2
  202.000    45036.448      10    3714     800       0       0       0       0       0       0       0       0     162       2       0       0       2       0       0       0     162       2
  203.000    26019.744       6    2146     713       0       0       0      32       0       0       0       0     125       2       0       0       2       0       0       0     125       2
  204.000    31453.088       7    2594     701       0       0       0       8       0       0       0       0     125       2       0       0       2       0       0       0     125       2
  205.000    33296.544       7    2746     700       0       0       0       2       0       0       0       0     125       2       0       0       2       0       0       0     125       2
  206.000    33345.056       7    2750     700       0       0       0       2       0       0       0       0     125       2       0       0       2       0       0       0     125       2
  207.000    34133.376       8    2815     700       0       0       0       4       0       0       0       0     123       2       0       0       2       0       0       0     123       2
  208.000    35382.560       8    2918     700       0       0       0       4       0       0       0       0     125       2       0       0       2       0       0       0     125       2
  209.000    39069.472       9    3222     767       0       0       0      10       0       0       0       0     129       2       0       0       2       0       0       0     129       2
  210.000    46370.528      10    3824     796       0       0       0      12       0       0       0       0     135       2       0       0       2       0       0       0     135       2
  211.000    50530.432      11    4167     799       0       0       0       4       0       0       0       0     144       2       0       0       2       0       0       0     144       2
  212.000    37747.520       8    3113     799       0       0       0       8       0       0       0       0     145       2       0       0       2       0       0       0     145       2
  213.000    26905.088       6    2219     713       0       0       0      28       0       0       0       0     113       1       0       0       2       0       0       0     113       1
  214.000    29888.576       7    2465     701       0       0       0       6       0       0       0       0     112       1       0       0       2       0       0       0     112       1
  215.000    31101.376       7    2565     700       0       0       0       8       0       0       0       0     111       1       0       0       2       0       0       0     111       1
  216.000    35443.200       8    2923     700       0       0       0       4       0       0       0       0     117       1       0       0       2       0       0       0     117       1
  217.000    37638.368       8    3104     700       0       0       0       6       0       0       0       0     118       1       0       0       2       0       0       0     118       1
  218.000    46322.016      10    3820     700       0       0       0       8       0       0       0       0     124       2       0       0       2       0       0       0     124       2
  219.000    51997.920      12    4288     700       0       0       0       2       0       0       0       0     127       2       0       0       2       0       0       0     127       2
  220.000    52883.264      12    4361     738       0       0       0       4       0       0       0       0     128       2       0       0       2       0       0       0     128       2
  221.000    55454.400      12    4573     777       0       0       0       4       0       0       0       0     130       2       0       0       2       0       0       0     130       2
  222.000    36910.688       8    3044     797       0       0       0       4       0       0       0       0     132       2       0       0       2       0       0       0     132       2
  223.000    19131.040       4    1578     713       0       0       0      31       0       0       0       0      93       1       0       0       2       0       0       0      93       1
  224.000    22939.232       5    1892     701       0       0       0       8       0       0       0       0      93       1       0       0       2       0       0       0      93       1
  225.000    23436.480       5    1933     700       0       0       0       6       0       0       0       0      98       1       0       0       2       0       0       0      98       1
  226.000    23618.400       5    1948     700       0       0       0       4       0       0       0       0     101       1       0       0       2       0       0       0     101       1
  227.000    26844.448       6    2214     700       0       0       0       2       0       0       0       0     103       1       0       0       2       0       0       0     103       1
  228.000    30300.928       7    2499     700       0       0       0       6       0       0       0       0     106       1       0       0       2       0       0       0     106       1
  229.000    36170.880       8    2983     700       0       0       0       8       0       0       0       0     113       1       0       0       2       0       0       0     113       1
  230.000    42137.856       9    3475     700       0       0       0       6       0       0       0       0     118       1       0       0       2       0       0       0     118       1
  231.000    44684.736      10    3685     700       0       0       0       8       0       0       0       0     122       1       0       0       2       0       0       0     122       1
  232.000    33526.976       7    2765     736       0       0       0       6       0       0       0       0     128       2       0       0       2       0       0       0     128       2
  233.000    24552.256       5    2025     706       0       0       0      33       0       0       0       0     106       1       0       0       2       0       0       0     106       1
  234.000    28918.336       6    2385     700       0       0       0       4       0       0       0       0     109       1       0       0       2       0       0       0     109       1
  235.000    30034.112       7    2477     700       0       0       0       2       0       0       0       0     110       1       0       0       2       0       0       0     110       1
  236.000    30276.672       7    2497     700       0       0       0       2       0       0       0       0     109       1       0       0       2       0       0       0     109       1
  237.000    33053.984       7    2726     700       0       0       0      10       0       0       0       0     114       1       0       0       2       0       0       0     114       1
  238.000    36001.088       8    2969     700       0       0       0       4       0       0       0       0     120       1       0       0       2       0       0       0     120       1
  239.000    36607.488       8    3019     700       0       0       0       8       0       0       0       0     121       1       0       0       2       0       0       0     121       1
  240.000    37832.416       8    3120     700       0       0       0       8       0       0       0       0     124       2       0       0       2       0       0       0     124       2
  241.000    42065.088       9    3469     789       0       0       0       6       0       0       0       0     129       2       0       0       2       0       0       0     129       2
  242.000    31319.680       7    2583     798       0       0       0       4       0       0       0       0     134       2       0       0       2       0       0       0     134       2
  243.000    25292.064       6    2086     713       0       0       0      38       0       0       0       0     109       1       0       0       2       0       0       0     109       1
  244.000    30373.696       7    2505     701       0       0       0       8       0       0       0       0     112       1       0       0       2       0       0       0     112       1
  245.000    33478.464       7    2761     700       0       0       0       2       0       0       0       0     115       1       0       0       2       0       0       0     115       1
  246.000    33733.152       7    2782     700       0       0       0       2       0       0       0       0     113       1       0       0       2       0       0       0     113       1
  247.000    37056.224       8    3056     700       0       0       0       8       0       0       0       0     117       1       0       0       2       0       0       0     117       1
  248.000    41349.536       9    3410     700       0       0       0      10       0       0       0       0     121       1       0       0       2       0       0       0     121       1
  249.000    48420.160      11    3993     748       0       0       0      10       0       0       0       0     127       2       0       0       2       0       0       0     127       2
  250.000    52495.168      12    4329     794       0       0       0       4       0       0       0       0     130       2       0       0       2       0       0       0     130       2
  251.000    60366.240      13    4978     799       0       0       0      14       0       0       0       0     139       2       0       0       2       0       0       0     139       2
  252.000    48250.368      11    3979     799       0       0       0       8       0       0       0       0     146       2       0       0       2       0       0       0     146       2
  253.000    33708.896       7    2780     713       0       0       0      25       0       0       0       0     114       1       0       0       2       0       0       0     114       1
  254.000    35406.816       8    2920     701       0       0       0       6       0       0       0       0     110       1       0       0       2       0       0       0     110       1
  255.000    36680.256       8    3025     700       0       0       0       6       0       0       0       0     112       1       0       0       2       0       0       0     112       1
  256.000    38402.432       9    3167     700       0       0       0       4       0       0       0       0     113       1       0       0       2       0       0       0     113       1
  257.000    42853.408      10    3534     700       0       0       0      10       0       0       0       0     121       1       0       0       2       0       0       0     121       1
  258.000    44223.872      10    3647     700       0       0       0       2       0       0       0       0     123       2       0       0       2       0       0       0     123       2
  259.000    45618.592      10    3762     700       0       0       0       4       0       0       0       0     122       1       0       0       2       0       0       0     122       1
  260.000    47753.120      11    3938     720       0       0       0       8       0       0       0       0     127       2       0       0       2       0       0       0     127       2
  261.000    52094.944      12    4296     791       0       0       0      10       0       0       0       0     135       2       0       0       2       0       0       0     135       2
  262.000    41143.360       9    3393     799       0       0       0       8       0       0       0       0     142       2       0       0       2       0       0       0     142       2
  263.000    26468.480       6    2183     713       0       0       0      33       0       0       0       0     111       1       0       0       2       0       0       0     111       1
  264.000    30931.584       7    2551     701       0       0       0      16       0       0       0       0     111       1       0       0       2       0       0       0     111       1
  265.000    37165.376       8    3065     700       0       0       0       4       0       0       0       0     117       1       0       0       2       0       0       0     117       1
  266.000    37735.392       8    3112     700       0       0       0       2       0       0       0       0     118       1       0       0       2       0       0       0     118       1
  267.000    39130.112       9    3227     700       0       0       0       4       0       0       0       0     120       1       0       0       2       0       0       0     120       1
  268.000    43908.544      10    3621     767       0       0       0      14       0       0       0       0     130       2       0       0       2       0       0       0     130       2
  269.000    47231.616      10    3895     796       0       0       0       2       0       0       0       0     134       2       0       0       2       0       0       0     134       2
  270.000    51937.280      12    4283     799       0       0       0      12       0       0       0       0     141       2       0       0       2       0       0       0     141       2
  271.000    55381.632      12    4567     799       0       0       0       2       0       0       0       0     147       2       0       0       2       0       0       0     147       2
  272.000    40646.112       9    3352     799       0       0       0      16       0       0       0       0     153       2       0       0       2       0       0       0     153       2
  273.000    28845.568       6    2379     713       0       0       0      33       0       0       0       0     122       1       0       0       2       0       0       0     122       1
  274.000    29318.560       7    2418     701       0       0       0       2       0       0       0       0     119       1       0       0       2       0       0       0     119       1
  275.000    32575.808       7    2686     748       0       0       0      14       0       0       0       0     126       2       0       0       2       0       0       0     126       2
