  TimeSec      LoaKbps LoaUsag Packets DlyUsec LoaDrps MetDrps TabDrps FloMods MetMods GroMods  PktsIn PktsOut FloEntr FloUsag MetEntr MetUsag GroEntr GroUsag BufPkts BufUsag  T0Entr  T0Usag
    1.000        0.000       0       0      34       0       0       0       4       0       0       0       0       3       0       0       0       0       0       0       0       3       0
    2.000     2229.792       0     185      55       0       0       0       4       0       0       0       0       6       0       0       0       0       0       0       0       6       0
    3.000     7469.088       0     617      76       0       0       0       3       0       0       0       0      10       0       0       0       0       0       0       0      10       0
    4.000    10112.992       0     835      79       0       0       0       5       0       0       0       0      13       0       0       0       0       0       0       0      13       0
    5.000    14879.296       0    1228      95       0       0       0       1       0       0       0       0      16       0       0       0       0       0       0       0      16       0
    6.000    19791.136       0    1633      99       0       0       0       6       0       0       0       0      21       0       0       0       0       0       0       0      21       0
    7.000    27832.000       0    2296      99       0       0       0       4       0       0       0       0      25       0       0       0       0       0       0       0      25       0
    8.000    31470.400       0    2596      99       0       0       0       3       0       0       0       0      28       0       0       0       0       0       0       0      28       0
    9.000    34563.040       0    2851      99       0       0       0       2       0       0       0       0      31       0       0       0       0       0       0       0      31       0
   10.000    38310.592       0    3160     117       0       0       0       3       0       0       0       0      33       0       0       0       0       0       0       0      33       0
   11.000    40893.856       0    3373     119       0       0       0       4       0       0       0       0      37       0       0       0       0       0       0       0      37       0
   12.000    49359.200       0    4071     119       0       0       0      39       0       0       0       0      44       0       0       0       0       0       0       0      44       0
   13.000    52597.376       0    4338     119       0       0       0       1       0       0       0       0      47       0       0       0       0       0       0       0      47       0
   14.000    53458.464       0    4409     120       0       0       0       3       0       0       0       0      50       0       0       0       0       0       0       0      50       0
   15.000    51493.728       0    4247     120       0       0       0       2       0       0       0       0      52       0       0       0       0       0       0       0      52       0
   16.000    52658.016       0    4343     120       0       0       0       6       0       0       0       0      56       0       0       0       0       0       0       0      56       0
   17.000    56466.208       0    4657     120       0       0       0       3       0       0       0       0      59       0       0       0       0       0       0       0      59       0
   18.000    58709.888       0    4842     120       0       0       0       2       0       0       0       0      57       0       0       0       0       0       0       0      57       0
   19.000    61159.744       0    5044     120       0       0       0       3       0       0       0       0      57       0       0       0       0       0       0       0      57       0
   20.000    62760.640       0    5176     120       0       0       0       2       0       0       0       0      55       0       0       0       0       0       0       0      55       0
   21.000    69067.200       0    5696     120       0       0       0       6       0       0       0       0      55       0       0       0       0       0       0       0      55       0
   22.000    73493.920       0    6061     120       0       0       0      37       0       0       0       0      55       0       0       0       0       0       0       0      55       0
   23.000    74670.336       0    6158     120       0       0       0       3       0       0       0       0      55       0       0       0       0       0       0       0      55       0
   24.000    75398.016       0    6218     120       0       0       0       0       0       0       0       0      54       0       0       0       0       0       0       0      54       0
   25.000    72475.168       0    5977     120       0       0       0       2       0       0       0       0      53       0       0       0       0       0       0       0      53       0
   26.000    73154.336       0    6033     120       0       0       0       4       0       0       0       0      52       0       0       0       0       0       0       0      52       0
   27.000    78151.072       0    6445     120       0       0       0       7       0       0       0       0      49       0       0       0       0       0       0       0      49       0
   28.000    83645.056       0    6898     120       0       0       0       3       0       0       0       0      51       0       0       0       0       0       0       0      51       0
   29.000    86373.856       0    7123     120       0       0       0       3       0       0       0       0      53       0       0       0       0       0       0       0      53       0
   30.000    91225.056       0    7523     120       0       0       0       4       0       0       0       0      54       0       0       0       0       0       0       0      54       0
   31.000    92813.824       0    7654     120       0       0       0       3       0       0       0       0      53       0       0       0       0       0       0       0      53       0
   32.000    95797.312       0    7900     120       0       0       0      40       0       0       0       0      53       0       0       0       0       0       0       0      53       0
   33.000    98053.120       0    8086     120       0       0       0       3       0       0       0       0      55       0       0       0       0       0       0       0      55       0
   34.000   101618.752       0    8380     120       0       0       0       2       0       0       0       0      55       0       0       0       0       0       0       0      55       0
   35.000   100393.824       0    8279     120       0       0       0       1       0       0       0       0      54       0       0       0       0       0       0       0      54       0
   36.000   100066.368       0    8252     120       0       0       0       3       0       0       0       0      51       0       0       0       0       0       0       0      51       0
   37.000   101861.312       0    8400     120       0       0       0       3       0       0       0       0      51       0       0       0       0       0       0       0      51       0
   38.000   102576.864       0    8459     120       0       0       0       1       0       0       0       0      50       0       0       0       0       0       0       0      50       0
   39.000   106906.560       0    8816     120       0       0       0       2       0       0       0       0      49       0       0       0       0       0       0       0      49       0
   40.000   112436.928       0    9272     120       0       0       0       4       0       0       0       0      51       0       0       0       0       0       0       0      51       0
   41.000   118925.408       0    9807     120       0       0       0       6       0       0       0       0      54       0       0       0       0       0       0       0      54       0
   42.000   126214.336       0   10408     120       0       0       0      29       0       0       0       0      53       0       0       0       0       0       0       0      53       0
   43.000   130568.288       0   10767     120       0       0       0       4       0       0       0       0      51       0       0       0       0       0       0       0      51       0
   44.000   131999.392       0   10885     120       0       0       0       4       0       0       0       0      50       0       0       0       0       0       0       0      50       0
   45.000   131999.392       0   10885     120       0       0       0       0       0       0       0       0      48       0       0       0       0       0       0       0      48       0
   46.000   131126.176       0   10813     120       0       0       0       4       0       0       0       0      48       0       0       0       0       0       0       0      48       0
   47.000   132326.848       0   10912     120       0       0       0       3       0       0       0       0      47       0       0       0       0       0       0       0      47       0
   48.000   136705.056       0   11273     120       0       0       0       6       0       0       0       0      48       0       0       0       0       0       0       0      48       0
   49.000   138002.752       0   11380     120       0       0       0       1       0       0       0       0      48       0       0       0       0       0       0       0      48       0
   50.000   139215.552       0   11480     120       0       0       0       5       0       0       0       0      49       0       0       0       0       0       0       0      49       0
   51.000   141883.712       0   11700     120       0       0       0       2       0       0       0       0      51       0       0       0       0       0       0       0      51       0
   52.000   143460.352       0   11830     120       0       0       0      33       0       0       0       0      50       0       0       0       0       0       0       0      50       0
   53.000   145000.608       0   11957     120       0       0       0       5       0       0       0       0      53       0       0       0       0       0       0       0      53       0
   54.000   145582.752       0   12005     120       0       0       0       5       0       0       0       0      55       0       0       0       0       0       0       0      55       0
   55.000   147984.096       0   12203     120       0       0       0       5       0       0       0       0      58       0       0       0       0       0       0       0      58       0
   56.000   157456.064       0   12984     120       0       0       0       7       0       0       0       0      59       0       0       0       0       0       0       0      59       0
   57.000   159663.360       0   13166     120       0       0       0       0       0       0       0       0      58       0       0       0       0       0       0       0      58       0
   58.000   158911.424       0   13104     120       0       0       0       4       0       0       0       0      57       0       0       0       0       0       0       0      57       0
   59.000   159833.152       0   13180     120       0       0       0       3       0       0       0       0      56       0       0       0       0       0       0       0      56       0
   60.000   163216.864       0   13459     120       0       0       0       2       0       0       0       0      57       0       0       0       0       0       0       0      57       0
   61.000   161082.336       0   13283     120       0       0       0       0       0       0       0       0      56       0       0       0       0       0       0       0      56       0
   62.000   160221.248       0   13212     120       0       0       0      20       0       0       0       0      54       0       0       0       0       0       0       0      54       0
   63.000   165812.256       0   13673     120       0       0       0       3       0       0       0       0      52       0       0       0       0       0       0       0      52       0
   64.000   168334.880       0   13881     120       0       0       0       4       0       0       0       0      52       0       0       0       0       0       0       0      52       0
   65.000   165278.624       0   13629     120       0       0       0       5       0       0       0       0      54       0       0       0       0       0       0       0      54       0
   66.000   163556.448       0   13487     120       0       0       0       5       0       0       0       0      57       0       0       0       0       0       0       0      57       0
   67.000   166200.352       0   13705     120       0       0       0       4       0       0       0       0      57       0       0       0       0       0       0       0      57       0
   68.000   171184.960       0   14116     120       0       0       0       1       0       0       0       0      56       0       0       0       0       0       0       0      56       0
   69.000   168553.184       0   13899     120       0       0       0       4       0       0       0       0      54       0       0       0       0       0       0       0      54       0
   70.000   166345.888       0   13717     120       0       0       0       0       0       0       0       0      51       0       0       0       0       0       0       0      51       0
   71.000   166576.320       0   13736     120       0       0       0       3       0       0       0       0      47       0       0       0       0       0       0       0      47       0
   72.000   165084.576       0   13613     120       0       0       0      26       0       0       0       0      46       0       0       0       0       0       0       0      46       0
   73.000   165448.416       0   13643     120       0       0       0       2       0       0       0       0      45       0       0       0       0       0       0       0      45       0
   74.000   163374.528       0   13472     120       0       0       0       1       0       0       0       0      44       0       0       0       0       0       0       0      44       0
   75.000   160500.192       0   13235     120       0       0       0       2       0       0       0       0      42       0       0       0       0       0       0       0      42       0
   76.000   159202.496       0   13128     120       0       0       0       2       0       0       0       0      43       0       0       0       0       0       0       0      43       0
   77.000   158135.232       0   13040     120       0       0       0       2       0       0       0       0      44       0       0       0       0       0       0       0      44       0
   78.000   157249.888       0   12967     120       0       0       0       4       0       0       0       0      44       0       0       0       0       0       0       0      44       0
   79.000   158256.512       0   13050     120       0       0       0       3       0       0       0       0      44       0       0       0       0       0       0       0      44       0
   80.000   159178.240       0   13126     120       0       0       0       2       0       0       0       0      43       0       0       0       0       0       0       0      43       0
   81.000   157104.352       0   12955     120       0       0       0       3       0       0       0       0      39       0       0       0       0       0       0       0      39       0
   82.000   160597.216       0   13243     120       0       0       0      22       0       0       0       0      39       0       0       0       0       0       0       0      39       0
   83.000   164077.952       0   13530     120       0       0       0       2       0       0       0       0      40       0       0       0       0       0       0       0      40       0
   84.000   166285.248       0   13712     120       0       0       0       4       0       0       0       0      41       0       0       0       0       0       0       0      41       0
   85.000   168274.240       0   13876     120       0       0       0       2       0       0       0       0      41       0       0       0       0       0       0       0      41       0
   86.000   168516.800       0   13896     120       0       0       0       2       0       0       0       0      41       0       0       0       0       0       0       0      41       0
   87.000   168989.792       0   13935     120       0       0       0       4       0       0       0       0      42       0       0       0       0       0       0       0      42       0
   88.000   176788.096       0   14578     120       0       0       0       5       0       0       0       0      46       0       0       0       0       0       0       0      46       0
   89.000   179783.712       0   14825     120       0       0       0       3       0       0       0       0      48       0       0       0       0       0       0       0      48       0
   90.000   182633.792       0   15060     120       0       0       0       6       0       0       0       0      52       0       0       0       0       0       0       0      52       0
   91.000   186017.504       0   15339     120       0       0       0       4       0       0       0       0      54       0       0       0       0       0       0       0      54       0
   92.000   190892.960       0   15741     120       0       0       0      26       0       0       0       0      55       0       0       0       0       0       0       0      55       0
   93.000   194434.336       0   16033     120       0       0       0       0       0       0       0       0      53       0       0       0       0       0       0       0      53       0
   94.000   193670.272       0   15970     120       0       0       0       3       0       0       0       0      52       0       0       0       0       0       0       0      52       0
   95.000   199127.872       0   16420     120       0       0       0       3       0       0       0       0      53       0       0       0       0       0       0       0      53       0
   96.000   200037.472       0   16495     120       0       0       0       5       0       0       0       0      53       0       0       0       0       0       0       0      53       0
   97.000   191705.536       0   15808     120       0       0       0       1       0       0       0       0      54       0       0       0       0       0       0       0      54       0
   98.000   192214.912       0   15850     120       0       0       0       3       0       0       0       0      52       0       0       0       0       0       0       0      52       0
   99.000   192505.984       0   15874     120       0       0       0       2       0       0       0       0      52       0       0       0       0       0       0       0      52       0
  100.000   191087.008       0   15757     120       0       0       0       4       0       0       0       0      52       0       0       0       0       0       0       0      52       0
  101.000   193827.936       0   15983     120       0       0       0       4       0       0       0       0      53       0       0       0       0       0       0       0      53       0
  102.000   193573.248       0   15962     120       0       0       0      24       0       0       0       0      55       0       0       0       0       0       0       0      55       0
  103.000   193160.896       0   15928     120       0       0       0       4       0       0       0       0      54       0       0       0       0       0       0       0      54       0
  104.000   191887.456       0   15823     120       0       0       0       5       0       0       0       0      54       0       0       0       0       0       0       0      54       0
  105.000   194689.024       0   16054     120       0       0       0       2       0       0       0       0      52       0       0       0       0       0       0       0      52       0
  106.000   190262.304       0   15689     120       0       0       0       1       0       0       0       0      49       0       0       0       0       0       0       0      49       0
  107.000   188491.616       0   15543     120       0       0       0       2       0       0       0       0      48       0       0       0       0       0       0       0      48       0
  108.000   186454.112       0   15375     120       0       0       0       5       0       0       0       0      50       0       0       0       0       0       0       0      50       0
  109.000   185071.520       0   15261     120       0       0       0       2       0       0       0       0      50       0       0       0       0       0       0       0      50       0
  110.000   185750.688       0   15317     120       0       0       0       3       0       0       0       0      50       0       0       0       0       0       0       0      50       0
  111.000   184962.368       0   15252     120       0       0       0       2       0       0       0       0      50       0       0       0       0       0       0       0      50       0
  112.000   181469.504       0   14964     120       0       0       0      20       0       0       0       0      49       0       0       0       0       0       0       0      49       0
  113.000   179189.440       0   14776     120       0       0       0       2       0       0       0       0      48       0       0       0       0       0       0       0      48       0
  114.000   182876.352       0   15080     120       0       0       0       3       0       0       0       0      49       0       0       0       0       0       0       0      49       0
  115.000   184052.768       0   15177     120       0       0       0       6       0       0       0       0      50       0       0       0       0       0       0       0      50       0
  116.000   187169.664       0   15434     120       0       0       0       5       0       0       0       0      52       0       0       0       0       0       0       0      52       0
  117.000   189243.552       0   15605     120       0       0       0       5       0       0       0       0      54       0       0       0       0       0       0       0      54       0
  118.000   185932.608       0   15332     120       0       0       0       9       0       0       0       0      57       0       0       0       0       0       0       0      57       0
  119.000   187460.736       0   15458     120       0       0       0       2       0       0       0       0      57       0       0       0       0       0       0       0      57       0
  120.000   184440.864       0   15209     120       0       0       0       3       0       0       0       0      55       0       0       0       0       0       0       0      55       0
  121.000   187460.736       0   15458     120       0       0       0       5       0       0       0       0      58       0       0       0       0       0       0       0      58       0
  122.000   193633.888       0   15967     127       0       0       0      27       0       0       0       0      63       0       0       0       0       0       0       0      63       0
  123.000   193039.616       0   15918     121       0       0       0       0       0       0       0       0      62       0       0       0       0       0       0       0      62       0
  124.000   198072.736       0   16333     131       0       0       0       7       0       0       0       0      65       0       0       0       0       0       0       0      65       0
  125.000   207071.712       0   17075     139       0       0       0       3       0       0       0       0      67       0       0       0       0       0       0       0      67       0
  126.000   209921.792       0   17310     139       0       0       0       7       0       0       0       0      67       0       0       0       0       0       0       0      67       0
  127.000   214845.760       0   17716     139       0       0       0       5       0       0       0       0      71       0       0       0       0       0       0       0      71       0
  128.000   214627.456       0   17698     139       0       0       0       3       0       0       0       0      74       0       0       0       0       0       0       0      74       0
  129.000   214772.992       0   17710     140       0       0       0       4       0       0       0       0      73       0       0       0       0       0       0       0      73       0
  130.000   220861.248       0   18212     140       0       0       0       7       0       0       0       0      76       0       0       0       0       0       0       0      76       0
  131.000   221491.904       0   18264     140       0       0       0       4       0       0       0       0      75       0       0       0       0       0       0       0      75       0
  132.000   218399.264       0   18009     140       0       0       0      27       0       0       0       0      72       0       0       0       0       0       0       0      72       0
  133.000   217186.464       0   17909     140       0       0       0       4       0       0       0       0      69       0       0       0       0       0       0       0      69       0
  134.000   223311.104       0   18414     140       0       0       0       6       0       0       0       0      70       0       0       0       0       0       0       0      70       0
  135.000   222304.480       0   18331     140       0       0       0       0       0       0       0       0      70       0       0       0       0       0       0       0      70       0
  136.000   217841.376       0   17963     140       0       0       0       3       0       0       0       0      69       0       0       0       0       0       0       0      69       0
  137.000   216131.328       0   17822     130       0       0       0       4       0       0       0       0      65       0       0       0       0       0       0       0      65       0
  138.000   216956.032       0   17890     138       0       0       0       3       0       0       0       0      66       0       0       0       0       0       0       0      66       0
  139.000   210237.120       0   17336     128       0       0       0       3       0       0       0       0      64       0       0       0       0       0       0       0      64       0
  140.000   208672.608       0   17207     128       0       0       0       5       0       0       0       0      64       0       0       0       0       0       0       0      64       0
  141.000   209764.128       0   17297     121       0       0       0       1       0       0       0       0      62       0       0       0       0       0       0       0      62       0
  142.000   205664.864       0   16959     120       0       0       0      25       0       0       0       0      58       0       0       0       0       0       0       0      58       0
  143.000   209218.368       0   17252     120       0       0       0       1       0       0       0       0      55       0       0       0       0       0       0       0      55       0
  144.000   209776.256       0   17298     120       0       0       0       3       0       0       0       0      54       0       0       0       0       0       0       0      54       0
  145.000   207714.496       0   17128     120       0       0       0       0       0       0       0       0      48       0       0       0       0       0       0       0      48       0
  146.000   206489.568       0   17027     120       0       0       0       3       0       0       0       0      46       0       0       0       0       0       0       0      46       0
  147.000   210467.552       0   17355     120       0       0       0       9       0       0       0       0      49       0       0       0       0       0       0       0      49       0
  148.000   215197.472       0   17745     120       0       0       0       2       0       0       0       0      49       0       0       0       0       0       0       0      49       0
  149.000   216264.736       0   17833     120       0       0       0       3       0       0       0       0      47       0       0       0       0       0       0       0      47       0
  150.000   213050.816       0   17568     120       0       0       0       3       0       0       0       0      46       0       0       0       0       0       0       0      46       0
  151.000   211498.432       0   17440     120       0       0       0       2       0       0       0       0      47       0       0       0       0       0       0       0      47       0
  152.000   211013.312       0   17400     120       0       0       0      27       0       0       0       0      46       0       0       0       0       0       0       0      46       0
  153.000   209594.336       0   17283     120       0       0       0       7       0       0       0       0      47       0       0       0       0       0       0       0      47       0
  154.000   211680.352       0   17455     120       0       0       0       6       0       0       0       0      51       0       0       0       0       0       0       0      51       0
  155.000   210443.296       0   17353     120       0       0       0       4       0       0       0       0      51       0       0       0       0       0       0       0      51       0
  156.000   211316.512       0   17425     120       0       0       0       5       0       0       0       0      54       0       0       0       0       0       0       0      54       0
  157.000   213014.432       0   17565     120       0       0       0       5       0       0       0       0      58       0       0       0       0       0       0       0      58       0
  158.000   216531.552       0   17855     120       0       0       0       2       0       0       0       0      59       0       0       0       0       0       0       0      59       0
  159.000   217914.144       0   17969     120       0       0       0       2       0       0       0       0      59       0       0       0       0       0       0       0      59       0
  160.000   216786.240       0   17876     120       0       0       0       0       0       0       0       0      59       0       0       0       0       0       0       0      59       0
  161.000   215403.648       0   17762     120       0       0       0       5       0       0       0       0      59       0       0       0       0       0       0       0      59       0
  162.000   216070.688       0   17817     120       0       0       0      22       0       0       0       0      57       0       0       0       0       0       0       0      57       0
  163.000   215670.464       0   17784     120       0       0       0       5       0       0       0       0      54       0       0       0       0       0       0       0      54       0
  164.000   220218.464       0   18159     120       0       0       0       3       0       0       0       0      57       0       0       0       0       0       0       0      57       0
  165.000   219878.880       0   18131     120       0       0       0       3       0       0       0       0      57       0       0       0       0       0       0       0      57       0
  166.000   216531.552       0   17855     120       0       0       0       4       0       0       0       0      58       0       0       0       0       0       0       0      58       0
  167.000   217756.480       0   17956     120       0       0       0       2       0       0       0       0      59       0       0       0       0       0       0       0      59       0
  168.000   217040.928       0   17897     120       0       0       0       2       0       0       0       0      56       0       0       0       0       0       0       0      56       0
  169.000   219599.936       0   18108     120       0       0       0       9       0       0       0       0      53       0       0       0       0       0       0       0      53       0
  170.000   232601.152       0   19180     120       0       0       0       3       0       0       0       0      56       0       0       0       0       0       0       0      56       0
  171.000   234650.784       0   19349     120       0       0       0       6       0       0       0       0      56       0       0       0       0       0       0       0      56       0
  172.000   233389.472       0   19245     120       0       0       0      29       0       0       0       0      55       0       0       0       0       0       0       0      55       0
  173.000   230199.808       0   18982     120       0       0       0       2       0       0       0       0      55       0       0       0       0       0       0       0      55       0
  174.000   229884.480       0   18956     120       0       0       0       4       0       0       0       0      57       0       0       0       0       0       0       0      57       0
  175.000   230005.760       0   18966     120       0       0       0       2       0       0       0       0      58       0       0       0       0       0       0       0      58       0
  176.000   230308.960       0   18991     120       0       0       0       3       0       0       0       0      58       0       0       0       0       0       0       0      58       0
  177.000   224633.056       0   18523     120       0       0       0       1       0       0       0       0      57       0       0       0       0       0       0       0      57       0
  178.000   214542.560       0   17691     120       0       0       0       1       0       0       0       0      55       0       0       0       0       0       0       0      55       0
  179.000   213099.328       0   17572     120       0       0       0       6       0       0       0       0      53       0       0       0       0       0       0       0      53       0
  180.000   219830.368       0   18127     120       0       0       0       5       0       0       0       0      57       0       0       0       0       0       0       0      57       0
  181.000   220994.656       0   18223     120       0       0       0       5       0       0       0       0      58       0       0       0       0       0       0       0      58       0
  182.000   214506.176       0   17688     120       0       0       0      22       0       0       0       0      59       0       0       0       0       0       0       0      59       0
  183.000   210370.528       0   17347     120       0       0       0       1       0       0       0       0      59       0       0       0       0       0       0       0      59       0
  184.000   195671.392       0   16135     120       0       0       0       2       0       0       0       0      57       0       0       0       0       0       0       0      57       0
  185.000   190468.480       0   15706     120       0       0       0       4       0       0       0       0      53       0       0       0       0       0       0       0      53       0
  186.000   190614.016       0   15718     120       0       0       0       2       0       0       0       0      50       0       0       0       0       0       0       0      50       0
  187.000   191766.176       0   15813     120       0       0       0       4       0       0       0       0      50       0       0       0       0       0       0       0      50       0
  188.000   184489.376       0   15213     120       0       0       0       2       0       0       0       0      49       0       0       0       0       0       0       0      49       0
  189.000   184452.992       0   15210     120       0       0       0       5       0       0       0       0      50       0       0       0       0       0       0       0      50       0
  190.000   186320.704       0   15364     120       0       0       0       3       0       0       0       0      51       0       0       0       0       0       0       0      51       0
  191.000   185762.816       0   15318     120       0       0       0       5       0       0       0       0      52       0       0       0       0       0       0       0      52       0
  192.000   183567.648       0   15137     120       0       0       0      29       0       0       0       0      56       0       0       0       0       0       0       0      56       0
  193.000   177588.544       0   14644     120       0       0       0       0       0       0       0       0      57       0       0       0       0       0       0       0      57       0
  194.000   175454.016       0   14468     120       0       0       0       4       0       0       0       0      55       0       0       0       0       0       0       0      55       0
  195.000   176800.224       0   14579     120       0       0       0       2       0       0       0       0      52       0       0       0       0       0       0       0      52       0
  196.000   175441.888       0   14467     120       0       0       0       2       0       0       0       0      49       0       0       0       0       0       0       0      49       0
  197.000   175927.008       0   14507     120       0       0       0       5       0       0       0       0      50       0       0       0       0       0       0       0      50       0
  198.000   181263.328       0   14947     120       0       0       0       5       0       0       0       0      52       0       0       0       0       0       0       0      52       0
  199.000   193270.048       0   15937     120       0       0       0       8       0       0       0       0      57       0       0       0       0       0       0       0      57       0
  200.000   197078.240       0   16251     120       0       0       0       2       0       0       0       0      58       0       0       0       0       0       0       0      58       0
  201.000   192130.016       0   15843     120       0       0       0       2       0       0       0       0      57       0       0       0       0       0       0       0      57       0
  202.000   190189.536       0   15683     120       0       0       0      26       0       0       0       0      56       0       0       0       0       0       0       0      56       0
  203.000   185556.640       0   15301     120       0       0       0       3       0       0       0       0      54       0       0       0       0       0       0       0      54       0
  204.000   188358.208       0   15532     120       0       0       0       4       0       0       0       0      53       0       0       0       0       0       0       0      53       0
  205.000   187278.816       0   15443     120       0       0       0       1       0       0       0       0      52       0       0       0       0       0       0       0      52       0
  206.000   183810.208       0   15157     120       0       0       0       1       0       0       0       0      50       0       0       0       0       0       0       0      50       0
  207.000   179407.744       0   14794     120       0       0       0       2       0       0       0       0      46       0       0       0       0       0       0       0      46       0
  208.000   175454.016       0   14468     120       0       0       0       2       0       0       0       0      46       0       0       0       0       0       0       0      46       0
  209.000   175563.168       0   14477     120       0       0       0       5       0       0       0       0      48       0       0       0       0       0       0       0      48       0
  210.000   179456.256       0   14798     120       0       0       0       6       0       0       0       0      50       0       0       0       0       0       0       0      50       0
  211.000   182561.024       0   15054     120       0       0       0       2       0       0       0       0      53       0       0       0       0       0       0       0      53       0
  212.000   182524.640       0   15051     120       0       0       0      28       0       0       0       0      51       0       0       0       0       0       0       0      51       0
  213.000   185580.896       0   15303     120       0       0       0       2       0       0       0       0      49       0       0       0       0       0       0       0      49       0
  214.000   188576.512       0   15550     120       0       0       0       3       0       0       0       0      45       0       0       0       0       0       0       0      45       0
  215.000   188819.072       0   15570     120       0       0       0       4       0       0       0       0      43       0       0       0       0       0       0       0      43       0
  216.000   191099.136       0   15758     120       0       0       0       2       0       0       0       0      46       0       0       0       0       0       0       0      46       0
  217.000   191329.568       0   15777     120       0       0       0       3       0       0       0       0      46       0       0       0       0       0       0       0      46       0
  218.000   197284.416       0   16268     120       0       0       0       4       0       0       0       0      48       0       0       0       0       0       0       0      48       0
  219.000   200971.328       0   16572     120       0       0       0       1       0       0       0       0      47       0       0       0       0       0       0       0      47       0
  220.000   196775.040       0   16226     120       0       0       0       2       0       0       0       0      47       0       0       0       0       0       0       0      47       0
  221.000   197211.648       0   16262     120       0       0       0       2       0       0       0       0      47       0       0       0       0       0       0       0      47       0
  222.000   197902.944       0   16319     120       0       0       0      29       0       0       0       0      47       0       0       0       0       0       0       0      47       0
  223.000   194337.312       0   16025     120       0       0       0       2       0       0       0       0      47       0       0       0       0       0       0       0      47       0
  224.000   192930.464       0   15909     120       0       0       0       4       0       0       0       0      47       0       0       0       0       0       0       0      47       0
  225.000   191826.816       0   15818     120       0       0       0       3       0       0       0       0      46       0       0       0       0       0       0       0      46       0
  226.000   192324.064       0   15859     120       0       0       0       2       0       0       0       0      44       0       0       0       0       0       0       0      44       0
  227.000   192445.344       0   15869     120       0       0       0       1       0       0       0       0      43       0       0       0       0       0       0       0      43       0
  228.000   195392.448       0   16112     120       0       0       0       3       0       0       0       0      42       0       0       0       0       0       0       0      42       0
  229.000   199588.736       0   16458     120       0       0       0       4       0       0       0       0      43       0       0       0       0       0       0       0      43       0
  230.000   203688.000       0   16796     120       0       0       0       3       0       0       0       0      43       0       0       0       0       0       0       0      43       0
  231.000   203663.744       0   16794     120       0       0       0       4       0       0       0       0      43       0       0       0       0       0       0       0      43       0
  232.000   199491.712       0   16450     120       0       0       0      24       0       0       0       0      44       0       0       0       0       0       0       0      44       0
  233.000   199042.976       0   16413     120       0       0       0       6       0       0       0       0      46       0       0       0       0       0       0       0      46       0
  234.000   195453.088       0   16117     120       0       0       0       2       0       0       0       0      47       0       0       0       0       0       0       0      47       0
  235.000   193464.096       0   15953     120       0       0       0       1       0       0       0       0      47       0       0       0       0       0       0       0      47       0
  236.000   193185.152       0   15930     120       0       0       0       1       0       0       0       0      46       0       0       0       0       0       0       0      46       0
  237.000   194652.640       0   16051     120       0       0       0       5       0       0       0       0      48       0       0       0       0       0       0       0      48       0
  238.000   194082.624       0   16004     120       0       0       0       2       0       0       0       0      50       0       0       0       0       0       0       0      50       0
  239.000   194009.856       0   15998     120       0       0       0       4       0       0       0       0      47       0       0       0       0       0       0       0      47       0
  240.000   191462.976       0   15788     120       0       0       0       4       0       0       0       0      47       0       0       0       0       0       0       0      47       0
  241.000   189740.800       0   15646     120       0       0       0       3       0       0       0       0      49       0       0       0       0       0       0       0      49       0
  242.000   187193.920       0   15436     120       0       0       0      26       0       0       0       0      50       0       0       0       0       0       0       0      50       0
  243.000   189752.928       0   15647     120       0       0       0       7       0       0       0       0      54       0       0       0       0       0       0       0      54       0
  244.000   190880.832       0   15740     120       0       0       0       4       0       0       0       0      55       0       0       0       0       0       0       0      55       0
  245.000   191669.152       0   15805     120       0       0       0       1       0       0       0       0      54       0       0       0       0       0       0       0      54       0
  246.000   191511.488       0   15792     120       0       0       0       1       0       0       0       0      52       0       0       0       0       0       0       0      52       0
  247.000   190650.400       0   15721     120       0       0       0       4       0       0       0       0      51       0       0       0       0       0       0       0      51       0
  248.000   193464.096       0   15953     120       0       0       0       5       0       0       0       0      50       0       0       0       0       0       0       0      50       0
  249.000   200207.264       0   16509     120       0       0       0       5       0       0       0       0      51       0       0       0       0       0       0       0      51       0
  250.000   201735.392       0   16635     120       0       0       0       2       0       0       0       0      53       0       0       0       0       0       0       0      53       0
  251.000   204791.648       0   16887     120       0       0       0       7       0       0       0       0      57       0       0       0       0       0       0       0      57       0
  252.000   209582.208       0   17282     120       0       0       0      27       0       0       0       0      58       0       0       0       0       0       0       0      58       0
  253.000   207811.520       0   17136     120       0       0       0       1       0       0       0       0      58       0       0       0       0       0       0       0      58       0
  254.000   204900.800       0   16896     120       0       0       0       3       0       0       0       0      58       0       0       0       0       0       0       0      58       0
  255.000   202742.016       0   16718     120       0       0       0       3       0       0       0       0      58       0       0       0       0       0       0       0      58       0
  256.000   197175.264       0   16259     120       0       0       0       2       0       0       0       0      55       0       0       0       0       0       0       0      55       0
  257.000   189971.232       0   15665     120       0       0       0       5       0       0       0       0      57       0       0       0       0       0       0       0      57       0
  258.000   186951.360       0   15416     120       0       0       0       1       0       0       0       0      54       0       0       0       0       0       0       0      54       0
  259.000   186733.056       0   15398     120       0       0       0       2       0       0       0       0      51       0       0       0       0       0       0       0      51       0
  260.000   183725.312       0   15150     120       0       0       0       4       0       0       0       0      52       0       0       0       0       0       0       0      52       0
  261.000   184380.224       0   15204     120       0       0       0       5       0       0       0       0      55       0       0       0       0       0       0       0      55       0
  262.000   189231.424       0   15604     120       0       0       0      29       0       0       0       0      57       0       0       0       0       0       0       0      57       0
  263.000   191317.440       0   15776     120       0       0       0       4       0       0       0       0      57       0       0       0       0       0       0       0      57       0
  264.000   192275.552       0   15855     120       0       0       0       8       0       0       0       0      57       0       0       0       0       0       0       0      57       0
  265.000   197308.672       0   16270     120       0       0       0       2       0       0       0       0      59       0       0       0       0       0       0       0      59       0
  266.000   192336.192       0   15860     120       0       0       0       1       0       0       0       0      55       0       0       0       0       0       0       0      55       0
  267.000   185884.096       0   15328     120       0       0       0       2       0       0       0       0      52       0       0       0       0       0       0       0      52       0
  268.000   190177.408       0   15682     120       0       0       0       7       0       0       0       0      55       0       0       0       0       0       0       0      55       0
  269.000   189886.336       0   15658     120       0       0       0       1       0       0       0       0      55       0       0       0       0       0       0       0      55       0
  270.000   192493.856       0   15873     120       0       0       0       6       0       0       0       0      57       0       0       0       0       0       0       0      57       0
  271.000   186502.624       0   15379     120       0       0       0       1       0       0       0       0      58       0       0       0       0       0       0       0      58       0
  272.000   186005.376       0   15338     120       0       0       0      33       0       0       0       0      58       0       0       0       0       0       0       0      58       0
  273.000   190638.272       0   15720     120       0       0       0       4       0       0       0       0      61       0       0       0       0       0       0       0      61       0
  274.000   185253.440       0   15276     120       0       0       0       1       0       0       0       0      62       0       0       0       0       0       0       0      62       0
  275.000   187959.744       0   15498     131       0       0       0       7       0       0       0       0      64       0       0       0       0       0       0       0      64       0
